# timestamp	V	A	W	V	A
1594300472.16465	1189.055	0.192	79.634	323.216	0.214
1594300472.19329	228.767	0.037	2.963	322.813	0.211
1594300472.20463	228.774	0.037	2.951	322.813	0.204
1594300472.22581	228.772	0.037	2.914	322.813	0.205
1594300472.25832	228.799	0.037	2.994	322.974	0.215
1594300472.26587	228.813	0.037	2.977	322.894	0.213
1594300472.27712	228.811	0.037	2.938	322.894	0.205
1594300472.30337	228.837	0.037	2.953	322.894	0.204
1594300472.31963	228.762	0.037	2.988	322.894	0.207
1594300472.34578	228.836	0.037	2.954	322.894	0.211
1594300472.36830	228.839	0.037	2.936	322.974	0.210
1594300472.39581	228.823	0.037	2.960	322.894	0.203
1594300472.40855	228.827	0.037	2.947	322.894	0.205
1594300472.41588	228.829	0.037	2.939	322.894	0.209
1594300472.45956	228.887	0.037	2.959	322.974	0.205
1594300472.46463	228.852	0.037	2.954	322.894	0.205
1594300472.47711	228.880	0.037	2.949	323.055	0.210
1594300472.51705	228.870	0.037	2.944	322.894	0.206
1594300472.53105	228.842	0.037	2.945	322.813	0.204
1594300472.54956	228.887	0.037	2.964	323.055	0.210
1594300472.58341	228.864	0.037	2.938	322.974	0.203
1594300472.60706	228.856	0.037	2.955	323.055	0.213
1594300472.62086	228.872	0.037	2.958	322.974	0.205
1594300472.64213	228.903	0.037	2.928	322.894	0.204
1594300472.66703	228.940	0.037	2.937	322.974	0.203
1594300472.68461	228.973	0.037	2.946	323.055	0.207
1594300472.71582	228.932	0.037	2.949	323.135	0.206
1594300472.71713	228.926	0.036	2.952	322.974	0.204
1594300472.73713	228.908	0.037	2.951	323.055	0.201
1594300472.77205	228.915	0.037	2.956	323.055	0.209
1594300472.77838	228.912	0.037	2.929	322.974	0.206
1594300472.79836	228.946	0.037	2.946	322.974	0.209
1594300472.83328	228.940	0.037	2.946	323.055	0.206
1594300472.84086	228.946	0.037	2.930	322.894	0.207
1594300472.87333	228.994	0.038	2.998	323.055	0.211
1594300472.89087	228.988	0.037	2.960	322.974	0.210
1594300472.90086	228.982	0.037	2.948	323.216	0.209
1594300472.93330	228.930	0.037	2.950	323.135	0.212
1594300472.94962	228.950	0.037	2.915	323.216	0.204
1594300472.95836	228.989	0.037	2.895	323.135	0.207
1594300472.97712	228.985	0.037	2.944	323.135	0.213
1594300473.00463	228.966	0.036	2.794	323.135	0.203
1594300473.02584	228.949	0.037	2.862	323.055	0.204
1594300473.03712	228.968	0.037	2.866	323.135	0.207
1594300473.06585	228.952	0.037	2.854	323.135	0.205
1594300473.08705	228.950	0.037	2.948	323.055	0.210
1594300473.09711	228.969	0.036	2.910	322.974	0.198
1594300473.12587	228.935	0.038	2.966	322.974	0.209
1594300473.13587	228.935	0.037	2.954	322.974	0.204
1594300473.15711	228.941	0.037	2.909	323.055	0.206
1594300473.19082	228.945	0.037	2.930	323.135	0.200
1594300473.19837	228.946	0.037	2.942	323.055	0.202
1594300473.21837	228.900	0.036	2.877	322.974	0.200
1594300473.25205	228.919	0.036	2.892	322.974	0.202
1594300473.25962	228.931	0.037	2.961	322.974	0.202
1594300473.27711	228.959	0.036	2.904	322.974	0.201
1594300473.30337	228.959	0.038	2.945	322.974	0.209
1594300473.31712	228.940	0.037	2.900	322.974	0.211
1594300473.35084	228.936	0.037	2.932	322.894	0.210
1594300473.36712	228.966	0.037	2.911	322.974	0.203
1594300473.37837	228.937	0.037	2.904	323.055	0.210
1594300473.41330	228.952	0.037	2.936	323.135	0.213
1594300473.42587	228.922	0.037	2.949	323.055	0.210
1594300473.43837	228.902	0.037	2.949	322.974	0.206
1594300473.45712	228.936	0.037	2.941	323.055	0.206
1594300473.48337	228.959	0.037	2.955	322.974	0.209
1594300473.50584	228.906	0.037	2.937	323.055	0.206
1594300473.51588	228.893	0.037	2.937	323.135	0.205
1594300473.54337	228.931	0.037	2.906	323.055	0.205
1594300473.55712	228.893	0.037	2.990	323.055	0.207
1594300473.57588	228.942	0.037	2.949	323.055	0.204
1594300473.60338	228.935	0.037	2.950	323.055	0.204
1594300473.61587	228.922	0.037	2.953	323.055	0.204
1594300473.63713	228.900	0.037	2.984	323.055	0.209
1594300473.67209	228.894	0.036	2.895	322.894	0.201
1594300473.67963	228.913	0.037	2.930	322.894	0.204
1594300473.69713	228.914	0.037	2.938	322.894	0.205
1594300473.72212	228.897	0.037	2.962	322.894	0.204
1594300473.73587	228.897	0.037	2.952	322.813	0.206
1594300473.75712	228.908	0.037	2.945	322.894	0.211
1594300473.78464	228.911	0.037	2.947	322.813	0.205
1594300473.79711	228.923	0.037	2.988	322.974	0.209
1594300473.82831	228.875	0.037	2.921	322.813	0.206
1594300473.85479	228.880	0.037	2.964	322.894	0.205
1594300473.86210	228.905	0.037	2.978	323.055	0.209
1594300473.87584	228.902	0.037	2.964	323.055	0.207
1594300473.90459	228.898	0.037	2.921	322.894	0.210
1594300473.91709	228.884	0.037	2.941	323.055	0.204
1594300473.93584	228.881	0.037	2.927	322.974	0.214
1594300473.96335	228.885	0.037	2.908	322.974	0.207
1594300473.98579	228.861	0.037	2.849	322.894	0.207
1594300473.99585	228.880	0.037	2.851	322.894	0.205
1594300474.02335	228.847	0.037	2.931	322.894	0.207
1594300474.04703	228.839	0.037	2.915	322.733	0.204
1594300474.05710	228.890	0.037	2.941	322.813	0.205
1594300474.08335	228.903	0.037	2.976	322.813	0.203
1594300474.09585	228.939	0.037	2.940	322.974	0.209
1594300474.11709	228.901	0.037	2.927	322.813	0.207
1594300474.14829	228.856	0.036	2.885	322.974	0.204
1594300474.16701	228.895	0.037	2.944	322.813	0.207
1594300474.17710	228.908	0.037	2.903	322.813	0.206
1594300474.20208	228.901	0.037	2.861	322.894	0.202
1594300474.21583	228.885	0.037	2.888	322.813	0.202
1594300474.23710	228.916	0.037	2.877	322.894	0.203
1594300474.26336	228.923	0.037	2.839	322.813	0.203
1594300474.27713	228.941	0.037	2.908	322.813	0.206
1594300474.30958	228.929	0.037	2.897	322.894	0.210
1594300474.32587	228.913	0.038	2.902	322.894	0.207
1594300474.33713	228.963	0.037	2.916	322.974	0.209
1594300474.35586	228.995	0.037	2.939	323.135	0.206
1594300474.38336	228.984	0.038	2.992	323.055	0.212
1594300474.39713	228.986	0.037	2.952	323.055	0.212
1594300474.41586	228.971	0.037	2.947	323.055	0.209
1594300474.44211	228.959	0.037	2.961	322.974	0.209
1594300474.45586	228.995	0.037	2.963	323.055	0.210
1594300474.47586	229.007	0.037	2.927	323.055	0.203
1594300474.50337	228.959	0.037	2.911	322.974	0.206
1594300474.51586	228.958	0.037	2.947	322.974	0.209
1594300474.53586	228.984	0.037	2.932	322.974	0.203
1594300474.56336	228.990	0.037	2.976	322.974	0.201
1594300474.57587	229.033	0.037	2.962	322.974	0.205
1594300474.59711	229.013	0.037	2.955	322.974	0.209
1594300474.62337	228.974	0.037	2.944	322.974	0.205
1594300474.64706	228.977	0.038	3.008	323.135	0.215
1594300474.65712	228.962	0.037	2.969	322.974	0.204
1594300474.69331	228.993	0.037	2.958	322.974	0.210
1594300474.69962	228.991	0.037	2.865	323.055	0.212
1594300474.71711	228.956	0.037	2.875	322.974	0.206
1594300474.76204	228.977	0.038	2.936	323.216	0.206
1594300474.76962	228.973	0.037	2.865	323.055	0.211
1594300474.79457	228.965	0.037	2.879	323.055	0.206
1594300474.81710	228.956	0.037	2.854	323.055	0.203
1594300474.82587	228.925	0.037	2.899	323.055	0.207
1594300474.85209	228.952	0.037	2.897	323.135	0.213
1594300474.86837	228.957	0.037	2.960	323.216	0.210
1594300474.87962	228.960	0.037	2.872	323.055	0.202
1594300474.90709	228.980	0.037	2.887	323.055	0.207
1594300474.91962	229.004	0.037	2.958	323.135	0.207
1594300474.94732	229.004	0.037	2.981	323.296	0.203
1594300474.95836	229.025	0.037	2.945	323.135	0.205
1594300474.98462	229.005	0.037	2.940	323.055	0.200
1594300475.01104	229.018	0.037	2.964	323.216	0.204
1594300475.01837	229.045	0.037	2.967	323.135	0.212
1594300475.03837	229.008	0.037	2.914	323.216	0.203
1594300475.07330	229.065	0.037	2.883	323.135	0.202
1594300475.07963	229.088	0.037	2.894	323.216	0.200
1594300475.11205	229.060	0.037	2.877	323.296	0.207
1594300475.13733	229.018	0.037	2.847	323.216	0.203
1594300475.14462	228.950	0.037	2.899	323.135	0.203
1594300475.16705	228.946	0.037	2.874	323.135	0.203
1594300475.18337	228.937	0.037	2.949	323.055	0.205
1594300475.19963	228.880	0.037	2.889	323.055	0.206
1594300475.22709	228.853	0.037	2.902	323.055	0.205
1594300475.24462	228.865	0.037	2.946	322.974	0.212
1594300475.26830	228.845	0.037	2.929	322.974	0.205
1594300475.27838	228.829	0.037	2.957	322.974	0.206
1594300475.30589	228.842	0.037	2.960	323.055	0.207
1594300475.33080	228.818	0.037	2.929	322.974	0.211
1594300475.33837	228.789	0.037	2.915	322.894	0.203
1594300475.36713	228.885	0.037	2.970	322.974	0.210
1594300475.38339	228.875	0.037	2.951	322.974	0.204
1594300475.39962	228.908	0.037	2.937	322.894	0.209
1594300475.43328	228.877	0.037	2.937	322.894	0.202
1594300475.45727	228.853	0.037	2.945	322.813	0.204
1594300475.46210	228.931	0.040	3.265	322.894	0.231
1594300475.48953	228.906	0.044	3.666	322.894	0.237
1594300475.50460	228.903	0.044	3.688	322.894	0.236
1594300475.51835	228.890	0.043	3.603	322.894	0.236
1594300475.55203	228.888	0.045	3.738	322.974	0.238
1594300475.57727	228.943	0.054	4.748	323.055	0.269
1594300475.58952	228.986	0.053	4.578	322.974	0.262
1594300475.59961	228.947	0.055	4.814	322.974	0.269
1594300475.62711	228.910	0.058	5.206	322.974	0.275
1594300475.64705	228.900	0.059	5.227	323.055	0.285
1594300475.65710	228.926	0.060	5.439	322.974	0.284
1594300475.68460	228.950	0.061	5.542	322.974	0.282
1594300475.70828	228.934	0.056	4.985	322.974	0.283
1594300475.71960	228.962	0.050	4.310	323.135	0.248
1594300475.75855	228.906	0.049	4.212	322.974	0.253
1594300475.76981	228.938	0.047	3.991	323.055	0.239
1594300475.78089	228.924	0.046	3.853	322.974	0.243
1594300475.81733	228.954	0.046	3.887	322.974	0.241
1594300475.82464	228.924	0.051	4.391	323.055	0.263
1594300475.83714	228.908	0.049	4.211	322.813	0.255
1594300475.87331	228.941	0.060	5.377	322.894	0.283
1594300475.87964	228.959	0.057	5.036	322.974	0.281
1594300475.91207	228.963	0.053	4.647	323.135	0.265
1594300475.93711	228.921	0.047	3.993	323.055	0.250
1594300475.94589	228.888	0.040	3.197	323.135	0.222
1594300475.96954	228.843	0.046	3.838	322.894	0.239
1594300475.98589	228.806	0.045	3.645	322.813	0.241
1594300476.00089	228.853	0.049	4.147	322.813	0.261
1594300476.02707	228.862	0.058	5.144	322.974	0.278
1594300476.05456	228.832	0.048	4.026	322.813	0.258
1594300476.07329	228.870	0.045	3.699	322.733	0.238
1594300476.08732	228.862	0.045	3.812	322.894	0.239
1594300476.10465	228.799	0.037	2.985	322.894	0.211
1594300476.12957	228.780	0.044	3.704	322.813	0.240
1594300476.13715	228.740	0.054	4.678	322.813	0.274
1594300476.16464	228.757	0.056	4.996	322.974	0.272
1594300476.18954	228.752	0.049	4.125	322.894	0.263
1594300476.20709	228.765	0.048	4.093	322.813	0.246
1594300476.23709	228.741	0.040	3.237	322.733	0.225
1594300476.24966	228.740	0.045	3.770	322.652	0.237
1594300476.25712	228.742	0.049	4.165	322.652	0.255
1594300476.28957	228.756	0.042	3.447	322.652	0.239
1594300476.30589	228.813	0.037	2.979	322.733	0.207
1594300476.31840	228.805	0.041	3.367	322.652	0.224
1594300476.35330	228.788	0.040	3.235	322.652	0.223
1594300476.36963	228.811	0.044	3.628	322.652	0.233
1594300476.39208	228.802	0.042	3.381	322.733	0.234
1594300476.39963	228.815	0.041	3.351	322.652	0.222
1594300476.42584	228.813	0.041	3.371	322.813	0.225
1594300476.44706	228.814	0.041	3.293	322.813	0.221
1594300476.45713	228.838	0.040	3.192	322.894	0.224
1594300476.48462	228.815	0.039	3.095	322.733	0.212
1594300476.50705	228.769	0.038	3.007	322.894	0.213
1594300476.51713	228.764	0.039	3.099	322.894	0.212
1594300476.55209	228.766	0.039	3.063	322.813	0.216
1594300476.55837	228.786	0.039	3.085	322.733	0.216
1594300476.57837	228.773	0.039	3.063	322.733	0.213
1594300476.61206	228.783	0.039	3.074	322.733	0.213
1594300476.61963	228.765	0.038	3.066	322.733	0.214
1594300476.63963	228.759	0.039	3.085	322.813	0.218
1594300476.67331	228.804	0.039	3.094	322.733	0.215
1594300476.68088	228.843	0.041	3.313	322.813	0.231
1594300476.71209	228.871	0.041	3.452	322.813	0.233
1594300476.72965	228.846	0.042	3.410	322.813	0.233
1594300476.73963	228.830	0.043	3.538	322.813	0.233
1594300476.76706	228.865	0.044	3.644	322.894	0.233
1594300476.78213	228.890	0.041	3.335	322.894	0.225
1594300476.80088	228.884	0.014	0.990	323.055	0.099
1594300476.82706	228.859	0.012	0.782	322.974	0.075
1594300476.84588	228.838	0.012	0.779	322.974	0.081
1594300476.86835	228.822	0.012	0.725	322.894	0.078
1594300476.87838	228.850	0.011	0.675	322.974	0.070
1594300476.90588	228.834	0.011	0.668	322.894	0.071
1594300476.92831	228.842	0.013	0.832	322.894	0.078
1594300476.93839	228.811	0.012	0.810	322.894	0.080
1594300476.96713	228.813	0.012	0.788	322.894	0.080
1594300476.98338	228.780	0.012	0.792	322.894	0.076
1594300476.99837	228.811	0.012	0.833	322.974	0.080
1594300477.03579	228.817	0.013	0.818	323.055	0.078
1594300477.04838	228.797	0.012	0.778	322.974	0.080
1594300477.05839	228.813	0.012	0.796	322.894	0.079
1594300477.09082	228.810	0.012	0.804	322.894	0.082
1594300477.10714	228.826	0.012	0.805	323.055	0.082
1594300477.11838	228.842	0.013	0.909	323.135	0.090
1594300477.13839	228.774	0.013	0.851	322.813	0.080
1594300477.16464	228.840	0.013	0.929	322.974	0.085
1594300477.18710	228.842	0.013	0.864	322.894	0.088
1594300477.19714	228.815	0.013	0.893	322.813	0.083
1594300477.22463	228.794	0.013	0.857	322.894	0.088
1594300477.24832	228.728	0.011	0.760	322.813	0.074
1594300477.25839	228.791	0.012	0.832	322.733	0.082
1594300477.28339	228.840	0.014	0.979	322.813	0.094
1594300477.29713	228.826	0.013	0.897	322.652	0.091
1594300477.31840	228.818	0.014	0.923	322.733	0.084
1594300477.35085	228.783	0.014	0.961	322.733	0.090
1594300477.35839	228.794	0.014	0.904	322.813	0.084
1594300477.37839	228.785	0.013	0.907	322.813	0.091
1594300477.41208	228.778	0.014	0.926	322.733	0.083
1594300477.41839	228.753	0.014	0.914	322.813	0.086
1594300477.43964	228.730	0.014	0.953	322.813	0.090
1594300477.46464	228.780	0.013	0.925	322.813	0.087
1594300477.47840	228.776	0.014	0.914	322.813	0.092
1594300477.51460	228.780	0.014	0.934	322.894	0.084
1594300477.52839	228.780	0.013	0.903	322.974	0.085
1594300477.53964	228.736	0.013	0.862	322.894	0.087
1594300477.57458	228.768	0.014	0.958	322.974	0.093
1594300477.59089	228.804	0.013	0.892	322.813	0.087
1594300477.59840	228.810	0.013	0.926	322.733	0.086
1594300477.63582	228.863	0.014	0.968	322.894	0.090
1594300477.64967	228.808	0.014	0.930	323.055	0.093
1594300477.66710	228.839	0.014	0.928	322.974	0.090
1594300477.67839	228.817	0.014	0.969	322.813	0.093
1594300477.70464	228.790	0.014	0.944	322.813	0.083
1594300477.72707	228.775	0.014	0.915	322.974	0.095
1594300477.73714	228.771	0.014	0.950	322.813	0.090
1594300477.76465	228.805	0.014	0.966	322.974	0.095
1594300477.77715	228.783	0.012	0.831	322.974	0.084
1594300477.79839	228.805	0.012	0.817	322.813	0.081
1594300477.82959	228.784	0.012	0.822	322.974	0.080
1594300477.84581	228.767	0.012	0.774	322.974	0.074
1594300477.85714	228.742	0.012	0.803	322.974	0.086
1594300477.89083	228.803	0.014	0.946	322.894	0.093
1594300477.90088	228.815	0.013	0.865	322.894	0.079
1594300477.91840	228.838	0.013	0.894	322.894	0.087
1594300477.94839	228.824	0.014	0.913	322.813	0.095
1594300477.95838	228.804	0.014	0.986	322.733	0.094
1594300477.99459	228.755	0.014	0.964	322.894	0.093
1594300478.00715	228.816	0.014	0.979	322.894	0.093
1594300478.01838	228.806	0.015	0.997	322.813	0.098
1594300478.05456	228.769	0.014	0.935	322.733	0.090
1594300478.06713	228.810	0.015	1.005	322.813	0.095
1594300478.07963	228.844	0.014	0.946	322.974	0.091
1594300478.09715	228.835	0.015	1.014	322.974	0.097
1594300478.12338	228.834	0.014	0.973	322.974	0.091
1594300478.14834	228.767	0.014	0.965	322.813	0.091
1594300478.15838	228.774	0.014	0.970	322.813	0.098
1594300478.18465	228.759	0.014	0.975	322.813	0.092
1594300478.19715	228.789	0.013	0.893	322.894	0.094
1594300478.21713	228.783	0.012	0.823	322.894	0.079
1594300478.24463	228.727	0.013	0.855	322.974	0.084
1594300478.25714	228.771	0.013	0.864	322.894	0.085
1594300478.27838	228.788	0.012	0.815	322.894	0.078
1594300478.30338	228.776	0.013	0.855	322.894	0.086
1594300478.31713	228.779	0.013	0.842	322.894	0.081
1594300478.33838	228.741	0.012	0.806	322.894	0.083
1594300478.36463	228.756	0.013	0.827	322.894	0.081
1594300478.37714	228.761	0.012	0.831	322.974	0.081
1594300478.39839	228.784	0.013	0.849	322.974	0.081
1594300478.42463	228.782	0.016	1.143	322.813	0.105
1594300478.43839	228.757	0.020	1.483	322.974	0.123
1594300478.45839	228.796	0.018	1.215	322.894	0.127
1594300478.48713	228.778	0.014	0.948	322.813	0.092
1594300478.49839	228.765	0.016	1.149	322.733	0.098
1594300478.51838	228.761	0.017	1.149	322.894	0.109
1594300478.54464	228.761	0.017	1.164	322.813	0.106
1594300478.55839	228.792	0.017	1.187	322.813	0.109
1594300478.57714	228.838	0.017	1.226	322.894	0.108
1594300478.60337	228.826	0.017	1.132	323.055	0.108
1594300478.61710	228.837	0.017	1.208	322.974	0.105
1594300478.63711	228.793	0.017	1.142	322.974	0.107
1594300478.66463	228.783	0.017	1.195	322.894	0.110
1594300478.67713	228.810	0.017	1.137	322.894	0.103
1594300478.69714	228.828	0.017	1.220	323.055	0.111
1594300478.72339	228.843	0.017	1.175	322.974	0.111
1594300478.73714	228.806	0.017	1.225	322.974	0.111
1594300478.75839	228.831	0.017	1.142	322.974	0.107
1594300478.78464	228.868	0.017	1.196	322.974	0.109
1594300478.79714	228.861	0.017	1.203	323.055	0.106
1594300478.81839	228.834	0.017	1.156	323.055	0.105
1594300478.84464	228.775	0.016	1.133	322.894	0.106
1594300478.85714	228.809	0.017	1.179	322.894	0.107
1594300478.87839	228.811	0.017	1.185	322.894	0.115
1594300478.90466	228.770	0.017	1.164	322.813	0.107
1594300478.91840	228.735	0.017	1.168	322.813	0.108
1594300478.93714	228.718	0.017	1.183	322.894	0.104
1594300478.96839	228.745	0.017	1.195	322.813	0.110
1594300478.98088	228.741	0.017	1.169	322.974	0.107
1594300478.99714	228.787	0.016	1.107	322.894	0.104
1594300479.02966	228.771	0.015	1.002	322.813	0.093
1594300479.04215	228.733	0.015	1.039	322.974	0.095
1594300479.06834	228.785	0.015	1.044	322.974	0.097
1594300479.08464	228.804	0.015	1.037	322.974	0.102
1594300479.10089	228.817	0.015	1.069	322.974	0.096
1594300479.12984	228.824	0.015	1.040	323.055	0.103
1594300479.14590	228.747	0.014	0.987	322.894	0.099
1594300479.16212	228.750	0.015	1.038	322.974	0.097
1594300479.17965	228.738	0.015	1.001	322.974	0.102
1594300479.20840	228.802	0.015	1.008	322.733	0.092
1594300479.22464	228.763	0.015	1.037	322.974	0.097
1594300479.23839	228.762	0.015	1.051	322.733	0.096
1594300479.27710	228.820	0.015	1.054	322.894	0.108
1594300479.29090	228.846	0.015	1.008	322.974	0.098
1594300479.29840	228.801	0.015	1.041	322.813	0.094
1594300479.33212	228.771	0.015	1.041	322.813	0.096
1594300479.34840	228.750	0.014	0.982	322.813	0.094
1594300479.35840	228.772	0.016	1.074	322.894	0.099
1594300479.37715	228.797	0.015	1.029	322.813	0.094
1594300479.40465	228.829	0.015	1.035	322.813	0.096
1594300479.41715	228.844	0.015	1.034	322.894	0.098
1594300479.43716	228.826	0.015	1.058	323.135	0.096
1594300479.46465	228.860	0.015	1.017	323.055	0.093
1594300479.47965	228.839	0.015	1.026	322.974	0.099
1594300479.49716	228.851	0.015	1.028	323.055	0.094
1594300479.52465	228.848	0.015	1.053	323.135	0.102
1594300479.53715	228.812	0.015	0.978	322.974	0.097
1594300479.55840	228.891	0.016	1.118	323.135	0.097
1594300479.58340	228.899	0.014	0.999	322.974	0.093
1594300479.59713	228.898	0.015	1.068	323.135	0.098
1594300479.61840	228.881	0.015	1.033	323.216	0.102
1594300479.64338	228.805	0.015	0.989	322.974	0.091
1594300479.65713	228.806	0.015	0.991	322.974	0.102
1594300479.67840	228.849	0.015	1.038	322.974	0.096
1594300479.70465	228.839	0.015	0.994	322.974	0.098
1594300479.71838	228.866	0.015	1.030	323.055	0.099
1594300479.73713	228.870	0.015	1.046	322.974	0.100
1594300479.76837	228.864	0.015	1.007	322.974	0.099
1594300479.77861	228.814	0.015	1.016	323.055	0.102
1594300479.79838	228.810	0.015	1.032	322.894	0.100
1594300479.82713	228.808	0.015	1.058	322.974	0.096
1594300479.83840	228.811	0.015	1.083	322.974	0.104
1594300479.87457	228.811	0.015	1.032	322.894	0.096
1594300479.89111	228.826	0.015	1.030	323.135	0.099
1594300479.90833	228.853	0.015	1.068	323.055	0.098
1594300479.92833	228.838	0.015	1.040	322.894	0.096
1594300479.94109	228.803	0.014	0.988	322.894	0.093
1594300479.96956	228.829	0.015	1.031	322.974	0.098
1594300479.97964	228.818	0.015	1.049	322.974	0.097
1594300480.00589	228.834	0.015	1.035	323.135	0.091
1594300480.03206	228.838	0.015	1.014	322.894	0.096
1594300480.04960	228.811	0.015	1.025	322.894	0.096
1594300480.07085	228.827	0.015	1.065	322.974	0.098
1594300480.09983	228.849	0.015	1.058	322.974	0.094
1594300480.10589	228.793	0.015	1.011	322.974	0.094
1594300480.13582	228.783	0.015	1.031	323.055	0.096
1594300480.14839	228.749	0.015	1.041	322.974	0.093
1594300480.16089	228.755	0.015	1.010	322.974	0.098
1594300480.19082	228.727	0.015	1.059	322.813	0.098
1594300480.21958	228.717	0.015	1.017	322.813	0.097
1594300480.23963	228.736	0.015	1.031	322.813	0.099
1594300480.26607	228.726	0.015	1.043	322.733	0.092
1594300480.28957	228.708	0.015	0.992	322.813	0.096
1594300480.29962	228.695	0.015	1.006	322.733	0.097
1594300480.32587	228.686	0.015	1.015	322.813	0.096
1594300480.34832	228.729	0.015	1.043	322.733	0.098
1594300480.37484	228.743	0.015	1.042	322.813	0.098
1594300480.40098	228.795	0.015	1.067	322.894	0.096
1594300480.41964	228.785	0.015	1.035	322.894	0.098
1594300480.45708	228.744	0.015	1.024	322.974	0.094
1594300480.46715	228.696	0.015	1.031	322.894	0.094
1594300480.47859	228.775	0.015	0.991	322.652	0.094
1594300480.51582	228.779	0.015	1.041	322.733	0.097
1594300480.52984	228.788	0.015	1.080	322.894	0.106
1594300480.55586	228.759	0.015	1.062	322.894	0.100
1594300480.58234	228.772	0.015	1.027	322.894	0.098
1594300480.58840	228.808	0.015	1.060	322.974	0.102
1594300480.61334	228.774	0.015	1.034	322.974	0.097
1594300480.62967	228.801	0.015	1.062	323.055	0.095
1594300480.64215	228.757	0.015	1.032	322.974	0.100
1594300480.66835	228.725	0.015	1.046	322.813	0.094
1594300480.69734	228.794	0.016	1.074	322.974	0.099
1594300480.70985	228.789	0.015	1.002	322.894	0.092
1594300480.71965	228.809	0.015	1.016	322.974	0.102
1594300480.74738	228.798	0.015	1.057	323.055	0.099
1594300480.77459	228.765	0.017	1.165	323.135	0.106
1594300480.78090	228.774	0.016	1.160	322.894	0.100
1594300480.80840	228.802	0.017	1.200	323.135	0.110
1594300480.83208	228.792	0.016	1.133	322.894	0.104
1594300480.83965	228.799	0.017	1.192	322.894	0.112
1594300480.87709	228.794	0.017	1.153	322.894	0.102
1594300480.89340	228.807	0.017	1.153	322.894	0.106
1594300480.90360	228.812	0.017	1.157	322.894	0.107
1594300480.93583	228.771	0.017	1.158	322.894	0.104
1594300480.94840	228.768	0.016	1.136	322.894	0.106
1594300480.95985	228.708	0.017	1.159	322.894	0.103
1594300480.99208	228.730	0.017	1.180	322.894	0.108
1594300481.00716	228.720	0.017	1.169	322.733	0.106
1594300481.02959	228.712	0.017	1.160	322.813	0.107
1594300481.04110	228.672	0.017	1.167	322.813	0.102
1594300481.07466	228.673	0.017	1.163	322.894	0.108
1594300481.09583	228.694	0.017	1.182	322.813	0.106
1594300481.10216	228.695	0.015	1.078	323.055	0.107
1594300481.12591	228.699	0.015	1.073	322.813	0.096
1594300481.14836	228.656	0.014	0.994	322.894	0.098
1594300481.15965	228.669	0.015	1.063	322.894	0.098
1594300481.20209	228.713	0.015	1.021	322.974	0.104
1594300481.21336	228.681	0.015	1.046	322.813	0.098
1594300481.21966	228.695	0.015	1.032	322.813	0.099
1594300481.25584	228.634	0.015	1.017	322.813	0.102
1594300481.26341	228.638	0.015	1.013	322.733	0.102
1594300481.27966	228.684	0.015	1.066	322.813	0.099
1594300481.32082	228.693	0.015	1.028	322.813	0.102
1594300481.32958	228.676	0.015	1.065	322.652	0.098
1594300481.35585	228.680	0.015	1.026	322.894	0.098
1594300481.38219	228.652	0.015	1.042	322.733	0.100
1594300481.40837	228.680	0.015	1.068	322.813	0.098
1594300481.42089	228.664	0.015	1.009	322.572	0.096
1594300481.44214	228.670	0.015	1.065	322.733	0.099
1594300481.46836	228.688	0.015	1.049	322.813	0.093
1594300481.50207	228.710	0.015	1.077	322.733	0.100
1594300481.51965	228.753	0.016	1.060	322.894	0.102
1594300481.54714	228.685	0.015	1.060	322.894	0.102
1594300481.57207	228.685	0.016	1.091	322.813	0.104
1594300481.57965	228.722	0.015	1.034	322.974	0.096
1594300481.60590	228.707	0.015	1.049	322.813	0.096
1594300481.63336	228.707	0.015	1.032	322.813	0.098
1594300481.63966	228.674	0.015	1.031	322.974	0.096
1594300481.67337	228.683	0.015	1.050	322.974	0.094
1594300481.69341	228.722	0.015	1.032	322.894	0.097
1594300481.70341	228.747	0.015	1.040	322.974	0.098
1594300481.73583	228.749	0.015	1.052	322.813	0.102
1594300481.74841	228.734	0.015	0.975	322.894	0.099
1594300481.75964	228.777	0.015	1.042	322.894	0.098
1594300481.77839	228.812	0.015	1.066	322.894	0.100
1594300481.80589	228.796	0.015	1.057	323.055	0.100
1594300481.82838	228.851	0.016	1.084	323.216	0.098
1594300481.83964	228.816	0.015	1.020	323.055	0.105
1594300481.86590	228.804	0.015	1.051	323.055	0.096
1594300481.87839	228.843	0.015	1.030	323.135	0.096
1594300481.89837	228.811	0.015	1.020	323.135	0.102
1594300481.92586	228.802	0.015	1.020	323.055	0.093
1594300481.93836	228.806	0.016	1.088	323.055	0.107
1594300481.95965	228.744	0.014	0.969	323.135	0.092
1594300481.99338	228.766	0.015	1.069	323.055	0.102
1594300481.99965	228.765	0.017	1.222	322.894	0.111
1594300482.01965	228.701	0.019	1.327	322.974	0.121
1594300482.04590	228.709	0.018	1.294	322.894	0.118
1594300482.05839	228.709	0.020	1.471	322.894	0.133
1594300482.07966	228.755	0.017	1.235	322.813	0.111
1594300482.10967	228.733	0.017	1.215	322.974	0.109
1594300482.11965	228.749	0.017	1.193	322.894	0.112
1594300482.15586	228.722	0.017	1.214	322.894	0.110
1594300482.16840	228.737	0.017	1.213	322.813	0.108
1594300482.17965	228.759	0.015	1.004	322.813	0.094
1594300482.19840	228.781	0.015	1.029	322.813	0.097
1594300482.22465	228.737	0.014	0.993	322.894	0.087
1594300482.23965	228.710	0.014	0.979	323.135	0.095
1594300482.25840	228.739	0.015	0.982	322.974	0.093
1594300482.28465	228.727	0.014	0.977	322.974	0.094
1594300482.29840	228.759	0.015	1.025	322.894	0.096
1594300482.31965	228.768	0.018	1.242	323.055	0.114
1594300482.34590	228.727	0.018	1.250	322.974	0.111
1594300482.35840	228.756	0.016	1.086	322.974	0.098
1594300482.37840	228.776	0.017	1.205	322.974	0.106
1594300482.40591	228.792	0.016	1.170	322.974	0.106
1594300482.41840	228.788	0.017	1.197	322.974	0.110
1594300482.43966	228.805	0.017	1.227	323.135	0.108
1594300482.46465	228.773	0.018	1.221	322.894	0.112
1594300482.47840	228.809	0.018	1.236	322.974	0.115
1594300482.49966	228.802	0.016	1.175	323.055	0.103
1594300482.52591	228.810	0.017	1.191	322.813	0.108
1594300482.53840	228.774	0.018	1.227	322.894	0.114
1594300482.55966	228.828	0.018	1.289	323.055	0.116
1594300482.58465	228.842	0.018	1.308	322.974	0.109
1594300482.59965	228.832	0.017	1.221	323.055	0.115
1594300482.61966	228.844	0.018	1.278	323.055	0.115
1594300482.64715	228.846	0.018	1.251	323.216	0.112
1594300482.65966	228.857	0.018	1.252	322.974	0.115
1594300482.67840	228.857	0.017	1.191	322.974	0.106
1594300482.70590	228.848	0.016	1.102	323.055	0.106
1594300482.71966	228.828	0.015	0.998	323.135	0.093
1594300482.73840	228.818	0.015	1.021	323.135	0.096
1594300482.76840	228.784	0.014	0.984	323.055	0.096
1594300482.78088	228.796	0.014	0.957	323.055	0.097
1594300482.81361	228.787	0.014	0.971	323.055	0.091
1594300482.83091	228.782	0.014	0.957	322.974	0.091
1594300482.84960	228.737	0.014	0.960	322.974	0.090
1594300482.85966	228.734	0.014	0.980	322.894	0.091
1594300482.88969	228.757	0.014	0.958	322.974	0.098
1594300482.90217	228.754	0.014	1.005	322.894	0.090
1594300482.92091	228.755	0.014	0.974	322.894	0.097
1594300482.95711	228.736	0.016	1.091	322.894	0.108
1594300482.96961	228.785	0.015	0.989	322.813	0.096
1594300482.97966	228.832	0.014	0.956	322.974	0.091
1594300483.01588	228.832	0.015	0.998	322.813	0.096
1594300483.02341	228.765	0.014	0.944	322.894	0.097
1594300483.03967	228.775	0.014	0.906	322.894	0.091
1594300483.06592	228.796	0.014	0.943	322.894	0.090
1594300483.07967	228.836	0.015	0.986	322.894	0.096
1594300483.09841	228.920	0.014	0.949	323.135	0.096
1594300483.12592	228.964	0.015	0.962	323.135	0.094
1594300483.14092	228.881	0.014	0.954	323.216	0.086
1594300483.15841	228.910	0.016	1.090	323.216	0.109
1594300483.18464	228.950	0.018	1.197	323.216	0.112
1594300483.19966	228.945	0.018	1.256	323.216	0.111
1594300483.21966	228.960	0.018	1.279	323.296	0.115
1594300483.24591	228.974	0.020	1.402	323.377	0.127
1594300483.25841	228.931	0.026	1.876	323.216	0.163
1594300483.27842	228.973	0.024	1.702	323.296	0.150
1594300483.30590	228.947	0.021	1.518	323.216	0.135
1594300483.31841	228.944	0.022	1.592	323.377	0.134
1594300483.33841	228.924	0.022	1.580	323.216	0.132
1594300483.36590	228.923	0.021	1.532	323.216	0.133
1594300483.37965	228.943	0.022	1.549	323.216	0.140
1594300483.39966	228.940	0.022	1.567	323.055	0.131
1594300483.42714	228.922	0.021	1.543	323.135	0.131
1594300483.44959	228.919	0.022	1.574	323.216	0.132
1594300483.45965	228.902	0.021	1.521	323.055	0.136
1594300483.49459	228.927	0.022	1.596	323.055	0.139
1594300483.50090	228.934	0.022	1.588	323.296	0.130
1594300483.52086	228.921	0.021	1.554	323.135	0.130
1594300483.55587	228.920	0.022	1.557	323.135	0.132
1594300483.57087	228.931	0.022	1.590	323.216	0.133
1594300483.59962	228.950	0.021	1.525	323.135	0.128
1594300483.61342	228.951	0.022	1.624	323.296	0.139
1594300483.62465	228.947	0.021	1.541	323.216	0.135
1594300483.65208	228.927	0.022	1.570	323.216	0.135
1594300483.66842	228.929	0.021	1.513	323.296	0.132
1594300483.68342	228.932	0.022	1.582	323.216	0.136
1594300483.70958	228.958	0.022	1.571	323.216	0.140
1594300483.74212	228.968	0.022	1.542	323.296	0.135
1594300483.75708	228.958	0.022	1.580	323.055	0.134
1594300483.77112	228.920	0.021	1.553	323.216	0.133
1594300483.78590	228.970	0.021	1.554	323.216	0.134
1594300483.81341	228.954	0.022	1.558	323.296	0.133
1594300483.82090	228.954	0.022	1.569	323.216	0.131
1594300483.84090	228.955	0.021	1.482	323.055	0.135
1594300483.87583	228.926	0.022	1.590	323.135	0.138
1594300483.89110	228.967	0.022	1.562	323.055	0.135
1594300483.91587	228.948	0.022	1.557	323.135	0.133
1594300483.94087	228.959	0.021	1.538	322.974	0.130
1594300483.94716	228.960	0.022	1.579	323.216	0.133
1594300483.98208	228.897	0.021	1.521	323.135	0.133
1594300483.98968	228.914	0.022	1.550	323.135	0.134
1594300484.00591	228.893	0.021	1.587	323.055	0.134
1594300484.02958	228.847	0.021	1.546	323.055	0.134
1594300484.05740	228.903	0.021	1.535	322.974	0.131
1594300484.07959	228.890	0.022	1.560	323.135	0.138
1594300484.09110	228.929	0.022	1.545	322.974	0.136
1594300484.10716	228.959	0.022	1.583	323.216	0.142
1594300484.13341	228.957	0.022	1.558	323.135	0.136
1594300484.14091	228.940	0.022	1.544	323.216	0.135
1594300484.16716	228.898	0.021	1.544	323.296	0.139
1594300484.19341	228.951	0.022	1.544	323.135	0.136
1594300484.21083	228.959	0.022	1.609	323.135	0.139
1594300484.22466	228.936	0.021	1.497	323.296	0.131
1594300484.25611	228.931	0.021	1.524	323.216	0.133
1594300484.26216	228.906	0.022	1.579	323.135	0.131
1594300484.29710	228.920	0.022	1.619	323.135	0.134
1594300484.30968	228.931	0.020	1.392	322.974	0.135
1594300484.32217	228.902	0.018	1.252	323.216	0.112
1594300484.35585	228.886	0.018	1.241	323.135	0.108
1594300484.38460	228.879	0.022	1.608	322.974	0.141
1594300484.40091	228.928	0.023	1.689	322.974	0.139
1594300484.42844	228.948	0.023	1.688	323.216	0.141
1594300484.44960	228.976	0.024	1.769	323.216	0.142
1594300484.45967	228.967	0.026	1.938	323.216	0.154
1594300484.48716	229.019	0.026	1.954	323.135	0.155
1594300484.50959	229.004	0.026	1.928	323.377	0.157
1594300484.52091	229.015	0.026	1.913	323.216	0.155
1594300484.55710	229.031	0.026	1.925	323.216	0.153
1594300484.56345	228.974	0.027	2.010	323.377	0.162
1594300484.58091	229.034	0.025	1.825	323.135	0.144
1594300484.61710	229.013	0.026	2.010	323.216	0.156
1594300484.62344	228.998	0.024	1.773	323.216	0.147
1594300484.64217	228.949	0.024	1.808	323.055	0.151
1594300484.67459	228.943	0.025	1.826	323.135	0.150
1594300484.68216	228.983	0.025	1.871	323.055	0.151
1594300484.71711	229.003	0.025	1.847	323.135	0.147
1594300484.72969	229.005	0.025	1.821	323.216	0.153
1594300484.74092	229.006	0.025	1.873	323.216	0.150
1594300484.77710	228.981	0.025	1.832	323.216	0.151
1594300484.79218	229.018	0.025	1.859	323.135	0.150
1594300484.80588	228.996	0.025	1.869	323.377	0.153
1594300484.81967	229.044	0.026	1.931	323.216	0.161
1594300484.84717	229.036	0.029	2.204	323.296	0.166
1594300484.86961	229.024	0.028	2.082	323.216	0.171
1594300484.89862	229.090	0.027	2.019	323.377	0.164
1594300484.91093	229.087	0.026	1.930	323.296	0.154
1594300484.92092	229.099	0.027	2.020	323.296	0.158
1594300484.93967	229.068	0.026	2.001	323.216	0.155
1594300484.96717	229.026	0.026	1.955	323.296	0.157
1594300484.98961	229.061	0.027	2.015	323.216	0.163
1594300485.01583	229.057	0.030	2.252	323.135	0.185
1594300485.04334	229.061	0.027	1.986	323.296	0.161
1594300485.04845	229.111	0.027	2.023	323.216	0.157
1594300485.06092	229.059	0.029	2.221	323.296	0.168
1594300485.09711	229.093	0.029	2.144	323.457	0.175
1594300485.10345	229.077	0.029	2.224	323.296	0.173
1594300485.12090	229.069	0.028	2.141	323.216	0.166
1594300485.15708	229.063	0.030	2.318	323.457	0.176
1594300485.16462	229.007	0.028	2.144	323.296	0.173
1594300485.19712	229.019	0.029	2.203	323.296	0.171
1594300485.20967	229.050	0.030	2.299	323.216	0.178
1594300485.21966	228.961	0.030	2.248	323.135	0.173
1594300485.25459	229.010	0.030	2.286	323.135	0.179
1594300485.27091	228.989	0.033	2.528	323.135	0.192
1594300485.28218	228.991	0.031	2.433	323.135	0.180
1594300485.31343	228.979	0.031	2.304	323.216	0.176
1594300485.32968	229.017	0.030	2.292	323.135	0.180
1594300485.35083	229.023	0.036	2.801	323.216	0.206
1594300485.36091	228.996	0.034	2.698	323.216	0.194
1594300485.38715	229.051	0.031	2.370	323.216	0.181
1594300485.40090	229.025	0.032	2.457	323.135	0.187
1594300485.41965	229.017	0.033	2.600	323.216	0.197
1594300485.44967	228.980	0.033	2.584	323.135	0.188
1594300485.45967	228.978	0.033	2.586	323.216	0.192
1594300485.48091	229.000	0.033	2.511	323.216	0.186
1594300485.51712	229.015	0.052	4.537	323.296	0.260
1594300485.52345	229.010	0.057	5.069	323.296	0.276
1594300485.54090	229.008	0.059	5.317	322.974	0.280
1594300485.56591	228.947	0.057	5.104	322.974	0.272
1594300485.57967	229.045	0.048	4.104	323.135	0.265
1594300485.60091	229.016	0.035	2.743	323.135	0.201
1594300485.62716	229.004	0.037	2.983	323.216	0.211
1594300485.64091	229.007	0.032	2.493	323.296	0.186
1594300485.67588	228.978	0.034	2.565	323.135	0.192
1594300485.69216	229.035	0.033	2.527	323.135	0.192
1594300485.70216	229.056	0.033	2.531	323.216	0.194
1594300485.71967	229.044	0.034	2.596	323.296	0.195
1594300485.74968	229.042	0.034	2.640	323.135	0.199
1594300485.76091	229.025	0.034	2.624	323.377	0.193
1594300485.77967	229.045	0.037	2.939	323.457	0.207
1594300485.80846	229.078	0.035	2.724	323.377	0.204
1594300485.81966	229.085	0.035	2.700	323.216	0.197
1594300485.83967	229.082	0.034	2.647	323.135	0.193
1594300485.86716	229.037	0.034	2.625	323.216	0.193
1594300485.87967	229.069	0.033	2.554	323.377	0.197
1594300485.89966	229.066	0.034	2.612	323.216	0.198
1594300485.93091	229.058	0.035	2.775	323.055	0.198
1594300485.94092	229.062	0.035	2.797	323.216	0.203
1594300485.96217	228.939	0.035	2.730	323.055	0.198
1594300485.98717	228.957	0.035	2.784	322.974	0.200
1594300485.99967	228.968	0.036	2.805	323.055	0.201
1594300486.02091	228.950	0.036	2.869	323.135	0.200
1594300486.04717	228.892	0.036	2.874	323.055	0.203
1594300486.05967	228.892	0.037	2.929	322.974	0.210
1594300486.08091	228.943	0.038	2.975	323.055	0.221
1594300486.10717	228.921	0.039	3.137	322.974	0.214
1594300486.12092	228.961	0.041	3.249	323.135	0.222
1594300486.14092	228.977	0.037	2.916	323.135	0.214
1594300486.16717	228.903	0.038	2.967	323.135	0.214
1594300486.18092	228.959	0.045	3.714	322.974	0.241
1594300486.19967	228.905	0.042	3.432	323.055	0.233
1594300486.22592	228.922	0.047	3.984	322.974	0.251
1594300486.24092	228.932	0.043	3.503	323.135	0.235
1594300486.26092	228.880	0.041	3.357	322.974	0.228
1594300486.28847	228.906	0.042	3.409	323.055	0.229
1594300486.29967	228.925	0.051	4.493	322.894	0.257
1594300486.32217	228.913	0.048	4.036	323.055	0.258
1594300486.34847	228.871	0.052	4.515	323.055	0.271
1594300486.36090	228.852	0.058	5.154	323.135	0.280
1594300486.38092	228.914	0.058	5.220	322.894	0.273
1594300486.40969	228.870	0.059	5.284	322.894	0.283
1594300486.43084	228.856	0.057	5.131	322.974	0.277
1594300486.44092	228.867	0.058	5.182	322.894	0.282
1594300486.47585	228.804	0.058	5.184	322.894	0.281
1594300486.49210	228.862	0.055	4.910	322.894	0.271
1594300486.50218	228.822	0.053	4.594	322.733	0.264
1594300486.53463	228.854	0.049	4.201	322.813	0.252
1594300486.54217	228.864	0.049	4.148	322.894	0.248
1594300486.56347	228.832	0.052	4.463	322.813	0.261
1594300486.59589	228.830	0.051	4.369	322.894	0.261
1594300486.60218	228.877	0.050	4.302	322.813	0.257
1594300486.63611	228.903	0.043	3.590	323.055	0.245
1594300486.66110	228.880	0.043	3.517	323.055	0.238
1594300486.66848	228.875	0.037	2.971	323.055	0.219
1594300486.67965	228.855	0.034	2.566	322.974	0.192
1594300486.70718	228.853	0.033	2.538	322.894	0.195
1594300486.72093	228.868	0.036	2.733	322.894	0.202
1594300486.73970	228.884	0.040	3.238	322.894	0.217
1594300486.76715	228.873	0.041	3.344	323.055	0.246
1594300486.78088	228.918	0.052	4.529	322.894	0.263
1594300486.79965	228.930	0.044	3.560	322.894	0.257
1594300486.82715	228.920	0.041	3.243	322.894	0.230
1594300486.83963	228.967	0.039	3.164	322.813	0.215
1594300486.85963	228.946	0.039	3.185	322.974	0.219
1594300486.88715	228.951	0.036	2.806	322.894	0.202
1594300486.89965	228.972	0.039	3.097	322.974	0.223
1594300486.92090	228.966	0.039	3.127	323.055	0.218
1594300486.94713	228.989	0.035	2.787	323.055	0.202
1594300486.96212	228.956	0.036	2.813	323.135	0.201
1594300486.98212	228.955	0.036	2.871	323.135	0.203
1594300487.00713	228.962	0.038	3.015	323.135	0.218
1594300487.02213	228.968	0.035	2.775	322.974	0.199
1594300487.04213	228.944	0.047	3.970	322.974	0.257
1594300487.07708	228.905	0.035	2.736	323.055	0.197
1594300487.08345	228.917	0.036	2.746	322.974	0.200
1594300487.09963	228.917	0.035	2.689	322.974	0.197
1594300487.13333	228.938	0.040	3.098	322.974	0.228
1594300487.14088	228.920	0.053	4.559	322.974	0.265
1594300487.17342	228.879	0.048	4.106	323.055	0.255
1594300487.18845	228.906	0.048	4.068	322.974	0.250
1594300487.21083	228.925	0.048	4.124	322.974	0.250
1594300487.23736	228.923	0.048	4.058	322.974	0.246
1594300487.25349	228.932	0.048	4.044	322.974	0.249
1594300487.27209	228.951	0.048	4.073	323.135	0.248
1594300487.28217	228.911	0.048	4.046	322.894	0.246
1594300487.31217	228.925	0.048	4.096	323.055	0.253
1594300487.33085	228.931	0.048	4.058	323.055	0.249
1594300487.34218	228.917	0.048	4.067	322.974	0.253
1594300487.36849	228.876	0.048	4.047	322.974	0.249
1594300487.39085	228.904	0.048	4.095	322.974	0.248
1594300487.41612	228.903	0.048	4.042	323.135	0.245
1594300487.44084	228.913	0.048	4.052	323.055	0.251
1594300487.45345	228.911	0.048	4.101	323.055	0.245
1594300487.46349	228.896	0.048	4.052	323.135	0.249
1594300487.50335	228.911	0.048	4.094	323.055	0.249
1594300487.51092	228.923	0.048	4.039	322.974	0.248
1594300487.52349	228.903	0.048	4.039	322.974	0.248
1594300487.55960	228.891	0.047	4.047	322.894	0.240
1594300487.57362	228.860	0.047	4.068	322.894	0.242
1594300487.59837	228.866	0.048	4.063	322.813	0.247
1594300487.62597	228.900	0.048	4.082	322.974	0.248
1594300487.65836	228.944	0.048	4.114	323.055	0.249
1594300487.67092	228.905	0.047	4.038	323.055	0.245
1594300487.68349	228.898	0.048	4.104	322.974	0.250
1594300487.71585	228.936	0.048	4.116	323.055	0.251
1594300487.74335	228.932	0.048	4.038	322.974	0.254
1594300487.76091	228.938	0.049	4.119	323.055	0.255
1594300487.78969	228.921	0.049	4.112	323.135	0.254
1594300487.81211	228.923	0.049	4.158	323.135	0.251
1594300487.82218	228.950	0.048	4.112	323.296	0.252
1594300487.84850	228.924	0.048	4.117	323.135	0.248
1594300487.87085	228.894	0.049	4.145	323.135	0.250
1594300487.88217	228.906	0.048	4.093	322.894	0.246
1594300487.91836	228.907	0.048	4.089	322.974	0.246
1594300487.92468	228.942	0.048	4.089	322.974	0.248
1594300487.94217	228.961	0.048	4.083	322.974	0.248
1594300487.97836	228.956	0.048	4.087	323.055	0.239
1594300487.98593	228.925	0.048	4.074	322.894	0.247
1594300488.00218	228.953	0.048	4.058	322.974	0.246
1594300488.03711	228.953	0.048	4.095	322.974	0.248
1594300488.04349	228.999	0.048	4.088	322.974	0.246
1594300488.07837	229.007	0.048	4.105	323.055	0.247
1594300488.09218	229.010	0.048	4.068	323.055	0.249
1594300488.10218	229.031	0.048	4.090	323.055	0.248
1594300488.13836	229.046	0.048	4.075	323.135	0.251
1594300488.15093	229.067	0.048	4.097	323.216	0.251
1594300488.16468	229.030	0.048	4.087	323.296	0.258
1594300488.19461	229.029	0.048	4.058	323.296	0.248
1594300488.21093	229.056	0.048	4.102	323.216	0.248
1594300488.23209	229.059	0.048	4.052	323.377	0.247
1594300488.24218	229.032	0.048	4.053	323.135	0.248
1594300488.26970	229.019	0.048	4.085	323.377	0.247
1594300488.29087	229.015	0.048	4.019	323.216	0.246
1594300488.30094	229.059	0.048	4.046	323.135	0.248
1594300488.32851	229.041	0.048	4.060	323.216	0.243
1594300488.34093	229.038	0.048	4.049	323.055	0.246
1594300488.36218	229.016	0.048	4.080	323.135	0.254
1594300488.39962	229.026	0.048	4.044	323.055	0.247
1594300488.40466	229.090	0.048	4.097	323.216	0.246
1594300488.42216	229.080	0.048	4.084	323.135	0.249
1594300488.45459	229.091	0.048	4.090	323.216	0.254
1594300488.46215	229.047	0.048	4.078	323.055	0.245
1594300488.48214	229.044	0.047	4.029	323.135	0.246
1594300488.52206	229.047	0.048	4.095	323.135	0.247
1594300488.52347	229.023	0.048	4.079	323.216	0.254
1594300488.55834	229.027	0.048	4.107	323.055	0.248
1594300488.57090	229.003	0.048	4.058	323.135	0.248
1594300488.58215	229.018	0.048	4.104	323.216	0.246
1594300488.61831	228.999	0.048	4.028	323.216	0.249
1594300488.63090	229.000	0.048	4.088	323.216	0.251
1594300488.64338	228.968	0.048	3.994	323.055	0.249
1594300488.67706	228.945	0.048	4.060	323.135	0.246
1594300488.69338	228.973	0.048	4.074	323.055	0.249
1594300488.71209	229.047	0.048	4.092	323.216	0.254
1594300488.72213	229.038	0.048	4.090	323.135	0.254
1594300488.74839	229.058	0.048	4.104	323.216	0.250
1594300488.77082	229.029	0.047	4.028	323.135	0.245
1594300488.78089	229.019	0.048	4.101	323.216	0.250
1594300488.80842	229.034	0.048	4.085	323.135	0.250
1594300488.83085	229.030	0.048	4.059	323.055	0.255
1594300488.84217	229.027	0.048	4.044	323.055	0.247
1594300488.87838	228.963	0.048	4.108	323.135	0.250
1594300488.88467	229.011	0.048	4.075	323.055	0.257
1594300488.90217	229.002	0.048	4.072	322.974	0.249
1594300488.94336	229.017	0.048	4.072	323.055	0.245
1594300488.95217	229.024	0.048	4.083	323.055	0.246
1594300488.96342	229.005	0.048	4.083	323.135	0.253
1594300488.98842	228.981	0.048	4.101	322.974	0.255
1594300489.00217	229.026	0.048	4.034	323.055	0.248
1594300489.03838	229.017	0.048	4.037	323.135	0.249
1594300489.05092	228.964	0.048	4.045	323.055	0.252
1594300489.06342	228.962	0.048	4.073	322.974	0.251
1594300489.08093	228.981	0.048	4.051	323.055	0.247
1594300489.10717	228.988	0.048	4.086	323.055	0.249
1594300489.12217	228.985	0.048	4.082	323.055	0.241
1594300489.14092	228.983	0.048	4.062	323.135	0.247
1594300489.16969	228.927	0.048	4.118	323.135	0.251
1594300489.19089	228.941	0.052	4.494	322.974	0.264
1594300489.20217	228.993	0.052	4.571	322.974	0.261
1594300489.22843	228.970	0.052	4.480	322.974	0.258
1594300489.24092	228.987	0.052	4.564	322.974	0.260
1594300489.26093	228.942	0.053	4.589	322.974	0.265
1594300489.28842	228.939	0.053	4.641	322.813	0.264
1594300489.30092	228.970	0.053	4.678	322.813	0.264
1594300489.32218	228.933	0.054	4.689	322.813	0.262
1594300489.34717	228.968	0.054	4.713	322.974	0.266
1594300489.36093	228.976	0.053	4.638	322.813	0.263
1594300489.38218	228.947	0.053	4.706	322.974	0.261
1594300489.40843	228.969	0.054	4.693	322.894	0.271
1594300489.42093	228.969	0.054	4.678	323.055	0.265
1594300489.44218	228.980	0.054	4.677	323.055	0.266
1594300489.46844	228.970	0.053	4.715	323.055	0.261
1594300489.48342	228.958	0.053	4.698	323.055	0.264
1594300489.50093	228.966	0.054	4.691	323.055	0.268
1594300489.52843	228.996	0.054	4.699	322.974	0.271
1594300489.54218	228.992	0.053	4.667	323.055	0.261
1594300489.56093	229.005	0.054	4.721	323.055	0.262
1594300489.58718	228.970	0.053	4.656	323.055	0.263
1594300489.60219	228.975	0.053	4.656	322.894	0.262
1594300489.62093	229.009	0.053	4.710	323.055	0.260
1594300489.64718	228.923	0.053	4.666	322.813	0.258
1594300489.66093	228.940	0.053	4.663	322.974	0.266
1594300489.68093	228.983	0.054	4.767	322.894	0.268
1594300489.70844	229.006	0.053	4.697	322.894	0.262
1594300489.72093	228.981	0.053	4.708	322.894	0.266
1594300489.74094	228.995	0.054	4.688	322.974	0.269
1594300489.76718	228.961	0.053	4.658	322.894	0.262
1594300489.78094	228.897	0.054	4.700	322.813	0.265
1594300489.80218	228.960	0.054	4.717	322.974	0.265
1594300489.82718	228.997	0.053	4.649	322.894	0.266
1594300489.84218	228.988	0.054	4.695	322.974	0.265
1594300489.86218	228.912	0.053	4.634	322.974	0.268
1594300489.88716	228.927	0.054	4.653	322.894	0.268
1594300489.90218	228.987	0.054	4.679	323.135	0.264
1594300489.92239	228.994	0.053	4.659	323.055	0.265
1594300489.95585	229.016	0.053	4.649	323.135	0.261
1594300489.96344	228.983	0.053	4.622	323.055	0.262
1594300489.98095	228.921	0.053	4.677	322.974	0.259
1594300490.02736	228.953	0.054	4.664	322.894	0.262
1594300490.05833	228.989	0.054	4.667	322.894	0.265
1594300490.07091	228.994	0.054	4.641	322.974	0.265
1594300490.08467	228.943	0.053	4.643	322.974	0.263
1594300490.11960	228.982	0.053	4.690	322.894	0.261
1594300490.13216	228.984	0.053	4.669	322.813	0.261
1594300490.14466	228.994	0.054	4.728	323.055	0.265
1594300490.17836	228.968	0.053	4.668	323.055	0.271
1594300490.19091	228.933	0.053	4.657	323.055	0.269
1594300490.21358	228.944	0.053	4.676	322.974	0.265
1594300490.22341	228.923	0.054	4.692	322.974	0.268
1594300490.25216	228.927	0.054	4.681	322.974	0.270
1594300490.26216	228.918	0.053	4.691	322.974	0.260
1594300490.28216	228.888	0.053	4.678	322.894	0.265
1594300490.30716	228.880	0.054	4.684	322.974	0.263
1594300490.32091	228.881	0.054	4.684	322.974	0.270
1594300490.34214	228.902	0.054	4.706	322.974	0.262
1594300490.36839	228.903	0.053	4.661	322.894	0.264
1594300490.38091	228.845	0.054	4.683	322.894	0.264
1594300490.40214	228.886	0.053	4.629	322.894	0.264
1594300490.42839	228.864	0.054	4.696	322.813	0.263
1594300490.44214	228.867	0.053	4.684	322.813	0.260
1594300490.46091	228.862	0.053	4.688	322.813	0.261
1594300490.48720	228.837	0.053	4.674	322.813	0.264
1594300490.50217	228.889	0.053	4.725	322.733	0.258
1594300490.52218	228.872	0.053	4.638	322.733	0.261
1594300490.54720	228.849	0.053	4.665	322.894	0.266
1594300490.56218	228.865	0.054	4.663	322.813	0.265
1594300490.58092	228.823	0.054	4.714	322.813	0.269
1594300490.61217	228.847	0.054	4.663	322.733	0.265
1594300490.62342	228.865	0.054	4.782	322.733	0.265
1594300490.65837	228.814	0.054	4.661	322.894	0.265
1594300490.67092	228.900	0.054	4.742	322.894	0.262
1594300490.69337	228.881	0.054	4.700	322.894	0.268
1594300490.70342	228.891	0.053	4.631	322.733	0.266
1594300490.72970	228.921	0.054	4.713	322.974	0.264
1594300490.75212	228.920	0.054	4.704	323.055	0.263
1594300490.76217	228.946	0.054	4.685	323.055	0.264
1594300490.79465	228.890	0.053	4.679	323.135	0.262
1594300490.81215	228.909	0.053	4.684	322.894	0.262
1594300490.82218	228.932	0.054	4.716	322.894	0.261
1594300490.85586	228.916	0.053	4.691	322.894	0.263
1594300490.86343	228.918	0.053	4.707	322.894	0.262
1594300490.88343	228.901	0.053	4.690	322.974	0.264
1594300490.91711	228.934	0.053	4.673	322.894	0.262
1594300490.93487	228.923	0.053	4.701	322.894	0.265
1594300490.95586	228.935	0.054	4.709	322.974	0.269
1594300490.98363	228.875	0.053	4.659	322.894	0.264
1594300490.98467	228.842	0.054	4.665	322.813	0.264
1594300491.01461	228.856	0.053	4.707	322.894	0.261
1594300491.03094	228.848	0.053	4.681	322.733	0.261
1594300491.04593	228.819	0.053	4.678	322.813	0.265
1594300491.07211	228.791	0.054	4.673	322.733	0.264
1594300491.10238	228.721	0.054	4.710	322.813	0.269
1594300491.11462	228.775	0.054	4.710	322.813	0.266
1594300491.12468	228.781	0.054	4.704	322.813	0.271
1594300491.14970	228.767	0.054	4.712	322.813	0.269
1594300491.17211	228.795	0.054	4.724	322.733	0.266
1594300491.18343	228.741	0.054	4.668	322.733	0.269
1594300491.20970	228.740	0.054	4.684	322.733	0.265
1594300491.23462	228.759	0.054	4.693	322.813	0.262
1594300491.24469	228.759	0.054	4.702	322.813	0.270
1594300491.28463	228.774	0.053	4.719	322.733	0.263
1594300491.29614	228.731	0.053	4.674	322.652	0.268
1594300491.30344	228.792	0.054	4.750	322.813	0.264
1594300491.34462	228.774	0.053	4.678	322.813	0.263
1594300491.34970	228.784	0.053	4.666	322.572	0.265
1594300491.36469	228.757	0.053	4.660	322.652	0.261
1594300491.40086	228.730	0.053	4.688	322.733	0.260
1594300491.41461	228.763	0.053	4.681	322.733	0.261
1594300491.43962	228.755	0.054	4.716	322.572	0.262
1594300491.45344	228.774	0.054	4.723	322.894	0.269
1594300491.46591	228.779	0.054	4.724	322.894	0.263
1594300491.49213	228.708	0.054	4.723	322.652	0.268
1594300491.50594	228.740	0.054	4.660	322.733	0.270
1594300491.52469	228.723	0.054	4.717	322.733	0.269
1594300491.55212	228.742	0.054	4.705	322.652	0.263
1594300491.56971	228.721	0.054	4.737	322.813	0.261
1594300491.59213	228.672	0.054	4.688	322.974	0.263
1594300491.60344	228.711	0.054	4.699	322.813	0.265
1594300491.62972	228.712	0.053	4.671	322.652	0.261
1594300491.65460	228.664	0.053	4.644	322.733	0.265
1594300491.66341	228.661	0.053	4.609	322.652	0.260
1594300491.68968	228.666	0.054	4.733	322.572	0.266
1594300491.71460	228.749	0.054	4.702	322.652	0.264
1594300491.72466	228.709	0.053	4.691	322.733	0.262
1594300491.76085	228.731	0.053	4.717	322.733	0.261
1594300491.77341	228.782	0.054	4.697	322.733	0.268
1594300491.78341	228.732	0.054	4.713	322.733	0.265
1594300491.81961	228.772	0.054	4.741	322.733	0.269
1594300491.83217	228.756	0.053	4.696	322.813	0.263
1594300491.84341	228.783	0.054	4.665	322.652	0.265
1594300491.87834	228.789	0.054	4.707	322.733	0.271
1594300491.89466	228.762	0.054	4.670	322.813	0.263
1594300491.91211	228.791	0.054	4.688	322.733	0.268
1594300491.92216	228.835	0.054	4.695	322.894	0.261
1594300491.94968	228.842	0.054	4.687	322.974	0.268
1594300491.97210	228.842	0.053	4.652	322.894	0.266
1594300491.98341	228.745	0.054	4.680	322.974	0.266
1594300492.00968	228.754	0.054	4.700	322.733	0.265
1594300492.02217	228.765	0.054	4.685	322.813	0.268
1594300492.04341	228.733	0.054	4.655	322.733	0.266
1594300492.07711	228.728	0.053	4.698	322.652	0.264
1594300492.08467	228.698	0.053	4.705	322.492	0.263
1594300492.10467	228.754	0.053	4.729	322.652	0.257
1594300492.13835	228.781	0.053	4.697	322.572	0.264
1594300492.14592	228.810	0.053	4.720	322.652	0.257
1594300492.16342	228.794	0.054	4.695	322.733	0.266
1594300492.20085	228.781	0.053	4.718	322.733	0.261
1594300492.20715	228.808	0.054	4.715	322.813	0.264
1594300492.23960	228.813	0.054	4.739	322.813	0.265
1594300492.25342	228.812	0.054	4.698	322.894	0.269
1594300492.26342	228.807	0.054	4.729	322.733	0.260
1594300492.29960	228.772	0.054	4.679	322.813	0.265
1594300492.31215	228.810	0.054	4.715	322.894	0.266
1594300492.32467	228.787	0.054	4.672	322.894	0.271
1594300492.34215	228.755	0.054	4.700	322.813	0.269
1594300492.36967	228.777	0.053	4.622	322.894	0.263
1594300492.39214	228.770	0.053	4.681	322.813	0.263
1594300492.40343	228.850	0.054	4.740	322.974	0.264
1594300492.42970	228.842	0.054	4.716	322.894	0.264
1594300492.45212	228.844	0.054	4.687	322.974	0.266
1594300492.46218	228.859	0.054	4.742	322.894	0.260
1594300492.49343	228.803	0.053	4.686	322.813	0.264
1594300492.50343	228.871	0.054	4.719	322.974	0.268
1594300492.52343	228.866	0.054	4.677	322.813	0.269
1594300492.55840	228.850	0.054	4.741	322.813	0.264
1594300492.56491	228.860	0.053	4.696	322.894	0.258
1594300492.58469	228.821	0.053	4.683	322.974	0.261
1594300492.61961	228.814	0.054	4.652	322.813	0.262
1594300492.62594	228.863	0.053	4.691	322.894	0.261
1594300492.64468	228.836	0.053	4.667	322.894	0.262
1594300492.66970	228.858	0.054	4.724	322.894	0.269
1594300492.68364	228.818	0.054	4.701	323.055	0.271
1594300492.71590	228.867	0.054	4.678	322.894	0.265
1594300492.73219	228.862	0.054	4.653	322.974	0.268
1594300492.74344	228.883	0.054	4.744	322.974	0.265
1594300492.76219	228.889	0.054	4.654	322.974	0.262
1594300492.78844	228.858	0.054	4.692	323.055	0.273
1594300492.80344	228.864	0.054	4.698	323.135	0.268
1594300492.82219	228.828	0.054	4.657	322.974	0.269
1594300492.85094	228.891	0.054	4.691	323.135	0.268
1594300492.86219	228.882	0.054	4.699	323.055	0.268
1594300492.88219	228.883	0.054	4.712	323.135	0.265
1594300492.90864	228.893	0.053	4.701	323.055	0.265
1594300492.92219	228.899	0.054	4.677	323.055	0.270
1594300492.94344	228.913	0.054	4.712	323.055	0.270
1594300492.97114	228.912	0.054	4.707	323.055	0.265
1594300492.98219	228.863	0.053	4.664	322.894	0.255
1594300493.00344	228.901	0.054	4.717	322.813	0.262
1594300493.02845	228.894	0.053	4.695	322.974	0.268
1594300493.04219	228.885	0.054	4.729	322.894	0.264
1594300493.06344	228.925	0.053	4.700	322.974	0.259
1594300493.08990	228.917	0.054	4.717	323.055	0.263
1594300493.10240	228.938	0.054	4.735	322.894	0.264
1594300493.12344	228.970	0.054	4.703	323.135	0.265
1594300493.14971	228.926	0.054	4.717	322.894	0.265
1594300493.16344	228.926	0.054	4.696	323.135	0.270
1594300493.18220	228.898	0.054	4.699	322.974	0.266
1594300493.20865	228.915	0.054	4.710	323.135	0.268
1594300493.22345	228.953	0.054	4.724	323.135	0.274
1594300493.24218	228.934	0.054	4.675	323.135	0.266
1594300493.27342	228.912	0.054	4.698	323.216	0.270
1594300493.28361	228.885	0.054	4.698	323.135	0.265
1594300493.30237	228.895	0.054	4.702	323.135	0.272
1594300493.33092	228.919	0.054	4.732	323.055	0.264
1594300493.34217	228.929	0.053	4.698	323.135	0.262
1594300493.36217	228.940	0.053	4.675	323.135	0.263
1594300493.38986	228.888	0.053	4.664	323.055	0.257
1594300493.40237	228.896	0.054	4.688	323.055	0.266
1594300493.42217	228.910	0.054	4.734	323.055	0.269
1594300493.44969	228.922	0.054	4.718	323.055	0.264
1594300493.46217	228.947	0.053	4.664	323.135	0.262
1594300493.48362	228.914	0.054	4.722	323.055	0.265
1594300493.51584	228.894	0.054	4.692	323.135	0.268
1594300493.53337	228.918	0.053	4.680	323.135	0.262
1594300493.54342	228.949	0.053	4.719	323.135	0.263
1594300493.57711	228.954	0.054	4.721	323.216	0.270
1594300493.58470	228.954	0.054	4.672	323.135	0.265
1594300493.60470	228.938	0.053	4.673	323.055	0.263
1594300493.63840	228.944	0.054	4.683	323.296	0.262
1594300493.64471	228.904	0.053	4.695	323.055	0.264
1594300493.67840	228.941	0.053	4.673	323.135	0.264
1594300493.70590	228.920	0.053	4.703	323.135	0.268
1594300493.71490	228.894	0.053	4.669	323.135	0.265
1594300493.73965	228.955	0.054	4.724	322.974	0.265
1594300493.75242	228.996	0.053	4.690	323.055	0.263
1594300493.76596	228.994	0.053	4.658	322.974	0.263
1594300493.79862	228.976	0.053	4.698	323.135	0.262
1594300493.81470	228.963	0.053	4.693	323.055	0.264
1594300493.83340	228.959	0.053	4.714	323.216	0.261
1594300493.84343	228.991	0.054	4.733	322.974	0.268
1594300493.87469	228.989	0.054	4.710	323.135	0.270
1594300493.89337	228.982	0.054	4.728	323.135	0.270
1594300493.90346	228.990	0.053	4.670	323.216	0.265
1594300493.93219	228.999	0.054	4.688	323.216	0.268
1594300493.94219	229.027	0.054	4.683	323.296	0.265
1594300493.96346	228.966	0.054	4.666	323.135	0.270
1594300493.98971	228.922	0.054	4.685	323.216	0.265
1594300494.00219	228.912	0.054	4.655	322.974	0.270
1594300494.02344	228.891	0.053	4.624	322.974	0.269
1594300494.04970	228.920	0.054	4.710	323.135	0.266
1594300494.07095	228.947	0.053	4.654	322.974	0.263
1594300494.08344	228.916	0.054	4.638	322.974	0.263
1594300494.10843	228.910	0.053	4.699	322.974	0.261
1594300494.12596	228.942	0.053	4.655	323.216	0.262
1594300494.14218	228.931	0.054	4.638	322.974	0.263
1594300494.17218	228.945	0.053	4.667	322.974	0.265
1594300494.18492	228.935	0.054	4.719	322.974	0.265
1594300494.21963	228.936	0.054	4.696	323.055	0.268
1594300494.23219	228.941	0.054	4.660	322.974	0.269
1594300494.24343	228.917	0.054	4.675	322.894	0.268
1594300494.28088	228.936	0.054	4.700	322.894	0.265
1594300494.29344	228.929	0.053	4.677	322.813	0.263
1594300494.30469	228.900	0.054	4.702	322.974	0.268
1594300494.32219	228.910	0.053	4.668	322.894	0.263
1594300494.35344	228.917	0.054	4.752	322.894	0.275
1594300494.36594	228.900	0.054	4.698	322.894	0.268
1594300494.38344	228.910	0.054	4.729	323.055	0.268
1594300494.40971	228.887	0.054	4.701	322.974	0.268
1594300494.43216	228.906	0.054	4.756	322.974	0.266
1594300494.44344	228.881	0.054	4.713	322.974	0.268
1594300494.46970	228.921	0.053	4.690	323.135	0.264
1594300494.49489	228.895	0.054	4.687	322.894	0.266
1594300494.50470	228.916	0.054	4.704	322.813	0.263
1594300494.53962	228.926	0.053	4.670	322.894	0.264
1594300494.54595	228.943	0.053	4.704	322.974	0.261
1594300494.56595	228.901	0.054	4.682	322.894	0.263
1594300494.60588	228.887	0.053	4.705	322.974	0.260
1594300494.61739	228.887	0.053	4.686	322.813	0.264
1594300494.63964	228.942	0.053	4.739	322.733	0.263
1594300494.66739	228.921	0.053	4.688	322.974	0.264
1594300494.67345	228.936	0.054	4.736	322.813	0.262
1594300494.69337	228.909	0.054	4.708	322.894	0.266
1594300494.70594	228.919	0.054	4.696	323.055	0.271
1594300494.72719	228.947	0.054	4.705	322.974	0.271
1594300494.75337	228.924	0.054	4.693	323.135	0.272
1594300494.78589	228.926	0.054	4.736	323.055	0.269
1594300494.81467	228.934	0.054	4.718	323.055	0.266
1594300494.82845	228.962	0.054	4.726	323.055	0.266
1594300494.85963	228.988	0.053	4.666	323.055	0.262
1594300494.86593	228.968	0.053	4.666	323.055	0.264
1594300494.88592	228.972	0.054	4.716	322.974	0.263
1594300494.92085	228.948	0.053	4.720	323.135	0.263
1594300494.93459	228.986	0.053	4.688	323.216	0.263
1594300494.96214	229.006	0.053	4.700	323.055	0.262
1594300494.97592	229.004	0.053	4.711	323.055	0.261
1594300494.98842	228.988	0.053	4.696	323.055	0.264
1594300495.01335	228.996	0.054	4.710	322.974	0.265
1594300495.02717	228.992	0.053	4.689	323.135	0.259
1594300495.04593	229.016	0.053	4.696	322.974	0.262
1594300495.07338	229.035	0.053	4.704	323.055	0.261
1594300495.10590	229.017	0.053	4.717	322.974	0.263
1594300495.12470	229.057	0.054	4.726	323.296	0.272
1594300495.15471	229.025	0.054	4.690	323.216	0.272
1594300495.16596	229.013	0.054	4.733	323.055	0.273
1594300495.18345	228.931	0.053	4.614	322.974	0.268
1594300495.21221	228.837	0.054	4.649	322.894	0.266
1594300495.23339	228.886	0.054	4.734	322.894	0.269
1594300495.24345	228.876	0.054	4.680	322.894	0.273
1594300495.28214	228.876	0.054	4.670	322.813	0.274
1594300495.28721	228.848	0.054	4.712	322.813	0.268
1594300495.30471	228.830	0.054	4.683	323.135	0.266
1594300495.34089	228.886	0.054	4.744	322.894	0.273
1594300495.34721	228.910	0.054	4.678	322.894	0.272
1594300495.36470	228.870	0.054	4.715	322.894	0.270
1594300495.40090	228.861	0.053	4.641	322.894	0.260
1594300495.40595	228.840	0.054	4.694	322.813	0.265
1594300495.44089	228.855	0.054	4.690	322.894	0.272
1594300495.45471	228.877	0.054	4.710	322.813	0.261
1594300495.46471	228.881	0.053	4.686	322.813	0.262
1594300495.50089	228.866	0.053	4.694	322.894	0.262
1594300495.51346	228.825	0.054	4.694	322.813	0.272
1594300495.52596	228.875	0.054	4.694	322.733	0.265
1594300495.55714	228.882	0.054	4.701	322.813	0.265
1594300495.57346	228.898	0.054	4.771	322.974	0.270
1594300495.59464	228.902	0.054	4.678	322.974	0.269
1594300495.60471	228.890	0.054	4.717	322.974	0.271
1594300495.63096	228.908	0.054	4.726	323.055	0.266
1594300495.65462	228.879	0.054	4.676	323.055	0.268
1594300495.66471	228.929	0.054	4.705	323.055	0.273
1594300495.69221	228.859	0.054	4.666	323.055	0.273
1594300495.70346	228.833	0.054	4.647	322.974	0.271
1594300495.72471	228.872	0.054	4.676	322.894	0.265
1594300495.76091	228.870	0.053	4.654	322.974	0.264
1594300495.76721	228.873	0.053	4.651	322.894	0.264
1594300495.78471	228.903	0.054	4.697	323.055	0.269
1594300495.82090	228.845	0.053	4.667	322.813	0.259
1594300495.82596	228.893	0.054	4.702	322.974	0.264
1594300495.84595	228.906	0.054	4.712	322.974	0.266
1594300495.88340	228.888	0.054	4.713	322.813	0.268
1594300495.89590	228.886	0.054	4.731	322.894	0.262
1594300495.92091	228.866	0.054	4.673	322.974	0.269
1594300495.93347	228.876	0.054	4.729	322.974	0.268
1594300495.94595	228.912	0.054	4.686	322.974	0.265
1594300495.97338	228.830	0.053	4.597	322.974	0.268
1594300495.98971	228.812	0.054	4.710	322.894	0.268
1594300496.00845	228.796	0.053	4.684	322.813	0.265
1594300496.03340	228.813	0.054	4.694	322.894	0.270
1594300496.05219	228.786	0.055	4.719	322.894	0.274
1594300496.07716	228.768	0.054	4.706	322.974	0.270
1594300496.08595	228.756	0.053	4.674	322.894	0.262
1594300496.11470	228.742	0.054	4.718	322.974	0.263
1594300496.13220	228.751	0.054	4.667	322.894	0.270
1594300496.14345	228.839	0.054	4.715	322.894	0.271
1594300496.17220	228.802	0.054	4.696	322.894	0.268
1594300496.19838	228.806	0.054	4.717	323.135	0.266
1594300496.20595	228.780	0.054	4.699	322.894	0.266
1594300496.24216	228.805	0.054	4.681	322.974	0.266
1594300496.25470	228.777	0.053	4.654	322.813	0.261
1594300496.26470	228.787	0.054	4.737	322.652	0.263
1594300496.29838	228.738	0.054	4.711	322.733	0.263
1594300496.31595	228.717	0.053	4.691	322.974	0.263
1594300496.32845	228.756	0.054	4.691	322.733	0.268
1594300496.34345	228.763	0.054	4.719	322.733	0.263
1594300496.37095	228.773	0.054	4.715	322.813	0.263
1594300496.39341	228.773	0.054	4.699	322.733	0.264
1594300496.40595	228.742	0.054	4.680	322.733	0.268
1594300496.43220	228.816	0.054	4.771	323.135	0.272
1594300496.44345	228.789	0.054	4.720	322.894	0.266
