[    0.000000] Booting Linux on physical CPU 0x0000000000 [0x410fd034]
[    0.000000] Linux version 4.19.118-v8+ (dom@buildbot) (gcc version 5.4.0 20160609 (Ubuntu/Linaro 5.4.0-6ubuntu1~16.04.9)) #1311 SMP PREEMPT Mon Apr 27 14:32:38 BST 2020
[    0.000000] Machine model: Raspberry Pi 3 Model B Rev 1.2
[    0.000000] efi: Getting EFI parameters from FDT:
[    0.000000] efi: UEFI not found.
[    0.000000] cma: Reserved 8 MiB at 0x000000003ac00000
[    0.000000] random: get_random_bytes called from start_kernel+0xb8/0x47c with crng_init=0
[    0.000000] percpu: Embedded 24 pages/cpu s58840 r8192 d31272 u98304
[    0.000000] Detected VIPT I-cache on CPU0
[    0.000000] CPU features: enabling workaround for ARM erratum 843419
[    0.000000] CPU features: enabling workaround for ARM erratum 845719
[    0.000000] Built 1 zonelists, mobility grouping on.  Total pages: 238896
[    0.000000] Kernel command line: coherent_pool=1M 8250.nr_uarts=1 snd_bcm2835.enable_compat_alsa=0 snd_bcm2835.enable_hdmi=1 snd_bcm2835.enable_headphones=1 bcm2708_fb.fbwidth=
656 bcm2708_fb.fbheight=416 bcm2708_fb.fbswap=1 vc_mem.mem_base=0x3ec00000 vc_mem.mem_size=0x40000000  dwc_otg.lpm_enable=0 console=ttyAMA0,115200 console=tty1 root=PARTUUID=4c999
877-02 rootfstype=ext4 elevator=deadline fsck.repair=yes rootwait
[    0.000000] Dentry cache hash table entries: 131072 (order: 8, 1048576 bytes)
[    0.000000] Inode-cache hash table entries: 65536 (order: 7, 524288 bytes)
[    0.000000] Memory: 929096K/970752K available (8700K kernel code, 1074K rwdata, 2760K rodata, 1024K init, 1126K bss, 33464K reserved, 8192K cma-reserved)
[    0.000000] SLUB: HWalign=64, Order=0-3, MinObjects=0, CPUs=4, Nodes=1
[    0.000000] ftrace: allocating 30496 entries in 120 pages
[    0.000000] rcu: Preemptible hierarchical RCU implementation.
[    0.000000] rcu:     RCU restricting CPUs from NR_CPUS=64 to nr_cpu_ids=4.
[    0.000000]  Tasks RCU enabled.
[    0.000000] rcu: Adjusting geometry for rcu_fanout_leaf=16, nr_cpu_ids=4
[    0.000000] NR_IRQS: 64, nr_irqs: 64, preallocated irqs: 0
[    0.000000] arch_timer: cp15 timer(s) running at 19.20MHz (phys).
[    0.000000] clocksource: arch_sys_counter: mask: 0xffffffffffffff max_cycles: 0x46d987e47, max_idle_ns: 440795202767 ns
[    0.000007] sched_clock: 56 bits at 19MHz, resolution 52ns, wraps every 4398046511078ns
[    0.000271] Console: colour dummy device 80x25
[    0.000935] console [tty1] enabled
[    0.001005] Calibrating delay loop (skipped), value calculated using timer frequency.. 38.40 BogoMIPS (lpj=76800)
[    0.001058] pid_max: default: 32768 minimum: 301
[    0.001491] Mount-cache hash table entries: 2048 (order: 2, 16384 bytes)
[    0.001548] Mountpoint-cache hash table entries: 2048 (order: 2, 16384 bytes)
[    0.024104] ASID allocator initialised with 32768 entries
[    0.032101] rcu: Hierarchical SRCU implementation.
[    0.040723] EFI services will not be available.
[    0.048179] smp: Bringing up secondary CPUs ...
[    0.080446] Detected VIPT I-cache on CPU1
[    0.080515] CPU1: Booted secondary processor 0x0000000001 [0x410fd034]
[    0.112573] Detected VIPT I-cache on CPU2
[    0.112620] CPU2: Booted secondary processor 0x0000000002 [0x410fd034]
[    0.144738] Detected VIPT I-cache on CPU3
[    0.144784] CPU3: Booted secondary processor 0x0000000003 [0x410fd034]
[    0.144969] smp: Brought up 1 node, 4 CPUs
[    0.145124] SMP: Total of 4 processors activated.
[    0.145158] CPU features: detected: 32-bit EL0 Support
[    0.146131] CPU: All CPU(s) started at EL2
[    0.146205] alternatives: patching kernel code
[    0.147827] devtmpfs: initialized
[    0.164016] Enabled cp15_barrier support
[    0.164083] Enabled setend support
[    0.164625] clocksource: jiffies: mask: 0xffffffff max_cycles: 0xffffffff, max_idle_ns: 7645041785100000 ns
[    0.164686] futex hash table entries: 1024 (order: 4, 65536 bytes)
[    0.165440] pinctrl core: initialized pinctrl subsystem
[    0.166335] DMI not present or invalid.
[    0.166905] NET: Registered protocol family 16
[    0.173382] cpuidle: using governor menu
[    0.173992] hw-breakpoint: found 6 breakpoint and 4 watchpoint registers.
[    0.178612] DMA: preallocated 1024 KiB pool for atomic allocations
[    0.178790] Serial: AMBA PL011 UART driver
[    0.183385] bcm2835-mbox 3f00b880.mailbox: mailbox enabled
[    0.192955] raspberrypi-firmware soc:firmware: Attached to firmware from 2020-04-15 11:43, variant start
[    0.196973] raspberrypi-firmware soc:firmware: Firmware hash is 82f9bb929ce2186eb1824178c1ae82902ad6275c
[    0.245825] bcm2835-dma 3f007000.dma: DMA legacy API manager at (____ptrval____), dmachans=0x1
[    0.249134] vgaarb: loaded
[    0.249781] SCSI subsystem initialized
[    0.250078] usbcore: registered new interface driver usbfs
[    0.250182] usbcore: registered new interface driver hub
[    0.250344] usbcore: registered new device driver usb
[    0.250521] pps_core: LinuxPPS API ver. 1 registered
[    0.250555] pps_core: Software ver. 5.3.6 - Copyright 2005-2007 Rodolfo Giometti <giometti@linux.it>
[    0.250614] PTP clock support registered
[    0.252429] clocksource: Switched to clocksource arch_sys_counter
[    0.377614] VFS: Disk quotas dquot_6.6.0
[    0.377755] VFS: Dquot-cache hash table entries: 512 (order 0, 4096 bytes)
[    0.378036] FS-Cache: Loaded
[    0.378320] CacheFiles: Loaded
[    0.390463] NET: Registered protocol family 2
[    0.391430] tcp_listen_portaddr_hash hash table entries: 512 (order: 1, 8192 bytes)
[    0.391505] TCP established hash table entries: 8192 (order: 4, 65536 bytes)
[    0.391648] TCP bind hash table entries: 8192 (order: 5, 131072 bytes)
[    0.391876] TCP: Hash tables configured (established 8192 bind 8192)
[    0.392162] UDP hash table entries: 512 (order: 2, 16384 bytes)
[    0.392240] UDP-Lite hash table entries: 512 (order: 2, 16384 bytes)
[    0.392672] NET: Registered protocol family 1
[    0.393681] RPC: Registered named UNIX socket transport module.
[    0.393718] RPC: Registered udp transport module.
[    0.393748] RPC: Registered tcp transport module.
[    0.393778] RPC: Registered tcp NFSv4.1 backchannel transport module.
[    0.396379] hw perfevents: enabled with armv8_cortex_a53 PMU driver, 7 counters available
[    0.396653] kvm [1]: 8-bit VMID
[    0.397500] kvm [1]: Hyp mode initialized successfully
[    0.402387] Initialise system trusted keyrings
[    0.402739] workingset: timestamp_bits=46 max_order=18 bucket_order=0
[    0.414918] FS-Cache: Netfs 'nfs' registered for caching
[    0.415978] NFS: Registering the id_resolver key type
[    0.416039] Key type id_resolver registered
[    0.416069] Key type id_legacy registered
[    0.416111] nfs4filelayout_init: NFSv4 File Layout Driver Registering...
[    0.423864] Key type asymmetric registered
[    0.423912] Asymmetric key parser 'x509' registered
[    0.424010] Block layer SCSI generic (bsg) driver version 0.4 loaded (major 248)
[    0.424303] io scheduler noop registered
[    0.424338] io scheduler deadline registered (default)
[    0.424655] io scheduler cfq registered
[    0.424689] io scheduler mq-deadline registered (default)
[    0.424723] io scheduler kyber registered
[    0.430919] bcm2708_fb soc:fb: FB found 1 display(s)
[    0.440405] Console: switching to colour frame buffer device 82x26
[    0.445349] bcm2708_fb soc:fb: Registered framebuffer for display 0, size 656x416
[    0.452766] Serial: 8250/16550 driver, 1 ports, IRQ sharing enabled
[    0.457247] bcm2835-rng 3f104000.rng: hwrng registered
[    0.460189] vc-mem: phys_addr:0x00000000 mem_base=0x3ec00000 mem_size:0x40000000(1024 MiB)
[    0.465961] gpiomem-bcm2835 3f200000.gpiomem: Initialised: Registers at 0x3f200000
[    0.471489] cacheinfo: Unable to detect cache hierarchy for CPU 0
[    0.490331] brd: module loaded
[    0.508522] loop: module loaded
[    0.512216] Loading iSCSI transport class v2.0-870.
[    0.517614] libphy: Fixed MDIO Bus: probed
[    0.520641] usbcore: registered new interface driver r8152
[    0.523265] usbcore: registered new interface driver lan78xx
[    0.525900] usbcore: registered new interface driver smsc95xx
[    0.528788] dwc_otg: version 3.00a 10-AUG-2012 (platform bus)
[    0.559410] dwc_otg 3f980000.usb: base=(____ptrval____)
[    0.775627] Core Release: 2.80a
[    0.778161] Setting default values for core params
[    0.780708] Finished setting default values for core params
[    0.996162] Using Buffer DMA mode
[    0.998578] Periodic Transfer Interrupt Enhancement - disabled
[    1.001027] Multiprocessor Interrupt Enhancement - disabled
[    1.003443] OTG VER PARAM: 0, OTG VER FLAG: 0
[    1.005810] Dedicated Tx FIFOs mode
[    1.008939] WARN::dwc_otg_hcd_init:1074: FIQ DMA bounce buffers: virt = ffffff80090c1000 dma = 0x00000000fad04000 len=9024
[    1.013474] FIQ FSM acceleration enabled for :
[    1.013474] Non-periodic Split Transactions
[    1.013474] Periodic Split Transactions
[    1.013474] High-Speed Isochronous Endpoints
[    1.013474] Interrupt/Control Split Transaction hack enabled
[    1.024273] WARN::hcd_init_fiq:497: MPHI regs_base at ffffff8008065000
[    1.026590] dwc_otg 3f980000.usb: DWC OTG Controller
[    1.028958] dwc_otg 3f980000.usb: new USB bus registered, assigned bus number 1
[    1.031418] dwc_otg 3f980000.usb: irq 9, io mem 0x00000000
[    1.033862] Init: Port Power? op_state=1
[    1.036191] Init: Power Port (0)
[    1.038867] usb usb1: New USB device found, idVendor=1d6b, idProduct=0002, bcdDevice= 4.19
[    1.043626] usb usb1: New USB device strings: Mfr=3, Product=2, SerialNumber=1
[    1.046188] usb usb1: Product: DWC OTG Controller
[    1.048699] usb usb1: Manufacturer: Linux 4.19.118-v8+ dwc_otg_hcd
[    1.051199] usb usb1: SerialNumber: 3f980000.usb
[    1.054486] hub 1-0:1.0: USB hub found
[    1.057024] hub 1-0:1.0: 1 port detected
[    1.060587] usbcore: registered new interface driver uas
[    1.062997] usbcore: registered new interface driver usb-storage
[    1.065558] mousedev: PS/2 mouse device common for all mice
[    1.069437] bcm2835-wdt bcm2835-wdt: Broadcom BCM2835 watchdog timer
[    1.074026] sdhci: Secure Digital Host Controller Interface driver
[    1.076501] sdhci: Copyright(c) Pierre Ossman
[    1.079578] sdhost-bcm2835 3f202000.mmc: could not get clk, deferring probe
[    1.082332] sdhci-pltfm: SDHCI platform and OF driver helper
[    1.086984] ledtrig-cpu: registered to indicate activity on CPUs
[    1.089725] hidraw: raw HID events driver (C) Jiri Kosina
[    1.092390] usbcore: registered new interface driver usbhid
[    1.094894] usbhid: USB HID core driver
[    1.098634] vchiq: vchiq_init_state: slot_zero = (____ptrval____), is_master = 0
[    1.107492] Initializing XFRM netlink socket
[    1.109987] NET: Registered protocol family 17
[    1.112511] Key type dns_resolver registered
[    1.116252] registered taskstats version 1
[    1.118605] Loading compiled-in X.509 certificates
[    1.132909] uart-pl011 3f201000.serial: cts_event_workaround enabled
[    1.135504] 3f201000.serial: ttyAMA0 at MMIO 0x3f201000 (irq = 66, base_baud = 0) is a PL011 rev2
[    2.126095] console [ttyAMA0] enabled
[    2.134427] bcm2835-power bcm2835-power: Broadcom BCM2835 power domains driver
[    2.146386] sdhost: log_buf @ (____ptrval____) (fad07000)
[    2.203571] mmc0: sdhost-bcm2835 loaded - DMA enabled (>1)
[    2.215646] of_cfs_init
[    2.220799] of_cfs_init: OK
[    2.226898] Waiting for root device PARTUUID=4c999877-02...
[    2.248628] Indeed it is in host mode hprt0 = 00021501
[    2.310785] mmc0: host does not support reading read-only switch, assuming write-enable
[    2.342034] mmc0: new high speed SDHC card at address aaaa
[    2.352469] mmcblk0: mmc0:aaaa SC16G 14.8 GiB
[    2.365044]  mmcblk0: p1 p2
[    2.369160] random: fast init done
[    2.397066] EXT4-fs (mmcblk0p2): INFO: recovery required on readonly filesystem
[    2.406999] EXT4-fs (mmcblk0p2): write access will be enabled during recovery
[    2.429928] EXT4-fs (mmcblk0p2): recovery complete
[    2.452494] EXT4-fs (mmcblk0p2): mounted filesystem with ordered data mode. Opts: (null)
[    2.464513] usb 1-1: new high-speed USB device number 2 using dwc_otg
[    2.465649] VFS: Mounted root (ext4 filesystem) readonly on device 179:2.
[    2.474769] Indeed it is in host mode hprt0 = 00001101
[    2.500582] devtmpfs: mounted
[    2.512674] Freeing unused kernel memory: 1024K
[    2.519881] Run /sbin/init as init process
[    2.701047] usb 1-1: New USB device found, idVendor=0424, idProduct=9514, bcdDevice= 2.00
[    2.714564] usb 1-1: New USB device strings: Mfr=0, Product=0, SerialNumber=0
[    2.725423] hub 1-1:1.0: USB hub found
[    2.732207] hub 1-1:1.0: 5 ports detected
[    3.028505] usb 1-1.1: new high-speed USB device number 3 using dwc_otg
[    3.137082] usb 1-1.1: New USB device found, idVendor=0424, idProduct=ec00, bcdDevice= 2.00
[    3.150775] usb 1-1.1: New USB device strings: Mfr=0, Product=0, SerialNumber=0
[    3.164099] smsc95xx v1.0.6
[    3.239304] smsc95xx 1-1.1:1.0 eth0: register 'smsc95xx' at usb-3f980000.usb-1.1, smsc95xx USB 2.0 Ethernet, b8:27:eb:6d:27:bc
[    3.269709] systemd[1]: System time before build time, advancing clock.
[    3.467171] NET: Registered protocol family 10
[    3.476379] Segment Routing with IPv6
[    3.546092] systemd[1]: systemd 241 running in system mode. (+PAM +AUDIT +SELINUX +IMA +APPARMOR +SMACK +SYSVINIT +UTMP +LIBCRYPTSETUP +GCRYPT +GNUTLS +ACL +XZ +LZ4 +SECCOMP +B
LKID +ELFUTILS +KMOD -IDN2 +IDN -PCRE2 default-hierarchy=hybrid)
[    3.577564] systemd[1]: Detected architecture arm64.
[    3.607313] systemd[1]: Set hostname to <raspberrypi>.
[    3.637517] random: crng init done
[    3.857081] uart-pl011 3f201000.serial: no DMA platform data
[    4.609769] systemd[1]: Created slice system-serial\x2dgetty.slice.
[    4.624365] systemd[1]: Listening on Journal Socket.
[    4.653147] systemd[1]: Starting Set the console keyboard layout...
[    4.666944] systemd[1]: Started Dispatch Password Requests to Console Directory Watch.
[    4.686208] systemd[1]: Set up automount Arbitrary Executable File Formats File System Automount Point.
[    4.706717] systemd[1]: Listening on udev Kernel Socket.
[    4.718884] systemd[1]: Condition check resulted in Kernel Module supporting RPCSEC_GSS being skipped.
[    9.737469] Unable to handle kernel NULL pointer dereference at virtual address 0000000000000000
[    9.737718] Unable to handle kernel paging request at virtual address ffffff80082b5dc8
[    9.741463] Unable to handle kernel write to read-only memory at virtual address ffffffc000806000
[    9.741472] Mem abort info:
[    9.741476]   ESR = 0x9600004e
[    9.741482]   Exception class = DABT (current EL), IL = 32 bits
[    9.741487]   SET = 0, FnV = 0
[    9.741491]   EA = 0, S1PTW = 0
[    9.741496] Data abort info:
[    9.741500]   ISV = 0, ISS = 0x0000004e
[    9.741505]   CM = 0, WnR = 1
[    9.741514] swapper pgtable: 4k pages, 39-bit VAs, pgdp = 000000003a922957
[    9.741519] [ffffffc000806000] pgd=000000003abf8003, pud=000000003abf8003, pmd=0060000000800791
[    9.741534] Internal error: Oops: 9600004e [#1] PREEMPT SMP
[    9.741539] Modules linked in: binfmt_misc bcm2835_codec(C) bcm2835_v4l2(C) v4l2_mem2mem raspberrypi_hwmon bcm2835_mmal_vchiq(C) v4l2_common hwmon videobuf2_dma_contig videobuf
2_vmalloc videobuf2_memops videobuf2_v4l2 videobuf2_common videodev vc_sm_cma(C) media uio_pdrv_genirq uio ip_tables x_tables ipv6
[    9.741582] Process awk (pid: 344, stack limit = 0x000000002cf04ee7)
[    9.741590] CPU: 2 PID: 344 Comm: awk Tainted: G         C        4.19.118-v8+ #1311
[    9.741594] Hardware name: Raspberry Pi 3 Model B Rev 1.2 (DT)
[    9.741599] pstate: 80000005 (Nzcv daif -PAN -UAO)
[    9.741614] pc : clear_page+0x10/0x24
[    9.741626] lr : __cpu_clear_user_page+0x20/0x30
[    9.741629] sp : ffffff800a02b880
[    9.741632] x29: ffffff800a02b880 x28: ffffffc034645700 
[    9.741638] x27: 0000000000020000 x26: 0000000000000002 
[    9.741643] x25: ffffffc034eb0760 x24: 00000000ffd32000 
[    9.741648] x23: ffffffbf00020180 x22: ffffff8008b63000 
[    9.741653] x21: ffffffc035652ac8 x20: ffffff8008cc8000 
[    9.741659] x19: ffffffc000806000 x18: ffffff8008cc8688 
[    9.741664] x17: 0000000000000000 x16: 0000000000000000 
[    9.741669] x15: ffffffc0b4e60bff x14: ffffffffffffffff 
[    9.741674] x13: ffffffffff000000 x12: ffffffffffffffff 
[    9.741679] x11: 0000000000000018 x10: 0000000005f5e0ff 
[    9.741684] x9 : 0000004031ef6000 x8 : 0000000000000000 
[    9.741689] x7 : ffffff8008cc8688 x6 : ffffff8008cc8000 
[    9.741695] x5 : ffffff8008cc8e00 x4 : ffffff8008226ad0 
[    9.741700] x3 : ffffff800a02b750 x2 : 0000000000000004 
[    9.741704] x1 : 0000000000000040 x0 : ffffffc000806000 
[    9.741710] Call trace:
[    9.741715]  clear_page+0x10/0x24
[    9.741725]  __handle_mm_fault+0x65c/0xb28
[    9.741730]  handle_mm_fault+0x180/0x238
[    9.741737]  do_page_fault+0x1c0/0x498
[    9.741743]  do_translation_fault+0xa8/0xb8
[    9.741748]  do_mem_abort+0x68/0x128
[    9.741752]  el1_da+0x20/0x80
[    9.741757]  __arch_copy_to_user+0xb8/0x220
[    9.741764]  vfs_readlink+0x120/0x128
[    9.741770]  do_readlinkat+0xc4/0x138
[    9.741775]  __arm64_sys_readlink+0x28/0x38
[    9.741782]  el0_svc_common+0xf4/0x1c0
[    9.741787]  el0_svc_compat_handler+0x30/0x40
[    9.741791]  el0_svc_compat+0x8/0x18
[    9.741797] Code: d53b00e1 12000c21 d2800082 9ac12041 (d50b7420) 
[    9.741803] ---[ end trace c2e223431a7f27ac ]---
[    9.741814] note: awk[344] exited with preempt_count 1
[    9.748475] Mem abort info:
[    9.748482]   ESR = 0x96000006
[    9.748488]   Exception class = DABT (current EL), IL = 32 bits
[    9.748493]   SET = 0, FnV = 0
[    9.748501]   EA = 0, S1PTW = 0
[    9.758686] Mem abort info:
[    9.769796] Data abort info:
[    9.769801]   ISV = 0, ISS = 0x00000006
[    9.769806]   CM = 0, WnR = 0
[    9.769816] user pgtable: 4k pages, 39-bit VAs, pgdp = 000000000947ee7a
[    9.769821] [0000000000000000] pgd=0000000036f50003, pud=0000000036f50003, pmd=0000000000000000
[    9.769835] Internal error: Oops: 96000006 [#2] PREEMPT SMP
[    9.769840] Modules linked in: binfmt_misc bcm2835_codec(C) bcm2835_v4l2(C) v4l2_mem2mem raspberrypi_hwmon bcm2835_mmal_vchiq(C) v4l2_common hwmon videobuf2_dma_contig videobuf
2_vmalloc videobuf2_memops videobuf2_v4l2 videobuf2_common videodev vc_sm_cma(C) media uio_pdrv_genirq uio ip_tables x_tables ipv6
[    9.773785]   ESR = 0x86000004
[    9.777860] Process systemd-journal (pid: 129, stack limit = 0x000000003c53396f)
[    9.777868] CPU: 0 PID: 129 Comm: systemd-journal Tainted: G      D  C        4.19.118-v8+ #1311
[    9.777874] Hardware name: Raspberry Pi 3 Model B Rev 1.2 (DT)
[    9.784911]   Exception class = IABT (current EL), IL = 32 bits
[    9.789037] pstate: 20000005 (nzCv daif -PAN -UAO)
[    9.789049] pc : save_return_addr+0x0/0x28
[    9.789057] lr : preempt_count_add+0x108/0x128
[    9.793281]   SET = 0, FnV = 0
[    9.797191] sp : ffffff80099bbd20
[    9.797194] x29: ffffff80099bbd20 x28: ffffffc036f6ba00 
[    9.797199] x27: 0000000000000000 x26: 0000000000000000 
[    9.802098]   EA = 0, S1PTW = 0
[    9.806092] x25: ffffffc03668c868 x24: ffffff80099bbe00 
[    9.806097] x23: ffffffc03668c900 x22: ffffffc03668c868 
[    9.806102] x21: ffffffc036f80b18 x20: 0000000000000001 
[    9.814120] swapper pgtable: 4k pages, 39-bit VAs, pgdp = 000000003a922957
[    9.825101] x19: ffffff80088ea768 x18: 0000000000000000 
[    9.825106] x17: 0000000000000000 x16: 0000000200000000 
[    9.825111] x15: 0000000000000000 x14: 0000000000000000 
[    9.831901] [ffffff80082b5dc8] pgd=000000003abfe003, pud=000000003abfe003, pmd=0040000000200791
[    9.864140] x13: 0000000000000000 x12: 0000000000000000 
[    9.864145] x11: 0000000000000000 x10: fefefefefefefeff 
[    9.864150] x9 : ffffffc036f6ba00 x8 : 0000000000000000 
[   10.344640] x7 : ffffff8008cc8688 x6 : 0000000000000003 
[   10.350895] x5 : 0000000000000000 x4 : ffffff80082a4600 
[   10.357152] x3 : ffffff80099bbd60 x2 : 5c12174d01c22c00 
[   10.363409] x1 : 0000000000000000 x0 : ffffff80082a4600 
[   10.369664] Call trace:
[   10.373040]  save_return_addr+0x0/0x28
[   10.377741]  _raw_spin_lock+0x20/0x60
[   10.382348]  vfs_unlink+0xc8/0x1c8
[   10.386671]  do_unlinkat+0x234/0x288
[   10.391152]  __arm64_sys_unlink+0x2c/0x38
[   10.396088]  el0_svc_common+0xf4/0x1c0
[   10.400763]  el0_svc_compat_handler+0x30/0x40
[   10.406015]  el0_svc_compat+0x8/0x18
[   10.410432] Code: 6b00009f 54fffca0 53001e62 17ffffdd (b9400022) 
[   10.417437] ---[ end trace c2e223431a7f27ad ]---
[   10.422996] Internal error: Oops: 86000004 [#3] PREEMPT SMP
[   10.423210] note: systemd-journal[129] exited with preempt_count 1
[   10.424437] ------------[ cut here ]------------
[   10.424442] rq->clock_update_flags < RQCF_ACT_SKIP
[   10.424469] WARNING: CPU: 3 PID: 0 at kernel/sched/sched.h:993 update_blocked_averages+0x65c/0x898
[   10.424473] Modules linked in: binfmt_misc bcm2835_codec(C) bcm2835_v4l2(C) v4l2_mem2mem raspberrypi_hwmon bcm2835_mmal_vchiq(C) v4l2_common hwmon videobuf2_dma_contig videobuf
2_vmalloc videobuf2_memops videobuf2_v4l2 videobuf2_common videodev vc_sm_cma(C) media uio_pdrv_genirq uio ip_tables x_tables ipv6
[   10.424521] CPU: 3 PID: 0 Comm: swapper/3 Tainted: G      D  C        4.19.118-v8+ #1311
[   10.424524] Hardware name: Raspberry Pi 3 Model B Rev 1.2 (DT)
[   10.424529] pstate: 60000085 (nZCv daIf -PAN -UAO)
[   10.424534] pc : update_blocked_averages+0x65c/0x898
[   10.424538] lr : update_blocked_averages+0x65c/0x898
[   10.424541] sp : ffffff800801bdf0
[   10.424543] x29: ffffff800801bdf0 x28: ffffffc036e4d400 
[   10.424549] x27: ffffffc0385cec00 x26: ffffffc03abc7340 
[   10.424554] x25: ffffffc036e4d530 x24: ffffffc03abc7bd0 
[   10.424559] x23: 0000000000000018 x22: 0000000000000001 
[   10.424564] x21: ffffffc03abc72c0 x20: ffffffc036e4d540 
[   10.424570] x19: ffffffc036e4d400 x18: 0000000000000000 
[   10.424575] x17: 0000000000000000 x16: 0000000000000000 
[   10.424580] x15: 0000000000000000 x14: 0000000000000000 
[   10.424584] x13: 0000000000000000 x12: 0000000000000000 
[   10.424590] x11: ffffff8008ce0000 x10: ffffff8008dd6000 
[   10.424595] x9 : ffffff800801bdf0 x8 : 3c207367616c665f 
[   10.424600] x7 : 6574616470755f6b x6 : ffffff8008dd614e 
[   10.424605] x5 : 0000000000000015 x4 : 0000000000000000 
[   10.424610] x3 : 0000000000000000 x2 : 0000004031f0e000 
[   10.424615] x1 : 5c12174d01c22c00 x0 : 0000000000000000 
[   10.424620] Call trace:
[   10.424625]  update_blocked_averages+0x65c/0x898
[   10.424631]  run_rebalance_domains+0x78/0xc8
[   10.424635]  __do_softirq+0x17c/0x3cc
[   10.424641]  irq_exit+0xe8/0xf8
[   10.424647]  __handle_domain_irq+0x90/0x100
[   10.424651]  bcm2836_arm_irqchip_handle_irq+0x68/0xd8
[   10.424655]  el1_irq+0xb4/0x130
[   10.424661]  arch_cpu_idle+0x30/0x1f0
[   10.424668]  default_idle_call+0x24/0x40
[   10.424673]  do_idle+0x224/0x240
[   10.424676]  cpu_startup_entry+0x28/0x30
[   10.424683]  secondary_start_kernel+0x188/0x1d8
[   10.424686] ---[ end trace c2e223431a7f27ae ]---
[   10.424697] Unable to handle kernel paging request at virtual address ffffff8008cb9e80
[   10.424700] Mem abort info:
[   10.424702]   ESR = 0x96000047
[   10.424705]   Exception class = DABT (current EL), IL = 32 bits
[   10.424708]   SET = 0, FnV = 0
[   10.424710]   EA = 0, S1PTW = 0
[   10.424713] Data abort info:
[   10.424715]   ISV = 0, ISS = 0x00000047
[   10.424718]   CM = 0, WnR = 1
[   10.424723] swapper pgtable: 4k pages, 39-bit VAs, pgdp = 000000003a922957
[   10.424726] [ffffff8008cb9e80] pgd=000000003abfe003, pud=000000003abfe003, pmd=000000003abfa003, pte=0000000000000000
[   10.429514] Modules linked in: binfmt_misc bcm2835_codec(C) bcm2835_v4l2(C) v4l2_mem2mem raspberrypi_hwmon bcm2835_mmal_vchiq(C) v4l2_common hwmon videobuf2_dma_contig videobuf
2_vmalloc videobuf2_memops videobuf2_v4l2 videobuf2_common videodev vc_sm_cma(C) media uio_pdrv_genirq uio ip_tables x_tables ipv6
[   10.429545] Process lsmod (pid: 337, stack limit = 0x00000000f1157b1b)
[   10.429550] CPU: 1 PID: 337 Comm: lsmod Tainted: G      D WC        4.19.118-v8+ #1311
[   10.429553] Hardware name: Raspberry Pi 3 Model B Rev 1.2 (DT)
[   10.429557] pstate: 40000005 (nZcv daif -PAN -UAO)
[   10.429564] pc : init_once+0x0/0x30
[   10.429571] lr : new_slab+0x1e4/0x628
[   10.429573] sp : ffffff8009f838d0
[   10.429576] x29: ffffff8009f838d0 x28: ffffffbebffbcab0 
[   10.429582] x27: 0000000000000014 x26: 0000000080010400 
[   10.429587] x25: ffffffbf00d0e600 x24: 0000000000200000 
[   10.696414] Unable to handle kernel read from unreadable memory at virtual address ffffff8008ad2000
[   10.700726] x23: 0000000000000002 x22: ffffff8008cc8000 
[   10.704391] Mem abort info:
[   10.708284] x21: ffffffc034398000 x20: ffffffc03439ac88 
[   10.715109]   ESR = 0x8600000f
[   10.719058] x19: ffffffc034e1d500 x18: 0000000000000000 
[   10.723070]   Exception class = IABT (current EL), IL = 32 bits
[   10.726800] x17: 0000000000000e04 x16: 0000000000000000 
[   10.731486]   SET = 0, FnV = 0
[   10.735288] x15: 0000000000000000 x14: 0000000000000000 
[   10.743085]   EA = 0, S1PTW = 0
[   10.755598] x13: 0000000000000000 x12: 0000000000000000 
[   10.787096] swapper pgtable: 4k pages, 39-bit VAs, pgdp = 000000003a922957
[   10.794860] x11: 0000000000000000 x10: 0000000000000000 
[   10.805301] [ffffff8008ad2000] pgd=000000003abfe003, pud=000000003abfe003, pmd=000000003abfb003, pte=0060000000ad2793
[   10.812423] x9 : 0000000000000000 x8 : ffffffc03439ac80 
[   10.960850] x7 : 0000000000000000 x6 : 000000000000003f 
[   10.967399] x5 : 0000000000000040 x4 : ffffffffffffffd0 
[   10.973952] x3 : 0000000000580020 x2 : ffffff8008e56c40 
[   10.980455] x1 : ffffff80082b5dc8 x0 : ffffffc03439ac88 
[   10.986909] Call trace:
[   10.990455]  init_once+0x0/0x30
[   10.994680]  ___slab_alloc.constprop.30+0x2f8/0x378
[   11.000654]  __slab_alloc.isra.24.constprop.29+0x5c/0xa8
[   11.007072]  kmem_cache_alloc+0x250/0x278
[   11.012170]  alloc_inode+0x6c/0xb8
[   11.016628]  iget_locked+0x130/0x1c0
[   11.021236]  kernfs_get_inode+0x28/0x138
[   11.026178]  kernfs_iop_lookup+0x6c/0xd8
[   11.031092]  path_openat+0xc30/0xee0
[   11.035642]  do_filp_open+0x84/0x108
[   11.040171]  do_sys_open+0x168/0x230
[   11.044653]  __arm64_compat_sys_openat+0x2c/0x38
[   11.050161]  el0_svc_common+0xf4/0x1c0
[   11.054765]  el0_svc_compat_handler+0x30/0x40
[   11.059928]  el0_svc_compat+0x8/0x18
[   11.064272] Code: b901f27f a94153f3 a8c27bfd d65f03c0 (a9be7bfd) 
[   11.071200] ---[ end trace c2e223431a7f27af ]---
[   11.076662] Internal error: Oops: 96000047 [#4] PREEMPT SMP
[   11.083139] Modules linked in: binfmt_misc bcm2835_codec(C) bcm2835_v4l2(C) v4l2_mem2mem raspberrypi_hwmon bcm2835_mmal_vchiq(C) v4l2_common hwmon videobuf2_dma_contig videobuf
2_vmalloc videobuf2_memops videobuf2_v4l2 videobuf2_common videodev vc_sm_cma(C) media uio_pdrv_genirq uio ip_tables x_tables ipv6
[   11.114250] Process swapper/3 (pid: 0, stack limit = 0x000000009eb274c8)
[   11.122057] CPU: 3 PID: 0 Comm: swapper/3 Tainted: G      D WC        4.19.118-v8+ #1311
[   11.132371] Hardware name: Raspberry Pi 3 Model B Rev 1.2 (DT)
[   11.139391] pstate: 00000085 (nzcv daIf -PAN -UAO)
[   11.145381] pc : queued_spin_lock_slowpath+0x230/0x2c8
[   11.151741] lr : queued_spin_lock_slowpath+0xd0/0x2c8
[   11.157994] sp : ffffff800801bd90
[   11.162507] x29: ffffff800801bd90 x28: ffffffc036e4d400 
[   11.169053] x27: ffffffc0385cec00 x26: 0000000000000000 
[   11.175589] x25: ffffffc036e4d4c0 x24: ffffffc03abc7bd0 
[   11.182113] x23: ffffff8008cc93f8 x22: 0000000000000000 
[   11.188651] x21: ffffffc03abc7e80 x20: ffffff8008cb9000 
[   11.195197] x19: ffffffc036e4d4c0 x18: 0000000000000000 
[   11.201710] x17: 0000000036e4d4c0 x16: 0000000036e4d4c0 
[   11.208193] x15: 0000000000000000 x14: 0000000000000000 
[   11.214647] x13: 0000000000000000 x12: 0000000000000000 
[   11.221037] x11: ffffff8008ce0000 x10: ffffff8008dd6000 
[   11.227373] x9 : ffffff800801bdf0 x8 : 3c207367616c665f 
[   11.233654] x7 : 6574616470755f6b x6 : 0000000000000000 
[   11.239897] x5 : ffffffc03abc7e80 x4 : 0000000000100000 
[   11.246089] x3 : ffffffc036e4d4c2 x2 : 0000000000000000 
[   11.252225] x1 : ffffff8008cb9e80 x0 : ffffffc03abc7e88 
[   11.258330] Call trace:
[   11.261520]  queued_spin_lock_slowpath+0x230/0x2c8
[   11.267073]  _raw_spin_lock+0x54/0x60
[   11.271483]  update_blocked_averages+0x4c0/0x898
[   11.276884]  run_rebalance_domains+0x78/0xc8
[   11.281924]  __do_softirq+0x17c/0x3cc
[   11.286358]  irq_exit+0xe8/0xf8
[   11.290263]  __handle_domain_irq+0x90/0x100
[   11.295228]  bcm2836_arm_irqchip_handle_irq+0x68/0xd8
[   11.301084]  el1_irq+0xb4/0x130
[   11.305025]  arch_cpu_idle+0x30/0x1f0
[   11.309492]  default_idle_call+0x24/0x40
[   11.314225]  do_idle+0x224/0x240
[   11.318268]  cpu_startup_entry+0x28/0x30
[   11.323037]  secondary_start_kernel+0x188/0x1d8
[   11.328427] Code: 913a0281 8b021021 f860dae2 910020a0 (f8226825) 
[   11.335426] ---[ end trace c2e223431a7f27b0 ]---
[   11.340944] Kernel panic - not syncing: Fatal exception in interrupt
[   11.348260] SMP: stopping secondary CPUs
[   12.446905] SMP: failed to stop secondary CPUs 0,3
[   12.452682] Kernel Offset: disabled
[   12.457136] CPU features: 0x0,24002004
[   12.461839] Memory Limit: none
[   12.465832] ---[ end Kernel panic - not syncing: Fatal exception in interrupt ]---
