# timestamp	V	A	W	V	A
1594195703.73862	1519.896	0.024	377421.117	324.343	0.009
1594195703.75603	229.239	0.004	0.004	324.182	0.008
1594195703.78250	229.253	0.003	0.001	324.262	0.008
1594195703.80865	229.235	0.004	377421.577	324.182	0.008
1594195703.82857	229.136	0.003	377421.585	324.182	0.007
1594195703.86852	229.214	0.003	377421.591	324.262	0.007
1594195703.87359	229.283	0.003	377421.591	324.262	0.008
1594195703.88858	229.319	0.003	0.004	324.343	0.007
1594195703.92601	229.334	0.003	377421.583	324.423	0.008
1594195703.93875	229.284	0.003	377421.592	324.423	0.008
1594195703.96351	229.208	0.003	0.013	324.262	0.008
1594195703.98980	229.164	0.004	377421.566	324.101	0.008
1594195703.99107	229.213	0.003	377421.579	324.101	0.008
1594195704.02101	229.285	0.004	377421.547	324.343	0.007
1594195704.03733	229.249	0.003	0.008	324.423	0.007
1594195704.04858	229.205	0.003	377421.586	324.343	0.008
1594195704.07601	229.247	0.003	377421.565	324.343	0.007
1594195704.11101	229.206	0.003	0.025	324.343	0.008
1594195704.13754	229.228	0.003	0.003	324.423	0.008
1594195704.14983	229.227	0.003	0.006	324.423	0.007
1594195704.17851	229.307	0.003	377421.593	324.343	0.007
1594195704.18733	229.276	0.003	0.008	324.343	0.008
1594195704.21360	229.272	0.004	0.006	324.343	0.008
1594195704.23108	229.201	0.003	377421.592	324.182	0.007
1594195704.24734	229.220	0.003	377421.561	324.182	0.008
1594195704.28102	229.287	0.003	0.014	324.262	0.007
1594195704.29732	229.283	0.004	377421.577	324.343	0.008
1594195704.30858	229.311	0.003	377421.590	324.343	0.008
1594195704.34100	229.281	0.003	377421.589	324.182	0.007
1594195704.35733	229.267	0.003	0.003	324.423	0.008
1594195704.36857	229.236	0.004	0.002	324.182	0.008
1594195704.39599	229.272	0.003	377421.571	324.262	0.008
1594195704.41360	229.254	0.003	0.006	324.021	0.007
1594195704.43602	229.202	0.004	0.010	324.182	0.008
1594195704.44733	229.212	0.003	377421.585	324.182	0.008
1594195704.47609	229.242	0.003	377421.585	324.343	0.008
1594195704.49727	229.199	0.004	377421.575	324.262	0.008
1594195704.50731	229.209	0.003	0.013	324.262	0.008
1594195704.53481	229.187	0.003	0.009	324.101	0.007
1594195704.55602	229.177	0.003	377421.591	324.101	0.008
1594195704.58223	229.212	0.003	377421.586	324.021	0.007
1594195704.60977	229.150	0.003	0.010	324.101	0.008
1594195704.61731	229.206	0.003	377421.587	324.101	0.007
1594195704.62732	229.138	0.003	377421.567	323.940	0.007
1594195704.66724	229.140	0.003	0.009	323.940	0.008
1594195704.67607	229.192	0.003	377421.593	324.101	0.008
1594195704.68731	229.163	0.003	377421.573	324.101	0.008
1594195704.72477	229.157	0.003	377421.582	324.182	0.008
1594195704.73726	229.171	0.003	377421.585	324.101	0.009
1594195704.74607	229.173	0.003	377421.568	324.021	0.007
1594195704.78501	229.193	0.003	0.002	323.940	0.007
1594195704.79106	229.196	0.004	377421.576	324.101	0.008
1594195704.82351	229.216	0.003	377421.568	324.262	0.008
1594195704.83731	229.178	0.003	377421.579	324.021	0.007
1594195704.84856	229.170	0.003	377421.584	323.940	0.007
1594195704.88350	229.216	0.003	377421.578	324.101	0.008
1594195704.90731	229.238	0.003	377421.583	324.021	0.007
1594195704.92731	228.992	0.004	0.009	323.940	0.008
1594195704.95732	229.076	0.003	0.001	324.021	0.008
1594195704.96857	229.109	0.003	377421.590	324.182	0.007
1594195704.98606	229.114	0.003	377421.588	324.182	0.008
1594195705.01359	229.144	0.003	377421.586	324.262	0.007
1594195705.03600	229.139	0.003	377421.575	324.182	0.008
1594195705.06252	229.105	0.003	0.017	324.021	0.008
1594195705.09226	229.187	0.004	377421.586	324.262	0.008
1594195705.10377	229.195	0.003	0.001	324.182	0.008
1594195705.11107	229.184	0.003	0.006	324.262	0.007
1594195705.14726	229.152	0.003	377421.560	324.262	0.008
1594195705.15232	229.135	0.003	377421.577	324.021	0.008
1594195705.16732	229.111	0.004	377421.586	324.262	0.009
1594195705.20350	229.112	0.003	0.004	324.101	0.007
1594195705.21627	229.133	0.003	0.009	324.423	0.008
1594195705.24350	229.088	0.003	377421.590	324.101	0.008
1594195705.27128	229.105	0.003	377421.582	324.262	0.007
1594195705.27232	229.075	0.004	377421.581	324.182	0.008
1594195705.29851	229.110	0.003	0.004	324.182	0.007
1594195705.31610	229.173	0.003	377421.579	324.262	0.008
1594195705.33106	229.071	0.003	0.004	324.101	0.008
1594195705.35473	229.027	0.003	377421.573	324.021	0.007
1594195705.38624	229.042	0.003	377421.559	323.860	0.008
1594195705.40222	229.087	0.003	0.006	324.101	0.007
1594195705.40979	229.131	0.004	0.010	324.182	0.007
1594195705.43729	229.102	0.003	377421.579	324.262	0.009
1594195705.46473	229.074	0.004	0.006	324.101	0.008
1594195705.47230	229.103	0.003	377421.572	324.182	0.008
1594195705.48729	229.114	0.003	377421.586	324.262	0.007
1594195705.51972	229.039	0.003	377421.560	324.021	0.007
1594195705.52729	229.023	0.003	377421.590	323.940	0.008
1594195705.55851	228.980	0.003	377421.590	324.101	0.008
1594195705.58624	229.059	0.003	0.000	323.940	0.007
1594195705.59229	229.097	0.003	377421.575	324.021	0.008
1594195705.62097	229.102	0.003	0.005	324.101	0.007
1594195705.63730	229.081	0.003	0.000	324.021	0.007
1594195705.64729	229.016	0.003	377421.571	324.101	0.008
1594195705.68249	229.079	0.004	0.003	324.021	0.008
1594195705.69729	229.110	0.003	377421.583	323.940	0.008
1594195705.71599	229.144	0.003	377421.575	324.182	0.008
1594195705.72605	229.129	0.003	0.004	324.182	0.008
1594195705.75480	229.120	0.003	377421.582	324.101	0.008
1594195705.77472	229.178	0.004	377421.585	324.262	0.008
1594195705.78980	229.191	0.003	377421.584	324.262	0.007
1594195705.81480	229.168	0.003	0.010	324.262	0.008
1594195705.83751	229.128	0.004	377421.588	324.182	0.007
1594195705.84732	229.001	0.003	377421.580	324.182	0.007
1594195705.88624	229.066	0.003	377421.577	324.021	0.008
1594195705.89998	229.121	0.004	377421.587	324.182	0.008
1594195705.90729	229.197	0.004	377421.584	324.101	0.008
1594195705.94624	229.197	0.003	377421.591	324.182	0.007
1594195705.95356	229.180	0.004	377421.589	324.343	0.008
1594195705.96605	229.207	0.003	377421.582	324.262	0.007
1594195706.00250	229.206	0.003	377421.566	324.182	0.008
1594195706.00855	229.188	0.003	377421.586	324.262	0.007
1594195706.04348	229.087	0.003	0.003	324.423	0.008
1594195706.06733	229.066	0.003	377421.559	324.182	0.008
1594195706.10346	229.158	0.003	377421.585	324.182	0.009
1594195706.11605	229.186	0.003	377421.572	324.262	0.008
1594195706.12731	229.131	0.004	377421.572	324.182	0.008
1594195706.16223	229.120	0.003	377421.568	324.182	0.008
1594195706.18724	229.149	0.004	0.000	324.182	0.008
1594195706.20855	229.101	0.003	377421.585	324.182	0.008
1594195706.23606	229.101	0.003	377421.589	324.182	0.008
1594195706.25600	229.109	0.003	377421.586	324.101	0.007
1594195706.26604	229.143	0.003	377421.586	324.101	0.008
1594195706.29355	229.142	0.003	377421.581	324.021	0.007
1594195706.31597	229.162	0.003	377421.573	324.021	0.007
1594195706.34372	229.103	0.004	377421.581	324.182	0.008
1594195706.36598	229.038	0.003	377421.592	323.940	0.008
1594195706.37730	229.056	0.003	377421.577	324.101	0.008
1594195706.38730	229.105	0.003	377421.593	323.779	0.007
1594195706.42471	229.134	0.003	0.002	323.940	0.008
1594195706.43603	229.156	0.003	377421.591	324.021	0.008
1594195706.44729	229.158	0.003	0.003	324.021	0.008
1594195706.48348	229.200	0.003	0.008	324.021	0.007
1594195706.49751	229.205	0.003	377421.581	323.940	0.007
1594195706.52225	229.177	0.003	377421.590	323.940	0.007
1594195706.55109	229.185	0.003	377421.582	324.262	0.007
1594195706.58097	229.190	0.003	377421.580	324.021	0.008
1594195706.59732	229.203	0.003	0.012	324.021	0.007
1594195706.60856	229.219	0.004	377421.569	324.101	0.008
1594195706.63597	229.185	0.003	377421.576	324.101	0.008
1594195706.66602	229.165	0.003	0.004	324.021	0.008
1594195706.67850	229.236	0.003	0.004	324.343	0.007
1594195706.69104	229.190	0.004	377421.575	324.182	0.008
1594195706.71356	229.169	0.003	377421.578	324.182	0.007
1594195706.73598	229.156	0.003	377421.580	324.101	0.008
1594195706.74605	229.133	0.003	377421.582	324.182	0.007
1594195706.77480	229.122	0.003	377421.579	324.101	0.007
1594195706.79848	229.116	0.003	377421.555	324.101	0.008
1594195706.81602	229.068	0.003	0.001	324.021	0.008
1594195706.84858	229.079	0.004	377421.585	324.101	0.008
1594195706.86733	229.139	0.003	377421.576	324.021	0.008
1594195706.89850	229.163	0.003	377421.556	324.021	0.007
1594195706.91485	229.148	0.004	377421.592	324.182	0.008
1594195706.92610	229.136	0.003	377421.594	324.021	0.008
1594195706.95851	229.127	0.003	377421.566	324.101	0.007
1594195706.98730	229.148	0.004	0.011	323.940	0.008
1594195707.00733	229.136	0.003	0.000	324.101	0.007
1594195707.03484	229.157	0.003	377421.586	324.182	0.008
1594195707.05601	229.129	0.004	377421.570	324.101	0.008
1594195707.06608	229.175	0.003	377421.555	324.182	0.007
1594195707.09609	229.177	0.004	377421.587	324.021	0.008
1594195707.10734	229.157	0.003	377421.573	324.182	0.007
1594195707.12733	229.156	0.003	0.002	324.182	0.007
1594195707.16726	229.025	0.003	377421.571	324.182	0.008
1594195707.18003	228.994	0.003	0.014	324.101	0.008
1594195707.18734	228.965	0.003	377421.589	324.101	0.008
1594195707.22352	228.922	0.003	377421.593	323.860	0.008
1594195707.22984	228.921	0.004	0.008	323.860	0.008
1594195707.24609	228.881	0.003	0.004	323.779	0.008
1594195707.28226	228.897	0.003	377421.575	323.699	0.008
1594195707.29728	228.892	0.003	377421.584	323.860	0.008
1594195707.32102	228.908	0.003	377421.564	323.779	0.008
1594195707.34601	228.903	0.004	0.008	323.699	0.008
1594195707.35484	228.890	0.003	377421.582	323.779	0.008
1594195707.37601	228.907	0.003	377421.568	323.699	0.008
1594195707.39359	228.932	0.003	377421.569	323.699	0.007
1594195707.40859	228.933	0.003	0.011	323.699	0.008
1594195707.43603	228.911	0.003	377421.573	323.860	0.008
1594195707.44859	228.917	0.003	377421.576	323.860	0.008
1594195707.46985	228.937	0.003	377421.588	323.940	0.007
1594195707.48734	228.975	0.003	377421.585	323.860	0.007
1594195707.51484	228.978	0.003	377421.590	323.860	0.008
1594195707.53107	229.032	0.004	377421.572	323.860	0.007
1594195707.54609	229.022	0.003	377421.569	323.940	0.008
1594195707.57235	229.025	0.004	377421.581	324.021	0.008
1594195707.58857	229.014	0.003	0.006	323.860	0.008
1594195707.60609	229.034	0.003	0.004	324.021	0.008
1594195707.62484	229.003	0.003	377421.593	323.779	0.008
1594195707.65859	229.001	0.003	377421.586	323.940	0.007
1594195707.66985	229.051	0.003	377421.591	323.940	0.008
1594195707.68484	229.078	0.003	377421.577	323.860	0.008
1594195707.71484	229.091	0.004	0.007	323.779	0.008
1594195707.72609	229.117	0.003	377421.589	323.860	0.008
1594195707.74485	229.083	0.003	377421.576	323.940	0.008
1594195707.77735	229.104	0.004	377421.592	324.021	0.008
1594195707.79728	229.095	0.003	0.007	324.021	0.007
1594195707.82127	229.062	0.003	377421.577	323.779	0.008
1594195707.83735	229.037	0.003	377421.561	324.021	0.007
1594195707.85604	229.048	0.003	0.008	324.021	0.008
1594195707.86735	229.118	0.004	377421.552	324.021	0.008
1594195707.89486	229.129	0.003	377421.588	323.940	0.009
1594195707.91602	229.151	0.004	377421.579	324.021	0.008
1594195707.92608	229.131	0.003	0.009	324.101	0.008
1594195707.96977	229.078	0.003	377421.592	324.101	0.008
1594195707.98230	229.139	0.003	377421.587	324.182	0.008
1594195707.98861	229.117	0.003	0.005	324.021	0.008
1594195708.02852	229.152	0.003	0.004	324.101	0.007
1594195708.03360	229.143	0.003	377421.577	324.262	0.008
1594195708.04609	229.106	0.003	0.025	324.101	0.007
1594195708.08851	229.113	0.003	0.001	324.182	0.007
1594195708.09610	229.124	0.003	377421.574	324.101	0.007
1594195708.10858	229.118	0.003	377421.593	324.021	0.008
1594195708.14480	229.096	0.003	377421.565	324.182	0.007
1594195708.15610	229.069	0.003	0.000	324.021	0.007
1594195708.16607	229.098	0.003	0.006	323.940	0.007
1594195708.19483	229.095	0.003	0.010	324.021	0.008
1594195708.21109	229.116	0.003	377421.590	324.101	0.007
1594195708.23476	229.123	0.003	377421.569	324.021	0.008
1594195708.25483	229.005	0.004	377421.583	324.021	0.009
1594195708.28476	228.989	0.003	377421.576	323.860	0.007
1594195708.29878	229.050	0.003	377421.574	323.779	0.007
1594195708.30861	229.103	0.003	377421.593	323.940	0.009
1594195708.34101	229.123	0.003	377421.583	324.101	0.008
1594195708.34859	229.054	0.003	377421.586	324.021	0.008
1594195708.36610	229.008	0.003	377421.583	323.940	0.008
1594195708.40100	229.035	0.003	377421.587	323.860	0.008
1594195708.40860	229.037	0.003	377421.592	324.101	0.008
1594195708.44226	229.076	0.003	377421.569	323.940	0.008
1594195708.46625	229.085	0.003	0.003	324.021	0.008
1594195708.47105	229.115	0.003	377421.586	324.101	0.007
1594195708.50973	229.112	0.003	377421.588	324.101	0.007
1594195708.52230	228.979	1.456	47.732	324.021	14.401
1594195708.53855	229.001	0.400	44.111	323.940	1.414
1594195708.55598	229.081	0.027	1.872	324.021	0.164
1594195708.56855	229.114	0.015	0.944	324.182	0.084
1594195708.59597	229.225	0.010	0.653	324.343	0.058
1594195708.61601	229.205	0.007	0.427	324.262	0.048
1594195708.63230	229.175	0.006	0.333	324.262	0.038
1594195708.65848	229.162	0.005	0.330	324.262	0.029
1594195708.66732	229.195	0.005	0.199	324.343	0.028
1594195708.69105	229.176	0.005	0.204	324.262	0.027
1594195708.72098	229.174	0.004	0.167	324.182	0.026
1594195708.72856	229.121	0.004	0.089	324.182	0.016
1594195708.76225	229.077	0.004	0.123	324.182	0.015
1594195708.78879	229.122	0.004	0.158	324.021	0.026
1594195708.79609	229.135	0.004	0.074	324.182	0.015
1594195708.80609	229.084	0.004	0.114	324.021	0.027
1594195708.83234	229.085	0.004	0.094	324.101	0.016
1594195708.84734	229.116	0.004	0.113	324.182	0.016
1594195708.87977	229.160	0.004	0.062	324.262	0.016
1594195708.89610	229.174	0.004	0.088	324.182	0.017
1594195708.90984	229.188	0.004	0.076	324.262	0.012
1594195708.93505	229.220	0.004	0.094	324.262	0.015
1594195708.95234	229.154	0.004	0.104	324.343	0.016
1594195708.97602	229.171	0.004	0.049	324.343	0.010
1594195708.98609	229.191	0.004	0.051	324.343	0.011
1594195709.01359	229.188	0.004	0.070	324.182	0.012
1594195709.03852	229.221	0.004	0.081	324.423	0.013
1594195709.04609	229.114	0.003	0.055	324.182	0.011
1594195709.08602	229.102	0.032	2.367	324.021	0.217
1594195709.09735	229.074	0.009	0.556	324.182	0.056
1594195709.10736	229.133	0.008	0.545	324.262	0.054
1594195709.13234	229.189	0.008	0.533	324.182	0.049
1594195709.14859	229.187	0.009	0.513	324.262	0.054
1594195709.16608	229.220	0.009	0.577	324.182	0.058
1594195709.19484	229.210	0.009	0.566	324.343	0.057
1594195709.21109	229.269	0.009	0.537	324.504	0.058
1594195709.22485	229.222	0.008	0.471	324.262	0.048
1594195709.25235	229.239	0.007	0.441	324.343	0.050
1594195709.26860	229.262	0.007	0.376	324.343	0.045
1594195709.28485	229.213	0.007	0.412	324.343	0.038
1594195709.31235	229.258	0.008	0.571	324.343	0.051
1594195709.33110	229.279	0.009	0.623	324.423	0.060
1594195709.34485	229.300	0.010	0.639	324.423	0.068
1594195709.37360	229.212	0.009	0.564	324.423	0.054
1594195709.39110	229.174	0.009	0.604	324.423	0.062
1594195709.40485	229.201	0.009	0.599	324.262	0.059
1594195709.43235	229.186	0.008	0.515	324.262	0.059
1594195709.44861	229.069	0.008	0.490	324.262	0.050
1594195709.46485	229.070	0.008	0.513	324.182	0.060
1594195709.49611	229.177	0.008	0.511	324.343	0.055
1594195709.51236	229.142	0.008	0.487	324.343	0.048
1594195709.52735	229.143	0.009	0.595	324.182	0.061
1594195709.54861	229.127	0.009	0.589	324.182	0.057
1594195709.56986	229.150	0.009	0.598	324.182	0.061
1594195709.58610	229.155	0.009	0.640	324.101	0.059
1594195709.60485	229.202	0.010	0.653	324.343	0.056
1594195709.63110	229.199	0.008	0.537	324.343	0.051
1594195709.64611	229.132	0.008	0.505	324.262	0.048
1594195709.68378	229.159	0.009	0.572	324.262	0.052
1594195709.69737	229.216	0.010	0.645	324.343	0.063
1594195709.71732	229.151	0.009	0.586	324.182	0.058
1594195709.72986	229.159	0.010	0.649	324.262	0.060
1594195709.75235	229.142	0.010	0.694	324.262	0.069
1594195709.77603	229.117	0.010	0.640	324.182	0.060
1594195709.78611	229.175	0.010	0.674	324.021	0.062
1594195709.81359	229.182	0.010	0.692	324.262	0.067
1594195709.83504	229.199	0.010	0.720	324.262	0.066
1594195709.84610	229.183	0.010	0.712	324.262	0.071
1594195709.87879	229.200	0.010	0.667	324.343	0.066
1594195709.89631	229.175	0.010	0.665	324.343	0.072
1594195709.90609	229.104	0.010	0.671	324.343	0.060
1594195709.94004	229.205	0.010	0.712	324.262	0.068
1594195709.94734	229.172	0.010	0.682	324.262	0.066
1594195709.96733	229.151	0.010	0.683	324.262	0.066
1594195710.00130	229.174	0.010	0.668	324.262	0.064
1594195710.00859	229.162	0.010	0.676	324.262	0.064
1594195710.04128	229.149	0.010	0.710	324.504	0.072
1594195710.06628	229.134	0.011	0.708	324.101	0.068
1594195710.07481	229.152	0.011	0.735	324.182	0.071
1594195710.10377	229.126	0.011	0.748	324.262	0.068
1594195710.11861	229.174	0.011	0.741	324.262	0.066
1594195710.13111	229.251	0.012	0.819	324.343	0.071
1594195710.15879	229.269	0.012	0.800	324.343	0.072
1594195710.17485	229.299	0.011	0.711	324.504	0.068
1594195710.19754	229.283	0.009	0.576	324.504	0.063
1594195710.20734	229.305	0.008	0.552	324.504	0.054
1594195710.23609	229.318	0.009	0.566	324.584	0.062
1594195710.24734	229.266	0.008	0.468	324.584	0.052
1594195710.26610	229.262	0.009	0.564	324.343	0.049
1594195710.29234	229.290	0.010	0.630	324.504	0.067
1594195710.31504	229.344	0.009	0.639	324.504	0.057
1594195710.32609	229.318	0.010	0.677	324.584	0.063
1594195710.36379	229.233	0.011	0.724	324.343	0.072
1594195710.37631	229.216	0.010	0.701	324.343	0.064
1594195710.38611	229.192	0.011	0.735	324.262	0.071
1594195710.42131	229.251	0.011	0.762	324.343	0.073
1594195710.42733	229.230	0.011	0.740	324.343	0.071
1594195710.44734	229.205	0.011	0.704	324.423	0.075
1594195710.48132	229.224	0.011	0.780	324.343	0.069
1594195710.48733	229.221	0.011	0.724	324.423	0.070
1594195710.52379	229.254	0.011	0.761	324.504	0.072
1594195710.54504	229.237	0.011	0.727	324.343	0.064
1594195710.55359	229.226	0.010	0.693	324.423	0.069
1594195710.58352	229.231	0.011	0.748	324.423	0.075
1594195710.59609	229.240	0.011	0.731	324.423	0.064
1594195710.60734	229.286	0.009	0.596	324.423	0.057
1594195710.64254	229.230	0.008	0.542	324.343	0.058
1594195710.65484	229.186	0.010	0.627	324.343	0.067
1594195710.67602	229.197	0.010	0.718	324.343	0.059
1594195710.69980	229.149	0.009	0.637	324.262	0.057
1594195710.71734	229.158	0.010	0.682	324.182	0.062
1594195710.73604	229.175	0.010	0.649	324.182	0.058
1594195710.74609	229.166	0.010	0.702	324.262	0.068
1594195710.77360	229.121	0.010	0.657	324.262	0.061
1594195710.79602	229.112	0.010	0.638	324.182	0.062
1594195710.80609	229.127	0.012	0.836	324.262	0.068
1594195710.83977	229.127	0.014	1.014	324.101	0.088
1594195710.85766	229.107	0.010	0.688	324.262	0.073
1594195710.86737	229.105	0.010	0.627	324.021	0.060
1594195710.89978	229.133	0.013	0.873	324.021	0.078
1594195710.90734	229.171	0.013	0.879	324.101	0.083
1594195710.92735	229.160	0.013	0.879	324.262	0.075
1594195710.95234	229.218	0.012	0.834	324.343	0.078
1594195710.96610	229.211	0.012	0.857	324.182	0.073
1594195710.98484	229.219	0.013	0.892	324.182	0.076
1594195711.01234	229.244	0.013	0.885	324.182	0.080
1594195711.02610	229.268	0.012	0.865	324.504	0.075
1594195711.04484	229.208	0.012	0.838	324.262	0.081
1594195711.07234	229.207	0.012	0.872	324.423	0.074
1594195711.08609	229.208	0.012	0.824	324.262	0.075
1594195711.10484	229.181	0.012	0.871	324.262	0.075
1594195711.13234	229.235	0.012	0.857	324.182	0.074
1594195711.14485	229.214	0.012	0.793	324.423	0.069
1594195711.16484	229.221	0.012	0.824	324.182	0.080
1594195711.19234	229.250	0.013	0.857	324.262	0.079
1594195711.20485	229.244	0.012	0.856	324.343	0.083
1594195711.22610	229.230	0.012	0.838	324.262	0.081
1594195711.25235	229.215	0.012	0.833	324.343	0.078
1594195711.26485	229.212	0.012	0.852	324.262	0.081
1594195711.28611	229.208	0.012	0.888	324.182	0.074
1594195711.31235	229.213	0.012	0.836	324.101	0.079
1594195711.32610	229.256	0.013	0.884	324.262	0.076
1594195711.34610	229.228	0.012	0.797	324.101	0.080
1594195711.37235	229.265	0.010	0.687	324.262	0.066
1594195711.38734	229.305	0.010	0.677	324.262	0.063
1594195711.40735	229.297	0.010	0.665	324.423	0.064
1594195711.43359	229.295	0.010	0.681	324.423	0.063
1594195711.44860	229.220	0.009	0.612	324.182	0.061
1594195711.46483	229.182	0.010	0.658	324.101	0.066
1594195711.50605	229.304	0.010	0.655	324.343	0.062
1594195711.51235	229.321	0.010	0.653	324.343	0.059
1594195711.54351	229.268	0.010	0.614	324.343	0.068
1594195711.55611	229.174	0.009	0.608	324.182	0.054
1594195711.56735	229.148	0.010	0.677	324.182	0.072
1594195711.60103	229.215	0.010	0.672	324.101	0.066
1594195711.61861	229.259	0.010	0.656	324.182	0.062
1594195711.63981	229.257	0.010	0.675	324.343	0.075
1594195711.66105	229.215	0.010	0.658	324.182	0.062
1594195711.67734	229.188	0.009	0.650	324.101	0.057
1594195711.69600	229.265	0.010	0.674	324.262	0.066
1594195711.70605	229.256	0.010	0.697	324.343	0.062
1594195711.73232	229.282	0.010	0.621	324.343	0.061
1594195711.75730	229.159	0.009	0.629	324.101	0.061
1594195711.76732	229.141	0.009	0.632	324.101	0.058
1594195711.80848	229.135	0.010	0.636	324.101	0.063
1594195711.81752	229.194	0.010	0.669	324.101	0.067
1594195711.82856	229.218	0.010	0.665	324.182	0.066
1594195711.86850	229.212	0.010	0.661	324.101	0.061
1594195711.87480	229.235	0.010	0.662	324.262	0.063
1594195711.88607	229.292	0.010	0.651	324.101	0.062
1594195711.92730	229.266	0.010	0.633	324.343	0.064
1594195711.93857	229.330	0.010	0.700	324.423	0.062
1594195711.95848	229.273	0.010	0.670	324.423	0.066
1594195711.98875	229.249	0.010	0.628	324.182	0.058
1594195711.99481	229.265	0.010	0.666	324.262	0.062
1594195712.01730	229.250	0.010	0.637	324.182	0.063
1594195712.03105	229.291	0.010	0.680	324.262	0.063
1594195712.04980	229.269	0.010	0.660	324.343	0.063
1594195712.07473	229.261	0.010	0.639	324.262	0.059
1594195712.11355	229.300	0.010	0.674	324.262	0.069
1594195712.12860	229.315	0.010	0.650	324.182	0.068
1594195712.15105	229.337	0.010	0.640	324.504	0.062
1594195712.18731	229.297	0.010	0.643	324.262	0.063
1594195712.19233	229.306	0.010	0.674	324.262	0.060
1594195712.20981	229.331	0.010	0.676	324.504	0.069
1594195712.24599	229.310	0.010	0.700	324.504	0.069
1594195712.25853	229.281	0.009	0.614	324.584	0.058
1594195712.27974	229.221	0.009	0.625	324.584	0.068
1594195712.30633	229.224	0.010	0.658	324.343	0.067
1594195712.33974	229.224	0.010	0.655	324.423	0.069
1594195712.35606	229.162	0.010	0.668	324.343	0.064
1594195712.36981	229.168	0.010	0.662	324.343	0.063
1594195712.39598	229.214	0.010	0.643	324.423	0.068
1594195712.42385	229.138	0.010	0.653	324.423	0.069
1594195712.44350	229.159	0.010	0.638	324.343	0.061
1594195712.44981	229.179	0.010	0.642	324.262	0.061
1594195712.47481	229.158	0.010	0.626	324.343	0.063
1594195712.49851	229.168	0.010	0.666	324.262	0.061
1594195712.50734	229.168	0.010	0.641	324.343	0.064
1594195712.53107	229.179	0.010	0.665	324.343	0.067
1594195712.55974	229.141	0.010	0.649	324.262	0.060
1594195712.57755	229.138	0.010	0.645	324.262	0.058
1594195712.60104	229.230	0.010	0.699	324.262	0.069
1594195712.62631	229.264	0.010	0.674	324.343	0.063
1594195712.63734	229.218	0.010	0.656	324.343	0.069
1594195712.65601	229.112	0.010	0.625	324.423	0.057
1594195712.67357	229.096	0.010	0.646	324.262	0.062
1594195712.68982	229.184	0.010	0.659	324.262	0.063
1594195712.71599	229.210	0.010	0.676	324.423	0.067
1594195712.74502	229.249	0.010	0.660	324.423	0.056
1594195712.76350	229.228	0.010	0.652	324.423	0.066
1594195712.76982	229.199	0.010	0.626	324.423	0.058
1594195712.79481	229.186	0.010	0.659	324.343	0.063
1594195712.81850	229.199	0.010	0.642	324.504	0.064
1594195712.82735	229.217	0.010	0.655	324.343	0.063
1594195712.85482	229.184	0.010	0.632	324.343	0.060
1594195712.87975	229.183	0.010	0.637	324.423	0.067
1594195712.88734	229.179	0.010	0.657	324.262	0.060
1594195712.92476	229.218	0.009	0.648	324.343	0.063
1594195712.94602	229.219	0.010	0.695	324.343	0.067
1594195712.95234	229.178	0.010	0.664	324.423	0.066
1594195712.98850	229.139	0.009	0.610	324.423	0.060
1594195712.99607	229.135	0.010	0.617	324.423	0.067
1594195713.00734	229.145	0.010	0.637	324.262	0.069
1594195713.04100	229.177	0.010	0.683	324.262	0.070
1594195713.05857	229.203	0.010	0.655	324.343	0.062
1594195713.07732	229.156	0.010	0.657	324.504	0.067
1594195713.08734	229.171	0.010	0.658	324.262	0.064
1594195713.11357	229.242	0.011	0.690	324.343	0.071
1594195713.13600	229.254	0.010	0.642	324.504	0.061
1594195713.14735	229.217	0.010	0.639	324.343	0.060
1594195713.17358	229.237	0.010	0.662	324.343	0.063
1594195713.19600	229.208	0.009	0.615	324.262	0.061
1594195713.21979	229.211	0.010	0.615	324.262	0.063
1594195713.24612	229.274	0.010	0.694	324.262	0.061
1594195713.27111	229.218	0.012	0.823	324.343	0.080
1594195713.30352	229.257	0.012	0.839	324.343	0.073
1594195713.30984	229.276	0.012	0.848	324.343	0.080
1594195713.32735	229.342	0.012	0.844	324.423	0.078
1594195713.36351	229.313	0.012	0.858	324.343	0.080
1594195713.37876	229.272	0.012	0.794	324.343	0.075
1594195713.39974	229.272	0.012	0.869	324.343	0.073
1594195713.42875	229.338	0.013	0.880	324.504	0.084
1594195713.42982	229.283	0.012	0.800	324.423	0.072
1594195713.46352	229.285	0.012	0.822	324.343	0.074
1594195713.47606	229.236	0.012	0.854	324.504	0.078
1594195713.48735	229.295	0.012	0.829	324.343	0.076
1594195713.52101	229.316	0.012	0.824	324.423	0.076
1594195713.55101	229.320	0.012	0.849	324.423	0.082
1594195713.56735	229.225	0.012	0.827	324.504	0.073
1594195713.59483	229.247	0.012	0.842	324.504	0.080
1594195713.61602	229.231	0.012	0.811	324.343	0.075
1594195713.62735	229.253	0.011	0.760	324.423	0.069
1594195713.65356	229.257	0.011	0.786	324.343	0.073
1594195713.67599	229.238	0.011	0.761	324.182	0.066
1594195713.68606	229.317	0.012	0.778	324.423	0.070
1594195713.72234	229.281	0.012	0.815	324.504	0.078
1594195713.72983	229.306	0.011	0.762	324.504	0.067
1594195713.74735	229.289	0.011	0.736	324.584	0.070
1594195713.78349	229.258	0.011	0.767	324.343	0.075
1594195713.79106	229.265	0.012	0.846	324.584	0.076
1594195713.80736	229.141	0.011	0.736	324.262	0.067
1594195713.83974	229.205	0.011	0.771	324.343	0.066
1594195713.84736	229.187	0.011	0.771	324.262	0.073
1594195713.88103	229.174	0.011	0.736	324.343	0.073
1594195713.89736	229.218	0.012	0.805	324.101	0.074
1594195713.90856	229.174	0.011	0.773	324.262	0.070
1594195713.94350	229.155	0.011	0.740	324.182	0.072
1594195713.95736	229.162	0.011	0.787	324.182	0.068
1594195713.96736	229.195	0.011	0.755	324.182	0.078
1594195714.00225	229.275	0.011	0.776	324.423	0.069
1594195714.01856	229.262	0.011	0.769	324.101	0.072
1594195714.03603	229.250	0.011	0.751	324.182	0.074
1594195714.04736	229.229	0.012	0.793	324.262	0.071
1594195714.07481	229.183	0.011	0.733	324.182	0.079
1594195714.09600	229.219	0.012	0.808	324.182	0.071
1594195714.10607	229.241	0.012	0.784	324.262	0.071
1594195714.13482	229.282	0.012	0.790	324.343	0.080
1594195714.15600	229.287	0.012	0.786	324.343	0.074
1594195714.16607	229.258	0.011	0.794	324.343	0.075
1594195714.20236	229.272	0.011	0.780	324.262	0.072
1594195714.20857	229.285	0.011	0.776	324.262	0.068
1594195714.22857	229.281	0.011	0.772	324.343	0.074
1594195714.26226	229.262	0.011	0.775	324.504	0.066
1594195714.26982	229.205	0.011	0.748	324.343	0.066
1594195714.28736	229.254	0.011	0.776	324.262	0.070
1594195714.31236	229.250	0.011	0.723	324.343	0.073
1594195714.32737	229.281	0.011	0.740	324.343	0.069
1594195714.36354	229.300	0.012	0.791	324.262	0.070
1594195714.37736	229.179	0.010	0.666	324.343	0.070
1594195714.38736	229.233	0.012	0.806	324.262	0.078
1594195714.41851	229.188	0.012	0.785	324.262	0.071
1594195714.43482	229.181	0.011	0.727	324.343	0.069
1594195714.44737	229.176	0.011	0.770	324.343	0.074
1594195714.46607	228.969	0.011	0.709	324.182	0.074
1594195714.49358	229.054	0.012	0.793	324.101	0.072
1594195714.51602	229.020	0.015	1.030	324.101	0.095
1594195714.52607	228.932	0.015	1.018	323.940	0.095
1594195714.55357	228.941	0.016	1.180	323.940	0.102
1594195714.57601	228.925	0.017	1.196	323.860	0.116
1594195714.58737	228.913	0.014	0.928	323.860	0.088
1594195714.61357	228.958	0.014	0.942	323.860	0.081
1594195714.63600	229.001	0.013	0.936	324.021	0.088
1594195714.66135	228.990	0.013	0.910	324.021	0.083
1594195714.68107	228.925	0.013	0.870	323.860	0.083
1594195714.69108	228.945	0.010	0.689	323.779	0.064
1594195714.70737	228.925	0.011	0.730	324.101	0.067
1594195714.73851	228.918	0.010	0.653	323.860	0.060
1594195714.74737	228.906	0.011	0.719	323.779	0.071
1594195714.76737	228.893	0.010	0.691	323.699	0.064
1594195714.80100	228.938	0.010	0.690	323.779	0.061
1594195714.80737	228.974	0.012	0.814	323.699	0.075
1594195714.84356	229.002	0.014	1.001	323.940	0.081
1594195714.85611	229.052	0.013	0.919	323.779	0.093
1594195714.86741	229.131	0.013	0.913	323.860	0.081
1594195714.90355	229.176	0.013	0.934	323.940	0.082
1594195714.91610	229.227	0.013	0.953	324.021	0.084
1594195714.92738	229.251	0.014	0.992	324.182	0.088
1594195714.95851	229.153	0.014	1.003	324.101	0.082
1594195714.97608	229.128	0.014	0.980	324.021	0.090
1594195714.99599	229.175	0.014	1.003	324.182	0.081
1594195715.00608	229.188	0.013	0.903	324.182	0.082
1594195715.03483	229.183	0.013	0.911	324.262	0.083
1594195715.05599	229.184	0.014	0.965	324.262	0.087
1594195715.06738	229.124	0.014	0.960	324.101	0.081
1594195715.09359	229.174	0.014	1.014	324.101	0.094
1594195715.11977	229.179	0.014	1.011	324.101	0.084
1594195715.12858	229.187	0.014	0.975	324.021	0.083
1594195715.16227	229.183	0.015	1.027	324.021	0.094
1594195715.16981	229.149	0.014	0.997	324.182	0.090
1594195715.18738	229.085	0.014	0.966	324.021	0.084
1594195715.21356	229.144	0.012	0.788	324.101	0.083
1594195715.22606	229.134	0.011	0.772	324.182	0.070
1594195715.24738	229.140	0.011	0.710	324.182	0.070
1594195715.27238	229.079	0.010	0.680	324.262	0.060
1594195715.28738	229.057	0.011	0.700	324.021	0.070
1594195715.32228	229.055	0.010	0.714	324.021	0.060
1594195715.33858	229.058	0.011	0.729	324.101	0.071
1594195715.34878	229.101	0.011	0.736	324.021	0.071
1594195715.36609	229.067	0.011	0.744	324.101	0.066
1594195715.39356	229.108	0.010	0.707	324.101	0.068
1594195715.40738	229.153	0.010	0.705	324.021	0.067
1594195715.42606	229.127	0.010	0.719	324.182	0.062
1594195715.45239	229.106	0.013	0.860	324.101	0.087
1594195715.47603	228.987	0.010	0.678	324.021	0.067
1594195715.48739	229.000	0.010	0.688	323.940	0.064
1594195715.51239	229.117	0.011	0.768	324.101	0.073
1594195715.52606	229.135	0.011	0.733	324.021	0.068
1594195715.54607	229.137	0.011	0.750	324.182	0.069
1594195715.57377	229.147	0.010	0.719	324.101	0.071
1594195715.58627	229.148	0.011	0.716	324.101	0.066
1594195715.60739	229.139	0.011	0.735	324.182	0.064
1594195715.63239	229.159	0.010	0.686	324.182	0.068
1594195715.64739	229.096	0.010	0.680	324.182	0.066
1594195715.66752	229.075	0.013	0.901	324.021	0.079
1594195715.69254	229.096	0.015	1.040	324.021	0.084
1594195715.70607	229.154	0.014	1.041	324.021	0.093
1594195715.72739	229.168	0.015	1.039	324.262	0.086
1594195715.75357	229.168	0.014	0.945	324.182	0.091
1594195715.76754	229.158	0.016	1.112	324.182	0.095
1594195715.78627	229.109	0.014	0.987	324.101	0.088
1594195715.81239	229.064	0.013	0.885	324.021	0.087
1594195715.82740	229.088	0.012	0.848	324.021	0.084
1594195715.84607	229.067	0.012	0.855	324.021	0.072
1594195715.87239	229.070	0.012	0.807	324.021	0.076
1594195715.88739	229.097	0.012	0.848	324.101	0.076
1594195715.90607	229.152	0.013	0.913	324.021	0.080
1594195715.93357	229.179	0.012	0.836	324.262	0.079
1594195715.94607	229.186	0.012	0.816	324.182	0.079
1594195715.96607	229.156	0.012	0.847	324.101	0.075
1594195715.99482	229.176	0.012	0.850	324.182	0.081
1594195716.00607	229.164	0.012	0.844	324.101	0.074
1594195716.02607	229.158	0.012	0.839	324.101	0.078
1594195716.05239	229.157	0.012	0.810	324.182	0.075
1594195716.06607	229.185	0.013	0.869	324.021	0.074
1594195716.08739	229.212	0.012	0.809	324.262	0.075
1594195716.11240	229.264	0.013	0.843	324.182	0.083
1594195716.12608	229.269	0.012	0.815	324.182	0.080
1594195716.14739	229.258	0.012	0.850	324.262	0.079
1594195716.17240	229.225	0.012	0.843	324.182	0.073
1594195716.18739	229.225	0.012	0.785	324.101	0.076
1594195716.20740	229.258	0.013	0.871	324.101	0.082
1594195716.23607	229.209	0.012	0.835	324.182	0.081
1594195716.25740	229.193	0.012	0.801	324.101	0.072
1594195716.26753	229.127	0.012	0.825	324.101	0.080
1594195716.29357	229.056	0.012	0.805	323.940	0.074
1594195716.31128	229.099	0.012	0.845	324.021	0.076
1594195716.34477	229.139	0.012	0.850	324.101	0.080
1594195716.35740	229.126	0.012	0.850	324.021	0.081
1594195716.36753	229.099	0.012	0.856	324.021	0.082
1594195716.38740	229.162	0.012	0.854	324.021	0.078
1594195716.41608	229.155	0.012	0.849	323.940	0.081
1594195716.42612	229.148	0.012	0.851	324.021	0.083
1594195716.44609	229.153	0.012	0.839	324.182	0.074
1594195716.47380	229.096	0.012	0.812	324.021	0.076
1594195716.48741	229.161	0.012	0.851	324.101	0.080
1594195716.50615	229.140	0.012	0.863	324.182	0.079
1594195716.53360	229.216	0.012	0.868	324.182	0.081
1594195716.54609	229.224	0.012	0.854	324.101	0.075
1594195716.56754	229.206	0.012	0.778	324.182	0.078
1594195716.59359	229.204	0.012	0.867	324.101	0.080
1594195716.60608	229.215	0.012	0.835	324.101	0.075
1594195716.62741	229.122	0.012	0.840	324.101	0.072
1594195716.65359	229.130	0.012	0.834	324.101	0.072
1594195716.66608	229.077	0.012	0.854	323.940	0.071
1594195716.68741	229.043	0.012	0.789	324.021	0.075
1594195716.71360	229.099	0.013	0.836	324.101	0.078
1594195716.72742	229.144	0.012	0.817	324.021	0.073
1594195716.74609	229.117	0.012	0.845	323.940	0.079
1594195716.77241	229.120	0.012	0.814	323.940	0.072
1594195716.78741	229.142	0.012	0.856	324.021	0.074
1594195716.80610	229.113	0.013	0.942	323.940	0.080
1594195716.83241	229.170	0.012	0.783	324.021	0.073
1594195716.84742	229.169	0.011	0.755	324.262	0.066
1594195716.86609	229.143	0.011	0.745	324.182	0.069
1594195716.89484	229.161	0.014	0.973	324.182	0.083
1594195716.90609	229.200	0.014	0.967	324.182	0.083
1594195716.92732	229.222	0.016	1.180	324.182	0.096
1594195716.95357	229.200	0.016	1.175	324.101	0.100
1594195716.97600	229.096	0.017	1.220	324.182	0.099
1594195716.98742	229.185	0.016	1.145	324.021	0.103
1594195717.01484	229.212	0.017	1.234	324.021	0.098
1594195717.03725	229.245	0.017	1.241	324.182	0.103
1594195717.06355	229.240	0.016	1.173	324.021	0.095
1594195717.08850	229.200	0.016	1.165	324.021	0.103
1594195717.10002	229.217	0.018	1.267	324.101	0.110
1594195717.10859	229.218	0.017	1.239	324.101	0.106
1594195717.14351	229.223	0.017	1.232	324.021	0.099
1594195717.14982	229.217	0.017	1.259	324.182	0.107
1594195717.16741	229.212	0.018	1.298	324.101	0.110
1594195717.20226	229.196	0.018	1.271	323.940	0.107
1594195717.21877	229.216	0.019	1.358	323.940	0.110
1594195717.24105	229.221	0.017	1.279	324.021	0.108
1594195717.26753	229.237	0.017	1.278	323.940	0.108
1594195717.27233	229.215	0.018	1.300	324.182	0.112
1594195717.30478	229.171	0.018	1.263	323.940	0.103
1594195717.31733	229.250	0.018	1.318	324.021	0.108
1594195717.32857	229.236	0.018	1.311	324.182	0.116
1594195717.36350	229.221	0.018	1.295	324.182	0.105
1594195717.38854	229.153	0.018	1.293	324.021	0.103
1594195717.40857	229.250	0.022	1.604	324.021	0.135
1594195717.43732	229.246	0.019	1.392	324.262	0.114
1594195717.45725	229.219	0.019	1.385	324.101	0.117
1594195717.46858	229.202	0.020	1.421	324.101	0.119
1594195717.49482	229.245	0.019	1.395	324.101	0.115
1594195717.51726	229.248	0.020	1.427	324.182	0.119
1594195717.54377	229.247	0.020	1.418	324.021	0.119
1594195717.56992	229.210	0.019	1.393	324.101	0.117
1594195717.58857	229.214	0.020	1.439	324.182	0.121
1594195717.62602	229.250	0.019	1.433	324.021	0.117
1594195717.63482	229.223	0.019	1.375	324.101	0.110
1594195717.64858	229.235	0.020	1.461	324.021	0.114
1594195717.68601	229.221	0.020	1.426	324.021	0.116
1594195717.69850	229.211	0.020	1.451	324.101	0.117
1594195717.72605	229.244	0.019	1.427	324.101	0.115
1594195717.74878	229.217	0.020	1.486	324.182	0.118
1594195717.75733	229.243	0.019	1.369	323.940	0.112
1594195717.78100	229.203	0.018	1.358	324.021	0.110
1594195717.79732	229.085	0.018	1.335	323.860	0.109
1594195717.80983	229.162	0.019	1.460	323.860	0.111
1594195717.83726	229.167	0.021	1.555	323.860	0.122
1594195717.86476	229.174	0.022	1.651	324.021	0.126
1594195717.88477	229.153	0.022	1.660	324.262	0.128
1594195717.89108	229.150	0.022	1.687	324.021	0.132
1594195717.91483	229.163	0.023	1.678	324.021	0.139
1594195717.94102	229.153	0.022	1.614	323.940	0.131
1594195717.94859	229.147	0.022	1.632	324.021	0.135
1594195717.96858	229.167	0.022	1.619	324.101	0.135
1594195718.00227	229.165	0.021	1.579	324.021	0.126
1594195718.00984	229.131	0.022	1.590	323.940	0.128
1594195718.04478	229.162	0.022	1.619	323.940	0.136
1594195718.05734	229.155	0.021	1.594	323.860	0.128
1594195718.06859	229.168	0.022	1.628	323.860	0.132
1594195718.09978	229.134	0.022	1.652	323.940	0.134
1594195718.11609	229.082	0.022	1.632	323.860	0.128
1594195718.12858	229.094	0.022	1.634	323.699	0.130
1594195718.16355	229.089	0.022	1.619	323.860	0.129
1594195718.17985	229.096	0.022	1.682	323.860	0.132
1594195718.19730	229.081	0.023	1.703	323.779	0.132
1594195718.20860	229.098	0.021	1.607	323.940	0.132
1594195718.23484	229.126	0.022	1.633	323.860	0.124
1594195718.25727	229.107	0.023	1.720	323.860	0.129
1594195718.26859	229.094	0.022	1.669	323.940	0.129
1594195718.29609	229.063	0.021	1.604	323.940	0.124
1594195718.31853	229.076	0.023	1.689	324.021	0.135
1594195718.32859	229.045	0.032	2.551	323.779	0.175
1594195718.36478	229.040	0.032	2.480	323.940	0.177
1594195718.37877	228.950	0.030	2.342	323.860	0.175
1594195718.38984	228.978	0.030	2.348	323.699	0.169
1594195718.42728	229.012	0.030	2.308	323.699	0.167
1594195718.43359	229.019	0.031	2.418	323.860	0.180
1594195718.44859	229.030	0.032	2.461	323.860	0.183
1594195718.48478	229.050	0.031	2.428	323.860	0.177
1594195718.49852	229.046	0.030	2.306	323.860	0.166
1594195718.50859	229.066	0.024	1.796	323.940	0.143
1594195718.53360	229.029	0.023	1.717	323.860	0.132
1594195718.54859	229.037	0.023	1.751	323.860	0.141
1594195718.58477	229.002	0.022	1.687	323.940	0.142
1594195718.59734	228.959	0.024	1.814	323.618	0.143
1594195718.60860	229.094	0.023	1.777	323.860	0.140
1594195718.64228	229.134	0.022	1.690	323.860	0.128
1594195718.65859	229.095	0.022	1.641	323.940	0.124
1594195718.67979	229.083	0.022	1.644	323.940	0.128
1594195718.68859	229.088	0.022	1.637	323.940	0.133
1594195718.71484	229.080	0.022	1.661	323.940	0.131
1594195718.73728	229.066	0.022	1.653	323.940	0.129
1594195718.74735	229.036	0.022	1.623	323.860	0.129
1594195718.77485	229.117	0.022	1.664	324.021	0.132
1594195718.78732	229.091	0.022	1.678	323.860	0.128
1594195718.80859	229.129	0.022	1.667	323.940	0.130
1594195718.84605	229.147	0.022	1.663	324.021	0.131
1594195718.85364	229.154	0.022	1.637	324.021	0.132
1594195718.86862	229.090	0.022	1.687	323.940	0.130
1594195718.89487	229.106	0.022	1.667	323.940	0.128
1594195718.90735	229.177	0.022	1.649	324.021	0.131
1594195718.92859	229.190	0.022	1.690	324.021	0.132
1594195718.95611	229.148	0.022	1.629	324.021	0.129
1594195718.96861	229.166	0.022	1.647	324.182	0.130
1594195719.00356	229.195	0.022	1.675	324.182	0.129
1594195719.02111	229.188	0.022	1.670	324.182	0.126
1594195719.03234	229.129	0.022	1.641	323.940	0.127
1594195719.04734	229.130	0.022	1.649	324.021	0.127
1594195719.07609	229.142	0.022	1.635	324.021	0.128
1594195719.08859	229.212	0.022	1.697	324.021	0.129
1594195719.10734	229.286	0.022	1.674	324.182	0.130
1594195719.13485	229.280	0.022	1.701	324.182	0.128
1594195719.15855	229.291	0.022	1.660	324.262	0.130
1594195719.16984	229.259	0.022	1.620	324.262	0.126
1594195719.19859	229.189	0.022	1.614	324.101	0.129
1594195719.20860	229.199	0.022	1.623	324.101	0.127
1594195719.22734	229.146	0.022	1.639	324.021	0.128
1594195719.25484	229.187	0.022	1.677	324.101	0.138
1594195719.26735	229.124	0.022	1.645	324.021	0.132
1594195719.28859	229.156	0.021	1.600	324.021	0.123
1594195719.31488	229.220	0.023	1.700	324.021	0.131
1594195719.32738	229.193	0.022	1.687	323.940	0.130
1594195719.34863	229.264	0.021	1.573	324.101	0.122
1594195719.37488	229.198	0.022	1.693	324.182	0.129
1594195719.38988	229.125	0.023	1.742	324.021	0.136
1594195719.40988	229.195	0.025	1.915	324.101	0.142
1594195719.43363	229.226	0.029	2.232	324.021	0.161
1594195719.44863	229.168	0.032	2.531	324.021	0.177
1594195719.46738	229.114	0.033	2.607	323.940	0.179
1594195719.49613	229.088	0.030	2.319	323.940	0.177
1594195719.50863	229.124	0.029	2.305	323.860	0.168
1594195719.52863	229.153	0.033	2.645	324.021	0.185
1594195719.55488	229.152	0.034	2.629	323.940	0.183
1594195719.56863	229.149	0.034	2.657	323.940	0.193
1594195719.58738	229.056	0.033	2.593	324.021	0.187
1594195719.61863	229.075	0.033	2.551	323.779	0.183
1594195719.62988	229.123	0.033	2.593	324.021	0.183
1594195719.64737	229.064	0.033	2.590	323.860	0.186
1594195719.67988	229.048	0.032	2.565	323.860	0.185
1594195719.69857	228.971	0.032	2.444	323.779	0.177
1594195719.70863	229.050	0.033	2.612	323.860	0.186
1594195719.73738	229.007	0.033	2.627	323.779	0.185
1594195719.75855	229.006	0.033	2.656	323.779	0.185
1594195719.76860	229.016	0.032	2.557	323.779	0.182
1594195719.80230	228.972	0.031	2.471	323.618	0.176
1594195719.81980	229.024	0.033	2.572	323.779	0.185
1594195719.83110	229.001	0.033	2.636	323.779	0.189
1594195719.86628	229.004	0.033	2.613	323.699	0.186
1594195719.87380	229.023	0.032	2.553	324.021	0.183
1594195719.88860	229.052	0.031	2.432	323.860	0.177
1594195719.92380	229.087	0.030	2.390	323.860	0.173
1594195719.93110	229.129	0.030	2.359	323.860	0.173
1594195719.96505	229.160	0.029	2.283	324.021	0.164
1594195719.98880	229.058	0.029	2.275	323.940	0.167
1594195719.98985	229.046	0.029	2.174	323.940	0.166
1594195720.02477	229.010	0.030	2.299	323.779	0.173
1594195720.03860	229.045	0.030	2.272	323.779	0.167
1594195720.04860	229.110	0.030	2.389	323.860	0.171
1594195720.06735	229.136	0.030	2.303	324.021	0.168
1594195720.09486	229.134	0.031	2.461	323.940	0.179
1594195720.10735	229.141	0.032	2.517	323.779	0.178
1594195720.12734	229.147	0.030	2.323	324.021	0.180
1594195720.15735	229.089	0.027	2.100	323.779	0.154
1594195720.17852	228.974	0.027	2.058	323.699	0.155
1594195720.18861	228.956	0.027	2.077	323.779	0.155
1594195720.21486	229.069	0.027	2.065	323.940	0.157
1594195720.23855	229.056	0.027	2.053	323.860	0.156
1594195720.24861	229.061	0.028	2.104	323.860	0.164
1594195720.28606	229.042	0.028	2.168	323.940	0.171
1594195720.30106	229.026	0.026	2.018	323.779	0.148
1594195720.30861	229.069	0.030	2.345	323.779	0.174
1594195720.34356	229.019	0.033	2.614	323.779	0.186
1594195720.34986	229.002	0.030	2.339	323.940	0.175
1594195720.36986	228.963	0.030	2.303	323.940	0.175
1594195720.40378	228.954	0.027	2.066	323.940	0.165
1594195720.40986	228.970	0.027	2.067	323.779	0.163
1594195720.44506	228.963	0.025	1.900	323.779	0.146
1594195720.47128	229.008	0.025	1.934	323.860	0.150
1594195720.47235	228.985	0.026	1.976	323.940	0.161
1594195720.51103	228.940	0.024	1.838	323.779	0.147
1594195720.51861	229.017	0.025	1.864	323.779	0.150
1594195720.53111	229.020	0.025	1.895	323.779	0.146
1594195720.55851	229.043	0.024	1.859	323.940	0.143
1594195720.57111	229.039	0.025	1.929	323.940	0.151
1594195720.60477	229.030	0.026	1.963	323.699	0.163
1594195720.62003	229.039	0.026	1.944	323.860	0.159
1594195720.63736	229.033	0.025	1.827	323.860	0.155
1594195720.66604	228.976	0.024	1.788	323.860	0.146
1594195720.67359	228.916	0.025	1.831	323.699	0.147
1594195720.69609	228.806	0.024	1.754	323.618	0.144
1594195720.72104	228.792	0.025	1.881	323.618	0.150
1594195720.73978	228.845	0.024	1.818	323.618	0.142
1594195720.75611	228.928	0.024	1.877	323.618	0.143
1594195720.77236	228.902	0.024	1.837	323.699	0.145
1594195720.78984	228.873	0.031	2.397	323.538	0.177
1594195720.82728	228.910	0.032	2.540	323.538	0.187
1594195720.83985	228.879	0.032	2.479	323.457	0.180
1594195720.84985	228.799	0.032	2.467	323.457	0.178
1594195720.88353	228.802	0.031	2.444	323.457	0.174
1594195720.89986	228.839	0.032	2.553	323.457	0.180
1594195720.91981	228.932	0.031	2.479	323.538	0.180
1594195720.92985	228.964	0.031	2.432	323.699	0.178
1594195720.95735	228.966	0.032	2.494	323.699	0.183
1594195720.97853	228.976	0.031	2.492	323.618	0.180
1594195720.98860	228.950	0.031	2.449	323.699	0.174
1594195721.01610	228.910	0.031	2.384	323.699	0.179
1594195721.03852	228.852	0.032	2.460	323.618	0.180
1594195721.04985	228.869	0.033	2.577	323.618	0.193
1594195721.08358	228.805	0.033	2.649	323.538	0.187
1594195721.08985	228.773	0.033	2.632	323.457	0.189
1594195721.10985	228.807	0.033	2.597	323.538	0.185
1594195721.14603	228.806	0.032	2.552	323.457	0.183
1594195721.15235	228.846	0.033	2.679	323.538	0.186
1594195721.16985	228.853	0.034	2.667	323.377	0.187
1594195721.19610	228.844	0.034	2.718	323.457	0.190
1594195721.20986	228.887	0.034	2.710	323.457	0.189
1594195721.24232	228.878	0.034	2.739	323.538	0.189
1594195721.25986	228.863	0.034	2.712	323.457	0.190
1594195721.26986	228.853	0.034	2.661	323.618	0.190
1594195721.30479	228.869	0.034	2.625	323.618	0.189
1594195721.32111	228.886	0.034	2.691	323.457	0.189
1594195721.33111	228.882	0.034	2.747	323.699	0.194
1594195721.34861	228.900	0.034	2.713	323.457	0.180
1594195721.37613	228.920	0.034	2.710	323.618	0.193
1594195721.39856	228.868	0.034	2.671	323.538	0.186
1594195721.40860	228.907	0.034	2.731	323.538	0.183
1594195721.43610	228.907	0.033	2.647	323.699	0.181
1594195721.44860	228.880	0.033	2.630	323.699	0.186
1594195721.46860	228.879	0.032	2.519	323.618	0.178
1594195721.49610	228.868	0.032	2.498	323.618	0.179
1594195721.50860	228.922	0.032	2.532	323.538	0.178
1594195721.52986	228.962	0.032	2.552	323.779	0.182
1594195721.56232	228.971	0.032	2.575	323.618	0.185
1594195721.56987	228.981	0.032	2.511	323.699	0.179
1594195721.58986	228.876	0.032	2.516	323.618	0.183
1594195721.61611	228.933	0.032	2.550	323.538	0.180
1594195721.62860	228.907	0.032	2.508	323.699	0.178
1594195721.64986	228.905	0.032	2.509	323.618	0.181
1594195721.67611	228.907	0.031	2.478	323.699	0.175
1594195721.68986	228.878	0.031	2.476	323.618	0.178
1594195721.72607	228.893	0.031	2.492	323.618	0.176
1594195721.73860	228.885	0.031	2.455	323.618	0.176
1594195721.74986	228.902	0.032	2.567	323.699	0.182
1594195721.76860	228.868	0.032	2.530	323.699	0.179
1594195721.79485	228.797	0.032	2.598	323.618	0.181
1594195721.80986	228.851	0.033	2.620	323.618	0.183
1594195721.82861	228.869	0.031	2.463	323.618	0.176
1594195721.85610	228.840	0.029	2.172	323.699	0.164
1594195721.87857	228.804	0.027	2.023	323.618	0.167
1594195721.88861	228.774	0.024	1.837	323.538	0.140
1594195721.91611	228.835	0.024	1.803	323.699	0.139
1594195721.92861	228.860	0.024	1.823	323.779	0.141
1594195721.94861	228.874	0.024	1.820	323.779	0.146
1594195721.97611	228.886	0.024	1.766	323.779	0.138
1594195721.98861	228.824	0.023	1.742	323.699	0.139
1594195722.00986	228.823	0.024	1.813	323.699	0.138
1594195722.04232	228.848	0.023	1.749	323.618	0.140
1594195722.04986	228.906	0.024	1.836	323.699	0.141
1594195722.06986	228.881	0.024	1.792	323.699	0.140
1594195722.09611	228.866	0.024	1.744	323.779	0.142
1594195722.10862	228.914	0.024	1.784	323.779	0.142
1594195722.12987	228.968	0.024	1.765	324.021	0.144
1594195722.15488	228.918	0.024	1.804	323.779	0.143
1594195722.16986	228.871	0.023	1.725	323.779	0.136
1594195722.20480	228.814	0.023	1.734	323.699	0.141
1594195722.22111	228.860	0.024	1.802	323.779	0.139
1594195722.23111	228.831	0.023	1.750	323.779	0.142
1594195722.24862	228.826	0.024	1.787	323.618	0.136
1594195722.27486	228.850	0.024	1.811	323.618	0.141
1594195722.28986	228.764	0.023	1.761	323.779	0.133
1594195722.30861	228.813	0.024	1.798	323.618	0.141
1594195722.33610	228.805	0.024	1.781	323.618	0.139
1594195722.34861	228.844	0.024	1.808	323.538	0.138
1594195722.36986	228.899	0.024	1.777	323.618	0.140
1594195722.39609	228.866	0.023	1.797	323.699	0.135
1594195722.42004	228.893	0.024	1.839	323.699	0.140
1594195722.42986	228.796	0.023	1.732	323.940	0.134
1594195722.45611	228.734	0.025	1.883	323.618	0.141
1594195722.47978	228.798	0.024	1.857	323.538	0.145
1594195722.48985	228.726	0.024	1.759	323.538	0.136
1594195722.52351	228.737	0.024	1.794	323.457	0.136
1594195722.54106	228.759	0.025	1.878	323.699	0.143
1594195722.55112	228.816	0.023	1.761	323.538	0.135
1594195722.58727	228.876	0.025	1.860	323.860	0.145
1594195722.59361	228.725	0.023	1.766	323.618	0.132
1594195722.60987	228.719	0.024	1.815	323.538	0.141
1594195722.64352	228.824	0.024	1.788	323.538	0.136
1594195722.66104	228.924	0.025	1.854	323.699	0.148
1594195722.68356	228.895	0.024	1.852	324.021	0.140
1594195722.71127	228.836	0.024	1.788	323.618	0.135
1594195722.71234	228.837	0.024	1.817	323.699	0.142
1594195722.74228	228.864	0.024	1.799	323.699	0.136
1594195722.75859	228.831	0.024	1.797	323.779	0.141
1594195722.77359	228.817	0.024	1.791	323.618	0.138
1594195722.79978	228.741	0.024	1.797	323.538	0.136
1594195722.82733	228.744	0.027	2.046	323.457	0.158
1594195722.84728	228.772	0.024	1.825	323.538	0.146
1594195722.86006	228.789	0.024	1.752	323.538	0.138
1594195722.87611	228.803	0.024	1.822	323.538	0.141
1594195722.90354	228.755	0.024	1.839	323.538	0.139
1594195722.91110	228.776	0.024	1.808	323.538	0.144
1594195722.93110	228.803	0.024	1.830	323.779	0.142
1594195722.96355	228.830	0.025	1.856	323.699	0.142
1594195722.98256	228.856	0.025	1.858	323.699	0.143
1594195723.00729	228.805	0.023	1.761	323.699	0.142
1594195723.03107	228.814	0.024	1.849	323.538	0.144
1594195723.03610	228.902	0.024	1.823	323.860	0.145
1594195723.06478	228.906	0.024	1.831	323.618	0.138
1594195723.08111	228.892	0.024	1.850	323.779	0.144
1594195723.09361	228.797	0.027	2.060	323.618	0.155
1594195723.11978	228.871	0.026	1.986	323.457	0.155
1594195723.15229	228.935	0.028	2.141	323.618	0.164
1594195723.17110	228.895	0.026	1.915	323.779	0.156
1594195723.19735	228.874	0.027	2.083	323.618	0.162
1594195723.22104	228.918	0.033	2.583	323.779	0.185
1594195723.23111	228.943	0.032	2.641	323.699	0.179
1594195723.25861	228.950	0.033	2.643	323.940	0.182
1594195723.28228	228.997	0.033	2.635	323.779	0.177
1594195723.29111	228.886	0.032	2.541	323.618	0.181
1594195723.32855	228.947	0.029	2.225	323.699	0.171
1594195723.34111	228.991	0.031	2.384	323.860	0.171
1594195723.35111	229.016	0.029	2.277	323.940	0.173
1594195723.38857	229.007	0.029	2.297	324.021	0.178
1594195723.40237	229.005	0.033	2.568	324.101	0.182
1594195723.41236	229.058	0.029	2.258	323.940	0.168
1594195723.44478	229.035	0.027	2.014	323.860	0.156
1594195723.46111	229.069	0.027	2.097	324.021	0.165
1594195723.47361	229.111	0.028	2.210	324.021	0.163
1594195723.48986	229.056	0.029	2.269	323.940	0.165
1594195723.51736	229.095	0.030	2.389	323.940	0.168
1594195723.53980	229.152	0.030	2.384	324.021	0.178
1594195723.55111	229.019	0.028	2.195	324.021	0.162
1594195723.57736	229.047	0.028	2.105	323.940	0.161
1594195723.58986	229.083	0.029	2.259	324.021	0.169
1594195723.61111	229.122	0.029	2.315	324.021	0.169
1594195723.64480	229.122	0.028	2.195	324.021	0.166
1594195723.65236	228.997	0.028	2.150	323.940	0.166
1594195723.67237	228.997	0.026	1.988	323.860	0.152
1594195723.70730	228.993	0.026	1.995	323.860	0.155
1594195723.71361	229.001	0.025	1.892	323.940	0.147
1594195723.73112	229.036	0.024	1.811	323.860	0.138
1594195723.76355	228.974	0.023	1.737	323.779	0.132
1594195723.77111	229.034	0.024	1.817	324.021	0.144
1594195723.80980	229.078	0.023	1.749	324.101	0.142
1594195723.82238	229.123	0.024	1.758	324.101	0.138
1594195723.83363	229.214	0.024	1.828	324.101	0.145
1594195723.86230	229.212	0.024	1.816	324.101	0.140
1594195723.87862	229.231	0.024	1.836	324.262	0.144
1594195723.89111	229.205	0.024	1.812	324.101	0.142
1594195723.92230	229.229	0.025	1.869	324.182	0.140
1594195723.93862	229.275	0.028	2.163	324.182	0.161
1594195723.95981	229.300	0.028	2.206	324.343	0.162
1594195723.97112	229.281	0.026	1.936	324.343	0.147
1594195723.99862	229.263	0.030	2.386	324.423	0.166
1594195724.01978	229.199	0.031	2.463	324.262	0.179
1594195724.02987	229.245	0.034	2.741	324.262	0.190
1594195724.05737	229.257	0.032	2.579	324.262	0.182
1594195724.06987	229.206	0.030	2.363	324.262	0.175
1594195724.09112	229.140	0.034	2.786	324.182	0.190
1594195724.12481	229.234	0.034	2.773	324.182	0.189
1594195724.13237	229.319	0.032	2.562	324.343	0.179
1594195724.15235	229.320	0.030	2.328	324.423	0.171
1594195724.18728	229.281	0.032	2.527	324.262	0.176
1594195724.19362	229.299	0.030	2.396	324.423	0.173
1594195724.21112	229.238	0.030	2.303	324.423	0.175
1594195724.23737	229.276	0.030	2.338	324.182	0.169
1594195724.25110	229.342	0.030	2.371	324.423	0.174
1594195724.26985	229.317	0.031	2.408	324.423	0.177
1594195724.29860	229.289	0.031	2.390	324.343	0.178
1594195724.31114	229.318	0.030	2.393	324.343	0.175
1594195724.33005	229.335	0.032	2.547	324.423	0.177
1594195724.35612	229.269	0.032	2.519	324.343	0.181
1594195724.37112	229.241	0.026	2.019	324.343	0.158
1594195724.38985	229.192	0.027	2.051	324.343	0.150
1594195724.41612	229.204	0.024	1.814	324.343	0.141
1594195724.42986	229.221	0.024	1.839	324.182	0.139
1594195724.44985	229.264	0.024	1.840	324.262	0.139
1594195724.47736	229.184	0.023	1.751	324.343	0.136
1594195724.48985	229.139	0.024	1.859	324.182	0.140
1594195724.50986	229.117	0.027	2.083	324.101	0.156
1594195724.53735	229.130	0.027	2.109	324.182	0.156
1594195724.54986	229.147	0.030	2.327	324.101	0.170
1594195724.57111	229.143	0.032	2.488	324.101	0.178
1594195724.59738	229.098	0.030	2.340	324.101	0.166
1594195724.60986	229.140	0.030	2.318	324.101	0.170
1594195724.63110	229.149	0.029	2.283	324.021	0.164
1594195724.65766	229.107	0.031	2.375	324.021	0.173
1594195724.67236	229.129	0.030	2.300	324.101	0.169
1594195724.69236	229.062	0.032	2.488	323.940	0.178
1594195724.71736	229.046	0.034	2.712	324.101	0.189
1594195724.73235	229.076	0.032	2.547	324.182	0.181
1594195724.74986	229.066	0.036	2.957	324.101	0.209
1594195724.79355	229.123	0.039	3.231	324.101	0.214
1594195724.80111	229.057	0.039	3.209	324.021	0.209
1594195724.81113	229.066	0.036	2.979	324.021	0.198
1594195724.83737	229.036	0.036	2.879	323.860	0.198
1594195724.85113	229.089	0.036	2.932	324.101	0.195
1594195724.88607	229.128	0.035	2.877	324.021	0.194
1594195724.90362	229.055	0.036	2.904	323.940	0.194
1594195724.92106	229.105	0.036	2.885	323.940	0.192
1594195724.93112	229.145	0.035	2.859	324.101	0.195
1594195724.96112	229.186	0.036	2.945	324.021	0.199
1594195724.97112	229.169	0.036	2.945	324.182	0.198
1594195724.99112	229.103	0.035	2.854	324.101	0.197
1594195725.01862	229.088	0.036	2.903	324.101	0.201
1594195725.04132	229.084	0.035	2.875	323.940	0.197
1594195725.05112	229.066	0.035	2.877	324.021	0.189
1594195725.08882	229.099	0.036	2.884	324.021	0.197
1594195725.10132	229.075	0.035	2.850	323.860	0.198
1594195725.11112	229.015	0.036	2.928	323.860	0.198
1594195725.14730	228.996	0.036	2.886	323.860	0.197
1594195725.15362	228.998	0.036	2.887	323.860	0.197
1594195725.17112	229.064	0.036	2.912	323.860	0.198
1594195725.20605	229.051	0.035	2.871	323.860	0.194
1594195725.21237	229.001	0.035	2.855	323.699	0.190
1594195725.24357	229.056	0.036	2.953	323.779	0.197
1594195725.27110	229.057	0.036	2.903	323.699	0.194
1594195725.27236	229.029	0.035	2.823	323.699	0.187
1594195725.30854	228.978	0.036	2.921	323.699	0.199
1594195725.32113	228.972	0.035	2.780	323.860	0.192
1594195725.33363	228.944	0.035	2.897	323.618	0.199
1594195725.36606	229.041	0.036	2.921	323.699	0.197
1594195725.39107	229.087	0.036	2.946	323.779	0.198
1594195725.40605	229.117	0.035	2.895	323.860	0.194
1594195725.42505	229.097	0.036	2.957	323.860	0.198
1594195725.44110	229.115	0.035	2.878	323.860	0.195
1594195725.45363	229.105	0.035	2.890	323.940	0.194
1594195725.47238	229.084	0.036	2.907	323.940	0.199
1594195725.50238	229.012	0.035	2.862	323.940	0.192
1594195725.52105	229.061	0.036	2.918	323.940	0.195
1594195725.53113	229.018	0.036	2.903	323.860	0.198
1594195725.55737	229.019	0.036	2.888	323.940	0.194
1594195725.58257	229.038	0.036	2.931	323.699	0.197
1594195725.59237	229.055	0.036	2.887	323.860	0.197
1594195725.63007	229.052	0.035	2.877	323.779	0.193
1594195725.64112	229.094	0.036	2.910	323.779	0.200
1594195725.65113	229.056	0.036	2.897	323.779	0.194
1594195725.69230	229.069	0.036	2.922	323.860	0.199
1594195725.70112	229.094	0.036	2.926	323.860	0.191
1594195725.71113	229.100	0.035	2.865	323.779	0.195
1594195725.75107	229.121	0.035	2.871	323.860	0.193
1594195725.76237	229.085	0.035	2.884	324.021	0.191
1594195725.78106	229.105	0.036	2.912	323.779	0.195
1594195725.79988	229.089	0.035	2.854	323.940	0.194
1594195725.81737	229.045	0.035	2.913	323.779	0.191
1594195725.84105	228.976	0.035	2.882	323.860	0.194
1594195725.87230	228.986	0.035	2.923	323.699	0.192
1594195725.89230	229.001	0.035	2.868	323.699	0.193
1594195725.90505	229.010	0.035	2.921	323.779	0.192
1594195725.91861	228.948	0.035	2.916	323.779	0.190
1594195725.94355	228.993	0.035	2.883	323.779	0.193
1594195725.95113	229.001	0.036	2.893	323.940	0.194
1594195725.97988	229.024	0.036	2.934	323.940	0.192
1594195726.00478	228.966	0.036	2.908	323.940	0.192
1594195726.02255	228.925	0.036	2.891	323.779	0.195
1594195726.05108	228.979	0.036	2.932	323.779	0.193
1594195726.06611	229.009	0.036	2.929	324.021	0.197
1594195726.07363	229.033	0.036	2.935	323.940	0.195
1594195726.10856	228.977	0.035	2.888	323.779	0.191
1594195726.12236	228.974	0.035	2.905	324.182	0.192
1594195726.13236	228.992	0.036	2.909	324.021	0.197
1594195726.16604	228.975	0.035	2.882	323.860	0.197
1594195726.18238	228.972	0.036	2.877	323.779	0.197
1594195726.20232	228.903	0.035	2.902	323.860	0.191
1594195726.21239	228.911	0.036	2.931	323.779	0.200
1594195726.23862	229.012	0.036	2.949	323.940	0.198
1594195726.26104	229.011	0.035	2.899	323.860	0.195
1594195726.27111	229.033	0.036	2.922	323.940	0.202
1594195726.29862	229.032	0.035	2.874	323.940	0.191
1594195726.32104	228.968	0.035	2.897	324.021	0.194
1594195726.33236	229.020	0.036	2.888	324.021	0.192
1594195726.36482	229.005	0.036	2.912	324.021	0.195
1594195726.37236	229.021	0.035	2.909	324.101	0.193
1594195726.39236	228.964	0.036	2.908	324.021	0.199
1594195726.42605	228.927	0.035	2.884	323.779	0.197
1594195726.43362	228.915	0.035	2.892	323.860	0.195
1594195726.45363	228.904	0.035	2.890	323.779	0.193
1594195726.47613	228.903	0.036	2.895	323.860	0.193
1594195726.49239	228.947	0.036	2.935	324.021	0.194
1594195726.52858	228.917	0.035	2.886	323.860	0.194
1594195726.54113	228.981	0.036	2.945	323.779	0.191
1594195726.55363	228.972	0.035	2.857	323.940	0.190
1594195726.58730	228.942	0.036	2.935	323.860	0.193
1594195726.60363	228.901	0.036	2.898	323.860	0.199
1594195726.61363	228.898	0.035	2.914	323.860	0.190
1594195726.63112	228.994	0.036	2.917	323.940	0.194
1594195726.65988	228.975	0.036	2.926	324.021	0.193
1594195726.68234	228.954	0.035	2.854	324.101	0.198
1594195726.69237	228.865	0.035	2.864	324.021	0.197
1594195726.71987	228.879	0.036	2.915	323.779	0.197
1594195726.74106	228.890	0.036	2.904	323.699	0.198
1594195726.75113	228.909	0.036	2.931	324.021	0.195
1594195726.77863	228.896	0.036	2.870	323.860	0.197
1594195726.79113	228.901	0.036	2.929	323.860	0.192
1594195726.81238	229.000	0.036	2.953	324.021	0.202
1594195726.84609	228.995	0.035	2.874	324.021	0.194
1594195726.85363	228.983	0.036	2.916	323.860	0.194
1594195726.87362	229.026	0.036	2.886	323.860	0.194
1594195726.89862	229.025	0.036	2.912	323.860	0.197
1594195726.91112	229.031	0.036	2.924	323.940	0.194
1594195726.93237	229.092	0.036	2.909	323.940	0.197
1594195726.95862	229.090	0.036	2.907	324.021	0.192
1594195726.97237	229.123	0.036	2.946	324.101	0.193
1594195727.00609	229.119	0.035	2.885	324.021	0.191
1594195727.02238	229.098	0.035	2.911	324.182	0.195
1594195727.03487	229.131	0.035	2.856	324.101	0.192
1594195727.05113	229.115	0.035	2.870	324.021	0.192
1594195727.07862	229.097	0.035	2.900	324.182	0.193
1594195727.09238	229.063	0.035	2.895	323.940	0.193
1594195727.11112	229.066	0.035	2.887	324.021	0.195
1594195727.13863	229.089	0.036	2.933	324.101	0.197
1594195727.16109	229.098	0.036	2.924	324.101	0.197
1594195727.17113	229.116	0.036	2.912	324.182	0.201
1594195727.19988	229.090	0.036	2.923	324.101	0.199
1594195727.21112	229.072	0.035	2.832	324.101	0.194
1594195727.23113	229.103	0.036	2.891	324.021	0.199
1594195727.25863	229.079	0.035	2.878	324.101	0.192
1594195727.27113	229.049	0.036	2.941	324.021	0.198
1594195727.29239	229.056	0.036	2.920	324.021	0.194
1594195727.31742	229.057	0.036	2.906	324.021	0.195
1594195727.33117	229.149	0.036	2.927	324.343	0.200
1594195727.35242	229.167	0.035	2.893	324.182	0.194
1594195727.38610	229.145	0.036	2.913	324.101	0.190
1594195727.39243	229.131	0.035	2.884	324.021	0.195
1594195727.41242	229.144	0.036	2.922	324.262	0.198
1594195727.43992	229.163	0.036	2.899	324.262	0.192
1594195727.45243	229.153	0.036	2.908	324.101	0.199
1594195727.48863	229.161	0.035	2.873	324.182	0.195
1594195727.50367	229.169	0.036	2.915	324.182	0.192
1594195727.51369	229.112	0.036	2.898	324.101	0.195
1594195727.53117	229.086	0.036	2.898	324.021	0.195
1594195727.55867	229.103	0.035	2.902	324.021	0.191
1594195727.57242	229.156	0.036	2.929	324.182	0.190
1594195727.59117	229.167	0.035	2.927	324.182	0.191
1594195727.61867	229.163	0.036	2.957	324.182	0.198
1594195727.64236	229.207	0.035	2.884	324.101	0.188
1594195727.65242	229.224	0.036	2.936	324.182	0.191
1594195727.67867	229.167	0.035	2.913	324.101	0.195
1594195727.69114	229.042	0.036	2.892	324.101	0.195
1594195727.71117	229.006	0.036	2.914	324.101	0.194
1594195727.73866	229.152	0.036	2.897	324.101	0.197
1594195727.75867	229.111	0.035	2.897	324.101	0.191
1594195727.77241	229.135	0.036	2.939	324.262	0.198
1594195727.80487	229.104	0.035	2.856	324.101	0.191
1594195727.81241	229.079	0.035	2.866	324.021	0.191
1594195727.83237	229.081	0.036	2.931	324.021	0.197
1594195727.85864	229.015	0.036	2.780	324.021	0.200
1594195727.87112	228.997	0.035	2.819	324.021	0.199
1594195727.89237	228.993	0.036	2.877	324.021	0.193
1594195727.92606	228.959	0.036	2.893	324.182	0.197
1594195727.93237	229.040	0.036	2.931	323.940	0.193
1594195727.96484	229.121	0.036	2.925	324.182	0.199
1594195727.99234	229.094	0.036	2.906	324.021	0.194
1594195727.99362	229.115	0.036	2.934	324.182	0.198
1594195728.02984	229.020	0.035	2.887	324.101	0.190
1594195728.04489	229.054	0.036	2.887	323.940	0.199
1594195728.05739	229.054	0.036	2.917	324.021	0.197
1594195728.08131	229.023	0.036	2.894	324.021	0.191
1594195728.09986	229.010	0.036	2.897	324.021	0.194
1594195728.12259	229.002	0.035	2.841	324.021	0.198
1594195728.13237	229.005	0.036	2.957	324.021	0.198
1594195728.16112	229.038	0.036	2.898	324.182	0.193
1594195728.18382	229.061	0.036	2.939	324.021	0.197
1594195728.19362	229.061	0.035	2.878	323.940	0.195
1594195728.22112	229.074	0.036	2.957	324.101	0.198
1594195728.24104	229.100	0.036	2.914	324.182	0.198
1594195728.25238	229.064	0.036	2.915	324.182	0.191
1594195728.29359	229.028	0.035	2.850	324.021	0.198
1594195728.31007	229.045	0.036	2.942	324.021	0.198
1594195728.31632	229.056	0.036	2.921	324.101	0.198
1594195728.35360	229.116	0.036	2.946	324.101	0.195
1594195728.36007	229.088	0.036	2.917	324.021	0.198
1594195728.37362	229.096	0.036	2.912	324.101	0.193
1594195728.41105	229.091	0.036	2.899	324.182	0.198
1594195728.41741	229.040	0.036	2.922	324.021	0.199
1594195728.44861	229.110	0.036	2.939	324.182	0.198
1594195728.47510	229.114	0.035	2.888	324.021	0.191
1594195728.50105	229.095	0.036	2.900	324.101	0.192
1594195728.52113	229.079	0.035	2.834	324.021	0.193
1594195728.53507	229.005	0.036	2.881	323.940	0.200
1594195728.56230	228.963	0.035	2.890	323.940	0.193
1594195728.58982	228.959	0.036	2.889	323.940	0.192
1594195728.60860	228.917	0.036	2.892	323.860	0.194
1594195728.61488	228.926	0.036	2.909	323.940	0.197
1594195728.63987	228.947	0.035	2.913	323.860	0.192
1594195728.66605	228.971	0.036	2.925	324.021	0.192
1594195728.67362	228.997	0.035	2.907	323.940	0.194
1594195728.70113	228.961	0.036	2.900	323.860	0.194
1594195728.72360	228.924	0.036	2.944	324.021	0.202
1594195728.73363	228.977	0.036	2.903	323.940	0.192
1594195728.77231	228.965	0.036	2.902	324.021	0.201
1594195728.78508	228.891	0.036	2.872	324.021	0.197
1594195728.79363	228.860	0.036	2.882	323.860	0.194
1594195728.83362	228.908	0.036	2.953	323.940	0.200
1594195728.84614	228.946	0.036	2.891	323.940	0.194
1594195728.85386	228.991	0.036	2.925	323.940	0.194
1594195728.88605	229.027	0.036	2.932	324.021	0.193
1594195728.91260	229.016	0.036	2.934	324.021	0.195
1594195728.92508	229.025	0.036	2.937	324.182	0.194
1594195728.94508	229.017	0.035	2.865	324.021	0.195
1594195728.96238	228.955	0.035	2.890	323.860	0.194
1594195728.98360	228.963	0.036	2.925	323.940	0.202
1594195728.99363	228.967	0.035	2.889	324.021	0.202
1594195729.01989	228.952	0.036	2.916	323.940	0.197
1594195729.04231	229.048	0.036	2.927	324.021	0.191
1594195729.07009	229.031	0.035	2.874	324.101	0.198
1594195729.09107	229.105	0.036	2.971	324.021	0.198
1594195729.10114	229.156	0.036	2.921	324.021	0.195
1594195729.11363	229.140	0.036	2.937	324.021	0.197
1594195729.14982	229.143	0.036	2.934	324.262	0.197
1594195729.15614	229.107	0.035	2.890	324.182	0.192
1594195729.17263	229.093	0.036	2.882	324.182	0.191
1594195729.20862	229.145	0.036	2.930	324.021	0.193
1594195729.22484	229.179	0.036	2.908	324.262	0.198
1594195729.24982	229.190	0.036	2.913	324.182	0.195
1594195729.27263	229.214	0.036	2.918	324.423	0.192
1594195729.30984	229.141	0.036	2.951	324.262	0.198
1594195729.32241	229.120	0.035	2.889	324.182	0.198
1594195729.33490	229.199	0.036	2.951	324.182	0.200
1594195729.36983	229.191	0.035	2.895	324.262	0.191
1594195729.39482	229.170	0.036	2.911	324.182	0.200
1594195729.42262	229.141	0.036	2.921	324.262	0.193
1594195729.43615	229.142	0.035	2.866	324.182	0.194
1594195729.46363	229.096	0.036	2.881	324.262	0.198
1594195729.47367	229.089	0.036	2.919	324.101	0.198
1594195729.49990	229.135	0.036	2.932	324.101	0.192
1594195729.52232	229.117	0.036	2.903	324.182	0.198
1594195729.54261	229.136	0.036	2.940	324.182	0.194
1594195729.57132	229.131	0.036	2.894	324.182	0.197
1594195729.58635	229.128	0.036	2.898	324.021	0.198
1594195729.59738	229.077	0.036	2.886	324.021	0.193
1594195729.63105	228.983	0.035	2.868	323.940	0.193
1594195729.64364	228.988	0.036	2.901	323.940	0.197
1594195729.65364	229.028	0.036	2.933	323.940	0.195
1594195729.69230	229.050	0.036	2.907	323.940	0.195
1594195729.70364	229.068	0.036	2.917	324.021	0.198
1594195729.71364	229.032	0.036	2.888	324.021	0.199
1594195729.73989	229.094	0.036	2.926	324.182	0.199
1594195729.75614	229.112	0.036	2.907	324.101	0.198
1594195729.78230	229.098	0.036	2.896	324.101	0.195
1594195729.79988	229.101	0.036	2.898	324.262	0.199
1594195729.81613	229.014	0.036	2.914	324.262	0.203
1594195729.83238	229.023	0.036	2.900	324.101	0.199
1594195729.86112	229.065	0.036	2.927	324.182	0.194
1594195729.88608	229.065	0.036	2.915	324.262	0.200
1594195729.89365	229.103	0.036	2.941	324.182	0.195
1594195729.91988	229.033	0.035	2.887	324.021	0.198
1594195729.94606	229.008	0.035	2.862	324.021	0.192
1594195729.95365	229.072	0.036	2.918	324.021	0.199
1594195729.97365	229.090	0.036	2.916	324.021	0.193
1594195729.99988	229.068	0.036	2.959	324.101	0.198
1594195730.01365	229.037	0.036	2.885	324.021	0.193
1594195730.04986	229.060	0.036	2.906	324.343	0.195
1594195730.06488	229.082	0.036	2.918	324.182	0.197
1594195730.07738	229.060	0.036	2.920	324.101	0.200
1594195730.10981	229.024	0.035	2.885	324.021	0.193
1594195730.12238	229.000	0.035	2.877	324.101	0.195
1594195730.13488	229.007	0.036	2.977	324.182	0.194
1594195730.15238	228.937	0.035	2.850	323.860	0.190
1594195730.17988	228.913	0.036	2.879	324.021	0.194
1594195730.20234	228.945	0.036	2.956	323.860	0.201
1594195730.21365	228.975	0.036	2.930	323.940	0.192
1594195730.23988	228.997	0.036	2.896	323.940	0.193
1594195730.26363	228.983	0.036	2.909	323.860	0.197
1594195730.27365	228.971	0.036	2.880	323.779	0.199
1594195730.29989	228.935	0.036	2.924	323.860	0.195
1594195730.31239	228.902	0.036	2.894	323.779	0.195
1594195730.33366	228.991	0.036	2.917	323.940	0.197
1594195730.36610	229.019	0.036	2.957	324.101	0.200
1594195730.37365	229.052	0.035	2.906	324.021	0.191
1594195730.39366	229.040	0.036	2.913	324.021	0.198
1594195730.41988	229.036	0.036	2.893	323.940	0.198
1594195730.43238	229.025	0.036	2.907	324.021	0.195
1594195730.45366	229.035	0.036	2.942	323.940	0.201
1594195730.48115	229.020	0.036	2.924	323.940	0.197
1594195730.49366	228.966	0.036	2.898	323.940	0.195
1594195730.52486	228.963	0.036	2.923	323.860	0.198
1594195730.55382	228.997	0.035	2.885	323.940	0.192
1594195730.56134	229.002	0.036	2.912	323.860	0.195
1594195730.57239	229.028	0.036	2.917	324.021	0.194
1594195730.59990	229.027	0.036	2.927	323.860	0.195
1594195730.61367	229.017	0.035	2.922	323.940	0.193
1594195730.63239	229.022	0.036	2.932	323.860	0.198
1594195730.65989	228.997	0.036	2.912	323.860	0.197
1594195730.68365	228.990	0.036	2.951	323.940	0.202
1594195730.69366	228.946	0.035	2.865	323.779	0.194
1594195730.71989	228.866	0.036	2.899	323.940	0.198
1594195730.73239	228.947	0.036	2.953	323.860	0.199
1594195730.75239	228.959	0.036	2.855	323.940	0.198
1594195730.77989	228.944	0.036	2.903	323.940	0.201
1594195730.79239	228.961	0.036	2.896	323.699	0.193
1594195730.81366	228.905	0.036	2.907	323.779	0.199
1594195730.83991	228.900	0.036	2.904	323.860	0.198
1594195730.85240	228.874	0.036	2.925	323.779	0.202
1594195730.87367	228.895	0.036	2.911	323.860	0.200
1594195730.89867	228.938	0.036	2.940	323.860	0.202
1594195730.91240	228.944	0.036	2.905	323.940	0.197
1594195730.93367	228.984	0.036	2.932	323.860	0.201
1594195730.95990	229.031	0.036	2.922	323.860	0.192
1594195730.97367	228.990	0.036	2.930	323.860	0.195
1594195731.00485	228.950	0.035	2.866	323.940	0.194
1594195731.03106	228.875	0.035	2.921	323.779	0.189
1594195731.03739	228.932	0.035	2.892	324.021	0.191
1594195731.05241	228.977	0.036	2.904	323.860	0.193
1594195731.07991	228.975	0.036	2.912	323.779	0.191
1594195731.09367	228.941	0.035	2.887	323.860	0.195
1594195731.11240	228.921	0.036	2.922	323.699	0.197
1594195731.13990	228.966	0.036	2.906	323.779	0.198
1594195731.16233	228.933	0.036	2.909	323.779	0.201
1594195731.17240	228.982	0.036	2.929	323.779	0.195
1594195731.20114	228.953	0.036	2.951	323.779	0.194
1594195731.21239	228.877	0.035	2.848	323.860	0.194
1594195731.23238	228.947	0.036	2.919	323.699	0.198
1594195731.25988	228.922	0.036	2.894	323.779	0.195
1594195731.27238	228.929	0.036	2.929	323.860	0.192
1594195731.29367	228.950	0.036	2.947	323.940	0.197
1594195731.33381	228.850	0.035	2.864	323.940	0.191
1594195731.35368	228.943	0.036	2.900	323.779	0.198
1594195731.37989	228.923	0.036	2.913	323.860	0.198
1594195731.39368	228.978	0.036	2.906	323.699	0.197
1594195731.41368	228.895	0.036	2.903	323.779	0.199
1594195731.43989	229.035	0.036	2.951	323.779	0.200
1594195731.45368	229.097	0.037	2.977	324.021	0.200
1594195731.48484	229.064	0.036	2.912	324.101	0.197
1594195731.51265	229.071	0.036	2.914	324.101	0.191
1594195731.51990	229.020	0.036	2.950	323.940	0.198
1594195731.55107	229.100	0.036	2.929	324.021	0.197
1594195731.56368	229.106	0.036	2.932	324.101	0.199
1594195731.57614	229.089	0.035	2.864	323.940	0.193
1594195731.60983	229.113	0.036	2.932	324.021	0.190
1594195731.62738	229.095	0.036	2.892	324.021	0.201
1594195731.64483	229.089	0.036	2.907	324.021	0.198
1594195731.66633	229.099	0.036	2.921	324.021	0.189
1594195731.68113	229.072	0.036	2.878	324.021	0.195
1594195731.70610	229.106	0.036	2.909	324.182	0.198
1594195731.71368	229.048	0.036	2.899	324.021	0.199
1594195731.73989	229.056	0.035	2.900	324.101	0.198
1594195731.76508	229.046	0.036	2.898	323.940	0.198
1594195731.77489	229.017	0.036	2.923	323.940	0.195
1594195731.81384	229.051	0.036	2.896	324.182	0.202
1594195731.83383	228.964	0.035	2.856	324.021	0.194
1594195731.83868	229.026	0.036	2.921	323.940	0.194
1594195731.87265	229.051	0.036	2.916	324.021	0.195
1594195731.88489	229.090	0.036	2.915	323.940	0.201
1594195731.89613	229.049	0.036	2.877	324.021	0.198
1594195731.91368	228.977	0.035	2.840	323.940	0.194
1594195731.94113	229.013	0.036	2.905	323.940	0.191
1594195731.96356	229.045	0.036	2.923	323.940	0.199
1594195731.98610	229.054	0.036	2.891	323.860	0.194
1594195732.00490	229.057	0.036	2.916	324.101	0.198
1594195732.02482	228.993	0.035	2.896	323.940	0.191
1594195732.03489	228.985	0.036	2.937	323.860	0.195
1594195732.06114	229.057	0.036	2.916	323.860	0.195
1594195732.08356	229.073	0.036	2.881	323.940	0.200
1594195732.09369	229.057	0.036	2.943	323.940	0.197
1594195732.12981	229.029	0.036	2.904	323.940	0.197
1594195732.14366	229.046	0.036	2.947	323.940	0.194
1594195732.15369	229.098	0.036	2.964	324.021	0.199
1594195732.18731	229.091	0.036	2.907	324.182	0.200
1594195732.19488	229.045	0.035	2.860	323.940	0.193
1594195732.21489	229.019	0.036	2.889	323.940	0.200
1594195732.24732	229.066	0.036	2.909	324.021	0.201
1594195732.26483	229.076	0.036	2.953	323.860	0.197
1594195732.28986	229.091	0.035	2.870	323.940	0.194
1594195732.31506	229.104	0.036	2.935	324.021	0.198
1594195732.31614	229.049	0.036	2.903	324.101	0.201
1594195732.34983	229.086	0.036	2.940	324.021	0.199
1594195732.36616	229.127	0.036	2.942	323.940	0.193
1594195732.37740	229.093	0.036	2.893	323.940	0.198
1594195732.41108	229.111	0.036	2.893	324.182	0.198
1594195732.43510	228.997	0.035	2.886	323.860	0.199
1594195732.45489	228.953	0.036	2.902	323.699	0.194
1594195732.48114	229.017	0.036	2.957	323.779	0.194
1594195732.50357	228.994	0.036	2.905	323.860	0.198
1594195732.51489	228.906	0.036	2.902	323.860	0.194
1594195732.54115	228.903	0.036	2.866	323.699	0.197
1594195732.56357	228.918	0.036	2.945	323.779	0.198
1594195732.59010	228.933	0.036	2.904	323.779	0.197
1594195732.61608	228.949	0.036	2.944	323.860	0.194
1594195732.62866	228.923	0.036	2.891	323.779	0.198
1594195732.63614	228.909	0.036	2.889	323.860	0.190
1594195732.66983	228.959	0.036	2.969	323.860	0.197
1594195732.67615	228.972	0.036	2.915	323.860	0.199
1594195732.69615	228.962	0.036	2.902	323.940	0.197
