# timestamp	V	A	W	V	A
1595326142.27648	398.126	0.006	377421.569	325.389	0.008
1595326142.28310	229.961	0.003	377421.591	325.389	0.008
1595326142.30001	229.974	0.003	377421.568	325.228	0.007
1595326142.32145	229.980	0.003	0.007	325.228	0.008
1595326142.32612	230.008	0.003	0.002	325.308	0.008
1595326142.36303	229.983	0.003	0.012	325.308	0.008
1595326142.37646	229.953	0.003	0.014	325.228	0.008
1595326142.38608	229.952	0.003	377421.592	325.308	0.008
1595326142.42346	229.943	0.003	377421.584	325.308	0.008
1595326142.43708	229.968	0.004	377421.578	325.308	0.008
1595326142.44714	229.983	0.003	0.001	325.228	0.007
1595326142.49345	229.987	0.003	0.000	325.228	0.007
1595326142.53245	230.001	0.003	377421.587	325.228	0.008
1595326142.53808	229.941	0.003	377421.590	325.147	0.007
1595326142.54716	229.934	0.003	377421.580	325.067	0.009
1595326142.58504	229.958	0.003	377421.591	325.147	0.007
1595326142.59646	229.949	0.003	377421.581	325.228	0.007
1595326142.60823	229.914	0.003	377421.574	325.228	0.008
1595326142.64846	229.945	0.003	377421.583	325.147	0.008
1595326142.65709	229.965	0.003	0.017	325.147	0.007
1595326142.66714	229.999	0.003	0.011	325.228	0.007
1595326142.70646	230.009	0.003	377421.562	325.389	0.008
1595326142.70713	230.005	0.004	0.012	325.308	0.008
1595326142.74846	230.004	0.003	377421.588	325.308	0.008
1595326142.78747	230.052	0.004	377421.593	325.389	0.008
1595326142.78810	230.065	0.003	0.001	325.389	0.008
1595326142.80107	230.006	0.003	0.006	325.389	0.007
1595326142.81521	229.985	0.003	377421.569	325.389	0.008
1595326142.85206	229.982	0.003	0.008	325.228	0.008
1595326142.85645	230.000	0.003	377421.588	325.308	0.008
1595326142.86708	229.971	0.003	377421.561	325.389	0.008
1595326142.90551	229.973	0.003	377421.585	325.308	0.007
1595326142.91647	230.001	0.003	377421.561	325.308	0.007
1595326142.92711	229.983	0.003	377421.580	325.228	0.007
1595326142.96746	230.006	0.003	377421.579	325.228	0.007
1595326142.97710	230.019	0.003	377421.584	325.228	0.008
1595326142.98711	230.049	0.003	0.001	325.389	0.007
1595326143.02827	230.018	0.003	377421.589	325.389	0.007
1595326143.03113	230.027	0.003	0.034	325.228	0.008
1595326143.06810	230.038	0.003	377421.579	325.389	0.008
1595326143.07615	229.967	0.003	377421.586	325.228	0.007
1595326143.08612	229.946	0.004	0.012	325.308	0.007
1595326143.14148	229.960	0.003	377421.590	325.308	0.008
1595326143.14310	229.990	0.003	0.001	325.228	0.008
1595326143.14517	229.986	0.004	0.007	325.228	0.008
1595326143.18550	229.998	0.003	377421.575	325.228	0.007
1595326143.18613	229.995	0.003	0.003	325.308	0.008
1595326143.22350	229.974	0.003	0.006	325.308	0.007
1595326143.27150	229.978	0.003	377421.590	325.147	0.008
1595326143.27315	229.915	0.003	377421.590	325.308	0.009
1595326143.27710	229.925	0.003	377421.561	325.308	0.007
1595326143.31620	229.921	0.003	377421.593	325.228	0.007
1595326143.31703	229.904	0.003	377421.571	325.228	0.007
1595326143.33648	229.899	0.003	0.014	325.228	0.008
1595326143.37314	229.840	0.003	377421.579	325.147	0.007
1595326143.37512	229.854	0.003	0.014	325.228	0.007
1595326143.38613	229.850	0.003	0.003	325.389	0.007
1595326143.42551	229.899	0.003	377421.569	325.147	0.007
1595326143.43749	229.858	0.003	0.008	325.147	0.008
1595326143.47514	229.859	0.003	377421.574	325.147	0.007
1595326143.47611	229.850	0.003	377421.593	325.067	0.008
1595326143.49850	229.857	0.003	377421.577	325.067	0.007
1595326143.53649	229.845	0.003	377421.585	324.986	0.007
1595326143.53714	229.872	0.003	377421.589	324.986	0.007
1595326143.55649	229.812	0.003	377421.585	324.986	0.008
1595326143.59316	229.838	0.003	377421.568	325.067	0.007
1595326143.59712	229.855	0.003	0.002	325.147	0.008
1595326143.60850	229.814	0.003	377421.583	324.986	0.008
1595326143.64650	229.828	0.004	377421.580	325.067	0.008
1595326143.65749	229.825	0.003	377421.587	325.067	0.008
1595326143.66816	229.809	0.003	377421.581	324.986	0.008
1595326143.70608	229.815	0.003	377421.580	325.067	0.008
1595326143.71649	229.815	0.003	377421.573	324.906	0.007
1595326143.72615	229.800	0.004	0.002	325.067	0.008
1595326143.77452	229.851	0.003	0.016	325.067	0.008
1595326143.81217	229.814	0.003	377421.577	325.147	0.008
1595326143.81321	229.793	0.004	377421.587	325.067	0.008
1595326143.83706	229.793	0.003	377421.588	324.986	0.008
1595326143.86555	229.813	0.003	377421.592	324.986	0.008
1595326143.88752	229.767	0.003	377421.563	324.906	0.008
1595326143.92651	229.818	0.004	377421.565	324.906	0.009
1595326143.93709	229.774	0.003	0.000	324.986	0.008
1595326143.94753	229.796	0.003	377421.588	324.906	0.007
1595326143.98652	229.803	0.003	0.004	324.745	0.007
1595326143.98716	229.787	0.003	0.015	325.067	0.007
1595326144.02613	229.789	0.003	377421.575	324.906	0.008
1595326144.03757	229.768	0.003	377421.582	324.825	0.008
1595326144.04852	229.794	0.003	377421.587	324.906	0.008
1595326144.08654	229.774	0.003	377421.567	324.825	0.007
1595326144.09652	229.785	0.003	377421.593	324.906	0.008
1595326144.10617	229.860	0.003	377421.589	324.986	0.008
1595326144.14552	229.837	0.004	377421.567	325.147	0.007
1595326144.14716	229.828	0.003	0.000	324.986	0.008
1595326144.18653	229.851	0.004	0.015	325.067	0.008
1595326144.19217	229.852	0.003	377421.588	325.067	0.008
1595326144.23054	229.854	0.003	377421.577	325.147	0.008
1595326144.23118	229.838	0.004	377421.588	325.147	0.008
1595326144.27054	229.781	0.003	0.001	325.067	0.008
1595326144.27215	229.756	0.003	377421.566	325.147	0.007
1595326144.29554	229.782	0.003	377421.569	325.228	0.008
1595326144.30619	229.788	0.003	377421.557	324.986	0.007
1595326144.34314	229.830	0.003	0.009	325.067	0.007
1595326144.34525	229.809	0.004	377421.580	324.986	0.007
1595326144.37653	229.807	0.003	377421.562	324.986	0.008
1595326144.39653	229.818	0.003	0.001	325.067	0.008
1595326144.41615	229.786	0.003	377421.573	324.986	0.008
1595326144.45555	229.739	0.004	377421.579	324.825	0.007
1595326144.46055	229.721	0.004	377421.577	324.745	0.008
1595326144.46855	229.696	0.003	377421.588	324.825	0.008
1595326144.50719	229.694	0.004	377421.586	324.745	0.008
1595326144.51716	229.708	0.003	377421.580	324.745	0.008
1595326144.52721	229.652	0.003	377421.583	324.745	0.008
1595326144.57855	229.681	0.003	377421.573	324.665	0.008
1595326144.58019	229.677	0.003	377421.593	324.665	0.007
1595326144.61755	229.663	0.003	377421.585	324.665	0.008
1595326144.61915	229.656	0.003	377421.578	324.665	0.008
1595326144.65857	229.585	0.003	377421.572	324.504	0.007
1595326144.66019	229.543	0.003	377421.567	324.584	0.007
1595326144.67554	229.521	0.003	0.018	324.584	0.008
1595326144.68620	229.542	0.003	0.001	324.584	0.008
1595326144.72654	229.547	0.003	377421.571	324.584	0.008
1595326144.73717	229.545	0.003	0.003	324.423	0.008
1595326144.74821	229.572	0.003	377421.567	324.584	0.007
1595326144.78754	229.562	0.003	377421.584	324.584	0.007
1595326144.78818	229.492	0.003	0.007	324.423	0.008
1595326144.82622	229.499	0.003	377421.582	324.584	0.007
1595326144.83554	229.555	0.003	377421.591	324.665	0.007
1595326144.84721	229.611	0.004	377421.590	324.584	0.007
1595326144.88661	229.592	0.003	0.002	324.665	0.008
1595326144.90257	229.530	0.003	377421.572	324.665	0.008
1595326144.94021	229.560	0.003	377421.590	324.584	0.008
1595326144.94219	229.487	0.003	0.004	324.504	0.008
1595326144.94313	229.512	0.003	377421.571	324.343	0.009
1595326144.98156	229.521	0.003	377421.592	324.423	0.007
1595326145.01956	229.539	0.004	377421.587	324.423	0.008
1595326145.02121	229.544	0.003	377421.581	324.423	0.008
1595326145.03558	229.566	0.003	0.005	324.504	0.008
1595326145.04621	229.579	0.003	377421.590	324.504	0.008
1595326145.08659	229.527	0.003	377421.582	324.504	0.008
1595326145.09518	229.528	0.003	0.000	324.423	0.008
1595326145.10825	229.572	0.003	377421.567	324.504	0.008
1595326145.14633	229.561	0.003	377421.569	324.504	0.007
1595326145.15757	229.547	0.003	377421.559	324.423	0.008
1595326145.16722	229.644	0.003	377421.588	324.584	0.008
1595326145.20657	229.630	0.003	377421.586	324.665	0.007
1595326145.21720	229.603	0.003	0.001	324.584	0.008
1595326145.23023	229.618	0.003	0.001	324.584	0.007
1595326145.27555	229.642	0.003	377421.577	324.665	0.008
1595326145.28548	229.661	0.003	0.012	324.665	0.007
1595326145.29822	229.718	0.003	0.017	324.665	0.007
1595326145.33733	229.713	0.003	0.005	324.665	0.007
1595326145.33822	229.698	0.003	377421.579	324.745	0.008
1595326145.35999	229.740	0.003	377421.585	324.825	0.008
1595326145.36814	229.777	0.003	377421.561	324.906	0.007
1595326145.40659	229.847	0.003	377421.594	324.986	0.007
1595326145.41519	229.835	0.003	377421.569	324.986	0.007
1595326145.42726	229.818	0.003	0.005	324.986	0.007
1595326145.46559	229.836	0.003	377421.591	324.906	0.007
1595326145.48759	229.837	0.003	377421.574	324.906	0.008
1595326145.52559	229.891	0.003	0.000	325.067	0.008
1595326145.53620	229.850	0.003	0.005	325.067	0.008
1595326145.54626	229.861	0.004	0.003	324.825	0.008
1595326145.58557	229.857	0.003	377421.592	324.825	0.007
1595326145.58623	229.815	0.003	377421.570	324.986	0.008
1595326145.62359	229.764	0.003	377421.570	324.825	0.008
1595326145.65120	229.826	0.003	377421.576	325.067	0.008
1595326145.65226	229.860	0.003	377421.575	324.906	0.008
1595326145.70260	229.880	0.003	0.012	324.986	0.007
1595326145.70322	229.883	0.003	377421.577	324.906	0.008
1595326145.70518	229.898	0.003	377421.592	325.228	0.008
1595326145.74359	229.886	0.003	377421.579	325.147	0.008
1595326145.74858	229.829	0.003	377421.588	324.906	0.008
1595326145.78658	229.823	0.003	0.002	324.906	0.008
1595326145.82548	229.789	0.003	377421.578	324.986	0.008
1595326145.82624	229.808	0.003	377421.566	324.906	0.008
1595326145.83620	229.769	0.004	377421.591	324.825	0.008
1595326145.85658	229.781	0.003	0.015	324.906	0.008
1595326145.89323	229.732	0.003	0.004	324.825	0.008
1595326145.89522	229.740	0.003	377421.578	324.825	0.008
1595326145.90724	229.788	0.004	377421.585	324.825	0.007
1595326145.94615	229.765	0.003	0.007	324.745	0.007
1595326145.95216	229.803	0.003	377421.564	324.825	0.008
1595326145.99035	229.758	0.003	0.014	324.745	0.007
1595326145.99236	229.768	0.003	377421.590	324.745	0.007
1595326146.04260	229.802	0.003	377421.579	324.825	0.008
1595326146.04324	229.823	0.003	377421.570	324.825	0.007
1595326146.04621	229.832	0.003	0.006	324.825	0.008
1595326146.08358	229.837	0.003	377421.563	324.986	0.007
1595326146.08825	229.815	0.003	377421.580	324.825	0.008
1595326146.13360	229.814	0.003	377421.590	324.825	0.008
1595326146.13624	229.795	0.003	377421.591	324.745	0.007
1595326146.17463	229.847	0.003	377421.579	324.906	0.008
1595326146.18159	229.810	0.003	0.010	324.825	0.008
1595326146.19324	229.791	0.003	377421.592	324.906	0.007
1595326146.23460	229.817	0.003	377421.572	324.906	0.008
1595326146.23624	229.798	0.003	0.001	324.825	0.007
1595326146.24621	229.771	0.003	377421.561	324.825	0.007
1595326146.29463	229.760	0.003	377421.593	324.986	0.008
1595326146.33755	229.784	0.003	0.003	324.745	0.007
1595326146.34127	229.814	0.003	377421.563	325.067	0.007
1595326146.34721	229.789	0.003	0.000	324.906	0.008
1595326146.38560	229.826	0.003	0.010	324.986	0.007
1595326146.39226	229.780	0.003	377421.569	324.986	0.008
1595326146.43264	229.797	0.003	377421.590	324.986	0.007
1595326146.43423	229.788	0.003	377421.587	324.986	0.008
1595326146.47263	229.827	0.003	377421.565	324.906	0.009
1595326146.47522	229.843	0.003	377421.588	324.825	0.007
1595326146.48633	229.830	0.003	377421.576	324.906	0.008
1595326146.52361	229.848	0.004	377421.554	324.906	0.008
1595326146.53723	229.804	0.004	377421.574	324.745	0.008
1595326146.54632	229.825	0.003	377421.577	324.745	0.008
1595326146.58529	229.827	0.003	0.008	324.745	0.007
1595326146.59562	229.837	0.003	377421.588	324.665	0.008
1595326146.60866	229.871	0.003	377421.558	324.906	0.008
1595326146.65762	229.910	0.003	377421.560	324.825	0.007
1595326146.66528	229.895	0.003	377421.579	325.067	0.007
1595326146.70360	229.913	0.003	377421.574	324.825	0.007
1595326146.70826	229.919	0.003	0.012	324.986	0.008
1595326146.74863	229.858	0.003	377421.565	324.906	0.007
1595326146.76225	229.888	0.003	377421.585	325.067	0.008
1595326146.80065	229.884	0.003	377421.576	324.825	0.008
1595326146.81669	229.876	0.003	377421.582	324.906	0.008
1595326146.82829	229.918	0.003	377421.579	324.906	0.007
1595326146.86762	229.890	0.003	0.002	324.825	0.007
1595326146.86827	229.905	0.003	377421.573	324.825	0.007
1595326146.90843	229.921	0.003	377421.591	324.906	0.007
1595326146.92665	229.909	0.003	377421.589	324.906	0.008
1595326146.93030	229.907	0.003	377421.582	324.906	0.008
1595326146.96825	229.921	0.003	377421.583	324.986	0.008
1595326146.97631	229.941	0.003	377421.582	325.067	0.008
1595326146.98626	229.934	0.003	377421.566	325.067	0.007
1595326147.02566	230.041	0.003	377421.584	325.228	0.007
1595326147.02730	230.086	0.003	0.004	325.308	0.008
1595326147.06721	230.032	0.003	377421.577	325.067	0.008
1595326147.11568	230.027	0.003	377421.590	325.067	0.008
1595326147.11863	230.078	0.003	377421.590	325.228	0.008
1595326147.17066	230.070	0.003	377421.557	325.067	0.008
1595326147.17362	230.076	0.003	0.012	325.228	0.007
1595326147.21266	230.099	0.003	377421.551	325.147	0.007
1595326147.21329	230.137	0.003	377421.569	325.147	0.007
1595326147.23564	230.094	0.004	0.003	325.228	0.008
1595326147.25029	230.091	0.003	377421.568	325.228	0.007
1595326147.29064	230.102	0.003	377421.577	325.147	0.008
1595326147.30064	230.073	0.003	377421.569	325.147	0.007
1595326147.30730	230.059	0.003	377421.584	325.147	0.007
1595326147.35465	230.061	0.003	377421.582	325.228	0.007
1595326147.36731	230.045	0.003	0.003	325.147	0.008
1595326147.40565	230.034	0.003	0.008	324.986	0.007
1595326147.40828	230.063	0.003	0.002	325.067	0.008
1595326147.44966	230.059	0.003	377421.560	325.228	0.007
1595326147.45727	230.020	0.003	377421.584	325.067	0.008
1595326147.46738	230.069	0.003	377421.569	325.147	0.007
1595326147.52444	230.052	0.003	377421.587	325.308	0.007
1595326147.52631	230.054	0.003	0.004	325.147	0.007
1595326147.56464	229.760	1.866	113.477	325.067	17.059
1595326147.57031	230.016	0.079	0.228	324.986	0.162
1595326147.60866	230.015	0.048	377421.354	324.986	0.095
1595326147.62267	230.015	0.029	377421.422	324.986	0.064
1595326147.66068	229.989	0.018	377421.558	325.147	0.046
1595326147.66131	230.028	0.012	0.093	324.986	0.031
1595326147.67324	230.005	0.008	0.112	325.067	0.025
1595326147.71220	229.954	0.006	0.097	324.986	0.022
1595326147.71322	229.986	0.005	0.162	325.228	0.020
1595326147.75166	230.014	0.004	0.175	324.986	0.017
1595326147.75329	230.029	0.004	0.128	325.147	0.017
1595326147.80266	230.106	0.004	0.153	325.228	0.021
1595326147.80331	230.023	0.004	0.122	325.147	0.014
1595326147.81627	229.866	0.004	0.053	325.067	0.009
1595326147.85367	229.919	0.004	0.082	324.986	0.011
1595326147.85526	229.884	0.004	0.108	324.906	0.011
1595326147.89367	229.856	0.004	0.076	324.986	0.016
1595326147.89531	229.896	0.003	0.085	324.986	0.013
1595326147.94571	229.869	0.004	0.092	325.067	0.010
1595326147.95067	229.883	0.003	0.043	324.986	0.009
1595326147.95131	229.843	0.004	0.077	324.986	0.014
1595326147.99069	229.870	0.003	0.043	324.825	0.012
1595326148.02867	229.875	0.011	0.832	324.906	0.069
1595326148.03034	229.875	0.008	0.565	325.147	0.046
1595326148.06767	229.881	0.008	0.545	324.986	0.045
1595326148.07629	229.878	0.008	0.535	324.986	0.044
1595326148.08521	229.875	0.008	0.577	324.986	0.044
1595326148.12366	229.834	0.008	0.602	324.986	0.043
1595326148.12532	229.835	0.008	0.553	324.906	0.048
1595326148.16270	229.830	0.008	0.558	324.825	0.049
1595326148.17233	229.827	0.007	0.503	324.825	0.039
1595326148.20069	229.810	0.007	0.450	324.825	0.035
1595326148.20232	229.869	0.006	0.434	324.986	0.035
1595326148.24168	229.851	0.007	0.467	325.067	0.045
1595326148.27970	229.804	0.009	0.612	325.067	0.057
1595326148.28134	229.751	0.009	0.626	324.825	0.052
1595326148.29629	229.721	0.009	0.633	324.665	0.051
1595326148.30642	229.704	0.009	0.618	324.584	0.051
1595326148.34369	229.726	0.009	0.635	324.745	0.048
1595326148.35870	229.695	0.008	0.594	324.584	0.043
1595326148.36833	229.719	0.008	0.577	324.665	0.046
1595326148.41371	229.774	0.008	0.556	324.825	0.046
1595326148.45168	229.740	0.008	0.545	324.745	0.043
1595326148.45233	229.762	0.009	0.630	324.665	0.057
1595326148.49070	229.768	0.009	0.648	324.665	0.051
1595326148.49233	229.785	0.009	0.636	324.825	0.054
1595326148.53070	229.772	0.009	0.613	324.665	0.054
1595326148.53235	229.765	0.009	0.625	324.665	0.051
1595326148.55571	229.704	0.008	0.611	324.665	0.047
1595326148.59331	229.729	0.008	0.580	324.745	0.045
1595326148.59548	229.746	0.008	0.535	324.584	0.041
1595326148.61516	229.726	0.009	0.626	324.665	0.055
1595326148.62515	229.761	0.009	0.713	324.665	0.051
1595326148.66215	229.809	0.009	0.718	324.584	0.054
1595326148.67615	229.795	0.010	0.758	324.745	0.066
1595326148.68615	229.765	0.010	0.689	324.584	0.058
1595326148.72415	229.801	0.010	0.711	324.665	0.057
1595326148.73615	229.837	0.010	0.735	324.665	0.054
1595326148.74616	229.845	0.010	0.718	324.825	0.056
1595326148.78469	229.853	0.010	0.742	324.584	0.058
1595326148.78638	229.767	0.010	0.727	324.665	0.054
1595326148.82752	229.815	0.009	0.683	324.584	0.054
1595326148.83339	229.813	0.010	0.741	324.665	0.058
1595326148.87171	229.807	0.009	0.691	324.665	0.059
1595326148.87432	229.763	0.009	0.700	324.665	0.054
1595326148.91370	229.784	0.009	0.701	324.504	0.056
1595326148.91535	229.826	0.010	0.754	324.745	0.056
1595326148.93471	229.766	0.009	0.686	324.584	0.052
1595326148.94636	229.782	0.009	0.704	324.665	0.055
1595326148.98372	229.806	0.011	0.855	324.665	0.061
1595326148.99734	229.809	0.010	0.792	324.584	0.067
1595326149.00739	229.809	0.010	0.780	324.745	0.061
1595326149.04572	229.818	0.010	0.778	324.745	0.057
1595326149.05634	229.824	0.010	0.772	324.745	0.060
1595326149.06638	229.810	0.010	0.760	324.665	0.057
1595326149.10471	229.827	0.011	0.870	324.584	0.071
1595326149.10634	229.809	0.009	0.602	324.584	0.048
1595326149.14332	229.825	0.008	0.577	324.665	0.049
1595326149.15351	229.811	0.008	0.609	324.745	0.048
1595326149.19171	229.816	0.008	0.575	324.665	0.048
1595326149.19237	229.819	0.008	0.611	324.906	0.047
1595326149.23172	229.840	0.009	0.623	324.665	0.054
1595326149.23238	229.802	0.008	0.617	324.584	0.046
1595326149.25572	229.794	0.009	0.693	324.665	0.054
1595326149.29373	229.800	0.010	0.775	324.584	0.055
1595326149.29536	229.782	0.010	0.762	324.584	0.064
1595326149.31568	229.778	0.010	0.754	324.504	0.057
1595326149.36374	229.750	0.010	0.761	324.504	0.060
1595326149.36870	229.773	0.010	0.744	324.584	0.055
1595326149.37135	229.814	0.010	0.800	324.665	0.060
1595326149.38778	229.826	0.010	0.763	324.665	0.062
1595326149.42551	229.828	0.010	0.758	324.745	0.058
1595326149.42738	229.829	0.010	0.797	324.665	0.058
1595326149.47634	229.858	0.010	0.779	324.825	0.057
1595326149.47743	229.825	0.010	0.764	324.825	0.055
1595326149.48774	229.814	0.010	0.787	324.745	0.066
1595326149.52636	229.858	0.010	0.749	324.665	0.059
1595326149.53138	229.851	0.010	0.715	324.665	0.054
1595326149.56838	229.855	0.008	0.599	324.584	0.054
1595326149.57974	229.830	0.009	0.655	324.745	0.056
1595326149.61774	229.805	0.009	0.689	324.665	0.052
1595326149.62338	229.786	0.009	0.677	324.584	0.058
1595326149.66137	229.745	0.009	0.717	324.745	0.054
1595326149.66340	229.766	0.010	0.728	324.584	0.051
1595326149.67673	229.739	0.009	0.696	324.504	0.054
1595326149.68638	229.766	0.010	0.709	324.423	0.058
1595326149.72339	229.747	0.009	0.706	324.504	0.057
1595326149.73437	229.713	0.009	0.686	324.504	0.051
1595326149.74635	229.697	0.013	0.977	324.343	0.079
1595326149.78375	229.754	0.014	1.062	324.504	0.074
1595326149.78438	229.734	0.009	0.611	324.504	0.048
1595326149.82473	229.707	0.010	0.728	324.665	0.064
1595326149.84437	229.731	0.012	0.924	324.504	0.070
1595326149.88274	229.725	0.012	0.874	324.584	0.062
1595326149.88339	229.709	0.011	0.868	324.504	0.068
1595326149.92150	229.616	0.011	0.860	324.504	0.066
1595326149.92241	229.644	0.012	0.905	324.504	0.071
1595326149.92331	229.648	0.012	0.879	324.423	0.066
1595326149.96175	229.642	0.012	0.884	324.504	0.068
1595326149.97140	229.630	0.012	0.873	324.423	0.064
1595326150.01143	229.630	0.012	0.895	324.665	0.072
1595326150.01231	229.637	0.011	0.839	324.343	0.064
1595326150.05976	229.630	0.012	0.868	324.423	0.073
1595326150.06140	229.685	0.012	0.894	324.423	0.066
1595326150.06736	229.745	0.011	0.889	324.423	0.063
1595326150.10476	229.787	0.012	0.904	324.504	0.071
1595326150.10636	229.800	0.011	0.864	324.504	0.064
1595326150.15674	229.755	0.011	0.876	324.423	0.073
1595326150.15738	229.799	0.012	0.920	324.665	0.071
1595326150.16635	229.866	0.012	0.887	324.745	0.066
1595326150.18841	229.879	0.012	0.916	324.665	0.066
1595326150.22657	229.908	0.011	0.861	324.745	0.067
1595326150.22852	229.883	0.012	0.911	324.745	0.064
1595326150.26675	229.880	0.012	0.888	324.665	0.074
1595326150.26741	229.879	0.012	0.871	324.825	0.061
1595326150.30479	229.925	0.011	0.819	324.745	0.060
1595326150.34377	229.961	0.009	0.686	324.825	0.052
1595326150.34739	229.963	0.009	0.690	324.825	0.047
1595326150.38676	229.961	0.009	0.667	324.825	0.056
1595326150.38876	229.911	0.009	0.642	324.825	0.052
1595326150.42778	229.945	0.009	0.675	324.825	0.056
1595326150.42841	229.906	0.009	0.666	324.825	0.056
1595326150.46739	229.822	0.009	0.667	324.906	0.058
1595326150.47645	229.848	0.009	0.678	324.745	0.050
1595326150.49678	229.867	0.009	0.681	324.745	0.056
1595326150.53341	229.871	0.009	0.669	324.825	0.049
1595326150.53439	229.809	0.009	0.676	324.906	0.055
1595326150.54638	229.811	0.009	0.679	324.745	0.056
1595326150.58383	229.844	0.009	0.650	324.665	0.060
1595326150.58443	229.820	0.009	0.676	324.745	0.047
1595326150.62478	229.809	0.009	0.655	324.584	0.051
1595326150.66477	229.841	0.009	0.678	324.665	0.055
1595326150.66738	229.884	0.009	0.696	324.665	0.051
1595326150.66840	229.851	0.009	0.665	324.665	0.055
1595326150.70777	229.874	0.009	0.664	324.906	0.056
1595326150.70837	229.927	0.009	0.694	324.745	0.049
1595326150.75177	229.907	0.009	0.680	324.825	0.052
1595326150.75241	229.815	0.009	0.650	324.584	0.055
1595326150.78980	229.859	0.009	0.705	324.665	0.054
1595326150.79240	229.825	0.009	0.675	324.584	0.052
1595326150.83178	229.840	0.009	0.672	324.665	0.052
1595326150.83242	229.884	0.009	0.700	324.745	0.056
1595326150.87138	229.846	0.009	0.702	324.745	0.054
1595326150.87754	229.870	0.009	0.690	324.745	0.055
1595326150.91478	229.836	0.009	0.668	324.665	0.051
1595326150.91643	229.857	0.010	0.695	324.825	0.058
1595326150.92738	229.854	0.009	0.690	324.825	0.054
1595326150.96578	229.845	0.009	0.673	324.825	0.054
1595326150.96743	229.902	0.009	0.700	324.745	0.059
1595326151.00441	229.897	0.009	0.701	324.825	0.057
1595326151.01148	229.833	0.009	0.625	324.665	0.051
1595326151.04840	229.791	0.009	0.663	324.665	0.050
1595326151.04943	229.806	0.009	0.676	324.665	0.051
1595326151.09178	229.797	0.009	0.667	324.745	0.051
1595326151.09243	229.752	0.009	0.658	324.665	0.057
1595326151.14280	229.792	0.009	0.666	324.665	0.051
1595326151.14640	229.828	0.009	0.681	324.665	0.056
1595326151.14751	229.833	0.009	0.686	324.745	0.054
1595326151.18680	229.798	0.009	0.665	324.825	0.051
1595326151.19244	229.768	0.009	0.681	324.584	0.055
1595326151.22980	229.766	0.009	0.684	324.584	0.054
1595326151.23145	229.798	0.009	0.708	324.665	0.055
1595326151.26837	229.790	0.009	0.691	324.584	0.055
1595326151.27286	229.793	0.009	0.656	324.665	0.050
1595326151.28441	229.800	0.009	0.680	324.584	0.054
1595326151.32241	229.817	0.009	0.678	324.584	0.052
1595326151.33446	229.776	0.009	0.667	324.584	0.054
1595326151.34679	229.733	0.009	0.657	324.584	0.054
1595326151.38383	229.767	0.009	0.713	324.825	0.056
1595326151.42183	229.774	0.009	0.658	324.665	0.055
1595326151.42246	229.761	0.009	0.683	324.665	0.055
1595326151.43482	229.796	0.010	0.707	324.745	0.055
1595326151.44646	229.825	0.010	0.710	324.825	0.056
1595326151.48343	229.799	0.009	0.672	324.906	0.052
1595326151.49759	229.797	0.009	0.689	324.745	0.054
1595326151.50747	229.836	0.009	0.674	324.825	0.050
1595326151.54486	229.812	0.009	0.663	324.745	0.054
1595326151.55478	229.808	0.009	0.707	324.825	0.054
1595326151.56647	229.823	0.009	0.654	324.825	0.051
1595326151.60345	229.832	0.009	0.684	324.906	0.054
1595326151.60447	229.816	0.009	0.651	324.906	0.056
1595326151.64282	229.863	0.009	0.649	324.745	0.050
1595326151.68583	229.791	0.009	0.681	324.745	0.056
1595326151.68746	229.760	0.009	0.619	324.665	0.050
1595326151.68840	229.769	0.009	0.665	324.665	0.049
1595326151.72682	229.786	0.009	0.698	324.665	0.051
1595326151.72745	229.678	0.009	0.649	324.504	0.057
1595326151.76443	229.694	0.009	0.687	324.504	0.050
1595326151.76654	229.734	0.009	0.678	324.504	0.048
1595326151.80349	229.777	0.010	0.742	324.745	0.055
1595326151.81438	229.745	0.009	0.675	324.665	0.050
1595326151.85239	229.759	0.009	0.660	324.665	0.062
1595326151.85328	229.760	0.009	0.659	324.584	0.049
1595326151.87628	229.745	0.009	0.650	324.665	0.055
1595326151.91328	229.776	0.009	0.681	324.504	0.051
1595326151.91628	229.774	0.009	0.693	324.584	0.055
1595326151.92628	229.793	0.009	0.694	324.745	0.057
1595326151.96328	229.807	0.009	0.696	324.825	0.051
1595326151.97689	229.761	0.009	0.665	324.665	0.050
1595326151.98744	229.755	0.009	0.669	324.745	0.048
1595326152.02683	229.763	0.009	0.683	324.665	0.054
1595326152.02747	229.766	0.009	0.658	324.584	0.054
1595326152.06488	229.779	0.009	0.674	324.584	0.051
1595326152.08444	229.752	0.009	0.649	324.745	0.054
1595326152.10183	229.762	0.009	0.684	324.504	0.050
1595326152.10848	229.735	0.009	0.660	324.665	0.055
1595326152.14681	229.721	0.009	0.675	324.504	0.051
1595326152.15251	229.752	0.009	0.688	324.584	0.058
1595326152.18946	229.735	0.009	0.676	324.665	0.049
1595326152.19150	229.744	0.010	0.702	324.665	0.056
1595326152.22849	229.767	0.009	0.644	324.584	0.056
1595326152.23147	229.720	0.010	0.743	324.745	0.063
1595326152.26891	229.728	0.011	0.857	324.665	0.068
1595326152.27044	229.763	0.012	0.900	324.665	0.075
1595326152.30888	229.756	0.012	0.868	324.584	0.064
1595326152.30943	229.778	0.011	0.868	324.665	0.064
1595326152.35181	229.731	0.011	0.871	324.504	0.062
1595326152.35248	229.713	0.011	0.847	324.584	0.071
1595326152.38985	229.710	0.011	0.863	324.584	0.064
1595326152.40984	229.735	0.012	0.886	324.504	0.068
1595326152.44750	229.749	0.011	0.894	324.504	0.069
1595326152.45694	229.756	0.012	0.909	324.584	0.063
1595326152.46786	229.719	0.011	0.856	324.504	0.071
1595326152.50450	229.716	0.011	0.869	324.423	0.061
1595326152.50646	229.716	0.011	0.874	324.504	0.066
1595326152.54357	229.713	0.011	0.891	324.584	0.063
1595326152.58286	229.710	0.011	0.896	324.584	0.064
1595326152.58349	229.715	0.011	0.846	324.584	0.064
1595326152.58443	229.698	0.011	0.839	324.504	0.063
1595326152.62287	229.690	0.010	0.775	324.584	0.058
1595326152.62449	229.652	0.010	0.771	324.504	0.057
1595326152.66287	229.656	0.010	0.782	324.504	0.058
1595326152.69951	229.726	0.010	0.817	324.423	0.062
1595326152.70147	229.741	0.011	0.810	324.504	0.061
1595326152.71446	229.749	0.010	0.781	324.665	0.060
1595326152.75291	229.724	0.011	0.815	324.504	0.060
1595326152.75350	229.749	0.011	0.832	324.584	0.064
1595326152.76447	229.714	0.010	0.796	324.584	0.061
1595326152.80244	229.753	0.011	0.828	324.665	0.071
1595326152.81486	229.700	0.011	0.787	324.665	0.058
1595326152.85293	229.665	0.011	0.785	324.584	0.059
1595326152.85350	229.697	0.010	0.787	324.584	0.060
1595326152.89141	229.648	0.010	0.767	324.584	0.063
1595326152.89242	229.650	0.010	0.786	324.504	0.060
1595326152.92986	229.656	0.010	0.806	324.584	0.056
1595326152.93248	229.674	0.011	0.788	324.665	0.058
1595326152.97186	229.676	0.011	0.830	324.584	0.060
1595326152.97348	229.652	0.010	0.789	324.504	0.058
1595326153.01587	229.648	0.011	0.833	324.423	0.059
1595326153.01752	229.645	0.010	0.796	324.423	0.061
1595326153.05488	229.648	0.011	0.752	324.423	0.061
1595326153.05652	229.691	0.011	0.833	324.665	0.062
1595326153.06686	229.723	0.011	0.797	324.504	0.061
1595326153.10352	229.680	0.010	0.759	324.504	0.063
1595326153.10445	229.630	0.010	0.780	324.504	0.062
1595326153.14286	229.629	0.011	0.788	324.423	0.063
1595326153.18095	229.609	0.010	0.776	324.423	0.061
1595326153.18252	229.623	0.011	0.823	324.504	0.061
1595326153.19449	229.643	0.011	0.778	324.504	0.063
1595326153.20457	229.655	0.010	0.791	324.504	0.066
1595326153.24288	229.662	0.011	0.784	324.504	0.061
1595326153.26688	229.609	0.010	0.763	324.504	0.064
1595326153.30387	229.558	0.011	0.776	324.343	0.060
1595326153.31449	229.556	0.010	0.780	324.343	0.064
1595326153.32662	229.555	0.010	0.783	324.343	0.060
1595326153.36493	229.553	0.011	0.795	324.343	0.058
1595326153.37691	229.554	0.011	0.768	324.423	0.058
1595326153.38647	229.567	0.010	0.795	324.343	0.059
1595326153.42389	229.510	0.010	0.788	324.262	0.060
1595326153.43357	229.505	0.010	0.759	324.343	0.061
1595326153.47465	229.575	0.010	0.809	324.423	0.057
1595326153.48189	229.588	0.011	0.864	324.182	0.068
1595326153.49254	229.559	0.014	1.112	324.343	0.081
1595326153.51489	229.579	0.014	1.071	324.262	0.079
1595326153.55253	229.573	0.015	1.210	324.584	0.093
1595326153.55353	229.446	0.015	1.214	324.182	0.095
1595326153.56448	229.486	0.012	0.947	324.262	0.070
1595326153.60289	229.516	0.012	0.956	324.182	0.067
1595326153.60352	229.514	0.012	0.990	324.182	0.072
1595326153.64189	229.518	0.012	0.958	324.182	0.070
1595326153.67892	229.585	0.012	0.945	324.423	0.075
1595326153.68188	229.568	0.010	0.736	324.343	0.058
1595326153.68254	229.555	0.010	0.708	324.423	0.056
1595326153.72149	229.579	0.010	0.726	324.423	0.052
1595326153.76152	229.582	0.010	0.720	324.423	0.057
1595326153.76350	229.573	0.010	0.714	324.504	0.055
1595326153.76952	229.497	0.009	0.702	324.262	0.052
1595326153.80790	229.505	0.011	0.862	324.182	0.069
1595326153.80853	229.480	0.012	0.987	324.182	0.073
1595326153.84650	229.465	0.012	0.923	324.262	0.069
1595326153.84747	229.560	0.011	0.882	324.182	0.072
1595326153.88496	229.579	0.013	1.005	324.343	0.076
1595326153.92391	229.575	0.012	0.922	324.343	0.066
1595326153.92455	229.574	0.013	1.006	324.262	0.072
1595326153.92651	229.581	0.013	1.004	324.343	0.076
1595326153.96791	229.587	0.013	0.990	324.423	0.074
1595326153.96854	229.595	0.013	0.995	324.182	0.070
1595326154.00690	229.614	0.012	0.960	324.262	0.073
1595326154.00755	229.627	0.012	0.927	324.262	0.069
1595326154.04467	229.598	0.012	0.988	324.182	0.075
1595326154.06058	229.572	0.013	1.005	324.182	0.075
1595326154.09891	229.580	0.013	0.986	324.262	0.076
1595326154.09955	229.584	0.013	1.000	324.182	0.074
1595326154.11451	229.604	0.013	1.037	324.423	0.071
1595326154.12466	229.594	0.013	1.054	324.262	0.078
1595326154.16293	229.617	0.013	1.069	324.343	0.078
1595326154.16355	229.602	0.013	0.987	324.262	0.073
1595326154.20191	229.585	0.011	0.807	324.423	0.058
1595326154.24173	229.589	0.010	0.762	324.343	0.060
1595326154.24456	229.594	0.010	0.748	324.423	0.060
1595326154.28268	229.603	0.010	0.728	324.423	0.061
1595326154.28347	229.595	0.010	0.710	324.423	0.052
1595326154.32193	229.582	0.010	0.745	324.343	0.059
1595326154.32956	229.577	0.010	0.712	324.423	0.061
1595326154.36753	229.612	0.010	0.719	324.343	0.057
1595326154.40694	229.615	0.010	0.724	324.423	0.057
1595326154.40757	229.603	0.010	0.733	324.423	0.057
1595326154.40849	229.576	0.010	0.746	324.262	0.057
1595326154.44694	229.582	0.011	0.833	324.343	0.059
1595326154.44756	229.566	0.010	0.765	324.423	0.055
1595326154.48457	229.578	0.010	0.724	324.423	0.058
1595326154.48666	229.572	0.010	0.759	324.343	0.057
1595326154.52693	229.581	0.010	0.710	324.343	0.058
1595326154.57595	229.568	0.010	0.713	324.262	0.055
1595326154.57757	229.586	0.010	0.747	324.343	0.055
1595326154.57856	229.558	0.009	0.711	324.182	0.057
1595326154.58653	229.556	0.010	0.741	324.262	0.054
1595326154.62392	229.565	0.010	0.749	324.343	0.057
1595326154.63793	229.492	0.010	0.729	324.182	0.057
1595326154.64655	229.501	0.012	0.922	324.101	0.069
1595326154.68356	229.522	0.013	1.052	324.504	0.079
1595326154.69496	229.481	0.013	1.028	324.262	0.073
1595326154.70693	229.488	0.013	1.019	324.101	0.079
1595326154.74358	229.496	0.013	1.022	324.182	0.072
1595326154.75595	229.501	0.014	1.116	324.343	0.083
1595326154.76759	229.504	0.014	1.072	324.262	0.076
1595326154.81493	229.509	0.012	0.947	324.262	0.072
1595326154.85258	229.571	0.012	0.861	324.262	0.062
1595326154.85453	229.549	0.011	0.868	324.343	0.066
1595326154.86671	229.547	0.011	0.875	324.262	0.063
1595326154.90353	229.556	0.011	0.851	324.182	0.067
1595326154.91493	229.565	0.011	0.849	324.343	0.067
1595326154.92660	229.567	0.011	0.852	324.343	0.061
1595326154.96456	229.520	0.012	0.880	324.262	0.068
1595326155.00501	229.542	0.011	0.878	324.343	0.059
1595326155.00660	229.549	0.011	0.889	324.262	0.062
1595326155.02693	229.545	0.011	0.868	324.343	0.068
1595326155.06394	229.558	0.011	0.842	324.262	0.060
1595326155.07456	229.536	0.011	0.872	324.262	0.061
1595326155.08458	229.551	0.011	0.867	324.262	0.067
1595326155.12345	229.587	0.011	0.878	324.182	0.060
1595326155.16162	229.596	0.012	0.902	324.423	0.067
1595326155.16251	229.640	0.011	0.849	324.262	0.060
1595326155.20995	229.678	0.012	0.914	324.262	0.062
1595326155.21159	229.695	0.012	0.910	324.584	0.067
1595326155.21255	229.683	0.011	0.866	324.423	0.064
1595326155.22498	229.700	0.011	0.884	324.504	0.070
1595326155.26261	229.720	0.012	0.887	324.584	0.070
1595326155.27459	229.759	0.011	0.879	324.584	0.062
1595326155.28662	229.721	0.011	0.861	324.665	0.061
1595326155.32395	229.721	0.012	0.923	324.665	0.067
1595326155.33495	229.730	0.011	0.849	324.745	0.066
1595326155.34497	229.747	0.011	0.826	324.745	0.066
1595326155.38295	229.786	0.012	0.879	324.745	0.064
1595326155.39896	229.783	0.011	0.850	324.825	0.066
1595326155.40761	229.768	0.011	0.858	324.745	0.063
1595326155.44774	229.760	0.011	0.849	324.665	0.063
1595326155.45663	229.782	0.011	0.881	324.665	0.063
1595326155.46857	229.775	0.011	0.866	324.745	0.063
1595326155.50657	229.737	0.011	0.859	324.504	0.064
1595326155.50770	229.765	0.011	0.880	324.665	0.062
1595326155.54504	229.745	0.011	0.861	324.584	0.064
1595326155.55997	229.741	0.011	0.869	324.665	0.062
1595326155.56860	229.737	0.011	0.871	324.504	0.062
1595326155.60658	229.750	0.011	0.873	324.665	0.060
1595326155.61797	229.680	0.011	0.860	324.665	0.060
1595326155.62761	229.671	0.011	0.857	324.665	0.064
1595326155.66462	229.687	0.011	0.890	324.665	0.068
1595326155.66661	229.685	0.011	0.836	324.584	0.066
1595326155.70502	229.711	0.012	0.891	324.584	0.062
1595326155.74398	229.701	0.011	0.870	324.584	0.061
1595326155.74462	229.662	0.011	0.870	324.504	0.061
1595326155.75496	229.629	0.011	0.846	324.423	0.063
1595326155.79262	229.643	0.012	0.899	324.423	0.073
1595326155.79360	229.625	0.012	0.955	324.504	0.068
1595326155.83198	229.613	0.010	0.777	324.745	0.060
1595326155.83261	229.608	0.010	0.763	324.584	0.057
1595326155.85262	229.602	0.010	0.800	324.584	0.060
1595326155.86902	229.598	0.012	0.965	324.584	0.076
1595326155.90663	229.574	0.012	0.920	324.504	0.072
1595326155.92674	229.594	0.015	1.235	324.584	0.084
1595326155.96399	229.591	0.015	1.237	324.504	0.092
1595326155.97461	229.614	0.016	1.256	324.423	0.092
1595326155.98466	229.619	0.015	1.197	324.423	0.092
1595326156.02299	229.602	0.017	1.392	324.504	0.098
1595326156.03498	229.578	0.015	1.192	324.343	0.084
1595326156.04465	229.606	0.015	1.204	324.423	0.086
1595326156.08397	229.629	0.016	1.300	324.423	0.099
1595326156.09498	229.614	0.015	1.198	324.584	0.088
1595326156.10463	229.638	0.016	1.283	324.423	0.092
1595326156.14298	229.591	0.017	1.325	324.423	0.096
1595326156.14362	229.566	0.016	1.294	324.423	0.092
1595326156.18160	229.592	0.017	1.338	324.343	0.096
1595326156.19998	229.600	0.017	1.377	324.343	0.094
1595326156.20763	229.614	0.016	1.313	324.504	0.091
1595326156.24698	229.625	0.016	1.274	324.423	0.095
1595326156.25864	229.584	0.016	1.300	324.343	0.097
1595326156.29659	229.587	0.016	1.305	324.423	0.092
1595326156.29875	229.588	0.016	1.324	324.423	0.095
1595326156.30800	229.616	0.017	1.312	324.423	0.093
1595326156.34503	229.615	0.016	1.295	324.423	0.088
1595326156.35461	229.633	0.017	1.331	324.423	0.094
1595326156.36668	229.636	0.016	1.289	324.504	0.093
1595326156.40503	229.595	0.019	1.501	324.584	0.112
1595326156.41462	229.596	0.018	1.454	324.584	0.103
1595326156.42664	229.609	0.018	1.431	324.343	0.100
1595326156.46401	229.608	0.018	1.456	324.423	0.104
1595326156.46464	229.596	0.018	1.438	324.504	0.099
1595326156.50261	229.588	0.018	1.461	324.423	0.105
1595326156.52103	229.570	0.018	1.448	324.423	0.103
1595326156.52867	229.557	0.018	1.424	324.504	0.107
1595326156.56703	229.580	0.018	1.430	324.423	0.103
1595326156.57799	229.589	0.018	1.424	324.423	0.102
1595326156.58766	229.566	0.018	1.444	324.423	0.099
1595326156.62463	229.598	0.018	1.457	324.343	0.102
1595326156.62669	229.592	0.018	1.446	324.423	0.103
1595326156.66401	229.598	0.018	1.405	324.343	0.099
1595326156.71100	229.642	0.019	1.527	324.423	0.110
1595326156.71265	229.659	0.018	1.487	324.262	0.102
1595326156.72461	229.664	0.018	1.436	324.504	0.098
1595326156.73480	229.621	0.018	1.398	324.343	0.102
1595326156.75154	229.635	0.018	1.449	324.423	0.102
1595326156.78982	229.644	0.018	1.420	324.504	0.099
1595326156.79181	229.680	0.018	1.464	324.504	0.102
1595326156.82857	229.634	0.018	1.452	324.343	0.103
1595326156.83143	229.633	0.020	1.683	324.504	0.111
1595326156.84451	229.637	0.020	1.609	324.504	0.114
1595326156.88402	229.597	0.021	1.688	324.423	0.119
1595326156.89465	229.596	0.022	1.754	324.665	0.124
1595326156.90470	229.640	0.020	1.652	324.584	0.115
1595326156.94403	229.649	0.020	1.679	324.504	0.114
1595326156.94663	229.665	0.021	1.670	324.584	0.118
1595326156.98403	229.683	0.020	1.650	324.665	0.117
1595326157.03202	229.659	0.020	1.638	324.825	0.116
1595326157.03565	229.612	0.020	1.641	324.665	0.114
1595326157.07349	229.612	0.020	1.649	324.504	0.115
1595326157.07448	229.639	0.020	1.635	324.745	0.124
1595326157.12548	229.601	0.020	1.658	324.504	0.117
1595326157.12748	229.607	0.020	1.638	324.584	0.116
1595326157.12847	229.600	0.020	1.645	324.504	0.115
1595326157.16701	229.572	0.020	1.656	324.504	0.117
1595326157.17873	229.507	0.020	1.643	324.343	0.118
1595326157.22004	229.537	0.021	1.734	324.343	0.120
1595326157.22168	229.565	0.021	1.694	324.584	0.118
1595326157.22261	229.555	0.020	1.614	324.343	0.114
1595326157.26155	229.565	0.021	1.752	324.584	0.126
1595326157.26267	229.543	0.020	1.643	324.343	0.112
1595326157.30005	229.518	0.020	1.691	324.343	0.117
1595326157.31566	229.557	0.021	1.731	324.182	0.118
1595326157.32705	229.547	0.029	2.461	324.262	0.159
1595326157.36486	229.561	0.030	2.483	324.343	0.166
1595326157.37604	229.471	0.029	2.398	324.262	0.165
1595326157.38668	229.505	0.028	2.333	324.423	0.158
1595326157.43205	229.463	0.029	2.441	324.262	0.165
1595326157.47004	229.545	0.031	2.571	324.343	0.167
1595326157.47169	229.549	0.030	2.465	324.343	0.166
1595326157.50957	229.558	0.030	2.503	324.262	0.166
1595326157.51165	229.582	0.026	2.185	324.504	0.157
1595326157.52476	229.581	0.022	1.760	324.423	0.123
1595326157.56305	229.534	0.022	1.785	324.343	0.121
1595326157.58509	229.575	0.023	1.855	324.423	0.132
1595326157.62270	229.550	0.022	1.764	324.343	0.127
1595326157.63708	229.494	0.021	1.654	324.262	0.118
1595326157.64668	229.506	0.021	1.731	324.343	0.116
1595326157.68508	229.556	0.021	1.684	324.343	0.118
1595326157.69568	229.578	0.021	1.704	324.343	0.120
1595326157.70670	229.606	0.021	1.711	324.262	0.121
1595326157.74507	229.575	0.021	1.664	324.504	0.119
1595326157.74669	229.578	0.021	1.721	324.423	0.116
1595326157.78407	229.576	0.021	1.688	324.343	0.120
1595326157.83105	229.586	0.021	1.711	324.423	0.121
1595326157.83270	229.543	0.020	1.654	324.584	0.114
1595326157.83365	229.578	0.021	1.685	324.504	0.115
1595326157.84512	229.614	0.021	1.685	324.423	0.117
1595326157.88309	229.572	0.021	1.666	324.423	0.116
1595326157.90508	229.577	0.020	1.698	324.423	0.118
1595326157.94272	229.589	0.020	1.630	324.504	0.117
1595326157.95469	229.546	0.021	1.702	324.423	0.119
1595326157.96474	229.556	0.020	1.657	324.584	0.119
1595326158.00404	229.581	0.021	1.700	324.584	0.116
1595326158.01466	229.581	0.021	1.673	324.504	0.120
1595326158.02672	229.590	0.021	1.682	324.504	0.123
1595326158.06909	229.598	0.021	1.732	324.665	0.119
1595326158.06971	229.584	0.021	1.664	324.584	0.119
1595326158.10808	229.529	0.020	1.633	324.504	0.117
1595326158.11505	229.529	0.021	1.695	324.343	0.121
1595326158.12472	229.537	0.021	1.701	324.343	0.119
1595326158.16407	229.516	0.020	1.690	324.343	0.116
1595326158.17605	229.568	0.021	1.728	324.262	0.115
1595326158.18670	229.582	0.021	1.697	324.423	0.117
1595326158.22608	229.558	0.020	1.679	324.584	0.116
1595326158.22771	229.518	0.020	1.662	324.262	0.119
1595326158.26510	229.500	0.020	1.648	324.262	0.118
1595326158.30409	229.467	0.020	1.638	324.262	0.114
1595326158.30473	229.446	0.020	1.616	324.182	0.112
1595326158.31505	229.450	0.020	1.635	324.423	0.112
1595326158.35313	229.423	0.020	1.599	324.262	0.116
1595326158.35373	229.419	0.020	1.643	324.101	0.116
1595326158.37468	229.412	0.021	1.723	324.182	0.118
1595326158.38484	229.443	0.021	1.710	324.101	0.117
1595326158.43508	229.421	0.020	1.709	324.101	0.115
1595326158.43565	229.417	0.021	1.731	324.101	0.123
1595326158.44866	229.400	0.023	1.893	324.343	0.135
1595326158.48710	229.361	0.024	2.001	324.021	0.139
1595326158.49808	229.423	0.029	2.387	324.262	0.163
1595326158.50774	229.444	0.030	2.460	324.101	0.167
1595326158.54608	229.453	0.031	2.520	324.343	0.174
1595326158.54772	229.386	0.030	2.488	324.021	0.171
1595326158.58470	229.422	0.030	2.557	324.182	0.168
1595326158.62407	229.374	0.030	2.479	324.182	0.166
1595326158.62471	229.358	0.030	2.475	324.182	0.162
1595326158.63607	229.367	0.030	2.493	324.021	0.166
1595326158.68579	229.356	0.028	2.328	324.021	0.164
1595326158.68866	229.380	0.028	2.350	324.021	0.159
1595326158.69808	229.419	0.029	2.460	324.021	0.159
1595326158.70573	229.356	0.029	2.417	324.101	0.161
1595326158.74373	229.378	0.029	2.418	324.101	0.161
1595326158.75509	229.389	0.028	2.389	324.021	0.158
1595326158.76473	229.349	0.028	2.374	324.101	0.156
1595326158.80512	229.363	0.030	2.473	324.021	0.161
1595326158.81472	229.401	0.030	2.513	324.101	0.164
1595326158.82488	229.391	0.030	2.579	324.021	0.168
1595326158.87414	229.310	0.029	2.426	324.021	0.163
1595326158.89020	229.353	0.026	2.187	324.021	0.143
1595326158.92775	229.453	0.026	2.137	324.182	0.138
1595326158.93008	229.466	0.027	2.195	324.262	0.153
1595326158.96776	229.474	0.025	2.096	324.262	0.145
1595326158.98309	229.483	0.025	2.117	324.262	0.146
1595326158.99510	229.445	0.026	2.180	324.182	0.141
1595326159.01511	229.457	0.027	2.249	324.182	0.147
1595326159.05315	229.458	0.026	2.142	324.262	0.145
1595326159.05376	229.468	0.026	2.151	324.262	0.148
1595326159.07470	229.467	0.029	2.322	324.182	0.165
1595326159.12211	229.502	0.027	2.270	324.262	0.153
1595326159.12471	229.494	0.026	2.136	324.343	0.143
1595326159.13810	229.511	0.026	2.139	324.262	0.145
1595326159.14775	229.546	0.025	2.146	324.262	0.143
1595326159.18588	229.547	0.025	2.071	324.343	0.142
1595326159.18766	229.531	0.025	2.102	324.343	0.142
1595326159.22513	229.517	0.028	2.347	324.423	0.155
1595326159.27010	229.521	0.026	2.170	324.262	0.141
1595326159.27075	229.452	0.023	1.902	324.343	0.131
1595326159.27373	229.438	0.025	2.099	324.262	0.146
1595326159.31404	229.477	0.029	2.459	324.262	0.156
1595326159.31475	229.476	0.027	2.198	324.182	0.147
1595326159.33473	229.513	0.027	2.250	324.343	0.147
1595326159.34477	229.499	0.025	2.078	324.262	0.138
1595326159.38277	229.508	0.025	2.070	324.262	0.141
1595326159.42012	229.479	0.021	1.737	324.262	0.121
1595326159.42076	229.476	0.023	1.805	324.262	0.126
1595326159.43511	229.499	0.021	1.713	324.262	0.116
1595326159.44476	229.496	0.021	1.716	324.343	0.121
1595326159.48269	229.524	0.021	1.711	324.343	0.122
1595326159.49512	229.513	0.021	1.710	324.262	0.118
1595326159.50475	229.521	0.022	1.745	324.423	0.120
1595326159.54313	229.525	0.023	1.809	324.584	0.133
1595326159.55612	229.553	0.022	1.816	324.423	0.128
1595326159.56576	229.503	0.021	1.721	324.343	0.124
1595326159.60514	229.526	0.020	1.658	324.504	0.118
1595326159.61612	229.536	0.023	1.871	324.504	0.130
1595326159.62777	229.551	0.023	1.858	324.423	0.128
1595326159.67814	229.505	0.024	1.945	324.343	0.138
1595326159.67876	229.538	0.023	1.902	324.423	0.134
1595326159.68874	229.541	0.022	1.839	324.423	0.131
1595326159.72914	229.568	0.023	1.900	324.423	0.131
1595326159.72977	229.554	0.025	2.021	324.423	0.150
1595326159.76868	229.550	0.030	2.529	324.504	0.164
1595326159.78313	229.551	0.030	2.539	324.343	0.165
1595326159.78978	229.542	0.029	2.443	324.262	0.163
1595326159.83012	229.547	0.030	2.499	324.262	0.159
1595326159.83578	229.544	0.030	2.532	324.343	0.159
1595326159.87372	229.533	0.030	2.532	324.423	0.165
1595326159.87473	229.511	0.029	2.451	324.343	0.170
1595326159.88494	229.500	0.030	2.482	324.262	0.162
1595326159.92417	229.467	0.030	2.527	324.262	0.161
1595326159.93470	229.486	0.030	2.510	324.262	0.161
1595326159.94571	229.522	0.030	2.481	324.343	0.164
1595326159.98512	229.515	0.029	2.487	324.343	0.162
1595326159.98578	229.510	0.031	2.665	324.262	0.171
1595326160.02415	229.508	0.029	2.522	324.182	0.167
1595326160.07015	229.486	0.031	2.615	324.262	0.173
1595326160.07170	229.498	0.032	2.694	324.343	0.173
1595326160.10976	229.504	0.031	2.683	324.343	0.175
1595326160.11069	229.533	0.029	2.499	324.262	0.158
1595326160.13518	229.527	0.031	2.626	324.343	0.170
1595326160.17615	229.546	0.032	2.747	324.423	0.178
1595326160.17780	229.583	0.032	2.733	324.423	0.178
1595326160.19575	229.607	0.033	2.828	324.423	0.180
1595326160.20782	229.632	0.032	2.785	324.665	0.176
1595326160.24614	229.601	0.031	2.589	324.584	0.164
1595326160.25779	229.633	0.032	2.715	324.504	0.175
1595326160.26579	229.604	0.032	2.723	324.584	0.178
1595326160.31319	229.594	0.031	2.711	324.343	0.169
1595326160.32580	229.609	0.032	2.746	324.343	0.174
1595326160.36614	229.630	0.032	2.816	324.343	0.174
1595326160.40615	229.648	0.032	2.752	324.745	0.175
1595326160.41284	229.656	0.031	2.595	324.584	0.170
1595326160.43518	229.661	0.031	2.708	324.665	0.165
1595326160.48316	229.722	0.031	2.574	324.584	0.171
1595326160.48378	229.756	0.031	2.629	324.745	0.175
1595326160.48473	229.728	0.032	2.722	324.665	0.174
1595326160.52372	229.729	0.031	2.565	324.665	0.173
1595326160.52972	229.726	0.032	2.622	324.825	0.173
1595326160.56819	229.660	0.030	2.474	324.745	0.164
1595326160.58318	229.676	0.030	2.500	324.584	0.171
1595326160.61981	229.719	0.031	2.635	324.745	0.169
1595326160.62079	229.716	0.030	2.500	324.584	0.164
1595326160.65916	229.648	0.030	2.517	324.584	0.166
1595326160.65979	229.630	0.031	2.658	324.665	0.167
1595326160.69918	229.606	0.031	2.609	324.584	0.174
1595326160.69981	229.644	0.030	2.540	324.423	0.170
1595326160.75319	229.656	0.030	2.493	324.423	0.165
1595326160.75478	229.638	0.030	2.493	324.584	0.164
1595326160.79417	229.594	0.031	2.566	324.504	0.176
1595326160.79480	229.593	0.031	2.605	324.504	0.169
1595326160.80478	229.597	0.031	2.625	324.584	0.170
1595326160.84517	229.607	0.031	2.587	324.423	0.163
1595326160.84582	229.612	0.029	2.353	324.504	0.158
1595326160.88517	229.593	0.023	1.930	324.584	0.130
1595326160.88580	229.611	0.022	1.847	324.423	0.124
1595326160.92515	229.592	0.022	1.834	324.504	0.124
1595326160.93517	229.602	0.023	1.849	324.504	0.123
1595326160.95118	229.635	0.022	1.833	324.584	0.122
1595326160.98886	229.567	0.022	1.797	324.504	0.123
1595326160.99077	229.580	0.022	1.799	324.584	0.122
1595326161.03318	229.559	0.022	1.804	324.423	0.122
1595326161.03480	229.517	0.022	1.799	324.423	0.123
1595326161.04489	229.576	0.022	1.830	324.584	0.123
1595326161.08316	229.601	0.022	1.835	324.504	0.126
1595326161.09480	229.610	0.022	1.786	324.584	0.128
1595326161.10490	229.618	0.022	1.820	324.504	0.124
1595326161.14415	229.638	0.022	1.820	324.665	0.123
1595326161.15523	229.617	0.022	1.779	324.584	0.123
1595326161.16585	229.601	0.022	1.798	324.504	0.126
1595326161.20517	229.601	0.022	1.824	324.665	0.128
1595326161.21618	229.636	0.022	1.823	324.504	0.124
1595326161.22582	229.626	0.022	1.774	324.504	0.127
1595326161.26516	229.618	0.022	1.797	324.504	0.128
1595326161.26582	229.635	0.022	1.781	324.423	0.126
1595326161.30380	229.626	0.022	1.788	324.584	0.123
1595326161.35020	229.603	0.022	1.814	324.584	0.126
1595326161.35083	229.636	0.022	1.821	324.665	0.122
1595326161.38920	229.606	0.022	1.837	324.504	0.127
1595326161.38984	229.651	0.022	1.835	324.504	0.126
1595326161.42917	229.650	0.022	1.790	324.504	0.126
1595326161.42984	229.740	0.022	1.874	324.584	0.120
1595326161.46825	229.856	0.023	1.899	324.906	0.127
1595326161.48523	229.864	0.024	1.982	324.745	0.131
1595326161.52287	229.873	0.022	1.836	324.825	0.129
1595326161.56419	229.914	0.023	1.867	324.986	0.127
1595326161.56488	229.938	0.023	1.856	324.986	0.122
1595326161.57520	229.887	0.022	1.800	325.147	0.123
1595326161.61289	229.899	0.022	1.808	324.906	0.127
1595326161.61377	229.923	0.023	1.910	324.986	0.127
1595326161.63620	230.006	0.022	1.849	324.906	0.123
1595326161.64587	229.997	0.023	1.879	325.067	0.129
1595326161.68520	230.018	0.022	1.805	325.067	0.123
1595326161.69584	230.034	0.022	1.836	325.228	0.122
1595326161.70587	230.016	0.022	1.873	325.147	0.127
1595326161.74520	229.947	0.022	1.821	325.067	0.126
1595326161.74585	229.956	0.022	1.839	324.906	0.128
1595326161.78422	229.969	0.023	1.835	325.067	0.128
1595326161.79483	229.955	0.022	1.874	324.986	0.126
1595326161.80573	230.000	0.024	1.978	324.986	0.146
1595326161.84524	229.928	0.023	1.938	324.906	0.131
1595326161.85890	229.920	0.022	1.813	324.906	0.127
1595326161.90021	229.948	0.022	1.829	324.906	0.129
1595326161.90089	229.972	0.023	1.883	325.067	0.129
1595326161.90278	229.969	0.022	1.836	325.067	0.123
1595326161.93983	229.956	0.022	1.843	325.147	0.119
1595326161.98023	229.933	0.022	1.840	325.147	0.121
1595326161.98089	229.919	0.022	1.843	324.986	0.131
1595326161.99482	229.949	0.023	1.850	324.986	0.128
1595326162.00498	229.942	0.023	1.847	324.986	0.126
1595326162.04424	229.974	0.023	1.844	325.067	0.127
1595326162.05484	229.978	0.023	1.881	325.067	0.129
1595326162.06622	229.995	0.023	1.877	325.067	0.132
1595326162.10422	229.958	0.023	1.866	325.228	0.135
1595326162.11485	229.973	0.026	2.138	325.067	0.144
1595326162.12587	229.961	0.025	2.102	324.986	0.142
1595326162.16524	229.964	0.026	2.150	325.228	0.142
1595326162.17621	229.930	0.024	1.953	324.986	0.132
1595326162.18586	229.921	0.023	1.941	325.067	0.132
1595326162.22721	229.891	0.024	2.018	324.986	0.141
1595326162.23069	229.771	0.028	2.326	324.825	0.156
1595326162.26778	229.791	0.030	2.509	324.906	0.166
1595326162.27568	229.800	0.031	2.591	324.825	0.171
1595326162.31365	229.783	0.030	2.595	324.745	0.173
1595326162.31496	229.767	0.030	2.579	324.745	0.166
1595326162.36423	229.754	0.029	2.409	324.825	0.155
1595326162.36489	229.778	0.029	2.399	324.825	0.166
1595326162.37602	229.774	0.025	2.098	324.745	0.141
1595326162.38491	229.791	0.026	2.138	324.745	0.144
1595326162.42324	229.763	0.025	2.063	324.745	0.147
1595326162.42387	229.783	0.026	2.185	324.665	0.147
1595326162.44584	229.749	0.026	2.125	324.825	0.147
1595326162.48428	229.732	0.027	2.240	324.825	0.154
1595326162.49523	229.762	0.029	2.465	324.825	0.167
1595326162.50489	229.791	0.026	2.238	324.825	0.146
1595326162.54327	229.802	0.026	2.142	324.745	0.145
1595326162.54491	229.761	0.026	2.179	324.745	0.146
1595326162.58284	229.754	0.026	2.165	324.745	0.143
1595326162.59099	229.715	0.028	2.392	324.745	0.166
1595326162.60825	229.746	0.028	2.375	324.745	0.152
1595326162.64624	229.708	0.026	2.107	324.584	0.141
1595326162.65587	229.757	0.026	2.168	324.825	0.148
1595326162.66590	229.825	0.024	1.998	324.906	0.136
1595326162.70824	229.843	0.024	2.008	324.906	0.136
1595326162.71721	229.829	0.024	1.966	324.986	0.133
1595326162.73424	229.856	0.024	1.979	324.986	0.132
1595326162.77225	229.886	0.024	1.948	324.986	0.131
1595326162.77389	229.868	0.024	1.977	324.906	0.136
1595326162.81324	229.855	0.024	1.999	325.067	0.136
1595326162.81486	229.889	0.023	1.914	325.067	0.124
1595326162.82499	229.853	0.022	1.823	324.745	0.119
1595326162.86425	229.820	0.022	1.809	324.745	0.128
1595326162.86492	229.833	0.022	1.805	324.745	0.122
1595326162.90328	229.824	0.022	1.810	324.825	0.123
1595326162.92526	229.822	0.022	1.802	324.906	0.122
1595326162.96528	229.805	0.023	1.870	324.745	0.132
1595326162.97588	229.812	0.022	1.828	324.745	0.127
1595326162.98603	229.859	0.022	1.849	324.825	0.129
1595326163.02525	229.867	0.024	1.994	324.906	0.138
1595326163.02589	229.841	0.026	2.195	324.825	0.144
1595326163.06385	229.852	0.027	2.246	324.906	0.154
1595326163.10225	229.853	0.029	2.432	324.906	0.165
1595326163.10389	229.793	0.030	2.507	325.067	0.171
1595326163.11630	229.788	0.028	2.343	324.986	0.155
1595326163.13327	229.792	0.028	2.303	324.825	0.156
1595326163.17026	229.809	0.029	2.444	324.745	0.162
1595326163.17091	229.824	0.030	2.557	324.906	0.164
1595326163.20926	229.824	0.031	2.575	324.906	0.176
1595326163.20990	229.787	0.030	2.513	324.825	0.165
1595326163.24928	229.773	0.031	2.608	324.825	0.171
1595326163.25091	229.749	0.031	2.602	324.906	0.169
1595326163.29026	229.741	0.032	2.671	324.745	0.173
1595326163.29292	229.712	0.030	2.546	324.665	0.175
1595326163.30526	229.713	0.032	2.716	324.745	0.173
1595326163.34492	229.743	0.029	2.455	324.584	0.163
1595326163.34790	229.738	0.031	2.607	324.584	0.174
1595326163.38527	229.748	0.027	2.245	324.665	0.155
1595326163.39527	229.735	0.024	1.967	324.584	0.133
1595326163.40588	229.742	0.023	1.935	324.665	0.132
1595326163.44476	229.726	0.023	1.964	324.665	0.129
1595326163.45473	229.729	0.029	2.364	324.825	0.156
1595326163.46572	229.739	0.027	2.222	324.665	0.150
1595326163.50527	229.776	0.023	1.957	324.745	0.134
1595326163.50591	229.773	0.028	2.359	324.825	0.163
1595326163.54428	229.776	0.027	2.224	324.906	0.147
1595326163.58628	229.696	0.027	2.212	324.584	0.152
1595326163.58792	229.681	0.026	2.100	324.825	0.152
1595326163.59988	229.681	0.029	2.395	324.584	0.170
1595326163.63828	229.697	0.029	2.477	324.665	0.162
1595326163.63889	229.729	0.029	2.405	324.745	0.157
1595326163.65488	229.733	0.028	2.345	324.825	0.155
1595326163.66499	229.717	0.028	2.348	324.745	0.158
1595326163.70427	229.767	0.028	2.377	324.906	0.155
1595326163.71529	229.716	0.030	2.509	324.665	0.164
1595326163.72497	229.719	0.030	2.507	324.665	0.161
1595326163.76427	229.743	0.031	2.574	324.665	0.170
1595326163.77533	229.731	0.031	2.545	324.745	0.171
1595326163.78497	229.772	0.034	2.834	324.665	0.189
1595326163.82428	229.797	0.031	2.684	324.745	0.174
1595326163.82593	229.770	0.030	2.491	324.825	0.167
1595326163.86390	229.765	0.032	2.710	324.665	0.179
1595326163.87528	229.792	0.030	2.480	324.825	0.163
1595326163.88594	229.762	0.030	2.508	324.745	0.167
1595326163.92529	229.755	0.029	2.416	324.665	0.164
1595326163.93491	229.792	0.026	2.184	324.665	0.143
1595326163.94597	229.750	0.025	2.074	324.665	0.144
1595326163.98530	229.759	0.025	2.073	324.665	0.144
1595326163.98593	229.799	0.025	2.080	324.745	0.139
1595326164.02496	229.820	0.025	2.087	324.665	0.140
1595326164.06389	229.779	0.025	2.067	324.665	0.135
1595326164.06507	229.759	0.025	2.057	324.745	0.141
1595326164.06586	229.759	0.025	2.108	324.665	0.146
1595326164.12631	229.742	0.025	2.073	324.745	0.142
1595326164.12794	229.786	0.025	2.058	324.745	0.138
1595326164.13587	229.873	0.025	2.133	324.906	0.134
1595326164.14531	229.888	0.025	2.101	324.906	0.142
1595326164.18296	229.869	0.025	2.075	324.906	0.142
1595326164.18392	229.870	0.025	2.121	324.986	0.142
1595326164.20527	229.855	0.025	2.069	324.906	0.139
1595326164.24297	229.826	0.025	2.074	324.825	0.135
1595326164.24494	229.801	0.025	2.056	324.825	0.139
1595326164.26529	229.805	0.025	2.097	324.825	0.140
1595326164.30297	229.800	0.024	2.014	324.745	0.136
1595326164.30492	229.781	0.025	2.090	324.665	0.139
1595326164.34332	229.744	0.025	2.092	324.665	0.135
1595326164.36633	229.731	0.025	2.080	324.584	0.142
1595326164.40833	229.753	0.025	2.116	324.825	0.147
1595326164.41531	229.745	0.024	2.047	324.665	0.133
1595326164.42530	229.750	0.025	2.096	324.745	0.140
1595326164.46333	229.778	0.025	2.088	324.745	0.142
1595326164.46498	229.745	0.025	2.075	324.825	0.148
1595326164.50393	229.747	0.025	2.047	324.825	0.142
1595326164.51501	229.749	0.027	2.220	324.745	0.155
1595326164.55333	229.780	0.029	2.423	324.745	0.159
1595326164.55396	229.819	0.026	2.104	324.745	0.140
1595326164.56494	229.756	0.023	1.863	324.825	0.130
1595326164.60293	229.763	0.022	1.793	324.825	0.124
1595326164.61497	229.738	0.022	1.839	324.906	0.127
1595326164.62596	229.777	0.022	1.805	324.825	0.126
1595326164.66431	229.866	0.022	1.863	324.906	0.126
1595326164.67594	229.889	0.022	1.845	324.825	0.132
1595326164.68599	229.876	0.022	1.814	324.906	0.132
1595326164.72532	229.864	0.022	1.826	324.986	0.128
1595326164.73632	229.845	0.022	1.817	324.986	0.127
1595326164.74597	229.871	0.022	1.821	324.906	0.118
1595326164.78532	229.870	0.022	1.791	324.906	0.130
1595326164.78596	229.877	0.022	1.831	324.906	0.127
1595326164.82405	229.930	0.022	1.786	324.906	0.127
1595326164.83335	229.878	0.022	1.827	324.825	0.120
1595326164.87032	229.875	0.022	1.769	324.825	0.119
1595326164.87298	229.814	0.022	1.839	324.986	0.126
1595326164.88500	229.847	0.022	1.853	324.825	0.124
1595326164.92332	229.872	0.022	1.798	324.825	0.122
1595326164.93495	229.903	0.022	1.841	324.745	0.126
1595326164.94503	229.931	0.022	1.814	324.825	0.121
1595326164.98433	229.892	0.022	1.798	324.906	0.127
1595326164.99534	229.880	0.022	1.825	324.825	0.130
1595326165.00500	229.866	0.022	1.819	324.906	0.130
1595326165.04382	229.886	0.022	1.799	324.906	0.118
1595326165.05512	229.890	0.022	1.810	324.986	0.124
1595326165.06515	229.936	0.023	1.883	324.986	0.127
1595326165.10433	229.944	0.022	1.811	324.906	0.127
1595326165.10598	229.932	0.022	1.830	324.986	0.126
1595326165.14397	229.899	0.023	1.859	325.147	0.123
1595326165.15496	229.963	0.022	1.815	325.067	0.122
1595326165.16503	230.048	0.022	1.848	325.147	0.124
1595326165.20534	230.039	0.022	1.848	325.147	0.126
1595326165.21633	230.060	0.022	1.832	325.308	0.130
1595326165.22602	230.050	0.022	1.844	325.308	0.126
1595326165.26934	230.038	0.022	1.798	325.228	0.126
1595326165.27999	230.034	0.022	1.804	325.228	0.132
1595326165.31834	230.043	0.022	1.785	325.147	0.128
1595326165.31898	230.075	0.022	1.847	325.228	0.129
1595326165.32590	230.052	0.022	1.810	325.067	0.128
1595326165.36534	230.077	0.022	1.789	325.228	0.121
1595326165.37596	230.056	0.022	1.863	325.147	0.123
1595326165.38604	230.039	0.022	1.815	325.147	0.127
1595326165.42636	230.051	0.022	1.799	324.986	0.129
1595326165.42902	230.077	0.022	1.836	325.067	0.128
1595326165.46636	230.127	0.022	1.848	325.067	0.121
1595326165.47597	230.141	0.022	1.819	325.228	0.123
1595326165.48904	230.140	0.022	1.829	325.469	0.127
1595326165.52692	230.139	0.022	1.821	325.228	0.127
1595326165.53935	230.092	0.022	1.830	325.308	0.126
1595326165.57601	230.082	0.022	1.787	325.469	0.123
1595326165.57793	230.092	0.022	1.822	325.308	0.123
1595326165.58595	230.111	0.022	1.821	325.228	0.123
1595326165.62412	230.034	0.022	1.813	325.147	0.124
1595326165.63494	230.007	0.022	1.812	325.308	0.128
1595326165.64534	230.039	0.022	1.860	325.147	0.126
1595326165.68741	230.008	0.022	1.804	325.228	0.126
1595326165.69635	230.036	0.022	1.795	325.147	0.128
1595326165.70801	230.087	0.022	1.822	325.147	0.133
1595326165.74597	230.087	0.022	1.823	325.389	0.128
1595326165.74807	230.036	0.022	1.792	325.228	0.126
1595326165.78505	230.028	0.022	1.824	325.228	0.124
1595326165.79535	229.990	0.022	1.798	325.067	0.124
1595326165.80502	230.004	0.022	1.807	325.067	0.124
1595326165.84435	229.998	0.022	1.799	324.986	0.126
1595326165.85601	230.008	0.022	1.825	325.147	0.120
1595326165.86801	230.000	0.022	1.802	324.986	0.121
1595326165.90736	230.008	0.022	1.829	325.067	0.123
1595326165.91904	230.015	0.022	1.827	325.067	0.127
1595326165.95609	229.986	0.022	1.803	324.986	0.126
1595326165.95802	230.006	0.022	1.831	324.986	0.124
1595326165.96794	230.020	0.022	1.846	325.147	0.122
1595326166.00638	230.040	0.022	1.837	324.986	0.122
1595326166.00801	230.017	0.022	1.825	325.067	0.123
1595326166.05137	229.992	0.022	1.793	325.067	0.128
1595326166.05301	230.009	0.022	1.818	325.147	0.124
1595326166.06499	230.002	0.022	1.839	324.986	0.120
1595326166.10437	230.019	0.022	1.812	325.147	0.122
1595326166.10502	230.023	0.022	1.803	324.986	0.127
1595326166.14341	230.002	0.022	1.835	325.147	0.130
1595326166.18736	230.010	0.022	1.826	324.986	0.132
1595326166.18904	229.965	0.022	1.807	324.986	0.122
1595326166.22937	229.997	0.022	1.838	324.986	0.129
1595326166.23002	230.020	0.022	1.809	325.067	0.128
1595326166.26837	230.034	0.023	1.832	325.147	0.132
1595326166.27402	230.042	0.022	1.798	325.147	0.123
1595326166.31103	230.027	0.022	1.810	325.228	0.124
1595326166.31400	230.019	0.022	1.802	325.228	0.126
1595326166.36138	229.989	0.022	1.834	324.986	0.129
1595326166.36302	229.987	0.022	1.786	324.986	0.127
1595326166.36511	230.027	0.022	1.825	324.986	0.118
1595326166.40342	230.049	0.022	1.844	325.147	0.124
1595326166.40905	230.060	0.022	1.835	325.147	0.122
1595326166.44738	230.076	0.022	1.826	325.147	0.129
1595326166.44905	230.042	0.022	1.842	325.147	0.127
1595326166.48737	230.029	0.022	1.780	325.067	0.123
1595326166.49601	230.058	0.022	1.796	325.067	0.122
1595326166.50608	230.054	0.022	1.813	324.986	0.120
1595326166.55744	230.043	0.022	1.845	324.986	0.124
1595326166.56038	230.086	0.022	1.808	325.067	0.127
1595326166.56804	230.071	0.022	1.829	325.147	0.124
1595326166.60739	230.045	0.022	1.804	325.147	0.124
1595326166.60904	230.043	0.022	1.824	325.228	0.126
1595326166.64700	230.093	0.022	1.829	325.147	0.123
1595326166.67317	230.090	0.022	1.813	325.308	0.127
1595326166.69590	230.102	0.022	1.825	325.389	0.121
1595326166.73488	230.098	0.022	1.812	325.147	0.124
1595326166.73585	230.077	0.022	1.787	325.308	0.126
1595326166.75485	230.075	0.022	1.805	325.147	0.132
1595326166.76486	230.096	0.022	1.818	325.228	0.123
1595326166.80285	230.090	0.022	1.818	325.308	0.123
1595326166.81486	230.101	0.022	1.772	325.308	0.121
1595326166.82540	230.110	0.022	1.810	325.228	0.126
1595326166.86339	230.080	0.022	1.786	325.389	0.129
1595326166.86505	230.074	0.022	1.806	325.308	0.127
1595326166.90341	230.088	0.022	1.822	325.067	0.122
1595326166.92541	230.081	0.022	1.777	325.228	0.123
1595326166.96447	230.111	0.022	1.825	325.228	0.124
1595326166.97641	230.103	0.022	1.789	325.147	0.123
1595326166.98640	230.096	0.022	1.815	325.228	0.123
1595326167.04540	230.082	0.022	1.846	325.067	0.123
1595326167.04605	230.065	0.022	1.811	325.308	0.120
1595326167.04800	230.107	0.022	1.836	325.147	0.124
1595326167.08640	230.067	0.022	1.818	325.147	0.123
1595326167.09106	230.078	0.022	1.782	325.228	0.124
1595326167.11541	230.058	0.022	1.799	325.147	0.118
1595326167.12506	230.037	0.022	1.806	325.067	0.122
1595326167.16218	230.085	0.022	1.832	325.308	0.128
1595326167.20042	230.110	0.022	1.825	325.147	0.127
1595326167.20110	230.211	0.023	1.871	325.389	0.128
1595326167.20198	230.244	0.022	1.849	325.389	0.126
1595326167.24143	230.246	0.022	1.819	325.550	0.126
1595326167.24205	230.224	0.022	1.803	325.389	0.121
1595326167.28141	230.245	0.022	1.802	325.389	0.127
1595326167.29542	230.241	0.022	1.839	325.389	0.126
1595326167.30607	230.240	0.022	1.811	325.389	0.124
1595326167.33541	230.247	0.022	1.819	325.389	0.123
1595326167.34510	230.231	0.022	1.806	325.389	0.126
1595326167.38207	230.240	0.022	1.830	325.550	0.128
1595326167.39444	230.225	0.022	1.833	325.389	0.126
1595326167.43142	230.260	0.022	1.817	325.389	0.121
1595326167.43207	230.243	0.022	1.817	325.469	0.126
1595326167.48243	230.262	0.022	1.819	325.550	0.127
1595326167.48406	230.254	0.022	1.771	325.308	0.126
1595326167.49504	230.242	0.022	1.821	325.308	0.130
1595326167.50543	230.261	0.022	1.837	325.389	0.123
1595326167.54407	230.232	0.022	1.794	325.228	0.123
1595326167.55607	230.238	0.022	1.793	325.389	0.129
1595326167.56607	230.226	0.022	1.789	325.308	0.124
1595326167.60438	230.236	0.022	1.813	325.389	0.127
1595326167.61543	230.221	0.022	1.799	325.389	0.124
1595326167.62510	230.191	0.022	1.773	325.389	0.121
1595326167.66305	230.199	0.022	1.844	325.389	0.121
1595326167.66613	230.256	0.022	1.801	325.308	0.124
1595326167.70444	230.284	0.022	1.856	325.630	0.128
1595326167.71442	230.264	0.022	1.821	325.308	0.126
1595326167.75208	230.279	0.023	1.881	325.469	0.131
1595326167.75506	230.279	0.022	1.812	325.469	0.122
1595326167.76509	230.318	0.022	1.854	325.550	0.126
1595326167.80244	230.231	0.021	1.747	325.630	0.122
1595326167.80409	230.159	0.022	1.821	325.469	0.127
1595326167.84145	230.163	0.022	1.794	325.389	0.123
1595326167.84210	230.141	0.022	1.790	325.308	0.119
1595326167.88443	230.140	0.022	1.774	325.389	0.127
1595326167.88509	230.115	0.022	1.817	325.389	0.127
1595326167.92443	230.093	0.022	1.746	325.389	0.124
1595326167.92515	230.130	0.022	1.829	325.308	0.123
1595326167.96206	230.103	0.022	1.800	325.308	0.121
1595326167.96412	230.155	0.022	1.832	325.389	0.124
1595326168.00144	230.159	0.022	1.804	325.308	0.132
1595326168.01144	230.141	0.022	1.839	325.228	0.127
1595326168.05045	230.136	0.022	1.781	325.147	0.124
1595326168.05109	230.149	0.022	1.841	325.147	0.124
1595326168.09044	230.136	0.022	1.842	325.228	0.120
1595326168.09109	230.116	0.022	1.789	325.228	0.127
1595326168.12946	230.099	0.022	1.812	325.067	0.129
1595326168.13010	230.092	0.022	1.797	325.147	0.123
1595326168.16706	230.076	0.022	1.809	325.147	0.120
1595326168.16905	230.027	0.022	1.767	325.147	0.120
1595326168.20743	230.035	0.022	1.790	325.147	0.130
1595326168.20911	230.012	0.022	1.833	325.147	0.123
1595326168.24744	230.001	0.022	1.802	325.228	0.119
1595326168.28643	229.925	0.022	1.800	325.067	0.123
1595326168.28709	229.896	0.022	1.811	325.228	0.124
1595326168.29645	229.912	0.022	1.804	325.228	0.130
1595326168.30706	229.915	0.022	1.790	324.986	0.134
1595326168.34501	229.943	0.022	1.838	325.228	0.121
1595326168.35491	229.916	0.022	1.793	325.389	0.127
1595326168.36492	229.897	0.022	1.775	325.067	0.122
1595326168.40347	229.880	0.022	1.824	325.067	0.127
1595326168.40511	229.899	0.022	1.820	324.986	0.127
1595326168.42547	229.905	0.022	1.822	324.986	0.126
1595326168.46345	229.890	0.022	1.798	324.906	0.129
1595326168.46512	229.920	0.022	1.777	324.906	0.122
1595326168.50208	229.915	0.022	1.824	324.986	0.126
1595326168.51218	229.889	0.022	1.841	324.986	0.127
1595326168.55050	229.842	0.022	1.767	325.067	0.127
1595326168.55209	229.848	0.022	1.811	324.745	0.126
1595326168.60246	229.858	0.022	1.803	324.906	0.122
1595326168.60411	229.870	0.022	1.834	324.906	0.124
1595326168.60507	229.862	0.022	1.801	324.825	0.129
1595326168.62548	229.888	0.022	1.858	324.986	0.126
1595326168.66213	229.847	0.022	1.803	324.986	0.122
1595326168.67546	229.820	0.022	1.784	324.906	0.126
1595326168.68612	229.833	0.022	1.791	325.067	0.129
1595326168.72549	229.827	0.022	1.821	324.825	0.127
1595326168.73946	229.820	0.022	1.832	324.906	0.127
1595326168.74712	229.829	0.022	1.794	324.906	0.128
1595326168.78607	229.832	0.022	1.828	324.986	0.121
1595326168.78724	229.844	0.022	1.787	324.906	0.127
1595326168.82520	229.872	0.022	1.799	324.906	0.130
1595326168.82605	229.882	0.022	1.839	324.906	0.129
1595326168.84548	229.836	0.022	1.799	324.986	0.122
1595326168.88415	229.828	0.022	1.801	324.906	0.123
1595326168.89610	229.802	0.022	1.826	324.986	0.128
1595326168.90650	229.784	0.022	1.788	324.986	0.124
1595326168.95248	229.810	0.022	1.798	324.986	0.132
1595326168.99049	229.883	0.022	1.797	324.986	0.128
1595326168.99112	229.851	0.022	1.820	324.825	0.124
1595326169.03050	229.826	0.022	1.800	324.745	0.128
1595326169.03248	229.815	0.022	1.835	324.825	0.126
1595326169.05548	229.828	0.022	1.799	324.825	0.124
1595326169.06614	229.842	0.022	1.832	324.825	0.124
1595326169.10550	229.834	0.022	1.824	324.906	0.126
1595326169.10613	229.835	0.022	1.821	324.825	0.127
1595326169.14452	229.891	0.022	1.809	324.986	0.124
1595326169.14530	229.874	0.022	1.828	324.825	0.126
1595326169.16649	229.900	0.022	1.784	324.745	0.123
1595326169.20648	229.905	0.022	1.826	324.745	0.127
1595326169.20713	229.877	0.022	1.878	325.067	0.131
1595326169.22649	229.894	0.022	1.816	324.906	0.131
1595326169.26450	229.917	0.022	1.839	324.745	0.124
1595326169.26715	229.895	0.022	1.796	324.906	0.124
1595326169.30613	229.903	0.022	1.818	324.906	0.131
1595326169.30716	229.930	0.022	1.822	324.986	0.127
1595326169.34648	229.898	0.022	1.837	324.986	0.127
1595326169.34713	229.855	0.022	1.789	324.986	0.120
1595326169.39549	229.881	0.022	1.786	324.906	0.122
1595326169.39614	229.869	0.022	1.845	324.825	0.124
1595326169.40651	229.856	0.022	1.831	324.986	0.127
1595326169.42552	229.860	0.022	1.833	324.906	0.131
1595326169.46250	229.899	0.022	1.813	325.067	0.131
1595326169.46615	229.921	0.022	1.813	325.067	0.121
1595326169.50410	229.892	0.022	1.793	324.986	0.126
1595326169.51451	229.893	0.022	1.765	324.986	0.126
1595326169.53556	229.895	0.022	1.827	324.986	0.128
1595326169.54651	229.839	0.022	1.785	324.906	0.127
1595326169.58451	229.839	0.022	1.815	324.906	0.124
1595326169.58615	229.861	0.022	1.817	324.825	0.127
1595326169.62417	229.907	0.022	1.845	324.825	0.127
1595326169.62508	229.898	0.022	1.783	324.986	0.130
1595326169.66250	229.877	0.022	1.808	324.825	0.124
1595326169.70151	229.893	0.022	1.808	324.986	0.124
1595326169.70215	229.879	0.022	1.802	324.825	0.121
1595326169.70408	229.902	0.022	1.815	324.825	0.126
1595326169.74250	229.882	0.022	1.828	324.825	0.130
1595326169.75550	229.879	0.022	1.798	324.825	0.124
1595326169.79253	229.886	0.022	1.845	324.986	0.126
1595326169.79417	229.895	0.022	1.848	324.906	0.121
1595326169.81213	229.841	0.022	1.840	324.986	0.124
1595326169.85150	229.835	0.022	1.828	324.825	0.129
1595326169.85215	229.866	0.022	1.824	324.986	0.129
1595326169.87652	229.844	0.022	1.778	324.986	0.123
1595326169.89552	229.819	0.022	1.808	324.906	0.126
1595326169.90518	229.848	0.022	1.813	324.906	0.130
1595326169.94210	229.876	0.022	1.817	325.067	0.130
1595326169.94398	229.849	0.022	1.820	324.906	0.129
1595326169.98098	229.846	0.022	1.797	324.825	0.131
1595326170.02051	229.855	0.022	1.819	324.745	0.122
1595326170.02119	229.866	0.023	1.852	324.906	0.126
1595326170.02210	229.866	0.022	1.805	324.986	0.131
1595326170.06751	229.863	0.022	1.832	324.825	0.131
1595326170.10518	229.841	0.022	1.787	324.906	0.127
1595326170.10616	229.868	0.022	1.791	324.906	0.128
1595326170.10712	229.858	0.022	1.796	324.825	0.123
1595326170.14529	229.863	0.022	1.806	324.825	0.130
1595326170.15551	229.885	0.022	1.820	324.825	0.129
1595326170.17528	229.946	0.022	1.821	324.986	0.129
1595326170.18710	229.972	0.022	1.852	324.825	0.121
1595326170.22553	229.943	0.022	1.802	324.986	0.127
1595326170.22716	229.938	0.022	1.792	324.906	0.128
1595326170.26554	229.959	0.022	1.813	324.986	0.128
1595326170.26717	229.967	0.022	1.815	324.906	0.124
1595326170.30556	229.970	0.022	1.802	325.067	0.122
1595326170.34417	229.949	0.022	1.797	325.067	0.127
1595326170.34718	229.938	0.022	1.769	324.906	0.124
1595326170.34919	229.904	0.022	1.804	324.906	0.128
1595326170.38754	229.893	0.022	1.802	324.906	0.127
1595326170.38919	229.903	0.022	1.784	324.986	0.122
1595326170.42654	229.934	0.022	1.834	324.986	0.127
1595326170.43217	229.873	0.022	1.762	324.986	0.126
1595326170.47055	229.830	0.022	1.831	324.906	0.131
1595326170.47216	229.806	0.022	1.770	324.825	0.123
1595326170.49954	229.800	0.022	1.819	324.745	0.124
1595326170.53655	229.806	0.022	1.818	324.825	0.128
1595326170.53916	229.819	0.023	1.851	324.825	0.131
1595326170.54624	229.878	0.022	1.757	324.745	0.127
1595326170.58454	229.902	0.022	1.826	324.825	0.128
1595326170.58519	229.869	0.022	1.809	324.825	0.126
1595326170.62214	229.806	0.022	1.793	324.745	0.122
1595326170.66156	229.820	0.022	1.820	324.745	0.128
1595326170.66416	229.823	0.022	1.814	324.825	0.127
1595326170.66625	229.779	0.022	1.804	324.665	0.128
1595326170.70423	229.779	0.022	1.832	324.665	0.126
1595326170.70615	229.794	0.022	1.803	324.825	0.124
1595326170.74431	229.775	0.022	1.821	324.986	0.121
1595326170.75025	229.780	0.022	1.754	324.665	0.129
1595326170.78755	229.752	0.022	1.814	324.665	0.126
1595326170.80120	229.740	0.022	1.826	324.825	0.126
1595326170.84120	229.755	0.022	1.787	324.745	0.124
1595326170.84219	229.711	0.022	1.807	324.665	0.124
1595326170.88056	229.742	0.022	1.777	324.665	0.128
1595326170.89218	229.742	0.022	1.824	324.745	0.126
1595326170.93161	229.789	0.022	1.830	324.825	0.127
1595326170.93222	229.788	0.022	1.781	324.825	0.123
1595326170.97455	229.786	0.022	1.823	324.745	0.129
1595326170.97520	229.757	0.022	1.796	324.825	0.128
1595326171.01218	229.784	0.022	1.789	324.825	0.129
1595326171.01527	229.796	0.023	1.825	324.825	0.128
1595326171.02513	229.812	0.022	1.807	324.745	0.127
1595326171.06258	229.856	0.022	1.831	324.986	0.123
1595326171.06521	229.854	0.022	1.811	324.986	0.126
1595326171.10257	229.811	0.022	1.803	324.986	0.127
1595326171.11618	229.787	0.022	1.814	324.825	0.127
1595326171.15460	229.772	0.022	1.789	324.665	0.120
1595326171.15621	229.807	0.022	1.801	324.745	0.124
1595326171.16522	229.816	0.022	1.815	324.986	0.126
1595326171.20457	229.823	0.022	1.823	324.745	0.126
1595326171.20522	229.831	0.022	1.803	324.745	0.126
1595326171.24457	229.797	0.022	1.814	324.745	0.121
1595326171.25621	229.800	0.022	1.773	324.825	0.124
1595326171.27622	229.816	0.022	1.815	324.584	0.120
1595326171.32450	229.807	0.022	1.820	324.665	0.126
1595326171.32511	229.807	0.022	1.818	324.745	0.124
1595326171.33748	229.827	0.022	1.828	324.825	0.130
1595326171.37560	229.822	0.022	1.800	324.825	0.120
1595326171.37623	229.826	0.022	1.796	324.665	0.127
1595326171.38521	229.873	0.022	1.849	324.986	0.123
1595326171.42655	229.895	0.022	1.816	324.906	0.128
1595326171.43421	229.879	0.022	1.795	324.745	0.123
1595326171.44424	229.860	0.022	1.808	324.825	0.122
1595326171.48123	229.849	0.022	1.816	324.906	0.127
1595326171.49459	229.867	0.022	1.806	324.906	0.129
1595326171.50423	229.875	0.022	1.786	324.745	0.128
1595326171.54160	229.887	0.022	1.864	324.986	0.128
1595326171.55458	229.886	0.022	1.816	325.067	0.121
1595326171.56523	229.901	0.022	1.837	325.228	0.127
1595326171.60415	229.860	0.022	1.787	324.906	0.124
1595326171.60504	229.874	0.022	1.786	324.825	0.128
1595326171.64204	229.973	0.022	1.834	324.986	0.123
1595326171.69024	229.893	0.022	1.836	324.825	0.126
1595326171.69258	229.886	0.022	1.791	324.906	0.124
1595326171.69524	229.919	0.022	1.825	324.986	0.127
1595326171.73260	229.916	0.022	1.813	324.825	0.124
1595326171.73424	229.834	0.022	1.814	324.825	0.126
1595326171.74418	229.834	0.022	1.771	324.825	0.122
1595326171.78159	229.879	0.022	1.836	324.825	0.122
1595326171.78223	229.915	0.022	1.796	324.825	0.124
1595326171.82059	229.891	0.022	1.807	324.986	0.124
1595326171.83425	229.923	0.022	1.836	324.745	0.128
1595326171.87121	229.935	0.022	1.807	324.906	0.122
1595326171.87230	229.875	0.022	1.794	324.825	0.121
1595326171.91059	229.867	0.022	1.787	324.745	0.119
1595326171.91222	229.871	0.022	1.799	324.825	0.129
1595326171.92759	229.865	0.022	1.833	324.906	0.124
1595326171.96659	229.863	0.022	1.823	324.906	0.126
1595326171.97522	229.892	0.022	1.813	324.906	0.127
1595326171.98528	229.881	0.022	1.797	324.825	0.127
1595326172.02259	229.880	0.022	1.803	324.825	0.124
1595326172.02423	229.889	0.022	1.859	324.906	0.129
1595326172.06122	229.879	0.022	1.822	324.906	0.127
1595326172.08060	229.866	0.022	1.799	324.825	0.123
1595326172.09659	229.858	0.022	1.790	324.906	0.128
1595326172.10559	229.847	0.022	1.799	324.745	0.131
1595326172.14460	229.805	0.022	1.798	324.745	0.131
1595326172.14525	229.807	0.022	1.800	324.825	0.129
1595326172.18263	229.834	0.022	1.810	324.906	0.128
1595326172.18425	229.843	0.022	1.826	324.665	0.127
1595326172.22262	229.841	0.022	1.782	324.584	0.128
1595326172.26147	229.816	0.022	1.824	324.745	0.126
1595326172.26225	229.822	0.022	1.811	324.745	0.129
1595326172.26522	229.804	0.022	1.812	324.825	0.124
1595326172.30441	229.781	0.022	1.831	324.665	0.124
1595326172.31117	229.840	0.023	1.836	324.825	0.128
1595326172.34966	229.844	0.022	1.812	324.986	0.131
1595326172.35027	229.884	0.022	1.833	324.825	0.131
1595326172.39132	229.852	0.022	1.815	324.665	0.128
1595326172.39408	229.829	0.022	1.793	324.745	0.123
1595326172.43163	229.819	0.023	1.813	324.745	0.126
1595326172.43227	229.853	0.022	1.820	324.745	0.127
1595326172.44421	229.831	0.022	1.843	324.745	0.127
1595326172.48162	229.828	0.022	1.797	324.745	0.124
1595326172.48626	229.864	0.023	1.824	324.745	0.128
1595326172.52465	229.854	0.022	1.790	324.825	0.120
1595326172.53628	229.841	0.022	1.793	324.745	0.129
1595326172.57619	229.862	0.022	1.835	324.745	0.129
1595326172.58562	229.842	0.022	1.792	324.745	0.126
1595326172.62264	229.839	0.022	1.794	324.825	0.128
1595326172.62524	229.799	0.022	1.765	324.825	0.123
1595326172.66262	229.777	0.022	1.809	324.906	0.127
1595326172.66728	229.842	0.022	1.813	324.825	0.126
1595326172.70627	229.861	0.022	1.845	324.906	0.129
1595326172.74565	229.880	0.022	1.814	324.825	0.129
1595326172.74727	229.851	0.022	1.800	324.825	0.128
1595326172.75124	229.853	0.022	1.792	324.906	0.133
1595326172.77562	229.826	0.022	1.808	324.825	0.127
1595326172.78727	229.787	0.022	1.812	324.745	0.128
1595326172.82566	229.824	0.022	1.795	324.906	0.121
1595326172.82630	229.892	0.022	1.821	324.825	0.126
1595326172.86663	229.895	0.022	1.836	324.825	0.131
1595326172.91264	229.818	0.022	1.789	324.825	0.127
1595326172.91428	229.829	0.022	1.801	324.745	0.124
1595326172.96263	229.843	0.022	1.804	324.906	0.123
1595326172.96428	229.837	0.022	1.794	324.825	0.129
1595326172.96523	229.853	0.022	1.828	324.825	0.127
1595326173.00264	229.851	0.022	1.806	324.986	0.124
1595326173.00928	229.810	0.022	1.803	324.745	0.123
1595326173.04764	229.801	0.022	1.814	324.745	0.124
1595326173.04930	229.824	0.022	1.819	324.906	0.124
1595326173.08619	229.820	0.022	1.828	324.825	0.134
1595326173.09664	229.782	0.022	1.747	324.906	0.127
1595326173.10530	229.757	0.022	1.804	324.825	0.127
1595326173.14265	229.709	0.022	1.785	324.745	0.123
1595326173.18065	229.699	0.022	1.778	324.825	0.126
1595326173.18129	229.704	0.022	1.806	324.745	0.133
1595326173.22064	229.753	0.022	1.825	324.665	0.130
1595326173.22120	229.723	0.022	1.801	324.665	0.123
1595326173.22419	229.733	0.022	1.805	324.665	0.123
1595326173.26037	229.683	0.022	1.792	324.745	0.127
1595326173.26127	229.646	0.022	1.784	324.504	0.123
1595326173.29934	229.648	0.022	1.779	324.584	0.130
1595326173.33872	229.695	0.022	1.800	324.745	0.126
1595326173.34031	229.680	0.022	1.802	324.584	0.127
1595326173.38066	229.653	0.022	1.783	324.423	0.122
1595326173.38116	229.643	0.022	1.781	324.584	0.126
1595326173.38222	229.582	0.023	1.833	324.504	0.134
1595326173.42167	229.588	0.022	1.791	324.423	0.128
1595326173.42230	229.620	0.022	1.843	324.584	0.123
1595326173.46065	229.614	0.022	1.799	324.504	0.122
1595326173.49866	229.616	0.022	1.831	324.584	0.126
1595326173.50030	229.616	0.022	1.791	324.504	0.123
1595326173.53866	229.553	0.022	1.801	324.504	0.122
1595326173.54030	229.554	0.022	1.805	324.343	0.126
1595326173.55265	229.537	0.022	1.807	324.423	0.128
1595326173.59032	229.553	0.022	1.805	324.423	0.129
1595326173.59123	229.554	0.023	1.825	324.504	0.131
1595326173.62952	229.573	0.022	1.818	324.504	0.126
1595326173.63128	229.576	0.022	1.807	324.504	0.123
1595326173.68167	229.534	0.022	1.797	324.423	0.123
1595326173.68231	229.579	0.022	1.795	324.343	0.128
1595326173.68425	229.606	0.022	1.812	324.504	0.131
1595326173.70527	229.597	0.022	1.815	324.504	0.123
1595326173.74266	229.595	0.022	1.802	324.745	0.130
1595326173.74431	229.619	0.022	1.789	324.665	0.124
1595326173.78128	229.565	0.022	1.783	324.504	0.126
1595326173.79138	229.574	0.022	1.810	324.665	0.127
1595326173.82925	229.585	0.022	1.814	324.423	0.126
1595326173.87068	229.613	0.022	1.803	324.343	0.123
1595326173.87131	229.593	0.022	1.825	324.423	0.127
1595326173.87226	229.552	0.022	1.816	324.423	0.129
1595326173.91068	229.548	0.022	1.841	324.262	0.129
1595326173.91131	229.550	0.022	1.824	324.343	0.128
1595326173.94967	229.575	0.022	1.849	324.504	0.126
1595326173.95031	229.590	0.022	1.803	324.504	0.126
1595326173.98969	229.593	0.022	1.812	324.423	0.122
1595326174.02969	229.555	0.022	1.813	324.423	0.126
1595326174.03033	229.545	0.022	1.815	324.504	0.130
1595326174.06769	229.582	0.022	1.790	324.423	0.122
1595326174.06933	229.618	0.022	1.841	324.423	0.126
1595326174.10628	229.637	0.022	1.811	324.504	0.132
1595326174.10728	229.649	0.022	1.839	324.423	0.129
1595326174.14570	229.694	0.022	1.870	324.665	0.127
1595326174.18468	229.649	0.022	1.788	324.584	0.123
1595326174.18532	229.669	0.022	1.785	324.504	0.127
1595326174.18628	229.686	0.022	1.810	324.504	0.129
1595326174.22468	229.650	0.022	1.789	324.504	0.124
1595326174.22533	229.665	0.022	1.826	324.504	0.130
1595326174.26266	229.670	0.022	1.804	324.584	0.121
1595326174.26934	229.680	0.022	1.821	324.504	0.123
1595326174.30631	229.683	0.022	1.825	324.584	0.123
1595326174.32133	229.713	0.022	1.840	324.584	0.130
1595326174.35975	229.693	0.022	1.787	324.423	0.123
1595326174.37770	229.695	0.022	1.801	324.584	0.127
1595326174.39068	229.666	0.022	1.786	324.584	0.128
1595326174.42734	229.696	0.022	1.806	324.504	0.128
1595326174.43029	229.706	0.022	1.791	324.584	0.123
1595326174.46770	229.683	0.022	1.798	324.584	0.126
1595326174.47130	229.699	0.022	1.788	324.504	0.124
1595326174.48442	229.670	0.022	1.823	324.665	0.124
1595326174.52171	229.693	0.022	1.802	324.665	0.131
1595326174.53570	229.628	0.022	1.800	324.423	0.122
1595326174.54636	229.644	0.022	1.820	324.584	0.124
1595326174.58470	229.677	0.022	1.825	324.745	0.123
1595326174.58533	229.696	0.022	1.812	324.665	0.127
1595326174.62268	229.707	0.022	1.807	324.665	0.128
1595326174.66870	229.686	0.022	1.803	324.665	0.126
1595326174.67033	229.661	0.022	1.802	324.584	0.126
1595326174.70732	229.666	0.022	1.802	324.584	0.131
1595326174.70943	229.686	0.022	1.815	324.665	0.129
1595326174.74638	229.681	0.022	1.834	324.745	0.129
1595326174.74730	229.703	0.022	1.825	324.745	0.121
1595326174.78571	229.701	0.022	1.833	324.504	0.128
1595326174.82337	229.668	0.022	1.774	324.665	0.127
1595326174.82530	229.685	0.022	1.812	324.504	0.128
1595326174.82633	229.715	0.022	1.814	324.665	0.124
1595326174.86449	229.708	0.022	1.816	324.665	0.123
1595326174.86551	229.721	0.022	1.819	324.584	0.127
1595326174.90942	229.686	0.022	1.803	324.584	0.126
1595326174.91035	229.722	0.022	1.807	324.584	0.127
1595326174.94733	229.695	0.022	1.805	324.665	0.132
1595326174.95672	229.711	0.022	1.838	324.504	0.123
1595326174.97972	229.725	0.022	1.809	324.906	0.126
1595326174.98936	229.732	0.022	1.799	324.906	0.131
1595326175.02676	229.713	0.022	1.833	324.745	0.128
1595326175.02737	229.727	0.022	1.790	324.745	0.126
1595326175.06534	229.709	0.022	1.798	324.745	0.122
1595326175.07429	229.707	0.023	1.836	324.665	0.128
1595326175.08530	229.722	0.022	1.836	324.745	0.123
1595326175.12672	229.728	0.022	1.790	324.665	0.129
1595326175.13573	229.703	0.022	1.826	324.745	0.124
1595326175.14572	229.701	0.022	1.786	324.745	0.123
1595326175.18273	229.732	0.022	1.771	324.584	0.124
1595326175.18437	229.664	0.022	1.855	324.584	0.126
1595326175.22173	229.694	0.022	1.788	324.584	0.128
1595326175.23774	229.707	0.022	1.816	324.504	0.124
1595326175.24538	229.726	0.022	1.835	324.745	0.120
1595326175.28371	229.690	0.022	1.773	324.665	0.122
1595326175.29531	229.727	0.022	1.801	324.584	0.129
1595326175.30527	229.643	0.022	1.816	324.504	0.127
1595326175.34276	229.640	0.022	1.777	324.584	0.124
1595326175.35574	229.648	0.022	1.803	324.584	0.120
1595326175.39274	229.670	0.022	1.817	324.584	0.123
1595326175.40369	229.671	0.022	1.815	324.504	0.128
1595326175.44129	229.656	0.022	1.842	324.423	0.124
1595326175.44230	229.629	0.022	1.810	324.504	0.124
1595326175.48275	229.639	0.022	1.806	324.745	0.123
1595326175.48438	229.666	0.022	1.816	324.504	0.126
1595326175.49374	229.722	0.022	1.814	324.584	0.124
1595326175.50438	229.738	0.022	1.826	324.584	0.127
1595326175.54177	229.718	0.022	1.790	324.745	0.127
1595326175.54238	229.670	0.022	1.772	324.745	0.126
1595326175.58036	229.707	0.022	1.772	324.745	0.127
1595326175.59375	229.782	0.022	1.794	324.745	0.126
1595326175.60539	229.788	0.022	1.763	324.745	0.126
1595326175.64275	229.639	0.022	1.778	324.665	0.128
1595326175.65375	229.653	0.022	1.776	324.745	0.121
1595326175.66539	229.644	0.022	1.770	324.584	0.126
1595326175.70274	229.613	0.022	1.786	324.584	0.132
1595326175.70540	229.642	0.022	1.806	324.584	0.121
1595326175.74236	229.628	0.022	1.805	324.665	0.122
1595326175.78874	229.601	0.022	1.771	324.504	0.128
1595326175.79036	229.578	0.022	1.808	324.504	0.127
1595326175.79535	229.558	0.022	1.822	324.423	0.128
1595326175.80578	229.556	0.022	1.809	324.343	0.126
1595326175.84675	229.595	0.022	1.852	324.665	0.128
1595326175.84740	229.635	0.022	1.846	324.504	0.126
1595326175.88537	229.626	0.022	1.813	324.504	0.124
1595326175.89243	229.620	0.022	1.830	324.584	0.131
1595326175.93077	229.627	0.022	1.779	324.504	0.128
1595326175.93239	229.582	0.022	1.801	324.423	0.127
1595326175.97040	229.587	0.022	1.822	324.584	0.124
1595326175.98376	229.609	0.022	1.829	324.504	0.127
1595326176.02175	229.599	0.022	1.796	324.343	0.130
1595326176.06078	229.627	0.022	1.821	324.423	0.128
1595326176.06137	229.622	0.022	1.820	324.584	0.121
1595326176.10734	229.576	0.022	1.821	324.504	0.127
1595326176.11052	229.603	0.022	1.788	324.504	0.126
1595326176.11133	229.626	0.022	1.799	324.584	0.133
1595326176.14876	229.597	0.022	1.805	324.504	0.130
1595326176.15037	229.669	0.022	1.814	324.665	0.123
1595326176.18776	229.665	0.022	1.810	324.665	0.121
1595326176.18840	229.673	0.022	1.806	324.665	0.128
1595326176.22677	229.671	0.022	1.829	324.584	0.128
1595326176.25176	229.689	0.022	1.793	324.665	0.130
1595326176.25240	229.676	0.023	1.831	324.584	0.126
1595326176.26537	229.700	0.022	1.816	324.584	0.122
1595326176.30277	229.669	0.022	1.791	324.584	0.126
1595326176.34181	229.648	0.022	1.806	324.504	0.123
1595326176.34244	229.620	0.022	1.778	324.504	0.123
1595326176.34438	229.623	0.022	1.808	324.423	0.124
1595326176.38277	229.685	0.022	1.817	324.504	0.122
1595326176.39378	229.672	0.022	1.844	324.745	0.127
1595326176.40342	229.675	0.022	1.807	324.665	0.128
1595326176.44179	229.684	0.022	1.845	324.504	0.123
1595326176.46577	229.619	0.022	1.767	324.584	0.122
1595326176.50244	229.694	0.022	1.809	324.423	0.133
1595326176.50332	229.721	0.022	1.827	324.665	0.129
1595326176.54335	229.714	0.022	1.800	324.745	0.123
1595326176.58378	229.730	0.022	1.820	324.584	0.127
1595326176.58542	229.699	0.022	1.825	324.665	0.124
1595326176.58837	229.684	0.023	1.846	324.665	0.131
1595326176.62678	229.722	0.022	1.807	324.665	0.132
1595326176.62741	229.787	0.022	1.842	324.825	0.121
1595326176.66540	229.791	0.022	1.799	324.825	0.126
1595326176.66648	229.803	0.022	1.815	324.745	0.124
1595326176.70379	229.835	0.022	1.802	324.825	0.129
1595326176.74378	229.820	0.022	1.814	324.906	0.126
1595326176.74544	229.783	0.022	1.799	324.745	0.121
1595326176.74636	229.776	0.022	1.813	324.906	0.126
1595326176.78541	229.786	0.022	1.811	324.665	0.124
1595326176.79247	229.813	0.022	1.810	324.825	0.128
1595326176.83057	229.807	0.022	1.826	324.825	0.130
1595326176.83238	229.824	0.022	1.836	324.745	0.126
1595326176.87379	229.837	0.022	1.792	324.745	0.126
1595326176.87640	229.809	0.022	1.810	324.906	0.128
1595326176.88552	229.755	0.022	1.824	324.745	0.127
1595326176.92277	229.795	0.022	1.841	324.906	0.127
1595326176.93679	229.796	0.022	1.810	324.745	0.121
1595326176.97340	229.782	0.022	1.784	324.825	0.122
1595326176.97546	229.807	0.022	1.813	324.986	0.131
1595326176.98537	229.759	0.022	1.808	324.825	0.128
1595326177.02279	229.794	0.022	1.811	324.906	0.122
1595326177.03580	229.799	0.022	1.795	324.745	0.121
1595326177.04545	229.799	0.023	1.805	324.906	0.130
1595326177.08280	229.822	0.022	1.780	324.825	0.127
1595326177.09342	229.787	0.022	1.830	324.906	0.131
1595326177.10344	229.764	0.022	1.813	324.825	0.127
1595326177.14180	229.781	0.022	1.813	324.906	0.124
1595326177.15480	229.787	0.022	1.782	324.825	0.129
1595326177.16544	229.814	0.022	1.839	324.986	0.130
1595326177.20380	229.816	0.022	1.823	324.906	0.123
1595326177.20543	229.819	0.022	1.790	324.906	0.127
1595326177.24381	229.828	0.022	1.806	324.906	0.121
1595326177.28681	229.788	0.022	1.817	324.745	0.121
1595326177.28849	229.805	0.022	1.802	324.825	0.129
1595326177.29042	229.835	0.022	1.791	324.906	0.130
1595326177.33057	229.831	0.022	1.803	324.825	0.127
1595326177.34282	229.849	0.022	1.796	324.825	0.126
1595326177.38181	229.827	0.022	1.818	324.986	0.131
1595326177.38245	229.837	0.022	1.842	324.986	0.130
1595326177.42086	229.815	0.022	1.813	324.906	0.124
1595326177.42141	229.789	0.022	1.806	324.906	0.124
1595326177.42341	229.821	0.022	1.783	324.906	0.123
1595326177.46181	229.832	0.022	1.833	324.906	0.129
1595326177.46246	229.857	0.022	1.826	325.147	0.129
1595326177.50042	229.860	0.022	1.815	324.986	0.124
1595326177.52691	229.890	0.022	1.819	324.986	0.122
1595326177.52747	229.829	0.022	1.799	324.986	0.128
1595326177.56544	229.832	0.022	1.807	324.986	0.121
1595326177.57581	229.835	0.022	1.832	325.067	0.128
1595326177.58546	229.807	0.022	1.821	324.986	0.126
1595326177.62546	229.828	0.022	1.822	324.825	0.120
1595326177.62644	229.818	0.022	1.801	324.906	0.120
1595326177.66383	229.773	0.022	1.796	324.906	0.132
1595326177.70381	229.870	0.022	1.824	324.906	0.129
1595326177.70644	229.867	0.022	1.853	324.906	0.129
1595326177.70751	229.881	0.022	1.804	324.986	0.127
1595326177.74683	229.868	0.022	1.800	324.906	0.128
1595326177.74747	229.852	0.022	1.810	324.986	0.129
1595326177.78783	229.867	0.022	1.817	324.906	0.123
1595326177.79645	229.823	0.022	1.811	324.745	0.127
1595326177.83583	229.865	0.022	1.807	324.825	0.121
1595326177.83745	229.848	0.022	1.795	324.906	0.120
1595326177.84683	229.907	0.022	1.838	324.986	0.126
1595326177.88348	229.937	0.022	1.841	325.067	0.123
1595326177.89545	229.909	0.022	1.819	325.147	0.124
1595326177.90552	229.878	0.022	1.814	324.906	0.122
1595326177.94283	229.920	0.022	1.815	325.067	0.132
1595326177.94548	229.932	0.022	1.824	325.067	0.126
1595326177.98283	229.879	0.022	1.754	324.986	0.123
1595326177.99383	229.918	0.022	1.812	325.067	0.121
1595326178.00548	229.917	0.022	1.759	324.986	0.120
1595326178.02544	229.919	0.022	1.790	324.986	0.127
1595326178.06382	229.872	0.022	1.768	324.825	0.122
1595326178.06548	229.868	0.023	1.840	324.906	0.126
1595326178.10384	229.856	0.022	1.763	324.986	0.121
1595326178.10549	229.841	0.022	1.814	324.906	0.128
1595326178.14240	229.757	0.022	1.764	324.825	0.131
1595326178.18139	229.804	0.022	1.784	324.906	0.126
1595326178.18364	229.810	0.022	1.852	324.745	0.123
1595326178.18566	229.796	0.022	1.774	324.825	0.122
1595326178.22784	229.778	0.022	1.783	324.745	0.122
1595326178.24048	229.804	0.022	1.821	324.825	0.128
1595326178.25183	229.738	0.022	1.821	324.986	0.121
1595326178.29084	229.734	0.022	1.821	324.825	0.122
1595326178.29649	229.737	0.022	1.827	324.825	0.124
1595326178.33691	229.766	0.022	1.789	324.745	0.126
1595326178.33845	229.751	0.022	1.822	324.745	0.129
1595326178.37691	229.749	0.022	1.818	324.665	0.126
1595326178.37749	229.740	0.022	1.818	324.665	0.126
1595326178.38545	229.712	0.022	1.810	324.745	0.128
1595326178.42248	229.707	0.022	1.797	324.665	0.130
1595326178.42349	229.735	0.022	1.810	324.906	0.131
1595326178.46186	229.744	0.022	1.804	324.906	0.123
1595326178.50093	229.724	0.022	1.830	324.825	0.127
1595326178.50145	229.740	0.022	1.776	324.745	0.123
1595326178.53843	229.715	0.022	1.779	324.825	0.130
1595326178.54039	229.695	0.022	1.790	324.665	0.128
1595326178.54842	229.754	0.022	1.790	324.745	0.121
1595326178.58686	229.730	0.022	1.811	324.745	0.126
1595326178.58749	229.754	0.022	1.785	324.665	0.124
1595326178.62584	229.736	0.022	1.860	324.745	0.127
1595326178.63548	229.771	0.022	1.780	324.665	0.118
1595326178.64554	229.771	0.022	1.821	324.745	0.123
1595326178.68282	229.785	0.022	1.817	324.745	0.122
1595326178.69694	229.785	0.022	1.840	324.745	0.126
1595326178.70551	229.795	0.022	1.803	324.745	0.126
1595326178.74350	229.785	0.022	1.787	324.745	0.127
1595326178.74651	229.735	0.022	1.793	324.745	0.120
1595326178.78386	229.746	0.022	1.829	324.665	0.123
1595326178.80148	229.751	0.022	1.794	324.745	0.124
1595326178.80659	229.770	0.022	1.808	324.745	0.122
1595326178.84359	229.776	0.022	1.795	324.745	0.124
1595326178.88893	229.765	0.022	1.783	324.665	0.120
1595326178.89051	229.776	0.022	1.792	324.665	0.121
1595326178.89346	229.848	0.022	1.850	324.906	0.128
1595326178.93189	229.862	0.022	1.807	324.825	0.126
1595326178.93252	229.877	0.022	1.827	324.906	0.122
1595326178.94346	229.874	0.022	1.840	324.986	0.123
1595326178.98165	229.856	0.022	1.785	324.986	0.129
1595326178.98251	229.866	0.022	1.805	324.906	0.127
1595326179.02047	229.819	0.022	1.797	324.825	0.123
1595326179.03243	229.813	0.022	1.808	324.906	0.124
1595326179.04548	229.840	0.022	1.808	324.906	0.126
1595326179.08387	229.854	0.022	1.817	324.906	0.127
1595326179.08519	229.868	0.022	1.807	324.986	0.131
1595326179.12288	229.862	0.022	1.797	325.067	0.130
1595326179.12549	229.922	0.022	1.826	325.228	0.123
1595326179.16266	229.923	0.022	1.799	324.986	0.127
1595326179.16344	229.904	0.022	1.808	325.067	0.131
1595326179.20188	229.927	0.022	1.797	324.906	0.131
1595326179.21256	229.941	0.022	1.825	325.067	0.121
1595326179.25389	229.936	0.022	1.836	324.906	0.126
1595326179.25650	229.931	0.022	1.822	324.906	0.127
1595326179.30289	229.899	0.022	1.831	324.986	0.130
1595326179.30550	229.912	0.022	1.778	324.906	0.124
1595326179.30658	229.907	0.022	1.814	324.906	0.123
1595326179.34492	229.884	0.022	1.766	324.906	0.121
1595326179.35053	229.850	0.022	1.835	324.986	0.126
1595326179.38789	229.889	0.022	1.818	324.906	0.132
1595326179.38845	229.861	0.022	1.808	325.067	0.127
1595326179.42691	229.877	0.022	1.824	325.067	0.128
1595326179.43589	229.888	0.022	1.783	324.906	0.117
1595326179.48277	229.916	0.022	1.812	324.986	0.128
1595326179.48353	229.914	0.022	1.814	325.067	0.128
1595326179.48549	229.886	0.022	1.804	324.986	0.127
1595326179.52263	229.917	0.022	1.811	325.067	0.123
1595326179.53247	229.896	0.022	1.765	325.067	0.121
1595326179.55390	229.896	0.022	1.784	324.906	0.124
1595326179.60291	229.891	0.022	1.790	324.986	0.126
1595326179.60355	229.923	0.022	1.801	324.986	0.121
1595326179.60547	229.920	0.022	1.823	325.147	0.123
1595326179.64290	229.936	0.022	1.811	325.147	0.122
1595326179.65256	229.914	0.022	1.809	325.067	0.123
1595326179.67186	229.890	0.022	1.804	324.986	0.128
1595326179.70896	229.902	0.022	1.814	324.906	0.121
1595326179.71047	229.909	0.022	1.797	324.986	0.124
1595326179.74862	229.919	0.022	1.816	324.986	0.127
1595326179.75051	229.927	0.022	1.802	325.067	0.127
1595326179.78390	229.938	0.022	1.840	325.147	0.124
1595326179.82189	229.891	0.022	1.755	324.986	0.122
1595326179.82352	229.890	0.022	1.796	325.147	0.129
1595326179.82560	229.909	0.022	1.801	324.986	0.122
1595326179.86256	229.929	0.022	1.824	325.147	0.129
1595326179.87256	229.886	0.022	1.771	324.986	0.123
1595326179.91191	229.886	0.022	1.815	325.067	0.123
1595326179.91255	229.887	0.022	1.791	324.906	0.128
1595326179.95390	229.852	0.022	1.798	324.906	0.128
1595326179.97453	229.839	0.022	1.825	324.986	0.126
1595326179.98559	229.849	0.022	1.809	324.825	0.126
1595326180.02292	229.876	0.022	1.832	324.906	0.124
1595326180.02355	229.880	0.022	1.792	324.906	0.129
1595326180.04692	229.859	0.022	1.785	324.906	0.124
1595326180.09297	229.856	0.022	1.817	324.906	0.122
1595326180.13091	229.885	0.022	1.809	324.906	0.128
1595326180.13153	229.841	0.022	1.780	324.825	0.122
1595326180.16853	229.829	0.022	1.804	324.825	0.121
1595326180.17060	229.845	0.022	1.811	324.825	0.121
1595326180.20896	229.865	0.022	1.802	324.825	0.121
1595326180.21056	229.881	0.022	1.836	324.986	0.126
1595326180.24898	229.867	0.022	1.797	324.825	0.127
1595326180.25655	229.885	0.022	1.857	324.906	0.119
1595326180.26659	229.881	0.022	1.798	324.986	0.120
1595326180.30496	229.812	0.022	1.769	324.825	0.124
1595326180.31158	229.837	0.022	1.826	324.906	0.127
1595326180.35056	229.869	0.022	1.794	325.067	0.124
1595326180.36256	229.869	0.022	1.811	324.986	0.124
1595326180.40099	229.879	0.022	1.818	324.986	0.124
1595326180.40158	229.897	0.022	1.808	325.228	0.126
1595326180.41054	229.887	0.022	1.817	325.147	0.131
1595326180.44765	229.875	0.022	1.829	325.228	0.128
1595326180.44851	229.856	0.022	1.821	325.067	0.123
1595326180.48651	229.870	0.022	1.801	324.986	0.123
1595326180.48792	229.876	0.022	1.794	324.906	0.122
1595326180.52594	229.910	0.022	1.833	324.986	0.132
1595326180.52757	229.880	0.022	1.834	324.906	0.124
1595326180.56695	229.906	0.022	1.807	324.986	0.123
1595326180.56758	229.878	0.022	1.811	324.906	0.123
1595326180.60692	229.893	0.022	1.810	324.825	0.123
1595326180.60757	229.840	0.022	1.793	324.825	0.123
1595326180.64593	229.747	0.022	1.787	324.745	0.129
1595326180.65257	229.779	0.022	1.823	324.745	0.122
1595326180.69193	229.826	0.022	1.815	324.745	0.124
1595326180.69258	229.848	0.022	1.835	324.825	0.128
1595326180.73195	229.842	0.022	1.805	324.906	0.118
1595326180.73258	229.869	0.022	1.803	324.825	0.121
1595326180.77054	229.806	0.022	1.791	324.745	0.122
1595326180.77171	229.792	0.022	1.766	324.825	0.124
1595326180.80900	229.774	0.022	1.781	324.745	0.124
1595326180.81158	229.785	0.022	1.821	324.825	0.123
1595326180.85072	229.764	0.022	1.820	324.986	0.121
1595326180.86052	229.795	0.022	1.816	324.906	0.127
1595326180.89893	229.789	0.022	1.803	324.825	0.120
1595326180.90059	229.806	0.022	1.779	324.906	0.127
1595326180.91256	229.756	0.022	1.774	324.906	0.123
1595326180.95097	229.761	0.022	1.799	324.825	0.123
1595326180.95258	229.784	0.022	1.775	324.825	0.122
1595326180.99060	229.720	0.022	1.792	324.745	0.123
1595326180.99257	229.755	0.022	1.834	324.665	0.123
1595326181.00598	229.774	0.022	1.832	324.825	0.123
1595326181.04993	229.781	0.022	1.781	324.665	0.124
1595326181.05261	229.771	0.022	1.816	325.067	0.129
1595326181.06556	229.757	0.022	1.778	324.825	0.128
1595326181.10396	229.713	0.022	1.777	324.825	0.129
1595326181.10560	229.686	0.022	1.798	324.745	0.122
1595326181.14295	229.723	0.022	1.819	324.665	0.123
1595326181.15596	229.993	0.023	1.917	324.986	0.128
1595326181.19262	230.002	0.022	1.829	325.067	0.126
1595326181.19357	230.003	0.022	1.797	325.067	0.124
1595326181.20757	230.039	0.022	1.842	325.067	0.120
1595326181.24599	229.996	0.022	1.787	324.906	0.123
1595326181.26596	230.007	0.022	1.827	325.308	0.128
1595326181.30296	229.983	0.022	1.805	324.986	0.122
1595326181.31569	229.991	0.022	1.816	325.067	0.126
1595326181.32573	229.966	0.022	1.782	325.067	0.123
1595326181.36396	229.995	0.022	1.826	325.228	0.126
1595326181.37596	230.010	0.022	1.829	325.067	0.127
