# timestamp	V	A	W	V	A
1595325333.02014	1024.243	0.016	377421.569	324.584	0.009
1595325333.02173	229.046	0.003	0.012	324.343	0.008
1595325333.02381	229.012	0.003	377421.573	324.343	0.008
1595325333.06390	228.920	0.003	377421.570	324.343	0.008
1595325333.06469	228.920	0.003	0.008	324.262	0.008
1595325333.08513	228.944	0.003	377421.575	324.343	0.007
1595325333.12276	228.971	0.003	377421.551	324.182	0.008
1595325333.12476	228.990	0.003	377421.588	324.423	0.007
1595325333.16314	229.001	0.003	377421.582	324.504	0.008
1595325333.16878	229.012	0.003	0.005	324.423	0.008
1595325333.20571	229.010	0.003	377421.584	324.343	0.007
1595325333.20911	228.982	0.003	377421.579	324.423	0.008
1595325333.24711	228.968	0.003	377421.576	324.343	0.007
1595325333.24876	228.997	0.003	377421.592	324.504	0.007
1595325333.27212	229.003	0.003	377421.568	324.343	0.008
1595325333.30978	228.942	0.003	377421.577	324.262	0.008
1595325333.31078	228.930	0.003	377421.575	324.182	0.008
1595325333.35099	228.954	0.004	0.003	324.262	0.007
1595325333.39010	228.945	0.003	377421.577	324.343	0.007
1595325333.39280	228.969	0.003	377421.589	324.262	0.008
1595325333.40376	228.956	0.004	377421.588	324.182	0.008
1595325333.44214	228.933	0.003	377421.562	324.262	0.007
1595325333.44378	228.959	0.003	377421.566	324.182	0.007
1595325333.48079	228.963	0.003	0.014	324.262	0.008
1595325333.49514	228.966	0.003	0.001	324.423	0.007
1595325333.50479	228.967	0.003	377421.591	324.262	0.007
1595325333.54514	228.963	0.003	0.017	324.262	0.007
1595325333.55212	229.000	0.003	377421.584	324.423	0.007
1595325333.56281	228.934	0.003	0.002	324.262	0.008
1595325333.60075	228.960	0.003	377421.586	324.262	0.008
1595325333.60289	228.945	0.003	377421.591	324.182	0.007
1595325333.63973	228.976	0.004	0.015	324.343	0.008
1595325333.68415	228.954	0.003	377421.558	324.343	0.008
1595325333.68479	228.990	0.003	377421.576	324.423	0.008
1595325333.69375	229.004	0.003	377421.570	324.262	0.007
1595325333.74385	228.986	0.003	377421.591	324.423	0.008
1595325333.74470	228.962	0.003	0.015	324.343	0.008
1595325333.74973	228.922	0.003	0.006	324.262	0.008
1595325333.76274	228.893	0.003	377421.588	324.262	0.007
1595325333.79974	228.905	0.003	0.002	324.182	0.008
1595325333.82013	228.937	0.003	377421.586	324.262	0.007
1595325333.82072	228.932	0.003	377421.567	324.182	0.008
1595325333.85916	228.920	0.003	377421.584	324.262	0.007
1595325333.87215	228.906	0.003	377421.591	324.101	0.008
1595325333.88283	228.906	0.003	0.017	324.182	0.008
1595325333.92117	228.922	0.004	0.010	324.182	0.008
1595325333.92414	228.930	0.003	377421.560	324.182	0.008
1595325333.96118	228.927	0.003	0.008	324.182	0.008
1595325333.97215	228.931	0.003	377421.590	324.182	0.008
1595325333.98284	228.923	0.003	377421.586	324.101	0.007
1595325334.02177	228.894	0.003	377421.582	324.262	0.007
1595325334.03186	228.917	0.003	0.015	324.182	0.007
1595325334.04277	228.954	0.003	377421.590	324.262	0.007
1595325334.08115	228.968	0.004	377421.564	324.343	0.007
1595325334.08282	228.980	0.003	377421.593	324.343	0.007
1595325334.11974	228.975	0.003	0.000	324.182	0.008
1595325334.15917	229.006	0.003	377421.591	324.343	0.007
1595325334.15975	228.977	0.004	377421.591	324.343	0.007
1595325334.17216	228.946	0.003	377421.563	324.262	0.008
1595325334.21178	228.964	0.003	0.032	324.262	0.007
1595325334.21385	228.959	0.003	377421.577	324.504	0.007
1595325334.23182	228.966	0.003	377421.590	324.182	0.007
1595325334.24286	228.989	0.003	377421.582	324.262	0.009
1595325334.28017	229.008	0.003	377421.579	324.182	0.007
1595325334.29280	228.996	0.004	377421.589	324.182	0.009
1595325334.30381	228.975	0.003	377421.588	324.262	0.008
1595325334.34217	228.977	0.004	377421.580	324.262	0.008
1595325334.34415	229.008	0.003	377421.578	324.262	0.008
1595325334.36491	229.007	0.004	377421.580	324.182	0.008
1595325334.40317	229.008	0.003	377421.590	324.182	0.008
1595325334.40481	228.996	0.003	377421.588	324.182	0.008
1595325334.44180	229.034	0.003	377421.584	324.262	0.008
1595325334.44386	229.010	0.003	377421.579	324.262	0.008
1595325334.48117	228.960	0.003	0.005	324.182	0.007
1595325334.48181	228.960	0.003	377421.580	324.182	0.008
1595325334.52213	228.946	0.003	377421.583	324.101	0.008
1595325334.52375	228.926	0.003	0.006	324.101	0.007
1595325334.56217	228.920	0.003	377421.588	324.101	0.008
1595325334.56983	228.887	0.003	377421.580	324.101	0.008
1595325334.60718	228.923	0.003	377421.572	324.101	0.007
1595325334.60883	228.893	0.003	377421.584	324.101	0.007
1595325334.64577	228.919	0.003	377421.575	324.101	0.008
1595325334.64679	228.915	0.004	377421.575	324.101	0.008
1595325334.67116	228.913	0.003	377421.572	324.182	0.007
1595325334.70919	228.912	0.003	377421.565	324.021	0.008
1595325334.70982	228.901	0.003	377421.586	324.182	0.007
1595325334.72179	228.915	0.003	377421.563	324.101	0.007
1595325334.75991	228.927	0.003	377421.579	324.021	0.007
1595325334.76076	228.925	0.003	377421.578	324.182	0.008
1595325334.80120	228.912	0.003	377421.575	324.182	0.007
1595325334.84196	228.912	0.003	377421.577	324.101	0.008
1595325334.84477	228.929	0.003	377421.583	324.101	0.007
1595325334.84584	228.933	0.003	0.020	324.182	0.008
1595325334.88389	228.968	0.004	377421.586	324.182	0.008
1595325334.88974	228.981	0.004	0.010	324.262	0.008
1595325334.92722	228.959	0.003	0.005	324.021	0.008
1595325334.92883	228.964	0.003	377421.590	324.021	0.008
1595325334.96622	228.987	0.004	0.001	324.182	0.007
1595325334.96880	228.954	0.003	377421.569	324.182	0.008
1595325335.00625	228.961	0.003	377421.576	324.101	0.008
1595325335.00685	229.009	0.003	377421.566	324.101	0.007
1595325335.02122	229.009	0.003	377421.591	324.021	0.007
1595325335.06923	229.023	0.003	377421.574	324.101	0.008
1595325335.06984	228.988	0.003	0.018	324.101	0.008
1595325335.08078	229.056	0.003	0.004	324.101	0.007
1595325335.10220	229.032	0.003	377421.589	324.101	0.008
1595325335.13985	229.016	0.003	377421.590	324.101	0.008
1595325335.14298	229.046	0.004	377421.593	324.262	0.008
1595325335.18121	229.102	0.003	377421.591	324.343	0.008
1595325335.19218	229.100	0.003	377421.581	324.343	0.007
1595325335.20117	229.078	0.003	377421.591	324.504	0.008
1595325335.23921	229.028	0.003	377421.586	324.262	0.007
1595325335.23985	229.063	0.004	377421.591	324.262	0.008
1595325335.27924	229.079	0.003	377421.584	324.343	0.007
1595325335.32721	229.093	0.004	0.014	324.504	0.007
1595325335.33085	229.122	0.004	377421.590	324.423	0.007
1595325335.35121	229.176	0.003	377421.583	324.423	0.007
1595325335.38897	229.170	0.004	377421.564	324.423	0.008
1595325335.38981	229.173	0.003	0.008	324.584	0.008
1595325335.41118	229.217	0.003	377421.566	324.504	0.008
1595325335.44923	229.197	0.003	377421.575	324.423	0.007
1595325335.47220	229.187	0.003	377421.559	324.504	0.008
1595325335.48186	229.249	0.004	377421.591	324.423	0.008
1595325335.52121	229.220	0.003	377421.580	324.423	0.007
1595325335.52186	229.194	0.003	377421.586	324.423	0.007
1595325335.56123	229.215	0.004	0.004	324.423	0.008
1595325335.56186	229.219	0.003	0.009	324.423	0.008
1595325335.60022	229.232	0.003	377421.582	324.665	0.007
1595325335.63922	229.226	0.003	0.008	324.584	0.008
1595325335.64084	229.220	0.003	377421.582	324.423	0.007
1595325335.64192	229.213	0.004	377421.593	324.504	0.008
1595325335.68088	229.221	0.003	0.006	324.584	0.007
1595325335.68190	229.217	0.003	0.006	324.584	0.007
1595325335.72424	229.227	0.003	377421.581	324.584	0.007
1595325335.72485	229.219	0.003	377421.579	324.504	0.008
1595325335.76181	229.211	0.003	0.011	324.584	0.009
1595325335.77177	229.136	0.003	377421.564	324.423	0.007
1595325335.78478	229.152	0.003	0.010	324.423	0.008
1595325335.82225	229.165	0.004	377421.572	324.343	0.008
1595325335.82388	229.168	0.003	0.012	324.584	0.007
1595325335.86084	229.152	0.003	377421.587	324.423	0.007
1595325335.86394	229.152	0.003	377421.590	324.423	0.008
1595325335.90199	229.141	0.004	0.002	324.423	0.008
1595325335.90920	229.171	0.003	0.008	324.584	0.007
1595325335.94723	229.161	0.003	0.009	324.423	0.007
1595325335.94887	229.191	0.003	0.015	324.343	0.008
1595325335.98624	229.179	0.003	377421.584	324.423	0.007
1595325335.99385	229.180	0.003	0.000	324.343	0.007
1595325336.00192	229.192	0.003	377421.557	324.262	0.007
1595325336.04024	229.167	0.003	377421.579	324.343	0.008
1595325336.05184	229.139	0.003	377421.591	324.262	0.008
1595325336.09004	229.092	0.003	0.014	324.343	0.008
1595325336.09397	229.121	0.004	377421.582	324.343	0.008
1595325336.13125	229.116	0.003	377421.589	324.262	0.008
1595325336.13186	229.117	0.003	377421.581	324.262	0.008
1595325336.14223	229.097	0.003	0.013	324.343	0.008
1595325336.17990	229.134	0.004	377421.593	324.262	0.008
1595325336.18086	229.132	0.003	377421.560	324.343	0.008
1595325336.22422	229.125	0.003	0.000	324.262	0.008
1595325336.22487	229.106	0.004	377421.576	324.182	0.008
1595325336.26425	229.098	0.003	377421.570	324.343	0.007
1595325336.26488	229.151	0.003	377421.580	324.423	0.008
1595325336.30185	229.202	0.003	377421.573	324.343	0.008
1595325336.31423	229.222	0.004	377421.583	324.423	0.008
1595325336.32222	229.215	0.003	377421.575	324.665	0.007
1595325336.37025	229.231	0.003	377421.580	324.343	0.008
1595325336.37089	229.242	0.003	377421.579	324.423	0.008
1595325336.38185	229.224	0.003	0.002	324.584	0.008
1595325336.42123	229.198	0.004	377421.589	324.423	0.008
1595325336.42188	229.180	0.003	377421.575	324.423	0.008
1595325336.46026	229.223	0.003	377421.581	324.343	0.008
1595325336.50725	229.222	0.003	377421.588	324.504	0.007
1595325336.50890	229.237	0.004	377421.589	324.423	0.008
1595325336.50984	229.250	0.003	377421.572	324.423	0.008
1595325336.54727	229.257	0.003	0.003	324.504	0.007
1595325336.54890	229.278	0.003	377421.593	324.665	0.008
1595325336.56086	229.252	0.003	377421.593	324.423	0.008
1595325336.59926	229.217	0.003	0.004	324.343	0.008
1595325336.59990	229.214	0.003	377421.569	324.343	0.008
1595325336.63725	229.260	0.003	377421.579	324.343	0.008
1595325336.64988	229.264	0.003	0.007	324.665	0.008
1595325336.68688	229.235	0.003	377421.575	324.423	0.007
1595325336.69084	229.266	0.003	0.012	324.423	0.008
1595325336.73224	229.284	0.003	377421.573	324.665	0.007
1595325336.73522	229.213	0.004	377421.586	324.504	0.008
1595325336.74189	229.225	0.004	377421.578	324.504	0.008
1595325336.78028	229.218	0.004	377421.593	324.665	0.008
1595325336.80125	229.255	0.003	377421.577	324.584	0.008
1595325336.83926	229.247	0.003	377421.581	324.584	0.007
1595325336.87726	229.248	0.003	377421.559	324.504	0.008
1595325336.87889	229.231	0.003	377421.583	324.504	0.008
1595325336.89128	229.176	0.003	377421.582	324.665	0.008
1595325336.92925	229.203	0.003	377421.579	324.504	0.008
1595325336.92987	229.211	0.003	0.001	324.745	0.007
1595325336.94125	229.202	0.003	377421.545	324.504	0.008
1595325336.97926	229.187	0.003	377421.556	324.423	0.008
1595325336.97990	229.200	0.003	377421.575	324.423	0.007
1595325337.01690	229.197	0.003	0.018	324.423	0.008
1595325337.02994	229.209	0.003	377421.583	324.343	0.008
1595325337.06928	229.168	0.003	377421.566	324.343	0.008
1595325337.07089	229.157	0.003	377421.583	324.504	0.007
1595325337.10896	229.156	0.003	377421.563	324.343	0.008
1595325337.11094	229.164	0.004	377421.588	324.504	0.008
1595325337.12429	229.125	0.003	0.005	324.262	0.007
1595325337.16129	229.148	0.003	0.004	324.262	0.007
1595325337.17190	229.132	0.003	377421.591	324.262	0.008
1595325337.18397	229.136	0.003	0.002	324.423	0.008
1595325337.22085	229.105	0.004	0.010	324.423	0.008
1595325337.22194	229.099	0.003	0.007	324.343	0.007
1595325337.26128	229.106	0.003	0.002	324.423	0.007
1595325337.30728	229.088	0.003	377421.581	324.262	0.007
1595325337.30892	229.084	0.003	377421.588	324.423	0.008
1595325337.30988	229.128	0.003	377421.578	324.504	0.007
1595325337.34729	229.128	0.003	377421.593	324.262	0.008
1595325337.34892	229.111	0.003	0.009	324.262	0.007
1595325337.36090	229.132	0.004	377421.579	324.343	0.007
1595325337.39930	229.133	0.003	377421.590	324.504	0.008
1595325337.39993	229.151	0.004	377421.585	324.504	0.008
1595325337.43688	229.164	0.003	377421.578	324.343	0.007
1595325337.44727	229.140	0.004	377421.594	324.343	0.008
1595325337.48530	229.152	0.003	0.000	324.343	0.008
1595325337.49828	229.158	0.003	377421.567	324.423	0.008
1595325337.53594	229.163	0.004	377421.592	324.343	0.008
1595325337.53889	229.134	0.003	377421.571	324.343	0.007
1595325337.54005	229.100	0.003	377421.585	324.343	0.008
1595325337.57686	229.077	0.003	377421.586	324.423	0.007
1595325337.59124	229.070	0.003	377421.578	324.504	0.008
1595325337.60127	229.084	0.003	377421.590	324.262	0.008
1595325337.64533	229.109	0.003	377421.575	324.343	0.007
1595325337.64786	229.113	0.003	377421.570	324.262	0.008
1595325337.67129	229.154	0.003	377421.574	324.423	0.008
1595325337.70896	229.190	0.003	377421.572	324.584	0.007
1595325337.71088	229.193	0.003	0.001	324.665	0.008
1595325337.72192	229.170	0.003	377421.579	324.423	0.008
1595325337.76129	229.180	0.003	377421.593	324.665	0.007
1595325337.76931	229.195	0.003	377421.566	324.504	0.008
1595325337.80698	229.222	0.003	0.009	324.504	0.007
1595325337.80991	229.222	0.003	0.002	324.584	0.008
1595325337.85028	229.258	0.003	377421.582	324.584	0.007
1595325337.85389	229.247	0.003	377421.582	324.584	0.007
1595325337.86130	229.229	0.003	0.009	324.504	0.008
1595325337.89930	229.238	0.003	377421.558	324.584	0.007
1595325337.92130	229.264	0.003	0.021	324.504	0.008
1595325337.96030	229.276	0.003	377421.587	324.745	0.008
1595325337.97130	229.281	0.003	377421.578	324.504	0.007
1595325337.98095	229.313	0.003	377421.578	324.423	0.008
1595325338.01893	229.327	0.003	377421.575	324.745	0.007
1595325338.03199	229.265	0.003	377421.574	324.584	0.007
1595325338.04534	229.171	0.003	0.010	324.584	0.008
1595325338.08732	229.139	0.003	377421.588	324.262	0.007
1595325338.09196	229.151	0.003	377421.567	324.504	0.007
1595325338.12993	229.162	0.003	377421.578	324.423	0.008
1595325338.13299	229.160	0.003	377421.577	324.504	0.008
1595325338.17133	229.138	0.003	377421.588	324.343	0.008
1595325338.17631	229.143	0.003	377421.584	324.423	0.008
1595325338.18197	229.127	0.003	0.007	324.343	0.007
1595325338.21990	229.113	0.003	377421.581	324.343	0.007
1595325338.23231	229.149	0.003	377421.572	324.423	0.008
1595325338.24396	229.104	0.003	0.011	324.423	0.008
1595325338.28134	229.082	0.003	377421.589	324.343	0.007
1595325338.29194	229.089	0.003	0.003	324.182	0.007
1595325338.30203	229.125	0.004	377421.568	324.423	0.008
1595325338.34133	229.112	0.003	377421.581	324.423	0.008
1595325338.35232	229.076	0.003	0.005	324.423	0.007
1595325338.36196	229.087	0.003	377421.581	324.584	0.008
1595325338.40233	229.123	0.003	377421.572	324.584	0.008
1595325338.40397	229.122	0.004	0.001	324.504	0.007
1595325338.44092	229.095	0.003	0.002	324.343	0.008
1595325338.45133	229.116	0.003	377421.584	324.504	0.008
1595325338.46109	229.094	0.003	0.001	324.343	0.007
1595325338.50004	229.084	0.003	377421.550	324.343	0.008
1595325338.51491	229.061	0.003	377421.592	324.343	0.007
1595325338.52231	229.090	0.003	377421.583	324.423	0.008
1595325338.56095	229.095	0.003	377421.578	324.584	0.008
1595325338.56203	229.031	0.003	377421.562	324.504	0.008
1595325338.60033	228.976	0.003	377421.571	324.343	0.007
1595325338.63833	228.989	0.004	0.012	324.343	0.008
1595325338.63999	229.049	0.003	377421.592	324.423	0.008
1595325338.65131	228.996	0.003	377421.592	324.343	0.008
1595325338.68933	228.971	0.003	377421.590	324.262	0.008
1595325338.68998	228.982	0.004	377421.589	324.262	0.008
1595325338.71194	229.008	0.003	377421.579	324.343	0.008
1595325338.75109	228.976	0.003	377421.578	324.423	0.007
1595325338.75190	228.909	0.003	377421.582	324.262	0.007
1595325338.77121	228.959	0.003	0.000	324.343	0.008
1595325338.78133	229.060	0.003	377421.579	324.423	0.008
1595325338.82210	229.036	0.004	377421.560	324.343	0.007
1595325338.85993	228.997	0.004	377421.590	324.343	0.008
1595325338.87127	229.016	0.003	377421.577	324.262	0.007
1595325338.88133	228.982	0.003	377421.573	324.343	0.007
1595325338.92034	229.021	0.004	0.015	324.343	0.009
1595325338.93234	229.035	0.003	377421.593	324.423	0.008
1595325338.94200	229.057	0.003	377421.564	324.423	0.007
1595325338.98133	229.020	0.003	377421.561	324.423	0.007
1595325338.99133	228.995	0.004	0.007	324.423	0.008
1595325339.00201	229.018	0.003	0.006	324.262	0.008
1595325339.04099	229.062	0.004	0.012	324.423	0.008
1595325339.04500	229.067	0.003	0.013	324.343	0.008
1595325339.08233	229.084	0.003	0.003	324.423	0.007
1595325339.12936	229.078	0.003	377421.572	324.343	0.007
1595325339.13087	229.043	0.004	377421.588	324.343	0.008
1595325339.14089	229.050	0.003	377421.569	324.262	0.007
1595325339.17906	229.063	0.003	0.027	324.504	0.007
1595325339.19104	229.066	0.003	377421.585	324.262	0.007
1595325339.20093	229.054	0.003	0.016	324.343	0.008
1595325339.24014	229.084	0.003	0.012	324.343	0.007
1595325339.25108	229.112	0.003	377421.572	324.343	0.008
1595325339.26094	229.106	0.003	377421.567	324.423	0.008
1595325339.30032	229.111	0.004	377421.584	324.343	0.007
1595325339.31135	229.103	0.003	0.016	324.343	0.007
1595325339.32100	229.109	0.004	377421.582	324.343	0.008
1595325339.36039	229.106	0.003	377421.592	324.423	0.008
1595325339.36101	229.153	0.003	377421.571	324.504	0.008
1595325339.40236	229.150	0.003	377421.570	324.504	0.008
1595325339.41199	229.152	0.003	377421.571	324.504	0.008
1595325339.42202	229.169	0.003	377421.585	324.504	0.007
1595325339.46099	229.136	0.003	377421.585	324.423	0.007
1595325339.47103	229.138	0.003	0.011	324.584	0.007
1595325339.48237	229.107	0.003	377421.593	324.584	0.008
1595325339.52237	229.099	0.003	0.017	324.584	0.008
1595325339.52402	229.148	0.004	377421.581	324.504	0.008
1595325339.56099	229.193	0.003	377421.569	324.665	0.007
1595325339.56907	229.132	0.004	377421.572	324.584	0.008
1595325339.60636	229.148	0.003	377421.580	324.504	0.008
1595325339.60697	229.129	0.004	377421.593	324.423	0.008
1595325339.64495	229.099	0.003	377421.584	324.423	0.008
1595325339.64598	229.107	0.003	377421.573	324.504	0.007
1595325339.67108	229.144	0.003	0.012	324.504	0.008
1595325339.68136	229.139	0.003	377421.579	324.584	0.007
1595325339.71940	229.149	0.003	377421.582	324.504	0.007
1595325339.74137	229.206	0.003	377421.580	324.423	0.007
1595325339.78100	229.215	0.003	377421.564	324.584	0.008
1595325339.79110	229.236	0.003	377421.583	324.504	0.008
1595325339.80437	229.223	0.003	377421.585	324.504	0.007
1595325339.84237	229.246	0.003	377421.592	324.584	0.007
1595325339.84403	229.252	0.004	377421.582	324.825	0.007
1595325339.88200	229.250	0.003	377421.594	324.665	0.007
1595325339.88903	229.282	0.003	377421.582	324.665	0.007
1595325339.92637	229.297	0.003	377421.581	324.584	0.008
1595325339.92900	229.292	0.003	377421.593	324.665	0.008
1595325339.94109	229.287	0.003	377421.572	324.825	0.008
1595325339.97898	229.303	0.004	377421.592	324.665	0.008
1595325339.99239	229.304	0.003	377421.580	324.745	0.008
1595325340.00437	229.267	0.003	377421.586	324.745	0.008
1595325340.04140	229.278	0.003	377421.585	324.665	0.008
1595325340.05101	229.268	0.003	377421.576	324.504	0.008
1595325340.06438	229.288	0.003	377421.577	324.745	0.008
1595325340.10335	229.301	0.003	377421.589	324.745	0.007
1595325340.11238	229.284	0.004	377421.575	324.745	0.009
1595325340.12237	229.267	0.003	377421.580	324.504	0.008
1595325340.16139	229.257	0.003	377421.584	324.584	0.007
1595325340.16204	229.268	0.003	377421.585	324.584	0.008
1595325340.20002	229.266	0.003	377421.586	324.665	0.008
1595325340.20118	229.268	0.003	377421.590	324.745	0.007
1595325340.22242	229.283	0.003	377421.592	324.665	0.007
1595325340.26543	229.308	0.003	377421.573	324.504	0.007
1595325340.27906	229.320	0.003	377421.572	324.745	0.007
1595325340.29105	229.365	0.003	0.009	324.584	0.007
1595325340.32989	229.355	0.003	377421.581	324.665	0.008
1595325340.33083	229.531	0.003	377421.586	324.745	0.008
1595325340.34085	229.566	0.003	377421.562	324.906	0.007
1595325340.37985	229.589	0.003	377421.573	324.986	0.008
1595325340.39009	229.601	0.003	377421.579	325.067	0.007
1595325340.42841	229.569	0.004	377421.586	325.067	0.008
1595325340.43005	229.542	0.003	377421.585	325.067	0.008
1595325340.47040	229.562	0.003	377421.585	325.147	0.008
1595325340.47205	229.571	0.003	0.004	325.147	0.008
1595325340.48100	229.594	0.003	377421.571	324.986	0.007
1595325340.51941	229.596	0.004	377421.588	325.067	0.008
1595325340.52005	229.543	0.003	0.006	324.906	0.007
1595325340.55701	229.546	0.003	377421.593	324.906	0.007
1595325340.60440	229.494	0.003	377421.572	324.906	0.007
1595325340.61439	229.452	0.003	0.002	324.986	0.008
1595325340.65741	229.469	0.003	377421.581	324.825	0.007
1595325340.65900	229.488	0.003	377421.579	324.825	0.008
1595325340.65991	229.524	0.003	377421.574	324.825	0.008
1595325340.69816	229.526	0.004	377421.587	324.906	0.008
1595325340.70441	229.561	0.003	0.001	324.986	0.008
1595325340.74241	229.497	0.003	377421.572	324.906	0.009
1595325340.78104	229.493	0.003	377421.577	325.067	0.009
1595325340.78208	229.445	0.003	377421.584	324.906	0.007
1595325340.79206	229.443	0.003	0.022	324.745	0.008
1595325340.80105	229.450	0.003	0.007	324.665	0.007
1595325340.83944	229.453	0.003	377421.568	324.665	0.007
1595325340.86108	229.426	0.003	377421.573	324.665	0.008
1595325340.89943	229.425	0.003	377421.573	324.665	0.008
1595325340.93944	229.474	0.003	377421.587	324.745	0.008
1595325340.98444	229.424	0.003	377421.590	324.825	0.007
1595325340.98607	229.433	0.003	377421.574	324.825	0.007
1595325341.02640	229.448	0.003	0.012	324.745	0.008
1595325341.02707	229.427	0.003	377421.567	324.745	0.008
1595325341.04942	229.377	0.004	377421.587	324.665	0.008
1595325341.08907	229.351	0.003	377421.572	324.745	0.008
1595325341.09010	229.362	0.003	377421.586	324.584	0.007
1595325341.11243	229.357	0.003	377421.586	324.825	0.008
1595325341.12508	229.349	0.003	377421.588	324.665	0.008
1595325341.16444	229.369	0.003	377421.572	324.665	0.008
1595325341.18241	229.372	0.003	0.004	324.584	0.008
1595325341.22842	229.347	0.003	377421.588	324.504	0.008
1595325341.26745	229.355	0.004	377421.572	324.665	0.007
1595325341.26909	229.412	0.003	0.006	324.665	0.007
1595325341.28205	229.466	0.003	0.004	324.825	0.007
1595325341.32016	229.496	0.003	377421.582	324.906	0.007
1595325341.33134	229.470	0.003	377421.586	324.745	0.008
1595325341.34244	229.483	0.004	0.016	324.825	0.008
1595325341.38100	229.477	0.003	377421.576	324.825	0.008
1595325341.38200	229.493	0.003	377421.581	324.825	0.008
1595325341.40143	229.488	0.003	0.003	324.825	0.007
1595325341.43944	229.463	0.003	377421.563	324.665	0.007
1595325341.44108	229.478	0.003	377421.581	324.665	0.007
1595325341.47909	229.472	0.003	0.014	324.825	0.008
1595325341.48908	229.473	0.003	377421.591	324.745	0.007
1595325341.52605	229.490	0.003	377421.585	324.745	0.008
1595325341.52702	229.527	0.003	377421.591	324.825	0.007
1595325341.55743	229.529	0.004	0.003	324.906	0.008
1595325341.59508	229.491	0.003	377421.569	324.825	0.007
1595325341.59603	229.490	0.003	0.016	324.986	0.007
1595325341.59699	229.483	0.003	0.003	324.906	0.008
1595325341.63602	229.495	0.004	0.002	324.745	0.008
1595325341.63743	229.462	0.003	377421.593	324.906	0.007
1595325341.67546	229.468	0.003	377421.579	325.067	0.008
1595325341.72446	229.475	0.003	0.004	324.825	0.008
1595325341.73144	229.443	0.004	377421.572	325.067	0.008
1595325341.77145	229.461	0.003	377421.582	324.825	0.008
1595325341.77210	229.443	0.003	0.006	324.906	0.007
1595325341.78205	229.439	0.003	377421.589	324.745	0.008
1595325341.82244	229.448	0.003	377421.586	324.665	0.008
1595325341.82410	229.489	0.004	377421.587	324.745	0.008
1595325341.86242	229.474	0.003	377421.575	324.906	0.008
1595325341.86410	229.407	0.003	377421.581	324.665	0.008
1595325341.90105	229.412	0.003	377421.573	324.665	0.007
1595325341.90206	229.436	0.003	0.001	324.745	0.008
1595325341.94021	229.458	0.003	377421.565	324.906	0.008
1595325341.94903	229.448	0.004	377421.583	324.825	0.007
1595325341.99747	229.453	0.003	377421.577	324.665	0.008
1595325341.99915	229.483	0.004	0.021	324.745	0.008
1595325342.01747	229.503	0.003	377421.588	324.986	0.008
1595325342.02511	229.475	0.003	377421.577	324.665	0.008
1595325342.06206	229.465	0.004	0.002	324.906	0.007
1595325342.07046	229.461	0.003	377421.535	324.906	0.008
1595325342.08011	229.450	0.003	377421.575	324.745	0.008
1595325342.11948	229.445	0.003	377421.575	324.825	0.007
1595325342.14248	229.427	0.003	377421.580	324.745	0.007
1595325342.18146	229.438	0.003	0.000	324.745	0.008
1595325342.18412	229.381	0.003	0.003	324.665	0.007
1595325342.22106	229.331	0.003	377421.589	324.665	0.008
1595325342.23645	229.245	0.003	0.013	324.665	0.007
1595325342.24212	229.257	0.003	377421.564	324.504	0.008
1595325342.28147	229.252	0.003	0.002	324.423	0.008
1595325342.32416	229.277	0.003	377421.580	324.504	0.007
1595325342.32615	229.295	0.003	377421.563	324.584	0.008
1595325342.32813	229.296	0.003	377421.586	324.423	0.008
1595325342.36947	229.249	0.003	377421.571	324.423	0.007
1595325342.37011	229.242	0.003	0.002	324.665	0.008
1595325342.38009	229.288	0.003	377421.579	324.423	0.007
1595325342.41721	229.291	0.003	377421.589	324.504	0.008
1595325342.41905	229.300	0.003	377421.586	324.423	0.007
1595325342.45606	229.295	0.003	377421.570	324.423	0.008
1595325342.46930	229.274	0.003	0.009	324.665	0.008
1595325342.48748	229.278	0.003	377421.585	324.584	0.007
1595325342.50013	229.259	0.003	377421.573	324.504	0.007
1595325342.53711	229.272	0.003	0.003	324.504	0.008
1595325342.54810	229.276	0.004	377421.588	324.423	0.008
1595325342.56123	229.230	0.004	0.011	324.504	0.007
1595325342.59951	229.245	0.003	0.004	324.423	0.008
1595325342.63748	229.265	0.003	0.005	324.423	0.007
1595325342.65849	229.259	0.003	377421.590	324.504	0.007
1595325342.66712	229.337	0.003	0.005	324.504	0.007
1595325342.68150	229.376	0.003	377421.588	324.745	0.008
1595325342.72712	229.350	0.003	377421.578	324.665	0.008
1595325342.74617	229.366	0.003	377421.585	324.584	0.008
1595325342.78349	229.149	1.657	100.118	324.665	15.421
1595325342.78611	229.392	0.058	2.495	324.504	0.188
1595325342.82518	229.386	0.032	0.648	324.745	0.088
1595325342.82607	229.403	0.020	0.376	324.665	0.059
1595325342.86421	229.411	0.012	0.293	324.745	0.043
1595325342.87749	229.409	0.009	0.255	324.584	0.035
1595325342.89016	229.418	0.006	0.258	324.584	0.029
1595325342.92708	229.436	0.005	0.115	324.665	0.031
1595325342.92910	229.459	0.005	0.173	324.665	0.025
1595325342.96634	229.461	0.004	0.174	324.665	0.021
1595325342.97643	229.429	0.004	0.135	324.745	0.019
1595325342.98716	229.476	0.004	0.149	324.665	0.019
1595325343.02512	229.452	0.004	0.119	324.825	0.016
1595325343.02719	229.408	0.004	0.080	324.665	0.016
1595325343.04007	229.336	0.004	0.086	324.504	0.013
1595325343.07751	229.284	0.004	0.068	324.504	0.009
1595325343.07906	229.304	0.004	0.120	324.504	0.013
1595325343.11608	229.323	0.004	0.091	324.584	0.014
1595325343.13751	229.317	0.004	0.097	324.584	0.014
1595325343.14552	229.319	0.003	0.103	324.584	0.012
1595325343.18251	229.319	0.004	0.053	324.665	0.009
1595325343.19013	229.300	0.004	0.070	324.745	0.013
1595325343.20019	229.281	0.018	1.068	324.584	0.132
1595325343.23708	229.263	0.021	1.512	324.584	0.154
1595325343.24016	229.278	0.009	0.598	324.584	0.047
1595325343.27747	229.267	0.008	0.567	324.504	0.048
1595325343.32152	229.259	0.008	0.551	324.665	0.052
1595325343.32312	229.248	0.009	0.615	324.504	0.058
1595325343.36121	229.254	0.009	0.604	324.504	0.055
1595325343.36209	229.238	0.008	0.523	324.504	0.046
1595325343.40054	229.242	0.008	0.523	324.504	0.047
1595325343.44115	229.265	0.007	0.467	324.504	0.038
1595325343.45152	229.281	0.007	0.486	324.423	0.044
1595325343.48816	229.276	0.009	0.619	324.745	0.052
1595325343.49011	229.259	0.009	0.669	324.504	0.054
1595325343.51153	229.265	0.010	0.672	324.584	0.057
1595325343.52117	229.222	0.009	0.613	324.423	0.052
1595325343.56016	229.190	0.009	0.623	324.262	0.052
1595325343.56715	229.183	0.009	0.612	324.343	0.050
1595325343.60552	229.193	0.008	0.541	324.423	0.046
1595325343.60814	229.175	0.008	0.547	324.423	0.054
1595325343.62021	229.199	0.008	0.518	324.262	0.047
1595325343.65755	229.164	0.008	0.509	324.343	0.044
1595325343.66915	229.189	0.009	0.620	324.423	0.052
1595325343.68121	229.181	0.010	0.668	324.262	0.055
1595325343.71853	229.194	0.009	0.652	324.665	0.060
1595325343.72915	229.188	0.009	0.657	324.504	0.052
1595325343.74119	229.184	0.010	0.649	324.423	0.057
1595325343.78018	229.173	0.009	0.641	324.504	0.054
1595325343.78119	229.169	0.008	0.549	324.423	0.049
1595325343.81856	229.191	0.008	0.528	324.343	0.046
1595325343.86454	229.183	0.009	0.624	324.423	0.057
1595325343.86618	229.175	0.010	0.672	324.343	0.057
1595325343.90354	229.218	0.010	0.736	324.262	0.063
1595325343.91019	229.222	0.010	0.731	324.343	0.059
1595325343.96155	229.214	0.010	0.745	324.343	0.061
1595325343.96219	229.208	0.010	0.713	324.343	0.058
1595325343.96317	229.172	0.010	0.719	324.182	0.059
1595325344.00124	229.198	0.010	0.753	324.343	0.067
1595325344.00319	229.185	0.010	0.722	324.343	0.062
1595325344.02122	229.178	0.010	0.716	324.343	0.056
1595325344.05814	229.165	0.010	0.748	324.343	0.061
1595325344.06829	229.248	0.010	0.759	324.504	0.060
1595325344.10755	229.325	0.010	0.751	324.423	0.057
1595325344.11016	229.320	0.010	0.740	324.584	0.067
1595325344.14757	229.328	0.010	0.713	324.665	0.061
1595325344.15115	229.307	0.010	0.724	324.584	0.060
1595325344.16116	229.303	0.010	0.711	324.504	0.061
1595325344.19822	229.269	0.010	0.734	324.584	0.061
1595325344.20956	229.234	0.011	0.795	324.504	0.070
1595325344.22120	229.229	0.011	0.797	324.504	0.063
1595325344.26616	229.243	0.011	0.776	324.504	0.064
1595325344.28124	229.258	0.011	0.798	324.343	0.061
1595325344.28813	229.269	0.011	0.770	324.504	0.063
1595325344.33155	229.271	0.012	0.841	324.423	0.076
1595325344.34021	229.253	0.009	0.582	324.584	0.046
1595325344.37717	229.268	0.009	0.596	324.423	0.049
1595325344.37831	229.304	0.009	0.594	324.504	0.055
1595325344.42156	229.300	0.008	0.584	324.584	0.052
1595325344.43318	229.271	0.009	0.617	324.584	0.050
1595325344.47124	229.304	0.009	0.641	324.584	0.055
1595325344.47521	229.271	0.009	0.658	324.423	0.054
1595325344.48722	229.232	0.010	0.723	324.343	0.060
1595325344.52531	229.249	0.011	0.786	324.423	0.064
1595325344.52754	229.281	0.011	0.806	324.423	0.062
1595325344.57757	229.339	0.011	0.793	324.504	0.064
1595325344.58018	229.322	0.011	0.813	324.584	0.061
1595325344.59323	229.324	0.010	0.743	324.504	0.060
1595325344.60114	229.322	0.010	0.769	324.423	0.060
1595325344.63914	229.340	0.011	0.767	324.504	0.066
1595325344.65154	229.304	0.010	0.759	324.423	0.061
1595325344.68825	229.308	0.011	0.766	324.665	0.066
1595325344.69714	229.324	0.011	0.771	324.665	0.060
1595325344.70738	229.343	0.010	0.763	324.665	0.060
1595325344.74657	229.300	0.011	0.779	324.584	0.063
1595325344.75716	229.295	0.010	0.715	324.504	0.060
1595325344.79510	229.296	0.008	0.567	324.504	0.048
1595325344.79713	229.349	0.009	0.610	324.423	0.052
1595325344.79937	229.325	0.010	0.717	324.504	0.059
1595325344.83730	229.351	0.010	0.747	324.423	0.069
1595325344.84917	229.357	0.010	0.708	324.665	0.063
1595325344.86035	229.315	0.010	0.711	324.665	0.061
1595325344.89828	229.368	0.010	0.731	324.504	0.063
1595325344.91016	229.408	0.010	0.751	324.665	0.059
1595325344.92166	229.398	0.010	0.722	324.665	0.061
1595325344.95858	229.408	0.010	0.727	324.745	0.063
1595325344.96020	229.385	0.012	0.897	324.665	0.083
1595325344.99719	229.426	0.014	1.083	324.665	0.088
1595325345.01516	229.404	0.010	0.672	324.825	0.057
1595325345.02361	229.376	0.010	0.694	324.665	0.064
1595325345.06336	229.384	0.012	0.869	324.504	0.074
1595325345.07323	229.410	0.012	0.900	324.584	0.073
1595325345.11113	229.432	0.012	0.908	324.504	0.079
1595325345.11318	229.426	0.012	0.843	324.504	0.070
1595325345.12159	229.428	0.012	0.885	324.665	0.076
1595325345.16560	229.417	0.012	0.881	324.745	0.074
1595325345.16719	229.462	0.012	0.900	324.584	0.072
1595325345.18131	229.476	0.012	0.915	324.665	0.073
1595325345.22060	229.449	0.012	0.890	324.745	0.075
1595325345.23160	229.453	0.012	0.908	324.665	0.079
1595325345.24224	229.439	0.012	0.858	324.745	0.070
1595325345.28017	229.437	0.012	0.880	324.584	0.067
1595325345.28120	229.451	0.012	0.889	324.665	0.069
1595325345.30034	229.501	0.012	0.878	324.745	0.069
1595325345.33759	229.486	0.012	0.910	324.665	0.075
1595325345.33824	229.506	0.012	0.907	324.584	0.068
1595325345.37757	229.520	0.012	0.892	324.825	0.072
1595325345.39564	229.529	0.012	0.902	324.745	0.070
1595325345.40225	229.499	0.012	0.897	324.745	0.074
1595325345.44061	229.495	0.012	0.881	324.745	0.069
1595325345.44224	229.502	0.012	0.889	324.745	0.081
1595325345.48020	229.491	0.012	0.903	324.906	0.072
1595325345.51961	229.503	0.012	0.860	324.825	0.073
1595325345.54060	229.510	0.011	0.822	324.825	0.067
1595325345.56258	229.471	0.010	0.664	324.745	0.057
1595325345.60159	229.438	0.010	0.678	324.745	0.059
1595325345.60224	229.410	0.010	0.671	324.584	0.058
1595325345.64018	229.432	0.010	0.682	324.665	0.057
1595325345.64906	229.444	0.010	0.661	324.665	0.060
1595325345.66134	229.466	0.010	0.689	324.665	0.054
1595325345.70459	229.448	0.010	0.687	324.665	0.056
1595325345.70723	229.439	0.009	0.655	324.665	0.057
1595325345.72029	229.422	0.009	0.674	324.665	0.057
1595325345.75860	229.431	0.010	0.678	324.665	0.061
1595325345.76021	229.340	0.009	0.637	324.504	0.058
1595325345.79722	229.333	0.010	0.677	324.504	0.056
1595325345.84556	229.353	0.009	0.710	324.584	0.056
1595325345.84625	229.368	0.010	0.690	324.504	0.059
1595325345.85360	229.385	0.009	0.656	324.584	0.055
1595325345.89128	229.395	0.011	0.737	324.584	0.067
1595325345.89221	229.377	0.010	0.656	324.584	0.062
1595325345.93162	229.391	0.010	0.691	324.745	0.057
1595325345.93226	229.358	0.010	0.663	324.665	0.058
1595325345.94223	229.339	0.010	0.682	324.584	0.061
1595325345.98361	229.362	0.009	0.679	324.584	0.058
1595325345.98526	229.358	0.010	0.671	324.584	0.061
1595325346.02323	229.364	0.010	0.682	324.504	0.056
1595325346.03632	229.364	0.010	0.670	324.665	0.055
1595325346.04830	229.325	0.009	0.634	324.584	0.056
1595325346.08672	229.319	0.010	0.718	324.584	0.062
1595325346.08825	229.311	0.009	0.636	324.584	0.055
1595325346.12725	229.303	0.010	0.737	324.504	0.063
1595325346.13323	229.308	0.009	0.659	324.665	0.054
1595325346.17163	229.326	0.010	0.720	324.584	0.060
1595325346.17623	229.321	0.009	0.657	324.584	0.059
1595325346.19034	229.329	0.010	0.716	324.504	0.057
1595325346.20021	229.286	0.009	0.653	324.584	0.056
1595325346.23861	229.271	0.010	0.714	324.504	0.058
1595325346.24023	229.261	0.010	0.670	324.504	0.058
1595325346.27765	229.287	0.010	0.680	324.504	0.055
1595325346.32464	229.312	0.009	0.686	324.423	0.055
1595325346.32628	229.382	0.010	0.705	324.504	0.054
1595325346.32823	229.398	0.010	0.721	324.584	0.059
1595325346.36667	229.405	0.010	0.720	324.584	0.061
1595325346.36722	229.369	0.010	0.704	324.745	0.057
1595325346.39043	229.368	0.009	0.670	324.584	0.059
1595325346.40029	229.378	0.010	0.698	324.665	0.060
1595325346.43721	229.374	0.009	0.652	324.825	0.058
1595325346.44962	229.402	0.010	0.662	324.745	0.056
1595325346.46028	229.425	0.010	0.695	324.825	0.062
1595325346.50767	229.412	0.010	0.691	324.906	0.058
1595325346.52364	229.443	0.010	0.705	324.825	0.058
1595325346.57264	229.430	0.010	0.680	324.906	0.055
1595325346.57328	229.403	0.010	0.677	324.745	0.059
1595325346.58123	229.383	0.010	0.665	324.825	0.057
1595325346.61963	229.392	0.009	0.655	324.745	0.056
1595325346.62128	229.414	0.010	0.690	324.825	0.064
1595325346.66065	229.422	0.010	0.651	324.825	0.055
1595325346.67363	229.440	0.010	0.681	324.745	0.060
1595325346.68128	229.419	0.009	0.674	324.665	0.055
1595325346.72267	229.476	0.010	0.697	324.906	0.058
1595325346.72625	229.450	0.010	0.699	324.906	0.060
1595325346.76466	229.418	0.009	0.662	324.825	0.058
1595325346.78364	229.473	0.010	0.679	324.745	0.058
1595325346.82330	229.495	0.010	0.721	324.745	0.059
1595325346.83528	229.482	0.009	0.625	324.906	0.055
1595325346.84230	229.475	0.010	0.701	324.825	0.062
1595325346.88268	229.439	0.010	0.710	324.825	0.060
1595325346.88325	229.443	0.010	0.668	324.825	0.054
1595325346.92126	229.414	0.009	0.658	324.906	0.059
1595325346.96366	229.430	0.009	0.684	324.906	0.056
1595325346.96530	229.430	0.010	0.668	324.745	0.059
1595325346.97763	229.415	0.009	0.656	324.825	0.055
1595325346.98830	229.437	0.010	0.712	324.825	0.059
1595325347.02825	229.454	0.010	0.660	324.745	0.055
1595325347.03227	229.410	0.010	0.682	324.825	0.066
1595325347.04136	229.398	0.009	0.641	324.906	0.056
1595325347.07870	229.416	0.010	0.675	324.825	0.061
1595325347.08927	229.401	0.010	0.665	324.665	0.056
1595325347.10133	229.539	0.010	0.717	324.906	0.061
1595325347.14168	229.525	0.010	0.674	325.067	0.056
1595325347.15128	229.535	0.010	0.677	324.906	0.060
1595325347.16236	229.537	0.010	0.691	324.986	0.060
1595325347.20066	229.486	0.009	0.640	324.745	0.058
1595325347.20231	229.396	0.009	0.607	324.825	0.052
1595325347.24065	229.374	0.009	0.660	324.745	0.054
1595325347.24631	229.361	0.010	0.656	324.584	0.056
1595325347.28671	229.419	0.009	0.669	324.584	0.054
1595325347.28819	229.388	0.010	0.695	324.665	0.057
1595325347.30024	229.448	0.010	0.663	324.745	0.058
1595325347.33725	229.465	0.010	0.703	324.665	0.057
1595325347.35013	229.446	0.009	0.684	324.665	0.057
1595325347.36136	229.440	0.010	0.694	324.745	0.060
1595325347.39877	229.438	0.009	0.672	324.825	0.054
1595325347.41167	229.454	0.010	0.666	324.825	0.061
1595325347.42131	229.445	0.010	0.667	324.745	0.054
1595325347.46027	229.458	0.010	0.693	324.986	0.062
1595325347.47040	229.457	0.012	0.875	324.825	0.072
1595325347.48025	229.425	0.012	0.876	324.825	0.071
1595325347.51873	229.428	0.012	0.887	324.745	0.074
1595325347.52032	229.428	0.012	0.883	324.745	0.074
1595325347.55729	229.402	0.012	0.905	324.906	0.071
1595325347.56039	229.405	0.012	0.877	324.665	0.074
1595325347.60069	229.420	0.012	0.886	324.745	0.074
1595325347.64069	229.465	0.012	0.929	324.825	0.072
1595325347.65370	229.468	0.012	0.866	324.906	0.071
1595325347.67644	229.486	0.012	0.876	324.825	0.071
1595325347.68827	229.521	0.012	0.900	324.825	0.069
1595325347.72648	229.488	0.012	0.873	324.906	0.073
1595325347.72726	229.507	0.012	0.883	324.825	0.071
1595325347.74041	229.533	0.012	0.894	324.825	0.068
1595325347.78067	229.643	0.012	0.929	324.986	0.073
1595325347.78132	229.564	0.011	0.823	324.986	0.067
1595325347.81877	229.447	0.011	0.810	324.825	0.068
1595325347.82029	229.464	0.011	0.766	324.906	0.070
1595325347.84633	229.385	0.011	0.775	324.745	0.061
1595325347.88770	229.382	0.011	0.785	324.745	0.064
1595325347.88833	229.386	0.011	0.793	324.665	0.066
1595325347.90030	229.444	0.011	0.805	324.745	0.066
1595325347.94040	229.438	0.011	0.843	324.745	0.066
1595325347.94126	229.398	0.011	0.787	324.745	0.066
1595325347.97876	229.399	0.011	0.801	324.825	0.064
1595325347.98134	229.442	0.012	0.860	324.825	0.063
1595325348.01876	229.432	0.011	0.811	324.986	0.066
1595325348.02034	229.394	0.011	0.780	324.745	0.064
1595325348.07476	229.381	0.011	0.786	324.745	0.066
1595325348.07635	229.351	0.011	0.810	324.745	0.067
1595325348.11572	229.317	0.011	0.757	324.825	0.069
1595325348.12634	229.297	0.011	0.775	324.584	0.066
1595325348.16470	229.336	0.011	0.828	324.665	0.069
1595325348.16634	229.346	0.011	0.822	324.665	0.067
1595325348.20871	229.344	0.011	0.826	324.665	0.067
1595325348.21035	229.289	0.011	0.781	324.584	0.063
1595325348.22131	229.314	0.011	0.821	324.665	0.064
1595325348.26370	229.298	0.011	0.801	324.584	0.068
1595325348.26535	229.234	0.011	0.760	324.665	0.066
1595325348.28131	229.261	0.011	0.824	324.504	0.064
1595325348.31970	229.311	0.011	0.791	324.665	0.067
1595325348.32139	229.240	0.011	0.772	324.504	0.069
1595325348.36278	229.278	0.011	0.837	324.584	0.068
1595325348.36635	229.228	0.011	0.764	324.584	0.066
1595325348.38370	229.230	0.011	0.778	324.343	0.064
1595325348.42371	229.294	0.011	0.807	324.423	0.070
1595325348.43136	229.280	0.011	0.822	324.504	0.061
1595325348.47030	229.275	0.011	0.793	324.584	0.069
1595325348.47131	229.248	0.011	0.798	324.504	0.064
1595325348.48146	229.247	0.011	0.818	324.504	0.066
1595325348.51879	229.248	0.011	0.818	324.504	0.069
1595325348.52036	229.222	0.011	0.756	324.584	0.063
1595325348.55733	229.192	0.011	0.835	324.504	0.063
1595325348.57040	229.182	0.011	0.804	324.423	0.067
1595325348.59029	229.203	0.011	0.764	324.504	0.067
1595325348.60071	229.190	0.011	0.792	324.423	0.067
1595325348.63874	229.206	0.011	0.784	324.504	0.068
1595325348.64029	229.235	0.011	0.753	324.504	0.063
1595325348.68037	229.199	0.011	0.774	324.504	0.063
1595325348.68133	229.189	0.011	0.832	324.423	0.072
1595325348.71877	229.178	0.014	1.063	324.423	0.092
1595325348.75735	229.181	0.015	1.141	324.423	0.087
1595325348.76038	229.198	0.015	1.130	324.665	0.097
1595325348.76135	229.183	0.017	1.335	324.343	0.099
1595325348.79950	229.227	0.013	0.941	324.423	0.074
1595325348.80138	229.210	0.013	0.936	324.343	0.082
1595325348.84050	229.216	0.013	0.930	324.504	0.075
1595325348.84630	229.187	0.013	0.940	324.504	0.073
1595325348.88540	229.227	0.013	0.966	324.423	0.075
1595325348.88732	229.217	0.010	0.760	324.423	0.060
1595325348.92573	229.227	0.010	0.746	324.423	0.069
1595325348.92730	229.214	0.010	0.710	324.423	0.056
1595325348.94843	229.247	0.011	0.773	324.584	0.063
1595325348.98629	229.231	0.010	0.741	324.584	0.062
1595325348.98719	229.212	0.010	0.736	324.423	0.067
1595325349.00819	229.198	0.011	0.783	324.504	0.073
1595325349.02021	229.208	0.013	1.024	324.504	0.088
1595325349.06572	229.224	0.013	0.978	324.423	0.079
1595325349.06638	229.245	0.011	0.821	324.504	0.072
1595325349.10333	229.279	0.013	0.977	324.504	0.082
1595325349.10533	229.303	0.012	0.949	324.665	0.074
1595325349.12172	229.269	0.013	0.991	324.584	0.084
1595325349.16077	229.248	0.013	1.008	324.423	0.080
1595325349.16640	229.289	0.014	1.019	324.504	0.079
1595325349.20332	229.308	0.014	1.019	324.665	0.081
1595325349.20677	229.256	0.013	0.913	324.584	0.074
1595325349.24450	229.261	0.012	0.895	324.504	0.080
1595325349.24774	229.299	0.013	0.963	324.423	0.082
1595325349.26837	229.261	0.014	1.011	324.504	0.087
1595325349.30740	229.232	0.014	1.060	324.423	0.088
1595325349.30834	229.283	0.013	0.995	324.665	0.075
1595325349.32851	229.258	0.014	1.052	324.504	0.086
1595325349.33821	229.267	0.014	1.018	324.423	0.082
1595325349.37656	229.253	0.014	1.042	324.423	0.091
1595325349.37754	229.276	0.014	1.043	324.504	0.084
1595325349.41578	229.271	0.011	0.788	324.343	0.061
1595325349.42876	229.269	0.011	0.783	324.343	0.062
1595325349.43839	229.249	0.010	0.760	324.423	0.058
1595325349.47740	229.238	0.010	0.722	324.423	0.064
1595325349.48838	229.272	0.010	0.739	324.423	0.062
1595325349.49842	229.301	0.011	0.772	324.423	0.059
1595325349.53673	229.308	0.010	0.734	324.504	0.063
1595325349.53739	229.374	0.011	0.778	324.584	0.063
1595325349.57536	229.341	0.010	0.732	324.584	0.061
1595325349.62238	229.322	0.010	0.737	324.745	0.062
1595325349.62331	229.336	0.010	0.741	324.584	0.060
1595325349.62531	229.343	0.010	0.773	324.745	0.062
1595325349.66375	229.347	0.011	0.828	324.584	0.070
1595325349.66741	229.328	0.011	0.769	324.584	0.062
1595325349.67835	229.374	0.011	0.750	324.906	0.067
1595325349.71640	229.347	0.010	0.720	324.825	0.059
1595325349.71740	229.347	0.010	0.743	324.745	0.062
1595325349.75778	229.345	0.010	0.736	324.745	0.069
1595325349.75841	229.348	0.010	0.717	324.584	0.062
1595325349.79675	229.329	0.010	0.719	324.584	0.060
1595325349.83576	229.344	0.010	0.747	324.584	0.064
1595325349.83740	229.372	0.010	0.742	324.745	0.062
1595325349.84841	229.374	0.010	0.732	324.665	0.061
1595325349.85841	229.362	0.012	0.892	324.584	0.080
1595325349.89880	229.364	0.014	1.027	324.584	0.082
1595325349.90840	229.370	0.014	1.033	324.584	0.085
1595325349.92042	229.367	0.014	1.096	324.584	0.083
1595325349.95777	229.367	0.014	1.046	324.504	0.082
1595325349.95841	229.337	0.014	1.057	324.665	0.081
1595325349.99635	229.356	0.015	1.127	324.584	0.087
1595325350.01378	229.448	0.013	1.011	324.584	0.081
1595325350.02142	229.401	0.012	0.854	324.584	0.070
1595325350.04079	229.399	0.012	0.850	324.665	0.071
1595325350.07777	229.386	0.012	0.884	324.665	0.071
1595325350.08343	229.407	0.012	0.876	324.665	0.067
1595325350.12136	229.427	0.012	0.878	324.665	0.075
1595325350.12238	229.426	0.012	0.886	324.745	0.070
1595325350.16078	229.432	0.012	0.877	324.665	0.074
1595325350.20044	229.466	0.012	0.865	324.745	0.072
1595325350.20137	229.436	0.012	0.866	324.825	0.078
1595325350.24178	229.435	0.012	0.842	324.745	0.073
1595325350.24343	229.458	0.012	0.848	324.745	0.072
1595325350.28178	229.431	0.012	0.864	324.825	0.071
1595325350.28240	229.477	0.012	0.869	324.745	0.067
1595325350.32339	229.473	0.012	0.872	324.906	0.068
1595325350.32748	229.459	0.012	0.863	324.665	0.072
1595325350.33836	229.461	0.012	0.849	324.665	0.076
1595325350.37678	229.439	0.012	0.832	324.745	0.068
1595325350.40179	229.461	0.012	0.921	324.745	0.074
1595325350.43843	229.439	0.012	0.857	324.825	0.068
1595325350.44042	229.355	0.011	0.835	324.745	0.067
1595325350.47780	229.390	0.012	0.853	324.745	0.074
1595325350.48842	229.392	0.012	0.858	324.665	0.071
1595325350.50046	229.412	0.012	0.889	324.584	0.071
1595325350.53744	229.314	0.012	0.837	324.665	0.070
1595325350.58475	229.331	0.012	0.849	324.504	0.074
1595325350.58636	229.329	0.012	0.889	324.665	0.073
1595325350.58837	229.316	0.012	0.863	324.584	0.069
1595325350.59840	229.334	0.012	0.885	324.665	0.071
1595325350.63737	229.313	0.012	0.881	324.665	0.072
1595325350.64826	229.333	0.012	0.862	324.665	0.075
1595325350.66080	229.338	0.012	0.878	324.665	0.076
1595325350.69845	229.341	0.012	0.860	324.584	0.074
1595325350.70943	229.330	0.012	0.838	324.745	0.074
1595325350.72044	229.348	0.012	0.854	324.665	0.069
1595325350.75745	229.338	0.012	0.826	324.584	0.067
1595325350.76979	229.273	0.012	0.858	324.504	0.074
1595325350.78045	229.265	0.012	0.861	324.504	0.072
1595325350.81841	229.306	0.012	0.867	324.504	0.069
1595325350.82051	229.347	0.012	0.882	324.504	0.074
1595325350.85740	229.305	0.011	0.835	324.584	0.066
1595325350.86879	229.274	0.012	0.866	324.504	0.073
1595325350.88045	229.270	0.011	0.824	324.423	0.073
1595325350.91744	229.266	0.012	0.918	324.504	0.074
1595325350.92845	229.291	0.012	0.843	324.423	0.073
1595325350.93844	229.289	0.012	0.872	324.423	0.075
1595325350.97886	229.306	0.012	0.882	324.423	0.075
1595325350.98647	229.306	0.012	0.867	324.343	0.071
1595325351.02343	229.309	0.013	0.965	324.504	0.075
1595325351.02547	229.299	0.011	0.801	324.504	0.061
1595325351.06346	229.240	0.010	0.749	324.343	0.066
1595325351.06546	229.281	0.011	0.773	324.423	0.066
1595325351.10346	229.248	0.013	0.911	324.504	0.076
1595325351.10546	229.259	0.013	0.965	324.423	0.079
1595325351.14383	229.276	0.015	1.091	324.504	0.093
1595325351.14880	229.297	0.016	1.217	324.504	0.096
1595325351.18783	229.273	0.016	1.227	324.504	0.094
1595325351.18943	229.250	0.017	1.260	324.423	0.100
1595325351.20053	229.252	0.016	1.168	324.423	0.097
1595325351.23740	229.221	0.017	1.257	324.423	0.104
1595325351.28383	229.187	0.016	1.195	324.343	0.097
1595325351.28643	229.272	0.016	1.231	324.423	0.098
1595325351.29855	229.303	0.017	1.306	324.423	0.098
1595325351.33849	229.306	0.017	1.273	324.504	0.108
1595325351.34880	229.295	0.018	1.377	324.504	0.112
1595325351.35885	229.340	0.018	1.321	324.504	0.107
1595325351.39860	229.333	0.018	1.369	324.504	0.102
1595325351.40840	229.320	0.018	1.338	324.584	0.109
1595325351.42061	229.345	0.017	1.333	324.665	0.104
1595325351.45982	229.320	0.017	1.329	324.423	0.106
1595325351.46978	229.338	0.017	1.257	324.504	0.102
1595325351.48047	229.344	0.017	1.309	324.423	0.100
1595325351.51747	229.343	0.018	1.335	324.584	0.104
1595325351.51847	229.379	0.017	1.340	324.504	0.103
1595325351.55644	229.359	0.016	1.273	324.504	0.100
1595325351.56884	229.387	0.017	1.319	324.423	0.103
1595325351.58285	229.304	0.017	1.249	324.423	0.098
1595325351.63349	229.253	0.018	1.358	324.343	0.103
1595325351.63649	229.243	0.020	1.565	324.262	0.114
1595325351.63747	229.282	0.019	1.474	324.343	0.112
1595325351.67446	229.268	0.018	1.429	324.343	0.114
1595325351.67740	229.255	0.019	1.441	324.262	0.114
1595325351.71583	229.278	0.019	1.449	324.423	0.110
1595325351.75886	229.274	0.019	1.451	324.423	0.112
1595325351.76886	229.243	0.019	1.441	324.504	0.112
1595325351.77848	229.249	0.019	1.422	324.423	0.112
1595325351.81648	229.284	0.019	1.435	324.504	0.110
1595325351.82948	229.265	0.019	1.449	324.423	0.108
1595325351.84048	229.254	0.019	1.424	324.423	0.112
1595325351.87848	229.226	0.018	1.399	324.423	0.111
1595325351.88983	229.230	0.019	1.491	324.584	0.115
1595325351.89949	229.213	0.019	1.507	324.423	0.111
1595325351.93844	229.186	0.019	1.453	324.423	0.114
1595325351.94956	229.238	0.019	1.484	324.504	0.112
1595325351.95942	229.204	0.019	1.472	324.423	0.111
1595325351.99888	229.195	0.018	1.385	324.343	0.109
1595325351.99951	229.198	0.018	1.423	324.343	0.111
1595325352.04184	229.204	0.019	1.472	324.423	0.114
1595325352.04847	229.198	0.021	1.623	324.343	0.121
1595325352.05953	229.210	0.021	1.615	324.343	0.120
1595325352.09285	229.210	0.022	1.686	324.343	0.130
1595325352.12984	229.221	0.021	1.664	324.343	0.127
1595325352.13783	229.184	0.022	1.703	324.182	0.129
1595325352.17654	229.124	0.021	1.669	324.182	0.126
1595325352.17741	229.090	0.022	1.699	324.262	0.128
1595325352.18887	229.084	0.021	1.648	324.182	0.120
1595325352.19850	229.074	0.021	1.634	324.262	0.120
1595325352.23765	229.076	0.021	1.639	324.101	0.128
1595325352.24944	229.100	0.021	1.677	324.343	0.123
1595325352.25962	229.106	0.021	1.621	324.182	0.122
1595325352.29787	229.118	0.021	1.675	324.343	0.126
1595325352.30948	229.154	0.021	1.679	324.343	0.129
1595325352.31954	229.142	0.021	1.681	324.262	0.128
1595325352.35752	229.143	0.021	1.639	324.182	0.123
1595325352.36851	229.152	0.021	1.654	324.343	0.124
1595325352.37888	229.142	0.022	1.687	324.262	0.128
1595325352.41785	229.140	0.022	1.678	324.262	0.124
1595325352.42987	229.134	0.022	1.668	324.343	0.128
1595325352.44152	229.139	0.020	1.582	324.262	0.126
1595325352.47947	229.099	0.022	1.678	324.262	0.126
1595325352.48159	229.075	0.021	1.647	324.182	0.120
1595325352.51889	229.070	0.022	1.665	324.101	0.122
1595325352.52849	229.063	0.022	1.708	324.182	0.127
1595325352.53958	229.069	0.029	2.363	324.182	0.175
1595325352.57853	229.024	0.031	2.491	324.262	0.174
1595325352.58952	229.003	0.030	2.433	324.182	0.168
1595325352.59953	229.012	0.031	2.451	323.940	0.176
1595325352.63787	229.068	0.030	2.427	324.101	0.167
1595325352.65153	229.051	0.030	2.453	324.101	0.176
1595325352.68850	229.092	0.030	2.373	324.021	0.165
1595325352.69149	229.144	0.031	2.483	324.101	0.176
1595325352.72888	229.126	0.029	2.338	324.262	0.168
1595325352.73150	229.122	0.027	2.138	324.504	0.150
1595325352.74156	229.134	0.023	1.799	324.182	0.130
1595325352.77847	229.132	0.021	1.657	324.262	0.124
1595325352.78760	229.105	0.022	1.705	324.423	0.130
1595325352.79845	229.114	0.023	1.828	324.182	0.135
1595325352.83665	229.092	0.022	1.702	324.262	0.126
1595325352.84754	229.086	0.022	1.700	324.262	0.124
1595325352.85850	229.099	0.022	1.687	324.262	0.126
1595325352.90152	229.086	0.022	1.681	324.182	0.129
1595325352.90946	229.126	0.021	1.686	324.343	0.127
1595325352.91952	229.117	0.022	1.705	324.262	0.126
1595325352.95856	229.085	0.022	1.701	324.262	0.124
1595325352.96446	229.102	0.022	1.746	324.262	0.127
1595325353.00288	229.115	0.022	1.714	324.262	0.127
1595325353.01286	229.138	0.021	1.664	324.262	0.126
1595325353.01989	229.078	0.022	1.696	324.343	0.126
1595325353.06089	229.006	0.021	1.630	324.262	0.122
1595325353.06754	228.986	0.022	1.670	324.021	0.124
1595325353.10488	229.022	0.022	1.697	324.182	0.126
1595325353.10751	229.014	0.021	1.681	324.182	0.128
1595325353.11858	229.012	0.022	1.705	324.101	0.127
1595325353.15648	229.099	0.022	1.717	324.182	0.128
1595325353.16956	229.095	0.021	1.681	324.262	0.121
1595325353.17949	228.979	0.021	1.683	324.101	0.123
1595325353.21790	228.958	0.022	1.656	324.182	0.124
1595325353.22889	228.973	0.021	1.659	324.101	0.122
1595325353.23854	228.958	0.021	1.634	324.101	0.122
1595325353.27793	228.902	0.021	1.704	324.021	0.122
1595325353.27855	228.939	0.022	1.685	324.101	0.124
1595325353.31990	228.924	0.022	1.706	324.101	0.128
1595325353.32989	228.944	0.021	1.710	324.101	0.126
1595325353.33954	228.925	0.021	1.689	324.021	0.126
1595325353.37989	228.920	0.021	1.689	324.021	0.124
1595325353.38852	228.938	0.022	1.703	324.101	0.123
1595325353.39961	228.959	0.022	1.706	324.262	0.127
1595325353.44568	228.900	0.021	1.647	324.182	0.123
1595325353.48348	228.895	0.021	1.677	324.021	0.126
1595325353.48589	228.875	0.021	1.663	323.940	0.120
1595325353.52493	228.895	0.022	1.664	324.021	0.127
1595325353.52657	228.874	0.022	1.659	324.021	0.124
1595325353.53853	228.807	0.021	1.631	323.940	0.129
1595325353.57659	228.693	0.020	1.587	323.779	0.123
1595325353.58856	228.687	0.020	1.599	323.860	0.120
1595325353.59856	228.686	0.022	1.678	323.779	0.127
1595325353.63792	228.685	0.022	1.670	323.779	0.124
1595325353.64854	228.712	0.020	1.571	323.699	0.116
1595325353.65856	228.741	0.021	1.693	323.779	0.122
1595325353.69791	228.731	0.025	1.988	323.699	0.148
1595325353.70991	228.756	0.030	2.426	323.779	0.175
1595325353.71956	228.767	0.032	2.555	323.940	0.178
1595325353.76592	228.731	0.028	2.285	323.779	0.169
1595325353.80457	228.709	0.031	2.501	323.699	0.171
1595325353.80649	228.722	0.033	2.611	323.699	0.189
1595325353.81853	228.733	0.033	2.693	323.860	0.190
1595325353.85791	228.715	0.033	2.671	323.699	0.189
1595325353.89953	228.805	0.033	2.740	323.779	0.192
1595325353.90165	228.832	0.032	2.588	323.779	0.178
1595325353.90951	228.836	0.032	2.581	323.779	0.176
1595325353.92273	228.830	0.032	2.548	323.860	0.175
1595325353.95991	228.826	0.032	2.552	324.021	0.183
1595325353.96955	228.810	0.032	2.560	323.940	0.185
1595325353.97956	228.796	0.032	2.559	323.860	0.179
1595325354.01895	228.803	0.033	2.598	323.940	0.181
1595325354.02892	228.815	0.033	2.628	323.940	0.182
1595325354.04192	228.845	0.032	2.600	323.860	0.185
1595325354.09095	228.891	0.032	2.554	324.021	0.183
1595325354.10359	228.908	0.032	2.597	323.940	0.183
1595325354.14196	228.891	0.032	2.601	323.860	0.177
1595325354.14393	228.933	0.033	2.642	323.940	0.181
1595325354.18792	228.922	0.032	2.593	323.940	0.183
1595325354.18954	228.937	0.031	2.601	324.182	0.178
1595325354.20269	228.883	0.031	2.531	324.101	0.179
1595325354.22861	228.880	0.030	2.458	323.940	0.167
1595325354.23855	228.899	0.029	2.308	324.021	0.161
1595325354.27693	228.875	0.029	2.369	324.021	0.167
1595325354.28855	228.935	0.029	2.362	323.940	0.164
1595325354.29869	228.954	0.028	2.316	323.940	0.161
1595325354.33662	228.946	0.028	2.300	324.101	0.164
1595325354.34893	228.988	0.028	2.293	324.101	0.163
1595325354.35958	228.967	0.031	2.537	323.940	0.178
1595325354.39994	228.983	0.030	2.432	324.101	0.171
1595325354.40159	228.993	0.029	2.317	324.101	0.175
1595325354.43856	229.009	0.028	2.291	324.101	0.166
1595325354.48396	228.969	0.027	2.143	324.182	0.152
1595325354.48458	228.971	0.027	2.120	324.262	0.153
1595325354.48691	229.001	0.027	2.121	324.182	0.154
1595325354.52895	229.012	0.025	2.029	324.101	0.145
1595325354.52961	229.045	0.024	1.902	324.262	0.140
1595325354.55186	229.080	0.025	1.950	324.343	0.142
1595325354.58961	229.073	0.024	1.885	324.182	0.135
1595325354.59153	229.037	0.025	2.021	324.101	0.144
1595325354.60896	229.078	0.027	2.128	324.101	0.157
1595325354.61860	229.074	0.030	2.471	324.182	0.171
1595325354.65697	229.082	0.031	2.463	324.182	0.177
1595325354.65960	229.079	0.030	2.389	324.182	0.167
1595325354.67859	229.054	0.029	2.336	324.101	0.164
1595325354.72457	229.026	0.025	1.973	324.101	0.141
1595325354.76296	229.073	0.024	1.950	324.101	0.135
1595325354.76360	229.072	0.026	2.057	324.343	0.154
1595325354.80197	229.070	0.025	1.981	324.182	0.141
1595325354.80358	229.077	0.024	1.901	324.101	0.140
1595325354.84268	229.043	0.023	1.862	324.101	0.136
1595325354.84353	229.054	0.024	1.890	324.182	0.138
1595325354.88198	229.053	0.024	1.929	324.262	0.150
1595325354.88360	229.059	0.026	2.016	324.343	0.153
1595325354.92160	229.055	0.025	2.010	324.182	0.147
1595325354.92258	229.072	0.024	1.915	324.262	0.146
1595325354.95974	229.061	0.024	1.874	324.262	0.138
1595325354.96658	229.038	0.024	1.911	324.262	0.142
1595325354.97866	229.017	0.024	1.877	324.101	0.141
1595325355.01998	229.019	0.024	1.910	324.262	0.139
1595325355.02759	229.029	0.025	1.951	324.101	0.141
1595325355.03765	229.035	0.023	1.830	324.101	0.134
1595325355.07497	229.027	0.024	1.958	324.262	0.136
1595325355.07963	229.083	0.025	1.960	324.182	0.154
1595325355.11755	229.135	0.032	2.608	324.343	0.177
1595325355.13798	229.133	0.031	2.543	324.343	0.177
1595325355.17698	229.129	0.032	2.527	324.262	0.174
1595325355.17761	229.194	0.031	2.515	324.343	0.178
1595325355.19258	229.181	0.030	2.443	324.262	0.168
1595325355.22968	229.133	0.031	2.500	324.262	0.177
1595325355.23092	229.115	0.031	2.508	324.262	0.177
1595325355.24700	229.126	0.030	2.439	324.262	0.169
1595325355.28498	229.143	0.031	2.461	324.262	0.168
1595325355.28759	229.134	0.028	2.294	324.423	0.168
1595325355.30797	229.135	0.030	2.444	324.343	0.181
1595325355.34704	229.124	0.031	2.504	324.262	0.177
1595325355.34762	229.096	0.032	2.611	324.182	0.182
1595325355.35754	229.062	0.033	2.628	324.182	0.182
1595325355.39698	229.040	0.033	2.615	324.182	0.179
1595325355.39762	229.044	0.032	2.600	324.101	0.185
1595325355.43460	229.020	0.031	2.520	324.101	0.173
1595325355.47402	228.911	0.033	2.643	324.182	0.187
1595325355.47467	228.830	0.032	2.578	324.101	0.179
1595325355.47660	228.677	0.033	2.657	323.940	0.185
1595325355.49648	228.805	0.034	2.764	323.860	0.187
1595325355.53356	228.746	0.034	2.760	323.860	0.193
1595325355.53436	228.742	0.033	2.679	323.940	0.188
1595325355.57244	228.705	0.033	2.701	323.940	0.186
1595325355.61144	228.693	0.033	2.753	323.860	0.183
1595325355.61244	228.681	0.034	2.788	324.021	0.185
1595325355.61444	228.656	0.033	2.728	323.860	0.185
1595325355.65446	228.657	0.034	2.807	324.021	0.187
1595325355.65669	228.674	0.033	2.785	324.021	0.187
1595325355.69398	228.651	0.033	2.697	323.860	0.182
1595325355.69964	228.662	0.034	2.693	323.860	0.186
1595325355.73900	228.673	0.033	2.655	323.860	0.185
1595325355.73963	228.617	0.033	2.636	324.021	0.185
1595325355.77900	228.591	0.034	2.732	323.860	0.188
1595325355.77963	228.570	0.033	2.647	323.779	0.186
1595325355.81896	228.579	0.032	2.556	323.860	0.176
1595325355.82899	228.551	0.031	2.477	323.618	0.171
1595325355.83869	228.516	0.031	2.538	323.538	0.175
1595325355.87657	228.534	0.031	2.472	323.618	0.174
1595325355.87760	228.529	0.032	2.567	323.538	0.181
1595325355.91477	228.487	0.032	2.545	323.618	0.176
1595325355.96399	228.476	0.032	2.543	323.538	0.177
1595325355.96464	228.456	0.032	2.500	323.538	0.179
1595325355.96667	228.434	0.031	2.512	323.457	0.177
1595325356.00998	228.425	0.032	2.498	323.538	0.177
1595325356.01164	228.417	0.031	2.500	323.457	0.176
1595325356.01962	228.410	0.031	2.490	323.377	0.175
1595325356.05760	228.368	0.031	2.490	323.457	0.175
1595325356.06499	228.356	0.031	2.485	323.216	0.169
1595325356.10301	228.303	0.032	2.549	323.135	0.178
1595325356.10365	228.341	0.032	2.536	323.135	0.176
1595325356.14202	228.327	0.032	2.535	323.055	0.178
1595325356.15800	228.293	0.030	2.427	323.135	0.170
1595325356.19703	228.252	0.024	1.912	322.894	0.140
1595325356.19765	228.213	0.023	1.823	322.733	0.131
1595325356.23466	228.227	0.023	1.809	322.733	0.133
1595325356.24764	228.243	0.023	1.785	322.733	0.130
1595325356.25967	228.237	0.023	1.814	322.572	0.133
1595325356.29900	228.250	0.023	1.788	322.572	0.131
1595325356.30863	228.269	0.023	1.791	322.572	0.128
1595325356.31770	228.258	0.023	1.821	322.572	0.132
1595325356.35668	228.294	0.023	1.819	322.572	0.135
1595325356.36765	228.268	0.023	1.827	322.492	0.135
1595325356.40502	228.282	0.023	1.861	322.492	0.136
1595325356.40764	228.320	0.023	1.813	322.652	0.131
1595325356.44469	228.311	0.023	1.802	322.492	0.132
1595325356.44659	228.322	0.023	1.803	322.492	0.129
1595325356.47002	228.302	0.023	1.837	322.733	0.136
1595325356.48166	228.286	0.023	1.801	322.733	0.134
1595325356.51905	228.256	0.023	1.805	322.733	0.129
1595325356.51966	228.296	0.023	1.835	322.813	0.131
1595325356.55760	228.311	0.023	1.810	322.813	0.136
1595325356.56901	228.260	0.023	1.818	322.813	0.132
1595325356.57870	228.282	0.023	1.795	322.813	0.132
1595325356.61702	228.252	0.023	1.843	322.894	0.128
1595325356.63803	228.242	0.023	1.805	322.813	0.132
1595325356.67472	228.231	0.023	1.835	323.055	0.131
1595325356.71302	228.249	0.023	1.815	322.974	0.135
1595325356.71473	228.250	0.023	1.807	322.813	0.134
1595325356.72802	228.251	0.023	1.785	322.974	0.133
1595325356.76968	228.262	0.023	1.811	322.974	0.132
1595325356.77163	228.249	0.023	1.835	323.135	0.131
1595325356.78803	228.269	0.025	1.968	322.974	0.147
1595325356.79769	228.271	0.023	1.891	322.894	0.133
1595325356.83704	228.276	0.023	1.805	322.974	0.131
1595325356.85903	228.324	0.023	1.847	323.135	0.133
1595325356.89802	228.297	0.023	1.827	322.974	0.130
1595325356.91003	228.247	0.023	1.795	322.894	0.132
1595325356.91969	228.288	0.023	1.845	323.055	0.133
1595325356.95760	228.346	0.024	1.915	323.055	0.136
1595325356.95862	228.314	0.023	1.822	323.055	0.134
1595325356.99705	228.324	0.024	1.903	323.055	0.138
1595325357.01802	228.344	0.024	1.886	323.135	0.143
1595325357.05667	228.389	0.023	1.797	323.055	0.136
1595325357.06768	228.375	0.023	1.809	323.055	0.135
1595325357.07770	228.379	0.023	1.795	323.055	0.133
1595325357.11506	228.411	0.023	1.795	323.135	0.130
1595325357.11669	228.403	0.023	1.778	323.135	0.131
1595325357.15406	228.347	0.026	2.119	323.055	0.153
1595325357.20203	228.366	0.024	1.852	323.135	0.136
1595325357.20458	228.304	0.024	1.874	323.135	0.141
1595325357.24367	228.315	0.023	1.839	323.055	0.136
1595325357.24660	228.356	0.023	1.841	323.055	0.134
1595325357.25799	228.364	0.023	1.842	323.135	0.129
1595325357.29476	228.361	0.023	1.849	323.377	0.135
1595325357.30670	228.384	0.024	1.887	323.296	0.138
1595325357.34405	228.438	0.023	1.861	323.377	0.131
1595325357.34469	228.426	0.023	1.832	323.216	0.132
1595325357.38270	228.407	0.023	1.831	323.135	0.133
1595325357.38369	228.424	0.024	1.927	323.135	0.132
1595325357.42209	228.437	0.023	1.863	323.135	0.132
1595325357.43507	228.451	0.025	1.967	323.135	0.151
1595325357.47305	228.417	0.027	2.152	323.135	0.153
1595325357.47369	228.463	0.028	2.242	323.135	0.156
1595325357.52407	228.458	0.024	1.947	323.135	0.140
1595325357.52470	228.437	0.026	2.064	323.135	0.148
1595325357.52767	228.420	0.026	2.105	323.055	0.154
1595325357.56481	228.400	0.031	2.497	323.055	0.177
1595325357.56666	228.442	0.032	2.582	323.135	0.181
1595325357.57776	228.426	0.033	2.603	323.055	0.182
1595325357.61507	228.400	0.033	2.615	323.055	0.183
1595325357.62470	228.417	0.031	2.473	323.216	0.175
1595325357.63968	228.471	0.029	2.325	323.296	0.166
1595325357.67771	228.486	0.030	2.427	323.377	0.170
1595325357.71707	228.557	0.029	2.339	323.377	0.159
1595325357.71771	228.567	0.029	2.309	323.538	0.162
1595325357.71870	228.577	0.027	2.182	323.699	0.154
1595325357.75707	228.647	0.031	2.522	323.457	0.183
1595325357.75771	228.635	0.027	2.163	323.538	0.161
1595325357.79472	228.647	0.027	2.152	323.618	0.151
1595325357.84006	228.637	0.027	2.140	323.538	0.151
1595325357.84171	228.665	0.027	2.155	323.699	0.150
1595325357.85167	228.696	0.028	2.298	323.699	0.169
1595325357.88885	228.696	0.030	2.406	323.779	0.170
1595325357.88968	228.760	0.028	2.242	323.779	0.167
1595325357.90908	228.752	0.028	2.224	323.779	0.159
1595325357.94707	228.801	0.027	2.191	323.618	0.154
1595325357.94771	228.811	0.028	2.316	323.779	0.164
1595325357.95767	228.825	0.028	2.281	323.699	0.167
1595325357.99810	228.841	0.028	2.251	323.779	0.163
1595325358.02007	228.877	0.025	2.022	323.779	0.147
1595325358.04472	228.862	0.025	1.993	323.940	0.144
1595325358.08275	228.830	0.025	1.992	323.860	0.141
1595325358.08366	228.854	0.023	1.834	323.860	0.132
1595325358.12185	228.837	0.023	1.839	323.940	0.132
1595325358.12908	228.845	0.023	1.812	324.021	0.129
1595325358.13772	228.852	0.023	1.791	323.940	0.130
1595325358.17708	228.890	0.023	1.833	323.860	0.131
1595325358.19170	228.853	0.023	1.831	323.860	0.130
1595325358.19881	228.883	0.024	1.868	323.940	0.136
1595325358.23708	228.838	0.024	1.866	323.860	0.139
1595325358.23772	228.860	0.023	1.784	323.779	0.129
1595325358.27509	228.844	0.024	1.911	323.860	0.143
1595325358.31372	228.825	0.026	2.118	323.940	0.151
1595325358.31478	228.871	0.027	2.156	324.101	0.154
1595325358.32773	228.862	0.026	2.045	323.779	0.148
1595325358.34015	228.864	0.030	2.407	323.779	0.180
1595325358.38311	228.853	0.031	2.537	323.860	0.176
1595325358.39174	228.839	0.032	2.570	323.779	0.179
1595325358.39879	228.828	0.033	2.681	323.860	0.188
1595325358.43773	228.851	0.034	2.737	323.860	0.193
1595325358.44710	228.832	0.034	2.733	323.779	0.194
1595325358.45774	228.851	0.033	2.656	323.699	0.191
1595325358.49572	228.835	0.031	2.462	323.779	0.182
1595325358.50777	228.836	0.031	2.500	323.860	0.173
1595325358.54512	228.833	0.031	2.485	323.779	0.176
1595325358.54675	228.772	0.031	2.558	323.779	0.181
1595325358.55774	228.759	0.031	2.504	323.860	0.180
1595325358.59474	228.744	0.027	2.120	323.779	0.162
1595325358.60773	228.780	0.028	2.206	323.699	0.170
1595325358.61882	228.785	0.029	2.376	323.618	0.165
1595325358.65910	228.778	0.031	2.478	323.699	0.175
1595325358.66773	228.872	0.032	2.556	323.860	0.181
1595325358.67780	228.919	0.032	2.660	323.940	0.189
1595325358.71709	228.931	0.027	2.138	323.940	0.153
1595325358.71878	228.912	0.028	2.218	324.021	0.157
1595325358.75710	228.940	0.029	2.379	324.021	0.165
1595325358.76777	228.949	0.025	1.978	324.101	0.143
1595325358.77911	228.911	0.025	1.976	323.940	0.143
1595325358.81673	228.921	0.023	1.833	323.940	0.135
1595325358.82982	228.901	0.023	1.834	324.182	0.132
1595325358.86768	228.937	0.024	1.919	323.940	0.142
1595325358.86857	228.925	0.026	2.120	324.021	0.153
1595325358.87756	228.914	0.026	2.088	324.101	0.157
1595325358.91657	228.937	0.028	2.287	324.101	0.167
1595325358.92854	228.963	0.032	2.542	324.021	0.183
1595325358.93856	228.950	0.030	2.398	324.021	0.169
1595325358.97907	228.930	0.029	2.384	323.860	0.162
1595325358.98874	228.951	0.030	2.401	323.940	0.173
1595325358.99883	228.937	0.029	2.359	323.940	0.164
1595325359.03812	228.988	0.030	2.450	324.021	0.176
1595325359.03880	228.965	0.032	2.551	323.940	0.180
1595325359.07670	228.966	0.032	2.651	323.860	0.179
1595325359.08774	228.955	0.032	2.619	323.860	0.179
1595325359.12484	228.961	0.035	2.853	324.101	0.195
1595325359.12672	228.961	0.029	2.376	324.182	0.173
1595325359.16513	228.958	0.026	2.132	323.940	0.154
1595325359.16679	228.970	0.026	2.098	323.940	0.150
1595325359.18774	228.925	0.026	2.093	323.860	0.148
1595325359.19783	228.898	0.026	2.098	323.860	0.147
1595325359.23482	228.915	0.026	2.135	323.940	0.150
1595325359.24913	228.939	0.026	2.099	323.940	0.147
1595325359.25881	228.933	0.029	2.313	324.101	0.175
1595325359.29810	228.942	0.033	2.716	323.940	0.192
1595325359.31974	228.948	0.030	2.457	324.101	0.171
1595325359.32183	228.962	0.031	2.508	324.101	0.175
1595325359.36110	228.959	0.031	2.538	324.101	0.180
1595325359.36280	228.907	0.031	2.528	324.101	0.180
1595325359.40016	228.903	0.031	2.502	324.021	0.176
1595325359.40876	228.887	0.030	2.417	323.860	0.174
1595325359.41780	228.916	0.026	2.097	324.021	0.148
1595325359.45711	228.911	0.026	2.090	323.940	0.151
1595325359.46813	228.930	0.026	2.079	324.101	0.150
1595325359.47883	228.929	0.026	2.061	324.021	0.153
1595325359.51774	228.950	0.027	2.131	324.021	0.155
1595325359.51892	228.941	0.026	2.065	324.182	0.150
1595325359.55682	228.932	0.026	2.078	323.940	0.146
1595325359.57513	228.968	0.026	2.110	324.101	0.152
1595325359.58282	228.936	0.022	1.768	324.021	0.128
1595325359.62075	228.905	0.022	1.798	323.940	0.131
1595325359.62787	228.934	0.022	1.737	324.021	0.126
1595325359.64014	228.938	0.022	1.716	323.940	0.130
1595325359.68013	228.965	0.022	1.730	324.101	0.126
1595325359.68178	228.933	0.022	1.735	323.940	0.126
1595325359.71975	228.956	0.022	1.747	323.940	0.126
1595325359.75886	228.943	0.022	1.703	324.101	0.126
1595325359.75968	228.972	0.022	1.761	324.021	0.130
1595325359.76916	228.974	0.022	1.724	323.940	0.131
1595325359.81915	228.937	0.022	1.718	323.940	0.128
1595325359.81979	228.987	0.022	1.698	324.021	0.128
1595325359.82875	228.988	0.022	1.734	324.021	0.123
1595325359.83790	228.973	0.022	1.725	324.021	0.127
1595325359.87514	228.958	0.022	1.676	324.021	0.126
1595325359.88777	229.017	0.022	1.751	323.940	0.127
1595325359.89779	229.039	0.022	1.718	324.101	0.124
1595325359.93779	229.004	0.022	1.716	324.021	0.126
1595325359.94814	229.038	0.022	1.725	324.021	0.128
1595325359.95780	229.034	0.022	1.771	324.101	0.129
1595325360.00516	229.022	0.022	1.702	324.101	0.126
1595325360.01781	228.996	0.022	1.724	324.021	0.131
1595325360.05619	229.020	0.022	1.718	324.101	0.122
1595325360.05781	229.011	0.022	1.719	323.940	0.124
1595325360.09815	228.983	0.022	1.718	324.021	0.127
1595325360.10916	229.005	0.022	1.740	324.182	0.129
1595325360.11884	229.026	0.022	1.732	323.940	0.129
1595325360.15715	229.057	0.022	1.719	323.940	0.127
1595325360.15881	229.149	0.022	1.750	324.101	0.129
1595325360.19716	229.164	0.022	1.740	324.182	0.126
1595325360.19779	229.159	0.023	1.791	324.262	0.128
1595325360.24877	229.157	0.022	1.754	324.262	0.124
1595325360.25287	229.134	0.021	1.708	324.182	0.128
1595325360.26374	229.167	0.022	1.761	324.262	0.128
1595325360.30218	229.150	0.022	1.674	324.262	0.123
1595325360.31716	229.180	0.022	1.722	324.343	0.127
1595325360.35382	229.166	0.022	1.760	324.182	0.128
1595325360.35777	229.181	0.022	1.717	324.262	0.126
1595325360.39517	229.136	0.022	1.742	324.182	0.129
1595325360.40580	229.165	0.022	1.729	324.182	0.129
1595325360.41783	229.160	0.022	1.789	324.262	0.131
1595325360.45682	229.138	0.022	1.709	324.343	0.126
1595325360.47582	229.164	0.022	1.734	324.262	0.129
1595325360.48866	229.167	0.022	1.729	324.343	0.127
1595325360.53175	229.129	0.021	1.682	324.262	0.128
1595325360.53263	229.064	0.022	1.696	324.262	0.127
1595325360.55388	229.114	0.023	1.763	324.262	0.132
1595325360.56617	229.099	0.022	1.705	324.262	0.133
1595325360.60418	229.069	0.022	1.716	324.262	0.129
1595325360.60482	229.064	0.022	1.729	324.182	0.131
1595325360.61578	229.111	0.022	1.722	324.343	0.123
1595325360.65419	229.103	0.022	1.724	324.423	0.124
1595325360.65483	229.077	0.022	1.714	324.182	0.124
1595325360.69320	229.095	0.022	1.723	324.343	0.133
1595325360.70383	229.083	0.021	1.713	324.182	0.124
1595325360.74082	229.060	0.022	1.714	324.101	0.126
1595325360.74281	229.053	0.022	1.698	324.101	0.126
1595325360.78279	229.028	0.022	1.711	324.101	0.129
1595325360.78378	228.985	0.022	1.691	324.021	0.123
1595325360.79619	228.992	0.022	1.737	324.021	0.127
1595325360.83387	228.972	0.022	1.714	323.860	0.129
1595325360.83479	228.995	0.022	1.748	324.101	0.127
1595325360.87283	229.070	0.022	1.799	324.021	0.128
1595325360.91519	229.200	0.022	1.767	324.182	0.124
1595325360.91783	229.180	0.022	1.736	324.182	0.127
1595325360.95619	229.197	0.022	1.744	324.343	0.126
1595325360.96484	229.229	0.022	1.735	324.343	0.127
1595325360.97783	229.199	0.022	1.785	324.343	0.129
1595325361.01620	229.207	0.022	1.721	324.504	0.127
1595325361.01786	229.198	0.022	1.730	324.504	0.131
1595325361.06119	229.130	0.022	1.713	324.343	0.131
1595325361.06284	229.142	0.022	1.694	324.423	0.129
1595325361.09985	229.164	0.022	1.748	324.423	0.133
1595325361.10484	229.172	0.022	1.719	324.504	0.131
1595325361.14377	229.199	0.022	1.737	324.504	0.126
1595325361.14475	229.211	0.022	1.707	324.423	0.130
1595325361.15620	229.192	0.022	1.714	324.504	0.132
1595325361.20421	229.127	0.022	1.717	324.343	0.128
1595325361.24419	229.139	0.022	1.697	324.262	0.130
1595325361.24486	229.164	0.022	1.752	324.182	0.124
1595325361.28288	229.192	0.022	1.749	324.423	0.129
1595325361.28481	229.211	0.022	1.709	324.343	0.129
1595325361.29894	229.173	0.022	1.706	324.343	0.124
1595325361.33597	229.209	0.022	1.725	324.343	0.128
1595325361.33776	229.189	0.022	1.739	324.343	0.127
1595325361.37522	229.179	0.022	1.685	324.262	0.123
1595325361.38422	229.189	0.022	1.776	324.504	0.128
1595325361.42122	229.233	0.021	1.721	324.504	0.123
1595325361.43420	229.233	0.022	1.707	324.343	0.124
1595325361.47086	229.255	0.022	1.777	324.423	0.128
1595325361.47284	229.269	0.022	1.728	324.504	0.128
1595325361.47380	229.218	0.022	1.712	324.504	0.128
1595325361.51326	229.227	0.022	1.741	324.423	0.130
1595325361.53022	229.290	0.022	1.733	324.423	0.124
1595325361.53586	229.300	0.022	1.728	324.584	0.124
1595325361.57485	229.269	0.022	1.744	324.504	0.124
1595325361.58785	229.266	0.022	1.716	324.423	0.131
1595325361.59788	229.271	0.022	1.731	324.584	0.130
1595325361.63820	229.270	0.022	1.690	324.504	0.129
1595325361.64686	229.278	0.022	1.767	324.584	0.128
1595325361.65786	229.257	0.022	1.726	324.423	0.128
1595325361.69621	229.278	0.022	1.712	324.423	0.127
1595325361.69786	229.262	0.022	1.712	324.584	0.128
1595325361.73522	229.275	0.022	1.738	324.665	0.130
1595325361.78124	229.295	0.022	1.712	324.504	0.129
1595325361.78286	229.274	0.022	1.705	324.584	0.126
1595325361.82024	229.311	0.022	1.736	324.504	0.128
1595325361.82087	229.270	0.022	1.684	324.584	0.126
1595325361.86984	229.262	0.022	1.702	324.504	0.124
1595325361.87096	229.278	0.022	1.682	324.343	0.128
1595325361.87781	229.325	0.022	1.734	324.343	0.128
1595325361.91523	229.304	0.022	1.742	324.504	0.127
1595325361.92387	229.304	0.022	1.694	324.584	0.127
1595325361.96127	229.270	0.022	1.745	324.423	0.129
1595325361.96382	229.284	0.022	1.711	324.343	0.127
1595325362.00095	229.296	0.022	1.725	324.423	0.126
1595325362.00394	229.294	0.022	1.719	324.504	0.122
1595325362.02023	229.281	0.022	1.756	324.343	0.127
1595325362.05789	229.285	0.022	1.743	324.504	0.126
1595325362.07824	229.282	0.022	1.695	324.584	0.131
1595325362.11503	229.289	0.022	1.729	324.504	0.129
1595325362.12622	229.297	0.022	1.725	324.504	0.127
1595325362.13589	229.223	0.022	1.683	324.423	0.123
1595325362.17503	229.242	0.022	1.739	324.504	0.129
1595325362.18583	229.189	0.022	1.719	324.423	0.133
1595325362.19802	229.185	0.022	1.720	324.423	0.131
1595325362.23522	229.146	0.022	1.689	324.504	0.127
1595325362.23589	229.100	0.022	1.709	324.262	0.129
1595325362.27425	229.066	0.022	1.720	324.262	0.131
1595325362.29186	229.083	0.022	1.730	324.262	0.129
1595325362.29896	229.101	0.022	1.724	324.423	0.127
1595325362.33823	229.091	0.022	1.718	324.182	0.127
1595325362.34787	229.107	0.022	1.766	324.343	0.127
1595325362.35790	229.095	0.022	1.704	324.182	0.124
1595325362.39624	229.101	0.022	1.750	324.101	0.124
1595325362.39788	229.104	0.022	1.720	324.182	0.130
1595325362.43524	229.095	0.022	1.724	324.262	0.123
1595325362.45426	229.125	0.022	1.764	324.262	0.124
1595325362.49091	229.103	0.022	1.706	324.343	0.121
1595325362.49387	229.035	0.022	1.690	324.182	0.124
1595325362.51894	228.995	0.022	1.699	324.101	0.129
1595325362.56319	229.056	0.022	1.753	324.262	0.129
1595325362.60091	229.011	0.022	1.700	324.343	0.126
1595325362.60387	228.995	0.022	1.710	324.182	0.128
1595325362.62928	229.022	0.022	1.723	324.262	0.124
1595325362.66825	229.017	0.022	1.730	324.262	0.129
1595325362.66985	229.061	0.022	1.743	324.262	0.128
1595325362.67903	229.072	0.022	1.701	324.182	0.127
1595325362.71584	229.077	0.022	1.742	324.343	0.122
1595325362.71783	229.100	0.022	1.730	324.423	0.124
1595325362.75526	229.089	0.022	1.725	324.262	0.134
1595325362.76889	229.139	0.022	1.730	324.423	0.126
1595325362.77791	229.125	0.022	1.741	324.423	0.129
1595325362.81589	229.102	0.022	1.707	324.504	0.128
1595325362.82799	229.088	0.022	1.716	324.343	0.128
1595325362.83784	229.093	0.022	1.729	324.343	0.126
1595325362.87533	229.103	0.022	1.706	324.343	0.126
1595325362.88526	229.102	0.022	1.748	324.343	0.127
1595325362.89793	229.109	0.022	1.749	324.262	0.126
1595325362.93527	229.117	0.022	1.705	324.262	0.126
1595325362.94092	229.123	0.022	1.716	324.343	0.126
1595325362.98125	229.109	0.024	1.867	324.423	0.138
1595325362.98389	229.117	0.021	1.687	324.262	0.127
1595325363.02098	229.132	0.022	1.729	324.262	0.123
1595325363.02386	229.139	0.022	1.781	324.343	0.127
1595325363.03638	229.081	0.022	1.706	324.423	0.129
1595325363.07490	229.064	0.022	1.741	324.182	0.126
1595325363.08589	229.059	0.021	1.679	324.262	0.124
1595325363.09790	229.049	0.022	1.720	324.182	0.126
1595325363.14627	229.069	0.022	1.712	324.423	0.124
1595325363.14892	229.067	0.022	1.716	324.262	0.122
1595325363.15792	229.045	0.022	1.724	324.262	0.126
1595325363.19527	229.011	0.022	1.721	324.343	0.127
1595325363.19592	228.975	0.022	1.732	324.262	0.126
1595325363.23390	229.012	0.022	1.740	324.423	0.128
1595325363.28327	229.005	0.022	1.735	324.423	0.127
1595325363.28393	228.953	0.022	1.696	324.182	0.123
1595325363.28587	228.935	0.022	1.715	324.101	0.128
1595325363.29628	228.939	0.022	1.690	324.101	0.126
1595325363.33833	228.951	0.022	1.735	324.101	0.128
1595325363.35828	228.936	0.022	1.727	324.262	0.121
1595325363.39529	228.943	0.022	1.678	324.262	0.126
1595325363.40591	228.963	0.022	1.763	324.182	0.129
1595325363.41797	228.939	0.022	1.734	324.182	0.127
1595325363.45628	228.966	0.022	1.748	324.182	0.127
1595325363.46592	228.993	0.022	1.740	324.101	0.124
1595325363.47794	228.985	0.022	1.724	324.182	0.123
1595325363.51629	228.975	0.022	1.698	324.182	0.122
1595325363.51794	228.943	0.022	1.712	324.021	0.128
1595325363.55496	228.892	0.022	1.706	323.860	0.126
1595325363.56629	228.879	0.021	1.675	323.779	0.129
1595325363.57794	228.888	0.022	1.682	323.860	0.129
1595325363.61590	228.884	0.022	1.728	323.779	0.124
1595325363.62903	228.911	0.022	1.747	324.021	0.126
1595325363.66629	228.941	0.022	1.758	324.101	0.127
1595325363.66891	228.946	0.022	1.818	324.101	0.130
1595325363.67801	228.954	0.022	1.747	324.101	0.122
1595325363.71586	228.945	0.022	1.753	324.182	0.128
1595325363.72634	228.910	0.022	1.756	324.262	0.124
1595325363.73931	228.870	0.022	1.732	324.021	0.130
1595325363.77830	228.888	0.022	1.751	324.101	0.126
1595325363.78792	228.907	0.022	1.758	324.182	0.127
1595325363.79899	228.968	0.022	1.729	324.343	0.126
1595325363.83896	229.014	0.022	1.747	324.262	0.124
1595325363.83980	229.015	0.022	1.740	324.262	0.126
1595325363.87792	229.021	0.022	1.710	324.262	0.126
1595325363.88811	229.005	0.022	1.723	324.182	0.128
1595325363.89809	229.005	0.022	1.724	324.343	0.126
1595325363.93930	228.985	0.022	1.725	324.343	0.124
1595325363.94793	228.990	0.022	1.731	324.343	0.126
1595325363.95600	229.039	0.022	1.734	324.262	0.126
1595325364.01231	229.029	0.022	1.713	324.423	0.129
1595325364.01395	229.017	0.022	1.723	324.343	0.126
1595325364.01491	229.046	0.022	1.751	324.343	0.124
1595325364.05429	229.071	0.022	1.742	324.504	0.128
1595325364.06595	229.060	0.022	1.754	324.504	0.123
1595325364.10631	229.103	0.022	1.730	324.504	0.126
1595325364.11596	229.098	0.022	1.766	324.745	0.128
1595325364.15611	229.119	0.022	1.701	324.504	0.120
1595325364.15798	229.119	0.022	1.700	324.423	0.124
1595325364.19632	229.034	0.021	1.670	324.262	0.124
1595325364.20594	229.039	0.022	1.710	324.423	0.128
1595325364.21600	229.009	0.021	1.691	324.262	0.122
1595325364.25531	229.002	0.022	1.729	324.262	0.123
1595325364.26630	229.038	0.022	1.743	324.423	0.124
1595325364.27596	229.033	0.022	1.743	324.584	0.127
1595325364.31533	229.022	0.022	1.731	324.343	0.131
1595325364.31593	229.043	0.022	1.763	324.423	0.128
1595325364.35394	228.992	0.022	1.710	324.423	0.128
1595325364.39834	228.979	0.022	1.695	324.423	0.124
1595325364.39899	228.985	0.022	1.751	324.262	0.124
1595325364.42032	228.988	0.022	1.726	324.262	0.129
1595325364.43395	229.028	0.022	1.771	324.343	0.133
1595325364.44401	229.013	0.022	1.715	324.423	0.130
1595325364.46598	229.007	0.022	1.734	324.343	0.121
1595325364.50534	229.026	0.022	1.723	324.343	0.126
1595325364.50597	229.048	0.022	1.708	324.343	0.122
1595325364.54632	229.040	0.022	1.756	324.504	0.126
1595325364.56734	229.058	0.022	1.719	324.423	0.128
1595325364.58633	229.059	0.022	1.723	324.423	0.128
1595325364.62399	229.019	0.022	1.709	324.262	0.124
1595325364.62594	229.063	0.022	1.754	324.343	0.127
1595325364.63608	229.044	0.022	1.712	324.262	0.126
1595325364.67531	229.011	0.022	1.735	324.262	0.127
1595325364.68632	229.034	0.022	1.703	324.182	0.127
1595325364.69598	228.990	0.022	1.736	324.182	0.132
1595325364.73494	228.997	0.022	1.740	324.182	0.122
1595325364.74606	229.033	0.022	1.741	324.262	0.129
1595325364.75591	229.083	0.022	1.725	324.423	0.128
1595325364.79535	229.053	0.022	1.773	324.343	0.124
1595325364.79599	229.063	0.022	1.732	324.262	0.128
1595325364.83396	229.065	0.022	1.727	324.262	0.124
1595325364.84795	229.100	0.022	1.752	324.343	0.124
1595325364.85808	229.112	0.022	1.698	324.504	0.121
1595325364.89634	229.102	0.022	1.706	324.504	0.124
1595325364.90834	229.086	0.022	1.711	324.423	0.126
1595325364.91801	229.085	0.022	1.738	324.343	0.127
1595325364.95735	229.098	0.022	1.690	324.343	0.121
1595325364.95899	229.100	0.022	1.733	324.423	0.130
1595325364.99835	229.116	0.022	1.724	324.423	0.127
1595325365.03633	229.116	0.022	1.732	324.423	0.132
1595325365.03799	229.118	0.022	1.694	324.504	0.131
1595325365.04795	229.124	0.022	1.746	324.504	0.128
1595325365.09835	229.111	0.022	1.745	324.423	0.120
1595325365.09999	229.166	0.022	1.748	324.423	0.123
1595325365.10895	229.012	0.022	1.720	324.343	0.129
1595325365.11809	228.918	0.022	1.719	324.343	0.126
1595325365.15512	228.856	0.022	1.710	324.262	0.123
1595325365.16636	228.908	0.022	1.754	324.343	0.124
1595325365.17801	228.900	0.022	1.755	324.262	0.127
1595325365.22337	228.841	0.021	1.666	324.182	0.124
1595325365.23601	228.848	0.022	1.701	324.262	0.123
1595325365.27497	228.862	0.022	1.722	324.182	0.129
1595325365.27608	228.857	0.022	1.745	324.182	0.124
1595325365.31535	228.876	0.022	1.728	324.262	0.122
1595325365.32602	228.893	0.022	1.728	324.423	0.122
1595325365.33634	228.860	0.022	1.728	324.182	0.127
1595325365.37441	228.891	0.022	1.739	324.423	0.127
1595325365.37602	228.883	0.022	1.728	324.343	0.124
1595325365.39837	228.875	0.022	1.740	324.343	0.128
1595325365.43835	228.870	0.022	1.730	324.504	0.129
1595325365.44101	228.891	0.022	1.711	324.423	0.129
1595325365.47896	228.861	0.022	1.765	324.423	0.130
1595325365.47996	228.886	0.022	1.699	324.343	0.124
1595325365.51910	228.881	0.022	1.716	324.423	0.128
1595325365.51994	228.803	0.022	1.698	324.262	0.128
1595325365.56738	228.835	0.022	1.760	324.343	0.127
1595325365.58799	228.817	0.022	1.721	324.504	0.132
1595325365.59806	228.791	0.022	1.695	324.343	0.129
1595325365.63597	228.819	0.022	1.726	324.343	0.126
1595325365.63811	228.787	0.022	1.704	324.262	0.126
1595325365.67536	228.787	0.022	1.737	324.262	0.129
1595325365.69500	228.807	0.022	1.706	324.262	0.132
1595325365.69805	228.781	0.022	1.705	324.343	0.129
1595325365.73538	228.661	0.022	1.662	324.101	0.123
1595325365.74600	228.730	0.022	1.721	324.021	0.127
1595325365.75602	228.713	0.023	1.734	324.182	0.129
1595325365.79397	228.671	0.022	1.694	324.021	0.129
1595325365.80036	228.674	0.022	1.699	324.021	0.129
1595325365.83843	228.645	0.022	1.696	324.021	0.128
1595325365.88139	228.670	0.022	1.719	324.182	0.127
1595325365.88303	228.634	0.022	1.702	323.940	0.123
1595325365.88396	228.627	0.022	1.738	324.101	0.130
1595325365.89496	228.629	0.022	1.734	324.101	0.130
1595325365.93438	228.600	0.022	1.691	323.940	0.127
1595325365.93503	228.602	0.022	1.705	324.021	0.127
1595325365.97301	228.598	0.022	1.699	323.940	0.126
1595325365.98009	228.606	0.022	1.689	323.860	0.124
1595325366.01840	228.619	0.022	1.750	323.860	0.128
1595325366.01905	228.591	0.022	1.704	323.779	0.127
1595325366.05640	228.528	0.022	1.716	323.779	0.129
1595325366.06601	228.523	0.022	1.699	323.779	0.129
1595325366.07808	228.537	0.023	1.731	323.779	0.131
1595325366.11608	228.534	0.022	1.705	323.860	0.123
1595325366.12739	228.520	0.022	1.692	323.618	0.132
1595325366.13604	228.517	0.022	1.716	323.779	0.128
1595325366.17440	228.516	0.022	1.723	323.779	0.124
1595325366.18604	228.503	0.022	1.687	323.699	0.123
1595325366.19803	228.478	0.022	1.713	323.699	0.128
1595325366.23638	228.440	0.022	1.702	323.699	0.130
1595325366.23803	228.467	0.022	1.683	323.538	0.128
1595325366.27502	228.474	0.022	1.691	323.457	0.129
1595325366.27609	228.483	0.022	1.736	323.538	0.121
1595325366.31641	228.487	0.022	1.694	323.538	0.123
1595325366.36040	228.536	0.022	1.751	323.377	0.124
1595325366.36105	228.509	0.022	1.713	323.538	0.127
1595325366.36298	228.482	0.022	1.701	323.457	0.126
1595325366.41341	228.509	0.022	1.768	323.538	0.127
1595325366.41505	228.516	0.022	1.697	323.377	0.123
1595325366.41597	228.542	0.022	1.786	323.538	0.123
1595325366.45500	228.612	0.022	1.704	323.538	0.122
1595325366.45614	228.587	0.022	1.723	323.538	0.126
1595325366.49609	228.592	0.022	1.754	323.538	0.128
1595325366.49798	228.605	0.022	1.757	323.779	0.126
1595325366.53543	228.649	0.022	1.724	323.699	0.126
1595325366.57306	228.663	0.022	1.747	323.779	0.122
1595325366.57403	228.663	0.022	1.705	323.618	0.130
1595325366.57500	228.661	0.022	1.718	323.618	0.129
1595325366.61305	228.626	0.022	1.715	323.699	0.127
1595325366.61505	228.645	0.022	1.752	323.538	0.128
1595325366.65342	228.704	0.022	1.740	323.699	0.121
1595325366.65505	228.658	0.022	1.732	323.699	0.123
1595325366.69305	228.658	0.022	1.704	323.699	0.123
1595325366.70540	228.652	0.022	1.735	323.699	0.127
1595325366.71606	228.637	0.022	1.713	323.538	0.123
1595325366.75540	228.640	0.022	1.703	323.538	0.128
1595325366.75606	228.662	0.022	1.723	323.618	0.127
1595325366.79405	228.701	0.022	1.728	323.538	0.124
1595325366.84242	228.704	0.022	1.692	323.538	0.127
1595325366.84407	228.710	0.022	1.775	323.779	0.127
1595325366.88101	228.706	0.022	1.690	323.538	0.126
1595325366.88302	228.692	0.022	1.738	323.618	0.122
1595325366.92118	228.712	0.022	1.751	323.618	0.127
1595325366.92300	228.707	0.022	1.777	323.699	0.130
1595325366.93641	228.720	0.022	1.689	323.699	0.126
1595325366.97443	228.734	0.022	1.747	323.699	0.124
1595325366.97507	228.711	0.022	1.739	323.618	0.124
1595325367.01302	228.709	0.022	1.740	323.618	0.124
1595325367.05845	228.710	0.022	1.737	323.779	0.124
1595325367.06009	228.723	0.022	1.714	323.618	0.127
1595325367.06100	228.698	0.022	1.737	323.618	0.124
1595325367.09943	228.689	0.022	1.743	323.699	0.126
1595325367.10007	228.679	0.022	1.714	323.618	0.128
1595325367.13841	228.747	0.022	1.736	323.538	0.126
1595325367.14392	228.747	0.022	1.721	323.699	0.129
1595325367.15599	228.712	0.022	1.724	323.940	0.124
1595325367.19400	228.728	0.022	1.706	323.779	0.128
1595325367.19989	228.684	0.022	1.676	323.779	0.122
1595325367.23822	228.639	0.022	1.696	323.699	0.128
1595325367.27643	228.653	0.022	1.698	323.538	0.123
1595325367.27808	228.600	0.022	1.702	323.538	0.130
1595325367.28603	228.572	0.022	1.735	323.618	0.123
1595325367.29619	228.569	0.022	1.713	323.538	0.131
1595325367.33450	228.556	0.022	1.726	323.538	0.123
1595325367.35645	228.599	0.022	1.697	323.296	0.122
1595325367.39446	228.569	0.022	1.709	323.377	0.132
1595325367.40508	228.570	0.021	1.703	323.457	0.123
1595325367.41506	228.572	0.022	1.736	323.377	0.128
1595325367.45346	228.569	0.022	1.714	323.377	0.126
1595325367.49144	228.533	0.022	1.738	323.377	0.122
1595325367.51007	228.542	0.022	1.712	323.296	0.130
1595325367.51915	228.530	0.022	1.691	323.296	0.128
1595325367.55845	229.103	0.023	1.924	323.860	0.129
1595325367.57646	229.208	0.022	1.785	324.423	0.128
1595325367.61545	229.220	0.022	1.769	324.504	0.127
1595325367.62507	229.210	0.022	1.760	324.423	0.128
1595325367.63610	229.146	0.022	1.743	324.584	0.127
1595325367.67444	229.291	0.022	1.764	324.665	0.123
1595325367.67508	229.342	0.022	1.750	324.665	0.122
1595325367.71305	229.284	0.022	1.704	324.745	0.122
1595325367.73546	229.286	0.022	1.708	324.745	0.124
1595325367.74811	229.291	0.022	1.711	324.825	0.126
1595325367.78645	229.337	0.022	1.740	324.906	0.126
1595325367.78814	229.244	0.021	1.660	324.825	0.126
1595325367.83324	229.135	0.022	1.698	324.584	0.128
1595325367.84045	229.144	0.022	1.731	324.665	0.128
1595325367.87846	229.113	0.021	1.703	324.504	0.132
1595325367.89502	229.137	0.022	1.701	324.665	0.124
1595325367.93402	229.106	0.022	1.728	324.423	0.122
1595325367.94546	229.155	0.022	1.731	324.504	0.126
1595325367.95511	229.140	0.022	1.744	324.665	0.127
1595325367.99445	229.161	0.022	1.712	324.504	0.127
1595325367.99511	229.199	0.022	1.735	324.745	0.124
1595325368.03309	229.177	0.022	1.713	324.584	0.130
1595325368.04512	229.125	0.022	1.705	324.504	0.129
1595325368.05511	229.135	0.022	1.723	324.584	0.129
1595325368.09445	229.144	0.022	1.726	324.584	0.124
1595325368.13146	229.105	0.022	1.719	324.504	0.123
1595325368.13313	229.116	0.022	1.760	324.584	0.129
1595325368.18348	229.183	0.022	1.724	324.745	0.122
1595325368.18513	229.120	0.022	1.745	324.665	0.129
1595325368.19508	229.138	0.022	1.757	324.906	0.130
1595325368.21647	229.093	0.022	1.705	324.745	0.129
1595325368.25546	229.113	0.022	1.684	324.745	0.123
1595325368.26647	229.025	0.022	1.673	324.584	0.124
1595325368.27612	228.999	0.022	1.685	324.423	0.124
1595325368.31411	228.996	0.022	1.706	324.343	0.129
1595325368.31504	228.992	0.022	1.726	324.343	0.128
1595325368.35449	228.966	0.022	1.744	324.343	0.126
1595325368.36747	228.993	0.022	1.722	324.343	0.124
1595325368.37646	228.992	0.022	1.737	324.504	0.126
1595325368.41949	229.003	0.022	1.692	324.504	0.122
1595325368.46611	228.998	0.022	1.708	324.423	0.128
1595325368.47011	228.993	0.022	1.736	324.423	0.124
1595325368.47616	229.005	0.022	1.734	324.262	0.126
1595325368.51414	228.987	0.022	1.701	324.343	0.124
1595325368.52513	228.992	0.022	1.695	324.423	0.124
1595325368.53514	228.950	0.022	1.707	324.262	0.129
1595325368.57448	228.924	0.022	1.694	324.182	0.127
1595325368.58547	228.949	0.022	1.726	324.182	0.123
1595325368.59512	228.917	0.022	1.723	324.262	0.126
1595325368.63355	228.937	0.022	1.723	324.343	0.128
1595325368.67550	228.944	0.022	1.762	324.343	0.129
1595325368.68549	228.966	0.022	1.725	324.262	0.124
1595325368.69814	228.903	0.022	1.691	324.262	0.126
1595325368.73609	228.873	0.022	1.682	324.262	0.129
1595325368.74924	228.895	0.022	1.749	324.262	0.128
1595325368.78651	228.896	0.022	1.737	324.343	0.126
1595325368.78911	228.920	0.022	1.759	324.343	0.126
1595325368.79617	228.901	0.022	1.704	324.262	0.128
1595325368.83407	228.911	0.022	1.701	324.262	0.127
1595325368.84548	228.894	0.022	1.757	324.262	0.128
1595325368.85513	228.944	0.022	1.726	324.343	0.129
1595325368.89448	228.922	0.022	1.708	324.182	0.126
1595325368.90512	228.890	0.022	1.716	324.343	0.127
1595325368.91511	228.901	0.022	1.756	324.423	0.129
1595325368.95406	228.943	0.022	1.726	324.343	0.128
1595325368.95530	228.917	0.022	1.729	324.262	0.124
1595325368.99353	228.941	0.022	1.753	324.182	0.131
1595325369.01650	228.947	0.022	1.694	324.182	0.123
1595325369.05512	228.952	0.022	1.765	324.182	0.124
1595325369.06653	228.932	0.022	1.718	324.182	0.128
1595325369.07820	228.931	0.022	1.741	324.262	0.127
1595325369.12250	228.919	0.022	1.734	324.343	0.124
1595325369.16052	228.987	0.022	1.723	324.343	0.123
1595325369.16211	228.966	0.022	1.719	324.423	0.124
1595325369.20052	228.964	0.022	1.743	324.504	0.130
1595325369.20212	228.984	0.022	1.757	324.504	0.128
1595325369.21523	228.947	0.022	1.697	324.343	0.128
1595325369.25308	228.948	0.022	1.755	324.504	0.127
1595325369.26551	228.935	0.022	1.689	324.343	0.129
1595325369.27519	228.955	0.022	1.735	324.343	0.130
1595325369.31352	228.946	0.022	1.719	324.423	0.132
1595325369.33553	228.966	0.022	1.698	324.343	0.127
1595325369.37351	228.932	0.022	1.734	324.423	0.128
1595325369.38557	228.936	0.022	1.679	324.343	0.131
1595325369.39550	228.961	0.022	1.719	324.262	0.127
1595325369.44053	228.945	0.022	1.724	324.423	0.124
1595325369.47717	229.005	0.022	1.729	324.343	0.122
1595325369.52152	228.985	0.022	1.703	324.423	0.124
1595325369.52217	228.953	0.022	1.728	324.262	0.129
1595325369.52550	228.976	0.022	1.731	324.423	0.124
1595325369.53917	229.056	0.022	1.761	324.262	0.124
1595325369.57712	229.041	0.022	1.709	324.343	0.123
1595325369.58551	229.022	0.022	1.718	324.423	0.128
1595325369.59517	229.068	0.022	1.738	324.423	0.124
1595325369.63253	229.045	0.022	1.755	324.423	0.127
1595325369.64552	229.072	0.022	1.731	324.343	0.128
1595325369.65517	229.072	0.022	1.715	324.343	0.127
1595325369.69352	229.068	0.022	1.714	324.423	0.123
1595325369.70551	229.046	0.022	1.725	324.343	0.123
1595325369.71517	229.038	0.022	1.741	324.504	0.133
1595325369.75714	229.097	0.022	1.697	324.423	0.127
1595325369.75925	229.103	0.022	1.720	324.423	0.124
1595325369.79654	229.117	0.022	1.711	324.504	0.127
1595325369.80652	229.131	0.022	1.731	324.665	0.129
1595325369.81517	229.111	0.022	1.718	324.504	0.124
1595325369.85352	229.088	0.022	1.744	324.665	0.129
1595325369.89253	229.072	0.022	1.737	324.665	0.132
1595325369.89417	229.103	0.022	1.690	324.584	0.128
1595325369.93359	229.109	0.022	1.786	324.584	0.122
1595325369.93518	229.149	0.022	1.722	324.504	0.126
1595325369.93617	229.123	0.022	1.724	324.504	0.130
1595325369.97653	229.145	0.022	1.739	324.584	0.127
1595325369.97718	229.134	0.022	1.737	324.504	0.127
1595325370.01653	229.131	0.022	1.739	324.665	0.128
1595325370.03055	229.144	0.022	1.741	324.665	0.127
1595325370.06717	229.117	0.022	1.722	324.584	0.127
1595325370.07014	229.139	0.022	1.739	324.665	0.129
1595325370.08132	229.157	0.022	1.755	324.665	0.127
1595325370.11955	229.145	0.022	1.736	324.665	0.124
1595325370.12115	229.205	0.022	1.735	324.745	0.129
1595325370.15956	229.172	0.022	1.723	324.584	0.123
1595325370.16116	229.210	0.022	1.769	324.745	0.129
1595325370.19927	229.235	0.022	1.730	324.825	0.130
1595325370.20011	229.269	0.022	1.706	324.986	0.127
1595325370.23954	229.234	0.022	1.725	324.745	0.127
1595325370.24019	229.291	0.023	1.778	324.906	0.130
1595325370.27716	229.315	0.022	1.748	324.825	0.128
1595325370.28517	229.299	0.022	1.711	324.745	0.128
1595325370.29514	229.288	0.022	1.718	324.745	0.126
1595325370.34161	229.272	0.022	1.709	324.825	0.131
1595325370.38261	229.285	0.022	1.694	324.986	0.130
1595325370.38417	229.256	0.022	1.728	324.665	0.129
1595325370.39555	229.252	0.022	1.725	324.825	0.130
1595325370.43257	229.223	0.021	1.656	324.745	0.127
1595325370.44518	229.129	0.022	1.721	324.665	0.127
1595325370.45522	229.174	0.022	1.732	324.665	0.124
1595325370.49320	229.180	0.022	1.730	324.665	0.131
1595325370.50521	229.165	0.022	1.719	324.665	0.127
1595325370.51538	229.135	0.022	1.708	324.665	0.126
1595325370.55334	229.131	0.022	1.772	324.665	0.123
1595325370.55520	229.147	0.022	1.723	324.665	0.127
1595325370.59258	229.096	0.022	1.698	324.745	0.127
1595325370.60701	229.108	0.022	1.739	324.665	0.127
1595325370.61655	229.097	0.022	1.716	324.504	0.127
1595325370.65506	229.114	0.022	1.716	324.665	0.127
1595325370.66501	229.068	0.022	1.744	324.665	0.128
1595325370.67502	229.074	0.022	1.722	324.423	0.127
1595325370.72256	229.075	0.022	1.732	324.665	0.128
1595325370.76157	229.061	0.022	1.719	324.584	0.123
1595325370.76521	229.024	0.022	1.702	324.584	0.127
1595325370.77655	229.039	0.022	1.714	324.584	0.128
1595325370.80656	229.011	0.022	1.711	324.584	0.131
1595325370.82534	229.006	0.022	1.713	324.665	0.131
1595325370.83535	229.049	0.022	1.753	324.584	0.132
1595325370.87357	229.082	0.022	1.723	324.584	0.127
1595325370.87522	229.037	0.022	1.692	324.665	0.123
1595325370.91217	229.017	0.022	1.738	324.584	0.128
1595325370.92558	229.051	0.022	1.709	324.584	0.124
1595325370.93544	229.082	0.022	1.749	324.665	0.128
1595325370.97358	229.087	0.022	1.743	324.665	0.122
1595325370.98520	229.075	0.021	1.705	324.504	0.121
1595325370.99528	229.078	0.022	1.708	324.584	0.124
1595325371.03357	229.078	0.022	1.691	324.584	0.126
1595325371.03519	229.017	0.022	1.707	324.584	0.129
1595325371.07216	229.034	0.022	1.722	324.584	0.123
1595325371.12058	229.043	0.022	1.728	324.745	0.123
1595325371.12122	229.031	0.022	1.737	324.745	0.123
1595325371.12955	228.976	0.022	1.720	324.423	0.130
1595325371.16758	228.998	0.022	1.730	324.504	0.129
1595325371.17427	228.967	0.022	1.712	324.665	0.127
1595325371.21560	228.838	0.022	1.709	324.423	0.129
1595325371.21621	228.932	0.022	1.753	324.423	0.122
1595325371.21718	228.956	0.022	1.749	324.584	0.132
1595325371.25657	228.971	0.022	1.708	324.504	0.129
1595325371.25723	228.934	0.022	1.709	324.504	0.128
1595325371.29619	228.917	0.022	1.724	324.665	0.131
1595325371.29736	228.957	0.022	1.712	324.504	0.128
1595325371.33534	228.964	0.022	1.704	324.584	0.128
1595325371.33615	228.964	0.022	1.749	324.504	0.129
1595325371.37460	228.987	0.022	1.732	324.584	0.127
1595325371.38021	228.976	0.022	1.695	324.584	0.129
1595325371.41961	228.958	0.022	1.712	324.665	0.126
1595325371.42024	228.942	0.022	1.698	324.665	0.126
1595325371.45960	229.023	0.022	1.749	324.665	0.126
1595325371.46024	229.006	0.021	1.714	324.665	0.127
1595325371.49720	229.000	0.022	1.764	324.665	0.128
1595325371.50420	228.983	0.022	1.727	324.825	0.127
1595325371.51635	229.018	0.022	1.754	324.745	0.127
1595325371.55459	229.052	0.022	1.735	324.745	0.130
1595325371.56222	229.048	0.022	1.719	324.745	0.128
1595325371.60024	229.030	0.022	1.713	324.745	0.128
1595325371.60221	228.934	0.021	1.658	324.584	0.129
1595325371.61430	228.886	0.022	1.705	324.423	0.126
1595325371.65142	228.871	0.022	1.708	324.343	0.127
1595325371.66762	228.878	0.022	1.751	324.423	0.129
1595325371.67626	228.881	0.022	1.722	324.343	0.127
1595325371.71466	228.851	0.022	1.735	324.584	0.126
1595325371.72660	228.888	0.022	1.750	324.423	0.129
1595325371.73720	228.885	0.021	1.673	324.343	0.126
1595325371.77563	228.911	0.022	1.744	324.423	0.122
1595325371.77724	228.940	0.022	1.728	324.343	0.129
1595325371.79525	228.939	0.022	1.765	324.423	0.128
1595325371.83360	228.960	0.022	1.706	324.504	0.124
1595325371.83525	228.947	0.022	1.721	324.423	0.123
1595325371.85541	228.998	0.022	1.731	324.504	0.127
1595325371.89360	228.963	0.022	1.737	324.423	0.131
1595325371.89526	228.971	0.022	1.719	324.423	0.129
1595325371.93321	228.972	0.022	1.713	324.423	0.127
1595325371.94260	228.974	0.022	1.757	324.504	0.126
1595325371.98064	229.025	0.022	1.721	324.584	0.126
1595325371.98127	228.966	0.022	1.721	324.584	0.129
1595325371.99523	228.978	0.022	1.730	324.504	0.130
1595325372.03236	229.033	0.022	1.738	324.584	0.124
1595325372.03419	229.087	0.022	1.756	324.584	0.131
1595325372.07141	229.111	0.022	1.737	324.584	0.127
1595325372.07665	229.063	0.022	1.750	324.504	0.132
1595325372.10562	229.067	0.022	1.741	324.584	0.127
1595325372.11528	229.068	0.022	1.736	324.665	0.128
1595325372.15462	229.039	0.022	1.691	324.584	0.127
1595325372.15619	228.973	0.022	1.697	324.584	0.123
1595325372.19467	229.036	0.022	1.708	324.504	0.126
1595325372.19924	228.997	0.022	1.697	324.504	0.129
