# timestamp	V	A	W	V	A
1618904796.89188	1446.236	0.152	91.976	318.548	0.115
1618904796.89374	231.536	0.025	2.432	318.306	0.110
1618904796.90278	231.542	0.024	2.344	318.306	0.108
1618904796.94232	231.537	0.024	2.306	318.226	0.109
1618904796.95732	231.479	0.024	2.292	318.145	0.105
1618904796.99504	231.517	0.024	2.342	318.226	0.107
1618904796.99684	231.555	0.024	2.330	318.467	0.105
1618904796.99797	231.594	0.024	2.288	318.467	0.110
1618904797.03529	231.561	0.024	2.342	318.387	0.111
1618904797.07410	231.576	0.024	2.396	318.387	0.115
1618904797.07527	231.531	0.024	2.331	318.306	0.114
1618904797.09032	231.567	0.025	2.355	318.145	0.115
1618904797.09927	231.559	0.024	2.356	318.387	0.111
1618904797.13732	231.563	0.025	2.391	318.306	0.112
1618904797.16027	231.567	0.025	2.453	318.387	0.116
1618904797.19809	231.530	0.024	2.354	318.387	0.112
1618904797.21030	231.532	0.024	2.321	318.387	0.109
1618904797.22227	231.477	0.024	2.262	318.226	0.109
1618904797.25979	231.543	0.024	2.359	318.226	0.108
1618904797.27229	231.520	0.024	2.276	318.226	0.105
1618904797.28029	231.546	0.024	2.366	318.306	0.106
1618904797.31829	231.553	0.024	2.275	318.467	0.110
1618904797.32996	231.530	0.024	2.380	318.306	0.111
1618904797.36832	231.533	0.024	2.361	318.548	0.114
1618904797.38831	231.540	0.024	2.298	318.306	0.111
1618904797.41028	231.549	0.025	2.343	318.145	0.116
1618904797.44832	231.531	0.024	2.329	318.226	0.111
1618904797.44895	231.545	0.025	2.403	318.548	0.107
1618904797.45985	231.537	0.025	2.418	318.467	0.108
1618904797.49832	231.568	0.025	2.414	318.306	0.111
1618904797.49895	231.555	0.024	2.288	318.387	0.107
1618904797.53829	231.576	0.024	2.319	318.306	0.107
1618904797.54991	231.584	0.024	2.284	318.306	0.108
1618904797.58832	231.602	0.024	2.307	318.467	0.104
1618904797.58895	231.564	0.024	2.323	318.467	0.105
1618904797.62733	231.602	0.027	2.703	318.387	0.120
1618904797.64033	231.640	0.024	2.379	318.387	0.114
1618904797.67821	231.683	0.024	2.357	318.387	0.114
1618904797.67899	231.693	0.025	2.376	318.467	0.114
1618904797.71738	231.645	0.024	2.285	318.467	0.111
1618904797.73533	231.637	0.024	2.374	318.387	0.108
1618904797.74299	231.626	0.025	2.377	318.548	0.106
1618904797.78041	231.631	0.025	2.432	318.387	0.115
1618904797.79029	231.626	0.024	2.315	318.467	0.110
1618904797.80234	231.649	0.025	2.409	318.467	0.112
1618904797.83933	231.665	0.024	2.300	318.306	0.109
1618904797.83997	231.690	0.024	2.315	318.467	0.107
1618904797.87791	231.671	0.024	2.294	318.628	0.107
1618904797.92593	231.680	0.024	2.380	318.467	0.103
1618904797.92881	231.693	0.024	2.381	318.306	0.105
1618904797.96781	231.705	0.024	2.335	318.628	0.110
1618904797.96879	231.721	0.025	2.438	318.548	0.116
1618904797.98182	231.726	0.024	2.304	318.628	0.112
1618904798.02037	231.713	0.025	2.356	318.387	0.112
1618904798.02502	231.705	0.024	2.332	318.467	0.108
1618904798.06410	231.683	0.024	2.376	318.467	0.106
1618904798.07195	231.473	0.023	2.211	318.306	0.103
1618904798.10941	231.602	0.026	2.595	318.548	0.107
1618904798.11196	231.431	0.024	2.289	318.226	0.116
1618904798.14941	231.463	0.023	2.204	318.306	0.103
1618904798.15001	231.143	0.023	2.216	317.743	0.106
1618904798.17136	231.577	0.026	2.676	318.306	0.110
1618904798.20938	231.392	0.023	2.224	318.145	0.109
1618904798.21235	231.486	0.023	2.256	318.548	0.109
1618904798.22203	231.578	0.025	2.490	318.306	0.119
1618904798.25956	231.652	0.025	2.430	318.548	0.116
1618904798.26205	231.635	0.024	2.345	318.548	0.117
1618904798.29937	231.662	0.025	2.351	318.306	0.115
1618904798.30504	231.636	0.024	2.324	318.467	0.114
1618904798.34433	231.650	0.025	2.363	318.387	0.114
1618904798.34502	231.623	0.024	2.383	318.548	0.106
1618904798.38836	231.675	0.025	2.417	318.548	0.109
1618904798.38901	231.703	0.024	2.378	318.789	0.105
1618904798.40235	231.700	0.024	2.395	318.628	0.108
1618904798.44738	231.638	0.024	2.307	318.467	0.107
1618904798.45505	231.653	0.024	2.337	318.548	0.109
1618904798.49292	231.616	0.024	2.270	318.387	0.103
1618904798.49384	231.650	0.024	2.348	318.387	0.102
1618904798.50284	231.627	0.024	2.288	318.628	0.105
1618904798.54240	231.668	0.024	2.392	318.548	0.110
1618904798.54399	231.674	0.024	2.371	318.548	0.109
1618904798.58494	231.686	0.024	2.400	318.548	0.114
1618904798.58684	231.659	0.024	2.302	318.709	0.108
1618904798.62385	231.663	0.024	2.354	318.387	0.107
1618904798.62484	231.695	0.026	2.549	318.548	0.112
1618904798.66316	231.707	0.026	2.551	318.548	0.116
1618904798.66414	231.641	0.025	2.403	318.548	0.107
1618904798.70217	231.731	0.025	2.446	318.709	0.107
1618904798.70308	231.720	0.024	2.323	318.628	0.108
1618904798.74040	231.726	0.024	2.330	318.628	0.111
1618904798.78143	231.720	0.024	2.305	318.709	0.107
1618904798.78305	231.712	0.024	2.357	318.548	0.106
1618904798.78396	231.714	0.024	2.291	318.548	0.104
1618904798.82237	231.679	0.024	2.295	318.628	0.105
1618904798.82903	231.667	0.024	2.307	318.709	0.108
1618904798.87410	231.664	0.024	2.397	318.548	0.117
1618904798.88790	231.689	0.025	2.348	318.467	0.114
1618904798.91041	231.673	0.024	2.336	318.548	0.110
1618904798.92243	231.698	0.024	2.335	318.548	0.108
1618904798.95941	231.686	0.025	2.390	318.628	0.109
1618904798.96003	231.677	0.025	2.395	318.709	0.106
1618904798.99841	231.618	0.024	2.372	318.548	0.110
1618904799.02242	231.639	0.024	2.354	318.467	0.107
1618904799.04322	231.653	0.024	2.365	318.548	0.108
1618904799.08042	231.673	0.024	2.286	318.467	0.108
1618904799.08298	231.685	0.024	2.315	318.467	0.105
1618904799.12043	231.704	0.023	2.285	318.628	0.105
1618904799.12243	231.661	0.024	2.392	318.709	0.107
1618904799.15944	231.568	0.024	2.325	318.628	0.106
1618904799.16005	231.611	0.024	2.374	318.628	0.114
1618904799.19908	231.639	0.024	2.408	318.467	0.111
1618904799.19997	231.630	0.024	2.342	318.548	0.114
1618904799.23905	231.626	0.024	2.351	318.387	0.112
1618904799.24920	231.652	0.025	2.383	318.628	0.110
1618904799.28711	231.612	0.024	2.336	318.628	0.106
1618904799.29940	231.610	0.024	2.443	318.226	0.102
1618904799.30708	231.624	0.024	2.324	318.467	0.107
1618904799.34542	231.605	0.024	2.378	318.548	0.109
1618904799.38542	231.585	0.024	2.298	318.467	0.110
1618904799.38698	231.587	0.024	2.333	318.306	0.109
1618904799.38898	231.595	0.024	2.328	318.548	0.106
1618904799.43836	231.590	0.024	2.342	318.306	0.111
1618904799.45093	231.610	0.024	2.376	318.628	0.110
1618904799.48931	231.600	0.024	2.408	318.226	0.107
1618904799.49285	231.657	0.025	2.417	318.145	0.114
1618904799.51219	231.639	0.024	2.284	318.467	0.111
1618904799.52236	231.659	0.025	2.367	318.387	0.116
1618904799.57047	231.595	0.024	2.358	318.387	0.106
1618904799.58189	231.616	0.024	2.410	318.467	0.109
1618904799.62044	231.621	0.024	2.359	318.467	0.109
1618904799.62208	231.641	0.024	2.339	318.387	0.109
1618904799.66091	231.649	0.025	2.392	318.467	0.112
1618904799.67510	231.609	0.026	2.589	318.467	0.114
1618904799.68392	231.592	0.024	2.366	318.306	0.108
1618904799.72246	231.550	0.026	2.520	318.145	0.114
1618904799.72403	231.592	0.028	2.757	318.145	0.117
1618904799.76444	231.612	0.026	2.588	318.387	0.121
1618904799.80241	231.640	0.027	2.657	318.306	0.124
1618904799.80406	231.669	0.027	2.669	318.467	0.126
1618904799.81239	231.678	0.027	2.615	318.387	0.128
1618904799.86300	231.637	0.027	2.606	318.306	0.122
1618904799.86388	231.645	0.028	2.764	318.467	0.118
1618904799.87721	231.631	0.025	2.463	318.387	0.110
1618904799.91445	231.648	0.025	2.448	318.467	0.104
1618904799.91508	231.664	0.024	2.414	318.548	0.108
1618904799.93122	231.683	0.025	2.420	318.548	0.115
1618904799.94344	231.633	0.026	2.500	318.387	0.115
1618904799.98145	231.623	0.026	2.539	318.387	0.114
1618904799.99350	231.620	0.026	2.560	318.467	0.111
1618904800.00352	231.645	0.026	2.556	318.467	0.110
1618904800.04444	231.657	0.026	2.495	318.628	0.111
1618904800.04508	231.684	0.026	2.651	318.628	0.114
1618904800.08343	231.634	0.026	2.621	318.467	0.117
1618904800.12501	231.610	0.027	2.624	318.467	0.123
1618904800.12690	231.565	0.027	2.682	318.387	0.126
1618904800.12889	231.560	0.027	2.612	318.226	0.120
1618904800.14786	231.588	0.027	2.582	318.387	0.116
1618904800.18490	231.623	0.027	2.746	318.387	0.118
1618904800.18890	231.655	0.026	2.649	318.387	0.112
1618904800.20246	231.649	0.027	2.674	318.548	0.120
1618904800.23900	231.576	0.031	3.200	318.387	0.133
1618904800.25290	231.544	0.032	3.385	318.387	0.132
1618904800.26293	231.512	0.032	3.304	318.306	0.134
1618904800.30146	231.565	0.032	3.374	318.226	0.134
1618904800.31350	231.574	0.032	3.367	318.467	0.131
1618904800.32346	231.652	0.033	3.403	318.387	0.136
1618904800.36145	231.693	0.032	3.321	318.628	0.138
1618904800.36306	231.671	0.033	3.383	318.548	0.142
1618904800.40029	231.605	0.032	3.211	318.387	0.141
1618904800.41146	231.603	0.032	3.339	318.387	0.139
1618904800.42348	231.618	0.032	3.309	318.387	0.144
1618904800.46116	231.619	0.033	3.419	318.387	0.139
1618904800.46989	231.649	0.032	3.312	318.467	0.131
1618904800.48247	231.670	0.031	3.257	318.467	0.129
1618904800.52944	231.665	0.037	3.951	318.467	0.168
1618904800.56749	231.485	0.047	5.304	318.145	0.177
1618904800.61045	231.657	0.047	5.366	318.548	0.181
1618904800.61305	231.702	0.047	5.385	318.467	0.181
1618904800.63151	231.646	0.047	5.243	318.628	0.178
1618904800.64347	231.677	0.047	5.294	318.548	0.185
1618904800.68095	231.647	0.047	5.297	318.548	0.187
1618904800.68392	231.651	0.047	5.306	318.467	0.194
1618904800.72091	231.675	0.047	5.262	318.548	0.191
1618904800.73146	231.706	0.047	5.307	318.548	0.182
1618904800.74246	231.710	0.046	5.254	318.548	0.185
1618904800.78043	231.699	0.047	5.343	318.628	0.177
1618904800.79144	231.652	0.046	5.287	318.628	0.175
1618904800.80109	231.599	0.047	5.380	318.467	0.178
1618904800.84043	231.510	0.047	5.289	318.306	0.177
1618904800.84110	231.558	0.047	5.306	318.306	0.177
1618904800.87949	231.538	0.047	5.329	318.226	0.180
1618904800.89046	231.607	0.047	5.368	318.306	0.176
1618904800.92847	231.620	0.046	5.316	318.548	0.174
1618904800.92909	231.610	0.046	5.259	318.548	0.173
1618904800.94107	231.558	0.046	5.258	318.548	0.177
1618904800.97910	231.588	0.047	5.411	318.387	0.186
1618904800.99145	231.574	0.047	5.357	318.548	0.186
1618904801.00249	231.606	0.047	5.364	318.467	0.189
1618904801.04447	231.605	0.047	5.246	318.387	0.180
1618904801.05111	231.619	0.047	5.395	318.467	0.186
1618904801.06099	231.585	0.046	5.264	318.467	0.173
1618904801.10045	231.537	0.047	5.389	318.467	0.177
1618904801.11146	231.573	0.047	5.374	318.387	0.176
1618904801.12114	231.600	0.047	5.373	318.467	0.180
1618904801.17318	231.539	0.046	5.265	318.467	0.176
1618904801.17401	231.606	0.047	5.330	318.387	0.176
1618904801.18409	231.604	0.046	5.319	318.467	0.176
1618904801.22347	231.597	0.047	5.345	318.467	0.177
1618904801.22916	231.594	0.046	5.233	318.467	0.171
1618904801.27901	231.587	0.047	5.299	318.467	0.182
1618904801.28014	231.576	0.046	5.344	318.628	0.178
1618904801.28109	231.595	0.047	5.389	318.387	0.180
1618904801.31920	231.601	0.047	5.324	318.387	0.183
1618904801.32803	231.617	0.047	5.336	318.387	0.179
1618904801.36549	231.590	0.047	5.278	318.306	0.180
1618904801.37946	231.547	0.047	5.371	318.387	0.183
1618904801.41844	231.595	0.047	5.393	318.467	0.178
1618904801.42007	231.633	0.047	5.392	318.467	0.178
1618904801.43354	231.639	0.047	5.293	318.548	0.178
1618904801.47450	231.641	0.047	5.338	318.387	0.179
1618904801.51448	231.618	0.047	5.274	318.467	0.179
1618904801.51510	231.543	0.046	5.248	318.467	0.175
1618904801.51808	231.587	0.047	5.307	318.387	0.178
1618904801.55542	231.594	0.047	5.282	318.628	0.176
1618904801.59451	231.633	0.047	5.416	318.467	0.175
1618904801.59612	231.632	0.047	5.346	318.548	0.181
1618904801.60548	231.642	0.047	5.376	318.548	0.186
1618904801.64348	231.591	0.047	5.262	318.467	0.187
1618904801.64412	231.521	0.047	5.311	318.306	0.180
1618904801.68110	231.512	0.047	5.307	318.387	0.179
1618904801.69105	231.513	0.048	5.442	318.145	0.182
1618904801.72910	231.518	0.047	5.394	318.145	0.183
1618904801.73096	231.545	0.047	5.410	318.548	0.182
1618904801.74097	231.570	0.046	5.285	318.548	0.176
1618904801.77952	231.528	0.047	5.264	318.387	0.180
1618904801.80351	231.500	0.047	5.297	318.306	0.177
1618904801.84051	231.513	0.046	5.168	318.467	0.173
1618904801.85127	231.513	0.047	5.320	318.548	0.178
1618904801.86325	231.530	0.047	5.366	318.628	0.185
1618904801.90053	231.560	0.047	5.343	318.467	0.186
1618904801.90122	231.543	0.047	5.331	318.548	0.185
1618904801.94354	231.523	0.047	5.315	318.387	0.185
1618904801.98753	231.511	0.047	5.285	318.306	0.183
1618904801.98921	231.560	0.047	5.344	318.467	0.180
1618904801.99007	231.480	0.047	5.328	318.467	0.178
1618904802.00137	231.498	0.047	5.413	318.387	0.179
1618904802.03952	231.470	0.047	5.320	318.306	0.177
1618904802.05145	231.477	0.047	5.315	318.226	0.180
1618904802.06099	231.488	0.047	5.284	318.306	0.179
1618904802.09898	231.524	0.047	5.337	318.145	0.183
1618904802.11098	231.509	0.047	5.269	318.226	0.182
1618904802.12096	231.545	0.047	5.309	318.387	0.177
1618904802.15896	231.545	0.046	5.308	318.387	0.176
1618904802.17247	231.409	0.046	5.191	318.467	0.186
1618904802.18356	231.482	0.048	5.408	318.226	0.185
1618904802.22049	231.277	0.047	5.266	318.145	0.178
1618904802.22118	231.313	0.046	5.134	318.226	0.176
1618904802.25929	231.068	0.047	5.277	317.743	0.180
1618904802.30449	231.435	0.049	5.607	318.145	0.190
1618904802.30517	231.289	0.047	5.381	318.145	0.181
1618904802.30605	231.355	0.046	5.232	318.226	0.181
1618904802.32052	231.477	0.048	5.603	318.387	0.181
1618904802.35853	231.475	0.047	5.362	318.306	0.179
1618904802.37145	231.502	0.047	5.342	318.387	0.179
1618904802.38124	231.517	0.047	5.266	318.306	0.179
1618904802.41052	231.544	0.047	5.359	318.387	0.181
1618904802.42151	231.530	0.047	5.288	318.387	0.177
1618904802.45922	231.551	0.047	5.304	318.548	0.176
1618904802.46853	231.517	0.047	5.310	318.467	0.176
1618904802.50502	231.521	0.047	5.419	318.306	0.189
1618904802.50597	231.478	0.047	5.329	318.467	0.180
1618904802.54453	231.527	0.047	5.341	318.226	0.188
1618904802.54518	231.558	0.047	5.283	318.306	0.182
1618904802.58354	231.543	0.047	5.370	318.387	0.185
1618904802.60297	231.484	0.047	5.371	318.145	0.176
1618904802.64001	231.447	0.047	5.389	318.065	0.183
1618904802.65094	231.438	0.047	5.313	318.065	0.180
1618904802.66134	231.439	0.047	5.310	318.145	0.183
1618904802.69955	231.466	0.047	5.328	318.065	0.180
1618904802.70019	231.463	0.046	5.300	318.145	0.176
1618904802.73831	231.422	0.047	5.291	318.065	0.175
1618904802.77751	231.381	0.046	5.206	318.226	0.177
1618904802.78124	231.401	0.047	5.368	318.226	0.176
1618904802.81937	231.451	0.047	5.422	318.145	0.183
1618904802.82121	231.456	0.047	5.321	318.145	0.181
1618904802.86028	231.497	0.047	5.300	318.065	0.181
1618904802.87112	231.471	0.047	5.308	318.145	0.174
1618904802.88301	231.426	0.047	5.345	318.065	0.177
1618904802.92124	231.376	0.047	5.339	317.985	0.176
1618904802.92651	231.386	0.047	5.435	318.145	0.182
1618904802.96555	231.412	0.047	5.316	318.226	0.178
1618904802.96617	231.443	0.047	5.341	318.226	0.178
1618904803.00453	231.446	0.047	5.320	318.065	0.179
1618904803.01874	231.445	0.047	5.332	318.145	0.177
1618904803.05034	231.380	0.046	5.309	318.306	0.177
1618904803.05107	231.364	0.047	5.271	318.226	0.176
1618904803.09005	231.336	0.047	5.331	318.306	0.177
1618904803.09301	231.338	0.047	5.366	318.145	0.178
1618904803.13002	231.371	0.047	5.354	318.065	0.182
1618904803.13102	231.362	0.047	5.367	318.145	0.180
1618904803.16937	231.332	0.046	5.238	317.985	0.183
1618904803.17154	231.314	0.047	5.319	318.065	0.182
1618904803.19358	231.275	0.046	5.297	318.065	0.175
1618904803.20355	231.232	0.047	5.397	318.065	0.175
1618904803.24322	231.236	0.047	5.401	318.065	0.178
1618904803.24422	231.255	0.047	5.340	318.065	0.176
1618904803.28160	231.202	0.047	5.306	317.904	0.178
1618904803.28318	231.201	0.047	5.368	317.824	0.180
1618904803.32040	231.185	0.046	5.291	317.904	0.176
1618904803.35959	231.161	0.046	5.313	317.904	0.171
1618904803.36024	231.176	0.047	5.275	317.985	0.176
1618904803.40159	231.226	0.047	5.384	317.985	0.181
1618904803.40322	231.239	0.046	5.358	318.065	0.182
1618904803.40522	231.250	0.047	5.395	318.065	0.179
1618904803.44359	231.197	0.047	5.287	318.065	0.181
1618904803.44423	231.137	0.047	5.288	317.904	0.186
1618904803.48113	231.091	0.047	5.299	317.743	0.175
1618904803.48302	231.114	0.047	5.368	317.904	0.182
1618904803.51467	231.139	0.047	5.377	317.904	0.177
1618904803.52336	231.190	0.047	5.420	317.985	0.176
1618904803.56255	231.171	0.047	5.303	317.743	0.181
1618904803.56416	231.106	0.047	5.323	317.743	0.177
1618904803.60141	231.068	0.046	5.258	317.743	0.180
1618904803.60825	231.060	0.047	5.343	317.582	0.177
1618904803.62458	231.092	0.046	5.337	317.743	0.175
1618904803.66201	231.113	0.047	5.295	317.743	0.174
1618904803.68502	231.142	0.047	5.380	318.065	0.178
1618904803.68603	231.152	0.047	5.389	317.743	0.185
1618904803.72941	231.136	0.046	5.311	317.824	0.181
1618904803.73658	231.075	0.047	5.308	317.743	0.178
1618904803.77461	231.055	0.046	5.296	317.663	0.178
1618904803.77525	231.091	0.047	5.439	317.663	0.179
1618904803.78558	231.068	0.046	5.284	317.743	0.173
1618904803.82361	231.046	0.047	5.378	317.663	0.176
1618904803.83359	231.013	0.047	5.391	317.663	0.174
1618904803.84459	231.066	0.047	5.438	317.582	0.175
1618904803.88208	230.964	0.046	5.270	317.421	0.176
1618904803.88404	230.988	0.047	5.362	317.421	0.179
1618904803.92144	231.033	0.046	5.270	317.421	0.178
1618904803.92960	231.089	0.046	5.323	317.743	0.175
1618904803.96865	231.101	0.046	5.254	317.904	0.170
1618904803.97019	231.128	0.046	5.369	317.743	0.174
1618904804.00960	231.125	0.046	5.317	317.985	0.176
1618904804.01024	231.094	0.046	5.346	317.824	0.179
1618904804.03259	231.090	0.047	5.325	317.743	0.174
1618904804.07015	231.163	0.047	5.361	317.743	0.178
1618904804.07105	231.211	0.046	5.309	317.743	0.176
1618904804.11031	231.228	0.047	5.426	317.904	0.180
1618904804.11160	231.204	0.047	5.331	317.904	0.174
1618904804.14963	231.182	0.047	5.408	317.824	0.175
1618904804.15123	231.084	0.046	5.360	317.743	0.171
1618904804.16342	231.037	0.047	5.352	317.663	0.175
1618904804.20164	231.075	0.047	5.307	317.582	0.178
1618904804.20326	231.108	0.047	5.341	317.502	0.180
1618904804.24315	231.115	0.047	5.311	317.663	0.179
1618904804.24405	231.155	0.047	5.319	317.743	0.176
1618904804.28116	231.128	0.046	5.249	317.824	0.183
1618904804.29321	231.061	0.047	5.328	317.824	0.182
1618904804.34308	230.999	0.046	5.343	317.663	0.182
1618904804.34406	230.991	0.047	5.323	317.421	0.183
1618904804.34506	230.993	0.046	5.276	317.663	0.178
1618904804.36407	231.006	0.047	5.441	317.663	0.181
1618904804.40146	230.984	0.046	5.302	317.582	0.175
1618904804.40326	230.974	0.047	5.389	317.663	0.173
1618904804.44063	230.923	0.046	5.372	317.582	0.176
1618904804.45337	230.927	0.047	5.467	317.663	0.174
1618904804.49161	230.938	0.046	5.321	317.663	0.177
1618904804.49331	230.969	0.047	5.365	317.582	0.179
1618904804.53127	230.977	0.047	5.309	317.582	0.177
1618904804.53322	231.002	0.047	5.373	317.663	0.175
1618904804.54361	230.973	0.046	5.267	317.824	0.175
1618904804.58162	230.970	0.047	5.374	317.743	0.180
1618904804.58361	230.984	0.046	5.370	317.824	0.177
1618904804.62159	231.000	0.047	5.461	317.824	0.181
1618904804.67144	231.039	0.046	5.386	317.904	0.179
1618904804.67463	231.016	0.047	5.338	317.663	0.177
1618904804.71366	231.001	0.047	5.356	317.824	0.175
1618904804.71427	230.953	0.046	5.363	317.743	0.175
1618904804.76064	230.949	0.047	5.472	317.824	0.176
1618904804.76131	230.967	0.047	5.373	317.743	0.177
1618904804.77263	231.060	0.047	5.328	317.663	0.176
1618904804.78328	231.049	0.047	5.378	317.743	0.176
1618904804.82062	231.086	0.047	5.362	317.743	0.176
1618904804.83265	231.077	0.046	5.341	317.824	0.168
1618904804.84363	231.080	0.047	5.361	317.824	0.170
1618904804.88069	231.059	0.046	5.296	317.904	0.173
1618904804.89264	231.093	0.047	5.422	317.824	0.180
1618904804.90364	231.135	0.046	5.345	317.985	0.174
1618904804.96163	231.122	0.047	5.388	317.985	0.177
1618904804.96428	231.122	0.047	5.378	317.824	0.173
1618904805.00462	231.090	0.046	5.301	317.904	0.176
1618904805.00531	231.111	0.046	5.338	318.065	0.173
1618904805.04365	231.131	0.046	5.417	317.985	0.174
1618904805.08365	231.135	0.046	5.231	317.904	0.175
1618904805.13567	231.065	0.046	5.272	317.904	0.174
1618904805.13629	231.066	0.046	5.354	317.824	0.171
1618904805.15267	231.082	0.046	5.318	317.985	0.168
1618904805.16366	231.148	0.047	5.390	317.985	0.171
1618904805.20067	231.176	0.046	5.370	318.226	0.177
1618904805.21264	231.154	0.047	5.412	318.065	0.178
1618904805.22464	231.125	0.046	5.390	317.904	0.176
1618904805.26315	231.137	0.047	5.375	317.824	0.180
1618904805.27421	231.112	0.047	5.336	317.743	0.177
1618904805.28419	231.128	0.047	5.431	317.502	0.180
1618904805.32123	231.157	0.047	5.410	317.663	0.180
1618904805.32310	231.223	0.047	5.468	318.065	0.176
1618904805.36011	231.214	0.047	5.401	317.904	0.180
1618904805.39910	231.184	0.047	5.364	317.985	0.177
1618904805.40010	231.149	0.047	5.329	317.743	0.177
1618904805.43911	231.111	0.047	5.375	317.663	0.177
1618904805.44010	231.105	0.047	5.319	317.824	0.178
1618904805.44109	231.127	0.047	5.345	317.743	0.177
1618904805.47968	231.142	0.047	5.302	318.065	0.177
1618904805.49139	231.145	0.048	5.448	317.985	0.187
1618904805.50431	231.167	0.047	5.384	318.065	0.180
1618904805.54165	231.130	0.047	5.368	317.824	0.178
1618904805.54330	231.064	0.047	5.349	317.985	0.181
1618904805.58140	231.122	0.048	5.416	317.824	0.185
1618904805.62363	231.144	0.047	5.424	318.065	0.179
1618904805.62430	231.201	0.048	5.438	317.985	0.179
1618904805.63462	231.195	0.047	5.409	318.065	0.179
1618904805.64421	231.162	0.047	5.422	318.145	0.181
1618904805.68166	231.158	0.047	5.322	317.985	0.179
1618904805.69264	231.153	0.047	5.373	318.065	0.183
1618904805.70463	231.162	0.047	5.345	317.985	0.178
1618904805.74333	231.175	0.047	5.406	317.904	0.179
1618904805.75467	231.198	0.047	5.355	318.065	0.176
1618904805.76465	231.252	0.047	5.334	318.145	0.182
1618904805.80168	231.231	0.047	5.358	318.226	0.186
1618904805.81468	231.221	0.047	5.430	318.226	0.187
1618904805.82532	231.185	0.047	5.305	318.226	0.183
1618904805.86344	231.197	0.047	5.357	318.065	0.181
1618904805.86419	231.242	0.047	5.353	318.065	0.180
1618904805.90367	231.262	0.047	5.397	318.226	0.183
1618904805.92169	231.264	0.047	5.343	318.145	0.177
1618904805.92932	231.291	0.047	5.421	318.145	0.179
1618904805.96817	231.218	0.047	5.405	318.145	0.180
1618904805.96913	231.233	0.046	5.299	318.065	0.175
1618904806.00670	231.224	0.047	5.303	317.824	0.185
1618904806.02269	231.268	0.047	5.385	317.985	0.183
1618904806.06036	231.318	0.047	5.305	318.226	0.177
1618904806.06325	231.286	0.046	5.311	318.226	0.171
1618904806.10170	231.261	0.046	5.296	318.226	0.176
1618904806.10333	231.256	0.047	5.351	318.065	0.186
1618904806.11541	231.210	0.047	5.344	318.145	0.186
1618904806.15369	231.206	0.047	5.352	318.145	0.180
1618904806.15433	231.152	0.047	5.306	318.065	0.176
1618904806.16468	231.186	0.047	5.411	317.985	0.183
1618904806.20170	231.201	0.047	5.306	318.226	0.178
1618904806.24667	231.208	0.047	5.365	318.226	0.175
1618904806.24831	231.183	0.047	5.409	318.226	0.181
1618904806.24928	231.159	0.047	5.425	318.145	0.177
1618904806.28668	231.087	0.047	5.282	317.904	0.177
1618904806.28830	231.106	0.047	5.357	318.065	0.181
1618904806.32569	231.113	0.047	5.335	317.904	0.179
1618904806.33227	231.095	0.047	5.343	317.985	0.177
1618904806.34366	231.076	0.046	5.263	317.985	0.174
1618904806.40068	231.122	0.047	5.404	317.985	0.178
1618904806.40135	231.056	0.047	5.292	317.985	0.180
1618904806.40328	231.089	0.047	5.444	318.065	0.185
1618904806.44067	231.132	0.047	5.385	317.904	0.186
1618904806.45034	231.136	0.047	5.330	317.904	0.182
1618904806.46642	231.125	0.047	5.327	317.985	0.180
1618904806.50467	231.118	0.047	5.382	317.985	0.185
1618904806.50533	231.071	0.047	5.373	317.824	0.181
1618904806.54368	231.078	0.047	5.402	317.985	0.179
1618904806.54431	231.067	0.047	5.451	317.904	0.182
1618904806.58144	231.119	0.048	5.442	317.904	0.183
1618904806.59869	231.152	0.046	5.295	317.985	0.176
1618904806.63565	231.055	0.047	5.348	317.824	0.181
1618904806.63629	231.074	0.047	5.327	317.824	0.179
1618904806.64463	231.059	0.047	5.337	317.824	0.180
1618904806.68144	231.059	0.047	5.280	317.824	0.181
1618904806.69441	231.077	0.048	5.427	317.743	0.192
1618904806.70324	231.099	0.047	5.420	317.985	0.189
1618904806.74066	231.164	0.047	5.366	317.985	0.183
1618904806.75367	231.092	0.047	5.347	318.065	0.183
1618904806.76434	231.132	0.047	5.397	317.985	0.190
1618904806.80169	231.079	0.047	5.359	317.824	0.180
1618904806.80332	231.081	0.047	5.412	317.985	0.179
1618904806.84068	231.097	0.047	5.365	317.985	0.179
1618904806.87938	231.180	0.048	5.512	318.065	0.181
1618904806.88054	231.197	0.047	5.382	318.065	0.180
1618904806.88124	231.175	0.047	5.330	318.065	0.183
1618904806.91972	231.150	0.047	5.333	317.985	0.179
1618904806.92034	231.215	0.047	5.359	318.065	0.177
1618904806.96166	231.212	0.047	5.307	318.145	0.173
1618904806.97469	231.239	0.047	5.412	318.145	0.176
1618904807.01569	231.275	0.047	5.398	318.226	0.174
1618904807.01746	231.329	0.047	5.438	318.467	0.187
1618904807.03069	231.273	0.047	5.347	318.387	0.180
1618904807.06964	231.281	0.047	5.341	318.226	0.186
1618904807.07668	231.246	0.047	5.341	318.065	0.185
1618904807.11470	231.230	0.047	5.393	318.226	0.189
1618904807.11534	231.281	0.047	5.396	318.306	0.181
1618904807.12472	231.301	0.047	5.433	318.387	0.178
1618904807.16173	231.321	0.048	5.480	318.387	0.182
1618904807.17673	231.279	0.047	5.333	318.387	0.179
1618904807.19472	231.234	0.046	5.261	318.226	0.178
1618904807.20472	231.159	0.046	5.245	318.226	0.174
1618904807.24344	231.139	0.046	5.314	318.145	0.175
1618904807.24430	231.255	0.047	5.387	318.226	0.175
1618904807.28127	231.314	0.047	5.320	318.306	0.174
1618904807.28318	231.339	0.047	5.353	318.467	0.183
1618904807.32073	231.329	0.047	5.399	318.467	0.180
1618904807.35951	231.341	0.047	5.414	318.306	0.181
1618904807.36030	231.292	0.046	5.357	318.306	0.176
1618904807.36137	231.337	0.047	5.381	318.226	0.185
1618904807.39973	231.312	0.047	5.382	318.306	0.177
1618904807.41172	231.356	0.047	5.434	318.387	0.176
1618904807.44974	231.377	0.047	5.411	318.387	0.174
1618904807.45028	231.348	0.047	5.478	318.467	0.178
1618904807.49124	231.372	0.047	5.317	318.387	0.177
1618904807.49415	231.341	0.047	5.379	318.467	0.177
1618904807.51419	231.392	0.047	5.352	318.387	0.177
1618904807.52373	231.414	0.047	5.400	318.306	0.178
1618904807.56172	231.373	0.046	5.330	318.548	0.175
1618904807.56337	231.438	0.046	5.356	318.467	0.176
1618904807.60026	231.412	0.046	5.325	318.548	0.176
1618904807.60117	231.385	0.047	5.379	318.467	0.180
1618904807.63973	231.399	0.047	5.407	318.226	0.180
1618904807.64036	231.436	0.047	5.423	318.306	0.180
1618904807.67975	231.461	0.046	5.351	318.387	0.178
1618904807.68174	231.473	0.047	5.410	318.387	0.182
1618904807.72878	231.476	0.046	5.356	318.467	0.171
1618904807.76675	231.441	0.047	5.454	318.387	0.178
1618904807.76839	231.473	0.046	5.343	318.387	0.175
1618904807.80575	231.432	0.046	5.341	318.387	0.173
1618904807.81475	231.476	0.047	5.418	318.387	0.173
1618904807.82439	231.498	0.047	5.381	318.387	0.175
1618904807.86151	231.572	0.047	5.378	318.548	0.174
1618904807.86330	231.524	0.046	5.295	318.628	0.170
1618904807.90030	231.515	0.046	5.331	318.467	0.176
1618904807.91020	231.482	0.047	5.362	318.467	0.176
1618904807.94881	231.481	0.047	5.405	318.548	0.179
1618904807.95038	231.454	0.047	5.352	318.387	0.178
1618904807.99074	231.513	0.047	5.450	318.387	0.185
1618904807.99337	231.540	0.046	5.339	318.628	0.180
1618904808.03068	231.522	0.047	5.419	318.467	0.176
1618904808.03136	231.473	0.047	5.344	318.548	0.171
1618904808.04473	231.501	0.047	5.497	318.709	0.173
1618904808.08332	231.480	0.046	5.301	318.467	0.174
1618904808.08418	231.501	0.047	5.336	318.467	0.175
1618904808.12172	231.482	0.047	5.388	318.387	0.177
1618904808.13374	231.518	0.046	5.379	318.548	0.171
1618904808.17172	231.486	0.046	5.355	318.548	0.170
1618904808.17339	231.540	0.047	5.412	318.548	0.178
1618904808.19373	231.545	0.046	5.273	318.548	0.176
1618904808.20573	231.539	0.047	5.426	318.628	0.182
1618904808.24356	231.527	0.046	5.381	318.709	0.177
1618904808.24453	231.560	0.047	5.382	318.548	0.177
1618904808.26526	231.552	0.046	5.227	318.467	0.182
1618904808.30474	231.538	0.047	5.410	318.387	0.180
1618904808.31574	231.520	0.047	5.357	318.387	0.174
1618904808.32575	231.546	0.047	5.364	318.467	0.173
1618904808.36473	231.523	0.047	5.411	318.467	0.176
1618904808.36541	231.539	0.047	5.362	318.548	0.171
1618904808.40675	231.540	0.047	5.385	318.387	0.178
1618904808.41341	231.542	0.047	5.388	318.548	0.174
1618904808.45054	231.545	0.047	5.401	318.548	0.173
1618904808.45130	231.545	0.046	5.345	318.467	0.171
1618904808.48978	231.525	0.046	5.340	318.628	0.168
1618904808.49036	231.590	0.046	5.307	318.387	0.178
1618904808.54058	231.608	0.047	5.415	318.467	0.180
1618904808.54157	231.627	0.047	5.477	318.628	0.183
1618904808.54375	231.621	0.046	5.369	318.548	0.180
1618904808.58081	231.608	0.047	5.340	318.467	0.180
1618904808.58949	231.618	0.047	5.354	318.467	0.178
1618904808.62749	231.617	0.047	5.414	318.387	0.175
1618904808.64048	231.629	0.046	5.369	318.387	0.171
1618904808.67860	231.607	0.047	5.449	318.628	0.177
1618904808.68178	231.623	0.049	5.570	318.387	0.183
1618904808.71978	231.600	0.048	5.527	318.306	0.178
1618904808.73377	231.592	0.048	5.532	318.306	0.178
1618904808.74579	231.592	0.047	5.379	318.387	0.174
1618904808.78676	231.594	0.047	5.327	318.387	0.173
1618904808.79542	231.621	0.049	5.497	318.467	0.194
1618904808.80579	231.684	0.048	5.500	318.789	0.209
1618904808.84456	231.701	0.045	5.388	319.433	0.167
1618904808.84536	231.734	0.047	5.331	319.192	0.177
1618904808.88433	231.735	0.046	5.324	318.870	0.176
1618904808.89435	231.721	0.047	5.367	318.709	0.183
1618904808.93177	231.715	0.047	5.339	318.467	0.183
1618904808.93240	231.715	0.047	5.443	318.709	0.181
1618904808.98173	231.695	0.047	5.455	318.628	0.174
1618904808.98340	231.702	0.047	5.396	318.709	0.176
1618904808.99574	231.659	0.046	5.290	318.548	0.175
1618904809.03379	231.592	0.047	5.354	318.467	0.175
1618904809.04464	231.598	0.047	5.397	318.467	0.175
1618904809.08179	231.616	0.046	5.330	318.628	0.171
1618904809.09676	231.631	0.047	5.378	318.548	0.181
1618904809.10539	231.679	0.047	5.387	318.709	0.180
1618904809.14377	231.635	0.046	5.373	318.628	0.177
1618904809.16440	231.586	0.047	5.388	318.387	0.182
1618904809.20175	231.560	0.047	5.363	318.467	0.181
1618904809.21376	231.566	0.047	5.419	318.628	0.171
1618904809.22476	231.572	0.047	5.359	318.467	0.179
1618904809.26258	231.596	0.047	5.440	318.387	0.177
1618904809.27481	231.551	0.047	5.407	318.226	0.180
1618904809.28577	231.546	0.047	5.381	318.306	0.180
1618904809.32380	231.596	0.046	5.326	318.306	0.176
1618904809.36174	231.560	0.046	5.273	318.306	0.169
1618904809.39080	231.595	0.046	5.326	318.467	0.169
1618904809.40980	231.564	0.046	5.229	318.467	0.171
1618904809.42481	231.590	0.046	5.379	318.387	0.174
1618904809.46136	231.610	0.047	5.444	318.387	0.179
1618904809.47424	231.570	0.047	5.347	318.226	0.177
1618904809.48546	231.569	0.047	5.404	318.226	0.186
1618904809.52277	231.610	0.047	5.352	318.306	0.169
1618904809.53340	231.590	0.047	5.475	318.387	0.173
1618904809.54474	231.572	0.047	5.407	318.387	0.175
1618904809.58242	231.573	0.047	5.474	318.306	0.174
1618904809.59474	231.568	0.046	5.344	318.226	0.168
1618904809.60576	231.606	0.047	5.413	318.226	0.176
1618904809.64475	231.593	0.047	5.377	318.306	0.176
1618904809.64541	231.624	0.047	5.422	318.306	0.170
1618904809.68232	231.585	0.046	5.307	318.467	0.173
1618904809.72923	231.568	0.047	5.378	318.145	0.181
1618904809.73026	231.583	0.047	5.400	318.306	0.183
1618904809.73323	231.611	0.047	5.457	318.306	0.187
1618904809.77160	231.599	0.047	5.372	318.467	0.186
1618904809.77244	231.581	0.047	5.362	318.306	0.182
1618904809.78479	231.613	0.047	5.376	318.306	0.176
1618904809.82179	231.637	0.047	5.379	318.387	0.176
1618904809.82243	231.568	0.046	5.376	318.548	0.174
1618904809.86156	231.590	0.047	5.480	318.467	0.175
1618904809.87124	231.577	0.046	5.359	318.548	0.169
1618904809.91076	231.600	0.047	5.383	318.467	0.179
1618904809.91239	231.581	0.046	5.338	318.387	0.175
1618904809.95081	231.573	0.047	5.392	318.387	0.171
1618904809.96477	231.586	0.047	5.384	318.467	0.175
1618904810.00179	231.608	0.046	5.275	318.628	0.174
1618904810.01379	231.689	0.047	5.456	318.548	0.182
1618904810.02479	231.647	0.046	5.358	318.628	0.178
1618904810.06861	231.616	0.047	5.346	318.548	0.176
1618904810.10778	231.579	0.047	5.397	318.226	0.183
1618904810.11377	231.579	0.047	5.378	318.387	0.177
1618904810.12543	231.571	0.047	5.407	318.387	0.175
1618904810.16478	231.576	0.047	5.448	318.467	0.176
1618904810.17679	231.576	0.047	5.419	318.387	0.175
1618904810.18678	231.585	0.047	5.357	318.387	0.178
1618904810.24166	231.592	0.047	5.363	318.387	0.173
1618904810.26241	231.558	0.047	5.421	318.387	0.178
1618904810.27433	231.537	0.047	5.351	317.904	0.177
1618904810.28540	231.616	0.047	5.346	318.145	0.178
1618904810.32229	231.629	0.047	5.423	318.145	0.190
1618904810.36685	231.641	0.047	5.441	318.467	0.183
1618904810.36849	231.614	0.047	5.310	318.387	0.179
1618904810.37485	231.624	0.047	5.375	318.306	0.182
1618904810.38449	231.561	0.046	5.269	318.387	0.180
1618904810.42187	231.600	0.047	5.391	318.306	0.177
1618904810.43485	231.602	0.047	5.363	318.306	0.171
1618904810.44448	231.650	0.047	5.480	318.548	0.174
1618904810.48139	231.619	0.046	5.418	318.467	0.173
1618904810.48229	231.646	0.047	5.364	318.387	0.177
1618904810.52086	231.638	0.046	5.322	318.306	0.176
1618904810.53586	231.617	0.047	5.359	318.226	0.178
1618904810.54587	231.572	0.047	5.362	318.226	0.174
1618904810.58285	231.612	0.047	5.445	318.387	0.174
1618904810.62287	231.630	0.046	5.266	318.548	0.170
1618904810.62450	231.626	0.048	5.500	318.467	0.176
1618904810.63051	231.615	0.047	5.389	318.467	0.181
1618904810.67140	231.642	0.047	5.461	318.467	0.178
1618904810.67231	231.612	0.047	5.337	318.387	0.187
1618904810.71032	231.632	0.048	5.429	318.306	0.179
1618904810.71631	231.641	0.047	5.331	318.306	0.178
1618904810.72631	231.648	0.047	5.380	318.387	0.177
1618904810.76585	231.527	0.047	5.440	318.306	0.177
1618904810.76650	231.531	0.047	5.446	318.467	0.174
1618904810.80487	231.514	0.047	5.327	318.226	0.178
1618904810.80652	231.528	0.047	5.399	318.387	0.179
1618904810.84587	231.550	0.046	5.357	318.306	0.176
1618904810.85560	231.593	0.047	5.422	318.306	0.173
1618904810.86886	231.603	0.046	5.335	318.467	0.175
1618904810.90587	231.615	0.047	5.352	318.306	0.177
1618904810.92585	231.605	0.047	5.418	318.467	0.178
1618904810.96243	231.528	0.047	5.352	318.226	0.187
1618904810.96425	231.587	0.047	5.366	318.387	0.183
1618904811.00183	231.567	0.047	5.351	318.226	0.183
1618904811.01438	231.623	0.047	5.449	318.306	0.180
1618904811.03528	231.571	0.047	5.357	318.387	0.175
1618904811.07241	231.574	0.048	5.440	318.145	0.183
1618904811.07433	231.536	0.046	5.357	318.387	0.176
1618904811.08532	231.546	0.047	5.361	318.387	0.178
1618904811.12293	231.499	0.046	5.332	318.306	0.177
1618904811.13185	231.523	0.047	5.384	318.306	0.178
1618904811.16979	231.514	0.047	5.382	318.226	0.176
1618904811.17152	231.560	0.047	5.426	318.387	0.175
1618904811.22187	231.551	0.046	5.303	318.387	0.171
1618904811.22249	231.587	0.047	5.398	318.548	0.180
1618904811.22445	231.544	0.047	5.415	318.306	0.185
1618904811.26163	231.574	0.047	5.416	318.387	0.181
1618904811.27182	231.507	0.047	5.314	318.306	0.179
1618904811.29584	231.525	0.047	5.414	318.306	0.177
1618904811.30586	231.510	0.047	5.334	318.226	0.181
1618904811.34484	231.499	0.047	5.411	318.467	0.179
1618904811.34552	231.480	0.047	5.416	318.387	0.175
1618904811.38283	231.486	0.047	5.437	318.306	0.178
1618904811.39490	231.500	0.047	5.402	318.306	0.178
1618904811.40553	231.542	0.047	5.360	318.387	0.180
1618904811.44289	231.460	0.046	5.320	318.226	0.176
1618904811.44447	231.488	0.047	5.421	318.226	0.175
1618904811.48153	231.447	0.047	5.338	318.226	0.174
1618904811.53089	231.475	0.047	5.338	318.145	0.178
1618904811.53453	231.472	0.046	5.345	318.387	0.177
1618904811.53546	231.523	0.047	5.438	318.548	0.180
1618904811.57286	231.540	0.047	5.412	318.548	0.183
1618904811.57451	231.553	0.046	5.312	318.467	0.177
1618904811.58589	231.510	0.046	5.271	318.387	0.176
1618904811.62687	231.472	0.047	5.432	318.145	0.178
1618904811.63252	231.444	0.047	5.340	318.145	0.178
1618904811.64749	231.441	0.047	5.415	318.226	0.180
1618904811.68646	231.444	0.047	5.421	318.145	0.175
1618904811.68739	231.497	0.047	5.485	318.387	0.179
1618904811.72685	231.508	0.047	5.342	318.226	0.176
1618904811.72749	231.491	0.047	5.366	318.145	0.175
1618904811.76591	231.481	0.046	5.345	318.226	0.176
1618904811.76655	231.501	0.047	5.381	318.226	0.173
1618904811.80490	231.489	0.046	5.272	318.226	0.173
1618904811.81590	231.517	0.047	5.433	318.387	0.182
1618904811.82589	231.519	0.047	5.396	318.226	0.183
1618904811.86267	231.528	0.047	5.419	318.226	0.181
1618904811.87246	231.507	0.047	5.389	318.387	0.179
1618904811.91045	231.487	0.048	5.395	317.985	0.188
1618904811.91158	231.482	0.048	5.393	317.985	0.181
1618904811.94989	231.484	0.048	5.405	318.226	0.181
1618904811.95149	231.529	0.047	5.452	318.387	0.173
1618904811.97386	231.538	0.047	5.486	318.306	0.177
1618904812.01187	231.531	0.047	5.335	318.306	0.173
1618904812.01251	231.514	0.047	5.368	318.467	0.175
1618904812.03691	231.509	0.047	5.365	318.226	0.176
1618904812.05368	231.526	0.047	5.410	318.145	0.173
1618904812.09543	231.486	0.047	5.379	318.145	0.176
1618904812.09736	231.572	0.047	5.386	318.226	0.182
1618904812.10932	231.601	0.046	5.337	318.467	0.175
1618904812.14732	231.591	0.047	5.424	318.467	0.182
1618904812.15633	231.565	0.047	5.401	318.387	0.180
1618904812.16758	231.557	0.047	5.396	318.306	0.185
1618904812.21285	231.566	0.047	5.362	318.226	0.185
1618904812.25051	231.536	0.047	5.316	318.387	0.178
1618904812.25233	231.538	0.047	5.460	318.548	0.179
1618904812.29092	231.545	0.047	5.374	318.387	0.177
1618904812.29250	231.578	0.048	5.514	318.467	0.182
1618904812.30590	231.490	0.047	5.287	318.306	0.175
1618904812.34291	231.331	0.047	5.348	318.145	0.178
1618904812.35462	231.324	0.047	5.342	318.145	0.175
1618904812.36579	231.350	0.047	5.361	318.226	0.176
1618904812.40292	231.351	0.046	5.286	318.226	0.176
1618904812.41490	231.369	0.047	5.402	318.387	0.180
1618904812.42589	231.329	0.047	5.376	318.145	0.181
1618904812.47191	231.307	0.047	5.401	318.145	0.181
1618904812.50991	231.368	0.047	5.388	318.065	0.187
1618904812.51153	231.353	0.047	5.409	318.065	0.183
1618904812.55290	231.380	0.047	5.356	318.145	0.176
1618904812.55454	231.336	0.047	5.384	317.985	0.177
1618904812.57441	231.305	0.048	5.437	318.145	0.183
1618904812.58636	231.258	0.047	5.294	317.663	0.187
1618904812.61489	231.359	0.048	5.393	318.065	0.185
1618904812.62590	231.373	0.047	5.364	318.145	0.182
1618904812.66248	231.432	0.047	5.345	318.065	0.181
1618904812.67445	231.470	0.047	5.303	318.145	0.178
1618904812.68544	231.469	0.047	5.344	318.226	0.182
1618904812.72248	231.483	0.047	5.378	318.145	0.186
1618904812.73439	231.486	0.048	5.487	318.145	0.195
1618904812.74589	231.482	0.047	5.429	318.306	0.186
1618904812.78486	231.542	0.048	5.424	318.306	0.190
1618904812.79589	231.541	0.047	5.344	318.306	0.183
1618904812.80576	231.590	0.048	5.436	318.387	0.180
1618904812.84365	231.584	0.047	5.372	318.387	0.183
1618904812.84555	231.547	0.047	5.358	318.306	0.179
1618904812.88243	231.541	0.047	5.429	318.306	0.182
1618904812.89136	231.548	0.047	5.459	318.387	0.178
1618904812.92936	231.526	0.046	5.308	318.145	0.179
1618904812.93135	231.519	0.047	5.377	318.226	0.177
1618904812.96985	231.503	0.046	5.332	318.145	0.174
1618904812.97054	231.562	0.047	5.373	318.306	0.173
1618904812.99589	231.512	0.046	5.246	318.387	0.173
1618904813.00653	231.516	0.047	5.469	318.387	0.178
1618904813.04490	231.533	0.047	5.382	318.387	0.179
1618904813.06644	231.523	0.047	5.423	318.145	0.185
1618904813.10691	231.571	0.047	5.362	318.145	0.188
1618904813.11654	231.539	0.047	5.384	318.145	0.178
1618904813.12693	231.537	0.047	5.417	318.145	0.181
1618904813.16594	231.513	0.047	5.409	318.306	0.177
1618904813.16658	231.559	0.048	5.523	318.387	0.180
1618904813.20594	231.536	0.047	5.377	318.145	0.179
1618904813.21455	231.582	0.047	5.419	318.467	0.175
1618904813.22593	231.579	0.047	5.366	318.306	0.178
1618904813.26440	231.585	0.047	5.381	318.306	0.175
1618904813.27739	231.534	0.047	5.359	318.306	0.176
1618904813.28638	231.541	0.047	5.412	318.226	0.177
1618904813.32565	231.558	0.047	5.321	318.467	0.174
1618904813.32689	231.584	0.047	5.458	318.387	0.180
1618904813.36496	231.547	0.047	5.401	318.145	0.178
1618904813.40793	231.556	0.047	5.383	318.145	0.185
1618904813.41692	231.523	0.047	5.399	318.226	0.180
1618904813.42993	231.472	0.047	5.364	318.065	0.177
1618904813.46664	231.499	0.047	5.514	318.306	0.177
1618904813.47640	231.492	0.047	5.469	318.226	0.179
1618904813.48639	231.545	0.047	5.411	318.306	0.179
1618904813.52494	231.544	0.047	5.378	318.387	0.178
1618904813.54694	231.517	0.046	5.365	318.145	0.175
1618904813.58694	231.516	0.047	5.466	318.226	0.176
1618904813.59663	231.519	0.046	5.292	318.387	0.169
1618904813.60678	231.570	0.047	5.483	318.548	0.176
1618904813.64581	231.601	0.047	5.439	318.548	0.180
1618904813.64661	231.604	0.047	5.433	318.387	0.180
1618904813.68451	231.553	0.047	5.309	318.467	0.185
1618904813.69242	231.536	0.047	5.332	318.145	0.192
1618904813.73043	231.566	0.047	5.408	318.226	0.183
1618904813.73242	231.599	0.047	5.420	318.306	0.188
1618904813.74542	231.512	0.047	5.359	318.306	0.182
1618904813.78298	231.541	0.048	5.527	318.306	0.185
1618904813.79474	231.515	0.047	5.362	318.226	0.181
1618904813.81100	231.527	0.047	5.369	318.387	0.185
1618904813.84799	231.504	0.047	5.313	318.306	0.181
1618904813.85457	231.486	0.047	5.386	318.226	0.181
1618904813.88546	231.535	0.047	5.369	318.306	0.180
1618904813.90139	231.559	0.047	5.404	318.145	0.185
1618904813.91043	231.609	0.047	5.340	318.467	0.176
1618904813.94744	231.625	0.047	5.485	318.548	0.180
1618904813.95643	231.558	0.047	5.345	318.467	0.183
1618904813.96643	231.565	0.047	5.418	318.387	0.186
1618904814.00445	231.537	0.047	5.332	318.387	0.192
1618904814.01498	231.537	0.047	5.416	318.306	0.178
1618904814.02699	231.527	0.047	5.420	318.145	0.180
1618904814.06452	231.613	0.047	5.437	318.387	0.173
1618904814.07644	231.564	0.047	5.406	318.387	0.177
1618904814.08672	231.560	0.047	5.458	318.306	0.180
1618904814.12475	231.501	0.047	5.330	318.226	0.179
1618904814.13698	231.474	0.047	5.341	318.226	0.177
1618904814.17499	231.440	0.047	5.344	318.065	0.176
1618904814.21502	231.475	0.047	5.366	318.226	0.173
1618904814.22678	231.504	0.046	5.372	318.387	0.174
1618904814.26779	231.483	0.047	5.450	318.306	0.179
1618904814.27597	231.476	0.047	5.367	317.985	0.192
1618904814.28575	231.509	0.047	5.413	318.145	0.183
1618904814.32255	231.464	0.047	5.367	318.226	0.180
1618904814.33441	231.532	0.047	5.438	318.226	0.182
1618904814.34568	231.504	0.047	5.381	318.387	0.183
1618904814.38297	231.506	0.047	5.476	318.387	0.178
1618904814.38458	231.476	0.047	5.447	318.306	0.178
1618904814.42195	231.462	0.047	5.419	318.306	0.178
1618904814.44396	231.442	0.047	5.323	318.306	0.178
1618904814.45343	231.453	0.047	5.439	318.306	0.178
1618904814.49003	231.470	0.047	5.387	318.306	0.175
1618904814.50697	231.415	0.047	5.384	318.226	0.177
1618904814.54473	231.412	0.047	5.412	318.306	0.179
1618904814.55298	231.381	0.047	5.463	318.226	0.179
1618904814.59100	231.453	0.047	5.427	318.145	0.181
1618904814.64094	231.463	0.047	5.436	318.226	0.183
1618904814.64163	231.470	0.047	5.384	318.226	0.181
1618904814.67952	231.459	0.047	5.409	318.145	0.177
1618904814.68145	231.387	0.047	5.387	318.226	0.176
1618904814.69607	231.413	0.047	5.483	318.306	0.178
1618904814.70697	231.418	0.047	5.367	318.145	0.180
1618904814.74500	231.451	0.047	5.349	318.306	0.177
1618904814.76764	231.483	0.047	5.448	318.226	0.177
1618904814.80597	231.445	0.046	5.320	318.306	0.171
1618904814.81462	231.431	0.047	5.345	318.145	0.181
1618904814.85172	231.431	0.046	5.287	318.306	0.178
1618904814.86064	231.498	0.047	5.488	318.467	0.185
1618904814.86949	231.519	0.047	5.412	318.467	0.179
1618904814.90701	231.537	0.047	5.442	318.226	0.188
1618904814.94601	231.527	0.047	5.341	318.306	0.179
1618904814.94663	231.514	0.047	5.426	318.306	0.178
1618904814.94755	231.464	0.047	5.421	318.226	0.179
1618904814.98601	231.516	0.047	5.484	318.387	0.179
1618904814.98663	231.513	0.047	5.429	318.387	0.179
1618904815.02483	231.530	0.047	5.392	318.387	0.178
1618904815.02568	231.491	0.047	5.367	318.226	0.176
1618904815.06256	231.528	0.047	5.420	318.226	0.176
1618904815.10202	231.501	0.046	5.391	318.306	0.175
1618904815.10263	231.502	0.047	5.404	318.145	0.175
1618904815.10458	231.503	0.047	5.355	318.387	0.175
1618904815.14200	231.531	0.047	5.403	318.548	0.182
1618904815.16100	231.586	0.047	5.439	318.548	0.180
1618904815.19977	231.629	0.047	5.497	318.628	0.180
1618904815.23779	231.520	0.048	5.391	318.306	0.183
1618904815.24099	231.511	0.047	5.381	318.387	0.187
1618904815.24766	231.551	0.048	5.452	318.387	0.179
1618904815.28558	231.552	0.047	5.452	318.548	0.182
1618904815.29447	231.571	0.048	5.488	318.548	0.186
1618904815.30549	231.563	0.047	5.391	318.387	0.183
1618904815.34301	231.564	0.047	5.354	318.387	0.185
1618904815.34465	231.525	0.047	5.333	318.306	0.181
1618904815.38199	231.509	0.048	5.448	318.306	0.185
1618904815.43099	231.486	0.047	5.360	318.467	0.180
1618904815.43163	231.531	0.047	5.391	318.387	0.181
1618904815.43259	231.545	0.047	5.361	318.467	0.182
1618904815.47076	231.584	0.048	5.481	318.467	0.190
1618904815.47146	231.603	0.047	5.397	318.387	0.193
1618904815.50999	231.589	0.047	5.378	318.387	0.186
1618904815.51064	231.510	0.047	5.304	318.306	0.180
1618904815.54999	231.484	0.048	5.404	318.226	0.186
1618904815.55063	231.434	0.047	5.373	318.226	0.179
1618904815.58799	231.537	0.048	5.520	318.306	0.183
1618904815.58967	231.579	0.047	5.435	318.467	0.181
1618904815.62798	231.595	0.047	5.482	318.467	0.182
1618904815.63165	231.531	0.047	5.330	318.387	0.180
1618904815.67002	231.533	0.047	5.387	318.387	0.183
1618904815.67151	231.549	0.047	5.396	318.306	0.182
1618904815.70947	231.586	0.047	5.435	318.387	0.183
1618904815.71101	231.584	0.047	5.368	318.387	0.176
1618904815.72701	231.590	0.047	5.384	318.467	0.181
1618904815.76502	231.567	0.047	5.376	318.467	0.183
1618904815.80305	231.504	0.047	5.390	318.306	0.181
1618904815.84382	231.533	0.047	5.391	318.306	0.181
1618904815.84568	231.597	0.048	5.450	318.467	0.179
1618904815.88351	231.593	0.047	5.359	318.306	0.180
1618904815.88546	231.591	0.048	5.510	318.467	0.183
1618904815.92548	231.516	0.047	5.370	318.387	0.179
1618904815.92667	231.517	0.047	5.326	318.306	0.182
1618904815.94799	231.516	0.047	5.344	318.306	0.179
1618904815.98666	231.578	0.047	5.432	318.306	0.183
1618904815.98758	231.575	0.047	5.380	318.467	0.178
1618904816.00653	231.609	0.047	5.390	318.467	0.180
1618904816.04506	231.584	0.047	5.324	318.226	0.190
1618904816.04671	231.598	0.047	5.436	318.467	0.183
1618904816.08508	231.566	0.047	5.417	318.548	0.185
1618904816.12207	231.561	0.047	5.378	318.387	0.185
1618904816.12270	231.576	0.047	5.334	318.548	0.185
1618904816.13807	231.608	0.047	5.454	318.387	0.183
1618904816.18309	231.626	0.047	5.446	318.467	0.182
1618904816.18474	231.643	0.047	5.436	318.548	0.183
1618904816.20104	231.605	0.047	5.355	318.467	0.178
1618904816.20769	231.495	0.047	5.410	318.467	0.178
1618904816.24588	231.450	0.047	5.388	318.306	0.180
1618904816.25679	231.567	0.048	5.428	318.306	0.180
1618904816.26756	231.552	0.047	5.349	318.226	0.182
1618904816.30606	231.564	0.048	5.399	318.306	0.180
1618904816.31704	231.546	0.047	5.291	318.387	0.180
1618904816.32806	231.523	0.047	5.344	318.467	0.180
1618904816.36705	231.523	0.047	5.450	318.387	0.186
1618904816.36768	231.590	0.048	5.533	318.467	0.191
1618904816.40603	231.600	0.047	5.326	318.548	0.185
1618904816.41268	231.626	0.047	5.391	318.467	0.186
1618904816.43602	231.610	0.047	5.365	318.548	0.186
1618904816.47355	231.583	0.048	5.417	318.306	0.180
1618904816.48463	231.534	0.047	5.354	318.387	0.175
1618904816.52160	231.503	0.048	5.491	318.145	0.181
1618904816.52348	231.478	0.047	5.462	318.065	0.181
1618904816.52549	231.565	0.047	5.474	318.387	0.177
1618904816.56250	231.606	0.047	5.339	318.306	0.180
1618904816.57649	231.663	0.047	5.423	318.306	0.179
1618904816.58652	231.560	0.046	5.317	318.226	0.176
1618904816.62902	231.539	0.047	5.307	318.387	0.180
1618904816.63785	231.474	0.047	5.390	318.387	0.175
1618904816.64806	231.521	0.047	5.447	318.548	0.179
1618904816.68756	231.552	0.047	5.435	318.387	0.185
1618904816.68926	231.575	0.047	5.466	318.306	0.185
1618904816.72676	231.586	0.047	5.338	318.306	0.181
1618904816.74707	231.580	0.047	5.426	318.306	0.185
1618904816.75606	231.574	0.047	5.408	318.467	0.180
1618904816.77607	231.535	0.047	5.394	318.306	0.181
1618904816.81306	231.521	0.048	5.425	318.306	0.180
1618904816.81468	231.554	0.047	5.457	318.387	0.178
1618904816.83807	231.477	0.047	5.389	318.226	0.181
1618904816.84706	231.548	0.048	5.440	318.387	0.182
1618904816.88509	231.557	0.047	5.369	318.226	0.185
1618904816.88970	231.560	0.048	5.390	318.387	0.180
1618904816.90807	231.569	0.047	5.309	318.387	0.178
1618904816.94609	231.582	0.047	5.376	318.548	0.186
1618904816.95707	231.594	0.047	5.364	318.548	0.186
1618904816.96674	231.634	0.048	5.475	318.548	0.188
1618904817.00504	231.609	0.047	5.374	318.467	0.185
1618904817.00671	231.579	0.047	5.310	318.548	0.185
1618904817.04708	231.501	0.047	5.308	318.306	0.181
1618904817.05663	231.525	0.047	5.427	318.306	0.176
1618904817.06678	231.520	0.048	5.471	318.306	0.179
1618904817.10485	231.572	0.048	5.463	318.387	0.187
1618904817.11674	231.583	0.047	5.471	318.387	0.178
1618904817.12811	231.574	0.047	5.428	318.387	0.180
1618904817.17411	231.556	0.047	5.320	318.387	0.176
1618904817.21211	231.425	0.047	5.306	318.145	0.179
1618904817.21373	231.515	0.047	5.363	318.306	0.176
1618904817.25184	231.564	0.047	5.391	318.467	0.179
1618904817.25348	231.567	0.047	5.453	318.467	0.186
1618904817.26661	231.550	0.047	5.383	318.387	0.180
1618904817.30713	231.568	0.047	5.410	318.145	0.187
1618904817.31710	231.486	0.046	5.305	318.306	0.178
1618904817.32672	231.462	0.048	5.467	318.065	0.182
1618904817.36510	231.451	0.048	5.416	318.065	0.191
1618904817.38811	231.565	0.048	5.389	318.387	0.180
1618904817.42713	231.552	0.048	5.505	318.387	0.186
1618904817.43887	231.521	0.047	5.422	318.387	0.183
1618904817.45010	231.493	0.048	5.416	318.387	0.186
1618904817.48890	231.450	0.047	5.338	318.145	0.186
1618904817.49077	231.472	0.048	5.395	318.226	0.182
1618904817.52813	231.495	0.047	5.367	318.387	0.179
1618904817.54394	231.534	0.048	5.369	318.387	0.181
1618904817.55177	231.509	0.047	5.375	318.548	0.181
1618904817.59110	231.527	0.048	5.490	318.548	0.188
1618904817.59718	231.458	0.047	5.346	318.548	0.188
1618904817.60712	231.202	0.047	5.284	318.145	0.180
1618904817.64482	231.227	0.047	5.337	318.065	0.189
1618904817.65265	231.292	0.048	5.480	318.065	0.190
1618904817.69264	231.254	0.047	5.350	317.904	0.188
1618904817.69512	231.250	0.048	5.429	318.145	0.177
1618904817.71293	231.201	0.047	5.420	318.065	0.181
1618904817.75210	231.181	0.047	5.450	317.824	0.180
1618904817.75375	231.113	0.047	5.348	317.824	0.176
1618904817.79214	231.180	0.047	5.388	317.824	0.179
1618904817.79373	231.212	0.047	5.365	317.904	0.177
1618904817.80684	231.225	0.047	5.409	317.904	0.173
1618904817.84523	231.264	0.047	5.297	318.145	0.176
1618904817.86770	231.223	0.047	5.386	318.145	0.178
1618904817.90691	231.219	0.048	5.473	317.824	0.185
1618904817.91877	231.246	0.047	5.389	318.065	0.179
1618904817.92981	231.320	0.047	5.441	318.145	0.186
1618904817.96716	231.337	0.048	5.450	318.145	0.180
1618904817.96778	231.409	0.048	5.421	318.226	0.177
1618904818.00614	231.396	0.047	5.434	318.145	0.178
1618904818.04617	231.384	0.048	5.522	318.226	0.178
1618904818.05014	231.378	0.047	5.323	318.065	0.177
1618904818.09794	231.403	0.047	5.403	318.306	0.181
1618904818.09977	231.440	0.047	5.377	318.145	0.179
1618904818.11716	231.410	0.047	5.347	318.145	0.176
1618904818.12672	231.445	0.047	5.386	318.226	0.179
1618904818.16412	231.447	0.047	5.384	318.467	0.182
1618904818.17910	231.462	0.047	5.460	318.306	0.180
1618904818.18770	231.378	0.047	5.418	318.226	0.181
1618904818.22614	231.458	0.047	5.415	318.306	0.181
1618904818.22671	231.430	0.047	5.366	318.226	0.177
1618904818.26368	231.435	0.047	5.439	318.065	0.181
1618904818.27716	231.410	0.047	5.382	318.145	0.175
1618904818.28674	231.430	0.048	5.468	318.387	0.179
1618904818.32411	231.425	0.047	5.470	318.145	0.174
1618904818.34011	231.493	0.048	5.526	318.226	0.179
1618904818.34878	231.509	0.047	5.391	318.306	0.179
1618904818.38717	231.540	0.047	5.432	318.306	0.179
1618904818.38776	231.529	0.047	5.406	318.306	0.182
1618904818.42583	231.520	0.047	5.402	318.306	0.176
1618904818.46810	231.513	0.047	5.383	318.387	0.179
1618904818.46863	231.566	0.047	5.445	318.628	0.183
1618904818.50660	231.582	0.048	5.471	318.387	0.182
1618904818.50757	231.553	0.047	5.393	318.628	0.185
1618904818.54614	231.567	0.048	5.402	318.548	0.185
1618904818.54681	231.536	0.047	5.369	318.467	0.174
1618904818.58379	231.525	0.047	5.400	318.387	0.179
1618904818.59692	231.493	0.048	5.405	318.226	0.181
1618904818.63419	231.446	0.048	5.497	318.226	0.183
1618904818.63580	231.483	0.047	5.422	318.387	0.179
1618904818.64714	231.512	0.048	5.402	318.467	0.180
1618904818.68419	231.490	0.047	5.363	318.387	0.183
1618904818.69815	231.502	0.047	5.396	318.306	0.180
1618904818.70813	231.512	0.047	5.340	318.548	0.176
1618904818.74618	231.507	0.047	5.373	318.387	0.179
1618904818.76819	231.592	0.047	5.484	318.628	0.187
1618904818.80594	231.573	0.047	5.411	318.789	0.187
1618904818.81722	231.540	0.047	5.387	318.548	0.187
1618904818.82923	231.538	0.047	5.359	318.548	0.181
1618904818.86697	231.561	0.048	5.441	318.548	0.189
1618904818.87375	231.547	0.047	5.408	318.467	0.179
1618904818.91223	231.579	0.048	5.457	318.709	0.186
1618904818.95014	231.579	0.047	5.404	318.548	0.182
1618904818.95181	231.574	0.048	5.511	318.467	0.185
1618904818.95273	231.525	0.047	5.355	318.387	0.183
1618904818.99115	231.525	0.047	5.373	318.467	0.185
1618904818.99177	231.499	0.047	5.309	318.387	0.177
1618904819.02917	231.495	0.047	5.396	318.306	0.179
1618904819.03077	231.532	0.047	5.347	318.467	0.173
1618904819.06789	231.586	0.047	5.442	318.709	0.182
1618904819.07766	231.631	0.047	5.437	318.789	0.185
1618904819.09212	231.613	0.048	5.437	318.709	0.186
1618904819.12918	231.563	0.047	5.326	318.628	0.181
1618904819.13814	231.557	0.047	5.374	318.628	0.183
1618904819.14778	231.550	0.047	5.426	318.467	0.180
1618904819.18615	231.563	0.048	5.463	318.628	0.181
1618904819.18697	231.632	0.047	5.374	318.709	0.174
1618904819.22614	231.632	0.048	5.520	318.789	0.177
1618904819.22678	231.557	0.048	5.434	318.548	0.183
1618904819.26391	231.520	0.048	5.417	318.467	0.187
1618904819.27414	231.527	0.047	5.349	318.467	0.183
1618904819.31388	231.553	0.048	5.424	318.548	0.183
1618904819.36220	231.613	0.048	5.381	318.709	0.179
1618904819.36282	231.596	0.047	5.396	318.709	0.185
1618904819.36474	231.601	0.048	5.470	318.709	0.190
1618904819.40268	231.590	0.047	5.422	318.789	0.185
1618904819.41362	231.574	0.048	5.389	318.709	0.180
1618904819.42761	231.583	0.048	5.394	318.306	0.197
1618904819.46664	231.596	0.048	5.499	318.467	0.191
1618904819.46761	231.579	0.048	5.396	318.467	0.186
1618904819.50619	231.614	0.048	5.437	318.709	0.188
1618904819.50780	231.549	0.048	5.408	318.548	0.182
1618904819.54716	231.564	0.047	5.349	318.709	0.182
1618904819.54781	231.563	0.038	4.050	318.548	0.155
1618904819.58621	231.564	0.034	3.509	318.548	0.138
1618904819.59365	231.557	0.031	3.180	318.467	0.131
1618904819.61798	231.582	0.027	2.685	318.306	0.110
1618904819.65775	231.598	0.026	2.664	318.467	0.111
1618904819.70768	231.577	0.026	2.606	318.709	0.120
1618904819.70863	231.595	0.027	2.682	318.709	0.122
1618904819.74764	231.567	0.027	2.632	318.628	0.121
1618904819.74862	231.609	0.027	2.634	318.548	0.122
1618904819.75064	231.637	0.027	2.627	318.628	0.122
1618904819.78997	231.617	0.027	2.671	318.789	0.123
1618904819.79183	231.596	0.027	2.574	318.548	0.118
1618904819.83017	231.575	0.027	2.707	318.628	0.111
1618904819.87099	231.530	0.026	2.623	318.548	0.114
1618904819.87164	231.532	0.027	2.697	318.628	0.116
1618904819.87765	231.539	0.027	2.587	318.467	0.121
1618904819.91578	231.554	0.027	2.595	318.467	0.117
1618904819.91725	231.570	0.026	2.567	318.467	0.109
1618904819.95725	231.613	0.026	2.582	318.467	0.116
1618904819.95884	231.553	0.026	2.612	318.628	0.115
1618904820.00923	231.585	0.027	2.663	318.628	0.118
1618904820.01082	231.579	0.026	2.619	318.709	0.118
1618904820.01176	231.623	0.027	2.638	318.628	0.120
1618904820.04984	231.590	0.027	2.631	318.548	0.124
1618904820.05173	231.556	0.027	2.619	318.387	0.118
1618904820.08925	231.563	0.027	2.619	318.548	0.121
1618904820.09922	231.587	0.027	2.685	318.709	0.119
1618904820.11916	231.591	0.027	2.649	318.628	0.115
1618904820.16021	231.554	0.027	2.684	318.709	0.122
1618904820.16924	231.594	0.027	2.629	318.628	0.123
1618904820.20721	231.557	0.027	2.658	318.467	0.120
1618904820.20925	231.528	0.030	3.073	318.467	0.133
1618904820.26093	231.532	0.026	2.591	318.548	0.115
1618904820.26269	231.562	0.027	2.660	318.467	0.118
1618904820.26875	231.572	0.027	2.669	318.789	0.120
1618904820.30769	231.610	0.027	2.734	318.387	0.121
1618904820.35418	231.618	0.026	2.641	318.548	0.115
1618904820.35582	231.641	0.027	2.587	318.467	0.120
1618904820.35680	231.604	0.027	2.590	318.467	0.121
1618904820.39425	231.587	0.027	2.599	318.548	0.121
1618904820.39689	231.503	0.026	2.555	318.467	0.117
1618904820.41828	231.477	0.027	2.725	318.387	0.120
1618904820.45597	231.483	0.027	2.678	318.387	0.120
1618904820.45774	231.533	0.027	2.703	318.548	0.119
1618904820.47788	231.520	0.027	2.640	318.467	0.120
1618904820.51569	231.472	0.026	2.567	318.306	0.119
1618904820.51769	231.462	0.026	2.552	318.306	0.114
1618904820.52769	231.447	0.026	2.560	318.387	0.112
1618904820.56569	231.407	0.026	2.606	318.306	0.116
1618904820.57768	231.470	0.027	2.691	318.387	0.121
1618904820.58869	231.479	0.026	2.619	318.548	0.122
1618904820.62823	231.486	0.027	2.674	318.628	0.121
1618904820.63923	231.477	0.026	2.547	318.467	0.123
1618904820.65199	231.491	0.027	2.700	318.226	0.123
1618904820.69903	231.496	0.027	2.593	318.306	0.120
1618904820.70825	231.484	0.027	2.643	318.548	0.117
1618904820.74627	231.488	0.027	2.730	318.548	0.118
1618904820.74788	231.472	0.026	2.610	318.387	0.117
1618904820.78713	231.463	0.027	2.674	318.387	0.123
1618904820.83399	231.487	0.026	2.573	318.467	0.118
1618904820.83578	231.532	0.027	2.626	318.467	0.116
1618904820.85023	231.522	0.026	2.539	318.548	0.116
1618904820.88934	231.569	0.027	2.662	318.628	0.120
1618904820.89191	231.572	0.026	2.639	318.628	0.122
1618904820.90128	231.565	0.027	2.683	318.548	0.120
1618904820.91425	231.569	0.026	2.597	318.709	0.120
1618904820.95329	231.576	0.027	2.666	318.548	0.123
1618904820.95686	231.547	0.027	2.612	318.467	0.126
1618904820.96930	231.588	0.027	2.646	318.628	0.118
1618904821.00929	231.544	0.027	2.597	318.467	0.116
1618904821.01189	231.575	0.027	2.681	318.548	0.116
1618904821.05076	231.535	0.027	2.625	318.306	0.117
1618904821.09407	231.491	0.027	2.678	318.226	0.122
1618904821.09605	231.523	0.026	2.600	318.145	0.116
1618904821.13730	231.531	0.026	2.556	318.306	0.112
1618904821.13888	231.571	0.027	2.601	318.387	0.112
1618904821.16127	231.602	0.026	2.581	318.548	0.116
1618904821.16891	231.607	0.027	2.639	318.548	0.118
1618904821.20726	231.559	0.026	2.594	318.548	0.115
1618904821.22025	231.599	0.030	3.030	318.548	0.124
1618904821.22792	231.573	0.027	2.673	318.467	0.123
1618904821.26677	231.594	0.027	2.661	318.467	0.124
1618904821.27818	231.580	0.027	2.604	318.226	0.124
1618904821.31627	231.607	0.027	2.630	318.387	0.120
1618904821.31888	231.588	0.027	2.613	318.548	0.114
1618904821.33123	231.561	0.027	2.695	318.387	0.117
1618904821.36828	231.557	0.026	2.636	318.387	0.115
1618904821.37826	231.590	0.027	2.633	318.467	0.117
1618904821.38885	231.571	0.026	2.578	318.306	0.117
1618904821.43123	231.640	0.026	2.643	318.387	0.115
1618904821.43926	231.623	0.026	2.584	318.548	0.111
1618904821.45105	231.615	0.026	2.549	318.387	0.114
1618904821.49230	231.598	0.026	2.604	318.548	0.112
1618904821.49394	231.617	0.027	2.697	318.467	0.119
1618904821.53605	231.621	0.026	2.628	318.548	0.119
1618904821.54327	231.668	0.027	2.595	318.467	0.126
1618904821.56228	231.658	0.027	2.641	318.467	0.119
1618904821.57329	231.708	0.027	2.626	318.628	0.121
1618904821.61128	231.623	0.027	2.585	318.548	0.117
1618904821.61192	231.630	0.027	2.628	318.628	0.118
1618904821.65100	231.594	0.027	2.664	318.467	0.114
1618904821.65678	231.628	0.027	2.661	318.467	0.114
1618904821.69406	231.615	0.027	2.669	318.467	0.117
1618904821.71006	231.629	0.027	2.582	318.467	0.120
1618904821.73105	231.673	0.026	2.563	318.387	0.116
1618904821.77224	231.616	0.026	2.518	318.467	0.114
1618904821.77288	231.609	0.027	2.676	318.548	0.120
1618904821.81132	231.598	0.026	2.589	318.628	0.119
1618904821.81189	231.639	0.027	2.671	318.467	0.122
1618904821.85205	231.621	0.027	2.627	318.467	0.124
1618904821.85995	231.643	0.027	2.648	318.467	0.124
1618904821.87085	231.588	0.026	2.565	318.467	0.118
1618904821.90928	231.574	0.027	2.664	318.467	0.120
1618904821.91083	231.580	0.027	2.635	318.467	0.112
1618904821.95230	231.574	0.027	2.672	318.548	0.118
1618904821.99626	231.628	0.027	2.659	318.387	0.121
1618904821.99692	231.569	0.026	2.555	318.387	0.118
1618904822.03427	231.628	0.026	2.632	318.387	0.114
1618904822.03792	231.618	0.026	2.576	318.467	0.110
1618904822.05886	231.619	0.027	2.587	318.467	0.114
1618904822.09808	231.670	0.026	2.591	318.628	0.115
1618904822.10279	231.698	0.027	2.713	318.467	0.117
1618904822.11408	231.714	0.026	2.643	318.628	0.120
1618904822.15328	231.718	0.026	2.615	318.548	0.118
1618904822.15791	231.642	0.026	2.571	318.548	0.119
1618904822.16931	231.543	0.027	2.583	318.226	0.124
1618904822.20826	231.528	0.027	2.584	318.306	0.117
1618904822.22824	231.656	0.027	2.708	318.628	0.122
1618904822.22889	231.618	0.031	3.141	318.467	0.129
1618904822.26682	231.694	0.027	2.737	318.709	0.124
1618904822.28627	231.681	0.026	2.563	318.467	0.118
1618904822.28690	231.643	0.027	2.579	318.548	0.121
1618904822.32429	231.617	0.026	2.565	318.467	0.117
1618904822.33488	231.657	0.027	2.633	318.628	0.116
1618904822.35824	231.659	0.026	2.570	318.628	0.112
1618904822.39729	231.686	0.027	2.574	318.709	0.117
1618904822.39890	231.666	0.026	2.621	318.789	0.116
1618904822.40931	231.703	0.027	2.681	318.628	0.129
1618904822.44728	231.675	0.026	2.601	318.628	0.122
1618904822.45728	231.681	0.027	2.573	318.467	0.123
1618904822.47733	231.599	0.026	2.560	318.467	0.122
1618904822.51827	231.662	0.027	2.643	318.548	0.119
1618904822.51891	231.644	0.027	2.570	318.467	0.118
1618904822.54131	231.687	0.027	2.644	318.628	0.117
1618904822.55128	231.649	0.027	2.669	318.467	0.118
1618904822.58828	231.611	0.027	2.669	318.467	0.121
1618904822.59907	231.569	0.026	2.522	318.387	0.118
1618904822.60930	231.584	0.027	2.629	318.306	0.120
1618904822.64729	231.576	0.026	2.602	318.306	0.114
1618904822.65983	231.621	0.027	2.629	318.467	0.116
1618904822.67076	231.623	0.027	2.598	318.467	0.117
1618904822.71076	231.633	0.027	2.629	318.467	0.121
1618904822.72076	231.589	0.026	2.592	318.628	0.121
1618904822.73276	231.596	0.027	2.674	318.387	0.126
1618904822.77377	231.594	0.027	2.646	318.387	0.122
1618904822.77578	231.591	0.027	2.605	318.306	0.123
1618904822.81335	231.600	0.026	2.574	318.306	0.119
1618904822.81694	231.621	0.027	2.659	318.306	0.112
1618904822.85604	231.631	0.026	2.600	318.467	0.110
1618904822.85787	231.609	0.027	2.696	318.467	0.118
1618904822.90580	231.548	0.027	2.676	318.306	0.120
1618904822.91078	231.578	0.027	2.597	318.306	0.121
1618904822.91278	231.557	0.026	2.542	318.306	0.116
1618904822.93078	231.603	0.026	2.649	318.306	0.114
1618904822.97432	231.552	0.026	2.549	318.387	0.116
1618904822.97597	231.616	0.027	2.584	318.387	0.115
1618904823.01335	231.629	0.026	2.608	318.467	0.119
1618904823.02097	231.625	0.027	2.633	318.467	0.122
1618904823.03629	231.567	0.026	2.539	318.628	0.121
1618904823.04936	231.566	0.027	2.640	318.467	0.124
1618904823.09081	231.534	0.027	2.582	318.306	0.122
1618904823.09275	231.566	0.027	2.662	318.226	0.122
1618904823.13375	231.578	0.027	2.603	318.306	0.121
1618904823.14328	231.578	0.027	2.704	318.467	0.117
1618904823.14829	231.550	0.027	2.685	318.467	0.115
1618904823.19131	231.599	0.027	2.726	318.467	0.119
1618904823.19692	231.603	0.026	2.579	318.467	0.122
1618904823.21332	231.579	0.026	2.616	318.387	0.117
1618904823.26897	231.545	0.028	2.835	318.306	0.124
1618904823.27101	231.573	0.028	2.802	318.548	0.123
1618904823.28231	231.545	0.026	2.519	318.548	0.111
1618904823.30132	231.565	0.027	2.687	318.306	0.119
1618904823.34137	231.578	0.026	2.609	318.467	0.119
1618904823.34393	231.594	0.026	2.632	318.548	0.122
1618904823.36431	231.568	0.026	2.538	318.387	0.119
1618904823.36934	231.553	0.027	2.625	318.387	0.120
1618904823.41298	231.553	0.026	2.610	318.306	0.120
1618904823.41387	231.547	0.027	2.647	318.387	0.120
1618904823.45411	231.506	0.026	2.582	318.306	0.112
1618904823.46200	231.575	0.027	2.724	318.387	0.116
1618904823.47092	231.529	0.026	2.627	318.226	0.112
1618904823.50938	231.526	0.027	2.694	318.306	0.118
1618904823.52233	231.509	0.026	2.572	318.226	0.116
1618904823.53399	231.554	0.027	2.631	318.226	0.118
1618904823.57339	231.524	0.026	2.581	318.306	0.117
1618904823.57400	231.534	0.027	2.637	318.387	0.118
1618904823.61236	231.553	0.026	2.637	318.467	0.119
1618904823.62835	231.592	0.027	2.641	318.548	0.120
1618904823.63937	231.566	0.026	2.626	318.548	0.124
1618904823.65890	231.623	0.027	2.665	318.387	0.121
1618904823.69781	231.584	0.026	2.540	318.548	0.121
1618904823.69879	231.640	0.027	2.688	318.467	0.122
1618904823.71704	231.634	0.027	2.616	318.387	0.118
1618904823.75437	231.671	0.027	2.610	318.548	0.112
1618904823.76099	231.621	0.027	2.655	318.467	0.116
1618904823.78336	231.626	0.027	2.684	318.709	0.119
1618904823.79636	231.609	0.026	2.586	318.467	0.119
1618904823.83836	231.648	0.027	2.571	318.548	0.119
1618904823.84139	231.623	0.026	2.534	318.467	0.114
1618904823.85103	231.665	0.027	2.617	318.467	0.118
1618904823.88884	231.677	0.026	2.520	318.628	0.111
1618904823.89102	231.754	0.027	2.694	318.548	0.119
1618904823.93236	231.741	0.026	2.623	318.709	0.121
1618904823.93701	231.760	0.027	2.665	318.789	0.127
1618904823.95339	231.676	0.026	2.507	318.548	0.121
1618904823.96938	231.668	0.027	2.653	318.467	0.121
1618904824.00813	231.657	0.027	2.627	318.548	0.118
1618904824.02364	231.672	0.027	2.643	318.548	0.121
1618904824.04339	231.682	0.027	2.651	318.467	0.121
1618904824.04940	231.704	0.027	2.718	318.709	0.117
1618904824.09096	231.670	0.026	2.638	318.548	0.116
1618904824.09994	231.676	0.026	2.661	318.387	0.112
1618904824.11196	231.585	0.025	2.499	318.226	0.110
1618904824.14985	231.593	0.026	2.579	318.226	0.112
1618904824.16216	231.622	0.026	2.588	318.226	0.115
1618904824.17090	231.647	0.026	2.590	318.306	0.111
1618904824.21046	231.663	0.026	2.603	318.548	0.116
1618904824.21201	231.708	0.027	2.674	318.467	0.120
1618904824.25392	231.692	0.026	2.598	318.387	0.120
1618904824.26380	231.652	0.030	3.078	318.306	0.133
1618904824.27096	231.630	0.027	2.651	318.387	0.123
1618904824.31415	231.681	0.027	2.677	318.387	0.126
1618904824.32316	231.667	0.027	2.592	318.548	0.119
1618904824.33380	231.625	0.027	2.691	318.387	0.117
1618904824.37096	231.628	0.027	2.673	318.226	0.114
1618904824.39192	231.613	0.026	2.645	318.548	0.115
1618904824.41310	231.558	0.026	2.595	318.467	0.119
1618904824.41707	231.636	0.027	2.681	318.306	0.119
1618904824.43094	231.678	0.026	2.607	318.467	0.117
1618904824.47198	231.681	0.027	2.656	318.628	0.112
1618904824.48190	231.632	0.026	2.602	318.709	0.111
1618904824.49097	231.689	0.027	2.601	318.628	0.116
1618904824.53418	231.697	0.026	2.583	318.789	0.118
1618904824.53594	231.698	0.027	2.649	318.709	0.123
1618904824.54893	231.713	0.026	2.608	318.709	0.118
1618904824.58879	231.734	0.027	2.675	318.709	0.123
1618904824.59277	231.699	0.026	2.539	318.950	0.119
1618904824.63339	231.683	0.027	2.646	318.709	0.117
1618904824.64317	231.686	0.026	2.576	318.709	0.109
1618904824.68145	231.712	0.027	2.701	318.870	0.117
1618904824.69118	231.684	0.026	2.607	318.789	0.114
1618904824.72840	231.549	0.025	2.426	318.548	0.107
1618904824.74040	231.678	0.028	2.796	318.789	0.121
1618904824.75237	231.438	0.026	2.516	318.387	0.121
1618904824.79103	231.537	0.026	2.521	318.628	0.118
1618904824.80142	231.241	0.025	2.473	318.387	0.114
1618904824.81139	231.679	0.029	2.935	318.467	0.132
1618904824.85613	231.503	0.026	2.577	318.548	0.116
1618904824.85692	231.578	0.026	2.543	318.709	0.123
1618904824.89440	231.685	0.028	2.774	318.467	0.131
1618904824.89818	231.786	0.027	2.731	318.709	0.123
1618904824.90941	231.766	0.027	2.635	318.870	0.116
1618904824.96729	231.773	0.027	2.590	318.870	0.117
1618904824.96901	231.711	0.027	2.645	318.789	0.116
1618904824.97099	231.774	0.027	2.703	318.789	0.119
1618904825.01344	231.763	0.027	2.651	318.789	0.120
1618904825.01920	231.765	0.026	2.573	318.789	0.117
1618904825.03238	231.720	0.027	2.549	318.628	0.119
1618904825.06894	231.719	0.027	2.593	318.709	0.120
1618904825.08100	231.712	0.026	2.566	318.789	0.115
1618904825.11791	231.706	0.027	2.593	318.709	0.118
1618904825.12364	231.664	0.026	2.607	318.628	0.118
1618904825.13293	231.707	0.029	3.041	318.709	0.122
1618904825.17092	231.752	0.029	2.884	319.031	0.139
1618904825.17198	231.758	0.027	2.662	318.548	0.124
1618904825.21309	231.716	0.027	2.630	318.628	0.121
1618904825.22015	231.735	0.027	2.636	318.628	0.120
1618904825.23239	231.654	0.026	2.561	318.709	0.116
1618904825.27097	231.700	0.028	2.777	318.628	0.123
1618904825.27195	231.679	0.030	3.014	318.628	0.129
1618904825.30896	231.729	0.027	2.698	318.789	0.119
1618904825.32287	231.693	0.026	2.590	318.628	0.117
1618904825.36588	231.668	0.027	2.532	318.628	0.121
1618904825.36687	231.582	0.026	2.499	318.628	0.117
1618904825.38987	231.557	0.027	2.571	318.467	0.120
1618904825.40288	231.562	0.027	2.655	318.467	0.116
1618904825.41590	231.591	0.027	2.733	318.548	0.124
1618904825.45414	231.597	0.027	2.612	318.467	0.124
1618904825.45694	231.586	0.027	2.544	318.467	0.124
1618904825.46944	231.580	0.027	2.603	318.548	0.124
1618904825.50723	231.593	0.027	2.654	318.387	0.124
1618904825.51738	231.577	0.027	2.625	318.548	0.121
1618904825.52937	231.619	0.027	2.623	318.628	0.120
1618904825.56744	231.580	0.027	2.587	318.387	0.117
1618904825.61410	231.591	0.027	2.673	318.628	0.118
1618904825.61606	231.555	0.026	2.634	318.467	0.117
1618904825.61715	231.527	0.027	2.687	318.548	0.119
1618904825.65616	231.579	0.026	2.583	318.387	0.120
1618904825.65696	231.438	0.026	2.461	318.467	0.110
1618904825.69396	231.237	0.026	2.468	318.145	0.114
1618904825.70584	231.222	0.026	2.624	318.145	0.112
1618904825.71084	231.212	0.026	2.588	318.226	0.115
1618904825.74918	231.224	0.027	2.628	318.065	0.122
1618904825.75094	231.165	0.027	2.597	318.145	0.124
1618904825.79445	231.212	0.027	2.643	317.985	0.128
1618904825.80638	231.193	0.027	2.601	317.985	0.120
1618904825.82238	231.251	0.028	2.739	317.985	0.124
1618904825.83139	231.238	0.027	2.565	317.904	0.119
1618904825.86909	231.125	0.027	2.627	318.065	0.120
1618904825.87345	231.145	0.027	2.633	317.824	0.118
1618904825.91242	231.143	0.027	2.691	317.904	0.118
1618904825.91440	231.122	0.026	2.565	317.824	0.120
1618904825.95345	231.068	0.027	2.564	317.743	0.123
1618904825.95743	231.084	0.026	2.553	317.904	0.120
1618904825.99645	231.164	0.027	2.667	317.824	0.119
1618904825.99809	231.159	0.026	2.524	317.904	0.112
1618904826.03744	231.172	0.027	2.654	317.904	0.121
1618904826.03908	231.167	0.027	2.615	317.904	0.123
1618904826.05116	231.191	0.027	2.696	317.824	0.124
1618904826.08844	231.136	0.026	2.539	317.904	0.124
1618904826.10231	231.196	0.027	2.624	317.904	0.121
1618904826.11745	231.196	0.027	2.610	317.824	0.123
1618904826.12945	231.220	0.027	2.648	317.824	0.119
1618904826.16843	231.170	0.027	2.610	317.904	0.115
1618904826.17845	231.170	0.027	2.715	318.145	0.120
1618904826.19142	231.189	0.026	2.569	317.904	0.118
1618904826.22843	231.091	0.027	2.600	317.904	0.120
1618904826.22907	231.157	0.026	2.566	318.065	0.120
1618904826.26799	231.185	0.026	2.607	317.985	0.114
1618904826.28241	231.167	0.029	2.953	318.226	0.133
1618904826.29343	231.174	0.027	2.714	317.985	0.122
1618904826.33343	231.153	0.026	2.561	318.226	0.117
1618904826.33922	231.173	0.027	2.668	318.145	0.120
1618904826.35116	231.195	0.026	2.603	318.065	0.122
1618904826.38944	231.264	0.027	2.619	318.145	0.124
1618904826.39206	231.280	0.026	2.564	318.065	0.121
1618904826.42945	231.305	0.027	2.714	318.065	0.123
1618904826.47298	231.292	0.026	2.532	318.145	0.116
1618904826.47587	231.254	0.027	2.655	318.065	0.115
1618904826.47687	231.236	0.026	2.630	317.904	0.111
1618904826.50488	231.251	0.027	2.720	317.904	0.119
1618904826.54387	231.252	0.026	2.543	317.985	0.118
1618904826.54788	231.296	0.026	2.583	318.145	0.114
1618904826.54888	231.268	0.026	2.527	318.065	0.115
1618904826.58947	231.277	0.026	2.574	317.985	0.114
1618904826.60342	231.228	0.026	2.521	318.065	0.114
1618904826.61442	231.270	0.027	2.641	318.065	0.115
1618904826.63942	231.235	0.026	2.577	318.145	0.116
1618904826.67805	231.261	0.026	2.638	318.065	0.121
1618904826.67916	231.292	0.027	2.642	318.145	0.122
1618904826.70742	231.280	0.027	2.697	317.985	0.123
1618904826.73241	231.252	0.026	2.565	318.065	0.118
1618904826.78751	231.244	0.026	2.598	318.145	0.112
1618904826.79811	231.297	0.028	2.806	318.306	0.141
1618904826.79909	231.357	0.026	2.629	318.306	0.115
1618904826.82545	231.403	0.026	2.564	318.950	0.110
1618904826.87000	231.356	0.025	2.497	319.111	0.108
1618904826.87345	231.373	0.026	2.539	318.467	0.111
1618904826.91241	231.313	0.026	2.594	318.226	0.115
1618904826.91513	231.325	0.026	2.554	318.306	0.116
1618904826.93193	231.329	0.027	2.648	318.226	0.123
1618904826.97004	231.289	0.026	2.531	318.226	0.123
1618904826.97194	231.272	0.027	2.551	318.065	0.122
1618904826.99298	231.183	0.026	2.516	318.226	0.117
1618904827.03748	231.171	0.027	2.745	318.065	0.120
1618904827.04038	231.254	0.026	2.586	318.145	0.114
1618904827.05010	231.224	0.027	2.712	318.387	0.115
1618904827.09125	231.219	0.026	2.670	318.226	0.115
1618904827.09306	231.244	0.027	2.683	318.306	0.120
1618904827.13448	231.198	0.026	2.526	318.226	0.116
1618904827.14850	231.148	0.027	2.575	318.226	0.115
1618904827.15848	231.137	0.026	2.562	318.226	0.117
1618904827.17942	231.172	0.026	2.593	318.226	0.115
1618904827.23050	231.126	0.026	2.597	318.467	0.112
1618904827.23213	231.195	0.027	2.692	318.226	0.119
1618904827.24847	231.159	0.025	2.505	318.226	0.117
1618904827.25903	231.123	0.027	2.666	318.226	0.120
1618904827.29950	231.121	0.026	2.573	318.145	0.121
1618904827.30014	231.125	0.030	3.138	317.985	0.138
1618904827.30908	231.122	0.026	2.608	318.065	0.119
1618904827.34850	231.134	0.027	2.691	318.065	0.119
1618904827.36042	231.102	0.027	2.594	318.065	0.115
1618904827.37318	231.137	0.027	2.716	318.065	0.116
1618904827.41649	231.126	0.026	2.622	318.065	0.116
1618904827.41818	231.125	0.027	2.695	318.065	0.124
1618904827.43550	231.044	0.026	2.551	317.824	0.115
1618904827.47950	231.030	0.026	2.566	317.824	0.116
1618904827.48014	231.081	0.026	2.592	317.985	0.115
1618904827.50443	231.150	0.027	2.605	318.145	0.112
1618904827.54450	231.134	0.026	2.605	318.065	0.118
1618904827.54518	231.114	0.027	2.659	318.065	0.120
1618904827.56050	231.098	0.026	2.591	318.065	0.126
1618904827.57550	231.113	0.027	2.672	317.985	0.127
1618904827.61400	231.107	0.026	2.522	318.065	0.120
1618904827.61999	231.160	0.027	2.684	317.985	0.127
1618904827.66006	231.131	0.026	2.538	317.985	0.117
1618904827.66307	231.154	0.027	2.657	317.985	0.117
1618904827.68908	231.105	0.026	2.621	317.904	0.108
1618904827.69698	231.074	0.026	2.684	317.904	0.112
1618904827.74292	231.045	0.026	2.578	317.824	0.112
1618904827.75193	231.098	0.026	2.521	317.985	0.118
1618904827.79350	231.156	0.027	2.601	317.985	0.117
1618904827.79531	231.117	0.026	2.468	318.145	0.111
1618904827.83350	231.125	0.027	2.663	317.985	0.118
1618904827.83511	231.084	0.026	2.552	318.226	0.119
1618904827.86024	231.092	0.027	2.679	318.145	0.124
1618904827.88247	231.083	0.026	2.531	318.065	0.128
1618904827.92272	231.089	0.027	2.685	317.904	0.124
1618904827.92412	231.082	0.026	2.586	318.065	0.117
1618904827.97349	231.083	0.027	2.602	317.985	0.117
1618904827.97412	231.087	0.027	2.660	318.065	0.116
1618904827.98950	231.082	0.027	2.693	318.145	0.117
1618904828.00445	231.061	0.027	2.670	318.065	0.117
1618904828.01212	231.087	0.027	2.683	318.145	0.121
1618904828.05223	231.042	0.026	2.510	318.065	0.115
1618904828.05402	231.058	0.026	2.554	318.065	0.117
1618904828.09201	231.035	0.027	2.537	317.904	0.118
1618904828.10194	231.021	0.026	2.580	318.065	0.112
1618904828.11242	231.032	0.026	2.576	318.226	0.116
1618904828.15047	231.057	0.027	2.686	318.065	0.121
1618904828.16011	231.041	0.027	2.598	318.145	0.121
1618904828.17013	231.101	0.027	2.658	318.065	0.122
1618904828.20947	231.065	0.027	2.565	318.065	0.128
1618904828.21033	231.082	0.027	2.657	318.065	0.120
1618904828.24907	230.987	0.026	2.548	317.985	0.116
1618904828.29358	231.029	0.027	2.637	318.065	0.119
1618904828.29417	231.029	0.027	2.661	317.985	0.119
1618904828.30049	231.070	0.029	2.919	317.985	0.133
1618904828.33855	231.036	0.028	2.714	317.985	0.118
1618904828.33917	231.057	0.027	2.592	318.065	0.118
1618904828.36052	231.092	0.026	2.590	317.904	0.111
1618904828.37051	231.106	0.026	2.593	317.985	0.114
1618904828.40849	231.041	0.026	2.485	318.145	0.109
1618904828.44557	231.075	0.027	2.723	318.145	0.120
1618904828.44827	231.073	0.026	2.581	318.226	0.117
1618904828.46006	231.125	0.027	2.696	318.226	0.123
1618904828.46997	231.159	0.027	2.586	318.226	0.126
1618904828.50853	231.153	0.027	2.619	318.065	0.119
1618904828.53053	231.095	0.027	2.664	318.145	0.122
1618904828.56849	231.056	0.026	2.588	318.145	0.112
1618904828.58045	231.107	0.027	2.693	318.306	0.116
1618904828.59205	231.095	0.026	2.613	318.145	0.115
1618904828.63035	231.109	0.026	2.679	317.985	0.112
1618904828.63734	231.034	0.025	2.477	317.985	0.111
1618904828.67437	231.025	0.026	2.578	317.904	0.114
1618904828.68359	231.000	0.026	2.531	317.824	0.109
1618904828.69253	231.024	0.026	2.577	318.065	0.112
1618904828.72954	231.055	0.026	2.603	318.226	0.112
1618904828.74053	231.069	0.027	2.655	317.985	0.117
1618904828.75217	231.091	0.026	2.608	318.226	0.121
1618904828.79051	231.125	0.026	2.617	318.145	0.120
1618904828.80755	231.075	0.026	2.603	317.985	0.119
1618904828.81754	231.101	0.027	2.642	317.985	0.120
1618904828.85513	231.071	0.027	2.615	317.985	0.119
1618904828.85708	231.124	0.027	2.687	318.145	0.114
1618904828.89454	231.120	0.027	2.652	318.065	0.112
1618904828.90852	231.134	0.027	2.666	318.145	0.121
1618904828.91952	231.087	0.026	2.539	318.145	0.115
1618904828.94052	231.061	0.027	2.624	318.145	0.118
1618904828.97851	231.060	0.026	2.492	317.985	0.112
1618904828.97915	231.081	0.027	2.627	317.985	0.117
1618904828.99012	231.108	0.026	2.523	318.145	0.112
1618904829.02852	231.149	0.026	2.650	318.226	0.116
1618904829.02919	231.137	0.026	2.607	318.387	0.116
1618904829.06729	231.172	0.026	2.631	318.226	0.121
1618904829.07899	231.111	0.026	2.558	318.065	0.119
1618904829.11846	231.107	0.027	2.622	317.985	0.122
1618904829.12035	231.098	0.027	2.598	318.065	0.121
1618904829.16255	231.138	0.027	2.657	317.985	0.121
1618904829.17253	231.107	0.027	2.706	318.065	0.119
1618904829.19054	231.091	0.026	2.615	317.985	0.118
1618904829.22854	231.067	0.027	2.656	317.985	0.122
1618904829.22921	231.053	0.026	2.521	317.904	0.118
1618904829.27507	231.048	0.026	2.594	317.904	0.116
1618904829.32257	231.055	0.026	2.634	317.904	0.114
1618904829.32519	231.085	0.029	2.980	318.145	0.120
1618904829.32928	231.082	0.026	2.645	317.985	0.119
1618904829.36755	231.067	0.026	2.628	317.985	0.123
1618904829.38051	231.091	0.027	2.635	317.985	0.122
1618904829.39020	231.093	0.026	2.590	318.065	0.122
1618904829.43248	231.152	0.027	2.682	318.145	0.118
1618904829.44254	231.151	0.026	2.579	318.145	0.114
1618904829.45222	231.155	0.027	2.639	318.226	0.114
1618904829.48958	231.087	0.026	2.621	318.145	0.109
1618904829.49221	231.091	0.027	2.674	318.065	0.116
1618904829.52958	231.040	0.026	2.615	317.904	0.118
1618904829.54154	231.032	0.027	2.666	318.065	0.119
1618904829.55219	231.079	0.026	2.519	317.904	0.115
1618904829.59054	231.126	0.027	2.598	317.985	0.112
1618904829.60555	231.084	0.026	2.543	318.065	0.111
1618904829.61424	231.123	0.026	2.595	318.145	0.115
1618904829.65723	231.051	0.026	2.593	318.065	0.118
1618904829.66758	231.040	0.027	2.627	318.145	0.119
1618904829.67923	231.064	0.026	2.499	317.985	0.123
1618904829.71703	231.095	0.027	2.687	318.065	0.124
1618904829.71801	231.099	0.027	2.576	317.985	0.118
1618904829.75720	231.144	0.027	2.652	318.145	0.120
1618904829.75952	231.109	0.026	2.572	317.985	0.117
1618904829.77256	231.065	0.027	2.664	317.904	0.114
1618904829.81058	231.044	0.027	2.659	317.985	0.118
1618904829.81221	231.057	0.027	2.647	318.065	0.119
1618904829.84958	231.045	0.026	2.559	318.065	0.117
1618904829.86008	231.110	0.027	2.615	317.985	0.117
1618904829.87001	231.132	0.026	2.640	318.145	0.112
1618904829.90954	231.143	0.026	2.580	318.226	0.112
1618904829.92055	231.114	0.026	2.590	318.226	0.112
1618904829.93255	231.124	0.026	2.658	318.145	0.115
1618904829.96958	231.139	0.026	2.583	318.226	0.117
1618904829.98227	231.173	0.027	2.707	318.226	0.119
1618904830.01940	231.188	0.026	2.505	318.226	0.117
1618904830.02255	231.157	0.027	2.646	318.226	0.117
1618904830.06034	231.170	0.026	2.551	318.065	0.121
1618904830.06302	231.101	0.027	2.589	318.145	0.115
1618904830.07305	231.070	0.026	2.630	317.985	0.111
1618904830.11060	231.100	0.027	2.721	318.065	0.118
1618904830.12259	231.105	0.027	2.701	318.065	0.120
1618904830.13257	231.134	0.027	2.631	317.985	0.115
1618904830.16959	231.111	0.026	2.543	317.824	0.116
1618904830.18157	231.113	0.028	2.748	317.904	0.115
1618904830.19223	231.082	0.026	2.486	317.904	0.109
1618904830.23019	231.076	0.027	2.665	318.065	0.115
1618904830.23214	231.085	0.026	2.615	318.065	0.117
1618904830.26915	231.128	0.027	2.672	317.824	0.115
1618904830.31558	231.146	0.027	2.669	318.065	0.123
1618904830.31724	231.159	0.027	2.628	318.065	0.122
1618904830.35457	231.145	0.030	3.051	318.065	0.140
1618904830.35523	231.060	0.026	2.591	317.904	0.112
1618904830.39358	231.081	0.027	2.631	318.065	0.116
1618904830.39421	231.026	0.026	2.598	317.985	0.116
1618904830.43236	231.020	0.027	2.666	317.824	0.116
1618904830.46109	231.078	0.027	2.642	317.904	0.116
1618904830.49904	231.027	0.026	2.531	317.824	0.114
1618904830.50159	231.057	0.026	2.601	317.582	0.111
1618904830.54358	231.105	0.026	2.545	317.824	0.114
1618904830.54522	231.145	0.026	2.643	317.985	0.120
1618904830.55358	231.095	0.026	2.561	317.985	0.117
1618904830.59238	231.145	0.026	2.678	317.985	0.117
1618904830.61256	231.065	0.027	2.659	317.824	0.124
1618904830.64963	231.060	0.026	2.589	317.904	0.118
1618904830.65022	231.081	0.027	2.635	317.824	0.112
1618904830.68834	231.126	0.027	2.685	317.904	0.117
1618904830.70239	231.114	0.027	2.684	318.065	0.116
1618904830.71240	231.086	0.026	2.617	317.985	0.117
1618904830.74964	231.079	0.026	2.526	317.824	0.116
1618904830.76060	231.016	0.026	2.520	317.663	0.115
1618904830.77259	231.035	0.026	2.560	317.663	0.115
1618904830.81060	231.056	0.026	2.587	317.985	0.115
1618904830.81223	231.100	0.026	2.537	317.904	0.111
1618904830.84963	231.030	0.026	2.521	317.824	0.114
1618904830.86537	231.046	0.026	2.586	317.743	0.120
1618904830.90359	231.037	0.026	2.618	317.824	0.126
1618904830.90423	231.061	0.027	2.606	317.743	0.126
1618904830.94409	231.102	0.027	2.609	317.663	0.118
1618904830.95358	231.196	0.026	2.605	317.904	0.109
1618904830.99060	231.220	0.027	2.744	318.145	0.115
1618904830.99961	231.206	0.027	2.650	318.145	0.118
1618904831.02162	231.145	0.026	2.626	318.226	0.115
1618904831.03261	231.093	0.026	2.521	317.904	0.114
1618904831.06921	231.072	0.026	2.627	317.824	0.116
1618904831.08061	231.096	0.026	2.606	317.904	0.110
1618904831.09260	231.142	0.026	2.636	317.824	0.109
1618904831.12962	231.105	0.025	2.488	317.985	0.107
1618904831.13526	231.133	0.026	2.598	318.145	0.114
1618904831.17363	231.075	0.026	2.566	317.904	0.117
1618904831.21362	231.036	0.026	2.598	317.743	0.116
1618904831.21427	231.091	0.027	2.652	317.663	0.119
1618904831.25325	231.141	0.027	2.603	317.743	0.117
1618904831.25415	231.149	0.027	2.664	317.985	0.115
1618904831.29235	231.106	0.026	2.604	317.743	0.111
1618904831.30262	231.051	0.027	2.683	317.824	0.114
1618904831.33964	231.010	0.026	2.567	317.663	0.111
1618904831.34224	231.036	0.029	2.927	317.743	0.131
1618904831.37954	231.004	0.027	2.714	317.663	0.117
1618904831.38029	231.108	0.027	2.685	317.582	0.116
1618904831.39063	231.128	0.026	2.594	317.985	0.116
1618904831.42963	231.118	0.026	2.586	317.904	0.115
1618904831.43028	231.089	0.026	2.564	317.904	0.115
1618904831.46823	231.058	0.026	2.631	317.985	0.123
1618904831.46907	231.019	0.026	2.608	317.985	0.118
1618904831.50722	230.993	0.026	2.651	317.582	0.118
1618904831.50810	231.070	0.026	2.605	317.582	0.114
1618904831.54866	231.140	0.027	2.642	317.824	0.119
1618904831.57073	231.161	0.026	2.691	317.985	0.114
1618904831.60865	231.078	0.026	2.623	317.904	0.112
1618904831.60931	231.038	0.026	2.585	317.824	0.118
1618904831.64770	231.050	0.026	2.570	317.743	0.114
1618904831.66813	231.062	0.027	2.677	317.824	0.117
1618904831.67529	231.082	0.026	2.577	317.743	0.112
1618904831.71365	231.110	0.027	2.679	317.743	0.114
1618904831.73561	231.099	0.026	2.649	317.985	0.119
1618904831.77367	231.085	0.026	2.594	317.985	0.118
1618904831.77429	231.127	0.027	2.683	317.904	0.123
1618904831.81267	231.145	0.026	2.601	317.904	0.120
1618904831.85237	231.158	0.026	2.579	317.985	0.121
1618904831.86031	231.159	0.027	2.610	317.904	0.115
1618904831.89863	231.104	0.026	2.667	317.904	0.112
1618904831.89928	231.113	0.027	2.749	318.065	0.112
1618904831.94178	231.142	0.027	2.666	317.985	0.120
1618904831.94207	231.166	0.027	2.567	317.985	0.120
1618904831.98868	231.141	0.026	2.546	317.985	0.117
