# timestamp	V	A	W	V	A
1618993908.54944	1267.797	0.135	72.897	318.870	0.112
1618993908.58765	231.446	0.025	2.462	318.709	0.108
1618993908.58927	231.458	0.025	2.420	318.628	0.108
1618993908.62768	231.513	0.025	2.426	318.789	0.107
1618993908.63062	231.453	0.025	2.417	318.628	0.109
1618993908.64079	231.459	0.025	2.409	318.548	0.108
1618993908.67961	231.434	0.025	2.444	318.548	0.109
1618993908.68026	231.421	0.025	2.420	318.628	0.108
1618993908.71866	231.398	0.025	2.400	318.548	0.108
1618993908.76063	231.439	0.025	2.447	318.628	0.110
1618993908.76224	231.457	0.025	2.465	318.709	0.109
1618993908.76462	231.431	0.024	2.387	318.628	0.106
1618993908.80264	231.413	0.025	2.417	318.628	0.111
1618993908.80929	231.415	0.025	2.479	318.709	0.110
1618993908.84939	231.440	0.025	2.415	318.548	0.109
1618993908.85431	231.451	0.025	2.408	318.789	0.107
1618993908.89365	231.451	0.025	2.379	318.709	0.108
1618993908.89947	231.434	0.025	2.459	318.548	0.111
1618993908.93864	231.441	0.028	2.881	318.628	0.119
1618993908.94764	231.480	0.025	2.432	318.709	0.109
1618993908.98470	231.449	0.025	2.442	318.789	0.109
1618993908.98623	231.421	0.025	2.405	318.548	0.109
1618993908.99741	231.365	0.024	2.375	318.548	0.107
1618993909.03466	231.344	0.025	2.425	318.467	0.109
1618993909.04570	231.323	0.025	2.450	318.467	0.108
1618993909.05866	231.327	0.025	2.414	318.548	0.108
1618993909.09765	231.367	0.025	2.450	318.548	0.108
1618993909.11767	231.355	0.025	2.450	318.628	0.108
1618993909.12029	231.403	0.025	2.492	318.628	0.109
1618993909.15967	231.428	0.025	2.441	318.709	0.107
1618993909.16029	231.389	0.025	2.426	318.628	0.108
1618993909.19867	231.382	0.025	2.413	318.628	0.109
1618993909.21271	231.375	0.025	2.450	318.709	0.110
1618993909.25274	231.374	0.025	2.428	318.709	0.110
1618993909.25426	231.451	0.025	2.430	318.628	0.108
1618993909.29276	231.497	0.025	2.424	318.709	0.108
1618993909.29427	231.434	0.025	2.454	318.628	0.109
1618993909.33675	231.440	0.024	2.409	318.628	0.107
1618993909.33826	231.367	0.025	2.409	318.548	0.108
1618993909.33925	231.348	0.025	2.424	318.628	0.107
1618993909.37742	231.336	0.024	2.422	318.789	0.107
1618993909.37820	231.395	0.025	2.469	318.709	0.108
1618993909.41543	231.424	0.025	2.431	318.870	0.110
1618993909.41722	231.362	0.024	2.420	318.709	0.109
1618993909.45572	231.396	0.025	2.463	318.789	0.109
1618993909.46545	231.397	0.025	2.486	318.789	0.109
1618993909.47567	231.429	0.025	2.451	318.789	0.110
1618993909.51474	231.409	0.024	2.409	318.870	0.107
1618993909.52969	231.401	0.025	2.440	318.789	0.109
1618993909.53866	231.388	0.025	2.399	318.789	0.109
1618993909.57565	231.383	0.025	2.446	318.789	0.108
1618993909.57730	231.368	0.025	2.403	318.789	0.109
1618993909.61469	231.401	0.025	2.416	318.628	0.110
1618993909.62874	231.452	0.025	2.438	318.789	0.107
1618993909.66550	231.411	0.025	2.418	318.789	0.108
1618993909.66733	231.427	0.025	2.423	318.870	0.109
1618993909.70445	231.418	0.025	2.429	318.709	0.109
1618993909.70523	231.354	0.025	2.400	318.709	0.107
1618993909.71768	231.330	0.024	2.400	318.709	0.108
1618993909.75445	231.376	0.025	2.434	318.628	0.109
1618993909.75525	231.386	0.025	2.431	318.709	0.111
1618993909.79369	231.367	0.025	2.413	318.709	0.111
1618993909.80532	231.427	0.025	2.457	318.709	0.109
1618993909.84365	231.409	0.025	2.428	318.870	0.107
1618993909.84530	231.382	0.025	2.421	318.628	0.110
1618993909.88369	231.364	0.025	2.399	318.628	0.106
1618993909.88529	231.363	0.025	2.472	318.709	0.110
1618993909.89570	231.389	0.025	2.439	318.789	0.108
1618993909.93345	231.397	0.025	2.496	318.709	0.114
1618993909.97069	231.351	0.027	2.770	318.628	0.123
1618993909.97231	231.404	0.025	2.439	318.709	0.114
1618993909.98479	231.352	0.025	2.424	318.628	0.107
1618993910.02275	231.334	0.025	2.412	318.628	0.106
1618993910.02432	231.293	0.024	2.359	318.628	0.106
1618993910.06667	231.150	0.025	2.428	318.387	0.111
1618993910.06833	231.186	0.025	2.437	318.548	0.109
1618993910.08074	231.223	0.025	2.403	318.628	0.106
1618993910.12075	231.265	0.025	2.449	318.548	0.108
1618993910.12228	231.273	0.025	2.402	318.548	0.109
1618993910.15969	231.261	0.024	2.382	318.548	0.107
1618993910.16063	231.198	0.025	2.439	318.467	0.107
1618993910.19826	231.203	0.025	2.406	318.387	0.109
1618993910.23729	231.181	0.025	2.419	318.467	0.109
1618993910.23849	231.238	0.025	2.429	318.306	0.109
1618993910.23942	231.271	0.025	2.433	318.628	0.110
1618993910.27771	231.221	0.024	2.398	318.387	0.107
1618993910.27931	231.221	0.025	2.415	318.467	0.108
1618993910.31847	231.188	0.025	2.450	318.467	0.112
1618993910.35678	231.219	0.025	2.438	318.467	0.110
1618993910.35834	231.268	0.025	2.466	318.628	0.112
1618993910.36769	231.271	0.025	2.455	318.548	0.109
1618993910.38875	231.272	0.025	2.424	318.548	0.109
1618993910.42551	231.258	0.025	2.422	318.467	0.109
1618993910.42830	231.211	0.025	2.415	318.548	0.108
1618993910.43848	231.232	0.025	2.420	318.548	0.112
1618993910.47571	231.227	0.025	2.447	318.467	0.111
1618993910.52479	231.251	0.025	2.451	318.628	0.110
1618993910.52534	231.261	0.025	2.435	318.548	0.112
1618993910.52828	231.307	0.025	2.444	318.628	0.108
1618993910.53847	231.220	0.025	2.384	318.548	0.108
1618993910.57570	231.211	0.024	2.379	318.628	0.105
1618993910.58548	231.214	0.025	2.401	318.467	0.107
1618993910.59571	231.217	0.025	2.443	318.467	0.109
1618993910.63352	231.260	0.025	2.396	318.548	0.108
1618993910.64571	231.256	0.025	2.460	318.467	0.110
1618993910.65772	231.254	0.025	2.439	318.467	0.110
1618993910.69446	231.225	0.025	2.399	318.467	0.110
1618993910.69525	231.227	0.025	2.405	318.467	0.111
1618993910.73375	231.239	0.025	2.472	318.467	0.109
1618993910.77972	231.282	0.025	2.417	318.628	0.110
1618993910.78036	231.298	0.025	2.465	318.709	0.109
1618993910.78229	231.291	0.025	2.412	318.548	0.110
1618993910.81972	231.290	0.025	2.413	318.628	0.107
1618993910.82036	231.198	0.025	2.400	318.387	0.109
1618993910.86271	231.228	0.025	2.449	318.387	0.111
1618993910.86326	231.223	0.025	2.423	318.467	0.106
1618993910.90048	231.264	0.025	2.436	318.467	0.109
1618993910.90229	231.267	0.025	2.450	318.548	0.108
1618993910.93950	231.300	0.025	2.410	318.387	0.108
1618993910.94029	231.273	0.027	2.727	318.467	0.124
1618993910.97973	231.228	0.026	2.518	318.387	0.114
1618993910.98569	231.203	0.025	2.433	318.387	0.111
1618993911.02478	231.257	0.025	2.475	318.467	0.110
1618993911.02531	231.250	0.025	2.443	318.467	0.110
1618993911.06425	231.278	0.025	2.436	318.628	0.109
1618993911.06524	231.264	0.025	2.427	318.467	0.109
1618993911.07727	231.284	0.025	2.452	318.467	0.109
1618993911.11475	231.282	0.024	2.381	318.548	0.107
1618993911.15279	231.279	0.025	2.440	318.548	0.109
1618993911.20087	231.248	0.025	2.454	318.387	0.108
1618993911.20335	231.289	0.025	2.436	318.628	0.107
1618993911.20441	231.288	0.025	2.455	318.548	0.112
1618993911.24278	231.283	0.024	2.404	318.548	0.109
1618993911.24437	231.233	0.025	2.461	318.709	0.114
1618993911.25752	231.230	0.025	2.437	318.467	0.109
1618993911.29646	231.293	0.025	2.439	318.548	0.111
1618993911.29829	231.344	0.025	2.431	318.548	0.106
1618993911.33678	231.264	0.025	2.402	318.306	0.108
1618993911.33837	231.338	0.025	2.406	318.628	0.106
1618993911.35873	231.336	0.025	2.450	318.628	0.110
1618993911.39685	231.269	0.025	2.450	318.709	0.111
1618993911.43877	231.283	0.025	2.446	318.548	0.109
1618993911.43934	231.290	0.025	2.450	318.628	0.108
1618993911.44062	231.310	0.025	2.451	318.628	0.110
1618993911.45952	231.381	0.025	2.431	318.709	0.109
1618993911.49955	231.312	0.025	2.402	318.789	0.109
1618993911.50041	231.255	0.025	2.413	318.709	0.111
1618993911.51962	231.277	0.025	2.419	318.467	0.108
1618993911.55977	231.243	0.025	2.395	318.548	0.108
1618993911.56436	231.193	0.025	2.446	318.467	0.108
1618993911.57978	231.269	0.025	2.459	318.467	0.110
1618993911.62526	231.273	0.025	2.448	318.709	0.109
1618993911.63322	231.257	0.025	2.432	318.548	0.109
1618993911.64930	231.273	0.025	2.419	318.628	0.109
1618993911.67040	231.225	0.025	2.460	318.145	0.108
1618993911.68329	231.269	0.025	2.455	318.387	0.107
1618993911.71155	231.257	0.024	2.410	318.467	0.106
1618993911.72339	231.319	0.025	2.464	318.709	0.109
1618993911.76082	231.311	0.025	2.419	318.709	0.106
1618993911.76555	231.295	0.025	2.412	318.548	0.108
1618993911.80457	231.310	0.025	2.419	318.548	0.108
1618993911.80758	231.299	0.025	2.424	318.709	0.108
1618993911.83286	231.250	0.024	2.400	318.709	0.109
1618993911.84277	231.253	0.025	2.415	318.387	0.108
1618993911.87286	231.261	0.025	2.420	318.548	0.111
1618993911.87878	231.290	0.025	2.415	318.709	0.108
1618993911.92484	231.317	0.025	2.432	318.628	0.109
1618993911.92881	231.296	0.025	2.446	318.548	0.107
1618993911.93877	231.292	0.025	2.420	318.548	0.114
1618993911.97681	231.311	0.028	2.871	318.628	0.123
1618993911.98754	231.274	0.025	2.426	318.709	0.109
1618993911.99875	231.268	0.025	2.421	318.548	0.109
1618993912.03680	231.295	0.025	2.436	318.548	0.107
1618993912.03840	231.269	0.025	2.422	318.709	0.108
1618993912.07731	231.237	0.025	2.397	318.548	0.114
1618993912.11580	231.223	0.025	2.427	318.548	0.109
1618993912.11742	231.221	0.026	2.599	318.548	0.118
1618993912.12952	231.231	0.030	3.092	318.548	0.124
1618993912.16845	231.284	0.030	3.052	318.709	0.127
1618993912.16934	231.296	0.029	2.982	318.548	0.124
1618993912.19376	231.286	0.029	2.969	318.628	0.136
1618993912.19939	231.267	0.026	2.533	318.548	0.111
1618993912.23766	231.233	0.025	2.411	318.387	0.110
1618993912.23844	231.218	0.025	2.437	318.467	0.115
1618993912.27971	231.200	0.026	2.589	318.467	0.121
1618993912.28040	231.189	0.029	2.883	318.548	0.124
1618993912.31376	231.228	0.029	2.870	318.548	0.123
1618993912.32086	231.268	0.029	2.910	318.548	0.128
1618993912.35880	231.231	0.030	3.028	318.709	0.128
1618993912.36975	231.183	0.028	2.787	318.467	0.120
1618993912.37879	231.184	0.028	2.846	318.467	0.122
1618993912.42460	231.181	0.029	2.943	318.467	0.124
1618993912.46280	231.228	0.030	3.034	318.306	0.130
1618993912.46537	231.250	0.030	3.024	318.548	0.126
1618993912.50356	231.224	0.029	2.957	318.548	0.126
1618993912.50536	231.204	0.030	3.093	318.467	0.133
1618993912.51756	231.167	0.030	2.971	318.467	0.123
1618993912.55481	231.186	0.030	3.054	318.467	0.131
1618993912.56678	231.194	0.030	3.052	318.467	0.129
1618993912.57879	231.166	0.030	3.018	318.467	0.124
1618993912.61686	231.164	0.030	3.064	318.467	0.128
1618993912.62679	231.162	0.030	3.041	318.387	0.127
1618993912.63883	231.141	0.030	3.006	318.226	0.128
1618993912.68181	231.147	0.029	2.989	318.306	0.127
1618993912.69081	231.174	0.030	3.086	318.306	0.133
1618993912.72887	231.191	0.030	3.033	318.548	0.124
1618993912.72943	231.152	0.029	2.945	318.306	0.124
1618993912.73979	231.145	0.029	2.939	318.306	0.126
1618993912.77781	231.111	0.036	3.824	318.226	0.158
1618993912.78887	231.099	0.043	4.768	318.226	0.168
1618993912.79857	231.140	0.043	4.718	318.226	0.166
1618993912.83958	231.183	0.042	4.701	318.306	0.166
1618993912.84045	231.269	0.043	4.738	318.387	0.169
1618993912.87872	231.269	0.042	4.670	318.467	0.168
1618993912.88779	231.303	0.042	4.650	318.467	0.165
1618993912.89879	231.253	0.043	4.691	318.387	0.164
1618993912.93978	231.259	0.042	4.672	318.467	0.169
1618993912.95081	231.238	0.042	4.663	318.467	0.165
1618993912.98892	231.238	0.043	4.733	318.387	0.169
1618993912.99041	231.278	0.042	4.630	318.467	0.166
1618993913.02885	231.295	0.042	4.691	318.548	0.166
1618993913.02944	231.246	0.042	4.685	318.467	0.166
1618993913.04781	231.248	0.042	4.638	318.467	0.165
1618993913.05883	231.190	0.042	4.645	318.467	0.167
1618993913.10150	231.212	0.042	4.655	318.387	0.163
1618993913.10483	231.237	0.042	4.707	318.387	0.164
1618993913.11744	231.269	0.042	4.676	318.387	0.163
1618993913.15481	231.259	0.043	4.745	318.548	0.164
1618993913.15544	231.249	0.042	4.686	318.387	0.167
1618993913.19381	231.265	0.042	4.683	318.387	0.166
1618993913.21081	231.289	0.042	4.699	318.387	0.163
1618993913.21845	231.273	0.042	4.687	318.467	0.166
1618993913.25650	231.298	0.042	4.640	318.467	0.162
1618993913.26848	231.343	0.042	4.718	318.628	0.166
1618993913.27879	231.183	0.041	4.591	318.387	0.166
1618993913.31583	231.044	0.042	4.627	318.065	0.162
1618993913.31746	231.043	0.042	4.655	318.226	0.161
1618993913.35481	231.073	0.042	4.696	318.145	0.165
1618993913.39284	231.091	0.042	4.669	318.306	0.164
1618993913.39438	231.121	0.043	4.736	318.145	0.170
1618993913.40679	231.128	0.043	4.713	318.145	0.163
1618993913.42042	230.993	0.042	4.597	318.145	0.163
1618993913.45883	231.016	0.043	4.683	317.985	0.168
1618993913.46981	231.067	0.042	4.678	318.226	0.170
1618993913.47781	231.058	0.042	4.697	318.065	0.163
1618993913.51489	231.079	0.043	4.716	318.065	0.166
1618993913.53082	231.105	0.042	4.686	318.145	0.167
1618993913.53882	231.125	0.043	4.713	318.226	0.170
1618993913.57686	231.143	0.043	4.698	318.306	0.164
1618993913.58639	231.108	0.043	4.678	318.226	0.163
1618993913.59839	231.117	0.042	4.649	318.226	0.164
1618993913.63581	231.109	0.042	4.672	318.145	0.166
1618993913.63747	231.079	0.042	4.657	318.226	0.173
1618993913.67483	231.092	0.043	4.722	318.145	0.168
1618993913.68782	231.179	0.043	4.725	318.306	0.167
1618993913.69948	231.151	0.042	4.707	318.306	0.164
1618993913.73860	231.114	0.042	4.659	318.306	0.165
1618993913.75184	231.045	0.043	4.706	318.145	0.165
1618993913.78960	231.061	0.042	4.645	318.145	0.165
1618993913.79180	231.068	0.043	4.720	318.145	0.167
1618993913.79848	231.112	0.043	4.730	318.226	0.166
1618993913.83584	231.073	0.042	4.728	318.306	0.166
1618993913.84685	231.104	0.042	4.729	318.226	0.167
1618993913.85883	231.065	0.042	4.699	318.226	0.165
1618993913.89687	231.030	0.042	4.730	318.226	0.168
1618993913.90888	231.055	0.042	4.705	318.226	0.168
1618993913.91853	231.053	0.043	4.733	318.145	0.169
1618993913.96087	231.098	0.043	4.731	318.226	0.167
1618993913.96148	231.133	0.042	4.713	318.306	0.169
1618993913.99964	231.160	0.043	4.767	318.387	0.167
1618993914.00645	231.135	0.043	4.696	318.306	0.168
1618993914.01686	231.124	0.042	4.720	318.226	0.163
1618993914.05585	231.119	0.042	4.678	318.306	0.164
1618993914.06981	231.092	0.042	4.676	318.387	0.165
1618993914.07866	231.127	0.043	4.747	318.306	0.166
1618993914.11582	231.215	0.043	4.755	318.306	0.165
1618993914.11649	231.223	0.042	4.660	318.387	0.162
1618993914.15458	231.169	0.042	4.663	318.306	0.163
1618993914.19262	231.145	0.042	4.730	318.306	0.163
1618993914.19441	231.080	0.042	4.680	318.145	0.166
1618993914.21458	231.079	0.043	4.710	318.226	0.168
1618993914.25358	231.097	0.043	4.739	318.145	0.168
1618993914.25435	231.178	0.043	4.758	318.226	0.169
1618993914.26648	231.143	0.042	4.735	318.306	0.168
1618993914.27662	231.161	0.043	4.725	318.467	0.165
1618993914.31489	231.153	0.042	4.659	318.306	0.163
1618993914.32968	231.120	0.042	4.647	318.145	0.163
1618993914.33662	231.142	0.042	4.691	318.387	0.162
1618993914.37955	231.168	0.043	4.692	318.306	0.166
1618993914.38892	231.156	0.043	4.696	318.306	0.166
1618993914.39861	231.202	0.043	4.710	318.387	0.163
1618993914.43564	231.192	0.043	4.699	318.387	0.168
1618993914.43643	231.208	0.042	4.655	318.387	0.164
1618993914.47463	231.168	0.042	4.729	318.387	0.165
1618993914.51959	231.198	0.042	4.728	318.306	0.166
1618993914.52038	231.214	0.043	4.705	318.387	0.166
1618993914.52634	231.158	0.043	4.688	318.306	0.165
1618993914.56463	231.134	0.042	4.691	318.306	0.165
1618993914.56541	231.129	0.043	4.702	318.306	0.169
1618993914.57646	231.160	0.043	4.708	318.306	0.168
1618993914.61469	231.111	0.042	4.697	318.226	0.167
1618993914.61664	231.162	0.043	4.736	318.387	0.171
1618993914.65460	231.187	0.043	4.757	318.467	0.173
1618993914.66690	231.187	0.043	4.717	318.387	0.173
1618993914.70492	231.197	0.042	4.725	318.548	0.170
1618993914.70544	231.171	0.042	4.742	318.467	0.163
1618993914.74393	231.172	0.043	4.687	318.548	0.166
1618993914.75691	231.203	0.043	4.721	318.387	0.168
1618993914.79491	231.203	0.042	4.672	318.387	0.167
1618993914.83188	231.206	0.043	4.706	318.306	0.164
1618993914.83350	231.193	0.043	4.720	318.226	0.167
1618993914.85087	231.236	0.043	4.729	318.467	0.163
1618993914.88892	231.189	0.043	4.680	318.226	0.168
1618993914.88952	231.151	0.043	4.748	318.306	0.173
1618993914.89885	231.191	0.042	4.652	318.306	0.166
1618993914.93563	231.177	0.043	4.759	318.306	0.171
1618993914.93644	231.210	0.043	4.728	318.306	0.170
1618993914.97489	231.233	0.043	4.706	318.387	0.170
1618993914.98097	231.224	0.043	4.727	318.306	0.169
1618993915.01890	231.192	0.043	4.739	318.387	0.171
1618993915.02052	231.235	0.043	4.723	318.306	0.169
1618993915.05885	231.245	0.043	4.738	318.306	0.169
1618993915.07992	231.304	0.043	4.747	318.467	0.166
1618993915.11697	231.279	0.043	4.727	318.548	0.166
1618993915.11853	231.260	0.043	4.725	318.387	0.166
1618993915.15588	231.263	0.042	4.642	318.467	0.168
1618993915.20190	231.255	0.043	4.717	318.387	0.170
1618993915.20352	231.300	0.042	4.647	318.387	0.165
1618993915.24155	231.286	0.043	4.716	318.548	0.164
1618993915.24347	231.281	0.042	4.677	318.548	0.164
1618993915.28095	231.234	0.042	4.678	318.548	0.167
1618993915.28156	231.199	0.043	4.679	318.306	0.166
1618993915.31990	231.223	0.042	4.696	318.467	0.164
1618993915.32693	231.225	0.042	4.695	318.387	0.165
1618993915.36895	231.254	0.042	4.712	318.306	0.163
1618993915.36955	231.232	0.043	4.737	318.467	0.165
1618993915.38190	231.234	0.042	4.686	318.467	0.168
1618993915.42095	231.182	0.043	4.697	318.306	0.167
1618993915.42154	231.173	0.043	4.706	318.387	0.163
1618993915.46064	231.180	0.042	4.677	318.387	0.165
1618993915.46145	231.174	0.043	4.705	318.226	0.174
1618993915.50054	231.209	0.043	4.719	318.387	0.167
1618993915.50389	231.226	0.043	4.731	318.467	0.168
1618993915.54190	231.253	0.043	4.719	318.467	0.165
1618993915.54983	231.233	0.042	4.682	318.306	0.163
1618993915.55692	231.239	0.042	4.738	318.467	0.163
1618993915.60593	231.252	0.043	4.736	318.387	0.163
1618993915.61190	231.236	0.042	4.745	318.387	0.163
1618993915.61991	231.240	0.042	4.709	318.387	0.164
1618993915.66566	231.250	0.043	4.794	318.467	0.166
1618993915.70998	231.252	0.043	4.743	318.467	0.166
1618993915.71056	231.243	0.043	4.722	318.548	0.170
1618993915.74895	231.234	0.042	4.694	318.467	0.170
1618993915.74954	231.251	0.042	4.728	318.306	0.169
1618993915.75848	231.261	0.043	4.773	318.387	0.165
1618993915.79570	231.244	0.042	4.741	318.387	0.164
1618993915.80690	231.248	0.042	4.715	318.467	0.164
1618993915.81694	231.221	0.042	4.724	318.467	0.163
1618993915.85589	231.248	0.042	4.696	318.387	0.164
1618993915.86696	231.237	0.042	4.687	318.467	0.164
1618993915.87991	231.252	0.043	4.775	318.467	0.165
1618993915.91694	231.276	0.042	4.740	318.387	0.162
1618993915.92691	231.298	0.043	4.751	318.467	0.166
1618993915.96593	231.267	0.043	4.745	318.467	0.166
1618993915.96890	231.239	0.043	4.731	318.387	0.169
1618993915.98149	231.251	0.042	4.712	318.467	0.165
1618993916.01993	231.225	0.043	4.687	318.387	0.163
1618993916.03891	231.257	0.042	4.690	318.548	0.163
1618993916.07595	231.224	0.042	4.701	318.387	0.167
1618993916.07657	231.209	0.042	4.748	318.387	0.170
1618993916.11496	231.192	0.042	4.679	318.467	0.167
1618993916.13670	231.177	0.042	4.660	318.306	0.163
1618993916.15898	231.125	0.043	4.734	318.306	0.164
1618993916.19593	231.162	0.042	4.727	318.387	0.164
1618993916.20458	231.188	0.042	4.673	318.306	0.166
1618993916.24168	231.170	0.042	4.682	318.387	0.166
1618993916.24358	231.154	0.042	4.697	318.387	0.163
1618993916.28097	231.156	0.042	4.681	318.306	0.166
1618993916.28352	231.194	0.042	4.679	318.306	0.166
1618993916.32152	231.160	0.042	4.696	318.226	0.165
1618993916.32353	231.149	0.043	4.715	318.226	0.167
1618993916.36161	231.169	0.043	4.726	318.226	0.170
1618993916.36354	231.152	0.043	4.723	318.306	0.165
1618993916.40194	231.126	0.043	4.727	318.387	0.168
1618993916.40451	231.155	0.042	4.716	318.226	0.170
1618993916.44171	231.143	0.043	4.720	318.306	0.169
1618993916.44458	231.168	0.043	4.759	318.306	0.163
1618993916.48392	231.181	0.043	4.741	318.226	0.166
1618993916.48457	231.171	0.042	4.717	318.306	0.163
1618993916.52395	231.095	0.043	4.674	318.306	0.170
1618993916.52458	231.080	0.042	4.702	318.145	0.168
1618993916.56194	231.099	0.043	4.713	318.306	0.166
1618993916.56455	231.120	0.043	4.745	318.226	0.167
1618993916.60198	231.137	0.043	4.710	318.145	0.170
1618993916.64099	231.158	0.043	4.740	318.306	0.170
1618993916.64150	231.153	0.043	4.717	318.306	0.166
1618993916.64358	231.164	0.043	4.676	318.306	0.171
1618993916.68193	231.145	0.043	4.708	318.306	0.171
1618993916.68358	231.168	0.043	4.785	318.306	0.169
1618993916.72101	231.206	0.043	4.787	318.306	0.166
1618993916.73595	231.278	0.043	4.744	318.467	0.166
1618993916.74498	231.317	0.043	4.794	318.628	0.169
1618993916.76470	231.314	0.042	4.680	318.709	0.163
1618993916.80597	231.277	0.043	4.760	318.467	0.166
1618993916.80659	231.285	0.042	4.710	318.467	0.163
1618993916.84594	231.294	0.042	4.718	318.628	0.163
1618993916.84658	231.263	0.042	4.739	318.628	0.165
1618993916.88596	231.276	0.043	4.745	318.548	0.166
1618993916.88756	231.300	0.043	4.765	318.548	0.168
1618993916.89900	231.313	0.042	4.732	318.789	0.164
1618993916.93662	231.286	0.042	4.734	318.628	0.164
1618993916.94896	231.259	0.042	4.718	318.628	0.166
1618993916.95898	231.244	0.042	4.692	318.548	0.164
1618993916.99659	231.258	0.042	4.751	318.628	0.162
1618993916.99847	231.290	0.042	4.774	318.628	0.165
1618993917.03596	231.279	0.042	4.739	318.628	0.165
1618993917.08297	231.227	0.042	4.682	318.467	0.164
1618993917.08460	231.277	0.043	4.743	318.628	0.166
1618993917.08649	231.217	0.042	4.705	318.467	0.165
1618993917.12500	231.249	0.042	4.696	318.548	0.162
1618993917.12553	231.251	0.043	4.738	318.628	0.168
1618993917.14671	231.334	0.043	4.736	318.548	0.171
1618993917.18499	231.315	0.042	4.706	318.628	0.165
1618993917.18553	231.272	0.043	4.761	318.548	0.166
1618993917.19905	231.207	0.042	4.681	318.548	0.161
1618993917.24099	231.258	0.042	4.725	318.548	0.159
1618993917.24662	231.241	0.043	4.730	318.628	0.163
1618993917.28500	231.222	0.042	4.702	318.548	0.163
1618993917.28561	231.274	0.042	4.674	318.467	0.165
1618993917.32499	231.298	0.042	4.735	318.628	0.167
1618993917.32561	231.248	0.042	4.710	318.548	0.166
1618993917.33852	231.256	0.042	4.746	318.548	0.169
1618993917.37703	231.241	0.042	4.695	318.548	0.164
1618993917.37865	231.221	0.042	4.654	318.467	0.164
1618993917.41698	231.241	0.042	4.727	318.467	0.161
1618993917.46393	231.249	0.043	4.786	318.467	0.167
1618993917.46464	231.275	0.043	4.774	318.467	0.165
1618993917.46657	231.269	0.042	4.749	318.467	0.167
1618993917.50478	231.311	0.042	4.772	318.628	0.163
1618993917.50554	231.288	0.042	4.716	318.709	0.159
1618993917.54399	231.293	0.042	4.726	318.548	0.162
1618993917.54461	231.309	0.042	4.757	318.628	0.162
1618993917.56899	231.275	0.042	4.701	318.548	0.163
1618993917.57859	231.247	0.042	4.720	318.467	0.163
1618993917.61598	231.267	0.042	4.748	318.628	0.161
1618993917.62899	231.258	0.042	4.671	318.548	0.158
1618993917.63899	231.278	0.042	4.721	318.548	0.169
1618993917.67700	231.227	0.043	4.728	318.548	0.166
1618993917.68900	231.191	0.043	4.718	318.548	0.166
1618993917.72679	231.262	0.043	4.792	318.628	0.166
1618993917.72864	231.481	0.043	4.910	318.950	0.163
1618993917.76600	231.518	0.043	4.754	318.789	0.168
1618993917.76663	231.437	0.042	4.676	318.789	0.166
1618993917.78899	231.458	0.043	4.746	318.789	0.165
1618993917.82600	231.489	0.043	4.732	318.870	0.167
1618993917.82662	231.515	0.042	4.735	318.870	0.166
1618993917.84799	231.560	0.043	4.754	318.950	0.169
1618993917.85999	231.584	0.043	4.741	319.031	0.161
1618993917.89900	231.575	0.042	4.689	318.950	0.162
1618993917.91000	231.529	0.042	4.714	318.950	0.166
1618993917.91962	231.484	0.042	4.675	318.870	0.167
1618993917.95864	231.488	0.042	4.727	318.789	0.163
1618993917.96062	231.472	0.043	4.705	318.789	0.164
1618993918.00001	231.461	0.042	4.708	318.870	0.164
1618993918.00903	231.561	0.042	4.752	318.950	0.161
1618993918.01999	231.548	0.043	4.753	318.789	0.165
1618993918.07601	231.551	0.042	4.750	318.950	0.167
1618993918.07663	231.526	0.042	4.718	318.950	0.164
1618993918.11500	231.511	0.042	4.756	318.870	0.165
1618993918.11564	231.487	0.042	4.762	318.789	0.166
1618993918.12561	231.510	0.042	4.737	318.870	0.167
1618993918.16904	231.502	0.043	4.793	318.870	0.166
1618993918.20910	231.498	0.042	4.744	318.870	0.164
1618993918.22104	231.495	0.043	4.781	318.870	0.166
1618993918.26004	231.531	0.043	4.755	318.870	0.169
1618993918.28001	231.479	0.043	4.742	319.031	0.164
1618993918.31700	231.471	0.042	4.674	318.870	0.165
1618993918.32902	231.461	0.043	4.791	318.950	0.165
1618993918.34001	231.526	0.042	4.717	318.870	0.162
1618993918.37681	231.490	0.042	4.723	318.789	0.165
1618993918.38904	231.538	0.042	4.712	318.950	0.168
1618993918.39965	231.556	0.042	4.717	319.031	0.169
1618993918.43704	231.515	0.042	4.732	319.111	0.166
1618993918.44367	231.475	0.042	4.706	319.111	0.164
1618993918.48095	231.443	0.042	4.662	318.870	0.163
1618993918.51904	231.265	0.042	4.618	318.709	0.166
1618993918.52163	231.272	0.043	4.711	318.709	0.168
1618993918.53001	231.268	0.043	4.757	318.628	0.168
1618993918.56702	231.289	0.043	4.706	318.628	0.164
1618993918.56874	231.294	0.043	4.708	318.628	0.163
1618993918.58002	231.278	0.043	4.704	318.628	0.167
1618993918.61703	231.219	0.043	4.689	318.628	0.168
1618993918.61865	231.239	0.043	4.730	318.709	0.163
1618993918.65603	231.267	0.043	4.758	318.628	0.169
1618993918.66603	231.256	0.043	4.691	318.628	0.170
1618993918.70380	231.281	0.043	4.724	318.548	0.165
1618993918.70459	231.333	0.042	4.716	318.628	0.165
1618993918.74204	231.275	0.043	4.708	318.709	0.168
1618993918.74663	231.248	0.042	4.731	318.548	0.168
1618993918.75903	231.322	0.043	4.739	318.628	0.164
1618993918.79606	231.344	0.042	4.691	318.628	0.162
1618993918.81401	231.393	0.043	4.782	318.709	0.167
1618993918.82202	231.368	0.043	4.709	318.709	0.164
1618993918.86003	231.381	0.042	4.719	318.709	0.162
1618993918.86576	231.449	0.043	4.737	318.789	0.165
1618993918.90383	231.394	0.043	4.721	318.628	0.166
1618993918.94404	231.501	0.043	4.718	318.870	0.171
1618993918.94461	231.486	0.043	4.737	318.789	0.164
1618993918.98377	231.485	0.042	4.726	318.870	0.165
1618993918.98472	231.437	0.042	4.661	318.789	0.165
1618993919.02204	231.487	0.043	4.775	318.789	0.165
1618993919.02366	231.487	0.042	4.718	318.709	0.161
1618993919.06104	231.502	0.043	4.741	318.789	0.163
1618993919.06868	231.545	0.043	4.744	318.870	0.165
1618993919.08007	231.624	0.043	4.748	318.950	0.173
1618993919.12108	231.545	0.043	4.746	318.870	0.165
1618993919.12170	231.534	0.042	4.688	318.789	0.163
1618993919.16004	231.507	0.042	4.727	318.870	0.163
1618993919.17403	231.490	0.042	4.707	318.709	0.167
1618993919.21102	231.454	0.043	4.749	318.709	0.169
1618993919.21161	231.440	0.042	4.703	318.789	0.167
1618993919.25067	231.482	0.043	4.723	318.709	0.166
1618993919.25161	231.510	0.043	4.717	318.950	0.164
1618993919.26055	231.510	0.042	4.683	318.789	0.167
1618993919.29908	231.466	0.043	4.721	318.870	0.169
1618993919.35207	231.389	0.042	4.712	318.789	0.164
1618993919.35369	231.394	0.043	4.735	318.789	0.165
1618993919.35964	231.449	0.043	4.729	318.789	0.164
1618993919.39683	231.497	0.043	4.740	318.789	0.166
1618993919.40605	231.529	0.043	4.767	318.950	0.169
1618993919.42005	231.494	0.042	4.691	318.789	0.168
1618993919.45711	231.474	0.042	4.716	318.709	0.167
1618993919.45870	231.460	0.043	4.746	318.870	0.163
1618993919.49708	231.454	0.042	4.694	318.950	0.164
1618993919.49870	231.502	0.043	4.705	318.870	0.166
1618993919.53605	231.501	0.043	4.736	318.870	0.170
1618993919.57405	231.537	0.042	4.698	318.950	0.170
1618993919.57569	231.496	0.042	4.679	319.031	0.165
1618993919.58171	231.509	0.043	4.757	318.789	0.166
1618993919.59909	231.456	0.043	4.694	318.709	0.167
1618993919.63709	231.465	0.043	4.716	318.789	0.168
1618993919.64911	231.484	0.043	4.709	318.709	0.167
1618993919.65866	231.466	0.043	4.741	318.789	0.168
1618993919.69699	231.496	0.043	4.705	318.870	0.163
1618993919.70806	231.472	0.043	4.734	318.789	0.165
1618993919.72007	231.437	0.042	4.706	318.789	0.167
1618993919.75705	231.485	0.043	4.760	318.789	0.166
1618993919.77105	231.483	0.043	4.742	318.870	0.166
1618993919.78006	231.554	0.043	4.706	318.870	0.169
1618993919.81709	231.559	0.043	4.741	319.031	0.169
1618993919.81870	231.546	0.043	4.753	318.950	0.167
1618993919.85910	231.524	0.043	4.713	318.870	0.170
1618993919.87575	231.491	0.043	4.754	318.789	0.166
1618993919.91410	231.492	0.043	4.735	318.789	0.167
1618993919.95185	231.574	0.043	4.781	318.950	0.171
1618993919.96366	231.545	0.043	4.775	319.031	0.173
1618993920.00380	231.566	0.043	4.753	318.950	0.165
1618993920.04405	231.514	0.043	4.752	318.870	0.167
1618993920.04474	231.576	0.043	4.725	318.950	0.163
1618993920.08207	231.568	0.043	4.724	319.031	0.163
1618993920.08373	231.565	0.042	4.705	319.031	0.166
1618993920.12510	231.515	0.043	4.714	318.870	0.165
1618993920.12665	231.518	0.043	4.704	318.950	0.163
1618993920.16607	231.558	0.043	4.688	318.789	0.166
1618993920.16671	231.566	0.043	4.746	318.789	0.168
1618993920.18908	231.617	0.043	4.761	319.031	0.167
1618993920.22709	231.593	0.043	4.719	318.950	0.167
1618993920.22876	231.573	0.043	4.689	318.950	0.165
1618993920.24910	231.512	0.043	4.686	318.950	0.167
1618993920.29711	231.498	0.043	4.718	318.789	0.166
1618993920.29871	231.520	0.043	4.699	318.950	0.165
1618993920.30064	231.559	0.043	4.790	318.870	0.169
1618993920.33912	231.549	0.043	4.752	318.870	0.171
1618993920.34878	231.628	0.043	4.718	318.950	0.166
1618993920.38609	231.629	0.043	4.748	319.031	0.166
1618993920.38672	231.610	0.043	4.684	319.111	0.166
1618993920.43588	231.593	0.042	4.699	318.950	0.168
1618993920.43875	231.578	0.043	4.764	319.031	0.167
1618993920.44892	231.575	0.042	4.698	319.192	0.165
1618993920.49709	231.541	0.043	4.725	319.031	0.165
1618993920.49928	231.656	0.043	4.775	319.111	0.166
1618993920.51161	231.642	0.042	4.694	319.031	0.164
1618993920.52166	231.597	0.043	4.702	318.950	0.163
1618993920.56094	231.598	0.042	4.668	319.111	0.168
1618993920.57072	231.505	0.042	4.702	318.950	0.166
1618993920.59009	231.502	0.042	4.683	318.950	0.165
1618993920.62890	231.551	0.043	4.750	318.950	0.165
1618993920.63078	231.567	0.043	4.720	318.950	0.168
1618993920.64009	231.594	0.043	4.735	319.031	0.167
1618993920.68409	231.554	0.043	4.756	319.031	0.166
1618993920.72421	231.563	0.043	4.748	319.031	0.165
1618993920.72479	231.574	0.043	4.758	318.950	0.164
1618993920.76212	231.617	0.043	4.774	319.031	0.166
1618993920.77110	231.639	0.043	4.741	318.950	0.165
1618993920.80915	231.634	0.043	4.752	319.111	0.166
1618993920.81073	231.593	0.043	4.766	318.870	0.167
1618993920.83015	231.607	0.043	4.740	318.950	0.166
1618993920.86711	231.625	0.043	4.720	318.950	0.165
1618993920.86878	231.622	0.043	4.752	318.950	0.166
1618993920.88911	231.641	0.043	4.729	318.950	0.166
1618993920.93697	231.687	0.043	4.760	319.111	0.162
1618993920.93976	231.628	0.043	4.729	318.950	0.164
1618993920.95411	231.614	0.043	4.711	319.031	0.164
1618993920.96078	231.650	0.043	4.761	319.111	0.170
1618993920.99879	231.647	0.043	4.739	318.950	0.168
1618993921.00070	231.670	0.043	4.784	319.192	0.170
1618993921.03916	231.684	0.043	4.770	318.950	0.170
1618993921.04612	231.708	0.043	4.769	318.950	0.169
1618993921.08415	231.669	0.043	4.759	318.950	0.169
1618993921.08480	231.699	0.043	4.787	318.950	0.167
1618993921.11612	231.671	0.043	4.748	318.950	0.173
1618993921.15512	231.656	0.043	4.752	318.950	0.167
1618993921.15673	231.672	0.043	4.795	318.870	0.171
1618993921.15864	231.623	0.043	4.787	318.870	0.173
1618993921.19613	231.671	0.043	4.798	318.950	0.168
1618993921.20912	231.670	0.043	4.769	319.031	0.167
1618993921.22011	231.649	0.043	4.733	318.870	0.167
1618993921.25811	231.665	0.043	4.762	318.950	0.166
1618993921.25975	231.673	0.043	4.746	318.950	0.171
1618993921.28212	231.691	0.043	4.717	318.950	0.170
1618993921.32112	231.659	0.043	4.718	318.950	0.165
1618993921.32178	231.700	0.043	4.741	318.950	0.165
1618993921.36413	231.712	0.043	4.765	318.950	0.171
1618993921.36574	231.714	0.043	4.697	319.031	0.164
1618993921.40414	231.724	0.043	4.769	319.031	0.166
1618993921.40480	231.704	0.043	4.720	319.031	0.167
1618993921.44357	231.691	0.043	4.736	318.950	0.168
1618993921.44511	231.704	0.043	4.750	319.031	0.171
1618993921.48411	231.695	0.043	4.770	319.031	0.167
1618993921.48573	231.681	0.043	4.670	319.111	0.165
1618993921.52415	231.647	0.043	4.744	318.950	0.170
1618993921.56415	231.661	0.043	4.726	318.950	0.171
1618993921.60312	231.720	0.043	4.716	319.111	0.168
1618993921.60473	231.734	0.043	4.777	319.031	0.165
1618993921.64313	231.704	0.043	4.724	319.111	0.164
1618993921.64481	231.711	0.042	4.663	319.031	0.166
1618993921.68215	231.671	0.043	4.733	318.950	0.167
1618993921.68902	231.665	0.042	4.677	319.111	0.163
1618993921.69991	231.671	0.043	4.769	319.031	0.167
1618993921.73813	231.725	0.043	4.780	319.031	0.166
1618993921.75015	231.758	0.043	4.798	319.111	0.163
1618993921.76019	231.724	0.043	4.762	319.192	0.165
1618993921.80213	231.648	0.043	4.777	319.031	0.165
1618993921.80371	231.701	0.043	4.784	319.192	0.164
1618993921.84066	231.722	0.043	4.792	319.031	0.165
1618993921.86278	231.707	0.043	4.752	318.950	0.167
1618993921.87766	231.718	0.042	4.771	318.789	0.162
1618993921.89173	231.698	0.043	4.775	318.548	0.169
1618993921.93017	231.671	0.043	4.751	318.709	0.168
1618993921.93079	231.753	0.043	4.748	318.950	0.167
1618993921.94895	231.746	0.043	4.753	319.111	0.171
1618993921.95977	231.729	0.043	4.748	319.031	0.166
1618993921.99715	231.674	0.043	4.765	318.950	0.169
1618993922.00893	231.708	0.043	4.795	319.031	0.170
1618993922.02114	231.717	0.043	4.749	319.031	0.165
1618993922.06013	231.696	0.043	4.751	319.031	0.166
1618993922.09815	231.674	0.043	4.774	319.111	0.164
1618993922.09980	231.690	0.042	4.705	319.031	0.164
1618993922.11077	231.739	0.043	4.820	319.192	0.169
1618993922.12076	231.740	0.042	4.766	319.192	0.163
1618993922.15914	231.753	0.043	4.785	319.192	0.164
1618993922.18215	231.755	0.043	4.793	319.192	0.162
1618993922.22114	231.717	0.042	4.788	319.272	0.163
1618993922.23078	231.689	0.042	4.764	319.111	0.164
1618993922.24120	231.733	0.043	4.795	319.192	0.164
1618993922.27918	231.769	0.042	4.765	319.353	0.162
1618993922.31717	231.774	0.042	4.788	319.192	0.166
1618993922.36118	231.761	0.042	4.740	319.192	0.161
1618993922.36180	231.736	0.042	4.757	319.111	0.167
1618993922.37215	231.727	0.042	4.754	319.192	0.164
1618993922.41019	231.706	0.043	4.759	319.031	0.167
1618993922.41685	231.731	0.043	4.848	319.192	0.167
1618993922.45518	231.793	0.043	4.776	319.272	0.170
1618993922.45581	231.776	0.042	4.725	319.272	0.167
1618993922.45677	231.758	0.042	4.741	319.272	0.166
1618993922.49523	231.753	0.043	4.776	319.272	0.167
1618993922.54521	231.730	0.042	4.723	319.272	0.166
1618993922.54678	231.730	0.043	4.794	319.272	0.169
1618993922.54984	231.732	0.042	4.763	319.111	0.165
1618993922.58718	231.706	0.042	4.773	319.272	0.168
1618993922.59022	231.712	0.043	4.815	319.192	0.170
1618993922.60219	231.672	0.043	4.773	319.192	0.169
1618993922.64020	231.683	0.043	4.793	319.192	0.170
1618993922.65077	231.736	0.043	4.785	319.192	0.173
1618993922.66116	231.762	0.042	4.758	319.192	0.165
1618993922.69986	231.779	0.043	4.778	319.353	0.167
1618993922.71071	231.770	0.042	4.712	319.272	0.166
1618993922.72174	231.715	0.043	4.771	319.111	0.165
1618993922.76120	231.729	0.042	4.726	318.789	0.164
1618993922.77319	231.738	0.042	4.709	319.192	0.167
1618993922.81118	231.695	0.043	4.814	319.192	0.165
1618993922.81282	231.791	0.043	4.763	319.272	0.168
1618993922.85120	231.822	0.043	4.780	319.272	0.163
1618993922.85479	231.833	0.043	4.766	319.272	0.169
1618993922.86182	231.807	0.043	4.759	319.272	0.169
1618993922.89997	231.773	0.042	4.708	319.192	0.168
1618993922.92116	231.762	0.043	4.819	319.353	0.166
1618993922.95820	231.794	0.043	4.721	319.192	0.165
1618993922.97079	231.809	0.043	4.779	319.192	0.165
1618993922.98094	231.818	0.043	4.799	319.272	0.167
1618993923.01818	231.823	0.043	4.738	319.192	0.165
1618993923.03122	231.765	0.042	4.730	319.192	0.167
1618993923.04519	231.770	0.043	4.790	319.192	0.168
1618993923.08319	231.789	0.043	4.756	319.272	0.170
1618993923.08782	231.769	0.043	4.757	319.192	0.165
1618993923.10097	231.786	0.043	4.809	319.192	0.163
1618993923.13820	231.804	0.042	4.750	319.111	0.162
1618993923.17620	231.783	0.042	4.762	319.192	0.163
1618993923.17979	231.764	0.043	4.800	319.111	0.168
1618993923.19120	231.776	0.043	4.752	319.192	0.163
1618993923.22824	231.778	0.043	4.796	319.272	0.167
1618993923.23072	231.776	0.043	4.784	318.950	0.167
1618993923.24087	231.815	0.043	4.749	319.031	0.170
1618993923.27798	231.783	0.043	4.734	319.031	0.175
1618993923.28920	231.775	0.043	4.810	319.192	0.176
1618993923.30101	231.735	0.043	4.787	318.950	0.167
1618993923.34019	231.770	0.043	4.760	319.031	0.170
1618993923.35083	231.781	0.043	4.773	319.111	0.176
1618993923.36089	231.807	0.043	4.807	319.192	0.170
1618993923.39820	231.845	0.043	4.786	319.111	0.171
1618993923.39984	231.814	0.043	4.794	319.272	0.167
1618993923.43816	231.830	0.043	4.758	319.192	0.165
1618993923.48822	231.792	0.043	4.732	319.272	0.167
1618993923.49180	231.754	0.043	4.742	319.111	0.171
1618993923.53323	231.804	0.043	4.761	319.111	0.173
1618993923.53482	231.799	0.043	4.757	319.192	0.175
1618993923.57316	231.823	0.043	4.772	319.192	0.170
1618993923.57485	231.812	0.043	4.733	319.272	0.165
1618993923.61222	231.792	0.043	4.738	319.192	0.166
1618993923.61382	231.790	0.043	4.745	319.272	0.168
1618993923.62179	231.774	0.043	4.746	319.192	0.171
1618993923.66023	231.731	0.043	4.748	319.192	0.173
1618993923.66085	231.766	0.043	4.717	319.111	0.169
1618993923.69823	231.748	0.043	4.767	319.111	0.173
1618993923.71221	231.746	0.043	4.791	319.031	0.176
1618993923.72121	231.760	0.043	4.750	319.031	0.171
1618993923.75823	231.788	0.043	4.801	319.111	0.170
1618993923.76922	231.769	0.043	4.750	319.272	0.173
1618993923.78122	231.804	0.043	4.715	319.111	0.166
1618993923.81823	231.810	0.043	4.756	319.192	0.171
1618993923.82492	231.826	0.043	4.724	319.192	0.169
1618993923.86223	231.816	0.043	4.743	319.192	0.167
1618993923.90723	231.807	0.043	4.795	319.192	0.168
1618993923.90986	231.809	0.043	4.770	319.192	0.169
1618993923.92129	231.826	0.043	4.808	319.111	0.168
1618993923.95824	231.847	0.043	4.832	319.272	0.170
1618993923.97022	231.882	0.043	4.741	319.192	0.167
1618993923.97991	231.851	0.043	4.760	319.272	0.170
1618993924.02126	231.794	0.043	4.725	319.111	0.173
1618993924.04098	231.793	0.044	4.801	319.111	0.169
1618993924.07823	231.823	0.043	4.725	319.192	0.169
1618993924.07986	231.882	0.043	4.754	319.353	0.167
1618993924.11725	231.884	0.043	4.743	319.272	0.174
1618993924.14024	231.821	0.043	4.734	319.192	0.170
1618993924.14724	231.785	0.043	4.715	319.111	0.173
1618993924.18527	231.764	0.043	4.740	319.111	0.173
1618993924.22501	231.799	0.043	4.739	319.111	0.169
1618993924.22589	231.842	0.043	4.835	319.192	0.170
1618993924.26329	231.849	0.043	4.742	319.192	0.167
1618993924.26488	231.866	0.043	4.776	319.433	0.168
1618993924.30314	231.836	0.043	4.777	319.353	0.173
1618993924.30484	231.768	0.043	4.783	319.111	0.174
1618993924.34225	231.800	0.043	4.738	319.272	0.173
1618993924.38124	231.812	0.043	4.777	319.272	0.170
1618993924.38187	231.796	0.043	4.753	319.111	0.170
1618993924.38280	231.787	0.043	4.769	319.111	0.171
1618993924.42222	231.798	0.043	4.775	319.111	0.165
1618993924.42287	231.796	0.043	4.744	319.272	0.167
1618993924.46229	231.741	0.043	4.736	319.111	0.168
1618993924.46286	231.809	0.043	4.828	319.192	0.169
1618993924.50302	231.806	0.043	4.756	319.111	0.168
1618993924.51087	231.787	0.043	4.779	319.192	0.171
1618993924.52278	231.793	0.043	4.756	319.111	0.175
1618993924.56223	231.783	0.043	4.782	319.192	0.166
1618993924.56288	231.756	0.043	4.767	319.192	0.168
1618993924.60125	231.731	0.043	4.805	319.192	0.175
1618993924.64425	231.778	0.043	4.746	319.192	0.171
1618993924.64686	231.784	0.043	4.796	319.111	0.171
1618993924.68581	231.775	0.043	4.738	319.192	0.165
1618993924.68679	231.785	0.043	4.696	319.192	0.165
1618993924.70104	231.762	0.043	4.787	319.192	0.171
1618993924.73978	231.719	0.043	4.746	319.111	0.169
1618993924.74071	231.701	0.043	4.705	318.628	0.165
1618993924.77971	231.716	0.043	4.744	318.870	0.168
1618993924.78771	231.757	0.043	4.728	319.111	0.168
1618993924.82571	231.747	0.043	4.729	319.031	0.170
1618993924.82671	231.739	0.043	4.712	319.031	0.173
1618993924.86472	231.709	0.043	4.688	319.031	0.175
1618993924.86571	231.734	0.043	4.758	319.192	0.169
1618993924.90304	231.778	0.043	4.752	319.111	0.167
1618993924.90485	231.735	0.043	4.697	319.192	0.165
1618993924.94204	231.757	0.043	4.746	319.272	0.166
1618993924.94795	231.734	0.043	4.770	319.192	0.168
1618993924.99004	231.760	0.043	4.762	319.192	0.166
1618993924.99828	231.756	0.043	4.761	319.192	0.166
1618993925.00493	231.736	0.043	4.802	319.192	0.167
1618993925.04228	231.741	0.043	4.798	319.192	0.168
1618993925.04290	231.797	0.043	4.771	319.192	0.166
1618993925.08126	231.782	0.043	4.829	319.192	0.170
1618993925.10104	231.701	0.043	4.733	319.192	0.166
1618993925.13825	231.735	0.043	4.822	319.111	0.169
1618993925.15025	231.804	0.043	4.752	319.272	0.169
1618993925.15992	231.753	0.043	4.779	319.192	0.167
1618993925.19729	231.794	0.043	4.788	319.272	0.168
1618993925.19792	231.763	0.043	4.722	319.272	0.171
1618993925.23608	231.688	0.043	4.739	319.111	0.169
1618993925.27508	231.673	0.042	4.729	319.192	0.169
1618993925.27582	231.679	0.043	4.780	319.111	0.171
1618993925.27694	231.689	0.043	4.739	319.111	0.168
1618993925.32128	231.688	0.043	4.781	319.192	0.170
1618993925.35828	231.735	0.043	4.758	319.192	0.166
1618993925.35989	231.708	0.043	4.769	319.111	0.169
1618993925.36828	231.669	0.043	4.723	319.192	0.170
1618993925.40628	231.645	0.043	4.731	319.031	0.173
1618993925.40787	231.601	0.043	4.706	318.950	0.171
1618993925.43231	231.661	0.043	4.777	319.031	0.169
1618993925.47034	231.656	0.043	4.749	319.031	0.167
1618993925.47089	231.730	0.043	4.791	319.031	0.170
1618993925.48129	231.743	0.043	4.778	319.353	0.168
1618993925.51832	231.716	0.043	4.726	319.192	0.171
1618993925.53130	231.729	0.043	4.760	319.111	0.168
1618993925.54231	231.706	0.043	4.742	319.111	0.169
1618993925.58032	231.735	0.043	4.758	319.192	0.165
1618993925.59186	231.770	0.043	4.747	319.192	0.164
1618993925.60228	231.715	0.043	4.772	319.272	0.165
1618993925.64131	231.726	0.043	4.762	319.192	0.169
1618993925.64292	231.725	0.043	4.749	319.192	0.171
1618993925.68830	231.703	0.043	4.777	319.192	0.169
1618993925.69627	231.669	0.043	4.737	319.111	0.174
1618993925.70629	231.647	0.043	4.748	318.950	0.174
1618993925.73228	231.673	0.043	4.754	319.192	0.167
1618993925.77128	231.729	0.043	4.751	319.031	0.165
1618993925.80829	231.700	0.043	4.761	319.111	0.168
1618993925.80993	231.673	0.043	4.758	319.031	0.168
1618993925.84727	231.709	0.043	4.803	319.192	0.168
1618993925.84995	231.723	0.043	4.777	319.192	0.167
1618993925.86485	231.738	0.043	4.804	319.272	0.167
1618993925.90307	231.722	0.043	4.784	319.272	0.173
1618993925.91190	231.724	0.043	4.728	319.192	0.173
1618993925.92229	231.713	0.042	4.686	319.111	0.169
1618993925.96130	231.662	0.043	4.717	319.192	0.176
1618993925.96194	231.620	0.043	4.734	318.950	0.168
1618993926.00029	231.671	0.043	4.707	319.111	0.169
1618993926.03931	231.695	0.043	4.785	319.272	0.168
1618993926.04093	231.713	0.043	4.738	319.111	0.169
1618993926.05005	231.778	0.043	4.742	319.031	0.166
1618993926.08834	231.715	0.043	4.739	319.031	0.171
1618993926.08995	231.669	0.043	4.765	319.111	0.173
1618993926.11094	231.674	0.043	4.752	319.111	0.170
1618993926.12196	231.740	0.043	4.837	319.192	0.173
1618993926.16031	231.746	0.042	4.775	319.192	0.167
1618993926.19832	231.763	0.043	4.749	319.192	0.168
1618993926.19995	231.726	0.043	4.796	319.111	0.168
1618993926.23808	231.716	0.043	4.743	319.111	0.173
1618993926.23998	231.665	0.043	4.733	318.870	0.173
1618993926.24088	231.728	0.043	4.791	319.111	0.169
1618993926.28032	231.717	0.043	4.737	319.111	0.163
1618993926.28099	231.736	0.043	4.737	319.192	0.169
1618993926.32231	231.674	0.043	4.728	319.031	0.169
1618993926.33193	231.700	0.043	4.762	318.870	0.169
1618993926.34186	231.691	0.043	4.688	318.870	0.169
1618993926.38131	231.673	0.043	4.749	318.950	0.170
1618993926.39191	231.722	0.043	4.752	319.111	0.167
1618993926.40209	231.705	0.043	4.717	318.950	0.167
1618993926.44104	231.721	0.043	4.770	319.111	0.168
1618993926.44188	231.711	0.043	4.766	319.031	0.173
1618993926.48036	231.686	0.043	4.723	319.031	0.171
1618993926.48833	231.703	0.043	4.769	319.031	0.166
1618993926.52642	231.665	0.043	4.730	319.111	0.165
1618993926.52691	231.687	0.043	4.745	319.031	0.164
1618993926.56535	231.699	0.043	4.768	319.111	0.164
1618993926.56596	231.744	0.043	4.837	319.111	0.166
1618993926.60534	231.761	0.043	4.785	319.353	0.163
1618993926.60596	231.765	0.043	4.796	319.192	0.168
1618993926.64334	231.695	0.043	4.727	319.111	0.167
1618993926.65032	231.655	0.043	4.767	319.111	0.171
1618993926.69035	231.641	0.043	4.749	319.111	0.168
1618993926.69194	231.646	0.043	4.819	319.192	0.169
1618993926.71232	231.652	0.043	4.789	319.111	0.165
1618993926.72236	231.672	0.043	4.800	319.272	0.167
1618993926.76430	231.667	0.043	4.771	319.192	0.169
1618993926.76592	231.669	0.043	4.740	319.111	0.164
1618993926.80333	231.650	0.043	4.780	319.192	0.165
1618993926.81093	231.651	0.043	4.803	319.031	0.167
1618993926.82086	231.631	0.043	4.744	318.950	0.168
1618993926.86713	231.622	0.043	4.739	319.111	0.168
1618993926.87615	231.646	0.043	4.775	319.111	0.164
1618993926.88812	231.596	0.043	4.759	318.950	0.164
1618993926.92833	231.572	0.043	4.783	318.950	0.165
1618993926.96638	231.632	0.043	4.817	319.111	0.169
1618993926.96996	231.680	0.043	4.781	319.111	0.165
1618993927.00713	231.707	0.042	4.720	319.111	0.166
1618993927.01031	231.709	0.042	4.718	319.111	0.168
1618993927.02108	231.684	0.042	4.735	319.192	0.166
1618993927.05834	231.667	0.042	4.657	319.031	0.165
1618993927.07132	231.614	0.042	4.726	319.031	0.168
1618993927.08099	231.657	0.043	4.835	319.031	0.165
1618993927.11834	231.691	0.043	4.776	319.111	0.166
1618993927.13034	231.738	0.043	4.788	319.111	0.165
1618993927.14234	231.740	0.043	4.738	319.031	0.165
1618993927.18245	231.704	0.043	4.740	319.111	0.168
1618993927.19493	231.718	0.042	4.716	319.111	0.165
1618993927.20531	231.681	0.043	4.767	318.950	0.168
1618993927.24304	231.657	0.043	4.759	319.031	0.166
1618993927.24493	231.704	0.043	4.784	319.111	0.163
1618993927.28237	231.747	0.043	4.761	319.111	0.167
1618993927.32134	231.779	0.043	4.779	319.111	0.164
1618993927.32302	231.784	0.042	4.722	319.111	0.163
1618993927.36236	231.726	0.043	4.793	319.272	0.167
1618993927.36299	231.692	0.042	4.714	319.031	0.166
1618993927.36496	231.699	0.042	4.754	319.111	0.164
1618993927.40213	231.701	0.043	4.740	319.031	0.170
1618993927.40291	231.732	0.043	4.784	319.031	0.170
1618993927.44296	231.698	0.043	4.785	318.950	0.167
1618993927.49039	231.683	0.043	4.777	318.950	0.165
1618993927.50200	231.689	0.043	4.792	318.950	0.166
1618993927.54037	231.717	0.043	4.819	319.031	0.169
1618993927.56137	231.771	0.043	4.820	319.111	0.166
1618993927.59813	231.703	0.043	4.774	319.031	0.164
1618993927.61039	231.715	0.043	4.731	318.870	0.168
1618993927.62338	231.700	0.043	4.771	318.950	0.163
1618993927.66235	231.688	0.043	4.791	319.031	0.167
1618993927.67195	231.745	0.042	4.755	319.111	0.164
1618993927.68236	231.762	0.043	4.798	319.031	0.167
1618993927.72023	231.769	0.043	4.775	319.031	0.167
1618993927.73038	231.751	0.042	4.744	319.111	0.166
1618993927.76739	231.661	0.042	4.749	319.031	0.165
1618993927.80717	231.631	0.042	4.736	318.870	0.163
1618993927.80801	231.643	0.043	4.807	318.870	0.167
1618993927.81092	231.685	0.043	4.835	319.031	0.169
1618993927.84842	231.706	0.043	4.769	319.031	0.168
1618993927.85104	231.731	0.043	4.813	319.031	0.168
1618993927.86339	231.773	0.043	4.788	319.192	0.163
1618993927.90116	231.661	0.042	4.743	318.950	0.165
1618993927.90193	231.668	0.043	4.813	319.031	0.168
1618993927.94038	231.691	0.043	4.803	318.950	0.167
1618993927.94603	231.638	0.043	4.783	318.870	0.166
1618993927.98506	231.741	0.043	4.813	319.111	0.169
1618993927.99299	231.689	0.043	4.720	318.950	0.164
1618993928.03140	231.707	0.043	4.815	318.950	0.170
1618993928.04645	231.775	0.043	4.762	319.031	0.167
1618993928.08316	231.823	0.042	4.740	319.031	0.165
1618993928.12543	231.804	0.042	4.713	319.111	0.164
1618993928.12702	231.780	0.043	4.712	319.031	0.167
1618993928.13040	231.783	0.043	4.770	319.111	0.168
1618993928.14102	231.803	0.043	4.756	319.111	0.169
1618993928.17840	231.746	0.042	4.709	319.031	0.167
1618993928.19138	231.704	0.043	4.734	318.950	0.169
1618993928.20140	231.711	0.043	4.745	318.950	0.167
1618993928.24016	231.712	0.043	4.725	318.950	0.168
1618993928.25010	231.758	0.043	4.772	318.870	0.176
1618993928.26140	231.780	0.043	4.736	319.111	0.174
1618993928.29840	231.759	0.043	4.747	319.031	0.167
1618993928.33807	231.692	0.043	4.736	319.031	0.165
1618993928.38340	231.715	0.043	4.793	318.950	0.171
1618993928.38500	231.762	0.043	4.761	318.950	0.171
1618993928.38594	231.744	0.043	4.780	318.950	0.171
1618993928.42340	231.762	0.043	4.802	319.111	0.171
1618993928.42704	231.730	0.043	4.758	318.950	0.168
1618993928.46518	231.716	0.043	4.770	318.950	0.165
1618993928.46605	231.733	0.043	4.767	319.031	0.166
1618993928.50517	231.742	0.043	4.786	318.870	0.170
1618993928.53140	231.748	0.043	4.825	319.031	0.170
1618993928.56842	231.765	0.043	4.787	319.111	0.168
1618993928.57096	231.761	0.042	4.750	319.111	0.166
1618993928.61221	231.751	0.043	4.806	319.111	0.169
1618993928.63121	231.721	0.043	4.776	319.031	0.171
1618993928.63840	231.736	0.043	4.793	319.111	0.165
1618993928.65102	231.742	0.043	4.792	318.950	0.168
1618993928.68839	231.728	0.043	4.772	319.031	0.168
1618993928.68998	231.791	0.043	4.775	319.111	0.165
1618993928.70206	231.753	0.043	4.779	319.111	0.169
1618993928.74041	231.755	0.043	4.759	319.192	0.166
1618993928.78039	231.844	0.043	4.832	319.192	0.173
1618993928.82343	231.872	0.043	4.790	319.192	0.168
1618993928.82506	231.886	0.043	4.764	319.272	0.170
1618993928.82903	231.858	0.043	4.817	319.272	0.171
1618993928.86743	231.866	0.043	4.762	319.272	0.166
1618993928.87007	231.862	0.043	4.778	319.272	0.164
1618993928.90720	231.839	0.043	4.748	319.272	0.165
1618993928.90797	231.877	0.043	4.795	319.353	0.169
1618993928.94740	231.946	0.043	4.768	319.353	0.165
1618993928.94902	231.922	0.042	4.744	319.353	0.163
1618993928.96241	231.897	0.042	4.748	319.272	0.162
1618993929.00045	231.891	0.043	4.763	319.353	0.167
1618993929.03848	231.830	0.043	4.742	319.192	0.164
1618993929.08745	231.862	0.043	4.751	319.353	0.165
1618993929.09001	231.936	0.043	4.780	319.272	0.168
1618993929.12745	231.921	0.043	4.707	319.353	0.164
1618993929.12806	231.901	0.042	4.681	319.272	0.163
1618993929.14244	231.869	0.042	4.716	319.192	0.167
1618993929.18045	231.881	0.042	4.686	319.272	0.167
1618993929.21844	231.915	0.043	4.768	319.272	0.168
1618993929.25646	231.950	0.043	4.784	319.272	0.166
1618993929.25804	231.978	0.043	4.755	319.353	0.165
1618993929.25997	231.922	0.043	4.786	319.272	0.167
1618993929.29745	231.908	0.043	4.713	319.353	0.166
1618993929.33628	231.903	0.043	4.794	319.272	0.164
1618993929.33708	231.917	0.043	4.733	319.353	0.170
1618993929.34303	231.913	0.043	4.778	319.272	0.166
1618993929.38113	231.900	0.042	4.715	319.192	0.167
1618993929.38200	231.940	0.043	4.802	319.192	0.173
1618993929.42044	231.962	0.043	4.771	319.272	0.175
1618993929.43044	231.964	0.043	4.769	319.272	0.169
1618993929.46747	231.934	0.043	4.757	319.433	0.166
1618993929.47843	231.925	0.043	4.801	319.353	0.169
1618993929.51643	231.956	0.043	4.793	319.353	0.166
1618993929.51709	231.949	0.043	4.756	319.192	0.165
1618993929.52010	231.920	0.043	4.767	319.272	0.168
1618993929.56145	231.915	0.043	4.771	319.111	0.167
1618993929.58244	231.917	0.043	4.790	319.192	0.167
1618993929.63119	231.847	0.043	4.767	319.192	0.170
1618993929.63316	231.914	0.043	4.797	319.111	0.167
1618993929.64210	231.951	0.043	4.774	319.272	0.168
1618993929.68140	231.924	0.043	4.742	319.192	0.165
1618993929.68210	231.885	0.042	4.736	319.111	0.165
1618993929.72048	231.868	0.043	4.786	319.272	0.166
1618993929.76043	231.846	0.043	4.777	318.950	0.171
1618993929.76209	231.895	0.043	4.758	319.192	0.167
1618993929.80048	231.889	0.043	4.798	319.111	0.166
1618993929.80207	231.864	0.043	4.787	319.111	0.167
1618993929.84000	231.867	0.043	4.803	319.192	0.169
1618993929.85044	231.881	0.043	4.709	319.031	0.165
1618993929.88721	231.866	0.043	4.762	319.111	0.166
1618993929.89145	231.847	0.043	4.779	319.353	0.166
1618993929.92846	231.829	0.043	4.788	319.192	0.166
1618993929.93309	231.802	0.042	4.724	319.111	0.164
1618993929.97222	231.798	0.043	4.787	318.950	0.166
1618993929.98208	231.787	0.043	4.772	319.031	0.169
1618993930.02443	231.793	0.043	4.780	319.031	0.170
1618993930.02606	231.813	0.043	4.800	319.031	0.171
1618993930.06444	231.814	0.043	4.761	319.111	0.169
1618993930.06609	231.791	0.043	4.805	319.031	0.170
1618993930.10324	231.799	0.043	4.807	319.031	0.171
1618993930.10502	231.826	0.043	4.799	319.031	0.174
1618993930.14222	231.864	0.043	4.804	319.031	0.174
1618993930.15046	231.906	0.043	4.797	318.950	0.171
1618993930.18844	231.890	0.043	4.793	319.111	0.167
1618993930.19109	231.893	0.043	4.685	319.111	0.170
1618993930.22947	231.911	0.043	4.765	319.111	0.171
1618993930.23110	231.862	0.043	4.769	318.950	0.167
1618993930.24223	231.853	0.043	4.751	319.111	0.168
1618993930.29047	231.827	0.043	4.766	319.031	0.168
1618993930.32849	231.929	0.043	4.854	319.111	0.171
1618993930.33003	231.891	0.043	4.767	319.192	0.167
1618993930.36848	231.839	0.043	4.741	319.111	0.174
1618993930.37109	231.811	0.043	4.707	319.031	0.169
1618993930.38199	231.774	0.043	4.767	318.870	0.168
1618993930.42051	231.750	0.043	4.777	318.789	0.171
1618993930.43243	231.803	0.043	4.825	319.111	0.165
1618993930.44213	231.820	0.043	4.794	318.950	0.169
1618993930.48349	231.835	0.043	4.791	319.111	0.169
1618993930.48511	231.891	0.043	4.787	319.192	0.169
1618993930.52247	231.834	0.043	4.778	319.031	0.169
1618993930.56748	231.825	0.043	4.751	319.111	0.167
1618993930.56814	231.823	0.043	4.794	319.031	0.170
1618993930.57005	231.789	0.043	4.803	319.031	0.168
1618993930.58151	231.830	0.043	4.796	319.031	0.167
1618993930.61849	231.824	0.043	4.808	319.111	0.168
1618993930.62112	231.872	0.043	4.805	319.111	0.166
1618993930.65825	231.859	0.043	4.803	319.111	0.170
1618993930.66847	231.825	0.043	4.811	318.950	0.168
1618993930.68150	231.840	0.043	4.788	319.031	0.167
1618993930.70213	231.860	0.043	4.796	318.950	0.169
1618993930.74048	231.855	0.043	4.783	319.031	0.167
1618993930.75147	231.870	0.043	4.789	318.950	0.166
1618993930.76248	231.839	0.043	4.783	318.950	0.169
1618993930.80048	231.836	0.043	4.774	319.031	0.165
1618993930.83849	231.847	0.043	4.767	319.031	0.169
1618993930.88249	231.828	0.043	4.766	318.950	0.173
1618993930.88410	231.818	0.043	4.771	318.950	0.170
1618993930.88703	231.849	0.043	4.794	319.031	0.173
1618993930.92547	231.853	0.043	4.800	319.111	0.169
1618993930.92717	231.885	0.043	4.778	319.111	0.166
1618993930.94347	231.821	0.043	4.713	319.031	0.166
1618993930.98147	231.797	0.043	4.758	318.870	0.167
1618993930.98314	231.823	0.043	4.818	319.031	0.164
1618993931.02448	231.853	0.043	4.802	319.031	0.167
1618993931.02609	231.884	0.043	4.812	319.111	0.166
1618993931.07654	231.891	0.043	4.804	319.031	0.167
1618993931.07713	231.875	0.043	4.787	319.031	0.167
1618993931.09150	231.858	0.043	4.770	318.950	0.171
1618993931.12852	231.838	0.043	4.820	319.111	0.168
1618993931.12914	231.860	0.043	4.740	319.192	0.171
1618993931.16942	231.913	0.043	4.812	319.192	0.171
1618993931.17119	231.902	0.043	4.749	319.111	0.167
1618993931.19223	231.893	0.043	4.784	319.031	0.167
1618993931.20351	231.872	0.043	4.760	319.111	0.169
1618993931.25051	231.897	0.043	4.785	319.111	0.169
1618993931.26314	231.815	0.042	4.672	318.950	0.168
1618993931.30132	231.812	0.043	4.749	318.950	0.169
1618993931.30315	231.819	0.043	4.766	318.950	0.169
1618993931.34154	231.774	0.042	4.695	318.950	0.169
1618993931.38427	231.752	0.043	4.794	319.031	0.167
1618993931.38613	231.744	0.043	4.803	318.870	0.171
1618993931.42453	231.741	0.043	4.778	318.870	0.173
1618993931.42611	231.765	0.043	4.804	318.950	0.169
1618993931.42710	231.791	0.043	4.812	319.111	0.173
1618993931.46517	231.796	0.043	4.769	318.950	0.173
1618993931.46706	231.778	0.043	4.730	319.031	0.164
1618993931.50541	231.730	0.043	4.799	318.870	0.170
1618993931.51818	231.715	0.043	4.752	318.870	0.166
1618993931.55652	231.752	0.043	4.778	318.870	0.168
1618993931.55812	231.734	0.043	4.808	318.950	0.168
1618993931.55923	231.783	0.043	4.805	318.950	0.169
1618993931.59755	231.782	0.043	4.809	319.031	0.167
1618993931.61251	231.765	0.043	4.801	318.870	0.169
1618993931.62252	231.702	0.043	4.757	318.950	0.167
1618993931.66952	231.702	0.043	4.789	318.950	0.168
1618993931.70729	231.730	0.043	4.818	318.789	0.171
1618993931.72152	231.737	0.043	4.782	318.950	0.169
1618993931.73352	231.760	0.043	4.813	318.950	0.167
1618993931.74315	231.770	0.043	4.785	319.031	0.168
1618993931.78361	231.804	0.043	4.760	318.950	0.164
1618993931.78518	231.758	0.043	4.766	318.950	0.170
1618993931.82535	231.786	0.043	4.829	318.870	0.166
1618993931.83952	231.824	0.043	4.795	319.031	0.168
1618993931.84718	231.793	0.043	4.833	318.950	0.170
1618993931.88548	231.800	0.043	4.770	319.031	0.165
1618993931.88715	231.857	0.043	4.835	319.111	0.166
1618993931.92453	231.800	0.043	4.778	319.031	0.170
1618993931.93214	231.872	0.043	4.766	319.111	0.166
1618993931.96958	231.831	0.043	4.827	319.353	0.164
1618993931.97214	231.840	0.043	4.810	319.031	0.167
1618993931.98212	231.870	0.043	4.764	319.111	0.169
1618993932.01900	231.821	0.043	4.778	319.031	0.166
1618993932.03198	231.773	0.043	4.737	319.031	0.165
1618993932.04255	231.782	0.043	4.763	318.950	0.164
1618993932.09256	231.807	0.043	4.800	318.950	0.165
1618993932.09412	231.821	0.043	4.830	319.111	0.165
1618993932.10422	231.820	0.042	4.698	319.111	0.164
1618993932.14451	231.785	0.043	4.817	319.111	0.165
1618993932.14617	231.764	0.043	4.774	319.192	0.167
1618993932.18355	231.803	0.043	4.792	319.111	0.165
1618993932.18417	231.783	0.043	4.755	319.111	0.166
1618993932.22263	231.706	0.043	4.792	319.031	0.173
1618993932.22319	231.813	0.043	4.816	319.111	0.166
1618993932.27121	231.834	0.043	4.811	319.031	0.165
1618993932.29455	231.903	0.043	4.786	319.192	0.169
1618993932.33514	231.904	0.043	4.828	319.272	0.166
1618993932.37657	231.868	0.042	4.711	319.192	0.164
1618993932.37716	231.908	0.043	4.790	319.192	0.164
1618993932.37813	231.931	0.043	4.765	319.272	0.167
1618993932.41658	231.930	0.043	4.708	319.111	0.165
1618993932.43156	231.920	0.043	4.765	319.031	0.165
1618993932.46955	231.897	0.043	4.786	319.031	0.165
1618993932.47119	231.860	0.043	4.779	319.031	0.167
1618993932.50833	231.895	0.043	4.806	319.031	0.168
1618993932.50912	231.870	0.043	4.827	319.111	0.169
1618993932.52357	231.919	0.043	4.774	319.192	0.165
1618993932.56157	231.881	0.043	4.814	319.111	0.166
1618993932.60142	231.871	0.043	4.802	319.111	0.166
1618993932.60319	231.828	0.043	4.765	319.031	0.166
1618993932.61355	231.800	0.043	4.810	319.031	0.166
1618993932.65355	231.792	0.043	4.819	318.950	0.169
1618993932.67161	231.880	0.043	4.839	319.111	0.167
1618993932.68355	231.839	0.043	4.811	319.111	0.176
1618993932.72147	231.821	0.043	4.734	318.870	0.171
1618993932.73219	231.808	0.043	4.772	318.870	0.170
1618993932.74358	231.757	0.043	4.800	318.870	0.171
1618993932.78254	231.780	0.043	4.776	319.031	0.169
1618993932.79357	231.836	0.043	4.842	318.870	0.169
1618993932.80356	231.831	0.043	4.810	319.031	0.174
1618993932.84235	231.861	0.043	4.794	318.870	0.169
1618993932.84313	231.868	0.043	4.796	318.950	0.173
1618993932.88122	231.853	0.043	4.786	318.950	0.170
1618993932.89116	231.855	0.043	4.778	319.031	0.168
1618993932.92853	231.862	0.043	4.816	319.031	0.166
1618993932.93214	231.860	0.043	4.776	318.950	0.168
1618993932.96959	231.909	0.043	4.798	318.950	0.165
1618993932.97121	231.866	0.043	4.795	319.192	0.166
1618993932.99251	231.861	0.043	4.771	319.192	0.164
1618993933.00257	231.852	0.043	4.765	319.031	0.168
1618993933.03957	231.865	0.043	4.804	319.192	0.167
1618993933.05220	231.817	0.043	4.754	318.950	0.169
1618993933.06357	231.846	0.043	4.790	319.111	0.170
1618993933.10326	231.843	0.043	4.801	319.031	0.169
1618993933.11318	231.844	0.043	4.807	318.950	0.171
1618993933.12658	231.841	0.043	4.745	319.031	0.173
1618993933.16757	231.836	0.043	4.805	319.111	0.171
1618993933.16821	231.818	0.043	4.746	319.111	0.167
1618993933.20657	231.774	0.043	4.781	319.031	0.170
1618993933.20927	231.791	0.043	4.797	319.031	0.165
1618993933.22258	231.796	0.043	4.772	319.111	0.169
1618993933.26157	231.812	0.043	4.769	319.192	0.167
1618993933.27425	231.814	0.043	4.799	319.111	0.163
1618993933.28360	231.764	0.043	4.778	319.031	0.165
1618993933.32233	231.751	0.043	4.791	318.950	0.164
1618993933.32314	231.785	0.043	4.817	319.031	0.167
1618993933.34259	231.835	0.043	4.797	319.111	0.168
1618993933.37959	231.845	0.043	4.786	319.031	0.164
1618993933.38623	231.841	0.043	4.819	319.192	0.167
1618993933.42857	231.778	0.042	4.705	319.111	0.164
1618993933.46859	231.763	0.043	4.787	319.111	0.169
1618993933.47114	231.772	0.042	4.714	318.950	0.168
1618993933.48220	231.803	0.043	4.792	319.031	0.166
1618993933.51959	231.796	0.043	4.821	319.111	0.168
1618993933.53359	231.751	0.043	4.796	319.031	0.170
1618993933.54323	231.756	0.043	4.818	319.111	0.173
1618993933.58626	231.785	0.043	4.822	319.111	0.168
1618993933.59413	231.751	0.043	4.808	318.950	0.168
1618993933.60359	231.759	0.043	4.766	318.950	0.168
1618993933.64962	231.763	0.043	4.805	318.950	0.167
1618993933.68758	231.786	0.043	4.793	319.031	0.167
1618993933.68922	231.747	0.043	4.787	318.950	0.168
1618993933.70118	231.686	0.043	4.732	318.870	0.169
1618993933.73906	231.650	0.043	4.795	318.628	0.169
1618993933.75205	231.749	0.043	4.839	318.950	0.169
1618993933.76206	231.756	0.043	4.768	318.950	0.166
1618993933.80106	231.760	0.043	4.773	319.031	0.168
1618993933.80205	231.777	0.043	4.791	319.031	0.165
1618993933.83906	231.714	0.043	4.739	318.950	0.171
1618993933.85306	231.706	0.043	4.717	319.031	0.168
1618993933.86406	231.743	0.043	4.810	318.870	0.170
1618993933.90358	231.789	0.043	4.827	319.192	0.167
1618993933.91320	231.861	0.043	4.763	319.111	0.166
1618993933.92360	231.900	0.043	4.804	319.192	0.166
1618993933.96140	231.886	0.043	4.832	319.111	0.165
1618993933.96227	231.875	0.042	4.766	319.272	0.164
1618993934.00362	231.884	0.043	4.806	319.111	0.167
1618993934.04163	231.848	0.043	4.788	319.192	0.169
1618993934.04325	231.889	0.043	4.811	319.111	0.165
1618993934.05323	231.947	0.043	4.859	319.353	0.165
1618993934.09262	231.956	0.043	4.798	319.272	0.164
1618993934.09322	231.946	0.043	4.797	319.353	0.166
1618993934.13361	231.916	0.042	4.777	319.433	0.162
1618993934.13425	231.904	0.042	4.788	319.272	0.163
1618993934.17263	231.869	0.043	4.773	319.272	0.164
1618993934.17416	231.898	0.043	4.770	319.272	0.164
1618993934.18316	231.905	0.043	4.806	319.192	0.168
1618993934.22233	231.871	0.043	4.781	319.272	0.171
1618993934.23364	231.910	0.042	4.780	319.353	0.168
1618993934.24438	231.869	0.042	4.771	319.192	0.167
1618993934.28361	231.836	0.042	4.743	319.192	0.170
1618993934.28426	231.818	0.042	4.788	319.111	0.167
1618993934.32264	231.832	0.043	4.810	319.192	0.165
1618993934.36668	231.875	0.042	4.796	319.192	0.167
1618993934.36827	231.887	0.043	4.788	319.272	0.171
1618993934.37020	231.819	0.042	4.794	319.272	0.167
1618993934.40872	231.837	0.042	4.767	319.111	0.167
1618993934.40923	231.830	0.043	4.845	319.111	0.169
1618993934.43264	231.832	0.043	4.795	319.192	0.171
1618993934.46966	231.891	0.043	4.817	319.192	0.170
1618993934.47126	231.929	0.043	4.823	319.192	0.166
1618993934.48263	231.925	0.042	4.710	319.192	0.170
1618993934.51966	231.931	0.043	4.755	319.192	0.166
1618993934.53263	231.943	0.042	4.738	319.192	0.161
1618993934.54228	231.892	0.042	4.725	319.111	0.163
1618993934.57967	231.880	0.042	4.784	319.272	0.163
1618993934.59262	231.909	0.043	4.813	319.272	0.162
1618993934.61336	231.897	0.043	4.829	319.192	0.165
1618993934.65164	231.976	0.043	4.820	319.192	0.167
1618993934.66364	231.896	0.042	4.756	319.272	0.164
1618993934.70332	231.913	0.043	4.787	319.192	0.168
1618993934.71329	231.905	0.039	4.305	319.272	0.157
1618993934.72364	231.877	0.035	3.766	319.192	0.144
1618993934.76167	231.868	0.034	3.532	319.272	0.138
1618993934.76228	231.912	0.034	3.555	319.272	0.136
1618993934.79963	231.879	0.030	3.027	319.111	0.129
1618993934.83814	231.858	0.029	2.925	319.031	0.127
1618993934.83901	231.824	0.030	2.978	319.192	0.127
1618993934.88142	231.813	0.029	2.968	319.031	0.122
1618993934.88230	231.738	0.026	2.599	318.789	0.117
1618993934.88321	231.768	0.025	2.475	319.031	0.108
1618993934.92165	231.794	0.025	2.457	319.031	0.110
1618993934.93264	231.810	0.025	2.422	319.111	0.110
1618993934.96965	231.801	0.025	2.509	319.192	0.108
1618993934.97864	231.773	0.025	2.466	319.031	0.112
1618993935.01670	231.829	0.025	2.477	319.192	0.110
1618993935.01724	231.824	0.025	2.500	319.111	0.110
1618993935.03221	231.843	0.025	2.465	319.353	0.107
1618993935.04223	231.792	0.025	2.424	319.031	0.109
1618993935.07969	231.716	0.025	2.435	319.031	0.110
1618993935.08108	231.683	0.025	2.407	318.950	0.108
1618993935.11870	231.689	0.025	2.453	318.950	0.107
1618993935.13468	231.701	0.025	2.466	318.950	0.108
1618993935.14331	231.707	0.025	2.484	318.950	0.109
1618993935.18168	231.744	0.025	2.461	319.031	0.112
1618993935.19367	231.739	0.025	2.443	319.031	0.111
1618993935.20367	231.703	0.025	2.430	319.031	0.108
1618993935.24142	231.677	0.025	2.435	318.870	0.107
1618993935.24223	231.713	0.025	2.509	318.950	0.110
1618993935.27943	231.713	0.025	2.466	318.870	0.109
1618993935.32370	231.692	0.025	2.474	318.950	0.117
1618993935.32431	231.726	0.025	2.484	319.031	0.115
1618993935.34043	231.734	0.025	2.448	318.950	0.108
1618993935.34968	231.720	0.025	2.461	318.950	0.114
1618993935.38768	231.687	0.025	2.451	318.950	0.112
1618993935.40072	231.694	0.025	2.459	318.870	0.111
1618993935.41167	231.716	0.025	2.492	318.870	0.116
1618993935.44844	231.742	0.025	2.431	319.031	0.108
1618993935.45034	231.761	0.025	2.485	319.031	0.115
1618993935.46364	231.822	0.025	2.490	318.950	0.111
1618993935.50145	231.820	0.025	2.451	319.111	0.109
1618993935.50220	231.776	0.025	2.451	318.950	0.114
1618993935.53969	231.817	0.025	2.488	319.031	0.112
1618993935.57870	231.840	0.028	2.799	319.192	0.129
1618993935.57932	231.835	0.026	2.488	319.111	0.114
1618993935.58121	231.856	0.025	2.492	319.111	0.112
1618993935.61968	231.860	0.025	2.476	319.272	0.115
1618993935.62130	231.849	0.025	2.447	319.272	0.108
1618993935.65869	231.853	0.025	2.483	319.111	0.112
1618993935.67167	231.807	0.025	2.442	319.192	0.110
1618993935.70846	231.818	0.025	2.468	319.192	0.112
1618993935.71034	231.803	0.025	2.491	319.192	0.112
1618993935.75169	231.862	0.025	2.476	319.272	0.112
1618993935.75631	231.867	0.025	2.430	319.272	0.109
1618993935.76367	231.819	0.025	2.454	319.272	0.108
1618993935.80169	231.770	0.025	2.444	319.111	0.114
1618993935.83867	231.796	0.025	2.479	319.111	0.110
1618993935.83934	231.849	0.025	2.468	319.111	0.110
1618993935.84123	231.701	0.024	2.391	319.031	0.109
1618993935.88875	231.621	0.025	2.419	318.870	0.109
1618993935.88936	231.709	0.025	2.511	319.031	0.110
1618993935.92769	231.764	0.025	2.497	319.192	0.110
1618993935.93566	231.763	0.025	2.441	319.031	0.110
1618993935.94433	231.795	0.025	2.491	319.192	0.114
1618993935.98473	231.843	0.025	2.488	319.192	0.114
1618993935.99426	231.841	0.025	2.471	319.192	0.108
1618993936.00473	231.863	0.025	2.493	319.272	0.109
1618993936.04269	231.856	0.025	2.453	319.272	0.111
1618993936.04332	231.817	0.025	2.469	319.192	0.108
1618993936.08174	231.808	0.025	2.433	319.192	0.108
1618993936.11672	231.829	0.025	2.461	319.192	0.111
1618993936.13369	231.845	0.025	2.508	319.353	0.114
1618993936.17278	231.850	0.025	2.468	319.272	0.112
1618993936.17329	231.861	0.025	2.451	319.272	0.110
1618993936.21275	231.840	0.025	2.468	319.353	0.115
1618993936.21332	231.856	0.025	2.482	319.272	0.111
1618993936.25127	231.872	0.025	2.433	319.353	0.108
1618993936.25568	231.907	0.025	2.484	319.272	0.108
1618993936.26373	231.905	0.025	2.465	319.272	0.109
1618993936.30445	231.901	0.025	2.461	319.192	0.110
1618993936.31233	231.870	0.025	2.454	319.111	0.110
1618993936.32227	231.872	0.025	2.442	319.192	0.111
1618993936.35969	231.828	0.025	2.461	319.272	0.108
1618993936.36134	231.854	0.025	2.491	319.192	0.110
1618993936.39971	231.873	0.025	2.461	319.111	0.109
1618993936.40970	231.845	0.025	2.430	319.111	0.110
1618993936.44747	231.784	0.025	2.436	319.111	0.115
1618993936.44927	231.759	0.025	2.438	319.031	0.109
1618993936.48771	231.712	0.024	2.374	319.111	0.108
1618993936.48834	231.692	0.025	2.479	318.950	0.110
1618993936.52679	231.685	0.025	2.447	319.031	0.115
1618993936.52834	231.722	0.025	2.450	319.031	0.112
1618993936.56669	231.745	0.025	2.462	319.111	0.109
1618993936.57336	231.782	0.029	2.897	319.111	0.122
1618993936.61171	231.814	0.025	2.465	319.111	0.109
1618993936.61432	231.824	0.025	2.484	319.192	0.109
1618993936.62343	231.842	0.025	2.474	319.111	0.106
1618993936.66169	231.842	0.025	2.483	319.031	0.110
1618993936.68372	231.942	0.025	2.504	319.192	0.110
1618993936.72175	231.913	0.025	2.438	319.192	0.110
1618993936.72235	231.965	0.025	2.455	319.192	0.109
1618993936.76130	231.952	0.025	2.441	319.272	0.109
1618993936.80643	231.871	0.025	2.424	319.272	0.108
1618993936.80823	231.840	0.025	2.492	318.870	0.104
1618993936.80932	231.862	0.025	2.465	319.111	0.110
1618993936.85975	231.876	0.024	2.404	319.192	0.107
1618993936.86138	231.832	0.025	2.487	319.272	0.108
1618993936.89934	231.804	0.025	2.429	319.111	0.108
1618993936.90122	231.776	0.025	2.450	319.192	0.110
1618993936.90220	231.744	0.025	2.430	319.111	0.109
1618993936.94172	231.759	0.025	2.468	319.192	0.109
1618993936.94231	231.780	0.025	2.448	319.192	0.107
1618993936.97933	231.768	0.025	2.425	319.111	0.107
1618993936.98130	231.781	0.025	2.465	319.031	0.109
1618993937.01856	231.740	0.025	2.431	319.031	0.112
1618993937.01954	231.654	0.024	2.421	318.950	0.106
1618993937.05754	231.620	0.025	2.449	318.870	0.108
1618993937.06256	231.635	0.025	2.456	318.950	0.107
1618993937.10156	231.685	0.025	2.456	319.111	0.109
1618993937.13975	231.724	0.025	2.484	319.031	0.112
1618993937.14137	231.726	0.025	2.405	319.192	0.111
1618993937.14235	231.724	0.025	2.453	318.950	0.108
1618993937.16375	231.736	0.025	2.404	319.111	0.108
1618993937.20261	231.703	0.025	2.495	318.950	0.115
1618993937.20338	231.653	0.025	2.451	318.950	0.112
1618993937.24167	231.636	0.025	2.477	318.870	0.112
1618993937.25377	231.671	0.025	2.451	318.950	0.111
1618993937.27370	231.687	0.025	2.443	318.950	0.109
1618993937.31777	231.663	0.025	2.462	318.870	0.108
1618993937.31840	231.617	0.025	2.471	318.789	0.112
1618993937.32673	231.658	0.025	2.459	318.950	0.108
1618993937.38977	231.690	0.025	2.488	318.870	0.111
1618993937.39776	231.710	0.025	2.438	319.031	0.111
1618993937.39838	231.728	0.025	2.449	318.870	0.110
1618993937.40975	231.713	0.025	2.446	319.031	0.110
1618993937.44823	231.677	0.025	2.425	319.031	0.109
1618993937.44919	231.657	0.025	2.446	318.870	0.108
1618993937.49174	231.653	0.025	2.467	318.789	0.108
1618993937.52974	231.667	0.025	2.491	318.950	0.111
1618993937.53137	231.697	0.025	2.420	318.950	0.106
1618993937.54374	231.691	0.025	2.474	318.950	0.112
1618993937.58175	231.712	0.025	2.536	319.031	0.112
1618993937.58337	231.698	0.028	2.818	318.950	0.123
1618993937.62175	231.692	0.025	2.449	318.870	0.108
1618993937.66774	231.727	0.025	2.458	318.870	0.110
1618993937.66838	231.723	0.025	2.477	318.950	0.110
1618993937.66935	231.722	0.025	2.460	319.111	0.112
1618993937.68230	231.755	0.025	2.422	318.950	0.107
1618993937.70348	231.713	0.025	2.444	318.950	0.108
1618993937.74133	231.679	0.025	2.438	319.031	0.109
1618993937.74322	231.643	0.025	2.431	318.789	0.109
1618993937.78359	231.666	0.025	2.422	318.870	0.107
1618993937.79572	231.717	0.025	2.505	318.950	0.114
1618993937.80365	231.746	0.025	2.461	318.950	0.106
1618993937.84151	231.742	0.025	2.484	318.950	0.111
1618993937.84237	231.747	0.025	2.464	319.031	0.110
1618993937.87976	231.693	0.025	2.389	318.950	0.109
1618993937.91980	231.645	0.025	2.425	318.870	0.107
1618993937.92136	231.607	0.025	2.443	318.870	0.112
1618993937.92232	231.603	0.025	2.451	318.950	0.109
1618993937.96081	231.642	0.025	2.480	318.870	0.108
1618993937.96240	231.685	0.025	2.465	319.031	0.112
1618993937.99976	231.695	0.025	2.474	318.950	0.116
1618993938.00241	231.703	0.025	2.447	319.031	0.111
1618993938.03984	231.685	0.025	2.466	318.950	0.108
1618993938.05285	231.679	0.025	2.440	319.031	0.112
1618993938.09957	231.660	0.025	2.418	318.870	0.108
1618993938.10146	231.648	0.025	2.472	318.870	0.110
1618993938.11377	231.644	0.025	2.444	318.950	0.109
1618993938.12638	231.642	0.025	2.445	318.870	0.110
1618993938.16373	231.651	0.025	2.484	318.789	0.112
1618993938.17437	231.647	0.025	2.415	319.031	0.110
1618993938.18439	231.669	0.025	2.462	318.870	0.109
1618993938.22451	231.675	0.025	2.480	318.950	0.115
1618993938.23575	231.671	0.025	2.430	318.950	0.109
1618993938.24755	231.621	0.025	2.433	318.870	0.109
1618993938.28548	231.653	0.025	2.463	318.870	0.109
1618993938.28735	231.661	0.025	2.448	318.950	0.106
1618993938.32484	231.645	0.025	2.454	318.870	0.108
1618993938.36350	231.675	0.025	2.482	318.870	0.110
1618993938.36429	231.692	0.025	2.470	318.950	0.116
1618993938.37476	231.719	0.025	2.467	318.950	0.110
1618993938.41377	231.680	0.025	2.450	318.870	0.107
1618993938.41441	231.683	0.025	2.440	318.789	0.107
1618993938.43856	231.666	0.025	2.412	318.870	0.111
1618993938.44145	231.616	0.025	2.431	318.870	0.110
1618993938.47869	231.643	0.025	2.432	318.870	0.109
1618993938.51781	231.666	0.025	2.482	318.870	0.108
1618993938.51843	231.673	0.025	2.456	319.031	0.110
1618993938.52436	231.699	0.025	2.501	318.950	0.114
1618993938.56485	231.692	0.025	2.424	319.031	0.110
1618993938.57244	231.689	0.025	2.421	318.950	0.107
1618993938.61076	231.683	0.028	2.760	318.870	0.130
1618993938.61238	231.721	0.026	2.605	319.031	0.114
1618993938.62340	231.753	0.025	2.460	319.192	0.110
1618993938.66555	231.744	0.025	2.489	318.950	0.112
1618993938.66735	231.732	0.024	2.414	318.870	0.108
1618993938.70542	231.740	0.025	2.473	318.950	0.110
1618993938.74885	231.745	0.025	2.465	319.031	0.111
1618993938.74943	231.783	0.025	2.452	319.031	0.108
1618993938.75148	231.756	0.025	2.466	319.031	0.114
1618993938.78980	231.812	0.025	2.464	319.111	0.109
1618993938.79143	231.830	0.025	2.468	319.272	0.110
1618993938.81378	231.766	0.025	2.433	319.192	0.111
1618993938.85137	231.729	0.025	2.420	319.111	0.109
1618993938.85420	231.723	0.025	2.440	318.950	0.106
1618993938.86486	231.743	0.025	2.491	319.031	0.112
1618993938.90256	231.784	0.025	2.490	319.031	0.111
1618993938.91245	231.795	0.025	2.442	319.111	0.110
1618993938.94955	231.791	0.025	2.442	319.272	0.108
1618993938.95141	231.755	0.025	2.485	319.192	0.110
1618993938.97580	231.729	0.024	2.395	319.111	0.107
1618993939.01380	231.711	0.025	2.435	319.031	0.109
1618993939.01541	231.716	0.025	2.474	319.031	0.109
1618993939.03481	231.762	0.025	2.430	319.031	0.109
1618993939.07238	231.790	0.025	2.477	319.192	0.108
1618993939.07445	231.786	0.025	2.445	319.111	0.109
1618993939.11338	231.823	0.025	2.417	319.192	0.109
1618993939.11426	231.760	0.025	2.496	319.111	0.112
1618993939.13380	231.753	0.025	2.438	319.192	0.109
1618993939.14345	231.740	0.025	2.464	319.111	0.109
1618993939.18256	231.707	0.025	2.446	319.111	0.107
1618993939.19381	231.742	0.025	2.496	319.111	0.112
1618993939.20380	231.769	0.025	2.470	319.031	0.108
1618993939.25182	231.762	0.025	2.461	319.272	0.110
1618993939.28983	231.765	0.025	2.452	319.111	0.110
1618993939.29141	231.774	0.025	2.439	319.111	0.107
1618993939.32942	231.795	0.025	2.471	319.192	0.109
1618993939.33140	231.802	0.025	2.472	319.272	0.109
1618993939.34356	231.798	0.025	2.463	319.192	0.109
1618993939.38283	231.759	0.025	2.422	319.272	0.110
1618993939.39382	231.744	0.025	2.430	319.111	0.109
1618993939.40346	231.725	0.025	2.448	318.950	0.109
1618993939.44182	231.758	0.025	2.458	319.111	0.107
1618993939.44746	231.748	0.025	2.459	319.111	0.108
1618993939.48490	231.769	0.025	2.467	319.031	0.109
1618993939.49181	231.793	0.025	2.449	319.111	0.109
1618993939.52893	231.780	0.025	2.419	319.111	0.111
1618993939.52948	231.735	0.025	2.418	319.031	0.107
1618993939.55686	231.746	0.025	2.476	319.031	0.108
1618993939.59483	231.750	0.025	2.434	319.111	0.109
1618993939.59646	231.783	0.025	2.516	319.111	0.109
1618993939.61360	231.800	0.028	2.830	319.192	0.127
1618993939.65082	231.820	0.025	2.453	319.272	0.109
1618993939.65344	231.770	0.025	2.446	319.031	0.108
1618993939.66336	231.745	0.025	2.413	319.111	0.108
1618993939.71387	231.739	0.025	2.456	319.192	0.110
1618993939.71543	231.700	0.025	2.475	319.192	0.109
1618993939.72455	231.725	0.025	2.460	319.111	0.110
1618993939.76285	231.730	0.025	2.476	319.031	0.111
1618993939.77385	231.750	0.025	2.458	319.111	0.111
1618993939.78488	231.789	0.025	2.477	319.111	0.111
1618993939.82382	231.777	0.025	2.464	319.111	0.107
1618993939.83384	231.783	0.025	2.436	319.192	0.107
1618993939.84495	231.777	0.025	2.445	319.031	0.110
1618993939.88383	231.779	0.025	2.455	319.111	0.109
1618993939.88447	231.802	0.025	2.451	319.272	0.109
1618993939.92287	231.794	0.025	2.455	319.192	0.109
1618993939.96895	231.840	0.025	2.474	319.272	0.110
1618993940.00987	231.840	0.025	2.486	319.272	0.109
1618993940.01047	231.837	0.025	2.476	319.272	0.108
1618993940.04885	231.866	0.025	2.430	319.272	0.107
1618993940.04945	231.835	0.025	2.448	319.353	0.108
1618993940.08786	231.829	0.025	2.425	319.192	0.109
1618993940.09442	231.825	0.025	2.441	319.272	0.110
1618993940.13292	231.794	0.025	2.421	319.272	0.106
1618993940.17184	231.812	0.025	2.461	319.272	0.108
1618993940.17249	231.854	0.025	2.457	319.192	0.111
1618993940.20987	231.843	0.025	2.428	319.353	0.108
1618993940.21050	231.844	0.025	2.418	319.192	0.109
1618993940.24863	231.813	0.025	2.448	319.192	0.107
1618993940.26089	231.786	0.025	2.441	319.192	0.108
1618993940.26950	231.794	0.025	2.421	319.031	0.109
1618993940.30834	231.817	0.025	2.451	319.111	0.111
1618993940.31225	231.817	0.025	2.469	319.031	0.109
1618993940.32331	231.789	0.025	2.449	319.031	0.108
1618993940.36331	231.809	0.024	2.409	319.111	0.106
1618993940.37528	231.770	0.025	2.483	319.111	0.109
1618993940.38561	231.770	0.025	2.444	319.111	0.109
1618993940.42388	231.798	0.025	2.470	319.272	0.111
1618993940.43462	231.812	0.025	2.458	319.192	0.111
1618993940.47454	231.835	0.025	2.452	319.111	0.108
1618993940.51381	231.788	0.025	2.420	319.272	0.109
1618993940.51786	231.778	0.025	2.427	319.031	0.107
1618993940.52547	231.787	0.025	2.437	319.192	0.110
1618993940.56385	231.773	0.025	2.404	319.111	0.107
1618993940.57348	231.774	0.025	2.451	319.192	0.106
1618993940.58441	231.800	0.025	2.433	319.192	0.108
1618993940.62353	231.790	0.025	2.441	319.192	0.107
1618993940.63465	231.811	0.028	2.847	319.192	0.124
1618993940.64494	231.765	0.025	2.467	319.111	0.108
1618993940.68289	231.741	0.025	2.450	319.192	0.109
1618993940.68350	231.767	0.025	2.402	319.272	0.106
1618993940.72290	231.751	0.025	2.471	319.192	0.117
1618993940.77090	231.764	0.025	2.445	319.111	0.108
1618993940.78490	231.769	0.025	2.464	319.111	0.109
1618993940.79552	231.741	0.025	2.461	319.111	0.108
1618993940.83370	231.741	0.025	2.417	319.031	0.108
1618993940.83547	231.779	0.025	2.463	319.111	0.112
1618993940.84562	231.790	0.025	2.460	319.192	0.108
1618993940.88387	231.797	0.025	2.454	319.111	0.107
1618993940.89586	231.739	0.025	2.403	319.111	0.107
1618993940.90555	231.685	0.025	2.424	319.031	0.109
1618993940.94487	231.699	0.024	2.407	318.870	0.108
1618993940.95448	231.737	0.025	2.462	318.950	0.109
1618993940.96587	231.750	0.025	2.456	319.111	0.107
1618993940.98895	231.780	0.025	2.426	319.031	0.110
1618993941.02573	231.811	0.025	2.472	319.111	0.111
1618993941.02754	231.771	0.025	2.446	318.950	0.106
1618993941.06589	231.752	0.024	2.404	318.950	0.106
1618993941.07185	231.732	0.025	2.440	318.950	0.107
1618993941.11089	231.735	0.025	2.508	319.031	0.110
1618993941.14997	231.757	0.024	2.411	319.031	0.108
1618993941.15047	231.754	0.025	2.450	319.111	0.110
1618993941.15389	231.718	0.025	2.444	319.031	0.116
1618993941.19090	231.724	0.025	2.455	318.950	0.111
1618993941.19252	231.719	0.024	2.421	318.950	0.108
1618993941.20389	231.724	0.025	2.472	319.031	0.107
1618993941.24094	231.724	0.025	2.422	318.950	0.111
1618993941.25391	231.732	0.027	2.805	318.950	0.122
1618993941.26354	231.737	0.028	2.897	319.111	0.119
1618993941.30072	231.767	0.025	2.451	319.031	0.109
1618993941.31344	231.724	0.025	2.451	318.950	0.111
1618993941.32360	231.708	0.025	2.431	319.111	0.108
1618993941.36495	231.728	0.025	2.434	319.031	0.106
1618993941.37488	231.732	0.025	2.472	319.031	0.109
1618993941.38592	231.730	0.025	2.486	319.111	0.111
1618993941.43190	231.766	0.025	2.411	319.111	0.108
1618993941.47068	231.722	0.025	2.422	319.111	0.108
1618993941.50994	231.677	0.025	2.419	319.111	0.108
1618993941.51054	231.657	0.025	2.421	318.950	0.111
1618993941.54896	231.702	0.025	2.465	318.950	0.107
1618993941.54954	231.748	0.025	2.501	319.272	0.111
1618993941.57393	231.760	0.025	2.441	319.111	0.111
1618993941.61407	231.745	0.025	2.427	318.950	0.108
1618993941.61454	231.742	0.025	2.451	319.111	0.110
1618993941.63491	231.704	0.026	2.608	319.031	0.118
1618993941.64455	231.705	0.027	2.685	318.950	0.121
1618993941.68268	231.716	0.025	2.463	319.111	0.110
1618993941.69358	231.731	0.025	2.441	319.031	0.111
1618993941.70451	231.782	0.025	2.461	319.111	0.111
1618993941.74390	231.800	0.025	2.516	319.111	0.109
1618993941.75449	231.786	0.025	2.451	319.031	0.110
1618993941.76494	231.766	0.024	2.423	319.111	0.108
1618993941.80270	231.787	0.025	2.477	319.111	0.108
1618993941.80348	231.828	0.025	2.461	319.272	0.108
1618993941.84370	231.854	0.025	2.446	319.111	0.109
1618993941.85644	231.809	0.025	2.417	319.111	0.107
1618993941.86545	231.772	0.025	2.474	318.950	0.107
1618993941.90353	231.781	0.024	2.462	318.628	0.107
1618993941.91335	231.767	0.024	2.447	318.709	0.103
1618993941.95095	231.790	0.025	2.457	318.870	0.106
1618993941.95356	231.821	0.025	2.472	319.031	0.112
1618993941.99053	231.848	0.025	2.460	319.192	0.109
1618993941.99247	231.848	0.025	2.431	319.111	0.106
1618993942.00373	231.856	0.025	2.440	319.031	0.108
1618993942.04097	231.883	0.025	2.466	319.272	0.109
1618993942.05393	231.888	0.025	2.427	319.192	0.108
1618993942.09093	231.888	0.025	2.429	319.353	0.106
1618993942.09255	231.877	0.025	2.467	319.192	0.106
1618993942.12993	231.860	0.025	2.441	319.192	0.108
1618993942.13056	231.845	0.025	2.437	319.272	0.108
1618993942.16896	231.809	0.025	2.443	319.272	0.107
1618993942.17053	231.739	0.025	2.437	319.031	0.108
1618993942.20897	231.766	0.025	2.426	319.031	0.108
1618993942.22058	231.818	0.025	2.465	319.192	0.110
1618993942.23069	231.854	0.025	2.457	319.272	0.110
1618993942.26909	231.845	0.025	2.433	319.111	0.111
1618993942.28995	231.808	0.025	2.434	319.111	0.109
1618993942.32795	231.818	0.025	2.445	319.192	0.114
1618993942.33395	231.860	0.025	2.489	319.272	0.108
1618993942.34497	231.864	0.025	2.463	319.272	0.110
1618993942.38293	231.906	0.026	2.565	319.192	0.117
1618993942.38357	231.948	0.025	2.442	319.272	0.108
1618993942.42097	231.910	0.026	2.610	319.353	0.119
1618993942.45997	231.907	0.025	2.523	319.353	0.114
1618993942.46058	231.882	0.025	2.458	319.272	0.109
1618993942.46247	231.857	0.025	2.500	319.272	0.110
1618993942.49969	231.859	0.025	2.454	319.272	0.114
1618993942.50050	231.848	0.025	2.437	319.272	0.109
1618993942.53994	231.848	0.025	2.439	319.192	0.109
1618993942.55095	231.826	0.025	2.472	319.272	0.111
1618993942.58898	231.798	0.025	2.412	319.192	0.107
1618993942.62897	231.793	0.025	2.464	319.111	0.112
1618993942.62957	231.806	0.025	2.459	319.111	0.109
1618993942.66794	231.839	0.028	2.781	319.111	0.128
1618993942.67393	231.837	0.026	2.543	319.192	0.112
1618993942.71072	231.810	0.025	2.447	319.111	0.108
1618993942.71251	231.786	0.025	2.437	319.192	0.107
1618993942.72493	231.765	0.025	2.419	319.031	0.109
1618993942.76295	231.773	0.025	2.474	319.111	0.109
1618993942.76358	231.810	0.025	2.442	319.111	0.108
1618993942.80098	231.855	0.025	2.503	319.272	0.112
1618993942.81095	231.888	0.025	2.452	319.433	0.108
1618993942.84898	231.814	0.025	2.417	319.272	0.107
1618993942.88797	231.805	0.024	2.408	319.192	0.106
1618993942.88859	231.771	0.025	2.460	319.192	0.108
1618993942.88952	231.805	0.025	2.443	319.192	0.109
1618993942.92796	231.802	0.025	2.457	319.272	0.110
1618993942.93360	231.822	0.025	2.454	319.272	0.108
1618993942.97098	231.806	0.025	2.471	319.272	0.108
1618993942.97260	231.792	0.025	2.430	319.031	0.110
1618993943.00971	231.793	0.025	2.492	319.111	0.109
1618993943.01257	231.790	0.024	2.405	319.111	0.106
1618993943.02394	231.732	0.025	2.423	319.031	0.110
1618993943.06100	231.748	0.025	2.417	319.031	0.110
1618993943.07373	231.715	0.025	2.456	318.950	0.110
1618993943.08354	231.751	0.025	2.428	319.031	0.110
1618993943.12100	231.736	0.025	2.401	319.031	0.108
1618993943.13496	231.725	0.025	2.422	318.870	0.109
1618993943.14500	231.732	0.025	2.465	319.111	0.110
1618993943.18297	231.746	0.025	2.441	319.031	0.106
1618993943.18360	231.787	0.025	2.458	319.192	0.110
1618993943.22396	231.802	0.025	2.471	319.192	0.109
1618993943.26877	231.811	0.025	2.447	319.111	0.110
1618993943.26953	231.784	0.024	2.424	319.031	0.106
1618993943.27062	231.768	0.025	2.494	319.031	0.108
1618993943.30879	231.745	0.025	2.433	319.031	0.110
1618993943.30956	231.781	0.025	2.457	319.111	0.110
1618993943.32495	231.814	0.025	2.458	319.111	0.107
1618993943.36297	231.815	0.025	2.412	319.111	0.109
1618993943.36361	231.828	0.024	2.409	319.031	0.108
1618993943.40098	231.799	0.025	2.440	319.031	0.107
1618993943.40861	231.802	0.025	2.428	319.031	0.109
1618993943.44598	231.788	0.024	2.400	318.950	0.109
1618993943.48501	231.773	0.025	2.463	319.031	0.111
1618993943.48556	231.798	0.025	2.462	319.111	0.110
1618993943.49598	231.783	0.025	2.446	319.031	0.110
1618993943.50463	231.796	0.025	2.478	319.111	0.108
1618993943.54300	231.786	0.025	2.440	319.111	0.110
1618993943.56470	231.785	0.025	2.436	319.031	0.106
1618993943.60298	231.789	0.025	2.484	319.111	0.110
1618993943.60362	231.806	0.025	2.437	319.031	0.107
1618993943.64098	231.759	0.025	2.448	319.031	0.109
1618993943.65401	231.767	0.024	2.426	319.111	0.107
1618993943.67455	231.749	0.028	2.840	319.111	0.117
1618993943.71544	231.702	0.025	2.445	318.950	0.106
1618993943.71843	231.711	0.025	2.462	319.031	0.106
1618993943.72543	231.756	0.025	2.433	319.031	0.110
1618993943.76375	231.761	0.025	2.473	319.111	0.109
1618993943.77102	231.748	0.025	2.432	319.111	0.108
1618993943.81305	231.746	0.025	2.413	319.031	0.107
1618993943.82501	231.716	0.025	2.460	318.950	0.109
1618993943.86301	231.749	0.024	2.405	319.031	0.106
1618993943.86362	231.764	0.025	2.441	319.031	0.108
1618993943.90082	231.802	0.025	2.466	318.950	0.109
1618993943.90898	231.825	0.025	2.456	318.950	0.110
1618993943.94797	231.820	0.025	2.438	319.031	0.107
1618993943.94861	231.749	0.025	2.425	319.031	0.110
1618993943.98799	231.704	0.024	2.415	318.950	0.108
1618993943.98864	231.670	0.025	2.466	318.870	0.109
1618993944.02555	231.705	0.025	2.446	318.870	0.107
1618993944.03258	231.707	0.025	2.462	319.031	0.108
1618993944.07001	231.745	0.025	2.465	319.111	0.106
1618993944.07063	231.726	0.025	2.403	318.950	0.110
1618993944.09800	231.723	0.025	2.429	318.950	0.107
1618993944.13502	231.679	0.025	2.431	319.031	0.107
1618993944.13762	231.662	0.024	2.432	318.870	0.106
1618993944.14557	231.648	0.025	2.436	318.870	0.109
1618993944.18405	231.666	0.025	2.477	318.870	0.107
1618993944.18465	231.675	0.025	2.441	318.950	0.108
1618993944.22299	231.694	0.024	2.406	318.950	0.108
1618993944.22965	231.662	0.025	2.466	319.031	0.108
1618993944.26807	231.666	0.025	2.427	318.950	0.107
1618993944.26966	231.673	0.025	2.463	318.870	0.108
1618993944.31099	231.687	0.025	2.461	318.950	0.107
1618993944.31264	231.673	0.025	2.432	318.870	0.107
1618993944.32458	231.645	0.025	2.420	318.950	0.111
1618993944.36301	231.613	0.025	2.437	318.870	0.109
1618993944.36464	231.624	0.025	2.425	318.789	0.108
1618993944.40302	231.607	0.025	2.447	318.789	0.108
1618993944.40867	231.401	0.024	2.360	318.709	0.110
1618993944.44579	231.329	0.025	2.408	318.548	0.108
1618993944.45402	231.361	0.024	2.404	318.548	0.106
1618993944.49276	231.318	0.025	2.446	318.467	0.106
1618993944.49357	231.320	0.025	2.437	318.387	0.109
1618993944.51500	231.306	0.024	2.429	318.467	0.107
1618993944.52565	231.284	0.025	2.417	318.467	0.110
1618993944.56400	231.305	0.025	2.435	318.467	0.108
1618993944.57599	231.300	0.025	2.436	318.467	0.109
1618993944.61402	231.306	0.025	2.480	318.306	0.109
1618993944.61563	231.337	0.025	2.421	318.387	0.109
1618993944.62557	231.326	0.025	2.458	318.467	0.111
1618993944.66402	231.311	0.025	2.423	318.306	0.110
1618993944.66468	231.293	0.025	2.490	318.306	0.112
1618993944.70279	231.289	0.028	2.820	318.387	0.121
1618993944.70358	231.320	0.025	2.435	318.467	0.109
1618993944.74180	231.389	0.025	2.476	318.387	0.109
1618993944.74371	231.364	0.025	2.492	318.467	0.109
1618993944.78402	231.407	0.025	2.446	318.628	0.107
1618993944.78567	231.403	0.025	2.438	318.548	0.108
1618993944.82379	231.394	0.025	2.444	318.548	0.109
1618993944.82559	231.392	0.025	2.465	318.548	0.111
1618993944.86401	231.418	0.025	2.437	318.628	0.108
1618993944.86461	231.437	0.025	2.454	318.548	0.109
1618993944.90283	231.424	0.025	2.456	318.548	0.111
1618993944.90502	231.447	0.025	2.446	318.628	0.110
1618993944.94489	231.422	0.025	2.457	318.789	0.110
1618993944.95583	231.432	0.025	2.428	318.709	0.110
1618993944.99406	231.447	0.025	2.423	318.548	0.106
1618993945.03405	231.471	0.025	2.446	318.709	0.112
1618993945.03467	231.462	0.025	2.425	318.709	0.107
1618993945.04604	231.444	0.025	2.467	318.628	0.108
1618993945.08406	231.444	0.025	2.424	318.709	0.108
1618993945.09505	231.475	0.025	2.430	318.789	0.107
1618993945.10484	231.482	0.025	2.483	318.628	0.112
1618993945.14506	231.528	0.025	2.490	318.870	0.111
1618993945.15480	231.574	0.025	2.444	318.870	0.110
1618993945.16460	231.585	0.025	2.461	319.031	0.109
1618993945.20307	231.537	0.025	2.429	318.870	0.112
1618993945.20369	231.508	0.025	2.403	318.789	0.109
1618993945.24780	231.499	0.025	2.451	318.789	0.107
1618993945.24960	231.509	0.025	2.452	318.870	0.110
