# timestamp	V	A	W	V	A
1595257117.25180	1338.104	0.021	377421.188	323.538	0.008
1595257117.25341	229.421	0.003	377421.570	323.377	0.009
1595257117.25547	229.390	0.003	377421.590	323.296	0.007
1595257117.29476	229.364	0.003	377421.592	323.296	0.007
1595257117.30677	229.431	0.003	377421.574	323.216	0.008
1595257117.31745	229.397	0.004	0.012	323.296	0.008
1595257117.35977	229.412	0.003	377421.580	323.457	0.007
1595257117.36743	229.407	0.003	0.016	323.216	0.007
1595257117.38035	229.436	0.003	377421.568	323.135	0.007
1595257117.41779	229.478	0.003	377421.590	323.216	0.007
1595257117.42041	229.425	0.003	0.013	323.296	0.008
1595257117.45780	229.440	0.003	377421.578	323.216	0.007
1595257117.46176	229.479	0.003	377421.589	323.457	0.007
1595257117.49846	229.463	0.003	377421.571	323.377	0.007
1595257117.50142	229.448	0.003	377421.570	323.296	0.008
1595257117.51351	229.444	0.003	0.001	323.296	0.008
1595257117.55179	229.446	0.003	0.006	323.377	0.008
1595257117.56340	229.489	0.003	377421.564	323.377	0.007
1595257117.57351	229.436	0.004	0.013	323.296	0.008
1595257117.61277	229.450	0.003	377421.566	323.377	0.008
1595257117.62340	229.458	0.003	0.022	323.216	0.008
1595257117.63451	229.475	0.003	377421.593	323.296	0.008
1595257117.67380	229.436	0.003	377421.574	323.216	0.007
1595257117.67542	229.444	0.003	377421.583	323.377	0.008
1595257117.71451	229.445	0.003	377421.570	323.296	0.007
1595257117.73478	229.477	0.003	0.007	323.296	0.008
1595257117.77244	229.473	0.003	377421.592	323.296	0.008
1595257117.77349	229.476	0.003	377421.564	323.377	0.008
1595257117.81279	229.477	0.003	0.007	323.457	0.007
1595257117.81346	229.497	0.003	377421.588	323.457	0.008
1595257117.82341	229.543	0.003	377421.581	323.618	0.007
1595257117.83379	229.530	0.004	0.002	323.538	0.008
1595257117.87156	229.529	0.004	377421.590	323.457	0.008
1595257117.88378	229.514	0.003	377421.589	323.377	0.007
1595257117.89445	229.495	0.003	377421.563	323.296	0.008
1595257117.93380	229.474	0.003	377421.580	323.377	0.008
1595257117.94479	229.457	0.003	377421.585	323.216	0.008
1595257117.95445	229.490	0.004	0.011	323.377	0.007
1595257117.99239	229.514	0.003	0.013	323.296	0.008
1595257117.99342	229.517	0.003	377421.589	323.296	0.008
1595257118.03158	229.472	0.003	0.007	323.296	0.008
1595257118.07458	229.452	0.003	377421.588	323.216	0.008
1595257118.07741	229.395	0.003	377421.582	323.216	0.007
1595257118.08480	229.403	0.003	377421.561	323.216	0.008
1595257118.09447	229.396	0.003	0.008	323.377	0.008
1595257118.13661	229.395	0.003	377421.586	323.216	0.007
1595257118.15380	229.394	0.003	0.003	323.216	0.007
1595257118.19145	229.401	0.003	377421.582	323.377	0.008
1595257118.20348	229.384	0.003	377421.585	323.296	0.007
1595257118.21349	229.400	0.003	0.004	323.296	0.007
1595257118.25160	229.405	0.003	0.023	323.296	0.008
1595257118.25244	229.403	0.003	0.016	323.377	0.008
1595257118.28953	229.361	0.003	377421.565	323.216	0.008
1595257118.30587	229.383	0.003	0.002	323.135	0.008
1595257118.31481	229.393	0.003	377421.584	323.135	0.008
1595257118.35283	229.438	0.003	377421.590	323.296	0.007
1595257118.37380	229.430	0.004	0.002	323.135	0.007
1595257118.41149	229.489	0.003	377421.571	323.296	0.008
1595257118.41241	229.555	0.003	377421.579	323.377	0.007
1595257118.44982	229.493	0.003	377421.582	323.377	0.007
1595257118.49360	229.482	0.003	377421.563	323.296	0.007
1595257118.49437	229.497	0.003	0.006	323.377	0.007
1595257118.49647	229.555	0.003	377421.592	323.377	0.008
1595257118.53353	229.555	0.004	377421.578	323.538	0.008
1595257118.53436	229.568	0.004	377421.586	323.377	0.008
1595257118.57283	229.559	0.004	0.008	323.377	0.008
1595257118.57846	229.597	0.003	377421.581	323.538	0.008
1595257118.61645	229.602	0.003	377421.585	323.377	0.007
1595257118.62782	229.590	0.003	377421.589	323.457	0.008
1595257118.66461	229.602	0.003	0.003	323.699	0.007
1595257118.66650	229.563	0.003	377421.574	323.296	0.007
1595257118.67440	229.585	0.003	377421.587	323.216	0.008
1595257118.71245	229.613	0.003	377421.593	323.296	0.008
1595257118.72455	229.577	0.003	377421.584	323.296	0.008
1595257118.73439	229.589	0.004	377421.580	323.377	0.008
1595257118.77241	229.606	0.003	377421.577	323.296	0.008
1595257118.78328	229.618	0.003	377421.589	323.377	0.008
1595257118.79428	229.589	0.003	377421.585	323.538	0.007
1595257118.83228	229.602	0.003	0.027	323.377	0.007
1595257118.83330	229.641	0.003	0.014	323.538	0.007
1595257118.87129	229.589	0.003	377421.587	323.457	0.007
1595257118.91730	229.568	0.003	377421.581	323.296	0.008
1595257118.91828	229.540	0.003	0.008	323.377	0.007
1595257118.92752	229.527	0.003	377421.589	323.457	0.007
1595257118.96683	229.520	0.003	377421.574	323.216	0.008
1595257118.97647	229.487	0.004	377421.547	323.216	0.008
1595257119.01359	229.486	0.003	377421.572	323.216	0.008
1595257119.01438	229.554	0.003	377421.586	323.055	0.007
1595257119.05251	229.544	0.003	0.001	323.216	0.007
1595257119.06248	229.517	0.003	377421.586	323.216	0.008
1595257119.09991	229.555	0.003	377421.565	323.216	0.007
1595257119.10246	229.602	0.003	377421.587	323.377	0.007
1595257119.14383	229.607	0.004	377421.573	323.538	0.008
1595257119.14446	229.625	0.003	0.016	323.377	0.007
1595257119.15445	229.622	0.003	377421.586	323.538	0.008
1595257119.19286	229.595	0.004	377421.560	323.216	0.008
1595257119.21384	229.585	0.003	377421.566	323.055	0.007
1595257119.25146	229.586	0.003	377421.590	322.974	0.008
1595257119.29761	229.569	0.003	377421.588	322.974	0.007
1595257119.29841	229.559	0.003	0.004	323.055	0.007
1595257119.29950	229.580	0.003	377421.577	323.216	0.008
1595257119.33787	229.568	0.003	0.010	323.216	0.007
1595257119.33948	229.552	0.003	377421.581	323.216	0.008
1595257119.37884	229.580	0.003	377421.587	323.135	0.007
1595257119.37947	229.607	0.003	377421.577	323.216	0.007
1595257119.41747	229.614	0.003	377421.571	323.216	0.007
1595257119.42455	229.580	0.003	377421.587	323.296	0.008
1595257119.46245	229.660	0.003	0.031	323.377	0.007
1595257119.46383	229.720	0.003	377421.568	323.457	0.007
1595257119.48487	229.711	0.003	377421.573	323.538	0.008
1595257119.52251	229.674	0.003	0.005	323.377	0.007
1595257119.52442	229.710	0.003	0.002	323.377	0.007
1595257119.54486	229.697	0.003	377421.587	323.377	0.008
1595257119.56285	229.713	0.003	377421.571	323.296	0.008
1595257119.60384	229.720	0.003	377421.582	323.296	0.007
1595257119.60649	229.678	0.003	377421.588	323.216	0.008
1595257119.61749	229.732	0.003	377421.583	323.296	0.007
1595257119.67460	229.717	0.003	377421.571	323.216	0.008
1595257119.67641	229.671	0.003	377421.566	323.296	0.008
1595257119.71482	229.694	0.003	0.017	323.216	0.007
1595257119.71648	229.716	0.003	377421.573	323.296	0.008
1595257119.75484	229.724	0.003	377421.588	323.296	0.008
1595257119.76151	229.700	0.003	377421.578	323.296	0.007
1595257119.79886	229.734	0.003	0.005	323.296	0.008
1595257119.81148	229.708	0.003	0.009	323.457	0.008
1595257119.84985	229.649	0.004	377421.556	323.296	0.008
1595257119.85151	229.659	0.003	377421.577	323.377	0.008
1595257119.89187	229.598	0.003	377421.578	323.216	0.007
1595257119.89251	229.601	0.003	0.012	323.377	0.007
1595257119.90446	229.800	0.003	377421.566	323.457	0.007
1595257119.91686	229.811	0.003	377421.568	323.377	0.008
1595257119.95351	229.824	0.003	377421.592	323.457	0.008
1595257119.96455	229.811	0.003	0.010	323.377	0.008
1595257119.97453	229.836	0.003	377421.571	323.457	0.008
1595257120.01785	229.851	0.003	377421.582	323.296	0.008
1595257120.02648	229.806	0.003	377421.571	323.216	0.008
1595257120.03787	229.815	0.003	0.006	323.216	0.008
1595257120.08386	229.831	0.003	377421.575	323.055	0.008
1595257120.12286	229.845	0.003	377421.583	323.296	0.007
1595257120.12351	229.870	0.003	377421.593	323.216	0.008
1595257120.16188	229.914	0.003	377421.567	323.377	0.008
1595257120.16347	229.881	0.003	377421.573	323.135	0.008
1595257120.17488	229.842	0.003	377421.590	323.296	0.007
1595257120.21288	229.902	0.003	0.007	323.216	0.007
1595257120.22685	229.897	0.003	0.014	323.377	0.008
1595257120.23688	229.912	0.003	377421.561	323.135	0.008
1595257120.27352	229.880	0.004	377421.585	323.296	0.008
1595257120.28749	229.848	0.003	377421.569	323.135	0.007
1595257120.29789	229.886	0.003	377421.587	323.135	0.007
1595257120.33686	229.878	0.003	0.010	323.296	0.008
1595257120.34648	229.875	0.003	377421.575	323.216	0.007
1595257120.35657	229.875	0.003	377421.578	323.216	0.007
1595257120.39437	229.882	0.003	377421.590	323.216	0.007
1595257120.39632	229.896	0.003	377421.585	323.135	0.008
1595257120.43337	229.893	0.003	0.013	323.135	0.008
1595257120.48536	229.896	0.004	377421.559	323.135	0.008
1595257120.49834	229.879	0.003	377421.580	323.055	0.007
1595257120.53734	229.869	0.003	0.002	322.894	0.007
1595257120.54935	229.836	0.003	0.011	322.813	0.007
1595257120.58734	229.865	0.003	377421.564	322.733	0.009
1595257120.58833	229.850	0.004	0.019	322.733	0.008
1595257120.60433	229.836	0.003	377421.592	322.652	0.008
1595257120.64234	229.857	0.003	377421.584	322.572	0.008
1595257120.64433	229.842	0.003	377421.586	322.572	0.008
1595257120.65634	229.820	0.003	377421.581	322.572	0.007
1595257120.69336	229.813	0.003	377421.573	322.572	0.007
1595257120.70635	229.823	0.004	377421.581	322.572	0.007
1595257120.71634	229.841	0.004	377421.589	322.652	0.008
1595257120.75335	229.838	0.003	377421.593	322.652	0.008
1595257120.76434	229.828	0.003	377421.568	322.652	0.008
1595257120.77736	229.820	0.003	0.020	322.652	0.007
1595257120.81789	229.826	0.003	377421.580	322.572	0.007
1595257120.82652	229.836	0.003	377421.593	322.652	0.008
1595257120.83691	229.879	0.004	377421.580	322.813	0.008
1595257120.87455	229.918	0.003	377421.577	322.894	0.007
1595257120.87656	229.874	0.003	377421.564	322.894	0.007
1595257120.91791	229.917	0.003	0.006	322.894	0.007
1595257120.92354	229.872	0.003	377421.591	322.652	0.007
1595257120.96152	229.860	0.003	377421.588	322.652	0.008
1595257120.96291	229.855	0.004	377421.574	322.733	0.008
1595257120.97456	229.848	0.004	377421.593	322.492	0.007
1595257121.01293	229.806	0.003	377421.584	322.572	0.008
1595257121.03691	229.840	0.003	0.011	322.492	0.007
1595257121.07358	229.846	0.003	377421.568	322.572	0.007
1595257121.08454	229.816	0.003	377421.575	322.492	0.008
1595257121.09764	229.787	0.003	0.010	322.572	0.008
1595257121.13690	229.783	0.003	377421.575	322.572	0.008
1595257121.14689	229.802	0.003	377421.574	322.492	0.008
1595257121.15657	229.842	0.003	0.006	322.733	0.007
1595257121.19351	229.843	0.003	377421.576	322.572	0.008
1595257121.19449	229.855	0.003	0.013	322.572	0.007
1595257121.23292	229.874	0.003	377421.571	322.733	0.008
1595257121.24954	229.859	0.003	377421.589	322.733	0.008
1595257121.25773	229.859	0.003	0.009	322.733	0.008
1595257121.29661	229.842	0.003	377421.572	322.813	0.007
1595257121.30692	229.835	0.003	377421.587	322.652	0.007
1595257121.31893	229.879	0.003	0.003	322.733	0.008
1595257121.35694	229.849	0.003	377421.577	322.652	0.008
1595257121.35755	229.871	0.003	0.011	322.813	0.008
1595257121.39451	229.822	0.003	377421.580	322.733	0.008
1595257121.43694	229.794	0.004	0.004	322.572	0.008
1595257121.43856	229.781	0.003	377421.565	322.572	0.007
1595257121.44450	229.761	0.003	377421.592	322.492	0.008
1595257121.48270	229.800	0.003	0.002	322.492	0.007
1595257121.48347	229.713	0.003	0.016	322.331	0.007
1595257121.49493	229.699	0.003	377421.558	322.411	0.007
1595257121.53291	229.714	0.003	0.011	322.492	0.007
1595257121.53356	229.740	0.003	0.003	322.652	0.007
1595257121.57154	229.733	0.003	377421.578	322.572	0.007
1595257121.58394	229.731	0.003	377421.586	322.492	0.008
1595257121.62156	229.710	0.004	0.016	322.492	0.009
1595257121.62265	229.693	0.004	0.001	322.331	0.008
1595257121.65994	229.713	0.003	0.001	322.492	0.007
1595257121.66253	229.733	0.003	377421.584	322.492	0.008
1595257121.69972	229.714	0.003	377421.576	322.492	0.008
1595257121.70448	229.726	0.003	0.015	322.572	0.008
1595257121.74395	229.762	0.004	377421.590	322.572	0.008
1595257121.74458	229.747	0.003	377421.593	322.492	0.008
1595257121.75454	229.730	0.003	377421.573	322.411	0.007
1595257121.79392	229.716	0.003	0.012	322.492	0.008
1595257121.79459	229.764	0.003	377421.581	322.572	0.007
1595257121.83694	229.743	0.003	377421.583	322.492	0.008
1595257121.83957	229.758	0.004	0.002	322.572	0.007
1595257121.87768	229.755	0.003	0.002	322.572	0.008
1595257121.87848	229.778	0.003	377421.559	322.572	0.007
1595257121.91696	229.806	0.003	377421.586	322.492	0.008
1595257121.93668	229.752	0.003	377421.588	322.411	0.007
1595257121.97351	229.796	0.003	377421.564	322.652	0.008
1595257121.98439	229.796	0.003	0.009	322.492	0.008
1595257121.99639	229.775	0.003	377421.592	322.572	0.008
1595257122.03339	229.800	0.003	377421.564	322.492	0.008
1595257122.03438	229.799	0.003	377421.589	322.492	0.007
1595257122.07240	229.709	0.003	377421.590	322.331	0.007
1595257122.08439	229.671	0.004	377421.568	322.411	0.008
1595257122.09439	229.662	0.003	377421.578	322.411	0.008
1595257122.11740	229.643	0.003	0.015	322.250	0.008
1595257122.15439	229.703	0.003	377421.592	322.411	0.007
1595257122.16240	229.705	0.003	377421.583	322.411	0.008
1595257122.20141	229.744	0.003	377421.588	322.331	0.008
1595257122.20239	229.758	0.003	377421.590	322.492	0.007
1595257122.23939	229.758	0.003	377421.582	322.492	0.007
1595257122.24239	229.770	0.003	0.002	322.411	0.008
1595257122.28142	229.759	0.003	377421.578	322.411	0.007
1595257122.28394	229.789	0.003	377421.591	322.411	0.008
1595257122.30695	229.803	0.004	377421.585	322.411	0.008
1595257122.34396	229.793	0.003	377421.573	322.492	0.008
1595257122.34459	229.833	0.003	377421.592	322.572	0.008
1595257122.36697	229.850	0.003	0.000	322.572	0.007
1595257122.37761	229.877	0.003	0.020	322.492	0.008
1595257122.42297	229.854	0.003	377421.593	322.411	0.008
1595257122.45997	229.870	0.003	377421.576	322.572	0.007
1595257122.46160	229.901	0.004	0.016	322.492	0.008
1595257122.49861	229.857	0.003	377421.590	322.331	0.008
1595257122.49954	229.865	0.003	377421.588	322.331	0.008
1595257122.53895	229.935	0.003	0.021	322.331	0.008
1595257122.53959	229.951	0.003	377421.572	322.411	0.007
1595257122.57800	229.936	0.003	377421.584	322.411	0.007
1595257122.57959	229.885	0.003	0.005	322.250	0.007
1595257122.61797	229.616	1.857	108.320	322.250	16.677
1595257122.65802	229.900	0.047	377421.330	322.331	0.083
1595257122.65860	229.857	0.029	377421.507	322.331	0.052
1595257122.69666	229.875	0.018	377421.589	322.250	0.038
1595257122.69859	229.958	0.011	0.100	322.492	0.031
1595257122.73705	229.962	0.008	0.093	322.411	0.022
1595257122.73995	230.008	0.006	0.126	322.733	0.023
1595257122.77899	230.030	0.005	0.129	322.492	0.016
1595257122.79263	230.030	0.004	0.184	322.492	0.019
1595257122.80498	230.053	0.004	0.045	322.572	0.015
1595257122.84363	230.030	0.004	0.116	322.411	0.015
1595257122.84455	230.080	0.004	0.141	322.492	0.013
1595257122.85699	230.068	0.004	0.118	322.652	0.014
1595257122.89697	230.039	0.003	0.083	322.411	0.012
1595257122.89762	230.044	0.004	0.103	322.492	0.015
1595257122.93459	230.020	0.004	0.093	322.492	0.010
1595257122.94298	230.000	0.004	0.075	322.492	0.010
1595257122.97999	230.088	0.004	0.150	322.492	0.014
1595257122.98262	230.052	0.004	0.077	322.652	0.011
1595257123.02197	230.010	0.004	0.061	322.411	0.010
1595257123.02261	229.959	0.003	0.036	322.331	0.008
1595257123.04600	229.969	0.009	0.556	322.411	0.060
1595257123.08478	229.968	0.025	2.069	322.411	0.163
1595257123.08653	230.021	0.008	0.561	322.572	0.040
1595257123.09665	229.993	0.007	0.542	322.572	0.040
1595257123.13498	229.979	0.007	0.517	322.411	0.040
1595257123.13662	229.927	0.008	0.559	322.411	0.046
1595257123.17496	229.896	0.008	0.585	322.331	0.044
1595257123.18464	229.878	0.008	0.619	322.411	0.043
1595257123.22362	229.846	0.007	0.501	322.331	0.039
1595257123.23300	229.860	0.008	0.560	322.411	0.039
1595257123.26967	229.898	0.007	0.520	322.411	0.039
1595257123.27262	229.918	0.007	0.498	322.492	0.037
1595257123.30998	229.933	0.007	0.456	322.492	0.033
1595257123.31163	229.951	0.009	0.681	322.572	0.046
1595257123.32658	229.977	0.009	0.676	322.572	0.044
1595257123.33807	229.984	0.009	0.691	322.652	0.052
1595257123.37598	229.991	0.009	0.677	322.733	0.041
1595257123.38662	229.989	0.009	0.706	322.733	0.050
1595257123.39779	229.981	0.008	0.588	322.733	0.044
1595257123.43598	229.950	0.007	0.544	322.652	0.038
1595257123.43763	229.886	0.007	0.516	322.572	0.043
1595257123.47479	229.929	0.008	0.601	322.733	0.039
1595257123.52001	229.930	0.007	0.567	322.813	0.037
1595257123.52164	229.881	0.008	0.600	322.492	0.041
1595257123.52355	229.890	0.009	0.665	322.652	0.044
1595257123.56158	229.860	0.008	0.613	322.572	0.047
1595257123.56254	229.865	0.008	0.658	322.492	0.043
1595257123.58682	229.907	0.008	0.662	322.652	0.044
1595257123.62382	229.861	0.009	0.652	322.652	0.048
1595257123.62480	229.869	0.008	0.592	322.492	0.044
1595257123.64583	229.886	0.007	0.596	322.733	0.036
1595257123.66282	229.891	0.009	0.689	322.733	0.044
1595257123.70400	229.869	0.009	0.730	322.813	0.046
1595257123.74166	229.861	0.009	0.690	322.813	0.045
1595257123.74865	229.871	0.009	0.760	322.813	0.047
1595257123.75771	229.865	0.009	0.725	322.813	0.047
1595257123.79500	229.847	0.009	0.757	322.733	0.048
1595257123.80663	229.872	0.009	0.708	322.813	0.044
1595257123.81799	229.853	0.009	0.720	322.652	0.050
1595257123.85804	229.844	0.009	0.746	322.652	0.048
1595257123.86770	229.837	0.009	0.720	322.652	0.047
1595257123.87807	229.830	0.009	0.756	322.652	0.045
1595257123.91805	229.810	0.009	0.722	322.733	0.047
1595257123.91870	229.780	0.009	0.751	322.733	0.049
1595257123.95709	229.770	0.009	0.743	322.733	0.046
1595257123.99906	229.799	0.009	0.744	322.733	0.049
1595257124.00869	229.780	0.009	0.731	322.733	0.044
1595257124.04708	229.823	0.010	0.794	322.894	0.047
1595257124.06580	229.818	0.010	0.803	322.974	0.054
1595257124.07678	229.818	0.010	0.787	322.894	0.055
1595257124.11784	229.757	0.010	0.773	322.813	0.055
1595257124.12707	229.753	0.010	0.768	322.572	0.055
1595257124.13771	229.797	0.011	0.865	322.813	0.055
1595257124.17668	229.763	0.009	0.669	322.894	0.051
1595257124.18807	229.762	0.008	0.585	322.894	0.038
1595257124.19771	229.770	0.008	0.587	322.974	0.037
1595257124.23606	229.781	0.008	0.633	322.894	0.047
1595257124.23771	229.807	0.008	0.625	322.974	0.039
1595257124.27472	229.794	0.008	0.621	323.135	0.043
1595257124.28882	229.830	0.009	0.672	323.055	0.045
1595257124.29776	229.858	0.009	0.721	323.296	0.051
1595257124.33707	229.832	0.010	0.760	323.296	0.050
1595257124.35808	229.837	0.010	0.776	323.296	0.048
1595257124.39472	229.828	0.010	0.788	323.457	0.047
1595257124.39767	229.854	0.010	0.768	323.296	0.056
1595257124.43508	229.815	0.010	0.770	323.296	0.052
1595257124.44273	229.864	0.010	0.805	323.296	0.051
1595257124.47973	229.876	0.010	0.753	323.216	0.048
1595257124.48170	229.878	0.010	0.779	323.377	0.051
1595257124.52009	229.826	0.010	0.770	323.216	0.051
1595257124.52373	229.909	0.010	0.784	323.135	0.059
1595257124.54907	229.931	0.010	0.791	323.296	0.049
1595257124.55770	229.958	0.010	0.779	323.377	0.048
1595257124.59505	229.937	0.009	0.720	323.377	0.051
1595257124.60606	229.960	0.008	0.619	323.457	0.040
1595257124.61770	229.969	0.008	0.662	323.538	0.044
1595257124.65604	229.947	0.009	0.730	323.377	0.049
1595257124.66770	229.945	0.009	0.725	323.377	0.048
1595257124.67764	229.909	0.009	0.701	323.296	0.049
1595257124.71603	229.954	0.010	0.747	323.296	0.052
1595257124.71771	229.973	0.009	0.740	323.538	0.047
1595257124.74308	229.946	0.009	0.742	323.457	0.049
1595257124.77970	229.959	0.009	0.709	323.457	0.049
1595257124.78171	229.968	0.009	0.756	323.296	0.052
1595257124.82004	229.959	0.012	0.956	323.377	0.075
1595257124.82868	229.915	0.014	1.147	323.296	0.074
1595257124.83804	229.888	0.009	0.692	323.296	0.043
1595257124.87574	229.905	0.009	0.704	323.377	0.047
1595257124.87768	229.884	0.011	0.901	323.296	0.063
1595257124.91505	229.923	0.011	0.928	323.377	0.059
1595257124.95407	229.870	0.011	0.899	323.296	0.059
1595257124.95469	229.901	0.011	0.925	323.377	0.058
1595257124.96706	229.927	0.011	0.898	323.618	0.064
1595257124.97771	229.907	0.011	0.902	323.538	0.056
1595257125.01506	229.876	0.011	0.877	323.538	0.057
1595257125.02807	229.888	0.011	0.890	323.377	0.058
1595257125.03771	229.906	0.011	0.901	323.377	0.058
1595257125.07473	229.917	0.011	0.914	323.377	0.058
1595257125.08571	229.831	0.011	0.841	323.216	0.058
1595257125.09677	229.798	0.011	0.886	323.135	0.056
1595257125.13507	229.800	0.011	0.847	323.216	0.058
1595257125.14769	229.792	0.011	0.884	323.135	0.066
1595257125.15785	229.804	0.011	0.881	323.296	0.056
1595257125.19476	229.810	0.011	0.896	323.216	0.058
1595257125.19668	229.839	0.011	0.897	323.135	0.060
1595257125.23367	229.860	0.011	0.880	323.216	0.061
1595257125.27656	229.813	0.011	0.897	323.216	0.055
1595257125.27855	229.839	0.011	0.891	323.296	0.063
1595257125.28756	229.832	0.011	0.922	323.377	0.057
1595257125.29855	229.808	0.011	0.910	323.296	0.061
1595257125.33656	229.806	0.011	0.884	323.377	0.057
1595257125.34856	229.842	0.011	0.828	323.457	0.054
1595257125.35656	229.872	0.009	0.667	323.538	0.046
1595257125.39356	229.855	0.009	0.674	323.457	0.054
1595257125.40711	229.863	0.009	0.684	323.538	0.047
1595257125.41809	229.850	0.009	0.681	323.457	0.045
1595257125.45474	229.824	0.009	0.688	323.296	0.048
1595257125.45672	229.871	0.009	0.662	323.377	0.049
1595257125.49411	229.826	0.009	0.695	323.296	0.045
1595257125.53910	229.808	0.009	0.658	323.216	0.047
1595257125.53972	229.833	0.009	0.696	323.216	0.047
1595257125.54169	229.855	0.009	0.690	323.216	0.045
1595257125.57908	229.866	0.009	0.690	323.216	0.050
1595257125.57973	229.862	0.009	0.711	323.296	0.050
1595257125.61808	229.857	0.009	0.700	323.457	0.046
1595257125.61873	229.865	0.009	0.728	323.538	0.045
1595257125.65711	229.876	0.009	0.719	323.457	0.048
1595257125.70409	229.882	0.009	0.661	323.457	0.044
1595257125.70473	229.872	0.009	0.685	323.699	0.043
1595257125.71669	229.910	0.009	0.692	323.538	0.045
1595257125.75410	229.908	0.009	0.678	323.538	0.054
1595257125.76572	229.852	0.009	0.657	323.377	0.049
1595257125.77684	229.838	0.009	0.665	323.457	0.048
1595257125.81369	229.846	0.009	0.694	323.377	0.043
1595257125.83910	229.844	0.009	0.666	323.216	0.052
1595257125.84674	229.915	0.009	0.734	323.296	0.045
1595257125.88374	229.911	0.009	0.660	323.377	0.043
1595257125.89678	229.884	0.009	0.689	323.377	0.048
1595257125.90910	229.899	0.009	0.656	323.296	0.045
1595257125.93009	229.920	0.009	0.695	323.457	0.049
1595257125.96812	229.900	0.009	0.669	323.377	0.044
1595257125.96973	229.921	0.009	0.704	323.377	0.047
1595257125.97766	229.905	0.009	0.686	323.457	0.047
1595257126.01811	229.933	0.009	0.726	323.538	0.048
1595257126.01873	229.922	0.009	0.696	323.538	0.047
1595257126.05611	229.905	0.009	0.702	323.457	0.046
1595257126.06274	229.909	0.009	0.700	323.538	0.048
1595257126.09983	229.966	0.009	0.675	323.538	0.050
1595257126.10268	229.926	0.009	0.698	323.538	0.052
1595257126.14011	229.901	0.009	0.678	323.699	0.047
1595257126.14573	229.883	0.009	0.712	323.377	0.047
1595257126.15791	229.933	0.009	0.663	323.538	0.050
1595257126.19481	229.926	0.009	0.726	323.618	0.052
1595257126.19571	229.924	0.009	0.669	323.538	0.049
1595257126.23410	229.888	0.009	0.690	323.457	0.048
1595257126.27914	229.922	0.009	0.704	323.457	0.047
1595257126.27974	229.909	0.009	0.718	323.538	0.049
1595257126.28071	229.921	0.009	0.720	323.457	0.049
1595257126.31888	229.896	0.009	0.692	323.618	0.047
1595257126.32469	229.919	0.009	0.701	323.618	0.045
1595257126.36312	229.958	0.009	0.699	323.618	0.049
1595257126.36975	229.978	0.009	0.706	323.699	0.048
1595257126.38680	229.911	0.009	0.671	323.699	0.045
1595257126.39913	229.862	0.009	0.697	323.618	0.047
1595257126.43612	229.837	0.009	0.634	323.538	0.043
1595257126.43779	229.806	0.008	0.657	323.538	0.044
1595257126.47477	229.800	0.009	0.716	323.457	0.048
1595257126.48078	229.772	0.009	0.693	323.377	0.046
1595257126.51911	229.759	0.009	0.660	323.377	0.044
1595257126.55913	229.794	0.009	0.700	323.377	0.048
1595257126.55975	229.804	0.009	0.688	323.377	0.050
1595257126.56572	229.831	0.009	0.701	323.457	0.047
1595257126.57612	229.787	0.009	0.684	323.457	0.049
1595257126.61377	229.812	0.009	0.695	323.457	0.047
1595257126.62578	229.800	0.009	0.676	323.457	0.052
1595257126.63578	229.815	0.009	0.711	323.457	0.046
1595257126.67390	229.827	0.009	0.703	323.457	0.049
1595257126.68680	229.821	0.009	0.652	323.538	0.045
1595257126.69782	229.839	0.009	0.704	323.538	0.048
1595257126.73469	229.855	0.009	0.688	323.538	0.050
1595257126.73578	229.825	0.009	0.703	323.457	0.051
1595257126.77416	229.818	0.009	0.668	323.457	0.043
1595257126.78975	229.804	0.009	0.681	323.457	0.046
1595257126.79890	229.815	0.009	0.660	323.457	0.052
1595257126.83584	229.814	0.009	0.701	323.457	0.048
1595257126.83922	229.784	0.009	0.673	323.377	0.051
1595257126.87474	229.811	0.009	0.692	323.457	0.048
1595257126.91760	229.834	0.009	0.679	323.457	0.050
1595257126.91958	229.859	0.009	0.706	323.538	0.046
1595257126.92058	229.869	0.009	0.699	323.457	0.048
1595257126.95959	229.824	0.009	0.702	323.457	0.045
1595257126.96059	229.864	0.009	0.699	323.538	0.048
1595257126.99885	229.880	0.009	0.697	323.618	0.051
1595257127.00013	229.865	0.009	0.711	323.618	0.049
1595257127.03815	229.868	0.009	0.699	323.538	0.046
1595257127.04913	229.853	0.009	0.658	323.618	0.047
1595257127.08777	229.857	0.009	0.686	323.538	0.047
1595257127.09886	229.876	0.009	0.694	323.618	0.049
1595257127.13616	229.859	0.009	0.670	323.618	0.047
1595257127.14585	229.883	0.009	0.671	323.699	0.044
1595257127.18614	229.897	0.009	0.717	323.618	0.046
1595257127.22513	229.840	0.009	0.672	323.457	0.045
1595257127.22578	229.817	0.009	0.692	323.457	0.046
1595257127.23776	229.855	0.009	0.682	323.618	0.048
1595257127.27614	229.826	0.009	0.695	323.377	0.056
1595257127.27780	229.858	0.009	0.698	323.377	0.050
1595257127.29776	229.858	0.011	0.834	323.538	0.062
1595257127.33613	229.874	0.012	0.894	323.538	0.063
1595257127.33783	229.894	0.011	0.906	323.538	0.062
1595257127.37918	229.878	0.011	0.882	323.699	0.057
1595257127.38279	229.855	0.011	0.903	323.618	0.059
1595257127.41987	229.894	0.011	0.873	323.538	0.058
1595257127.42072	229.909	0.011	0.876	323.618	0.058
1595257127.46491	229.895	0.011	0.850	323.457	0.060
1595257127.46572	229.907	0.011	0.884	323.457	0.063
1595257127.48716	229.690	0.010	0.808	323.377	0.057
1595257127.52614	229.655	0.011	0.876	323.296	0.056
1595257127.52781	229.700	0.011	0.898	323.216	0.057
1595257127.54816	229.713	0.011	0.900	323.216	0.061
1595257127.55881	229.665	0.011	0.891	323.377	0.062
1595257127.60517	229.627	0.011	0.850	323.296	0.057
1595257127.61781	229.655	0.011	0.877	323.216	0.063
1595257127.65614	229.663	0.011	0.851	323.216	0.061
1595257127.66080	229.661	0.010	0.800	323.216	0.052
1595257127.70015	229.665	0.010	0.799	323.216	0.054
1595257127.70916	229.687	0.011	0.829	323.377	0.062
1595257127.71880	229.634	0.010	0.763	323.296	0.055
1595257127.75717	229.647	0.010	0.819	323.216	0.050
1595257127.75878	229.640	0.010	0.767	323.216	0.052
1595257127.79918	229.729	0.011	0.840	323.377	0.057
1595257127.83818	229.752	0.010	0.846	323.296	0.054
1595257127.83882	229.749	0.010	0.782	323.296	0.055
1595257127.84878	229.764	0.010	0.818	323.377	0.052
1595257127.88817	229.775	0.010	0.831	323.377	0.051
1595257127.89382	229.760	0.010	0.796	323.296	0.051
1595257127.93617	229.725	0.010	0.819	323.216	0.058
1595257127.93783	229.757	0.010	0.800	323.296	0.051
1595257127.97618	229.724	0.010	0.803	323.296	0.057
1595257127.97782	229.761	0.010	0.840	323.296	0.055
1595257128.01617	229.760	0.010	0.823	323.377	0.055
1595257128.03080	229.689	0.010	0.802	323.457	0.055
1595257128.03894	229.656	0.010	0.826	323.377	0.054
1595257128.07717	229.685	0.010	0.829	323.296	0.050
1595257128.07883	229.659	0.010	0.788	323.216	0.057
1595257128.11620	229.653	0.010	0.773	323.377	0.058
1595257128.11783	229.660	0.010	0.784	323.216	0.049
1595257128.15518	229.537	0.010	0.762	323.296	0.056
1595257128.16781	229.543	0.010	0.791	323.135	0.052
1595257128.20619	229.538	0.010	0.808	322.974	0.054
1595257128.20782	229.547	0.010	0.803	323.055	0.054
1595257128.22093	229.492	0.010	0.815	322.894	0.060
1595257128.25919	229.489	0.010	0.801	322.813	0.057
1595257128.25982	229.539	0.010	0.828	322.974	0.055
1595257128.29986	229.543	0.010	0.845	323.055	0.055
1595257128.30483	229.523	0.010	0.787	323.216	0.055
1595257128.34518	229.562	0.010	0.835	323.055	0.058
1595257128.35783	229.622	0.010	0.821	323.216	0.052
1595257128.39618	229.583	0.010	0.818	323.135	0.056
1595257128.39784	229.569	0.010	0.762	323.135	0.056
1595257128.43518	229.604	0.010	0.799	323.055	0.054
1595257128.43584	229.550	0.010	0.768	323.135	0.055
1595257128.45880	229.552	0.010	0.820	322.974	0.059
1595257128.49719	229.528	0.010	0.785	323.055	0.052
1595257128.49882	229.509	0.010	0.803	322.974	0.050
1595257128.51820	229.546	0.010	0.798	323.055	0.054
1595257128.56870	229.503	0.012	1.005	323.135	0.070
1595257128.56965	229.506	0.014	1.128	322.974	0.071
1595257128.57866	229.513	0.013	1.062	323.055	0.067
1595257128.61865	229.517	0.017	1.434	323.055	0.093
1595257128.61966	229.544	0.012	1.013	323.216	0.067
1595257128.64766	229.507	0.012	0.930	322.974	0.061
1595257128.68467	229.501	0.012	0.949	322.894	0.062
1595257128.68632	229.546	0.012	0.982	323.055	0.064
1595257128.72620	229.530	0.012	0.992	323.055	0.067
1595257128.76417	229.512	0.010	0.776	323.135	0.048
1595257128.76581	229.535	0.009	0.748	322.894	0.048
1595257128.77917	229.535	0.009	0.733	322.974	0.050
1595257128.81819	229.552	0.009	0.734	322.974	0.050
1595257128.82817	229.550	0.009	0.758	323.135	0.048
1595257128.83984	229.540	0.010	0.767	322.894	0.054
1595257128.87880	229.611	0.012	0.999	323.135	0.069
1595257128.88017	229.597	0.012	1.029	323.135	0.066
1595257128.91819	229.579	0.010	0.830	323.055	0.052
1595257128.92981	229.552	0.012	0.941	323.055	0.062
1595257128.93796	229.539	0.012	0.905	323.135	0.059
1595257128.97617	229.537	0.012	0.929	323.135	0.063
1595257128.98781	229.532	0.012	1.003	322.974	0.064
1595257128.99796	229.522	0.012	1.010	323.135	0.068
1595257129.03618	229.536	0.012	0.991	322.974	0.064
1595257129.03787	229.543	0.012	0.971	323.055	0.060
1595257129.07896	229.563	0.012	0.941	323.055	0.063
1595257129.11720	229.544	0.012	0.949	323.135	0.066
1595257129.11881	229.606	0.012	1.027	323.216	0.061
1595257129.12819	229.599	0.013	1.016	323.055	0.067
1595257129.16485	229.625	0.013	1.062	323.055	0.067
1595257129.16595	229.646	0.013	1.047	323.135	0.064
1595257129.18789	229.610	0.013	1.030	323.135	0.066
1595257129.19790	229.618	0.013	1.070	323.135	0.068
1595257129.23520	229.678	0.013	1.061	323.135	0.066
1595257129.24718	229.683	0.012	0.964	323.216	0.060
1595257129.25788	229.605	0.009	0.724	323.135	0.047
1595257129.29750	229.607	0.010	0.804	323.055	0.054
1595257129.30822	229.646	0.010	0.761	323.055	0.052
1595257129.31823	229.635	0.010	0.732	323.055	0.055
1595257129.35622	229.617	0.010	0.757	323.055	0.051
1595257129.35788	229.615	0.009	0.709	323.055	0.049
1595257129.39485	229.654	0.010	0.780	323.135	0.047
1595257129.40823	229.666	0.010	0.752	323.216	0.049
1595257129.41889	229.643	0.009	0.736	323.296	0.051
1595257129.45823	229.652	0.009	0.719	323.457	0.051
1595257129.46790	229.679	0.010	0.769	323.216	0.048
1595257129.48025	229.701	0.010	0.813	323.377	0.054
1595257129.52022	229.673	0.010	0.806	323.216	0.055
1595257129.52088	229.629	0.009	0.733	323.135	0.051
1595257129.55886	229.644	0.009	0.750	323.135	0.050
1595257129.57197	229.667	0.010	0.774	323.377	0.047
1595257129.61000	229.664	0.009	0.731	323.296	0.049
1595257129.61285	229.635	0.009	0.739	323.135	0.049
1595257129.64821	229.608	0.010	0.749	323.296	0.051
1595257129.64886	229.576	0.009	0.716	323.135	0.048
1595257129.66820	229.590	0.010	0.737	323.055	0.054
1595257129.70488	229.606	0.010	0.721	323.055	0.048
1595257129.71121	229.585	0.010	0.799	323.055	0.059
1595257129.74922	229.567	0.013	1.011	323.055	0.070
1595257129.74983	229.598	0.013	1.011	322.974	0.070
1595257129.80022	229.605	0.013	1.020	323.216	0.071
1595257129.80087	229.575	0.013	1.059	323.216	0.070
1595257129.80284	229.584	0.013	1.061	323.055	0.068
1595257129.84323	229.593	0.014	1.098	323.135	0.075
1595257129.84387	229.562	0.013	1.015	323.055	0.071
1595257129.88086	229.519	0.011	0.862	322.974	0.056
1595257129.88421	229.522	0.011	0.912	322.974	0.062
1595257129.92122	229.519	0.011	0.836	323.055	0.060
1595257129.93722	229.529	0.011	0.865	323.135	0.057
1595257129.97523	229.501	0.011	0.872	323.216	0.061
1595257129.97588	229.480	0.011	0.869	323.055	0.057
1595257130.02223	229.474	0.011	0.838	322.894	0.057
1595257130.02388	229.480	0.011	0.852	322.974	0.058
1595257130.06323	229.418	0.011	0.841	322.974	0.056
1595257130.06389	229.375	0.011	0.904	322.813	0.060
1595257130.08586	229.380	0.011	0.851	322.813	0.057
1595257130.12425	229.385	0.011	0.922	322.894	0.059
1595257130.12487	229.373	0.011	0.860	322.894	0.061
1595257130.14826	229.375	0.011	0.894	322.813	0.060
1595257130.15791	229.384	0.011	0.860	322.813	0.057
1595257130.19486	229.365	0.011	0.877	322.813	0.056
1595257130.23334	229.362	0.011	0.880	322.894	0.055
1595257130.23488	229.395	0.011	0.881	322.733	0.058
1595257130.25326	229.445	0.011	0.887	322.974	0.056
1595257130.26087	229.445	0.011	0.873	322.894	0.052
1595257130.29930	229.413	0.011	0.859	322.974	0.052
1595257130.30827	229.403	0.011	0.873	322.894	0.057
1595257130.31893	229.427	0.011	0.857	322.894	0.059
1595257130.35629	229.434	0.011	0.906	322.733	0.056
1595257130.36689	229.461	0.011	0.885	322.813	0.057
1595257130.37905	229.411	0.011	0.872	322.813	0.058
1595257130.42126	229.394	0.011	0.843	322.894	0.060
1595257130.42826	229.406	0.011	0.896	322.894	0.058
1595257130.44931	229.401	0.011	0.858	322.813	0.055
1595257130.48627	229.383	0.011	0.865	322.813	0.057
1595257130.48792	229.394	0.011	0.868	322.813	0.056
1595257130.49890	229.442	0.011	0.915	322.894	0.058
1595257130.53629	229.479	0.011	0.902	322.894	0.059
1595257130.53793	229.464	0.011	0.894	322.813	0.058
1595257130.57528	229.438	0.011	0.859	322.813	0.057
1595257130.57892	229.463	0.011	0.921	322.894	0.058
1595257130.61589	229.482	0.011	0.883	323.055	0.055
1595257130.62824	229.433	0.011	0.863	322.974	0.055
1595257130.64090	229.423	0.011	0.874	322.894	0.060
1595257130.67899	229.428	0.011	0.859	322.974	0.055
1595257130.72283	229.391	0.011	0.859	322.733	0.058
1595257130.72525	229.409	0.011	0.895	322.813	0.061
1595257130.72786	229.396	0.011	0.858	322.894	0.057
1595257130.73826	229.426	0.011	0.883	322.813	0.058
1595257130.77491	229.437	0.011	0.890	322.813	0.059
1595257130.78826	229.426	0.011	0.861	322.974	0.056
1595257130.79791	229.363	0.011	0.840	322.813	0.059
1595257130.83488	229.393	0.011	0.903	322.894	0.060
1595257130.84828	229.491	0.012	0.955	322.894	0.063
1595257130.85892	229.490	0.011	0.919	322.894	0.061
1595257130.89600	229.464	0.010	0.768	322.974	0.049
1595257130.89794	229.448	0.010	0.748	322.733	0.048
1595257130.93497	229.502	0.011	0.894	322.894	0.063
1595257130.97427	229.512	0.012	0.973	322.974	0.063
1595257130.97492	229.511	0.012	0.966	322.974	0.059
1595257130.97587	229.509	0.015	1.217	322.894	0.083
1595257131.01430	229.516	0.014	1.189	322.894	0.076
1595257131.01494	229.519	0.016	1.324	322.813	0.083
1595257131.05334	229.468	0.014	1.177	322.894	0.079
1595257131.09098	229.453	0.015	1.204	322.894	0.078
1595257131.09293	229.464	0.016	1.349	322.974	0.087
1595257131.11930	229.497	0.014	1.189	322.813	0.078
1595257131.11994	229.504	0.015	1.178	322.974	0.078
1595257131.15831	229.477	0.016	1.319	323.055	0.086
1595257131.15894	229.532	0.016	1.321	323.055	0.083
1595257131.19592	229.557	0.016	1.368	322.894	0.088
1595257131.20804	229.605	0.016	1.298	322.974	0.083
1595257131.21888	229.542	0.016	1.301	323.135	0.082
1595257131.25633	229.518	0.016	1.301	322.974	0.084
1595257131.26796	229.577	0.016	1.339	323.055	0.087
1595257131.27890	229.622	0.015	1.251	323.055	0.075
1595257131.31632	229.588	0.016	1.307	322.974	0.082
1595257131.31798	229.619	0.015	1.244	322.974	0.080
1595257131.35934	229.641	0.016	1.350	323.216	0.086
1595257131.40940	229.616	0.016	1.290	323.055	0.082
1595257131.41096	229.594	0.016	1.301	323.055	0.082
1595257131.44901	229.574	0.015	1.286	323.055	0.086
1595257131.44993	229.613	0.018	1.509	323.055	0.111
1595257131.46031	229.596	0.018	1.513	322.974	0.094
1595257131.49798	229.613	0.018	1.463	323.135	0.092
1595257131.50533	229.592	0.017	1.495	322.974	0.097
1595257131.54428	229.617	0.017	1.443	323.055	0.090
1595257131.54493	229.629	0.017	1.480	323.055	0.096
1595257131.58332	229.591	0.017	1.468	323.135	0.094
1595257131.59829	229.616	0.017	1.435	323.055	0.093
1595257131.63529	229.609	0.017	1.439	323.055	0.093
1595257131.63594	229.563	0.017	1.403	322.813	0.083
1595257131.67406	229.620	0.018	1.506	322.974	0.095
1595257131.71338	229.607	0.017	1.400	322.974	0.086
1595257131.71395	229.578	0.017	1.426	323.055	0.095
1595257131.71490	229.586	0.017	1.379	322.974	0.087
1595257131.75401	229.584	0.017	1.444	323.055	0.092
1595257131.76539	229.607	0.017	1.438	323.135	0.087
1595257131.80336	229.616	0.017	1.454	323.055	0.093
1595257131.84630	229.605	0.018	1.508	323.055	0.093
1595257131.84795	229.602	0.018	1.458	323.216	0.091
1595257131.85832	229.600	0.019	1.582	323.216	0.105
1595257131.89490	229.657	0.020	1.705	323.055	0.103
1595257131.90777	229.606	0.020	1.679	323.055	0.104
1595257131.91878	229.610	0.020	1.692	323.135	0.107
1595257131.95578	229.617	0.021	1.763	322.974	0.114
1595257131.95777	229.619	0.019	1.603	323.055	0.104
1595257131.99778	229.596	0.019	1.632	322.974	0.103
1595257132.00980	229.593	0.020	1.627	322.894	0.106
1595257132.01878	229.607	0.020	1.638	322.733	0.104
1595257132.05579	229.606	0.019	1.611	322.974	0.104
1595257132.06779	229.567	0.020	1.669	322.974	0.105
1595257132.07878	229.559	0.020	1.674	322.974	0.104
1595257132.11636	229.596	0.020	1.692	323.055	0.100
1595257132.11799	229.618	0.019	1.660	323.055	0.106
1595257132.15533	229.589	0.019	1.651	323.055	0.107
1595257132.19412	229.607	0.020	1.668	323.216	0.104
1595257132.19499	229.623	0.019	1.641	323.377	0.098
1595257132.19593	229.588	0.020	1.657	323.135	0.104
1595257132.23435	229.579	0.019	1.672	323.055	0.108
1595257132.23497	229.593	0.019	1.656	323.135	0.105
1595257132.27342	229.597	0.019	1.674	322.974	0.100
1595257132.31235	229.576	0.020	1.690	322.974	0.106
1595257132.33035	229.580	0.019	1.666	322.974	0.100
1595257132.39342	229.622	0.020	1.719	322.894	0.108
1595257132.39498	229.603	0.020	1.717	323.055	0.115
1595257132.39933	229.580	0.020	1.686	322.974	0.109
1595257132.43600	229.566	0.020	1.712	323.135	0.109
1595257132.47436	229.638	0.020	1.734	323.135	0.107
1595257132.47497	229.643	0.023	1.965	323.135	0.133
1595257132.48940	229.632	0.029	2.510	323.135	0.156
1595257132.50938	229.584	0.028	2.483	323.135	0.146
1595257132.51899	229.615	0.029	2.529	323.055	0.147
1595257132.55738	229.611	0.028	2.474	323.055	0.146
1595257132.55898	229.597	0.027	2.321	322.974	0.142
1595257132.59633	229.606	0.027	2.370	322.974	0.143
1595257132.60896	229.608	0.027	2.367	322.974	0.140
1595257132.61932	229.616	0.028	2.435	323.055	0.144
1595257132.65739	229.605	0.025	2.124	323.055	0.142
1595257132.66898	229.598	0.021	1.776	322.813	0.115
1595257132.67896	229.641	0.022	1.869	322.894	0.114
1595257132.71740	229.632	0.020	1.731	323.055	0.107
1595257132.71899	229.649	0.021	1.816	322.974	0.116
1595257132.75808	229.616	0.021	1.792	322.974	0.116
1595257132.79810	229.581	0.020	1.764	322.974	0.108
1595257132.79891	229.698	0.020	1.745	322.974	0.104
1595257132.81032	229.733	0.020	1.686	323.216	0.109
1595257132.86032	229.713	0.020	1.717	323.216	0.110
1595257132.86099	229.737	0.020	1.718	323.216	0.111
1595257132.86998	229.737	0.020	1.729	323.377	0.106
1595257132.90837	229.722	0.020	1.683	323.377	0.104
1595257132.90900	229.689	0.020	1.659	323.377	0.107
1595257132.92836	229.716	0.020	1.687	323.296	0.107
1595257132.93901	229.725	0.020	1.702	323.216	0.107
1595257132.97740	229.743	0.020	1.656	323.216	0.097
1595257132.98945	229.720	0.020	1.687	323.296	0.108
1595257132.99935	229.673	0.020	1.672	323.216	0.107
1595257133.03741	229.631	0.019	1.641	323.055	0.108
1595257133.03901	229.647	0.020	1.732	323.055	0.106
1595257133.07600	229.683	0.020	1.724	323.135	0.107
1595257133.12039	229.676	0.020	1.674	323.135	0.105
1595257133.12101	229.777	0.020	1.749	323.135	0.107
1595257133.13638	229.800	0.020	1.700	323.216	0.105
1595257133.17437	229.781	0.020	1.687	323.296	0.102
1595257133.17805	229.707	0.020	1.676	323.216	0.104
1595257133.17895	229.692	0.020	1.714	323.216	0.107
1595257133.21638	229.710	0.020	1.645	323.135	0.107
1595257133.22435	229.713	0.020	1.725	323.216	0.107
1595257133.26236	229.708	0.020	1.681	323.135	0.108
1595257133.26406	229.671	0.020	1.717	323.135	0.105
1595257133.30209	229.703	0.020	1.700	323.216	0.112
1595257133.30943	229.722	0.020	1.729	323.135	0.106
1595257133.31936	229.690	0.020	1.645	323.055	0.105
1595257133.35742	229.742	0.020	1.718	323.135	0.108
1595257133.35903	229.741	0.020	1.694	323.296	0.111
1595257133.39639	229.760	0.020	1.713	323.216	0.107
1595257133.43637	229.764	0.020	1.738	323.216	0.106
1595257133.43802	229.765	0.022	1.889	323.296	0.119
1595257133.44796	229.688	0.021	1.817	323.216	0.120
1595257133.48637	229.713	0.022	1.877	323.296	0.119
1595257133.48802	229.724	0.021	1.786	323.296	0.111
1595257133.50910	229.720	0.021	1.818	323.216	0.110
1595257133.51895	229.720	0.022	1.845	323.377	0.119
1595257133.55584	229.728	0.022	1.930	323.216	0.121
1595257133.56984	229.746	0.021	1.826	323.296	0.114
1595257133.57984	229.717	0.023	1.932	323.135	0.124
1595257133.61804	229.674	0.026	2.192	323.135	0.133
1595257133.62899	229.660	0.026	2.279	323.055	0.140
1595257133.63936	229.683	0.030	2.523	322.974	0.161
1595257133.67701	229.679	0.029	2.609	322.974	0.154
1595257133.68310	229.715	0.028	2.418	323.055	0.145
1595257133.72037	229.670	0.028	2.418	323.055	0.151
1595257133.72602	229.674	0.029	2.477	323.055	0.152
1595257133.76442	229.713	0.031	2.642	323.055	0.162
1595257133.76601	229.728	0.031	2.621	323.055	0.164
1595257133.80440	229.697	0.031	2.639	323.055	0.161
1595257133.80503	229.732	0.031	2.666	323.216	0.157
1595257133.82740	229.749	0.030	2.582	323.135	0.156
1595257133.84006	229.771	0.030	2.602	323.296	0.158
1595257133.88004	229.807	0.031	2.692	323.377	0.157
1595257133.89042	229.792	0.030	2.606	323.296	0.155
1595257133.90005	229.776	0.029	2.560	323.296	0.153
1595257133.93827	229.727	0.030	2.692	323.216	0.161
1595257133.95003	229.704	0.031	2.684	323.216	0.159
1595257133.96042	229.711	0.030	2.688	323.135	0.156
1595257133.99841	229.700	0.030	2.628	323.216	0.152
1595257134.00004	229.707	0.030	2.692	323.135	0.156
1595257134.03941	229.702	0.030	2.706	323.055	0.158
1595257134.05003	229.727	0.031	2.735	323.296	0.159
1595257134.06019	229.716	0.031	2.723	323.055	0.162
1595257134.09940	229.723	0.032	2.805	323.135	0.165
1595257134.13641	229.759	0.029	2.599	323.135	0.157
1595257134.13804	229.737	0.027	2.270	323.296	0.142
1595257134.16144	229.719	0.026	2.253	323.296	0.142
1595257134.19904	229.729	0.026	2.311	323.216	0.140
1595257134.21039	229.743	0.028	2.400	323.216	0.145
1595257134.22039	229.721	0.028	2.445	323.216	0.147
1595257134.26010	229.702	0.028	2.384	323.216	0.147
1595257134.27005	229.717	0.026	2.319	323.216	0.141
1595257134.28001	229.695	0.029	2.506	323.296	0.154
1595257134.31840	229.697	0.030	2.608	323.135	0.157
1595257134.31905	229.698	0.028	2.381	323.216	0.146
1595257134.35618	229.630	0.026	2.275	323.216	0.140
1595257134.37639	229.703	0.023	2.005	323.135	0.124
1595257134.38404	229.697	0.022	1.882	323.296	0.117
1595257134.43244	229.704	0.022	1.914	323.216	0.120
1595257134.47818	229.733	0.024	2.039	323.377	0.130
1595257134.47897	229.746	0.023	1.986	323.296	0.120
1595257134.48007	229.732	0.026	2.290	323.296	0.143
1595257134.51815	229.709	0.029	2.524	323.377	0.154
1595257134.52839	229.711	0.027	2.366	323.377	0.143
1595257134.53940	229.733	0.027	2.376	323.377	0.142
1595257134.57745	229.732	0.026	2.220	323.216	0.136
1595257134.58903	229.715	0.026	2.201	323.296	0.140
1595257134.59940	229.734	0.023	1.956	323.216	0.119
1595257134.63642	229.722	0.024	2.075	323.296	0.124
1595257134.63808	229.698	0.023	1.952	323.216	0.120
1595257134.67522	229.688	0.022	1.868	323.216	0.115
1595257134.69110	229.662	0.022	1.898	323.216	0.118
1595257134.70009	229.694	0.022	1.884	323.135	0.119
1595257134.73944	229.747	0.023	1.984	323.296	0.118
1595257134.75044	229.687	0.024	2.098	323.296	0.131
1595257134.76009	229.716	0.023	1.992	323.296	0.119
1595257134.79807	229.724	0.022	1.938	323.216	0.119
1595257134.79917	229.714	0.022	1.891	323.216	0.116
1595257134.83643	229.695	0.022	1.889	323.296	0.114
1595257134.88122	229.685	0.022	1.878	323.216	0.116
1595257134.88203	229.657	0.022	1.884	323.216	0.116
1595257134.88949	229.656	0.022	1.941	323.135	0.116
1595257134.92610	229.626	0.022	1.872	323.377	0.115
1595257134.92803	229.598	0.022	1.870	323.135	0.115
1595257134.94743	229.639	0.025	2.142	323.135	0.140
1595257134.95944	229.618	0.029	2.571	322.974	0.150
1595257134.99609	229.619	0.027	2.369	322.894	0.143
1595257135.00809	229.586	0.028	2.500	323.055	0.145
1595257135.01917	229.598	0.029	2.488	322.974	0.151
1595257135.05647	229.583	0.029	2.481	322.974	0.148
1595257135.05711	229.546	0.028	2.462	322.974	0.146
1595257135.09509	229.542	0.028	2.509	322.974	0.148
1595257135.10955	229.533	0.029	2.512	323.055	0.151
1595257135.11911	229.551	0.029	2.501	322.974	0.151
1595257135.15602	229.573	0.029	2.525	322.974	0.152
1595257135.20190	229.581	0.029	2.510	323.135	0.148
1595257135.20390	229.537	0.029	2.536	323.135	0.154
1595257135.20590	229.546	0.030	2.588	323.135	0.157
1595257135.21943	229.572	0.029	2.479	323.055	0.152
1595257135.25643	229.599	0.031	2.644	322.974	0.158
1595257135.27020	229.644	0.029	2.598	323.055	0.151
1595257135.28001	229.638	0.029	2.549	323.135	0.157
1595257135.31702	229.658	0.031	2.687	323.055	0.159
1595257135.33043	229.663	0.030	2.723	323.216	0.159
1595257135.34008	229.668	0.031	2.683	323.216	0.162
1595257135.37943	229.626	0.031	2.710	323.055	0.158
1595257135.38906	229.639	0.031	2.795	323.055	0.161
1595257135.40042	229.654	0.032	2.847	323.135	0.163
1595257135.43748	229.631	0.031	2.786	323.216	0.165
1595257135.43908	229.609	0.031	2.746	323.055	0.161
1595257135.47620	229.611	0.030	2.713	323.055	0.156
1595257135.48804	229.622	0.032	2.814	323.135	0.168
1595257135.49943	229.629	0.031	2.845	323.055	0.158
1595257135.53611	229.648	0.030	2.723	323.055	0.159
1595257135.55045	229.647	0.032	2.796	323.135	0.163
1595257135.56044	229.723	0.031	2.756	323.296	0.161
1595257135.59753	229.731	0.031	2.789	323.216	0.164
1595257135.60711	229.720	0.029	2.561	323.135	0.155
1595257135.64552	229.697	0.029	2.527	323.135	0.156
1595257135.64709	229.680	0.030	2.650	323.216	0.161
1595257135.68646	229.656	0.030	2.592	323.055	0.157
1595257135.69947	229.678	0.029	2.526	323.135	0.146
1595257135.73751	229.649	0.029	2.551	323.216	0.151
1595257135.74910	229.651	0.029	2.538	323.135	0.154
1595257135.75949	229.743	0.029	2.590	323.216	0.156
1595257135.80152	229.846	0.028	2.502	323.296	0.146
1595257135.80810	229.832	0.029	2.515	323.377	0.147
1595257135.82951	229.819	0.029	2.495	323.377	0.154
1595257135.86623	229.869	0.029	2.529	323.457	0.151
1595257135.86704	229.875	0.028	2.459	323.538	0.146
1595257135.88048	229.886	0.030	2.683	323.377	0.156
1595257135.91947	229.842	0.029	2.536	323.457	0.158
1595257135.92012	229.838	0.030	2.651	323.296	0.151
1595257135.95948	229.863	0.030	2.670	323.296	0.162
1595257135.96747	229.872	0.030	2.625	323.296	0.150
1595257136.00550	229.847	0.030	2.566	322.974	0.157
1595257136.00710	229.840	0.026	2.217	323.296	0.141
1595257136.04524	229.845	0.024	2.097	323.216	0.128
1595257136.05047	229.847	0.022	1.853	323.296	0.115
1595257136.06245	229.845	0.021	1.804	323.377	0.111
1595257136.10024	229.852	0.022	1.849	323.296	0.114
1595257136.10111	229.804	0.021	1.817	323.457	0.111
1595257136.14151	229.845	0.021	1.807	323.457	0.110
1595257136.14212	229.866	0.021	1.833	323.457	0.110
1595257136.18151	229.907	0.021	1.845	323.538	0.114
1595257136.18212	229.891	0.021	1.824	323.618	0.112
1595257136.22046	229.911	0.021	1.811	323.538	0.108
1595257136.22111	229.913	0.021	1.826	323.538	0.111
1595257136.25950	229.909	0.021	1.815	323.618	0.115
1595257136.27047	229.804	0.021	1.770	323.538	0.110
1595257136.30749	229.793	0.021	1.777	323.457	0.110
1595257136.31012	229.797	0.021	1.804	323.377	0.109
1595257136.34747	229.822	0.021	1.823	323.377	0.111
1595257136.35009	229.837	0.021	1.829	323.377	0.111
1595257136.36047	229.796	0.021	1.839	323.377	0.110
1595257136.39947	229.792	0.021	1.828	323.457	0.114
1595257136.40413	229.799	0.021	1.836	323.457	0.112
1595257136.44109	229.761	0.021	1.777	323.377	0.114
1595257136.44905	229.704	0.021	1.780	323.296	0.112
1595257136.48648	229.714	0.021	1.793	323.296	0.112
1595257136.48910	229.755	0.021	1.851	323.296	0.115
1595257136.53651	229.767	0.021	1.799	323.377	0.115
1595257136.53714	229.765	0.021	1.786	323.377	0.112
1595257136.54009	229.751	0.021	1.814	323.296	0.111
1595257136.57753	229.760	0.021	1.840	323.457	0.116
1595257136.58448	229.760	0.021	1.778	323.296	0.114
1595257136.62216	229.769	0.021	1.822	323.377	0.116
1595257136.62409	229.752	0.023	1.984	323.216	0.127
1595257136.66249	229.743	0.021	1.845	323.377	0.112
1595257136.66412	229.769	0.022	1.873	323.377	0.114
1595257136.68251	229.777	0.022	1.891	323.377	0.114
1595257136.72250	229.734	0.021	1.837	323.296	0.115
1595257136.72416	229.737	0.021	1.816	323.216	0.108
1595257136.76113	229.744	0.021	1.794	323.296	0.110
1595257136.76648	229.739	0.022	1.841	323.377	0.112
1595257136.78509	229.725	0.022	1.862	323.296	0.116
1595257136.82301	229.723	0.021	1.825	323.457	0.114
1595257136.83398	229.699	0.021	1.824	323.296	0.112
1595257136.87152	229.722	0.022	1.827	323.296	0.111
1595257136.87218	229.732	0.022	1.843	323.135	0.115
1595257136.88154	229.733	0.022	1.892	323.216	0.119
1595257136.91951	229.751	0.022	1.874	323.377	0.114
1595257136.93012	229.730	0.021	1.832	323.296	0.116
1595257136.94153	229.743	0.022	1.849	323.296	0.121
1595257136.98051	229.749	0.022	1.887	323.296	0.122
1595257136.99048	229.723	0.023	2.012	323.216	0.126
1595257137.00048	229.772	0.022	1.880	323.216	0.115
1595257137.03849	229.754	0.021	1.833	323.377	0.115
1595257137.04015	229.746	0.022	1.820	323.296	0.117
1595257137.07754	229.738	0.022	1.857	323.296	0.111
1595257137.09449	229.733	0.021	1.812	323.216	0.110
1595257137.10254	229.747	0.022	1.869	323.377	0.118
1595257137.15628	229.769	0.022	1.855	323.216	0.120
1595257137.15707	229.759	0.022	1.875	323.135	0.120
1595257137.19550	229.768	0.021	1.845	323.296	0.111
1595257137.19617	229.774	0.021	1.882	323.296	0.110
1595257137.20954	229.789	0.021	1.829	323.296	0.117
1595257137.24651	229.756	0.022	1.880	323.296	0.116
1595257137.24714	229.777	0.021	1.799	323.377	0.114
1595257137.28567	229.787	0.023	2.019	323.296	0.121
1595257137.28701	229.760	0.024	2.098	323.377	0.126
1595257137.31333	229.802	0.024	2.121	323.296	0.134
1595257137.35064	229.779	0.024	2.084	323.457	0.126
1595257137.35221	229.782	0.023	2.014	323.377	0.127
1595257137.36022	229.799	0.023	1.958	323.538	0.121
1595257137.39761	229.807	0.027	2.389	323.457	0.147
1595257137.39922	229.806	0.030	2.633	323.216	0.156
1595257137.42058	229.752	0.030	2.686	323.216	0.157
1595257137.45857	229.711	0.030	2.627	323.135	0.156
1595257137.46021	229.733	0.030	2.617	323.296	0.151
1595257137.49259	229.730	0.028	2.431	323.135	0.155
1595257137.53061	229.720	0.028	2.447	323.055	0.146
1595257137.53222	229.718	0.027	2.377	323.055	0.141
1595257137.54126	229.776	0.029	2.598	323.216	0.153
1595257137.58658	229.793	0.029	2.572	323.296	0.152
1595257137.58922	229.800	0.026	2.256	323.377	0.142
1595257137.61019	229.822	0.024	2.110	323.296	0.126
1595257137.64960	229.843	0.025	2.152	323.377	0.129
1595257137.65022	229.841	0.026	2.208	323.377	0.135
1595257137.67022	229.791	0.026	2.309	323.377	0.140
1595257137.68162	229.763	0.026	2.226	323.216	0.142
1595257137.71961	229.761	0.025	2.140	323.135	0.130
1595257137.73058	229.745	0.026	2.261	323.135	0.131
1595257137.74124	229.774	0.026	2.285	323.135	0.138
1595257137.78734	229.796	0.025	2.213	323.296	0.141
1595257137.80015	229.796	0.026	2.309	323.296	0.138
1595257137.83956	229.820	0.026	2.305	323.296	0.138
1595257137.84020	229.825	0.025	2.199	323.296	0.135
1595257137.87723	229.777	0.023	1.983	323.296	0.124
1595257137.89017	229.811	0.022	1.926	323.377	0.115
1595257137.90027	229.821	0.021	1.829	323.457	0.116
1595257137.93959	229.854	0.021	1.840	323.377	0.115
1595257137.95017	229.855	0.021	1.841	323.377	0.116
1595257137.96058	229.804	0.021	1.794	323.538	0.112
1595257138.00253	229.816	0.021	1.842	323.377	0.110
1595257138.00419	229.819	0.021	1.826	323.457	0.114
1595257138.04256	229.760	0.021	1.835	323.296	0.119
1595257138.08254	229.714	0.021	1.871	323.216	0.112
1595257138.08419	229.709	0.021	1.804	323.296	0.109
1595257138.09115	229.739	0.022	1.907	323.135	0.119
1595257138.12960	229.768	0.025	2.210	323.296	0.128
1595257138.13021	229.761	0.026	2.258	323.296	0.136
1595257138.15017	229.699	0.027	2.415	323.216	0.148
1595257138.16032	229.698	0.028	2.440	323.216	0.156
1595257138.19760	229.697	0.028	2.466	323.055	0.146
1595257138.23761	229.684	0.026	2.245	323.135	0.139
1595257138.23921	229.627	0.028	2.431	323.216	0.154
1595257138.25017	229.634	0.027	2.364	323.055	0.143
1595257138.26057	229.672	0.029	2.481	323.055	0.151
1595257138.29759	229.683	0.029	2.550	323.135	0.151
1595257138.31158	229.698	0.031	2.744	323.135	0.163
1595257138.32162	229.718	0.031	2.750	323.216	0.162
1595257138.35958	229.819	0.026	2.259	323.457	0.143
1595257138.36919	229.881	0.028	2.486	323.457	0.148
1595257138.38030	229.812	0.028	2.481	323.377	0.150
1595257138.41905	229.857	0.028	2.464	323.377	0.146
1595257138.43403	229.862	0.028	2.461	323.296	0.151
1595257138.44130	229.788	0.029	2.526	323.216	0.153
1595257138.48019	229.765	0.030	2.641	323.296	0.154
1595257138.48137	229.778	0.030	2.631	323.216	0.158
1595257138.51930	229.808	0.031	2.718	323.216	0.158
1595257138.56459	229.774	0.030	2.624	323.216	0.159
1595257138.56622	229.780	0.030	2.633	323.216	0.153
1595257138.58058	229.789	0.031	2.707	323.296	0.158
1595257138.61725	229.780	0.037	3.364	323.216	0.191
1595257138.61914	229.797	0.037	3.412	323.296	0.190
1595257138.62958	229.748	0.037	3.370	323.296	0.181
1595257138.64022	229.781	0.037	3.417	323.377	0.187
1595257138.67719	229.786	0.037	3.421	323.377	0.189
1595257138.68958	229.799	0.037	3.345	323.296	0.191
1595257138.70121	229.767	0.037	3.368	323.457	0.191
1595257138.74055	229.778	0.034	2.961	323.377	0.175
1595257138.75121	229.813	0.033	2.864	323.457	0.169
1595257138.76732	229.793	0.033	2.820	323.296	0.171
1595257138.80559	229.768	0.032	2.838	323.377	0.167
1595257138.80621	229.766	0.032	2.833	323.296	0.164
1595257138.84421	229.755	0.033	2.890	323.296	0.166
1595257138.84656	229.840	0.032	2.910	323.296	0.167
1595257138.88540	229.803	0.032	2.924	323.296	0.171
1595257138.92458	229.825	0.032	2.915	323.296	0.165
1595257138.92522	229.875	0.032	2.935	323.377	0.168
1595257138.92615	229.816	0.033	2.914	323.377	0.169
1595257138.96457	229.761	0.032	2.897	323.457	0.175
1595257138.96522	229.780	0.032	2.854	323.296	0.166
1595257139.00259	229.813	0.031	2.719	323.377	0.162
1595257139.00921	229.814	0.029	2.488	323.377	0.148
1595257139.04761	229.782	0.029	2.527	323.377	0.151
1595257139.04921	229.778	0.029	2.477	323.377	0.147
1595257139.06034	229.773	0.029	2.516	323.296	0.148
1595257139.09723	229.788	0.029	2.525	323.296	0.153
1595257139.10967	229.758	0.029	2.521	323.377	0.147
1595257139.12164	229.723	0.028	2.485	323.216	0.148
1595257139.15930	229.758	0.028	2.497	323.055	0.150
1595257139.16962	229.724	0.029	2.469	322.974	0.155
1595257139.18030	229.700	0.029	2.514	322.894	0.156
1595257139.21963	229.681	0.029	2.508	322.894	0.156
1595257139.23027	229.684	0.029	2.505	322.974	0.151
1595257139.24030	229.701	0.029	2.510	322.974	0.153
1595257139.28661	229.684	0.029	2.500	322.813	0.155
1595257139.32465	229.706	0.029	2.548	322.894	0.157
1595257139.36564	229.721	0.030	2.537	323.135	0.157
1595257139.38061	229.722	0.029	2.509	322.974	0.152
1595257139.41764	229.759	0.029	2.499	322.974	0.150
1595257139.42924	229.716	0.029	2.533	323.055	0.148
1595257139.44029	229.702	0.029	2.520	323.055	0.144
1595257139.47734	229.708	0.029	2.511	322.974	0.156
1595257139.48919	229.743	0.029	2.530	323.055	0.147
1595257139.50061	229.726	0.029	2.521	323.055	0.151
1595257139.53958	229.688	0.029	2.504	322.974	0.145
1595257139.54024	229.682	0.029	2.505	323.055	0.152
1595257139.57765	229.730	0.029	2.552	323.135	0.148
1595257139.62162	229.718	0.029	2.527	322.974	0.147
1595257139.62225	229.714	0.029	2.539	322.974	0.147
1595257139.62422	229.685	0.029	2.539	322.974	0.151
1595257139.66169	229.683	0.029	2.526	322.974	0.151
1595257139.67028	229.717	0.029	2.532	322.974	0.148
1595257139.68025	229.686	0.028	2.465	323.055	0.145
1595257139.71762	229.821	0.026	2.222	323.055	0.135
1595257139.71928	229.931	0.025	2.192	323.216	0.139
1595257139.75666	229.976	0.025	2.151	323.296	0.136
1595257139.76764	229.932	0.025	2.130	323.216	0.133
1595257139.80531	229.927	0.025	2.132	323.296	0.129
1595257139.81768	229.890	0.025	2.145	323.296	0.133
1595257139.85665	229.809	0.024	2.116	323.216	0.132
1595257139.85927	229.827	0.025	2.124	323.135	0.130
1595257139.86025	229.762	0.024	2.108	323.216	0.128
1595257139.89930	229.758	0.025	2.116	323.135	0.129
1595257139.90926	229.792	0.025	2.178	323.216	0.136
1595257139.92169	229.771	0.025	2.156	323.055	0.134
1595257139.95971	229.722	0.025	2.159	323.055	0.132
1595257139.98028	229.751	0.025	2.131	323.135	0.131
1595257140.01764	229.773	0.025	2.177	323.055	0.132
1595257140.01931	229.821	0.025	2.181	323.135	0.138
1595257140.04267	229.847	0.024	2.142	323.216	0.128
1595257140.08034	229.821	0.024	2.141	323.216	0.129
1595257140.08143	229.814	0.025	2.128	323.055	0.133
1595257140.11922	229.822	0.025	2.109	323.135	0.134
1595257140.12908	229.759	0.025	2.119	322.974	0.133
1595257140.14008	229.775	0.025	2.140	323.055	0.131
1595257140.17708	229.788	0.025	2.134	322.974	0.130
1595257140.17908	229.805	0.025	2.130	323.135	0.131
1595257140.21608	229.781	0.025	2.134	323.055	0.133
1595257140.26810	229.758	0.025	2.169	323.135	0.134
1595257140.27008	229.797	0.025	2.158	323.135	0.133
1595257140.27108	229.847	0.025	2.156	323.296	0.134
1595257140.30909	229.808	0.025	2.136	323.296	0.134
1595257140.31008	229.846	0.025	2.182	323.296	0.136
1595257140.32009	229.866	0.025	2.158	323.296	0.131
1595257140.35738	229.858	0.025	2.122	323.377	0.132
1595257140.36765	229.793	0.025	2.105	323.296	0.129
1595257140.40534	229.822	0.025	2.167	323.216	0.135
1595257140.40624	229.835	0.024	2.094	323.296	0.130
1595257140.44467	229.799	0.025	2.142	323.296	0.130
1595257140.46263	229.805	0.024	2.124	323.216	0.130
1595257140.50032	229.795	0.024	2.111	323.055	0.128
1595257140.50228	229.806	0.024	2.149	323.055	0.130
1595257140.54063	229.795	0.024	2.114	323.135	0.124
1595257140.58228	229.785	0.025	2.144	323.055	0.132
1595257140.58442	229.809	0.025	2.188	323.135	0.134
1595257140.58519	229.867	0.025	2.154	323.216	0.132
1595257140.62466	229.839	0.025	2.182	323.296	0.131
1595257140.62532	229.844	0.025	2.148	323.216	0.131
1595257140.66265	229.849	0.025	2.163	323.377	0.136
1595257140.66934	229.838	0.025	2.167	323.296	0.134
1595257140.68124	229.875	0.024	2.115	323.296	0.130
1595257140.71964	229.834	0.025	2.115	323.457	0.129
1595257140.72533	229.818	0.025	2.129	323.296	0.135
1595257140.76267	229.828	0.025	2.121	323.216	0.135
1595257140.76433	229.838	0.025	2.144	323.377	0.131
1595257140.80567	229.817	0.025	2.119	323.377	0.131
1595257140.82667	229.826	0.025	2.145	323.296	0.132
1595257140.86469	229.893	0.025	2.119	323.377	0.133
1595257140.90465	229.877	0.025	2.151	323.296	0.128
1595257140.90534	229.839	0.025	2.128	323.377	0.129
1595257140.94268	229.850	0.025	2.162	323.296	0.132
1595257140.94430	229.852	0.025	2.144	323.377	0.134
1595257140.98166	229.853	0.025	2.160	323.377	0.128
1595257140.98230	229.852	0.025	2.152	323.377	0.131
1595257141.02069	229.874	0.025	2.140	323.457	0.131
1595257141.04166	229.859	0.025	2.135	323.377	0.130
1595257141.07933	229.834	0.024	2.125	323.296	0.128
1595257141.08935	229.827	0.025	2.150	323.216	0.134
1595257141.10136	229.854	0.025	2.144	323.296	0.136
1595257141.13968	229.864	0.025	2.137	323.296	0.133
1595257141.14937	229.809	0.024	2.128	323.216	0.126
1595257141.18631	229.853	0.025	2.127	323.216	0.129
1595257141.19768	229.851	0.025	2.114	323.135	0.133
1595257141.23566	229.880	0.025	2.156	323.216	0.138
1595257141.23630	229.863	0.025	2.178	323.216	0.133
1595257141.27447	229.873	0.025	2.135	323.296	0.131
1595257141.27625	229.855	0.025	2.138	323.216	0.134
1595257141.29248	229.879	0.025	2.147	323.296	0.135
1595257141.30147	229.911	0.025	2.173	323.377	0.132
1595257141.32240	229.945	0.025	2.130	323.538	0.129
1595257141.36067	229.975	0.025	2.149	323.457	0.130
1595257141.36136	229.967	0.025	2.156	323.457	0.129
1595257141.39969	229.982	0.025	2.133	323.618	0.135
1595257141.43770	229.898	0.025	2.112	323.457	0.130
1595257141.45168	229.905	0.024	2.113	323.377	0.127
1595257141.46231	229.908	0.025	2.128	323.377	0.131
1595257141.50071	229.882	0.024	2.105	323.377	0.130
1595257141.51133	229.861	0.025	2.151	323.216	0.132
1595257141.54942	229.875	0.025	2.155	323.216	0.129
1595257141.55024	229.873	0.025	2.113	323.296	0.129
1595257141.58868	229.851	0.025	2.133	323.216	0.133
1595257141.59033	229.878	0.025	2.166	323.296	0.133
1595257141.61070	229.857	0.025	2.148	323.377	0.130
1595257141.65772	229.874	0.025	2.157	323.377	0.130
1595257141.65933	229.837	0.025	2.124	323.296	0.129
1595257141.66028	229.883	0.025	2.165	323.457	0.135
1595257141.69751	229.895	0.025	2.133	323.377	0.130
1595257141.70424	229.885	0.025	2.153	323.457	0.130
1595257141.74267	229.875	0.025	2.120	323.377	0.129
1595257141.74435	229.852	0.025	2.137	323.296	0.132
1595257141.78668	229.870	0.025	2.123	323.377	0.134
1595257141.78776	229.882	0.025	2.161	323.377	0.130
1595257141.82528	229.886	0.024	2.108	323.457	0.130
1595257141.82614	229.850	0.025	2.139	323.296	0.131
1595257141.86410	229.845	0.025	2.112	323.216	0.133
1595257141.86514	229.870	0.025	2.162	323.135	0.133
1595257141.90314	229.889	0.025	2.142	323.216	0.133
1595257141.90515	229.911	0.025	2.186	323.377	0.129
1595257141.94415	229.858	0.025	2.133	323.296	0.129
1595257141.98216	229.901	0.024	2.147	323.377	0.131
1595257141.98414	229.894	0.025	2.140	323.457	0.129
1595257142.02116	229.911	0.025	2.162	323.377	0.130
1595257142.02215	229.919	0.025	2.118	323.457	0.130
1595257142.06115	229.867	0.024	2.092	323.377	0.131
1595257142.07016	229.794	0.025	2.121	323.216	0.132
1595257142.10915	229.822	0.025	2.140	323.216	0.131
1595257142.11016	229.783	0.024	2.101	323.296	0.131
1595257142.14716	229.784	0.025	2.173	323.296	0.134
1595257142.14915	229.755	0.024	2.111	323.296	0.131
1595257142.16115	229.706	0.025	2.144	323.216	0.132
1595257142.19916	229.768	0.025	2.136	323.135	0.129
1595257142.20015	229.791	0.025	2.120	323.135	0.131
1595257142.23716	229.791	0.025	2.151	323.135	0.131
1595257142.28618	229.780	0.025	2.150	323.135	0.134
1595257142.28943	229.794	0.024	2.135	323.216	0.126
1595257142.29034	229.836	0.025	2.113	323.135	0.126
1595257142.32832	229.849	0.025	2.169	323.296	0.134
1595257142.33046	229.823	0.025	2.129	323.296	0.135
1595257142.34234	229.822	0.024	2.149	323.135	0.130
1595257142.38854	229.863	0.025	2.136	323.296	0.129
1595257142.42919	229.760	0.025	2.122	323.216	0.133
1595257142.44150	229.837	0.024	2.153	323.296	0.130
1595257142.48075	229.812	0.025	2.144	323.216	0.129
1595257142.48143	229.744	0.025	2.132	323.135	0.130
1595257142.51935	229.760	0.024	2.104	323.216	0.132
1595257142.52073	229.761	0.025	2.156	323.135	0.130
1595257142.54235	229.766	0.024	2.149	323.135	0.127
1595257142.59337	229.808	0.025	2.166	323.216	0.129
1595257142.59527	229.778	0.025	2.165	323.296	0.134
1595257142.60231	229.844	0.025	2.156	323.216	0.133
1595257142.64119	229.859	0.025	2.154	323.377	0.129
1595257142.64219	229.842	0.024	2.111	323.296	0.130
1595257142.68074	229.773	0.025	2.151	323.296	0.132
1595257142.68639	229.797	0.025	2.146	323.377	0.132
1595257142.72475	229.801	0.025	2.150	323.377	0.130
1595257142.76672	229.797	0.025	2.146	323.377	0.130
1595257142.76738	229.793	0.025	2.117	323.216	0.135
1595257142.79050	229.763	0.025	2.172	323.296	0.138
1595257142.82733	229.792	0.025	2.135	323.216	0.133
1595257142.82976	229.864	0.025	2.160	323.296	0.129
1595257142.85136	229.831	0.025	2.144	323.296	0.130
1595257142.88979	229.820	0.025	2.141	323.377	0.130
1595257142.90174	229.887	0.025	2.167	323.457	0.131
1595257142.93944	229.871	0.025	2.143	323.457	0.129
1595257142.94032	229.861	0.025	2.154	323.377	0.129
1595257142.97779	229.903	0.025	2.150	323.457	0.131
1595257142.98745	229.888	0.025	2.134	323.377	0.132
1595257143.02677	229.884	0.024	2.134	323.377	0.122
1595257143.02743	229.835	0.024	2.091	323.296	0.129
1595257143.06538	229.867	0.025	2.135	323.377	0.131
1595257143.07241	229.906	0.025	2.189	323.377	0.132
1595257143.11080	229.881	0.025	2.135	323.296	0.129
1595257143.11144	229.874	0.025	2.130	323.457	0.129
1595257143.14981	229.880	0.025	2.111	323.457	0.132
1595257143.17280	229.841	0.024	2.147	323.377	0.130
1595257143.22676	229.825	0.025	2.131	323.296	0.130
1595257143.23075	229.857	0.025	2.124	323.377	0.130
1595257143.24143	229.841	0.025	2.128	323.377	0.131
1595257143.27974	229.811	0.024	2.153	323.216	0.129
1595257143.28143	229.822	0.025	2.178	323.377	0.129
1595257143.31976	229.859	0.025	2.149	323.377	0.126
1595257143.33775	229.885	0.025	2.143	323.377	0.135
1595257143.34537	229.891	0.025	2.136	323.538	0.133
1595257143.38478	229.883	0.025	2.149	323.457	0.131
1595257143.39545	229.886	0.025	2.155	323.457	0.129
1595257143.43280	229.898	0.024	2.134	323.457	0.127
1595257143.43443	229.891	0.025	2.148	323.457	0.132
1595257143.44240	229.775	0.024	2.108	323.377	0.133
1595257143.48037	229.792	0.025	2.137	323.377	0.131
1595257143.49141	229.786	0.025	2.174	323.377	0.130
1595257143.50279	229.789	0.025	2.131	323.377	0.132
1595257143.54179	229.781	0.025	2.099	323.135	0.131
1595257143.55137	229.776	0.025	2.156	323.135	0.134
1595257143.56145	229.793	0.025	2.149	323.216	0.130
1595257143.59928	229.758	0.025	2.125	323.296	0.134
1595257143.60124	229.755	0.024	2.111	323.296	0.128
1595257143.64222	229.715	0.025	2.152	323.216	0.131
1595257143.65222	229.763	0.025	2.163	323.216	0.132
1595257143.66222	229.767	0.024	2.133	323.216	0.128
1595257143.70823	229.781	0.025	2.140	323.216	0.130
1595257143.74622	229.753	0.025	2.156	323.135	0.130
1595257143.74822	229.772	0.025	2.147	323.296	0.130
1595257143.78624	229.763	0.024	2.132	323.135	0.128
1595257143.78723	229.722	0.025	2.124	323.135	0.131
1595257143.81124	229.765	0.025	2.145	323.216	0.134
1595257143.82123	229.780	0.025	2.145	323.216	0.134
1595257143.86823	229.833	0.025	2.163	323.377	0.129
1595257143.87148	229.846	0.025	2.140	323.377	0.132
1595257143.88278	229.840	0.025	2.142	323.457	0.133
1595257143.92177	229.824	0.025	2.138	323.296	0.134
1595257143.92243	229.808	0.024	2.131	323.296	0.128
1595257143.96079	229.739	0.024	2.117	323.216	0.130
1595257143.97043	229.753	0.025	2.148	323.296	0.127
1595257144.00739	229.744	0.025	2.129	323.216	0.130
1595257144.00878	229.748	0.024	2.135	323.216	0.130
1595257144.04678	229.777	0.025	2.141	323.216	0.132
1595257144.04743	229.718	0.025	2.133	323.216	0.131
1595257144.07159	229.731	0.025	2.131	323.135	0.132
1595257144.11280	229.744	0.025	2.141	323.216	0.132
1595257144.11346	229.759	0.024	2.118	323.135	0.129
1595257144.13153	229.749	0.025	2.173	323.216	0.134
1595257144.14141	229.708	0.024	2.101	323.135	0.128
1595257144.18178	229.701	0.025	2.155	323.055	0.131
1595257144.19179	229.721	0.025	2.130	323.135	0.130
1595257144.20148	229.744	0.025	2.123	323.296	0.132
1595257144.23979	229.712	0.025	2.155	323.135	0.129
1595257144.24147	229.700	0.024	2.120	323.135	0.130
1595257144.28041	229.715	0.025	2.149	322.974	0.128
1595257144.29157	229.713	0.025	2.149	323.135	0.133
1595257144.30138	229.714	0.025	2.163	323.135	0.133
1595257144.33977	229.706	0.024	2.125	323.055	0.130
1595257144.35140	229.698	0.024	2.115	322.974	0.129
1595257144.36157	229.722	0.025	2.171	323.216	0.133
1595257144.40677	229.724	0.025	2.140	323.135	0.135
1595257144.44343	229.687	0.025	2.140	323.216	0.128
1595257144.45150	229.650	0.025	2.132	323.135	0.133
1595257144.46239	229.707	0.025	2.178	323.135	0.135
1595257144.50251	229.726	0.025	2.133	323.055	0.139
1595257144.50336	229.664	0.025	2.121	322.974	0.131
1595257144.52380	229.688	0.025	2.145	323.055	0.131
1595257144.56179	229.671	0.025	2.110	323.055	0.134
1595257144.56343	229.652	0.025	2.140	323.135	0.134
1595257144.60152	229.659	0.025	2.154	323.055	0.131
1595257144.60239	229.652	0.025	2.152	323.055	0.128
1595257144.62178	229.651	0.025	2.185	322.974	0.131
1595257144.66656	229.676	0.024	2.120	323.055	0.128
1595257144.67048	229.696	0.024	2.142	322.974	0.128
1595257144.68152	229.657	0.025	2.116	322.974	0.135
1595257144.71978	229.668	0.025	2.137	322.894	0.129
1595257144.72146	229.692	0.024	2.120	322.974	0.128
1595257144.75882	229.686	0.025	2.167	322.974	0.127
1595257144.80281	229.664	0.025	2.141	323.055	0.135
1595257144.80346	229.681	0.025	2.147	323.135	0.131
1595257144.80545	229.644	0.024	2.105	322.974	0.127
1595257144.84380	229.688	0.025	2.173	322.974	0.132
1595257144.88150	229.722	0.025	2.158	323.135	0.134
1595257144.88345	229.684	0.025	2.092	323.135	0.131
1595257144.88556	229.699	0.025	2.173	323.055	0.128
1595257144.92287	229.733	0.024	2.111	323.055	0.129
1595257144.96384	229.698	0.025	2.156	323.055	0.131
1595257144.96549	229.692	0.025	2.132	322.974	0.134
1595257144.97180	229.643	0.024	2.099	323.135	0.127
1595257144.99183	229.635	0.025	2.149	322.974	0.133
1595257145.02848	229.648	0.024	2.137	322.974	0.127
1595257145.03052	229.660	0.025	2.125	322.974	0.130
1595257145.04150	229.594	0.024	2.090	322.974	0.129
1595257145.07884	229.566	0.025	2.161	322.813	0.132
1595257145.09145	229.621	0.025	2.168	322.974	0.131
1595257145.10261	229.670	0.025	2.178	322.974	0.132
1595257145.14380	229.687	0.025	2.162	323.055	0.135
1595257145.15249	229.633	0.025	2.157	323.135	0.134
1595257145.16252	229.673	0.025	2.122	323.216	0.131
1595257145.20137	229.669	0.025	2.165	323.135	0.131
1595257145.20230	229.663	0.025	2.141	323.055	0.133
1595257145.24087	229.629	0.025	2.072	322.974	0.134
1595257145.25885	229.634	0.025	2.179	322.974	0.134
1595257145.26753	229.654	0.025	2.149	323.135	0.132
1595257145.29149	229.693	0.025	2.154	323.135	0.129
1595257145.32846	229.693	0.025	2.117	323.135	0.131
1595257145.33046	229.655	0.025	2.140	322.974	0.134
1595257145.35286	229.650	0.024	2.137	323.055	0.129
1595257145.39088	229.690	0.025	2.180	323.135	0.128
1595257145.39149	229.697	0.025	2.169	323.055	0.132
1595257145.40239	229.688	0.024	2.119	323.055	0.129
1595257145.44039	229.698	0.025	2.170	323.055	0.135
1595257145.45149	229.701	0.024	2.163	323.055	0.130
1595257145.46187	229.711	0.025	2.133	323.216	0.131
1595257145.49891	229.735	0.025	2.137	323.055	0.129
1595257145.51190	229.694	0.025	2.190	323.135	0.134
1595257145.52154	229.728	0.025	2.131	323.377	0.130
1595257145.55889	229.711	0.025	2.153	323.135	0.129
1595257145.59691	229.728	0.025	2.105	323.216	0.127
1595257145.59853	229.673	0.025	2.126	323.216	0.134
1595257145.61152	229.678	0.025	2.131	323.055	0.135
1595257145.64891	229.710	0.025	2.151	323.135	0.132
1595257145.65053	229.723	0.024	2.139	323.055	0.128
1595257145.67154	229.726	0.025	2.167	323.055	0.130
1595257145.68147	229.700	0.024	2.094	323.216	0.130
1595257145.71890	229.702	0.025	2.157	323.135	0.133
1595257145.73151	229.701	0.025	2.146	323.055	0.130
1595257145.74156	229.678	0.025	2.154	323.135	0.130
1595257145.77986	229.698	0.025	2.150	323.135	0.128
1595257145.79586	229.689	0.025	2.128	323.216	0.131
1595257145.80350	229.736	0.024	2.142	323.296	0.131
1595257145.84287	229.772	0.024	2.132	323.296	0.129
1595257145.84350	229.781	0.025	2.126	323.538	0.130
1595257145.88166	229.791	0.025	2.148	323.377	0.132
1595257145.88744	229.764	0.025	2.138	323.296	0.133
1595257145.92592	229.798	0.025	2.140	323.296	0.132
1595257145.94160	229.752	0.025	2.145	323.296	0.133
1595257145.97888	229.765	0.025	2.133	323.296	0.135
1595257145.99149	229.761	0.025	2.139	323.135	0.136
1595257146.00160	229.761	0.025	2.143	323.296	0.135
1595257146.03854	229.779	0.024	2.121	323.216	0.127
1595257146.05149	229.730	0.025	2.073	323.296	0.131
1595257146.06162	229.711	0.024	2.114	323.216	0.131
1595257146.10190	229.752	0.025	2.166	323.135	0.133
1595257146.11264	229.759	0.025	2.178	323.135	0.133
1595257146.12247	229.752	0.025	2.160	323.216	0.130
1595257146.16160	229.771	0.025	2.143	323.216	0.131
1595257146.16242	229.823	0.025	2.158	323.216	0.131
1595257146.20089	229.820	0.025	2.170	323.216	0.133
1595257146.21387	229.825	0.024	2.123	323.296	0.131
1595257146.22351	229.798	0.025	2.148	323.296	0.130
1595257146.26286	229.815	0.025	2.131	323.457	0.132
1595257146.27253	229.844	0.025	2.141	323.296	0.135
1595257146.28246	229.849	0.025	2.143	323.377	0.132
1595257146.32188	229.834	0.025	2.165	323.216	0.130
1595257146.32253	229.858	0.025	2.143	323.377	0.130
1595257146.36090	229.847	0.025	2.141	323.216	0.134
1595257146.36888	229.867	0.025	2.150	323.296	0.138
1595257146.41792	229.873	0.025	2.140	323.296	0.130
1595257146.41949	229.824	0.025	2.133	323.377	0.128
1595257146.46089	229.813	0.025	2.137	323.135	0.132
1595257146.46152	229.812	0.025	2.122	323.296	0.132
1595257146.47052	229.848	0.025	2.139	323.216	0.132
1595257146.48188	229.831	0.025	2.173	323.216	0.127
1595257146.51854	229.796	0.025	2.149	323.216	0.129
1595257146.53087	229.814	0.025	2.112	323.216	0.129
1595257146.54155	229.810	0.025	2.115	323.135	0.131
1595257146.58087	229.814	0.025	2.154	323.296	0.129
1595257146.59192	229.798	0.025	2.128	323.135	0.130
1595257146.60289	229.797	0.025	2.125	323.135	0.129
1595257146.64288	229.799	0.025	2.105	323.135	0.133
1595257146.64355	229.769	0.025	2.112	323.135	0.134
1595257146.68193	229.789	0.025	2.137	323.216	0.130
1595257146.69651	229.789	0.025	2.144	323.216	0.128
1595257146.70566	229.776	0.025	2.139	323.216	0.135
1595257146.74388	229.792	0.025	2.141	323.296	0.132
1595257146.75287	229.823	0.025	2.160	323.296	0.133
1595257146.76254	229.801	0.025	2.163	323.216	0.131
1595257146.80656	229.804	0.025	2.154	323.296	0.130
1595257146.81351	229.835	0.025	2.167	323.377	0.131
1595257146.85149	229.844	0.025	2.146	323.296	0.134
1595257146.88992	229.821	0.025	2.144	323.377	0.128
1595257146.89150	229.835	0.024	2.113	323.296	0.128
1595257146.89388	229.855	0.025	2.114	323.457	0.130
1595257146.90255	229.882	0.025	2.157	323.377	0.134
1595257146.94093	229.864	0.024	2.112	323.457	0.133
1595257146.96190	229.869	0.025	2.118	323.135	0.134
1595257146.99890	229.891	0.025	2.145	323.216	0.134
1595257147.01052	229.874	0.025	2.135	323.296	0.132
1595257147.02690	229.856	0.025	2.115	323.296	0.132
1595257147.06570	229.858	0.024	2.144	323.296	0.128
1595257147.07267	229.867	0.025	2.150	323.377	0.131
1595257147.08249	229.863	0.025	2.142	323.296	0.130
1595257147.12075	229.895	0.025	2.161	323.457	0.138
1595257147.12161	229.836	0.025	2.139	323.135	0.134
1595257147.15891	229.816	0.025	2.150	323.296	0.131
1595257147.17753	229.864	0.025	2.166	323.457	0.131
1595257147.18764	229.814	0.024	2.095	323.377	0.131
1595257147.22689	229.841	0.025	2.149	323.296	0.132
1595257147.23255	229.862	0.024	2.124	323.296	0.129
1595257147.27070	229.857	0.024	2.112	323.296	0.130
1595257147.27256	229.853	0.025	2.125	323.377	0.134
1595257147.28264	229.841	0.025	2.130	323.377	0.136
1595257147.32093	229.837	0.025	2.118	323.296	0.132
1595257147.34291	229.847	0.024	2.127	323.296	0.126
1595257147.38093	229.803	0.025	2.153	323.296	0.130
1595257147.39290	229.772	0.024	2.103	323.135	0.133
1595257147.40256	229.768	0.025	2.152	323.296	0.132
1595257147.44065	229.798	0.025	2.177	323.216	0.128
1595257147.44148	229.748	0.024	2.098	323.296	0.129
1595257147.48268	229.744	0.025	2.185	323.216	0.133
1595257147.49292	229.606	0.024	2.053	323.135	0.129
1595257147.50292	229.568	0.024	2.109	323.055	0.130
1595257147.54191	229.582	0.024	2.131	322.974	0.127
1595257147.55254	229.545	0.025	2.121	322.974	0.130
1595257147.56390	229.577	0.025	2.158	322.974	0.130
1595257147.60191	229.606	0.025	2.155	322.894	0.135
1595257147.60256	229.657	0.024	2.131	323.055	0.130
1595257147.64094	229.617	0.025	2.137	323.055	0.129
1595257147.69271	229.633	0.025	2.129	322.894	0.132
1595257147.69560	229.594	0.025	2.110	322.894	0.132
1595257147.70351	229.601	0.025	2.142	322.894	0.128
1595257147.74151	229.616	0.025	2.159	322.974	0.131
1595257147.75293	229.604	0.025	2.129	322.894	0.131
1595257147.76291	229.657	0.025	2.151	322.894	0.131
1595257147.80058	229.649	0.025	2.147	322.974	0.133
1595257147.81253	229.616	0.024	2.130	322.894	0.129
1595257147.82293	229.618	0.025	2.161	322.894	0.131
1595257147.86058	229.647	0.025	2.143	322.974	0.132
1595257147.86165	229.695	0.025	2.161	323.135	0.128
1595257147.89895	229.676	0.024	2.124	323.055	0.130
1595257147.91395	229.680	0.025	2.153	323.055	0.127
1595257147.92292	229.660	0.025	2.125	322.894	0.132
1595257147.96100	229.660	0.024	2.109	322.974	0.131
1595257147.98294	229.645	0.025	2.128	322.974	0.132
1595257148.02094	229.638	0.025	2.125	322.813	0.131
1595257148.02158	229.594	0.025	2.102	322.894	0.133
1595257148.05855	229.587	0.025	2.130	322.733	0.132
1595257148.10696	229.565	0.025	2.121	322.813	0.132
1595257148.10758	229.551	0.025	2.128	322.733	0.130
1595257148.10853	229.580	0.025	2.172	323.055	0.134
1595257148.14649	229.570	0.025	2.154	322.894	0.135
1595257148.14739	229.487	0.025	2.112	322.733	0.131
1595257148.17198	229.456	0.024	2.129	322.733	0.126
1595257148.20863	229.479	0.025	2.140	322.974	0.130
1595257148.21052	229.514	0.025	2.096	322.813	0.130
1595257148.22154	229.478	0.024	2.124	322.813	0.131
1595257148.25897	229.453	0.024	2.099	322.813	0.128
1595257148.26062	229.477	0.024	2.110	322.652	0.131
1595257148.29765	229.482	0.025	2.147	322.733	0.131
1595257148.30879	229.471	0.025	2.150	322.652	0.129
1595257148.34798	229.501	0.025	2.145	322.492	0.134
1595257148.35053	229.534	0.025	2.128	322.652	0.133
1595257148.38795	229.554	0.025	2.154	322.572	0.130
1595257148.39060	229.567	0.025	2.154	322.813	0.126
1595257148.40593	229.524	0.025	2.147	322.733	0.132
1595257148.44295	229.510	0.025	2.155	322.733	0.130
1595257148.45255	229.452	0.025	2.133	322.813	0.130
1595257148.46294	229.475	0.025	2.159	322.813	0.129
