# timestamp	V	A	W	V	A
1595257276.96011	1414.249	0.022	377421.350	323.377	0.008
1595257276.96067	229.576	0.003	377421.577	323.457	0.007
1595257276.97200	229.617	0.003	0.008	323.457	0.007
1595257276.99203	229.633	0.003	377421.563	323.538	0.008
1595257277.03901	229.655	0.003	377421.584	323.538	0.007
1595257277.03967	229.609	0.003	377421.587	323.618	0.008
1595257277.04057	229.617	0.003	377421.574	323.538	0.007
1595257277.07902	229.617	0.003	377421.551	323.377	0.008
1595257277.07968	229.593	0.004	377421.581	323.296	0.007
1595257277.11900	229.606	0.004	377421.592	323.377	0.008
1595257277.11967	229.597	0.003	377421.559	323.296	0.007
1595257277.15900	229.593	0.003	0.001	323.377	0.008
1595257277.15967	229.655	0.003	377421.575	323.457	0.007
1595257277.19702	229.628	0.003	0.009	323.296	0.008
1595257277.19865	229.636	0.003	377421.573	323.296	0.008
1595257277.23602	229.632	0.003	377421.584	323.216	0.007
1595257277.24165	229.659	0.003	0.008	323.457	0.007
1595257277.28803	229.660	0.003	377421.577	323.377	0.007
1595257277.33701	229.685	0.003	0.001	323.457	0.007
1595257277.33965	229.684	0.003	377421.592	323.457	0.007
1595257277.34879	229.684	0.003	377421.580	323.377	0.008
1595257277.37101	229.657	0.003	377421.592	323.538	0.007
1595257277.40902	229.626	0.004	377421.571	323.538	0.008
1595257277.40968	229.679	0.003	0.012	323.457	0.008
1595257277.43102	229.628	0.003	0.002	323.377	0.008
1595257277.44067	229.648	0.003	377421.561	323.538	0.007
1595257277.48003	229.660	0.003	377421.582	323.377	0.008
1595257277.49078	229.657	0.003	377421.577	323.377	0.007
1595257277.50502	229.616	0.003	377421.586	323.377	0.008
1595257277.54302	229.628	0.003	0.001	323.377	0.007
1595257277.54468	229.630	0.003	377421.555	323.538	0.008
1595257277.58202	229.619	0.004	377421.559	323.377	0.008
1595257277.59202	229.643	0.003	0.003	323.457	0.007
1595257277.60167	229.617	0.003	0.000	323.377	0.008
1595257277.66105	229.620	0.003	377421.583	323.377	0.008
1595257277.66167	229.607	0.003	377421.577	323.296	0.007
1595257277.66363	229.602	0.003	377421.590	323.296	0.007
1595257277.70202	229.605	0.004	377421.579	323.377	0.007
1595257277.71469	229.628	0.003	377421.568	323.377	0.007
1595257277.75166	229.613	0.003	377421.582	323.457	0.007
1595257277.75374	229.594	0.003	0.008	323.457	0.008
1595257277.76162	229.639	0.003	377421.592	323.457	0.008
1595257277.80006	229.651	0.003	377421.565	323.377	0.007
1595257277.81107	229.672	0.003	377421.584	323.538	0.007
1595257277.82404	229.656	0.003	0.005	323.457	0.008
1595257277.86263	229.567	0.003	0.002	323.377	0.007
1595257277.86371	229.589	0.003	377421.563	323.377	0.008
1595257277.90080	229.523	0.004	377421.577	323.296	0.008
1595257277.91062	229.549	0.003	377421.589	323.377	0.008
1595257277.92104	229.562	0.003	377421.577	323.216	0.008
1595257277.96003	229.553	0.003	0.013	323.296	0.007
1595257277.97167	229.582	0.003	377421.578	323.216	0.008
1595257277.98175	229.531	0.003	377421.586	323.377	0.007
1595257278.02010	229.580	0.003	0.009	323.296	0.007
1595257278.02168	229.545	0.003	377421.592	323.296	0.008
1595257278.05980	229.550	0.003	377421.593	323.457	0.008
1595257278.09908	229.560	0.003	0.000	323.296	0.007
1595257278.09970	229.526	0.003	377421.575	323.216	0.008
1595257278.11106	229.587	0.003	377421.575	323.377	0.008
1595257278.15004	229.614	0.003	377421.581	323.457	0.007
1595257278.15970	229.582	0.003	377421.571	323.457	0.008
1595257278.19705	229.582	0.003	377421.576	323.377	0.008
1595257278.19867	229.578	0.004	0.001	323.296	0.007
1595257278.20663	229.592	0.003	377421.589	323.457	0.008
1595257278.24510	229.538	0.003	377421.575	323.296	0.008
1595257278.24669	229.588	0.003	0.000	323.296	0.007
1595257278.28859	229.588	0.003	377421.589	323.296	0.008
1595257278.28961	229.609	0.003	377421.590	323.538	0.008
1595257278.32708	229.585	0.003	377421.569	323.377	0.008
1595257278.32967	229.620	0.003	0.005	323.457	0.008
1595257278.34104	229.612	0.003	377421.585	323.457	0.007
1595257278.37869	229.578	0.003	0.015	323.377	0.007
1595257278.39071	229.579	0.003	377421.583	323.457	0.007
1595257278.40206	229.615	0.003	377421.590	323.457	0.007
1595257278.44104	229.587	0.003	377421.572	323.296	0.007
1595257278.45071	229.547	0.003	377421.570	323.377	0.007
1595257278.46075	229.552	0.003	0.010	323.377	0.007
1595257278.49958	229.541	0.003	377421.579	323.457	0.007
1595257278.50055	229.509	0.003	0.015	323.457	0.007
1595257278.53855	229.528	0.003	377421.584	323.377	0.008
1595257278.57655	229.532	0.003	377421.586	323.457	0.008
1595257278.57855	229.540	0.003	377421.586	323.457	0.007
1595257278.58855	229.534	0.003	377421.570	323.538	0.007
1595257278.62755	229.565	0.003	0.000	323.377	0.008
1595257278.66714	229.509	0.003	377421.584	323.296	0.008
1595257278.66872	229.523	0.003	377421.571	323.296	0.007
1595257278.70907	229.542	0.003	377421.577	323.377	0.008
1595257278.70971	229.539	0.003	377421.570	323.296	0.008
1595257278.72069	229.500	0.003	377421.580	323.296	0.008
1595257278.76006	229.494	0.003	377421.583	323.296	0.008
1595257278.76071	229.565	0.003	377421.579	323.377	0.007
1595257278.78068	229.571	0.004	0.010	323.457	0.008
1595257278.81909	229.568	0.003	0.008	323.538	0.007
1595257278.82070	229.653	0.003	377421.553	323.618	0.008
1595257278.85883	229.701	0.003	377421.586	323.699	0.008
1595257278.86968	229.684	0.003	377421.578	323.538	0.007
1595257278.88108	229.638	0.003	0.009	323.538	0.007
1595257278.91910	229.615	0.003	377421.583	323.699	0.008
1595257278.92873	229.593	0.003	377421.563	323.538	0.007
1595257278.96576	229.574	0.003	377421.569	323.457	0.007
1595257278.97969	229.607	0.003	377421.579	323.538	0.007
1595257279.01709	229.566	0.003	377421.574	323.296	0.007
1595257279.01872	229.589	0.003	377421.581	323.296	0.007
1595257279.01981	229.562	0.004	377421.577	323.377	0.008
1595257279.05709	229.593	0.003	377421.571	323.377	0.008
1595257279.06973	229.519	0.004	377421.587	323.296	0.008
1595257279.08074	229.553	0.003	0.012	323.377	0.008
1595257279.12110	229.525	0.003	377421.585	323.457	0.007
1595257279.13510	229.590	0.003	0.002	323.377	0.008
1595257279.14173	229.580	0.003	0.000	323.538	0.007
1595257279.17981	229.620	0.003	377421.579	323.457	0.008
1595257279.18065	229.581	0.003	377421.592	323.377	0.008
1595257279.21908	229.592	0.003	377421.575	323.296	0.008
1595257279.23210	229.567	0.004	377421.584	323.296	0.008
1595257279.25109	229.489	0.003	377421.583	323.216	0.008
1595257279.26073	229.494	0.003	377421.573	323.216	0.008
1595257279.29888	229.483	0.003	377421.576	323.135	0.008
1595257279.30067	229.467	0.003	377421.565	323.135	0.007
1595257279.33911	229.444	0.004	377421.582	323.055	0.008
1595257279.33974	229.452	0.003	0.004	323.135	0.007
1595257279.36110	229.454	0.003	377421.571	323.135	0.009
1595257279.40009	229.472	0.003	0.014	323.135	0.007
1595257279.40072	229.489	0.003	377421.590	323.296	0.007
1595257279.42111	229.481	0.004	377421.591	323.216	0.007
1595257279.45876	229.503	0.003	377421.587	323.216	0.008
1595257279.46072	229.531	0.003	377421.583	323.296	0.007
1595257279.49888	229.523	0.003	377421.580	323.377	0.008
1595257279.50967	229.462	0.003	377421.591	323.296	0.007
1595257279.54710	229.482	0.003	377421.581	323.296	0.008
1595257279.54875	229.527	0.003	377421.581	323.135	0.008
1595257279.60111	229.519	0.003	377421.585	323.296	0.008
1595257279.60174	229.529	0.003	377421.590	323.296	0.007
1595257279.60371	229.525	0.003	377421.575	323.135	0.007
1595257279.64111	229.514	0.003	377421.580	323.135	0.007
1595257279.64876	229.498	0.003	377421.585	323.135	0.008
1595257279.67078	229.474	0.003	0.008	323.135	0.008
1595257279.71913	229.509	0.003	377421.572	323.216	0.007
1595257279.72410	229.499	0.003	0.031	323.135	0.008
1595257279.76111	229.516	0.003	377421.584	323.135	0.007
1595257279.76676	229.544	0.003	0.002	323.216	0.008
1595257279.80510	229.523	0.003	377421.566	323.296	0.008
1595257279.80575	229.435	0.003	377421.579	323.216	0.008
1595257279.84414	229.402	0.003	377421.554	323.135	0.007
1595257279.84577	229.370	0.003	377421.580	323.135	0.008
1595257279.88383	229.368	0.003	377421.583	323.055	0.008
1595257279.89577	229.411	0.003	377421.570	323.055	0.007
1595257279.93411	229.390	0.003	0.023	323.055	0.007
1595257279.93476	229.369	0.003	0.002	323.055	0.007
1595257279.93970	229.369	0.003	377421.585	322.974	0.008
1595257279.97673	229.396	0.003	0.003	322.894	0.007
1595257279.98030	229.396	0.003	0.000	322.813	0.007
1595257280.01571	229.395	0.003	377421.580	322.813	0.007
1595257280.02959	229.367	0.004	377421.588	322.974	0.008
1595257280.05556	229.389	0.003	377421.591	322.974	0.008
1595257280.05658	229.473	0.003	377421.554	322.894	0.008
1595257280.09514	229.600	0.003	0.003	323.135	0.007
1595257280.09575	229.642	0.004	377421.588	323.377	0.008
1595257280.13415	229.606	0.003	0.026	323.377	0.008
1595257280.14079	229.619	0.003	377421.557	323.377	0.008
1595257280.17878	229.588	0.003	377421.592	323.296	0.008
1595257280.21713	229.602	0.003	377421.579	323.377	0.008
1595257280.21974	229.614	0.003	377421.580	323.296	0.008
1595257280.22111	229.614	0.003	377421.571	323.377	0.008
1595257280.26591	229.700	0.003	377421.572	323.377	0.007
1595257280.30389	229.593	0.003	377421.568	323.296	0.007
1595257280.30470	229.580	0.003	377421.565	323.216	0.008
1595257280.34214	229.574	0.003	0.001	323.216	0.008
1595257280.35113	229.589	0.003	0.003	323.216	0.008
1595257280.36079	229.623	0.003	377421.554	323.135	0.008
1595257280.39881	229.606	0.003	377421.582	323.296	0.007
1595257280.39971	229.633	0.003	377421.580	323.457	0.007
1595257280.43714	229.627	0.003	377421.588	323.377	0.008
1595257280.44715	229.613	0.003	0.007	323.377	0.008
1595257280.47092	229.634	0.003	0.009	323.296	0.007
1595257280.48072	229.630	0.003	377421.590	323.457	0.007
1595257280.51872	229.572	0.003	377421.583	323.457	0.008
1595257280.52015	229.636	0.003	377421.582	323.296	0.007
1595257280.56114	229.619	0.003	377421.557	323.216	0.008
1595257280.57113	229.621	0.003	377421.558	323.296	0.008
1595257280.58078	229.582	0.003	377421.585	323.377	0.007
1595257280.61989	229.610	0.003	377421.572	323.296	0.008
1595257280.62670	229.601	0.003	377421.586	323.377	0.008
1595257280.66493	229.589	0.003	0.002	323.296	0.008
1595257280.66680	229.583	0.003	0.015	323.216	0.008
1595257280.67988	229.561	0.003	0.015	323.216	0.008
1595257280.71715	229.573	0.003	377421.576	323.296	0.007
1595257280.72977	229.578	0.003	377421.589	323.216	0.008
1595257280.74113	229.592	0.003	0.007	323.296	0.008
1595257280.77915	229.629	0.003	377421.571	323.457	0.008
1595257280.77979	229.620	0.003	0.005	323.377	0.008
1595257280.81677	229.643	0.003	0.022	323.538	0.008
1595257280.83716	229.622	0.003	377421.590	323.538	0.007
1595257280.84480	229.642	0.003	377421.551	323.457	0.007
1595257280.88194	229.618	0.003	377421.580	323.457	0.008
1595257280.92115	229.638	0.003	377421.586	323.457	0.007
1595257280.92180	229.652	0.003	0.001	323.296	0.008
1595257280.92375	229.627	0.003	377421.572	323.296	0.008
1595257280.96115	229.626	0.003	377421.585	323.296	0.007
1595257280.96180	229.607	0.004	377421.587	323.216	0.008
1595257281.00017	229.651	0.004	377421.565	323.377	0.008
1595257281.00079	229.639	0.003	377421.561	323.457	0.008
1595257281.03920	229.639	0.003	377421.587	323.618	0.007
1595257281.04080	229.646	0.004	377421.580	323.296	0.008
1595257281.08117	229.629	0.003	377421.560	323.296	0.008
1595257281.08180	229.635	0.003	0.001	323.457	0.007
1595257281.12116	229.635	0.003	377421.589	323.538	0.007
1595257281.13081	229.634	0.003	377421.575	323.457	0.007
1595257281.16919	229.606	0.003	377421.589	323.457	0.008
1595257281.16980	229.624	0.003	377421.573	323.538	0.007
1595257281.20717	229.683	0.003	377421.583	323.699	0.007
1595257281.20880	229.715	0.003	0.011	323.538	0.008
1595257281.21984	229.665	0.003	377421.556	323.457	0.008
1595257281.25717	229.670	0.003	377421.575	323.457	0.009
1595257281.25981	229.704	0.003	377421.576	323.538	0.008
1595257281.29720	229.668	0.003	377421.590	323.457	0.007
1595257281.33017	229.608	0.003	377421.571	323.377	0.007
1595257281.33081	229.666	0.003	377421.572	323.457	0.007
1595257281.34119	229.682	0.003	377421.578	323.538	0.007
1595257281.37918	229.681	0.003	377421.574	323.457	0.007
1595257281.38081	229.632	0.003	0.005	323.377	0.007
1595257281.41883	229.568	0.003	377421.568	323.377	0.008
1595257281.42580	229.503	0.004	377421.576	323.296	0.008
1595257281.46388	229.557	0.003	377421.590	323.377	0.008
1595257281.50817	229.606	0.003	377421.578	323.377	0.007
1595257281.51170	229.623	0.003	377421.566	323.457	0.007
1595257281.53189	229.684	0.003	0.018	323.699	0.007
1595257281.56976	229.644	0.003	0.004	323.538	0.007
1595257281.57064	229.634	0.003	377421.574	323.377	0.007
1595257281.58064	229.633	0.003	377421.588	323.457	0.008
1595257281.61864	229.681	0.003	377421.587	323.457	0.007
1595257281.63064	229.662	0.003	0.009	323.296	0.008
1595257281.64164	229.674	0.003	377421.589	323.296	0.008
1595257281.68022	229.689	0.003	377421.590	323.296	0.008
1595257281.70118	229.700	0.003	0.003	323.377	0.008
1595257281.73885	229.676	0.003	0.018	323.296	0.007
1595257281.73983	229.687	0.003	377421.582	323.457	0.007
1595257281.77719	229.673	0.003	0.010	323.377	0.008
1595257281.82619	229.702	0.003	377421.593	323.296	0.008
1595257281.82682	229.724	0.003	377421.580	323.457	0.008
1595257281.83017	229.778	0.003	377421.562	323.457	0.008
1595257281.87118	229.747	0.003	377421.582	323.377	0.007
1595257281.87184	229.738	0.003	377421.588	323.457	0.007
1595257281.88181	229.737	0.003	377421.581	323.457	0.007
1595257281.92117	229.730	0.003	377421.582	323.699	0.008
1595257281.92483	229.777	0.003	0.004	323.538	0.007
1595257281.96484	229.687	0.003	377421.567	323.538	0.008
1595257281.96592	229.682	0.003	377421.582	323.457	0.008
1595257281.98420	229.702	0.003	377421.577	323.377	0.007
1595257282.02318	229.741	0.003	377421.569	323.538	0.007
1595257282.02484	229.700	0.003	377421.571	323.457	0.008
1595257282.06181	229.589	0.003	377421.590	323.216	0.007
1595257282.06382	229.579	0.003	377421.577	323.216	0.007
1595257282.10124	229.545	0.003	377421.567	323.296	0.008
1595257282.12022	229.574	0.003	377421.583	323.377	0.007
1595257282.17220	229.590	0.003	0.000	323.457	0.008
1595257282.17582	229.609	0.003	377421.556	323.377	0.008
1595257282.18121	229.600	0.003	377421.577	323.296	0.007
1595257282.21920	229.619	0.003	377421.590	323.296	0.007
1595257282.21985	229.611	0.003	377421.591	323.216	0.007
1595257282.25882	229.625	0.003	0.014	323.377	0.008
1595257282.27200	229.645	0.003	0.013	323.377	0.007
1595257282.30990	229.653	0.003	377421.563	323.296	0.007
1595257282.31078	229.622	0.003	377421.571	323.216	0.007
1595257282.32121	229.620	0.004	377421.573	323.135	0.008
1595257282.35886	229.602	0.003	377421.568	323.135	0.007
1595257282.36189	229.624	0.003	377421.584	323.216	0.007
1595257282.40023	229.629	0.003	377421.593	323.296	0.008
1595257282.40887	229.636	0.004	377421.560	323.296	0.008
1595257282.44582	229.645	0.003	377421.585	323.296	0.007
1595257282.44720	229.639	0.003	377421.586	323.457	0.008
1595257282.48491	229.611	0.003	0.007	323.296	0.007
1595257282.50121	229.601	0.003	377421.582	323.296	0.008
1595257282.53887	229.615	0.003	377421.593	323.296	0.007
1595257282.54888	229.595	0.003	377421.575	323.296	0.007
1595257282.56087	229.611	0.003	377421.588	323.216	0.007
1595257282.60522	229.632	0.003	377421.577	323.296	0.008
1595257282.60586	229.635	0.003	377421.572	323.296	0.008
1595257282.64422	229.647	0.003	0.005	323.216	0.008
1595257282.68799	229.656	0.003	377421.585	323.216	0.007
1595257282.68980	229.622	0.003	377421.585	323.216	0.008
1595257282.70123	229.635	0.003	0.005	323.216	0.008
1595257282.73924	229.613	0.003	377421.571	323.296	0.008
1595257282.76022	229.608	0.004	0.004	323.216	0.008
1595257282.79684	229.616	0.004	377421.570	323.296	0.009
1595257282.81022	229.660	0.003	377421.593	323.296	0.008
1595257282.82087	229.591	0.003	377421.589	323.296	0.007
1595257282.85894	229.525	0.003	377421.567	323.135	0.007
1595257282.85978	229.512	0.003	377421.564	323.135	0.007
1595257282.89727	229.508	0.003	377421.588	323.055	0.008
1595257282.91222	229.496	0.003	0.028	323.135	0.007
1595257282.92089	229.607	0.003	377421.585	323.216	0.007
1595257282.95884	229.657	0.003	377421.590	323.216	0.008
1595257283.00628	229.616	0.003	377421.584	323.135	0.007
1595257283.00688	229.615	0.003	377421.592	323.135	0.008
1595257283.00883	229.612	0.003	377421.587	323.296	0.008
1595257283.04722	229.607	0.003	0.001	323.216	0.007
1595257283.04889	229.634	0.003	0.014	323.538	0.008
1595257283.05984	229.615	0.003	0.007	323.216	0.008
1595257283.08086	229.627	0.003	0.001	323.135	0.007
1595257283.11882	229.608	0.004	0.000	323.216	0.008
1595257283.12970	229.663	0.003	377421.575	323.216	0.008
1595257283.14125	229.673	0.003	377421.584	323.296	0.008
1595257283.17889	229.600	0.003	377421.586	323.216	0.007
1595257283.17988	229.620	0.004	377421.572	323.296	0.008
1595257283.21725	229.642	0.003	377421.573	323.296	0.008
1595257283.23025	229.633	0.003	377421.581	323.216	0.007
1595257283.23988	229.649	0.003	377421.584	323.296	0.007
1595257283.27702	229.669	0.003	0.011	323.296	0.008
1595257283.28982	229.671	0.003	377421.572	323.377	0.008
1595257283.30024	229.638	0.003	377421.585	323.216	0.008
1595257283.33724	229.694	0.003	377421.568	323.377	0.008
1595257283.33888	229.701	0.003	377421.576	323.377	0.007
1595257283.37586	229.703	0.003	377421.589	323.377	0.007
1595257283.42624	229.670	0.003	377421.557	323.377	0.007
1595257283.42690	229.683	0.003	377421.576	323.377	0.008
1595257283.42884	229.721	0.003	377421.585	323.457	0.008
1595257283.44024	229.661	0.003	377421.548	323.296	0.007
1595257283.47925	229.609	0.003	377421.592	323.296	0.007
1595257283.47990	229.586	0.004	377421.590	323.457	0.008
1595257283.51925	229.573	0.003	377421.592	323.216	0.008
1595257283.51989	229.617	0.004	377421.569	323.216	0.008
1595257283.55725	229.628	0.004	0.009	323.377	0.008
1595257283.55987	229.621	0.003	377421.555	323.377	0.007
1595257283.59723	229.639	0.003	377421.579	323.377	0.007
1595257283.61028	229.665	0.003	377421.559	323.296	0.007
1595257283.62090	229.647	0.003	377421.585	323.377	0.007
1595257283.65826	229.618	0.003	377421.577	323.377	0.007
1595257283.65988	229.591	0.003	0.004	323.135	0.008
1595257283.69685	229.630	0.003	377421.582	323.377	0.008
1595257283.71027	229.613	0.003	377421.583	323.296	0.007
1595257283.72025	229.608	0.004	0.013	323.216	0.008
1595257283.75726	229.626	0.003	377421.578	323.296	0.009
1595257283.80127	229.621	0.003	0.002	323.135	0.008
1595257283.80190	229.649	0.003	377421.573	323.296	0.007
1595257283.80286	229.643	0.003	377421.574	323.377	0.007
1595257283.84127	229.640	0.003	0.028	323.296	0.008
1595257283.84191	229.643	0.003	377421.565	323.296	0.008
1595257283.87989	229.610	0.004	377421.575	323.377	0.008
1595257283.88086	229.612	0.003	377421.587	323.377	0.007
1595257283.91827	229.619	0.003	377421.585	323.216	0.007
1595257283.93027	229.531	0.003	0.000	323.135	0.007
1595257283.96729	229.552	0.003	377421.560	323.216	0.007
1595257283.96889	229.551	0.003	0.000	323.135	0.008
1595257283.98305	229.538	0.003	0.003	323.216	0.008
1595257284.02088	229.601	0.003	377421.578	323.216	0.007
1595257284.03128	229.544	0.004	0.005	323.296	0.008
1595257284.04092	229.557	0.004	377421.581	323.135	0.007
1595257284.07795	229.519	0.003	377421.585	323.135	0.007
1595257284.08996	229.503	0.003	377421.577	323.135	0.008
1595257284.10094	229.509	0.004	377421.585	323.216	0.008
1595257284.13831	229.514	0.003	0.000	323.135	0.008
1595257284.14890	229.523	0.003	377421.577	323.216	0.008
1595257284.16101	229.538	0.003	0.026	323.216	0.007
1595257284.20027	229.545	0.003	377421.593	323.216	0.007
1595257284.21090	229.510	0.003	377421.589	323.216	0.009
1595257284.22101	229.576	0.003	377421.593	323.135	0.008
1595257284.25830	229.523	0.003	377421.591	323.216	0.008
1595257284.25993	229.550	0.003	377421.593	323.296	0.007
1595257284.29709	229.504	0.003	0.008	323.135	0.007
1595257284.31386	229.497	0.003	377421.586	323.296	0.007
1595257284.32229	229.572	0.003	377421.577	323.296	0.007
1595257284.36128	229.514	0.003	377421.587	323.216	0.007
1595257284.37091	229.306	1.408	40.637	323.135	17.596
1595257284.38108	229.455	1.279	67.034	323.216	14.151
1595257284.41833	229.499	0.075	1.386	323.296	0.156
1595257284.41992	229.517	0.045	0.692	323.135	0.080
1595257284.46029	229.527	0.027	0.480	323.377	0.056
1595257284.50630	229.506	0.017	0.334	323.296	0.038
1595257284.50694	229.498	0.011	0.288	323.296	0.029
1595257284.51589	229.468	0.007	0.204	322.974	0.023
1595257284.52327	229.532	0.006	0.214	323.216	0.024
1595257284.56134	229.484	0.005	0.139	323.216	0.021
1595257284.58130	229.522	0.004	0.168	323.296	0.019
1595257284.61794	229.529	0.004	0.146	323.377	0.016
1595257284.63129	229.499	0.004	0.152	323.216	0.014
1595257284.64098	229.521	0.004	0.080	323.377	0.014
1595257284.67788	229.474	0.004	0.132	323.055	0.016
1595257284.67976	229.464	0.004	0.074	323.296	0.011
1595257284.71676	229.473	0.004	0.058	323.296	0.010
1595257284.73176	229.524	0.004	0.101	323.296	0.010
1595257284.73957	229.539	0.003	0.051	323.135	0.008
1595257284.77676	229.476	0.004	0.069	323.216	0.012
1595257284.77775	229.528	0.004	0.089	323.296	0.010
1595257284.81576	229.565	0.004	0.096	323.296	0.010
1595257284.85524	229.461	0.030	2.124	323.135	0.213
1595257284.85696	229.503	0.009	0.669	323.296	0.056
1595257284.85792	229.499	0.008	0.598	323.216	0.040
1595257284.89597	229.530	0.008	0.530	323.296	0.038
1595257284.90831	229.494	0.008	0.564	323.296	0.038
1595257284.94696	229.438	0.008	0.569	323.216	0.039
1595257284.95129	229.456	0.008	0.578	323.296	0.041
1595257284.98815	229.462	0.007	0.516	322.974	0.043
1595257284.99092	229.498	0.007	0.528	323.296	0.036
1595257285.00131	229.455	0.007	0.506	323.135	0.040
1595257285.03796	229.485	0.006	0.450	323.216	0.033
1595257285.05008	229.499	0.006	0.423	323.216	0.031
1595257285.06198	229.446	0.007	0.478	323.135	0.043
1595257285.09995	229.450	0.008	0.584	323.135	0.043
1595257285.10896	229.442	0.009	0.645	323.135	0.045
1595257285.12133	229.458	0.008	0.652	323.055	0.041
1595257285.15832	229.442	0.008	0.650	323.135	0.043
1595257285.15997	229.414	0.008	0.616	323.055	0.047
1595257285.19733	229.456	0.008	0.592	323.135	0.049
1595257285.24631	229.472	0.007	0.557	323.055	0.035
1595257285.24698	229.451	0.007	0.535	322.974	0.043
1595257285.24791	229.440	0.007	0.545	322.974	0.036
1595257285.28634	229.541	0.008	0.571	323.216	0.040
1595257285.28697	229.500	0.008	0.609	323.296	0.046
1595257285.29993	229.452	0.008	0.648	323.377	0.043
1595257285.33733	229.568	0.008	0.658	323.216	0.040
1595257285.33796	229.590	0.009	0.656	323.216	0.043
1595257285.37633	229.622	0.008	0.663	323.296	0.044
1595257285.39001	229.598	0.008	0.584	323.296	0.045
1595257285.43213	229.562	0.007	0.565	323.377	0.040
1595257285.43595	229.577	0.007	0.531	323.135	0.032
1595257285.44633	229.525	0.009	0.679	323.135	0.044
1595257285.48316	229.527	0.009	0.657	323.055	0.044
1595257285.48691	229.505	0.009	0.685	323.135	0.046
1595257285.52536	229.512	0.009	0.706	322.894	0.048
1595257285.54034	229.565	0.010	0.756	323.296	0.049
1595257285.57734	229.550	0.009	0.708	323.135	0.047
1595257285.57796	229.594	0.009	0.750	323.216	0.051
1595257285.61595	229.585	0.009	0.746	323.296	0.045
1595257285.65534	229.572	0.010	0.752	323.377	0.048
1595257285.65595	229.610	0.009	0.701	323.377	0.046
1595257285.65694	229.610	0.009	0.720	323.296	0.045
1595257285.69635	229.687	0.009	0.723	323.457	0.046
1595257285.70500	229.630	0.009	0.673	323.457	0.045
1595257285.74196	229.639	0.010	0.757	323.457	0.049
1595257285.75405	229.622	0.009	0.728	323.377	0.048
1595257285.79237	229.668	0.009	0.705	323.457	0.047
1595257285.79395	229.646	0.009	0.729	323.457	0.046
1595257285.83334	229.666	0.010	0.793	323.377	0.052
1595257285.83498	229.729	0.010	0.801	323.457	0.052
1595257285.85036	229.752	0.010	0.798	323.457	0.048
1595257285.86134	229.735	0.010	0.743	323.457	0.049
1595257285.89838	229.733	0.010	0.806	323.457	0.057
1595257285.90936	229.686	0.010	0.791	323.538	0.049
1595257285.92099	229.711	0.010	0.796	323.457	0.058
1595257285.95833	229.682	0.008	0.612	323.377	0.043
1595257285.96997	229.752	0.008	0.586	323.538	0.043
1595257285.97991	229.703	0.008	0.575	323.457	0.043
1595257286.01712	229.760	0.008	0.525	323.538	0.039
1595257286.01791	229.752	0.008	0.536	323.618	0.043
1595257286.05593	229.764	0.009	0.701	323.618	0.043
1595257286.09835	229.743	0.008	0.641	323.699	0.046
1595257286.10003	229.723	0.008	0.646	323.538	0.044
1595257286.12036	229.725	0.010	0.765	323.457	0.051
1595257286.15700	229.725	0.010	0.726	323.377	0.051
1595257286.17000	229.760	0.010	0.758	323.538	0.047
1595257286.18035	229.744	0.010	0.759	323.457	0.050
1595257286.21736	229.758	0.010	0.788	323.538	0.056
1595257286.23135	229.751	0.010	0.770	323.538	0.054
1595257286.24099	229.780	0.010	0.781	323.618	0.048
1595257286.28648	229.788	0.010	0.787	323.618	0.049
1595257286.32295	229.767	0.010	0.772	323.779	0.047
1595257286.32483	229.760	0.010	0.807	323.618	0.049
1595257286.34118	229.797	0.010	0.789	323.779	0.055
1595257286.37818	229.753	0.010	0.764	323.618	0.051
1595257286.38018	229.776	0.009	0.669	323.618	0.047
1595257286.40320	229.787	0.008	0.593	323.779	0.040
1595257286.44236	229.713	0.009	0.659	323.457	0.047
1595257286.45199	229.745	0.009	0.702	323.618	0.045
1595257286.46245	229.708	0.009	0.692	323.538	0.045
1595257286.50040	229.751	0.009	0.708	323.457	0.043
1595257286.50101	229.709	0.009	0.660	323.457	0.048
1595257286.53837	229.729	0.009	0.736	323.538	0.047
1595257286.57736	229.741	0.009	0.694	323.457	0.045
1595257286.57800	229.725	0.009	0.754	323.457	0.051
1595257286.59036	229.714	0.013	1.044	323.618	0.067
1595257286.62702	229.749	0.012	0.966	323.538	0.068
1595257286.62807	229.725	0.008	0.616	323.699	0.041
1595257286.64001	229.802	0.010	0.802	323.779	0.052
1595257286.67703	229.727	0.011	0.849	323.457	0.058
1595257286.67795	229.721	0.011	0.927	323.618	0.061
1595257286.71636	229.746	0.011	0.880	323.699	0.060
1595257286.72801	229.706	0.011	0.875	323.618	0.056
1595257286.76613	229.703	0.011	0.858	323.457	0.059
1595257286.76694	229.703	0.011	0.900	323.618	0.054
1595257286.80538	229.757	0.011	0.877	323.538	0.052
1595257286.82238	229.726	0.010	0.784	323.457	0.051
1595257286.86037	229.701	0.011	0.937	323.377	0.062
1595257286.86904	229.677	0.011	0.829	323.457	0.059
1595257286.88098	229.741	0.011	0.880	323.538	0.056
1595257286.91839	229.738	0.011	0.874	323.377	0.052
1595257286.92001	229.675	0.011	0.861	323.296	0.055
1595257286.95700	229.710	0.011	0.916	323.538	0.061
1595257286.99639	229.680	0.011	0.888	323.457	0.058
1595257286.99702	229.687	0.011	0.912	323.377	0.056
1595257286.99798	229.715	0.011	0.921	323.457	0.055
1595257287.03639	229.645	0.011	0.882	323.457	0.059
1595257287.03702	229.669	0.011	0.886	323.377	0.055
1595257287.07638	229.671	0.011	0.894	323.457	0.057
1595257287.08804	229.632	0.011	0.881	323.457	0.057
1595257287.12643	229.704	0.011	0.865	323.377	0.059
1595257287.16640	229.704	0.009	0.712	323.457	0.044
1595257287.16703	229.671	0.009	0.681	323.377	0.043
1595257287.18000	229.649	0.009	0.698	323.377	0.043
1595257287.21739	229.695	0.009	0.704	323.457	0.046
1595257287.23039	229.682	0.009	0.666	323.296	0.046
1595257287.24004	229.674	0.009	0.679	323.377	0.043
1595257287.27704	229.712	0.009	0.696	323.377	0.045
1595257287.29241	229.734	0.009	0.683	323.457	0.044
1595257287.30340	229.722	0.009	0.714	323.377	0.046
1595257287.34140	229.723	0.009	0.687	323.457	0.048
1595257287.36039	229.683	0.009	0.690	323.538	0.043
1595257287.37305	229.694	0.009	0.691	323.457	0.044
1595257287.41100	229.654	0.009	0.660	323.538	0.045
1595257287.41217	229.691	0.009	0.654	323.377	0.048
1595257287.42205	229.682	0.008	0.677	323.538	0.045
1595257287.46012	229.666	0.008	0.654	323.216	0.047
1595257287.46095	229.614	0.009	0.671	323.296	0.045
1595257287.49842	229.449	0.008	0.611	322.974	0.040
1595257287.53741	229.378	0.008	0.672	322.894	0.044
1595257287.53804	229.409	0.008	0.639	322.813	0.041
1595257287.54800	229.427	0.009	0.704	322.974	0.044
1595257287.56040	229.453	0.009	0.688	322.974	0.044
1595257287.59705	229.425	0.009	0.684	323.055	0.040
1595257287.61240	229.440	0.009	0.694	323.055	0.047
1595257287.62104	229.447	0.009	0.708	323.135	0.051
1595257287.65842	229.419	0.009	0.715	323.135	0.041
1595257287.70542	229.398	0.009	0.667	323.055	0.043
1595257287.70705	229.393	0.009	0.695	323.296	0.044
1595257287.71939	229.407	0.009	0.662	323.135	0.046
1595257287.73004	229.397	0.009	0.697	323.216	0.046
1595257287.74117	229.442	0.009	0.681	323.055	0.049
1595257287.78340	229.427	0.009	0.658	323.135	0.045
1595257287.78501	229.411	0.009	0.683	323.055	0.044
1595257287.82241	229.418	0.009	0.681	323.055	0.047
1595257287.86016	229.399	0.009	0.680	323.055	0.047
1595257287.86257	229.346	0.008	0.624	323.055	0.046
1595257287.87146	229.332	0.009	0.685	323.055	0.041
1595257287.88306	229.288	0.008	0.632	322.894	0.049
1595257287.92143	229.343	0.009	0.712	323.055	0.049
1595257287.94142	229.404	0.009	0.741	323.055	0.049
1595257287.97802	229.405	0.009	0.710	323.055	0.048
1595257287.98888	229.378	0.009	0.634	323.216	0.048
1595257288.00088	229.378	0.009	0.690	323.135	0.047
1595257288.03988	229.352	0.009	0.665	322.974	0.041
1595257288.05288	229.340	0.009	0.650	322.974	0.048
1595257288.06088	229.373	0.009	0.707	323.296	0.046
1595257288.09813	229.354	0.009	0.699	323.135	0.043
1595257288.10801	229.378	0.009	0.668	322.974	0.050
1595257288.12145	229.372	0.009	0.666	322.974	0.043
1595257288.15844	229.349	0.009	0.654	322.974	0.047
1595257288.16007	229.361	0.009	0.678	323.135	0.041
1595257288.19841	229.337	0.009	0.669	322.974	0.045
1595257288.21743	229.350	0.009	0.678	322.894	0.044
1595257288.22642	229.408	0.009	0.673	323.055	0.045
1595257288.26322	229.419	0.009	0.670	322.974	0.044
1595257288.26599	229.418	0.009	0.685	323.135	0.045
1595257288.30317	229.421	0.009	0.697	323.377	0.046
1595257288.34244	229.415	0.009	0.688	323.135	0.045
1595257288.34505	229.438	0.009	0.697	323.135	0.047
1595257288.35148	229.485	0.009	0.716	323.216	0.048
1595257288.36309	229.472	0.009	0.685	323.216	0.048
1595257288.40144	229.430	0.009	0.660	323.296	0.044
1595257288.42308	229.423	0.009	0.682	323.216	0.046
1595257288.46145	229.410	0.009	0.649	323.135	0.043
1595257288.47004	229.366	0.008	0.640	323.055	0.040
1595257288.48144	229.364	0.009	0.668	322.974	0.044
1595257288.51809	229.323	0.009	0.670	323.135	0.048
1595257288.52016	229.394	0.009	0.652	322.894	0.044
1595257288.55745	229.360	0.009	0.689	322.974	0.045
1595257288.57007	229.382	0.009	0.695	322.974	0.045
1595257288.58042	229.370	0.009	0.637	323.055	0.045
1595257288.61713	229.383	0.009	0.697	322.894	0.044
1595257288.62912	229.388	0.009	0.676	322.894	0.047
1595257288.64045	229.385	0.009	0.690	322.894	0.048
1595257288.68224	229.390	0.009	0.730	323.135	0.045
1595257288.68301	229.365	0.009	0.660	323.135	0.044
1595257288.72146	229.401	0.009	0.712	323.135	0.045
1595257288.76144	229.387	0.009	0.663	323.216	0.041
1595257288.76209	229.427	0.009	0.681	323.135	0.045
1595257288.76305	229.442	0.009	0.677	323.216	0.044
1595257288.80145	229.413	0.009	0.690	323.135	0.045
1595257288.80208	229.431	0.009	0.682	323.135	0.049
1595257288.84044	229.415	0.008	0.663	323.135	0.046
1595257288.84709	229.453	0.009	0.699	323.216	0.047
1595257288.88550	229.476	0.009	0.696	323.216	0.048
1595257288.93345	229.459	0.009	0.681	323.135	0.041
1595257288.93509	229.418	0.009	0.704	323.135	0.044
1595257288.97952	229.406	0.009	0.652	323.216	0.047
1595257288.98110	229.401	0.009	0.677	323.135	0.045
1595257288.99155	229.394	0.009	0.700	323.216	0.048
1595257289.00111	229.408	0.009	0.691	323.377	0.046
1595257289.03808	229.434	0.009	0.674	323.216	0.041
1595257289.05046	229.417	0.009	0.668	323.135	0.048
1595257289.06010	229.365	0.010	0.758	323.055	0.046
1595257289.09724	229.373	0.011	0.893	323.135	0.056
1595257289.10917	229.375	0.011	0.870	323.055	0.056
1595257289.12009	229.367	0.011	0.856	323.055	0.055
1595257289.16146	229.383	0.011	0.867	323.135	0.056
1595257289.16210	229.388	0.011	0.886	323.055	0.054
1595257289.20008	229.401	0.011	0.872	323.055	0.056
1595257289.21847	229.394	0.011	0.893	322.974	0.052
1595257289.22711	229.438	0.011	0.933	323.055	0.057
1595257289.26524	229.430	0.011	0.894	323.135	0.055
1595257289.26704	229.450	0.011	0.860	323.135	0.058
1595257289.30553	229.443	0.011	0.888	323.296	0.057
1595257289.32413	229.456	0.011	0.847	323.135	0.055
1595257289.36358	229.466	0.011	0.869	323.296	0.061
1595257289.36609	229.473	0.011	0.894	323.216	0.060
1595257289.40356	229.453	0.011	0.841	323.216	0.056
1595257289.40513	229.474	0.011	0.862	323.377	0.056
1595257289.44209	229.472	0.010	0.815	323.296	0.059
1595257289.44353	229.473	0.010	0.749	323.135	0.051
1595257289.48127	229.465	0.010	0.786	323.216	0.055
1595257289.48203	229.424	0.010	0.758	323.296	0.054
1595257289.52051	229.343	0.010	0.752	323.135	0.049
1595257289.54246	229.390	0.010	0.819	323.135	0.057
1595257289.58051	229.422	0.010	0.838	323.135	0.055
1595257289.60147	229.379	0.010	0.797	323.135	0.049
1595257289.64357	229.377	0.010	0.787	322.974	0.052
1595257289.65010	229.360	0.010	0.792	323.055	0.048
1595257289.66048	229.348	0.010	0.803	323.216	0.054
1595257289.69709	229.389	0.010	0.799	323.135	0.048
1595257289.69794	229.362	0.010	0.776	322.974	0.049
1595257289.73633	229.374	0.010	0.772	322.894	0.054
1595257289.76022	229.345	0.010	0.815	322.894	0.051
1595257289.76709	229.371	0.010	0.795	323.055	0.051
1595257289.81631	229.329	0.010	0.789	322.974	0.049
1595257289.81730	229.344	0.010	0.823	323.216	0.052
1595257289.81829	229.354	0.010	0.784	322.974	0.057
1595257289.85631	229.351	0.010	0.811	322.974	0.052
1595257289.86832	229.374	0.010	0.805	322.974	0.051
1595257289.88130	229.358	0.010	0.826	323.055	0.049
1595257289.91831	229.393	0.010	0.784	322.974	0.048
1595257289.92049	229.339	0.010	0.799	322.974	0.048
1595257289.95849	229.369	0.010	0.814	322.974	0.051
1595257289.99750	229.374	0.010	0.772	322.974	0.052
1595257289.99814	229.371	0.010	0.810	322.974	0.046
1595257290.01156	229.389	0.010	0.794	322.974	0.051
1595257290.02315	229.360	0.010	0.810	322.974	0.048
1595257290.06152	229.402	0.010	0.799	323.055	0.055
1595257290.07254	229.343	0.010	0.789	322.974	0.052
1595257290.08315	229.371	0.010	0.769	323.055	0.050
1595257290.12250	229.352	0.010	0.808	322.894	0.049
1595257290.13113	229.345	0.010	0.798	322.974	0.050
1595257290.14223	229.392	0.010	0.809	322.894	0.051
1595257290.18049	229.376	0.010	0.819	323.055	0.051
1595257290.18114	229.394	0.010	0.819	323.055	0.051
1595257290.21850	229.371	0.010	0.796	322.974	0.049
1595257290.23013	229.363	0.010	0.786	323.055	0.050
1595257290.25557	229.355	0.010	0.781	322.974	0.050
1595257290.29521	229.470	0.010	0.826	323.055	0.052
1595257290.30513	229.387	0.011	0.900	323.135	0.063
1595257290.34252	229.423	0.013	1.099	322.974	0.067
1595257290.34715	229.445	0.013	1.079	323.216	0.070
1595257290.38553	229.408	0.015	1.311	322.974	0.087
1595257290.42552	229.433	0.012	1.013	323.135	0.061
1595257290.42851	229.465	0.012	0.948	323.055	0.063
1595257290.44015	229.400	0.012	0.965	322.974	0.063
1595257290.47727	229.450	0.012	0.989	322.974	0.058
1595257290.49158	229.465	0.011	0.820	323.055	0.062
1595257290.50254	229.402	0.009	0.708	322.974	0.047
1595257290.54019	229.439	0.009	0.749	323.055	0.046
1595257290.54912	229.454	0.009	0.733	323.055	0.048
1595257290.56151	229.477	0.009	0.731	323.055	0.045
1595257290.59852	229.456	0.009	0.721	323.216	0.046
1595257290.60017	229.454	0.009	0.717	323.135	0.047
1595257290.63752	229.436	0.011	0.893	322.974	0.056
1595257290.68855	229.429	0.012	1.016	322.974	0.060
1595257290.69017	229.475	0.011	0.917	323.055	0.058
1595257290.70055	229.491	0.012	0.925	323.135	0.059
1595257290.73717	229.468	0.011	0.947	323.135	0.059
1595257290.75119	229.519	0.012	0.977	323.135	0.062
1595257290.76120	229.474	0.012	0.967	322.974	0.066
1595257290.79852	229.444	0.012	0.997	323.135	0.059
1595257290.80951	229.476	0.012	0.963	323.135	0.061
1595257290.82119	229.530	0.012	0.961	323.216	0.061
1595257290.85814	229.571	0.011	0.913	323.216	0.059
1595257290.86932	229.541	0.012	1.002	323.135	0.062
1595257290.88110	229.566	0.013	1.042	323.216	0.062
1595257290.91853	229.538	0.013	1.041	323.135	0.064
1595257290.92017	229.534	0.012	0.993	323.296	0.063
1595257290.95754	229.540	0.012	1.039	323.216	0.060
1595257291.00054	229.559	0.012	1.015	323.216	0.062
1595257291.00217	229.572	0.013	1.075	323.216	0.063
1595257291.00314	229.559	0.012	0.912	323.296	0.059
1595257291.04363	229.572	0.010	0.765	323.216	0.049
1595257291.04518	229.566	0.009	0.726	323.055	0.055
1595257291.08220	229.526	0.009	0.755	323.055	0.045
1595257291.08318	229.543	0.010	0.752	323.216	0.050
1595257291.12155	229.492	0.009	0.719	323.135	0.049
1595257291.13053	229.549	0.009	0.741	323.055	0.047
1595257291.16853	229.563	0.009	0.747	323.296	0.052
1595257291.17018	229.553	0.009	0.734	323.216	0.050
1595257291.18015	229.551	0.009	0.745	323.216	0.047
1595257291.21754	229.549	0.009	0.727	323.296	0.047
1595257291.22954	229.544	0.009	0.732	323.216	0.048
1595257291.24020	229.505	0.010	0.754	323.296	0.051
1595257291.27719	229.522	0.010	0.842	323.296	0.057
1595257291.28955	229.524	0.009	0.707	323.296	0.050
1595257291.30120	229.536	0.009	0.742	323.216	0.048
1595257291.33854	229.542	0.009	0.734	323.216	0.054
1595257291.35016	229.564	0.009	0.761	323.216	0.048
1595257291.36122	229.578	0.009	0.761	323.216	0.049
1595257291.39818	229.500	0.009	0.703	323.135	0.047
1595257291.40000	229.547	0.009	0.723	323.135	0.050
1595257291.43700	229.476	0.009	0.705	323.135	0.044
1595257291.48426	229.449	0.009	0.715	323.135	0.051
1595257291.48612	229.500	0.010	0.802	323.135	0.052
1595257291.49216	229.481	0.012	1.029	323.216	0.063
1595257291.53356	229.474	0.012	0.995	323.135	0.064
1595257291.53521	229.451	0.013	1.070	323.216	0.064
1595257291.57654	229.502	0.012	1.035	323.216	0.069
1595257291.58621	229.419	0.013	1.119	323.216	0.071
1595257291.62554	229.447	0.012	1.004	323.296	0.062
1595257291.62621	229.427	0.011	0.876	323.055	0.061
1595257291.66333	229.440	0.011	0.892	323.135	0.056
1595257291.66521	229.429	0.011	0.856	323.216	0.055
1595257291.70365	229.460	0.011	0.864	323.055	0.054
1595257291.70759	229.449	0.011	0.866	323.296	0.055
1595257291.72020	229.459	0.011	0.852	322.974	0.052
1595257291.75731	229.483	0.011	0.898	323.135	0.055
1595257291.76914	229.432	0.011	0.825	323.216	0.054
1595257291.78057	229.463	0.011	0.878	323.055	0.056
1595257291.81761	229.471	0.011	0.880	323.296	0.055
1595257291.83254	229.492	0.011	0.858	323.216	0.055
1595257291.84020	229.413	0.011	0.862	323.216	0.058
1595257291.88763	229.473	0.011	0.911	323.216	0.054
1595257291.90761	229.448	0.011	0.824	323.216	0.052
1595257291.91563	229.462	0.011	0.888	323.296	0.055
1595257291.92855	229.433	0.010	0.860	323.135	0.059
1595257291.96657	229.414	0.011	0.837	323.055	0.050
1595257291.96720	229.434	0.010	0.857	323.055	0.058
1595257291.98018	229.421	0.011	0.855	323.135	0.056
1595257292.01755	229.432	0.011	0.861	322.974	0.054
1595257292.02920	229.416	0.011	0.854	323.055	0.056
1595257292.04036	229.346	0.010	0.838	322.813	0.055
1595257292.07734	229.393	0.011	0.862	322.894	0.054
1595257292.09034	229.378	0.011	0.877	323.055	0.056
1595257292.10129	229.397	0.011	0.857	323.135	0.055
1595257292.13858	229.423	0.011	0.863	323.055	0.056
1595257292.14920	229.418	0.011	0.884	323.135	0.059
1595257292.16037	229.394	0.011	0.871	323.135	0.060
1595257292.19759	229.364	0.011	0.880	323.296	0.055
1595257292.19822	229.350	0.011	0.860	323.055	0.055
1595257292.23658	229.367	0.011	0.847	323.055	0.055
1595257292.25820	229.391	0.011	0.865	323.135	0.051
1595257292.26734	229.408	0.011	0.882	323.216	0.054
1595257292.30419	229.439	0.011	0.871	323.296	0.054
1595257292.34959	229.386	0.011	0.865	323.216	0.054
1595257292.35219	229.424	0.011	0.876	323.135	0.058
1595257292.36559	229.389	0.011	0.862	323.216	0.051
1595257292.40222	229.404	0.011	0.847	323.135	0.052
1595257292.40957	229.385	0.011	0.885	323.216	0.054
1595257292.42235	229.421	0.011	0.892	323.216	0.059
1595257292.46059	229.444	0.011	0.833	323.135	0.055
1595257292.48158	229.481	0.011	0.824	323.377	0.054
1595257292.51823	229.404	0.011	0.824	323.216	0.056
1595257292.52032	229.468	0.011	0.824	323.296	0.054
1595257292.55760	229.457	0.011	0.828	323.216	0.060
1595257292.60258	229.467	0.011	0.866	323.296	0.056
1595257292.60323	229.462	0.011	0.934	323.457	0.060
1595257292.64158	229.474	0.011	0.900	323.216	0.063
1595257292.64223	229.463	0.009	0.704	323.216	0.051
1595257292.67920	229.441	0.009	0.735	323.135	0.052
1595257292.68136	229.425	0.011	0.868	323.055	0.056
1595257292.71816	229.381	0.011	0.949	323.055	0.056
1595257292.73259	229.435	0.012	1.020	323.055	0.066
1595257292.76961	229.449	0.014	1.186	323.135	0.074
1595257292.77123	229.451	0.014	1.216	323.055	0.074
1595257292.78121	229.473	0.016	1.313	323.135	0.085
1595257292.80660	229.485	0.014	1.190	323.216	0.073
1595257292.84365	229.463	0.015	1.312	323.216	0.083
1595257292.84423	229.414	0.015	1.272	323.216	0.076
1595257292.88238	229.431	0.014	1.117	323.135	0.080
1595257292.89226	229.435	0.014	1.208	323.216	0.079
1595257292.90135	229.394	0.015	1.230	323.135	0.078
1595257292.93816	229.414	0.015	1.296	323.135	0.079
1595257292.95306	229.465	0.015	1.298	323.135	0.081
1595257292.96205	229.452	0.015	1.308	323.216	0.084
1595257293.00007	229.424	0.016	1.320	323.135	0.084
1595257293.01232	229.432	0.016	1.352	323.135	0.081
1595257293.04919	229.416	0.016	1.322	323.055	0.084
1595257293.05806	229.394	0.016	1.347	323.055	0.079
1595257293.06630	229.411	0.015	1.294	322.974	0.082
1595257293.10337	229.388	0.015	1.247	323.055	0.081
1595257293.14262	229.426	0.016	1.312	322.974	0.082
1595257293.14325	229.414	0.016	1.307	323.135	0.079
1595257293.14923	229.419	0.016	1.346	323.216	0.081
1595257293.18765	229.416	0.015	1.284	323.216	0.076
1595257293.18825	229.401	0.015	1.298	323.296	0.076
1595257293.19923	229.403	0.016	1.310	323.216	0.080
1595257293.23721	229.407	0.018	1.568	323.216	0.102
1595257293.23859	229.420	0.017	1.472	323.135	0.085
1595257293.27640	229.433	0.017	1.443	323.135	0.090
1595257293.28818	229.478	0.017	1.463	323.296	0.086
1595257293.32861	229.481	0.017	1.471	323.296	0.088
1595257293.37568	229.551	0.017	1.470	323.216	0.088
1595257293.38664	229.526	0.017	1.436	323.216	0.092
1595257293.42369	229.560	0.017	1.467	323.377	0.087
1595257293.43969	229.598	0.017	1.484	323.457	0.091
1595257293.44862	229.676	0.017	1.436	323.457	0.085
1595257293.49762	229.575	0.017	1.445	323.377	0.087
1595257293.49826	229.548	0.017	1.410	323.296	0.092
1595257293.50023	229.550	0.018	1.531	323.457	0.094
1595257293.53764	229.600	0.018	1.502	323.377	0.091
1595257293.54727	229.654	0.017	1.485	323.457	0.085
1595257293.58462	229.640	0.017	1.425	323.457	0.090
1595257293.58631	229.627	0.016	1.437	323.377	0.088
1595257293.62563	229.599	0.017	1.414	323.538	0.090
1595257293.63968	229.556	0.019	1.573	323.377	0.098
1595257293.67738	229.567	0.019	1.630	323.377	0.103
1595257293.68962	229.559	0.019	1.638	323.377	0.102
1595257293.70129	229.572	0.020	1.718	323.377	0.108
1595257293.73823	229.638	0.019	1.701	323.377	0.097
1595257293.77665	229.581	0.019	1.653	323.377	0.096
1595257293.77727	229.602	0.019	1.639	323.377	0.105
1595257293.78965	229.634	0.019	1.691	323.538	0.099
1595257293.82729	229.655	0.019	1.654	323.538	0.099
1595257293.82833	229.567	0.019	1.605	323.377	0.102
1595257293.83922	229.617	0.019	1.652	323.538	0.102
1595257293.87741	229.643	0.019	1.669	323.538	0.100
1595257293.87822	229.586	0.018	1.574	323.457	0.100
1595257293.91968	229.550	0.019	1.644	323.457	0.102
1595257293.92631	229.528	0.019	1.654	323.296	0.099
1595257293.96368	229.502	0.020	1.671	323.216	0.104
1595257293.96428	229.527	0.019	1.658	323.216	0.102
1595257294.00268	229.551	0.019	1.678	323.296	0.106
1595257294.01970	229.584	0.020	1.721	323.377	0.105
1595257294.05731	229.550	0.020	1.679	323.296	0.103
1595257294.07973	229.495	0.019	1.574	323.216	0.107
1595257294.08231	229.510	0.020	1.707	323.377	0.108
1595257294.11931	229.514	0.020	1.691	323.135	0.105
1595257294.12130	229.516	0.020	1.710	323.296	0.098
1595257294.15865	229.520	0.020	1.742	323.377	0.108
1595257294.20467	229.536	0.027	2.314	323.377	0.153
1595257294.20629	229.561	0.028	2.451	323.457	0.144
1595257294.24327	229.510	0.028	2.528	323.457	0.151
1595257294.24464	229.561	0.028	2.479	323.377	0.146
1595257294.28266	229.547	0.028	2.398	323.457	0.142
1595257294.28329	229.556	0.027	2.331	323.377	0.144
1595257294.32127	229.539	0.027	2.343	323.377	0.138
1595257294.35975	229.550	0.028	2.447	323.216	0.147
1595257294.36130	229.543	0.023	1.974	323.135	0.123
1595257294.36225	229.476	0.020	1.760	323.296	0.104
1595257294.39970	229.522	0.021	1.821	323.296	0.112
1595257294.40130	229.506	0.020	1.726	323.135	0.103
1595257294.43870	229.510	0.021	1.795	323.216	0.109
1595257294.43931	229.489	0.021	1.770	323.216	0.104
1595257294.47969	229.497	0.020	1.682	323.216	0.107
1595257294.49065	229.491	0.019	1.677	323.216	0.100
1595257294.52865	229.444	0.020	1.686	323.296	0.102
1595257294.52930	229.528	0.020	1.727	323.457	0.100
1595257294.56729	229.543	0.020	1.682	323.377	0.103
1595257294.56865	229.632	0.020	1.710	323.538	0.105
1595257294.57932	229.653	0.020	1.688	323.618	0.105
1595257294.61769	229.608	0.020	1.700	323.377	0.102
1595257294.61831	229.666	0.020	1.661	323.377	0.105
1595257294.65667	229.619	0.019	1.674	323.377	0.099
1595257294.65730	229.629	0.019	1.669	323.457	0.103
1595257294.69469	229.601	0.019	1.674	323.377	0.103
1595257294.73369	229.581	0.019	1.650	323.296	0.102
1595257294.73488	229.614	0.020	1.700	323.457	0.102
1595257294.77326	229.574	0.020	1.714	323.457	0.104
1595257294.77412	229.590	0.019	1.653	323.538	0.099
1595257294.78630	229.576	0.020	1.727	323.457	0.099
1595257294.82318	229.598	0.019	1.666	323.457	0.098
1595257294.82437	229.609	0.020	1.701	323.538	0.099
1595257294.86233	229.628	0.020	1.687	323.538	0.104
1595257294.87313	229.608	0.020	1.643	323.457	0.104
1595257294.91113	229.569	0.019	1.688	323.538	0.100
1595257294.91312	229.619	0.019	1.691	323.618	0.100
1595257294.92314	229.588	0.019	1.642	323.457	0.102
1595257294.96413	229.574	0.019	1.691	323.457	0.106
1595257294.97313	229.562	0.019	1.667	323.296	0.104
1595257294.98113	229.551	0.019	1.680	323.296	0.099
1595257295.01813	229.564	0.020	1.713	323.296	0.103
1595257295.02908	229.552	0.020	1.677	323.457	0.104
1595257295.03914	229.559	0.020	1.680	323.296	0.105
1595257295.07813	229.496	0.019	1.685	323.296	0.100
1595257295.09213	229.504	0.020	1.697	323.296	0.103
1595257295.10215	229.492	0.020	1.682	323.216	0.102
1595257295.13915	229.491	0.020	1.652	323.135	0.106
1595257295.14113	229.517	0.019	1.640	323.296	0.105
1595257295.17814	229.529	0.019	1.614	323.377	0.102
1595257295.21615	229.503	0.020	1.741	323.296	0.108
1595257295.21813	229.501	0.021	1.811	323.216	0.106
1595257295.22911	229.543	0.022	1.890	323.296	0.114
1595257295.23912	229.519	0.022	1.888	323.296	0.118
1595257295.27772	229.552	0.022	1.887	323.296	0.111
1595257295.29952	229.563	0.027	2.332	323.296	0.143
1595257295.33770	229.565	0.028	2.481	323.216	0.145
1595257295.35832	229.542	0.027	2.356	323.296	0.141
1595257295.35972	229.587	0.024	2.145	323.457	0.124
1595257295.40269	229.554	0.028	2.434	323.216	0.153
1595257295.41270	229.538	0.030	2.679	323.216	0.156
1595257295.42233	229.531	0.027	2.390	323.135	0.147
1595257295.45975	229.547	0.030	2.654	323.216	0.158
1595257295.46116	229.580	0.030	2.663	323.216	0.155
1595257295.49873	229.560	0.030	2.704	323.216	0.152
1595257295.54571	229.526	0.030	2.703	323.296	0.158
1595257295.54733	229.606	0.030	2.664	323.296	0.156
1595257295.54929	229.571	0.030	2.657	323.135	0.152
1595257295.58729	229.521	0.030	2.678	323.216	0.153
1595257295.58823	229.467	0.029	2.631	323.216	0.154
1595257295.60170	229.505	0.030	2.637	323.296	0.158
1595257295.63872	229.504	0.030	2.635	323.135	0.150
1595257295.67636	229.482	0.029	2.492	323.135	0.146
1595257295.67736	229.491	0.029	2.562	323.135	0.152
1595257295.68934	229.493	0.029	2.524	323.135	0.150
1595257295.72775	229.486	0.030	2.747	323.135	0.161
1595257295.72835	229.488	0.030	2.702	323.135	0.148
1595257295.76671	229.488	0.029	2.571	323.135	0.147
1595257295.77975	229.523	0.027	2.398	323.055	0.139
1595257295.81771	229.515	0.027	2.327	323.135	0.141
1595257295.81834	229.577	0.026	2.318	323.377	0.134
1595257295.85673	229.587	0.027	2.388	323.296	0.140
1595257295.87349	229.585	0.026	2.301	323.296	0.133
1595257295.88137	229.581	0.026	2.265	323.377	0.133
1595257295.91871	229.577	0.027	2.416	323.296	0.142
1595257295.92934	229.551	0.028	2.437	323.216	0.142
1595257295.93976	229.606	0.028	2.427	323.296	0.144
1595257295.97738	229.566	0.027	2.412	323.216	0.144
1595257295.97831	229.587	0.029	2.592	323.296	0.151
1595257296.01673	229.601	0.027	2.390	323.296	0.146
1595257296.05576	229.584	0.025	2.112	323.216	0.129
1595257296.06237	229.552	0.024	2.066	323.055	0.129
1595257296.09978	229.679	0.024	2.113	323.296	0.118
1595257296.10136	229.670	0.024	2.066	323.216	0.121
1595257296.13872	229.702	0.025	2.181	323.296	0.131
1595257296.14339	229.749	0.025	2.162	323.457	0.130
1595257296.18173	229.746	0.023	1.994	323.457	0.127
1595257296.21952	229.772	0.026	2.283	323.538	0.141
1595257296.22127	229.735	0.029	2.588	323.377	0.152
1595257296.22239	229.698	0.027	2.348	323.457	0.143
1595257296.25951	229.693	0.026	2.342	323.377	0.136
1595257296.26730	229.641	0.025	2.182	323.216	0.134
1595257296.30433	229.641	0.022	1.921	323.216	0.117
1595257296.30671	229.591	0.023	1.930	323.135	0.134
1595257296.34377	229.604	0.026	2.205	323.135	0.138
1595257296.36334	229.632	0.024	2.126	323.216	0.130
1595257296.40173	229.604	0.022	1.874	323.216	0.112
1595257296.40240	229.585	0.022	1.881	323.135	0.114
1595257296.41331	229.563	0.022	1.868	323.216	0.116
1595257296.42347	229.552	0.023	2.000	323.135	0.123
1595257296.46131	229.575	0.023	2.029	323.135	0.121
1595257296.46216	229.555	0.022	1.923	322.974	0.118
1595257296.49919	229.576	0.022	1.894	323.135	0.110
1595257296.54220	229.526	0.022	1.801	323.055	0.110
1595257296.54318	229.550	0.022	1.900	323.135	0.114
1595257296.54419	229.520	0.022	1.881	323.055	0.111
1595257296.58220	229.505	0.022	1.916	323.055	0.116
1595257296.58319	229.524	0.022	1.876	323.296	0.111
1595257296.62919	229.549	0.022	1.870	323.055	0.119
1595257296.63120	229.527	0.022	1.896	323.135	0.112
1595257296.64220	229.563	0.026	2.314	323.135	0.145
1595257296.67949	229.529	0.029	2.599	323.135	0.152
1595257296.68832	229.522	0.028	2.578	323.055	0.146
1595257296.72678	229.504	0.029	2.551	322.974	0.147
1595257296.73979	229.506	0.028	2.508	323.135	0.145
1595257296.77739	229.530	0.028	2.540	322.974	0.145
1595257296.77847	229.563	0.028	2.533	323.216	0.142
1595257296.81632	229.539	0.028	2.510	323.135	0.145
1595257296.83177	229.545	0.027	2.452	323.055	0.140
1595257296.84141	229.520	0.028	2.457	323.135	0.144
1595257296.87843	229.541	0.028	2.525	323.135	0.147
1595257296.89186	229.464	0.028	2.500	322.974	0.147
1595257296.90276	229.511	0.030	2.651	323.055	0.157
1595257296.93982	229.446	0.030	2.649	323.055	0.154
1595257296.95038	229.484	0.030	2.635	323.055	0.153
1595257296.96154	229.497	0.029	2.648	322.974	0.151
1595257296.99874	229.510	0.029	2.620	322.894	0.154
1595257297.01138	229.544	0.029	2.630	323.055	0.147
1595257297.02146	229.522	0.030	2.651	322.974	0.154
1595257297.05877	229.526	0.031	2.785	322.974	0.156
1595257297.05940	229.571	0.030	2.763	323.135	0.156
1595257297.09738	229.546	0.031	2.794	323.055	0.159
1595257297.11375	229.566	0.030	2.746	322.894	0.155
1595257297.15179	229.581	0.030	2.697	323.055	0.151
1595257297.15743	229.617	0.031	2.789	323.135	0.161
1595257297.16938	229.567	0.030	2.644	323.216	0.158
1595257297.20781	229.562	0.030	2.746	323.055	0.154
1595257297.20936	229.554	0.030	2.701	323.055	0.151
1595257297.22175	229.588	0.031	2.761	322.974	0.156
1595257297.25878	229.567	0.032	2.753	323.055	0.169
1595257297.26940	229.622	0.031	2.822	323.055	0.156
1595257297.28178	229.564	0.031	2.836	323.216	0.156
1595257297.31843	229.553	0.031	2.731	323.216	0.156
1595257297.33137	229.569	0.030	2.638	323.216	0.153
1595257297.34278	229.570	0.030	2.694	323.216	0.150
1595257297.37950	229.522	0.029	2.576	323.216	0.153
1595257297.38134	229.575	0.028	2.457	323.135	0.140
1595257297.42178	229.530	0.028	2.362	323.216	0.142
1595257297.42642	229.515	0.029	2.529	323.135	0.145
1595257297.46358	229.523	0.028	2.510	323.296	0.148
1595257297.47678	229.542	0.028	2.479	323.135	0.154
1595257297.51378	229.525	0.029	2.513	323.135	0.145
1595257297.51441	229.447	0.030	2.660	323.216	0.154
1595257297.55379	229.556	0.030	2.632	323.055	0.156
1595257297.55441	229.500	0.029	2.581	323.135	0.152
1595257297.56278	229.573	0.029	2.547	323.135	0.147
1595257297.59945	229.581	0.029	2.586	323.377	0.151
1595257297.60645	229.534	0.029	2.540	323.135	0.146
1595257297.64379	229.597	0.029	2.598	323.296	0.147
1595257297.64678	229.602	0.028	2.526	323.296	0.146
1595257297.68349	229.576	0.028	2.540	323.216	0.152
1595257297.68939	229.590	0.028	2.526	323.055	0.147
1595257297.72780	229.565	0.028	2.513	323.135	0.145
1595257297.72842	229.590	0.029	2.654	323.216	0.148
1595257297.73941	229.571	0.029	2.629	323.216	0.152
1595257297.77782	229.608	0.029	2.619	323.296	0.153
1595257297.79980	229.598	0.026	2.218	323.296	0.132
1595257297.83742	229.556	0.021	1.841	323.135	0.114
1595257297.85186	229.491	0.021	1.838	323.135	0.110
1595257297.86261	229.490	0.021	1.835	323.216	0.111
1595257297.90480	229.505	0.021	1.800	323.296	0.108
1595257297.90643	229.453	0.021	1.799	323.216	0.110
1595257297.94344	229.452	0.021	1.808	323.135	0.111
1595257297.95781	229.471	0.021	1.813	323.055	0.109
1595257297.96748	229.497	0.021	1.803	323.055	0.105
1595257298.00478	229.496	0.021	1.827	323.135	0.106
1595257298.00842	229.474	0.021	1.787	323.135	0.109
1595257298.02180	229.451	0.021	1.797	323.055	0.106
1595257298.05837	229.468	0.021	1.793	323.135	0.105
1595257298.05924	229.478	0.021	1.807	323.135	0.105
1595257298.09774	229.451	0.021	1.782	323.055	0.107
1595257298.13761	229.505	0.020	1.769	323.055	0.110
1595257298.17461	229.508	0.021	1.836	323.135	0.107
1595257298.17781	229.493	0.021	1.802	323.055	0.107
1595257298.18245	229.488	0.021	1.812	323.055	0.108
1595257298.21945	229.500	0.021	1.807	323.135	0.112
1595257298.22152	229.502	0.021	1.810	323.216	0.107
1595257298.25882	229.519	0.021	1.804	323.055	0.106
1595257298.26942	229.509	0.021	1.788	323.055	0.105
1595257298.27961	229.492	0.021	1.807	323.135	0.108
1595257298.31786	229.525	0.021	1.825	323.216	0.109
1595257298.34181	229.639	0.022	1.953	323.296	0.117
1595257298.37881	229.622	0.022	1.890	323.377	0.108
1595257298.37951	229.627	0.021	1.831	323.377	0.110
1595257298.41743	229.607	0.022	1.870	323.377	0.115
1595257298.46181	229.631	0.021	1.843	323.296	0.110
1595257298.46242	229.614	0.021	1.785	323.377	0.108
1595257298.46336	229.555	0.021	1.785	323.216	0.105
1595257298.50084	229.544	0.021	1.862	323.377	0.115
1595257298.50348	229.487	0.021	1.827	323.216	0.115
1595257298.54149	229.517	0.021	1.803	323.216	0.110
1595257298.54246	229.524	0.021	1.852	323.216	0.110
1595257298.57991	229.538	0.021	1.820	323.216	0.111
1595257298.59184	229.514	0.022	1.802	323.135	0.111
1595257298.62881	229.524	0.021	1.832	323.216	0.116
1595257298.62946	229.505	0.021	1.861	323.135	0.110
1595257298.63948	229.522	0.021	1.845	323.216	0.111
1595257298.66150	229.625	0.022	1.899	323.296	0.118
1595257298.69884	229.619	0.022	1.905	323.296	0.122
1595257298.73646	229.683	0.024	2.092	323.457	0.127
1595257298.73756	229.688	0.021	1.874	323.377	0.112
1595257298.75450	229.701	0.021	1.830	323.538	0.109
1595257298.76355	229.726	0.021	1.838	323.457	0.112
1595257298.80186	229.705	0.022	1.856	323.457	0.114
1595257298.82384	229.736	0.021	1.840	323.457	0.111
1595257298.86148	229.804	0.021	1.868	323.377	0.107
1595257298.87145	229.854	0.022	1.891	323.457	0.108
1595257298.88283	229.818	0.022	1.860	323.457	0.115
1595257298.91984	229.797	0.021	1.853	323.538	0.108
1595257298.92751	229.763	0.021	1.838	323.457	0.109
1595257298.96444	229.716	0.021	1.814	323.377	0.111
1595257298.96784	229.765	0.021	1.822	323.457	0.109
1595257298.97952	229.753	0.024	2.113	323.457	0.124
1595257299.01782	229.744	0.025	2.158	323.538	0.132
1595257299.02947	229.749	0.025	2.199	323.538	0.129
1595257299.04163	229.744	0.022	1.934	323.538	0.115
1595257299.07856	229.684	0.023	2.054	323.457	0.126
1595257299.07939	229.659	0.027	2.314	323.377	0.145
1595257299.11789	229.693	0.030	2.632	323.377	0.154
1595257299.13984	229.667	0.029	2.589	323.457	0.151
1595257299.17957	229.695	0.028	2.549	323.377	0.147
1595257299.19088	229.697	0.027	2.426	323.457	0.138
1595257299.20150	229.708	0.026	2.295	323.457	0.135
1595257299.23948	229.657	0.027	2.431	323.377	0.141
1595257299.24161	229.734	0.025	2.213	323.296	0.135
1595257299.27854	229.713	0.026	2.305	323.377	0.136
1595257299.31792	229.676	0.026	2.236	323.538	0.131
1595257299.31850	229.649	0.028	2.477	323.377	0.146
1595257299.32384	229.664	0.025	2.198	323.377	0.127
1595257299.36187	229.685	0.024	2.112	323.377	0.121
1595257299.37155	229.678	0.024	2.134	323.296	0.129
1595257299.40887	229.688	0.025	2.137	323.457	0.127
1595257299.40949	229.670	0.025	2.146	323.538	0.135
1595257299.44750	229.663	0.027	2.366	323.377	0.139
1595257299.44942	229.690	0.025	2.185	323.538	0.126
1595257299.46184	229.673	0.024	2.136	323.457	0.124
1595257299.49886	229.648	0.026	2.234	323.538	0.139
1595257299.49953	229.628	0.026	2.262	323.457	0.142
1595257299.53787	229.668	0.026	2.266	323.457	0.140
1595257299.55551	229.665	0.026	2.274	323.377	0.133
1595257299.56454	229.654	0.024	2.099	323.618	0.128
1595257299.60289	229.632	0.023	1.991	323.457	0.121
1595257299.62185	229.581	0.023	1.980	323.377	0.122
1595257299.65887	229.612	0.022	1.893	323.377	0.114
1595257299.65953	229.606	0.021	1.822	323.538	0.107
1595257299.69790	229.610	0.021	1.823	323.377	0.109
1595257299.73784	229.643	0.021	1.811	323.618	0.112
1595257299.73849	229.649	0.021	1.798	323.538	0.116
1595257299.77745	229.701	0.021	1.825	323.699	0.107
1595257299.77832	229.657	0.021	1.866	323.538	0.111
1595257299.81634	229.642	0.021	1.815	323.457	0.111
1595257299.83232	229.511	0.021	1.792	323.538	0.111
1595257299.86932	229.532	0.022	1.953	323.296	0.128
1595257299.90997	229.575	0.025	2.180	323.296	0.132
1595257299.91156	229.482	0.023	2.006	322.974	0.133
1595257299.92153	229.537	0.024	2.097	323.055	0.124
1595257299.95889	229.483	0.026	2.248	322.974	0.133
1595257299.95953	229.506	0.029	2.617	323.055	0.156
1595257299.99788	229.540	0.031	2.776	323.296	0.159
1595257299.99851	229.527	0.031	2.809	323.216	0.161
1595257300.03688	229.531	0.030	2.648	323.216	0.148
1595257300.03752	229.545	0.030	2.745	323.296	0.161
1595257300.07449	229.575	0.031	2.785	323.377	0.163
1595257300.11387	229.584	0.030	2.729	323.377	0.157
1595257300.11451	229.560	0.030	2.629	323.377	0.154
1595257300.15270	229.556	0.026	2.341	323.538	0.142
1595257300.15351	229.547	0.025	2.168	323.377	0.133
1595257300.16287	229.604	0.024	2.086	323.377	0.124
1595257300.19989	229.572	0.026	2.295	323.135	0.139
1595257300.20686	229.527	0.028	2.482	323.216	0.147
1595257300.24398	229.514	0.027	2.376	323.055	0.136
1595257300.25756	229.542	0.028	2.508	323.135	0.146
1595257300.29661	229.486	0.027	2.415	323.135	0.139
1595257300.29752	229.451	0.027	2.379	323.055	0.143
1595257300.29851	229.496	0.026	2.242	323.135	0.129
1595257300.33698	229.518	0.026	2.328	323.296	0.134
1595257300.36190	229.502	0.023	2.021	323.296	0.120
1595257300.39856	229.474	0.024	2.060	323.296	0.127
1595257300.41288	229.474	0.026	2.182	323.216	0.147
1595257300.42188	229.448	0.030	2.688	323.216	0.151
1595257300.45891	229.492	0.027	2.319	323.296	0.133
1595257300.46156	229.481	0.022	1.914	323.296	0.112
1595257300.49854	229.481	0.023	2.025	323.135	0.131
1595257300.51288	229.452	0.026	2.261	323.216	0.136
1595257300.52189	229.482	0.026	2.266	323.135	0.135
1595257300.55891	229.486	0.026	2.301	323.135	0.135
1595257300.60690	229.483	0.028	2.482	323.055	0.148
1595257300.60856	229.469	0.030	2.728	323.135	0.154
1595257300.64691	229.456	0.030	2.642	323.216	0.155
1595257300.64758	229.492	0.032	2.825	323.135	0.167
1595257300.65953	229.487	0.028	2.511	323.216	0.151
1595257300.69793	229.516	0.029	2.543	323.216	0.151
1595257300.69856	229.484	0.028	2.472	323.216	0.144
1595257300.73691	229.521	0.029	2.593	323.296	0.153
1595257300.74257	229.489	0.027	2.395	323.296	0.141
1595257300.77956	229.546	0.029	2.599	323.296	0.151
1595257300.79162	229.712	0.028	2.586	323.538	0.152
1595257300.80490	229.709	0.025	2.105	323.538	0.126
1595257300.84292	229.727	0.024	2.144	323.538	0.126
1595257300.84359	229.755	0.023	1.963	323.135	0.126
1595257300.88158	229.737	0.025	2.177	323.457	0.126
1595257300.89394	229.710	0.025	2.157	323.538	0.138
1595257300.90760	229.720	0.026	2.172	323.377	0.133
1595257300.94493	229.696	0.025	2.152	323.538	0.126
1595257300.94653	229.716	0.025	2.191	323.457	0.130
1595257300.95991	229.700	0.025	2.241	323.457	0.133
1595257300.99793	229.740	0.024	2.119	323.618	0.124
1595257301.04591	229.716	0.024	2.055	323.296	0.129
1595257301.04760	229.641	0.025	2.245	323.457	0.141
1595257301.04951	229.652	0.035	3.126	323.538	0.187
1595257301.08772	229.699	0.037	3.358	323.538	0.188
1595257301.08849	229.674	0.037	3.390	323.538	0.189
1595257301.10093	229.671	0.036	3.343	323.538	0.183
1595257301.13891	229.630	0.036	3.291	323.457	0.186
1595257301.14994	229.679	0.037	3.342	323.538	0.185
1595257301.15961	229.637	0.036	3.265	323.618	0.185
1595257301.19794	229.663	0.032	2.848	323.457	0.165
1595257301.21994	229.696	0.032	2.918	323.377	0.167
1595257301.25793	229.623	0.032	2.843	323.377	0.170
1595257301.25857	229.683	0.032	2.924	323.377	0.164
1595257301.29561	229.670	0.032	2.900	323.377	0.164
1595257301.34397	229.731	0.033	2.966	323.538	0.168
1595257301.34459	229.695	0.032	2.899	323.538	0.167
1595257301.34653	229.683	0.033	2.933	323.618	0.166
1595257301.38594	229.732	0.036	3.204	323.699	0.183
1595257301.38762	229.733	0.035	3.210	323.618	0.187
1595257301.42455	229.689	0.036	3.212	323.618	0.187
1595257301.42591	229.654	0.036	3.264	323.538	0.179
1595257301.46375	229.696	0.036	3.254	323.538	0.182
1595257301.47758	229.682	0.036	3.196	323.618	0.181
1595257301.51453	229.662	0.035	3.212	323.377	0.178
1595257301.51544	229.610	0.036	3.222	323.296	0.179
1595257301.52942	229.689	0.036	3.263	323.296	0.181
1595257301.54042	229.687	0.036	3.229	323.377	0.178
1595257301.57944	229.653	0.036	3.206	323.377	0.187
1595257301.58042	229.657	0.036	3.268	323.377	0.186
1595257301.61843	229.718	0.036	3.275	323.538	0.186
1595257301.62943	229.661	0.036	3.256	323.296	0.180
1595257301.63940	229.652	0.036	3.254	323.457	0.181
1595257301.67805	229.683	0.036	3.259	323.377	0.183
1595257301.70298	229.690	0.036	3.341	323.457	0.179
1595257301.73963	229.662	0.035	3.168	323.618	0.177
1595257301.74068	229.660	0.036	3.258	323.457	0.182
1595257301.78002	229.723	0.036	3.307	323.457	0.187
1595257301.82600	229.713	0.036	3.240	323.618	0.186
1595257301.82763	229.703	0.036	3.245	323.699	0.183
1595257301.82861	229.737	0.036	3.233	323.538	0.176
1595257301.87099	229.759	0.036	3.242	323.538	0.182
1595257301.87265	229.756	0.036	3.245	323.538	0.186
1595257301.88256	229.730	0.036	3.239	323.538	0.186
1595257301.92001	229.709	0.036	3.257	323.457	0.181
1595257301.93264	229.678	0.036	3.202	323.377	0.180
1595257301.97001	229.680	0.036	3.248	323.457	0.182
1595257301.97064	229.652	0.036	3.194	323.457	0.188
1595257301.98061	229.668	0.036	3.241	323.296	0.178
1595257302.01900	229.677	0.036	3.244	323.216	0.179
1595257302.02864	229.665	0.037	3.345	323.296	0.182
1595257302.06576	229.529	0.035	3.117	323.135	0.181
1595257302.06758	229.549	0.036	3.311	323.216	0.189
1595257302.10600	229.589	0.036	3.276	323.296	0.186
1595257302.10961	229.601	0.036	3.282	323.216	0.182
1595257302.11970	229.560	0.035	3.208	323.296	0.177
1595257302.15802	229.590	0.036	3.274	323.216	0.182
1595257302.18001	229.596	0.036	3.216	323.135	0.183
1595257302.21802	229.499	0.036	3.189	323.135	0.182
1595257302.21865	229.566	0.036	3.281	323.216	0.183
1595257302.25606	229.575	0.036	3.233	323.055	0.179
1595257302.27297	229.597	0.036	3.235	323.135	0.182
1595257302.28096	229.562	0.036	3.222	323.135	0.186
1595257302.31898	229.604	0.036	3.292	323.216	0.183
1595257302.36578	229.651	0.036	3.270	323.216	0.183
1595257302.36762	229.627	0.037	3.308	323.216	0.192
1595257302.36855	229.591	0.032	2.901	323.135	0.162
1595257302.38296	229.575	0.032	2.901	323.296	0.161
1595257302.41964	229.605	0.032	2.913	323.296	0.167
1595257302.42958	229.614	0.032	2.913	323.377	0.167
1595257302.44097	229.590	0.032	2.816	322.813	0.163
1595257302.47904	229.598	0.033	3.002	323.135	0.166
1595257302.49998	229.611	0.032	2.926	323.216	0.166
1595257302.53762	229.595	0.032	2.896	323.135	0.165
1595257302.55002	229.617	0.032	2.905	323.135	0.159
1595257302.56096	229.614	0.032	2.890	323.216	0.163
1595257302.59899	229.609	0.032	2.897	323.135	0.169
1595257302.60961	229.605	0.032	2.828	323.055	0.174
1595257302.61976	229.622	0.033	2.954	323.216	0.162
1595257302.65767	229.614	0.032	2.898	323.216	0.165
1595257302.69502	229.646	0.033	2.905	323.216	0.169
1595257302.69563	229.606	0.032	2.888	323.135	0.166
1595257302.71159	229.639	0.032	2.930	323.457	0.163
1595257302.72098	229.649	0.032	2.892	323.377	0.167
1595257302.75999	229.672	0.032	2.903	323.216	0.165
1595257302.77098	229.675	0.032	2.878	323.216	0.163
1595257302.78100	229.648	0.032	2.924	323.296	0.166
1595257302.82300	229.676	0.032	2.907	323.296	0.165
1595257302.82363	229.676	0.032	2.914	323.296	0.163
1595257302.86100	229.601	0.032	2.844	323.216	0.162
1595257302.90002	229.596	0.032	2.937	323.377	0.166
1595257302.90064	229.600	0.032	2.861	323.296	0.164
1595257302.91061	229.597	0.032	2.851	323.135	0.167
1595257302.94900	229.589	0.032	2.863	323.216	0.167
1595257302.94963	229.589	0.032	2.886	323.055	0.163
1595257302.95960	229.608	0.032	2.903	323.216	0.163
1595257303.00502	229.615	0.032	2.865	323.216	0.168
1595257303.00566	229.581	0.032	2.885	323.135	0.167
1595257303.04361	229.596	0.032	2.889	323.216	0.165
1595257303.04459	229.589	0.032	2.879	323.216	0.162
1595257303.08302	229.652	0.032	2.919	323.296	0.166
1595257303.08364	229.657	0.031	2.820	323.296	0.166
1595257303.12102	229.690	0.032	2.888	323.377	0.161
1595257303.13267	229.672	0.032	2.867	323.216	0.162
1595257303.14053	229.725	0.032	2.941	323.296	0.166
1595257303.17858	229.666	0.032	2.872	323.377	0.162
1595257303.17948	229.655	0.032	2.868	323.296	0.169
1595257303.21746	229.690	0.032	2.874	323.216	0.166
1595257303.25548	229.721	0.031	2.857	323.296	0.156
1595257303.25746	229.731	0.032	2.887	323.296	0.166
1595257303.25846	229.691	0.032	2.884	323.377	0.166
1595257303.29607	229.733	0.032	2.886	323.296	0.164
1595257303.29768	229.748	0.032	2.932	323.377	0.166
1595257303.33902	229.741	0.032	2.845	323.457	0.164
1595257303.34966	229.792	0.032	2.937	323.377	0.161
1595257303.38803	229.834	0.032	2.918	323.699	0.163
1595257303.38999	229.829	0.032	2.894	323.538	0.165
1595257303.42802	229.866	0.032	2.861	323.618	0.168
1595257303.42865	229.822	0.032	2.881	323.457	0.166
1595257303.43965	229.867	0.032	2.862	323.618	0.162
1595257303.47774	229.792	0.032	2.881	323.538	0.163
1595257303.48804	229.775	0.032	2.884	323.538	0.161
1595257303.52502	229.713	0.032	2.881	323.457	0.162
1595257303.52566	229.764	0.032	2.857	323.377	0.158
1595257303.56364	229.832	0.032	2.875	323.538	0.161
1595257303.56479	229.806	0.032	2.845	323.538	0.158
1595257303.60301	229.790	0.032	2.866	323.377	0.165
1595257303.64301	229.796	0.032	2.818	323.618	0.166
1595257303.64367	229.782	0.032	2.816	323.538	0.163
1595257303.68107	229.791	0.032	2.846	323.457	0.164
1595257303.68267	229.788	0.032	2.858	323.377	0.163
1595257303.72006	229.823	0.032	2.909	323.538	0.165
1595257303.72968	229.811	0.032	2.889	323.618	0.166
1595257303.76764	229.827	0.032	2.881	323.457	0.165
1595257303.77001	229.837	0.033	2.911	323.618	0.166
1595257303.80805	229.847	0.032	2.899	323.457	0.168
1595257303.80867	229.850	0.032	2.898	323.618	0.169
1595257303.81965	229.811	0.032	2.882	323.699	0.166
1595257303.85806	229.844	0.032	2.890	323.618	0.162
1595257303.87481	229.890	0.032	2.885	323.618	0.165
1595257303.88261	229.780	0.032	2.861	323.538	0.163
1595257303.92004	229.739	0.032	2.859	323.538	0.164
1595257303.95768	229.765	0.032	2.882	323.618	0.164
1595257303.95869	229.752	0.032	2.865	323.457	0.161
1595257303.95964	229.719	0.032	2.883	323.618	0.167
1595257303.99802	229.745	0.032	2.846	323.538	0.161
1595257303.99867	229.723	0.032	2.872	323.377	0.169
1595257304.03604	229.747	0.032	2.889	323.377	0.157
1595257304.04769	229.741	0.032	2.898	323.618	0.167
1595257304.08468	229.651	0.031	2.785	323.296	0.159
1595257304.09772	229.658	0.032	2.898	323.135	0.161
1595257304.13508	229.666	0.032	2.937	323.216	0.164
1595257304.13569	229.709	0.032	2.920	323.457	0.166
1595257304.17504	229.669	0.032	2.888	323.377	0.164
1595257304.17569	229.685	0.031	2.877	323.457	0.159
1595257304.19004	229.672	0.031	2.866	323.457	0.158
1595257304.20009	229.701	0.032	2.939	323.538	0.167
1595257304.23809	229.663	0.031	2.811	323.296	0.164
1595257304.26104	229.720	0.032	2.888	323.377	0.161
1595257304.28271	229.678	0.032	2.889	323.296	0.165
1595257304.32010	229.679	0.032	2.838	323.457	0.165
1595257304.32070	229.704	0.032	2.886	323.296	0.165
1595257304.37105	229.703	0.032	2.918	323.377	0.163
1595257304.41005	229.647	0.032	2.829	323.457	0.165
1595257304.41303	229.709	0.032	2.854	323.538	0.165
1595257304.42103	229.676	0.032	2.894	323.457	0.169
1595257304.45870	229.652	0.032	2.869	323.538	0.166
1595257304.46972	229.674	0.032	2.879	323.457	0.162
1595257304.48065	229.693	0.032	2.904	323.618	0.163
1595257304.52007	229.664	0.032	2.871	323.457	0.165
1595257304.54104	229.679	0.032	2.893	323.457	0.165
1595257304.54270	229.710	0.032	2.897	323.538	0.164
1595257304.57971	229.776	0.032	2.907	323.538	0.162
1595257304.58074	229.722	0.032	2.907	323.618	0.159
1595257304.61904	229.712	0.032	2.904	323.618	0.167
1595257304.63206	229.657	0.032	2.893	323.538	0.164
1595257304.66974	229.694	0.032	2.854	323.618	0.165
1595257304.67368	229.689	0.032	2.902	323.457	0.163
1595257304.68276	229.695	0.032	2.894	323.538	0.161
1595257304.72009	229.703	0.032	2.854	323.457	0.163
1595257304.75905	229.663	0.032	2.866	323.377	0.166
1595257304.75971	229.683	0.032	2.877	323.538	0.165
1595257304.77268	229.664	0.032	2.873	323.377	0.165
1595257304.78069	229.662	0.032	2.915	323.457	0.164
1595257304.81866	229.670	0.032	2.844	323.538	0.164
1595257304.83105	229.703	0.032	2.932	323.457	0.165
1595257304.84306	229.740	0.032	2.894	323.618	0.168
1595257304.87974	229.701	0.032	2.863	323.457	0.164
1595257304.88969	229.699	0.032	2.868	323.538	0.163
1595257304.90006	229.660	0.032	2.882	323.457	0.163
1595257304.93809	229.650	0.032	2.864	323.377	0.164
1595257304.96307	229.680	0.032	2.888	323.538	0.167
1595257304.99973	229.690	0.032	2.857	323.457	0.169
1595257305.00074	229.714	0.032	2.884	323.457	0.159
1595257305.03909	229.680	0.032	2.909	323.377	0.169
1595257305.08210	229.700	0.032	2.898	323.457	0.164
1595257305.08373	229.692	0.032	2.877	323.538	0.164
1595257305.08466	229.674	0.032	2.896	323.538	0.165
1595257305.12307	229.697	0.032	2.890	323.457	0.161
1595257305.12378	229.693	0.032	2.890	323.457	0.165
1595257305.16108	229.705	0.032	2.850	323.457	0.162
1595257305.16272	229.693	0.032	2.866	323.377	0.166
1595257305.19970	229.683	0.032	2.884	323.457	0.159
1595257305.23908	229.669	0.032	2.899	323.457	0.159
1595257305.23975	229.705	0.032	2.916	323.457	0.163
1595257305.24067	229.690	0.032	2.839	323.377	0.162
1595257305.27872	229.683	0.032	2.941	323.618	0.159
1595257305.28874	229.697	0.032	2.872	323.618	0.166
1595257305.29979	229.717	0.032	2.884	323.618	0.168
1595257305.34107	229.731	0.032	2.898	323.618	0.163
1595257305.34272	229.690	0.032	2.893	323.618	0.168
1595257305.37970	229.685	0.032	2.855	323.618	0.165
1595257305.38107	229.685	0.032	2.902	323.538	0.163
1595257305.41912	229.706	0.032	2.849	323.538	0.163
1595257305.43009	229.686	0.032	2.917	323.538	0.166
1595257305.44107	229.701	0.032	2.846	323.538	0.164
1595257305.47888	229.730	0.032	2.917	323.457	0.159
1595257305.47965	229.704	0.032	2.884	323.538	0.163
1595257305.51809	229.639	0.032	2.893	323.538	0.168
1595257305.56511	229.751	0.032	2.894	323.538	0.168
1595257305.56573	229.756	0.032	2.860	323.618	0.161
1595257305.57211	229.773	0.032	2.919	323.618	0.163
1595257305.60975	229.759	0.031	2.840	323.538	0.161
1595257305.61076	229.784	0.032	2.901	323.618	0.159
1595257305.63102	229.810	0.032	2.936	323.779	0.163
1595257305.64362	229.757	0.032	2.875	323.618	0.161
1595257305.68064	229.779	0.032	2.840	323.699	0.165
1595257305.69053	229.789	0.032	2.869	323.779	0.164
1595257305.70058	229.785	0.032	2.898	323.699	0.165
1595257305.73867	229.782	0.032	2.838	323.457	0.158
1595257305.74981	229.779	0.032	2.874	323.618	0.165
1595257305.76111	229.796	0.032	2.891	323.457	0.163
1595257305.80011	229.780	0.032	2.886	323.618	0.164
1595257305.80074	229.791	0.032	2.937	323.699	0.166
1595257305.84313	229.859	0.032	2.952	323.779	0.163
1595257305.86011	229.902	0.033	2.925	323.699	0.165
1595257305.89777	229.911	0.032	2.876	323.860	0.165
1595257305.91011	229.896	0.032	2.885	323.860	0.165
1595257305.92075	229.868	0.032	2.908	323.860	0.169
1595257305.95885	229.887	0.032	2.892	323.940	0.169
1595257305.97079	229.921	0.032	2.867	323.860	0.163
1595257305.98375	229.892	0.032	2.908	323.779	0.165
1595257306.02309	229.899	0.032	2.896	323.860	0.168
1595257306.02375	229.863	0.032	2.886	323.779	0.169
1595257306.06113	229.814	0.032	2.839	323.779	0.162
1595257306.10013	229.796	0.032	2.867	323.699	0.162
1595257306.10074	229.820	0.032	2.911	323.618	0.168
1595257306.14014	229.850	0.032	2.896	323.699	0.169
1595257306.14076	229.933	0.032	2.926	323.860	0.170
1595257306.17974	229.902	0.032	2.890	323.779	0.164
1595257306.18309	229.916	0.032	2.897	323.860	0.165
1595257306.18376	229.957	0.032	2.912	324.021	0.164
1595257306.22312	229.916	0.032	2.893	323.940	0.162
1595257306.24011	229.916	0.032	2.858	324.021	0.165
1595257306.28413	229.944	0.032	2.877	323.940	0.162
1595257306.29275	229.939	0.032	2.908	324.021	0.164
1595257306.30312	229.976	0.032	2.869	324.021	0.168
1595257306.34110	229.971	0.032	2.872	323.940	0.168
1595257306.34376	229.942	0.031	2.802	324.021	0.159
1595257306.38110	229.935	0.032	2.848	323.940	0.166
1595257306.42585	229.898	0.032	2.877	323.860	0.167
1595257306.42769	229.862	0.031	2.829	323.699	0.166
1595257306.43110	229.852	0.032	2.887	323.779	0.164
1595257306.46877	229.856	0.031	2.828	323.699	0.167
1595257306.46973	229.871	0.032	2.875	323.779	0.161
1595257306.48980	229.873	0.032	2.876	323.618	0.166
1595257306.52769	229.818	0.032	2.864	323.699	0.164
1595257306.52857	229.828	0.032	2.904	323.699	0.169
1595257306.56559	229.875	0.032	2.870	323.940	0.162
1595257306.56758	229.883	0.032	2.911	323.860	0.165
1595257306.60458	229.883	0.032	2.920	323.860	0.163
1595257306.60757	229.896	0.032	2.851	323.860	0.164
1595257306.64458	229.899	0.032	2.858	323.860	0.168
1595257306.64757	229.869	0.032	2.786	323.699	0.159
1595257306.65958	229.894	0.032	2.840	323.779	0.162
1595257306.69761	229.837	0.031	2.852	323.779	0.163
1595257306.71283	229.836	0.032	2.869	323.779	0.163
1595257306.72112	229.841	0.032	2.903	323.618	0.165
1595257306.76012	229.866	0.032	2.893	323.699	0.162
1595257306.77076	229.888	0.032	2.886	323.618	0.163
1595257306.78113	229.882	0.032	2.916	323.699	0.161
1595257306.83013	229.913	0.032	2.908	323.618	0.162
1595257306.83078	229.890	0.032	2.861	323.699	0.170
1595257306.86891	229.872	0.032	2.919	323.618	0.169
1595257306.87078	229.886	0.032	2.914	323.618	0.167
1595257306.90889	229.898	0.032	2.839	323.618	0.164
1595257306.91069	229.889	0.032	2.885	323.699	0.168
1595257306.92114	229.851	0.032	2.849	323.538	0.164
1595257306.95879	229.876	0.032	2.841	323.860	0.164
1595257306.97013	229.888	0.032	2.785	323.779	0.169
1595257306.97979	229.845	0.032	2.764	323.618	0.162
1595257307.01776	229.832	0.032	2.817	323.618	0.162
1595257307.03013	229.845	0.032	2.768	323.538	0.162
1595257307.03978	229.834	0.032	2.756	323.538	0.168
1595257307.08815	229.837	0.032	2.867	323.618	0.163
1595257307.10812	229.853	0.032	2.869	323.538	0.166
1595257307.11582	229.863	0.032	2.892	323.538	0.165
1595257307.13314	229.871	0.032	2.866	323.538	0.163
1595257307.17016	229.842	0.032	2.909	323.538	0.166
1595257307.17078	229.862	0.032	2.919	323.538	0.165
1595257307.18076	229.842	0.032	2.867	323.618	0.165
1595257307.21918	229.860	0.032	2.874	323.618	0.167
1595257307.24016	229.911	0.032	2.934	323.699	0.165
1595257307.27797	229.917	0.032	2.878	323.618	0.168
1595257307.30117	229.894	0.032	2.912	323.699	0.164
1595257307.33917	229.923	0.032	2.827	323.618	0.165
1595257307.34980	229.866	0.032	2.736	323.457	0.164
1595257307.36091	229.883	0.032	2.820	323.377	0.158
1595257307.42514	229.847	0.032	2.869	323.377	0.157
1595257307.42580	229.868	0.032	2.871	323.377	0.161
1595257307.42776	229.867	0.032	2.855	323.296	0.162
1595257307.47293	229.775	0.032	2.819	323.216	0.164
1595257307.47371	229.712	0.031	2.795	323.135	0.159
1595257307.48316	229.525	0.032	2.863	322.974	0.163
1595257307.51982	229.484	0.032	2.889	322.974	0.166
1595257307.52074	229.521	0.032	2.883	322.974	0.168
1595257307.56015	229.545	0.032	2.842	323.055	0.167
1595257307.57382	229.551	0.032	2.793	323.055	0.165
1595257307.61517	229.584	0.032	2.820	323.055	0.161
1595257307.61876	229.610	0.032	2.896	323.135	0.171
1595257307.62015	229.627	0.032	2.885	323.135	0.166
1595257307.65817	229.614	0.032	2.873	323.135	0.169
1595257307.68081	229.593	0.032	2.867	323.055	0.168
1595257307.72816	229.581	0.032	2.864	322.974	0.165
1595257307.74077	229.559	0.032	2.921	323.135	0.166
1595257307.74916	229.575	0.032	2.860	323.055	0.161
1595257307.78617	229.569	0.032	2.890	323.055	0.162
1595257307.78781	229.588	0.032	2.906	322.974	0.166
1595257307.82518	229.568	0.032	2.888	322.974	0.163
1595257307.83716	229.589	0.032	2.869	322.974	0.165
1595257307.87492	229.596	0.032	2.858	322.974	0.165
1595257307.87673	229.548	0.032	2.887	323.135	0.167
1595257307.91618	229.576	0.032	2.836	323.055	0.168
1595257307.91781	229.506	0.032	2.811	322.974	0.168
1595257307.93016	229.505	0.032	2.827	322.974	0.165
1595257307.94084	229.532	0.032	2.901	323.055	0.162
1595257307.97919	229.521	0.032	2.849	323.055	0.163
1595257307.99022	229.503	0.032	2.898	323.055	0.170
1595257308.00318	229.537	0.032	2.899	322.894	0.165
1595257308.04078	229.522	0.032	2.884	322.974	0.163
1595257308.05119	229.497	0.032	2.868	322.974	0.162
1595257308.06084	229.509	0.032	2.879	323.055	0.164
1595257308.10617	229.515	0.032	2.884	322.894	0.163
1595257308.10783	229.503	0.032	2.881	322.974	0.169
1595257308.11980	229.497	0.032	2.896	322.894	0.167
1595257308.15768	229.456	0.032	2.842	322.813	0.162
1595257308.15963	229.504	0.032	2.840	323.055	0.165
1595257308.19863	229.461	0.032	2.845	323.055	0.169
1595257308.24564	229.517	0.032	2.912	322.974	0.168
1595257308.24864	229.510	0.032	2.860	322.974	0.164
1595257308.25063	229.514	0.032	2.893	323.055	0.164
1595257308.26362	229.526	0.032	2.926	323.055	0.167
1595257308.30091	229.521	0.032	2.898	323.135	0.165
1595257308.31121	229.546	0.032	2.934	323.135	0.165
1595257308.34921	229.556	0.032	2.890	323.135	0.164
1595257308.36119	229.603	0.032	2.884	323.135	0.159
1595257308.39926	229.591	0.033	2.919	323.135	0.169
1595257308.42421	229.574	0.032	2.898	323.055	0.164
1595257308.46087	229.565	0.032	2.874	322.974	0.164
1595257308.47085	229.516	0.032	2.855	322.974	0.168
1595257308.48283	229.493	0.032	2.879	322.894	0.169
1595257308.52118	229.469	0.032	2.907	322.894	0.166
1595257308.53082	229.515	0.032	2.938	322.974	0.165
1595257308.54319	229.542	0.032	2.913	323.055	0.167
1595257308.57988	229.531	0.032	2.877	323.055	0.165
1595257308.58087	229.546	0.032	2.863	323.055	0.163
1595257308.61922	229.558	0.032	2.834	323.135	0.162
1595257308.63221	229.571	0.032	2.776	323.055	0.165
1595257308.66986	229.557	0.032	2.825	323.055	0.165
1595257308.67188	229.566	0.032	2.840	323.135	0.159
1595257308.68096	229.549	0.032	2.861	323.216	0.165
1595257308.71920	229.549	0.032	2.856	323.135	0.168
1595257308.75586	229.585	0.032	2.843	323.135	0.166
1595257308.75790	229.547	0.032	2.866	322.974	0.163
1595257308.76277	229.556	0.032	2.866	323.135	0.164
1595257308.80013	229.566	0.032	2.854	323.055	0.158
1595257308.80084	229.576	0.032	2.896	323.055	0.163
1595257308.84021	229.578	0.032	2.830	323.055	0.166
1595257308.85087	229.508	0.032	2.941	323.055	0.163
1595257308.86398	229.597	0.032	2.924	323.135	0.167
1595257308.90220	229.568	0.032	2.870	323.135	0.159
1595257308.90386	229.562	0.032	2.894	323.216	0.169
1595257308.94081	229.527	0.032	2.917	323.135	0.166
1595257308.98321	229.543	0.032	2.930	323.135	0.161
1595257308.98483	229.545	0.032	2.848	323.216	0.159
1595257308.98680	229.511	0.032	2.887	322.974	0.158
1595257309.02522	229.552	0.032	2.895	323.055	0.168
1595257309.02586	229.521	0.032	2.871	322.974	0.165
1595257309.06583	229.528	0.032	2.891	323.135	0.165
1595257309.10414	229.442	0.032	2.848	322.894	0.165
1595257309.10583	229.472	0.032	2.940	322.894	0.165
1595257309.14426	229.463	0.032	2.872	322.813	0.167
1595257309.16824	229.476	0.032	2.887	322.894	0.167
1595257309.20524	229.468	0.032	2.889	322.974	0.161
1595257309.21580	229.503	0.033	2.947	323.055	0.169
1595257309.22380	229.535	0.032	2.895	323.055	0.168
1595257309.26124	229.555	0.032	2.899	323.135	0.169
1595257309.27085	229.545	0.032	2.842	323.377	0.158
1595257309.28084	229.569	0.032	2.897	323.296	0.166
1595257309.32024	229.515	0.032	2.892	323.135	0.165
1595257309.36025	229.588	0.032	2.910	323.135	0.168
1595257309.36087	229.552	0.032	2.891	323.135	0.166
1595257309.38522	229.538	0.032	2.863	323.135	0.164
1595257309.39387	229.523	0.032	2.860	323.216	0.163
1595257309.43085	229.518	0.032	2.902	323.216	0.165
1595257309.43322	229.522	0.032	2.856	323.216	0.167
1595257309.44289	229.529	0.032	2.866	323.055	0.169
1595257309.48087	229.529	0.032	2.897	323.055	0.164
1595257309.49125	229.537	0.032	2.861	323.135	0.168
1595257309.50125	229.497	0.032	2.878	323.135	0.165
1595257309.54122	229.523	0.032	2.891	322.974	0.165
1595257309.54288	229.528	0.032	2.916	323.055	0.170
1595257309.58024	229.547	0.032	2.896	323.135	0.163
1595257309.59125	229.520	0.032	2.896	323.216	0.168
1595257309.60290	229.528	0.032	2.915	323.135	0.165
1595257309.64123	229.500	0.032	2.898	323.216	0.171
1595257309.65391	229.521	0.032	2.797	323.055	0.167
1595257309.69086	229.494	0.032	2.865	323.055	0.167
1595257309.69281	229.521	0.032	2.943	323.055	0.164
1595257309.70126	229.537	0.032	2.882	323.055	0.166
1595257309.73929	229.513	0.032	2.877	323.135	0.168
1595257309.75326	229.533	0.032	2.865	323.135	0.164
1595257309.76490	229.510	0.032	2.880	323.055	0.163
