# timestamp	V	A	W	V	A
1595316500.66243	1053.383	0.016	377421.392	325.791	0.009
1595316500.67440	230.113	0.003	377421.585	325.630	0.007
1595316500.71237	230.166	0.003	0.000	325.791	0.008
1595316500.75639	230.144	0.003	377421.585	325.791	0.007
1595316500.75800	230.147	0.003	0.006	325.791	0.008
1595316500.75997	230.157	0.003	0.013	325.791	0.007
1595316500.79838	230.115	0.003	0.022	325.791	0.008
1595316500.79903	230.178	0.003	377421.582	326.033	0.007
1595316500.82119	230.201	0.003	377421.571	325.791	0.007
1595316500.85940	230.396	0.003	0.002	326.033	0.008
1595316500.86101	230.396	0.003	377421.581	325.952	0.008
1595316500.87210	230.388	0.003	0.011	326.033	0.007
1595316500.90918	230.330	0.004	377421.588	326.033	0.008
1595316500.92096	230.313	0.003	377421.572	325.872	0.008
1595316500.93193	230.338	0.003	0.012	325.872	0.007
1595316500.96939	230.343	0.003	0.008	326.033	0.008
1595316500.98303	230.333	0.004	377421.592	326.033	0.008
1595316500.99305	230.192	0.003	377421.570	325.872	0.008
1595316501.04040	230.181	0.003	0.003	325.872	0.007
1595316501.07803	230.249	0.004	377421.579	325.952	0.008
1595316501.07903	230.215	0.003	0.006	325.952	0.008
1595316501.11750	230.198	0.003	377421.586	325.952	0.007
1595316501.13440	230.205	0.003	377421.577	325.952	0.007
1595316501.17206	230.157	0.003	377421.586	325.872	0.007
1595316501.18102	230.189	0.003	377421.586	325.952	0.008
1595316501.19313	230.173	0.003	377421.589	325.952	0.007
1595316501.21798	230.172	0.003	377421.594	325.952	0.008
1595316501.25638	230.143	0.003	377421.586	325.872	0.008
1595316501.25801	230.144	0.003	0.003	325.872	0.007
1595316501.29542	230.155	0.003	377421.584	325.872	0.008
1595316501.30203	230.189	0.003	377421.593	325.872	0.008
1595316501.33942	230.180	0.003	0.001	325.872	0.008
1595316501.34006	230.177	0.004	0.001	325.791	0.007
1595316501.35240	230.142	0.003	377421.585	325.872	0.007
1595316501.38917	230.149	0.003	377421.588	325.791	0.008
1595316501.43642	230.121	0.003	377421.574	325.711	0.008
1595316501.43804	230.116	0.003	377421.586	325.711	0.008
1595316501.43901	230.170	0.004	377421.571	325.872	0.008
1595316501.47741	230.146	0.004	0.003	325.711	0.008
1595316501.47906	230.116	0.003	377421.563	325.711	0.007
1595316501.50123	230.109	0.003	377421.573	325.952	0.007
1595316501.53944	230.140	0.003	0.003	325.791	0.007
1595316501.54007	230.169	0.003	377421.569	325.791	0.008
1595316501.56042	230.108	0.004	0.005	325.630	0.007
1595316501.59844	230.116	0.003	377421.571	325.630	0.008
1595316501.59909	230.148	0.003	377421.561	325.711	0.008
1595316501.62242	230.180	0.004	377421.579	325.872	0.007
1595316501.63343	230.157	0.003	0.009	325.791	0.007
1595316501.67141	230.150	0.003	377421.574	325.791	0.007
1595316501.68104	230.068	0.003	377421.593	325.630	0.008
1595316501.69106	230.079	0.003	377421.589	325.791	0.008
1595316501.73041	230.071	0.003	377421.559	325.791	0.008
1595316501.73106	230.073	0.003	377421.590	325.711	0.008
1595316501.76942	230.092	0.003	0.012	325.791	0.007
1595316501.78104	230.119	0.003	377421.578	325.711	0.008
1595316501.79115	230.055	0.003	377421.572	325.711	0.007
1595316501.83043	230.064	0.004	377421.588	325.791	0.008
1595316501.84142	230.054	0.003	377421.573	325.711	0.008
1595316501.85107	230.050	0.003	377421.592	325.711	0.007
1595316501.89042	230.043	0.003	377421.571	325.711	0.008
1595316501.89107	230.022	0.003	377421.587	325.550	0.007
1595316501.92943	230.066	0.003	377421.590	325.630	0.008
1595316501.97444	230.102	0.003	0.002	325.630	0.007
1595316501.97508	230.083	0.003	377421.569	325.711	0.007
1595316501.98304	230.086	0.003	0.005	325.630	0.008
1595316502.02148	230.121	0.003	0.011	325.630	0.007
1595316502.02307	230.145	0.003	377421.584	325.630	0.008
1595316502.04442	230.149	0.003	377421.575	325.630	0.007
1595316502.05305	230.134	0.003	377421.591	325.711	0.007
1595316502.09045	230.161	0.003	377421.565	325.872	0.008
1595316502.10142	230.192	0.003	377421.587	325.711	0.007
1595316502.11308	230.151	0.003	377421.574	325.791	0.008
1595316502.15143	230.161	0.003	377421.589	325.711	0.008
1595316502.16106	230.183	0.003	377421.585	325.791	0.008
1595316502.17115	230.184	0.003	0.010	325.791	0.008
1595316502.20994	230.092	0.003	377421.593	325.630	0.008
1595316502.21090	230.065	0.003	0.010	325.630	0.007
1595316502.24890	230.134	0.004	377421.580	325.711	0.008
1595316502.26315	230.173	0.003	377421.573	325.791	0.008
1595316502.27345	230.158	0.003	377421.573	325.791	0.008
1595316502.31247	230.145	0.003	0.003	325.791	0.008
1595316502.31406	230.206	0.004	377421.576	325.791	0.007
1595316502.33343	230.301	0.003	0.003	325.872	0.007
1595316502.37142	230.281	0.003	377421.566	325.952	0.007
1595316502.37283	230.247	0.003	0.009	325.952	0.007
1595316502.41047	230.257	0.003	377421.583	325.872	0.007
1595316502.41314	230.277	0.003	377421.545	325.872	0.008
1595316502.45448	230.284	0.004	0.002	325.791	0.008
1595316502.49413	230.325	0.003	0.004	325.952	0.008
1595316502.49502	230.311	0.003	377421.588	326.033	0.008
1595316502.53444	230.301	0.003	0.020	326.033	0.007
1595316502.53510	230.319	0.004	0.015	325.872	0.007
1595316502.57348	230.301	0.003	0.002	326.033	0.008
1595316502.57411	230.288	0.003	0.010	325.952	0.007
1595316502.61149	230.275	0.003	377421.591	325.872	0.008
1595316502.62145	230.271	0.003	377421.586	325.952	0.007
1595316502.63111	230.311	0.003	377421.576	326.033	0.008
1595316502.66947	230.337	0.003	377421.584	326.033	0.008
1595316502.69045	230.271	0.003	377421.575	325.791	0.007
1595316502.72812	230.293	0.003	377421.566	325.872	0.008
1595316502.72910	230.322	0.003	377421.564	325.872	0.008
1595316502.76648	230.312	0.003	377421.588	326.033	0.007
1595316502.81747	230.249	0.003	0.004	325.952	0.007
1595316502.81910	230.285	0.003	377421.580	325.711	0.007
1595316502.83009	230.233	0.003	377421.578	325.872	0.007
1595316502.86854	230.233	0.004	377421.593	325.791	0.008
1595316502.86880	230.326	0.003	377421.576	325.872	0.008
1595316502.90608	230.337	0.003	0.002	325.952	0.008
1595316502.90818	230.304	0.004	377421.584	325.872	0.007
1595316502.94643	230.340	0.003	377421.568	325.872	0.008
1595316502.94812	230.332	0.003	377421.592	325.791	0.008
1595316502.98648	230.343	0.003	0.019	325.952	0.007
1595316502.98811	230.305	0.003	377421.578	326.113	0.008
1595316503.02509	230.319	0.003	0.006	325.952	0.007
1595316503.03419	230.341	0.003	0.003	325.791	0.008
1595316503.07348	230.344	0.003	0.005	325.952	0.008
1595316503.07412	230.325	0.003	377421.579	325.952	0.008
1595316503.11347	230.288	0.003	0.011	325.872	0.008
1595316503.11412	230.284	0.003	377421.589	325.872	0.008
1595316503.15147	230.342	0.003	377421.568	325.872	0.007
1595316503.15312	230.319	0.003	0.002	325.872	0.007
1595316503.19051	230.314	0.003	377421.559	325.872	0.007
1595316503.20015	230.338	0.003	0.004	325.872	0.008
1595316503.23850	230.367	0.003	377421.577	325.872	0.007
1595316503.23913	230.379	0.003	0.005	325.952	0.008
1595316503.28856	230.380	0.004	0.015	325.872	0.008
1595316503.28914	230.364	0.003	377421.594	325.952	0.008
1595316503.29107	230.335	0.003	377421.584	325.952	0.008
1595316503.33047	230.313	0.003	0.009	325.872	0.008
1595316503.33813	230.313	0.003	0.004	326.033	0.008
1595316503.37549	230.306	0.003	377421.581	325.872	0.008
1595316503.37613	230.239	0.004	0.000	326.033	0.008
1595316503.41411	230.238	0.003	0.001	325.872	0.008
1595316503.41617	230.201	0.004	377421.567	325.711	0.007
1595316503.45625	230.233	0.003	0.000	325.952	0.008
1595316503.45806	230.257	0.003	377421.578	325.872	0.008
1595316503.48059	230.246	0.003	377421.592	325.872	0.007
1595316503.49112	230.240	0.003	0.003	325.872	0.008
1595316503.52913	230.212	0.003	0.010	325.711	0.008
1595316503.53007	230.202	0.003	0.009	325.711	0.008
1595316503.56857	230.234	0.003	377421.588	325.791	0.007
1595316503.59049	230.274	0.003	377421.572	325.711	0.007
1595316503.62856	230.043	0.003	377421.559	325.711	0.008
1595316503.62915	230.128	0.003	377421.583	325.711	0.008
1595316503.66809	230.113	0.003	377421.570	325.630	0.008
1595316503.66907	230.106	0.003	377421.583	325.550	0.008
1595316503.67048	230.110	0.003	377421.583	325.630	0.007
1595316503.70949	230.115	0.003	377421.589	325.630	0.007
1595316503.71014	230.131	0.003	377421.564	325.711	0.007
1595316503.75813	230.105	0.003	377421.588	325.630	0.008
1595316503.75920	230.116	0.003	0.018	325.711	0.008
1595316503.77151	230.132	0.003	0.021	325.630	0.008
1595316503.81108	230.119	0.003	377421.560	325.711	0.008
1595316503.81297	230.112	0.004	377421.578	325.630	0.007
1595316503.85122	230.135	0.003	377421.580	325.630	0.008
1595316503.85851	230.162	0.003	377421.583	325.791	0.007
1595316503.89551	230.124	0.003	377421.589	325.711	0.007
1595316503.90913	230.171	0.004	377421.575	325.791	0.008
1595316503.92123	230.121	0.004	0.022	325.711	0.007
1595316503.96352	230.105	0.003	377421.580	325.550	0.007
1595316503.97151	230.126	0.003	377421.574	325.630	0.008
1595316504.00951	230.078	0.003	377421.584	325.630	0.008
1595316504.02014	230.120	0.004	0.012	325.469	0.007
1595316504.03120	230.114	0.003	0.006	325.630	0.007
1595316504.06953	230.122	0.003	377421.588	325.469	0.008
1595316504.07016	230.076	0.004	0.018	325.550	0.008
1595316504.10861	230.094	0.003	377421.574	325.469	0.007
1595316504.12515	230.103	0.004	377421.585	325.630	0.008
1595316504.13320	230.112	0.003	377421.587	325.630	0.007
1595316504.17153	230.099	0.003	377421.577	325.630	0.008
1595316504.18153	230.138	0.004	377421.593	325.711	0.008
1595316504.19116	230.197	0.003	0.001	325.711	0.007
1595316504.23050	230.207	0.003	377421.578	325.711	0.008
1595316504.24071	230.185	0.003	377421.586	325.711	0.008
1595316504.25119	230.149	0.003	377421.571	325.630	0.008
1595316504.28953	230.184	0.003	377421.592	325.550	0.007
1595316504.29017	230.205	0.003	0.001	325.711	0.007
1595316504.32858	230.159	0.003	377421.585	325.711	0.007
1595316504.37662	230.143	0.003	0.003	325.872	0.007
1595316504.38018	230.202	0.003	377421.573	325.791	0.007
1595316504.38462	230.228	0.003	377421.580	325.711	0.008
1595316504.42556	230.178	0.003	0.005	325.791	0.008
1595316504.42719	230.142	0.003	377421.588	325.791	0.008
1595316504.46651	230.142	0.003	377421.576	325.791	0.007
1595316504.46918	230.184	0.003	0.006	325.550	0.007
1595316504.50859	230.121	0.003	0.013	325.550	0.007
1595316504.51614	230.163	0.003	377421.589	325.550	0.007
1595316504.54015	230.191	0.003	0.003	325.550	0.008
1595316504.55026	230.220	0.003	377421.559	325.630	0.008
1595316504.58814	230.168	0.003	377421.572	325.630	0.008
1595316504.60016	230.163	0.003	0.014	325.550	0.007
1595316504.61053	230.151	0.003	0.001	325.550	0.008
1595316504.64815	230.176	0.003	377421.571	325.550	0.008
1595316504.66023	230.219	0.003	377421.585	325.791	0.008
1595316504.67112	230.198	0.003	377421.588	325.630	0.008
1595316504.71853	230.190	0.003	377421.592	325.630	0.007
1595316504.75855	230.255	0.003	377421.570	325.550	0.007
1595316504.77658	230.320	0.003	377421.552	325.711	0.007
1595316504.81455	230.298	0.003	377421.557	325.711	0.008
1595316504.82322	230.270	0.003	377421.586	325.791	0.008
1595316504.83357	230.286	0.003	377421.593	325.791	0.008
1595316504.87153	230.318	0.003	0.001	325.872	0.008
1595316504.88155	230.324	0.003	0.004	325.791	0.008
1595316504.89120	230.285	0.003	377421.569	325.791	0.007
1595316504.92920	230.317	0.003	377421.556	325.791	0.007
1595316504.93014	230.294	0.003	377421.585	325.791	0.008
1595316504.96863	230.311	0.003	0.021	325.872	0.007
1595316505.00825	230.276	0.004	377421.592	325.952	0.008
1595316505.03314	230.334	0.003	0.008	325.872	0.008
1595316505.04629	230.328	0.003	0.008	325.952	0.008
1595316505.08462	230.354	0.003	377421.579	325.791	0.007
1595316505.09513	230.378	0.003	0.019	325.872	0.008
1595316505.10121	230.360	0.003	377421.570	325.791	0.008
1595316505.14064	230.363	0.003	377421.586	325.791	0.008
1595316505.14315	230.319	0.003	377421.563	325.791	0.007
1595316505.15111	230.293	0.003	377421.581	325.711	0.008
1595316505.19055	230.312	0.003	377421.591	325.872	0.008
1595316505.20118	230.309	0.003	377421.559	325.791	0.008
1595316505.21124	230.297	0.003	377421.590	325.872	0.008
1595316505.25025	230.295	0.003	0.001	325.872	0.007
1595316505.25112	230.397	0.003	377421.574	326.033	0.007
1595316505.29056	230.404	0.003	377421.563	326.033	0.008
1595316505.30318	230.405	0.003	377421.569	325.952	0.007
1595316505.31328	230.394	0.003	377421.576	325.952	0.007
1595316505.35156	230.429	0.003	0.006	326.033	0.007
1595316505.36119	230.447	0.003	377421.591	326.033	0.007
1595316505.37107	230.419	0.003	377421.586	326.113	0.009
1595316505.41006	230.366	0.003	377421.592	326.033	0.008
1595316505.41102	230.417	0.004	377421.586	326.113	0.008
1595316505.44903	230.392	0.003	377421.592	326.033	0.007
1595316505.45600	230.350	0.003	377421.581	325.952	0.008
1595316505.49461	230.355	0.003	377421.563	325.791	0.008
1595316505.51130	230.410	0.003	0.001	325.952	0.008
1595316505.55158	230.423	0.003	377421.576	326.033	0.008
1595316505.56158	230.404	0.003	377421.578	325.952	0.007
1595316505.57122	230.420	0.003	377421.577	326.033	0.007
1595316505.61019	230.418	0.003	377421.583	326.194	0.008
1595316505.62157	230.321	0.003	377421.592	325.952	0.008
1595316505.63122	230.371	0.003	377421.585	325.952	0.008
1595316505.67459	230.412	0.003	377421.572	325.952	0.008
1595316505.68158	230.445	0.003	377421.590	326.113	0.008
1595316505.69624	230.402	0.003	0.016	325.952	0.008
1595316505.73557	230.424	0.003	377421.578	326.033	0.007
1595316505.73622	230.409	0.003	377421.573	325.872	0.008
1595316505.77420	230.336	0.003	377421.572	326.033	0.008
1595316505.77727	230.322	0.003	0.004	326.033	0.008
1595316505.79017	230.336	0.003	377421.589	325.872	0.007
1595316505.82958	230.310	0.003	0.010	325.791	0.007
1595316505.84958	230.347	0.003	0.014	326.033	0.008
1595316505.85625	230.322	0.004	377421.583	325.872	0.008
1595316505.90660	230.314	0.003	377421.587	326.194	0.007
1595316505.90823	230.337	0.003	377421.587	325.952	0.008
1595316505.94560	230.335	0.003	0.011	326.033	0.007
1595316505.94621	230.319	0.004	377421.591	325.952	0.007
1595316505.95922	230.317	0.003	377421.541	325.872	0.008
1595316505.99722	230.354	0.003	377421.578	326.033	0.007
1595316506.00657	230.291	0.004	377421.583	325.952	0.008
1595316506.01824	230.234	0.003	377421.576	325.872	0.007
1595316506.05758	230.209	0.003	377421.571	325.791	0.007
1595316506.05922	230.258	0.003	377421.593	325.872	0.008
1595316506.09667	230.253	0.003	0.009	325.791	0.008
1595316506.09825	230.119	0.003	377421.570	325.711	0.008
1595316506.11423	230.108	0.003	0.000	325.630	0.008
1595316506.15358	230.136	0.003	377421.578	325.791	0.008
1595316506.16425	230.142	0.003	377421.585	325.711	0.007
1595316506.17321	230.103	0.003	377421.562	325.630	0.008
1595316506.21228	230.099	0.003	377421.588	325.550	0.007
1595316506.25060	230.168	0.003	377421.571	325.791	0.007
1595316506.25124	230.159	0.003	377421.573	325.550	0.008
1595316506.28961	230.159	0.004	377421.571	325.630	0.009
1595316506.30962	230.192	0.003	377421.589	325.711	0.008
1595316506.31024	230.167	0.003	377421.582	325.550	0.007
1595316506.34960	230.151	0.003	377421.572	325.630	0.007
1595316506.35025	230.076	0.003	0.011	325.550	0.008
1595316506.38865	230.057	0.003	377421.593	325.550	0.007
1595316506.39126	230.071	0.004	0.003	325.630	0.009
1595316506.43061	230.052	0.003	377421.585	325.630	0.007
1595316506.43123	230.080	0.004	377421.574	325.469	0.008
1595316506.47161	230.128	0.003	377421.575	325.550	0.007
1595316506.47326	230.153	0.003	377421.586	325.711	0.007
1595316506.51023	230.114	0.004	0.004	325.711	0.008
1595316506.55561	230.080	0.003	0.004	325.550	0.007
1595316506.55625	230.060	0.003	377421.580	325.469	0.007
1595316506.55821	230.053	0.004	377421.569	325.550	0.008
1595316506.59666	229.802	1.929	93.683	325.550	17.441
1595316506.59826	230.112	0.168	13.224	325.630	0.747
1595316506.61816	230.162	0.062	2.556	325.630	0.165
1595316506.66661	230.176	0.038	1.480	325.630	0.100
1595316506.66826	230.202	0.023	0.982	325.711	0.060
1595316506.66921	230.192	0.015	0.631	325.791	0.039
1595316506.70662	230.222	0.010	0.468	325.791	0.031
1595316506.72027	230.127	0.007	0.319	325.630	0.020
1595316506.73022	230.121	0.005	0.272	325.791	0.022
1595316506.75034	230.120	0.005	0.172	325.469	0.017
1595316506.78961	230.193	0.004	0.237	325.711	0.022
1595316506.79025	230.150	0.004	0.165	325.872	0.016
1595316506.82841	230.192	0.004	0.139	325.791	0.022
1595316506.82919	230.235	0.004	0.176	325.711	0.020
1595316506.86664	230.229	0.003	0.079	325.791	0.010
1595316506.86827	230.219	0.004	0.089	325.872	0.014
1595316506.90962	230.226	0.004	0.102	325.711	0.015
1595316506.91026	230.238	0.004	0.072	325.952	0.011
1595316506.95162	230.239	0.004	0.086	325.872	0.013
1595316506.95327	230.176	0.004	0.065	326.033	0.011
1595316506.99062	230.163	0.004	0.070	325.791	0.012
1595316507.00525	230.209	0.004	0.079	325.791	0.010
1595316507.04370	230.212	0.022	1.308	325.791	0.155
1595316507.04429	230.241	0.018	1.318	325.872	0.135
1595316507.05963	230.238	0.009	0.559	325.952	0.051
1595316507.09863	230.302	0.008	0.581	326.033	0.048
1595316507.13863	230.376	0.008	0.587	326.113	0.054
1595316507.13928	230.437	0.009	0.587	326.194	0.055
1595316507.18767	230.375	0.008	0.563	326.113	0.046
1595316507.18929	230.420	0.008	0.529	326.194	0.047
1595316507.19027	230.389	0.007	0.502	326.194	0.040
1595316507.22925	230.379	0.007	0.461	326.113	0.039
1595316507.23125	230.402	0.007	0.410	326.194	0.049
1595316507.26963	230.406	0.007	0.421	326.113	0.043
1595316507.27028	230.412	0.009	0.611	326.194	0.056
1595316507.30864	230.424	0.009	0.637	326.033	0.057
1595316507.33064	230.483	0.009	0.690	326.033	0.056
1595316507.36871	230.440	0.009	0.604	326.194	0.055
1595316507.40564	230.425	0.008	0.573	326.113	0.056
1595316507.40629	230.434	0.008	0.518	326.113	0.043
1595316507.42125	230.471	0.008	0.523	326.274	0.041
1595316507.43039	230.455	0.007	0.517	325.952	0.041
1595316507.46868	230.457	0.008	0.536	326.194	0.047
1595316507.49066	230.435	0.009	0.633	326.033	0.055
1595316507.52833	230.364	0.008	0.579	325.952	0.049
1595316507.54069	230.354	0.009	0.644	325.952	0.059
1595316507.55031	230.383	0.009	0.639	326.113	0.054
1595316507.58871	230.427	0.009	0.632	326.033	0.057
1595316507.59029	230.364	0.008	0.526	326.033	0.048
1595316507.62831	230.340	0.008	0.507	326.033	0.044
1595316507.67669	230.375	0.009	0.619	326.033	0.067
1595316507.67832	230.388	0.009	0.634	326.033	0.057
1595316507.71567	230.346	0.010	0.673	326.113	0.056
1595316507.71631	230.335	0.010	0.684	325.952	0.066
1595316507.72924	230.382	0.010	0.743	326.033	0.061
1595316507.76667	230.269	0.009	0.646	325.952	0.062
1595316507.76830	230.165	0.009	0.635	325.711	0.058
1595316507.80565	230.152	0.010	0.697	325.711	0.059
1595316507.81831	230.190	0.010	0.692	325.791	0.059
1595316507.85565	230.193	0.009	0.692	325.872	0.057
1595316507.86028	230.187	0.010	0.711	325.791	0.063
1595316507.89869	230.193	0.010	0.671	325.791	0.060
1595316507.91065	230.187	0.010	0.699	325.711	0.062
1595316507.94832	230.190	0.010	0.707	325.791	0.060
1595316507.97067	230.217	0.010	0.710	325.711	0.064
1595316508.00832	230.228	0.010	0.767	325.872	0.069
1595316508.02071	230.232	0.010	0.718	325.711	0.058
1595316508.03024	230.234	0.010	0.757	325.711	0.061
1595316508.06966	230.264	0.010	0.787	325.791	0.060
1595316508.08072	230.267	0.011	0.765	325.791	0.063
1595316508.09032	230.234	0.011	0.767	325.791	0.069
1595316508.13682	230.239	0.011	0.848	325.711	0.074
1595316508.17468	230.266	0.008	0.564	325.872	0.049
1595316508.18072	230.242	0.008	0.569	325.711	0.047
1595316508.21868	230.209	0.008	0.578	325.791	0.050
1595316508.22968	230.236	0.008	0.596	325.872	0.058
1595316508.26833	230.193	0.009	0.619	325.791	0.052
1595316508.27867	230.226	0.009	0.654	325.630	0.056
1595316508.28832	230.267	0.010	0.728	325.872	0.062
1595316508.32524	230.286	0.010	0.721	325.791	0.057
1595316508.33869	230.238	0.010	0.756	325.872	0.062
1595316508.35070	230.228	0.010	0.747	325.711	0.067
1595316508.38969	230.185	0.010	0.731	325.630	0.061
1595316508.40031	230.143	0.010	0.743	325.791	0.064
1595316508.41032	230.104	0.010	0.722	325.711	0.060
1595316508.44874	230.118	0.010	0.745	325.550	0.059
1595316508.46073	230.139	0.010	0.741	325.630	0.062
1595316508.49869	230.186	0.010	0.788	325.630	0.062
1595316508.53672	230.110	0.010	0.723	325.550	0.063
1595316508.53833	230.130	0.010	0.736	325.469	0.066
1595316508.57870	230.210	0.010	0.700	325.630	0.056
1595316508.59968	230.168	0.009	0.603	325.630	0.059
1595316508.60935	230.150	0.009	0.680	325.469	0.054
1595316508.64669	230.182	0.010	0.696	325.550	0.060
1595316508.65832	230.130	0.010	0.683	325.630	0.059
1595316508.66934	230.142	0.010	0.665	325.630	0.056
1595316508.70769	230.108	0.010	0.707	325.550	0.063
1595316508.71969	230.075	0.009	0.646	325.630	0.054
1595316508.72935	230.112	0.010	0.713	325.630	0.066
1595316508.76719	230.100	0.009	0.669	325.711	0.057
1595316508.76915	230.130	0.012	0.896	325.550	0.082
1595316508.80627	230.108	0.014	1.046	325.630	0.082
1595316508.81639	230.097	0.010	0.688	325.630	0.054
1595316508.85873	230.107	0.010	0.674	325.630	0.064
1595316508.87074	230.162	0.012	0.871	325.630	0.070
1595316508.91172	230.152	0.012	0.871	325.711	0.071
1595316508.91869	230.089	0.012	0.832	325.550	0.074
1595316508.92935	230.108	0.012	0.879	325.550	0.068
1595316508.96629	230.120	0.012	0.883	325.630	0.069
1595316508.98074	230.093	0.012	0.881	325.469	0.070
1595316508.99036	230.096	0.012	0.859	325.469	0.079
1595316509.02969	230.134	0.012	0.911	325.711	0.074
1595316509.04032	230.155	0.012	0.886	325.550	0.072
1595316509.05042	230.148	0.012	0.843	325.550	0.066
1595316509.09673	230.155	0.012	0.846	325.550	0.063
1595316509.13437	230.137	0.011	0.833	325.550	0.069
1595316509.14543	230.129	0.012	0.873	325.469	0.072
1595316509.15836	230.126	0.012	0.881	325.550	0.067
1595316509.17734	230.166	0.012	0.910	325.469	0.068
1595316509.21571	230.195	0.012	0.942	325.469	0.071
1595316509.21636	230.145	0.011	0.815	325.630	0.069
1595316509.23771	230.136	0.012	0.895	325.630	0.073
1595316509.27536	230.115	0.012	0.854	325.469	0.078
1595316509.27635	230.127	0.012	0.888	325.711	0.074
1595316509.29835	230.118	0.012	0.861	325.550	0.073
1595316509.35073	230.119	0.011	0.767	325.550	0.063
1595316509.35135	230.118	0.009	0.690	325.550	0.058
1595316509.36030	230.129	0.009	0.664	325.791	0.056
1595316509.37070	230.117	0.009	0.666	325.550	0.064
1595316509.41071	230.128	0.009	0.660	325.550	0.057
1595316509.41137	230.080	0.009	0.647	325.550	0.062
1595316509.44971	230.083	0.009	0.663	325.550	0.054
1595316509.48772	230.028	0.009	0.640	325.469	0.060
1595316509.48936	229.996	0.009	0.641	325.469	0.058
1595316509.49032	230.062	0.009	0.661	325.469	0.058
1595316509.53771	230.069	0.010	0.655	325.389	0.061
1595316509.53938	230.123	0.009	0.658	325.550	0.054
1595316509.55974	230.085	0.009	0.665	325.469	0.054
1595316509.56938	230.045	0.010	0.707	325.389	0.057
1595316509.60637	229.981	0.009	0.661	325.469	0.062
1595316509.60835	230.023	0.009	0.643	325.389	0.054
1595316509.64573	230.088	0.010	0.692	325.469	0.067
1595316509.64637	230.197	0.010	0.689	325.469	0.056
1595316509.66935	230.221	0.010	0.687	325.550	0.060
1595316509.70644	230.212	0.009	0.641	325.630	0.054
1595316509.75473	230.131	0.009	0.625	325.550	0.059
1595316509.75539	230.218	0.009	0.681	325.711	0.056
1595316509.75631	230.208	0.009	0.665	325.711	0.063
1595316509.77374	230.164	0.009	0.686	325.550	0.054
1595316509.81038	230.187	0.009	0.664	325.630	0.058
1595316509.81734	230.239	0.010	0.682	325.711	0.058
1595316509.82853	230.261	0.010	0.707	325.791	0.058
1595316509.86532	230.258	0.009	0.668	325.711	0.057
1595316509.87974	230.271	0.009	0.678	325.630	0.056
1595316509.88939	230.265	0.009	0.665	325.711	0.054
1595316509.92673	230.268	0.009	0.650	325.711	0.058
1595316509.92738	230.233	0.009	0.652	325.711	0.057
1595316509.96537	230.242	0.009	0.661	325.791	0.059
1595316509.98476	230.198	0.009	0.647	325.711	0.061
1595316509.99140	230.238	0.009	0.654	325.711	0.060
1595316510.02974	230.215	0.009	0.649	325.711	0.052
1595316510.07337	230.221	0.010	0.689	325.630	0.056
1595316510.07541	230.239	0.009	0.647	325.791	0.057
1595316510.07633	230.248	0.009	0.673	325.952	0.052
1595316510.11473	230.203	0.009	0.617	325.711	0.054
1595316510.11537	230.210	0.009	0.691	325.711	0.063
1595316510.13474	230.265	0.009	0.653	325.630	0.057
1595316510.17174	230.271	0.009	0.668	325.872	0.059
1595316510.17239	230.265	0.009	0.658	325.872	0.056
1595316510.21038	230.275	0.009	0.656	325.711	0.055
1595316510.21648	230.265	0.009	0.654	325.711	0.056
1595316510.22974	230.261	0.009	0.668	325.711	0.060
1595316510.26678	230.227	0.009	0.684	325.711	0.058
1595316510.27679	230.254	0.009	0.659	325.711	0.060
1595316510.29939	230.315	0.010	0.707	325.952	0.059
1595316510.30882	230.359	0.009	0.687	326.033	0.054
1595316510.34675	230.355	0.010	0.694	325.952	0.055
1595316510.35739	230.323	0.009	0.694	325.872	0.059
1595316510.36941	230.354	0.010	0.675	325.952	0.069
1595316510.40632	230.320	0.009	0.614	325.952	0.057
1595316510.40722	230.239	0.010	0.677	325.952	0.057
1595316510.44522	230.213	0.009	0.622	325.872	0.052
1595316510.45722	230.254	0.009	0.665	325.872	0.059
1595316510.46945	230.246	0.009	0.661	325.952	0.057
1595316510.50775	230.198	0.009	0.656	325.791	0.063
1595316510.55277	230.144	0.010	0.662	325.791	0.064
1595316510.55440	230.197	0.009	0.663	325.791	0.052
1595316510.55535	230.197	0.009	0.692	325.791	0.059
1595316510.56775	230.199	0.009	0.656	325.872	0.059
1595316510.60542	230.225	0.009	0.661	325.872	0.059
1595316510.61740	230.261	0.010	0.700	325.952	0.058
1595316510.62742	230.155	0.009	0.643	325.872	0.062
1595316510.66578	230.189	0.009	0.666	325.791	0.055
1595316510.68776	230.166	0.009	0.639	325.872	0.056
1595316510.72545	230.171	0.009	0.661	325.791	0.054
1595316510.74177	230.198	0.009	0.693	325.872	0.060
1595316510.74941	230.197	0.009	0.680	325.791	0.056
1595316510.78678	230.197	0.009	0.656	325.630	0.062
1595316510.78942	230.181	0.009	0.675	325.872	0.054
1595316510.82644	230.187	0.009	0.686	325.711	0.054
1595316510.87277	230.127	0.009	0.650	325.630	0.055
1595316510.87540	230.169	0.009	0.677	325.711	0.060
1595316510.91278	230.136	0.009	0.649	325.791	0.058
1595316510.91443	230.095	0.009	0.649	325.711	0.057
1595316510.95179	230.142	0.009	0.654	325.711	0.054
1595316510.95941	230.155	0.009	0.647	325.630	0.054
1595316510.96947	230.173	0.009	0.673	325.630	0.056
1595316511.00643	230.116	0.009	0.604	325.711	0.051
1595316511.00744	230.100	0.009	0.676	325.630	0.058
1595316511.04578	230.106	0.009	0.665	325.711	0.061
1595316511.09378	230.141	0.010	0.699	325.550	0.055
1595316511.09543	230.062	0.009	0.624	325.550	0.057
1595316511.09738	229.887	0.009	0.598	325.469	0.055
1595316511.13555	229.925	0.009	0.674	325.469	0.056
1595316511.13636	229.945	0.009	0.648	325.389	0.061
1595316511.14777	229.875	0.009	0.658	325.389	0.055
1595316511.18555	229.840	0.009	0.625	325.308	0.061
1595316511.18735	229.838	0.009	0.640	325.228	0.054
1595316511.22679	229.846	0.009	0.670	325.147	0.055
1595316511.23448	229.868	0.010	0.685	325.308	0.059
1595316511.27758	229.821	0.011	0.822	325.147	0.070
1595316511.28035	229.864	0.012	0.895	325.228	0.076
1595316511.31741	229.938	0.012	0.857	325.228	0.071
1595316511.35781	229.986	0.012	0.905	325.389	0.071
1595316511.35944	229.940	0.011	0.856	325.228	0.069
1595316511.41079	229.936	0.011	0.872	325.308	0.066
1595316511.41144	229.922	0.011	0.845	325.308	0.071
1595316511.42540	229.857	0.012	0.868	325.228	0.071
1595316511.46283	229.857	0.012	0.852	325.067	0.068
1595316511.46451	229.877	0.012	0.862	325.147	0.068
1595316511.48980	229.872	0.012	0.853	325.228	0.071
1595316511.52645	229.890	0.011	0.854	325.228	0.070
1595316511.53781	229.948	0.012	0.865	325.389	0.078
1595316511.54887	229.900	0.012	0.852	325.147	0.067
1595316511.58778	229.907	0.012	0.857	325.389	0.071
1595316511.59742	229.910	0.012	0.831	325.469	0.063
1595316511.60744	229.957	0.011	0.793	325.630	0.064
1595316511.64644	229.924	0.010	0.780	325.469	0.064
1595316511.64750	229.904	0.011	0.763	325.389	0.064
1595316511.68982	229.880	0.011	0.766	325.308	0.070
1595316511.69742	229.935	0.010	0.756	325.228	0.062
1595316511.70752	229.940	0.011	0.793	325.469	0.064
1595316511.75280	229.947	0.011	0.772	325.308	0.060
1595316511.79182	229.925	0.011	0.795	325.469	0.061
1595316511.79780	229.909	0.011	0.812	325.308	0.069
1595316511.80747	229.854	0.011	0.769	325.228	0.064
1595316511.84583	229.895	0.011	0.807	325.147	0.069
1595316511.84647	229.930	0.011	0.812	325.389	0.064
1595316511.86982	229.985	0.011	0.827	325.228	0.067
1595316511.90782	229.992	0.010	0.781	325.308	0.066
1595316511.91982	229.995	0.010	0.769	325.308	0.067
1595316511.92947	229.987	0.010	0.754	325.308	0.063
1595316511.96780	230.026	0.011	0.812	325.469	0.064
1595316511.96947	230.004	0.011	0.808	325.469	0.063
1595316512.00681	230.007	0.011	0.778	325.389	0.066
1595316512.00746	230.009	0.011	0.776	325.469	0.062
1595316512.02944	230.013	0.011	0.804	325.469	0.073
1595316512.06781	229.983	0.011	0.771	325.469	0.072
1595316512.07986	230.027	0.011	0.798	325.550	0.066
1595316512.09044	230.122	0.011	0.797	325.550	0.064
1595316512.13943	230.112	0.011	0.780	325.791	0.061
1595316512.14063	230.157	0.011	0.804	325.791	0.063
1595316512.14963	230.124	0.011	0.773	325.711	0.063
1595316512.18863	230.065	0.010	0.768	325.630	0.067
1595316512.19263	230.084	0.011	0.754	325.550	0.064
1595316512.23085	230.062	0.011	0.779	325.711	0.061
1595316512.24483	230.073	0.011	0.764	325.630	0.066
1595316512.25652	230.109	0.011	0.793	325.469	0.063
1595316512.27779	230.151	0.011	0.801	325.550	0.066
1595316512.31586	230.107	0.010	0.766	325.550	0.063
1595316512.31651	230.125	0.011	0.775	325.550	0.069
1595316512.33738	230.137	0.011	0.817	325.550	0.068
1595316512.36048	230.116	0.011	0.788	325.630	0.061
1595316512.40287	230.111	0.011	0.781	325.630	0.063
1595316512.40583	230.080	0.011	0.766	325.550	0.063
1595316512.44485	230.078	0.010	0.736	325.630	0.071
1595316512.44547	230.101	0.011	0.771	325.711	0.062
1595316512.48285	230.114	0.011	0.839	325.711	0.067
1595316512.49553	230.085	0.013	1.022	325.550	0.086
1595316512.53785	230.053	0.015	1.114	325.550	0.084
1595316512.53948	230.057	0.014	1.086	325.550	0.094
1595316512.57691	230.086	0.017	1.372	325.550	0.100
1595316512.57947	230.131	0.013	0.978	325.630	0.081
1595316512.59784	230.123	0.013	0.922	325.550	0.080
1595316512.60748	230.074	0.012	0.912	325.550	0.074
1595316512.64546	230.071	0.013	0.942	325.550	0.074
1595316512.64656	230.033	0.013	0.950	325.469	0.072
1595316512.68489	230.074	0.010	0.751	325.550	0.060
1595316512.69648	230.067	0.010	0.717	325.630	0.067
1595316512.71742	230.047	0.010	0.702	325.469	0.059
1595316512.75586	230.100	0.010	0.716	325.550	0.064
1595316512.75654	230.164	0.010	0.707	325.630	0.057
1595316512.76742	230.100	0.010	0.718	325.550	0.061
1595316512.80586	230.093	0.010	0.738	325.630	0.061
1595316512.80649	230.080	0.013	0.986	325.630	0.081
1595316512.84459	230.076	0.013	1.005	325.630	0.082
1595316512.88785	230.092	0.011	0.785	325.630	0.078
1595316512.88950	230.085	0.013	0.932	325.550	0.076
1595316512.89045	230.048	0.012	0.888	325.630	0.069
1595316512.92985	230.026	0.013	1.007	325.550	0.078
1595316512.93050	230.049	0.013	0.979	325.469	0.075
1595316512.96787	230.034	0.013	0.957	325.469	0.079
1595316512.97155	230.041	0.013	1.001	325.630	0.079
1595316513.01287	230.093	0.012	0.912	325.469	0.080
1595316513.01547	230.124	0.012	0.926	325.469	0.071
1595316513.02658	230.119	0.013	0.952	325.630	0.074
1595316513.06459	230.162	0.014	1.055	325.550	0.082
1595316513.08686	230.155	0.013	1.012	325.550	0.080
1595316513.12487	230.120	0.013	1.009	325.630	0.084
1595316513.12551	230.127	0.013	1.000	325.550	0.080
1595316513.16286	230.087	0.013	0.998	325.389	0.078
1595316513.17786	230.085	0.014	1.048	325.469	0.080
1595316513.21987	230.026	0.011	0.789	325.469	0.061
1595316513.22053	230.037	0.010	0.772	325.389	0.064
1595316513.23786	230.089	0.010	0.756	325.469	0.063
1595316513.24752	230.123	0.010	0.722	325.630	0.056
1595316513.28483	230.121	0.010	0.737	325.630	0.061
1595316513.29766	230.095	0.010	0.718	325.711	0.059
1595316513.30751	230.078	0.010	0.711	325.469	0.057
1595316513.35445	230.061	0.010	0.722	325.469	0.057
1595316513.39486	229.945	0.010	0.701	325.308	0.060
1595316513.39646	229.921	0.010	0.694	325.389	0.067
1595316513.40686	229.943	0.010	0.734	325.308	0.059
1595316513.44461	229.957	0.011	0.828	325.550	0.073
1595316513.45987	229.938	0.010	0.714	325.308	0.055
1595316513.46753	229.996	0.010	0.740	325.389	0.058
1595316513.50688	230.006	0.010	0.723	325.389	0.060
1595316513.51688	229.999	0.010	0.691	325.469	0.058
1595316513.52753	230.005	0.010	0.721	325.389	0.062
1595316513.56589	230.011	0.010	0.735	325.469	0.057
1595316513.56652	230.012	0.010	0.700	325.469	0.059
1595316513.60488	230.013	0.010	0.725	325.389	0.057
1595316513.61753	229.977	0.010	0.700	325.389	0.062
1595316513.62745	230.017	0.010	0.729	325.308	0.060
1595316513.66636	229.978	0.011	0.839	325.308	0.078
1595316513.67634	229.948	0.013	0.996	325.228	0.079
1595316513.68735	229.917	0.014	1.054	325.389	0.081
1595316513.72734	229.932	0.013	0.995	325.389	0.080
1595316513.72934	229.989	0.014	1.063	325.228	0.078
1595316513.76747	229.931	0.013	1.025	325.308	0.086
1595316513.77535	229.886	0.014	1.080	325.228	0.087
1595316513.81235	229.902	0.013	0.959	325.308	0.080
1595316513.81433	229.862	0.012	0.847	325.228	0.068
1595316513.82635	229.927	0.012	0.837	325.308	0.073
1595316513.86435	229.916	0.012	0.883	325.389	0.067
1595316513.87735	229.928	0.011	0.834	325.308	0.066
1595316513.88993	229.926	0.012	0.876	325.308	0.076
1595316513.92650	229.949	0.011	0.842	325.308	0.068
1595316513.93736	229.947	0.012	0.859	325.550	0.075
1595316513.95741	229.930	0.011	0.822	325.389	0.068
1595316513.99690	229.877	0.012	0.855	325.389	0.068
1595316513.99951	229.886	0.012	0.848	325.308	0.071
1595316514.00762	229.869	0.011	0.858	325.389	0.070
1595316514.04590	229.887	0.012	0.868	325.308	0.073
1595316514.04654	229.831	0.011	0.828	325.228	0.076
1595316514.08494	229.912	0.012	0.869	325.308	0.071
1595316514.10784	229.897	0.011	0.846	325.469	0.068
1595316514.15290	229.901	0.011	0.853	325.469	0.070
1595316514.16460	229.916	0.011	0.854	325.308	0.068
1595316514.18152	229.934	0.012	0.893	325.469	0.067
1595316514.22190	229.864	0.011	0.841	325.308	0.073
1595316514.22655	229.845	0.012	0.870	325.228	0.073
1595316514.26491	229.806	0.011	0.840	325.228	0.066
1595316514.26555	229.784	0.012	0.846	325.308	0.070
1595316514.30590	229.767	0.012	0.854	325.228	0.067
1595316514.31661	229.765	0.011	0.822	325.147	0.072
1595316514.32967	229.812	0.012	0.841	325.228	0.075
1595316514.36790	229.848	0.012	0.886	325.147	0.068
1595316514.36956	229.831	0.012	0.905	325.389	0.073
1595316514.40656	229.797	0.011	0.827	325.308	0.066
1595316514.41691	229.813	0.012	0.869	325.308	0.071
1595316514.42656	229.798	0.012	0.865	325.228	0.075
1595316514.46489	229.733	0.011	0.788	325.228	0.072
1595316514.47691	229.715	0.012	0.870	325.308	0.072
1595316514.48655	229.750	0.012	0.867	325.147	0.070
1595316514.52488	229.768	0.012	0.840	325.228	0.071
1595316514.52656	229.776	0.012	0.852	325.389	0.071
1595316514.56457	229.774	0.012	0.844	325.228	0.070
1595316514.60793	229.793	0.012	0.870	325.308	0.071
1595316514.60957	229.785	0.012	0.845	325.389	0.071
1595316514.61751	229.736	0.012	0.860	325.147	0.079
1595316514.65791	229.754	0.012	0.839	325.147	0.070
1595316514.67555	229.865	0.012	0.881	325.389	0.071
1595316514.68659	229.870	0.011	0.860	325.308	0.069
1595316514.72459	229.870	0.011	0.840	325.308	0.069
1595316514.73687	229.859	0.012	0.871	325.469	0.069
1595316514.74657	229.858	0.012	0.854	325.389	0.078
1595316514.78892	229.900	0.012	0.844	325.389	0.068
1595316514.79057	229.890	0.013	0.936	325.389	0.073
1595316514.80791	229.915	0.011	0.821	325.469	0.062
1595316514.84595	229.924	0.010	0.760	325.469	0.057
1595316514.84957	229.880	0.010	0.746	325.228	0.064
1595316514.88657	229.864	0.012	0.930	325.308	0.081
1595316514.89158	229.936	0.013	0.987	325.389	0.075
1595316514.92996	229.938	0.014	1.063	325.469	0.088
1595316514.93058	229.921	0.015	1.166	325.550	0.091
1595316514.97992	229.882	0.016	1.198	325.389	0.093
1595316514.98062	229.915	0.017	1.299	325.308	0.095
1595316514.99694	229.951	0.015	1.174	325.389	0.103
1595316515.03492	229.943	0.016	1.252	325.389	0.094
1595316515.03557	229.964	0.017	1.290	325.550	0.110
1595316515.05693	230.012	0.016	1.265	325.389	0.095
1595316515.06659	230.040	0.017	1.291	325.630	0.099
1595316515.10593	230.032	0.017	1.277	325.630	0.095
1595316515.10658	229.997	0.016	1.221	325.550	0.096
1595316515.14457	230.046	0.017	1.273	325.630	0.096
1595316515.15693	230.046	0.017	1.337	325.630	0.103
1595316515.16662	230.030	0.017	1.308	325.630	0.102
1595316515.20796	230.011	0.017	1.321	325.630	0.108
1595316515.21456	230.042	0.017	1.343	325.791	0.102
1595316515.23266	230.076	0.017	1.326	325.711	0.099
1595316515.27093	230.099	0.017	1.316	325.711	0.099
1595316515.27262	230.139	0.017	1.329	325.711	0.102
1595316515.31097	230.125	0.017	1.279	325.711	0.100
1595316515.33272	230.101	0.016	1.243	325.711	0.095
1595316515.37094	230.099	0.017	1.299	325.550	0.098
1595316515.38258	230.128	0.017	1.278	325.630	0.100
1595316515.39993	230.106	0.019	1.479	325.630	0.126
1595316515.40661	230.117	0.019	1.482	325.630	0.109
1595316515.44454	230.092	0.018	1.474	325.791	0.107
1595316515.44541	230.088	0.018	1.404	325.791	0.105
1595316515.48241	230.080	0.018	1.418	325.630	0.107
1595316515.49442	230.086	0.019	1.444	325.630	0.108
1595316515.53194	230.039	0.018	1.420	325.630	0.103
1595316515.54673	230.021	0.018	1.424	325.630	0.108
1595316515.55962	230.038	0.019	1.424	325.630	0.111
1595316515.59796	230.062	0.018	1.437	325.791	0.108
1595316515.60060	230.048	0.018	1.403	325.630	0.108
1595316515.60960	230.053	0.019	1.471	325.630	0.115
1595316515.64700	230.046	0.018	1.391	325.550	0.110
1595316515.64762	230.084	0.018	1.396	325.550	0.104
1595316515.68992	230.040	0.019	1.488	325.630	0.110
1595316515.70695	229.921	0.019	1.433	325.469	0.108
1595316515.74463	229.979	0.019	1.452	325.711	0.110
1595316515.74554	229.952	0.019	1.423	325.791	0.110
1595316515.78295	229.981	0.018	1.372	325.630	0.108
1595316515.82198	230.054	0.019	1.452	325.711	0.107
1595316515.82262	230.022	0.020	1.516	325.550	0.121
1595316515.82754	229.996	0.021	1.629	325.550	0.122
1595316515.86596	229.953	0.020	1.615	325.469	0.122
1595316515.87266	229.977	0.021	1.615	325.550	0.123
1595316515.91156	229.918	0.022	1.708	325.711	0.133
1595316515.91495	229.874	0.021	1.614	325.550	0.122
1595316515.95162	229.908	0.021	1.646	325.469	0.126
1595316515.95559	229.934	0.021	1.637	325.550	0.123
1595316515.96668	229.951	0.021	1.660	325.630	0.121
1595316516.00465	229.930	0.020	1.588	325.469	0.117
1595316516.01496	229.907	0.021	1.651	325.469	0.126
1595316516.02563	229.916	0.021	1.622	325.308	0.122
1595316516.06498	229.917	0.021	1.588	325.469	0.121
1595316516.08602	229.841	0.021	1.620	325.308	0.120
1595316516.12698	229.836	0.021	1.663	325.389	0.121
1595316516.12961	229.842	0.021	1.648	325.469	0.118
1595316516.16698	229.812	0.021	1.670	325.389	0.128
1595316516.20599	229.842	0.021	1.646	325.308	0.123
1595316516.20662	229.858	0.022	1.732	325.469	0.127
1595316516.24658	229.820	0.021	1.685	325.469	0.123
1595316516.24774	229.823	0.020	1.608	325.469	0.121
1595316516.24956	229.816	0.021	1.690	325.469	0.122
1595316516.28699	229.833	0.021	1.660	325.389	0.121
1595316516.29264	229.828	0.021	1.659	325.308	0.127
1595316516.33100	229.804	0.021	1.689	325.389	0.131
1595316516.33263	229.805	0.026	2.149	325.389	0.159
1595316516.34564	229.764	0.030	2.448	325.308	0.171
1595316516.38498	229.818	0.031	2.519	325.469	0.176
1595316516.39595	229.805	0.030	2.436	325.469	0.173
1595316516.40665	229.833	0.029	2.374	325.469	0.169
1595316516.44598	229.852	0.029	2.353	325.550	0.168
1595316516.44663	229.800	0.030	2.469	325.389	0.177
1595316516.48499	229.803	0.030	2.440	325.469	0.174
1595316516.50760	229.810	0.030	2.489	325.469	0.169
1595316516.50893	229.783	0.028	2.243	325.389	0.165
1595316516.54797	229.750	0.024	1.862	325.389	0.139
1595316516.56199	229.764	0.024	1.860	325.228	0.151
1595316516.56964	229.798	0.023	1.818	325.469	0.140
1595316516.60797	229.779	0.022	1.752	325.389	0.132
1595316516.60964	229.722	0.021	1.718	325.389	0.127
1595316516.64660	229.762	0.023	1.821	325.389	0.134
1595316516.68501	229.771	0.021	1.687	325.308	0.121
1595316516.68665	229.797	0.022	1.721	325.308	0.126
1595316516.69662	229.809	0.021	1.652	325.389	0.122
1595316516.73472	229.745	0.021	1.649	325.228	0.123
1595316516.73558	229.805	0.021	1.706	325.308	0.130
1595316516.75698	229.842	0.021	1.700	325.308	0.128
1595316516.76665	229.832	0.021	1.682	325.550	0.126
1595316516.80501	229.765	0.021	1.674	325.308	0.122
1595316516.81898	229.784	0.021	1.676	325.147	0.124
1595316516.82759	229.770	0.021	1.686	325.469	0.128
1595316516.86699	229.782	0.021	1.673	325.469	0.128
1595316516.87717	229.812	0.022	1.703	325.469	0.130
1595316516.90100	229.884	0.021	1.696	325.550	0.126
1595316516.93801	229.877	0.022	1.687	325.550	0.124
1595316516.93970	229.878	0.021	1.669	325.550	0.123
1595316516.94601	229.864	0.021	1.650	325.550	0.121
1595316516.98399	229.804	0.021	1.682	325.550	0.124
1595316516.98565	229.798	0.021	1.659	325.469	0.130
1595316517.02499	229.825	0.021	1.672	325.550	0.126
1595316517.03465	229.832	0.021	1.702	325.630	0.126
1595316517.07167	229.819	0.021	1.668	325.469	0.122
1595316517.07268	229.882	0.021	1.665	325.469	0.126
1595316517.11060	229.906	0.021	1.707	325.469	0.123
1595316517.11249	229.887	0.021	1.660	325.389	0.128
1595316517.13573	229.933	0.021	1.689	325.469	0.126
1595316517.17303	229.860	0.021	1.639	325.550	0.127
1595316517.19204	229.808	0.021	1.650	325.389	0.122
1595316517.20067	229.828	0.021	1.679	325.389	0.122
1595316517.23767	229.884	0.022	1.717	325.469	0.127
1595316517.24164	229.856	0.021	1.720	325.469	0.121
1595316517.25273	229.821	0.021	1.681	325.469	0.124
1595316517.26568	229.840	0.021	1.638	325.469	0.131
1595316517.30304	229.868	0.020	1.587	325.550	0.123
1595316517.30467	229.839	0.021	1.662	325.389	0.122
1595316517.34164	229.841	0.021	1.639	325.469	0.123
1595316517.34663	229.800	0.023	1.827	325.308	0.139
1595316517.38504	229.818	0.025	1.969	325.469	0.162
1595316517.40706	229.851	0.026	2.110	325.630	0.154
1595316517.44804	229.773	0.027	2.221	325.389	0.158
1595316517.45666	229.718	0.026	2.061	325.228	0.155
1595316517.46671	229.765	0.029	2.307	325.308	0.168
1595316517.50603	229.780	0.031	2.524	325.389	0.178
1595316517.50667	229.770	0.032	2.609	325.389	0.181
1595316517.54467	229.760	0.032	2.602	325.389	0.181
1595316517.55262	229.781	0.033	2.613	325.308	0.188
1595316517.59104	229.777	0.033	2.661	325.389	0.185
1595316517.59166	229.811	0.033	2.652	325.308	0.181
1595316517.61804	229.780	0.033	2.699	325.389	0.182
1595316517.65569	229.795	0.032	2.600	325.308	0.185
1595316517.66703	229.840	0.031	2.552	325.389	0.178
1595316517.70503	229.788	0.032	2.582	325.389	0.185
1595316517.72603	229.833	0.031	2.594	325.389	0.176
1595316517.76269	229.859	0.032	2.571	325.550	0.175
1595316517.76466	229.832	0.031	2.538	325.308	0.174
1595316517.78568	229.761	0.031	2.556	325.308	0.175
1595316517.82304	229.770	0.032	2.615	325.308	0.182
1595316517.82472	229.741	0.032	2.548	325.308	0.181
1595316517.86162	229.750	0.031	2.570	325.308	0.176
1595316517.91004	229.770	0.031	2.504	325.308	0.170
1595316517.91172	229.817	0.029	2.345	325.550	0.168
1595316517.95306	229.856	0.028	2.294	325.550	0.166
1595316517.95468	229.811	0.029	2.377	325.630	0.170
1595316517.96567	229.862	0.028	2.339	325.469	0.164
1595316518.00303	229.917	0.028	2.266	325.550	0.161
1595316518.00473	229.923	0.030	2.422	325.469	0.165
1595316518.04167	229.910	0.030	2.462	325.550	0.173
1595316518.04277	229.874	0.029	2.329	325.469	0.168
1595316518.08107	229.903	0.029	2.310	325.630	0.171
1595316518.11907	229.895	0.031	2.527	325.630	0.179
1595316518.12073	229.849	0.030	2.500	325.711	0.176
1595316518.13367	229.827	0.030	2.429	325.550	0.176
1595316518.14479	229.839	0.030	2.401	325.469	0.165
1595316518.18204	229.894	0.027	2.188	325.550	0.154
1595316518.19405	229.916	0.025	1.969	325.711	0.140
1595316518.20473	229.928	0.023	1.862	325.630	0.136
1595316518.24205	229.988	0.024	1.954	325.791	0.145
1595316518.25407	229.961	0.025	2.023	325.630	0.146
1595316518.26571	229.901	0.026	2.042	325.550	0.155
1595316518.30405	229.856	0.029	2.315	325.469	0.166
1595316518.31603	229.860	0.031	2.487	325.469	0.173
1595316518.32571	229.881	0.029	2.371	325.550	0.166
1595316518.36310	229.818	0.028	2.312	325.389	0.167
1595316518.37172	229.832	0.025	1.995	325.389	0.147
1595316518.41009	229.871	0.026	2.104	325.389	0.151
1595316518.45408	229.837	0.024	1.934	325.389	0.135
1595316518.45670	229.821	0.024	1.963	325.228	0.141
1595316518.46960	229.862	0.024	1.898	325.389	0.136
1595316518.50664	229.894	0.024	1.897	325.469	0.138
1595316518.51406	229.894	0.023	1.864	325.469	0.142
1595316518.52472	229.900	0.024	1.903	325.550	0.141
1595316518.56169	229.914	0.025	1.988	325.550	0.146
1595316518.57406	229.881	0.025	2.051	325.469	0.146
1595316518.58673	229.869	0.025	1.939	325.630	0.142
1595316518.62607	229.815	0.023	1.861	325.469	0.135
1595316518.63606	229.810	0.024	1.890	325.308	0.143
1595316518.64573	229.853	0.024	1.891	325.630	0.139
1595316518.68607	229.880	0.024	1.910	325.630	0.140
1595316518.68671	229.795	0.024	1.933	325.550	0.144
1595316518.72368	229.797	0.023	1.826	325.550	0.133
1595316518.73081	229.790	0.024	1.883	325.469	0.135
1595316518.76779	229.745	0.023	1.885	325.469	0.139
1595316518.76865	229.733	0.030	2.400	325.389	0.178
1595316518.80666	229.765	0.031	2.491	325.389	0.174
1595316518.80753	229.772	0.030	2.469	325.389	0.171
1595316518.84707	229.773	0.030	2.509	325.308	0.170
1595316518.84775	229.856	0.031	2.533	325.389	0.175
1595316518.88907	229.870	0.031	2.502	325.389	0.168
1595316518.89170	229.848	0.031	2.501	325.469	0.177
1595316518.92908	229.798	0.031	2.488	325.389	0.178
1595316518.93207	229.815	0.031	2.525	325.469	0.177
1595316518.95406	229.829	0.031	2.521	325.469	0.171
1595316518.99174	229.840	0.031	2.522	325.550	0.177
1595316518.99273	229.810	0.032	2.575	325.389	0.177
1595316519.00372	229.794	0.032	2.611	325.389	0.181
1595316519.04208	229.833	0.032	2.620	325.389	0.179
1595316519.04273	229.831	0.031	2.595	325.550	0.182
1595316519.06311	229.816	0.033	2.690	325.469	0.185
1595316519.10075	229.835	0.033	2.699	325.389	0.182
1595316519.10272	229.787	0.033	2.667	325.469	0.186
1595316519.14109	229.787	0.034	2.765	325.469	0.187
1595316519.17910	229.780	0.032	2.587	325.469	0.176
1595316519.18075	229.811	0.032	2.581	325.469	0.180
1595316519.18166	229.851	0.033	2.681	325.550	0.192
1595316519.21909	229.843	0.033	2.694	325.711	0.187
1595316519.22075	229.816	0.033	2.645	325.550	0.192
1595316519.25909	229.766	0.033	2.609	325.550	0.180
1595316519.27175	229.803	0.032	2.599	325.550	0.186
1595316519.30911	229.836	0.033	2.656	325.469	0.182
1595316519.31176	229.821	0.033	2.647	325.469	0.182
1595316519.35310	229.821	0.033	2.743	325.630	0.189
1595316519.35374	229.844	0.033	2.748	325.550	0.186
1595316519.37409	229.842	0.032	2.661	325.791	0.176
1595316519.38375	229.838	0.032	2.685	325.550	0.182
1595316519.42211	229.751	0.033	2.635	325.550	0.179
1595316519.42374	229.735	0.033	2.640	325.469	0.183
1595316519.44610	229.719	0.032	2.623	325.469	0.181
1595316519.48408	229.716	0.031	2.564	325.228	0.181
1595316519.48574	229.712	0.032	2.627	325.308	0.180
1595316519.52310	229.722	0.031	2.575	325.308	0.176
1595316519.53276	229.724	0.031	2.540	325.389	0.170
1595316519.57114	229.719	0.031	2.525	325.389	0.176
1595316519.57409	229.689	0.031	2.498	325.308	0.181
1595316519.62210	229.607	0.031	2.517	325.308	0.181
1595316519.62275	229.631	0.031	2.526	325.308	0.186
1595316519.62371	229.628	0.030	2.492	325.228	0.174
1595316519.66212	229.677	0.031	2.549	325.308	0.180
1595316519.67176	229.721	0.032	2.610	325.389	0.178
1595316519.69311	229.717	0.031	2.529	325.308	0.175
1595316519.70377	229.705	0.031	2.502	325.389	0.177
1595316519.74412	229.726	0.032	2.506	325.389	0.180
1595316519.74575	229.718	0.031	2.521	325.308	0.177
1595316519.78712	229.734	0.031	2.549	325.550	0.176
1595316519.79276	229.770	0.031	2.544	325.469	0.170
1595316519.83077	229.828	0.031	2.616	325.469	0.176
1595316519.83175	229.810	0.032	2.590	325.550	0.174
1595316519.88111	229.769	0.031	2.486	325.550	0.174
1595316519.88177	229.748	0.030	2.412	325.469	0.171
1595316519.89273	229.772	0.027	2.214	325.389	0.168
1595316519.90279	229.797	0.023	1.880	325.550	0.138
1595316519.95213	229.798	0.023	1.816	325.469	0.130
1595316519.96412	229.731	0.023	1.827	325.389	0.133
1595316520.00178	229.811	0.023	1.766	325.389	0.130
1595316520.00272	229.870	0.023	1.858	325.469	0.132
1595316520.04113	229.895	0.022	1.827	325.630	0.138
1595316520.08813	229.899	0.023	1.858	325.630	0.133
1595316520.08878	229.908	0.023	1.801	325.630	0.131
1595316520.09071	229.971	0.023	1.809	325.630	0.132
1595316520.10273	229.882	0.022	1.778	325.711	0.127
1595316520.14091	229.844	0.022	1.766	325.550	0.130
1595316520.14170	229.813	0.022	1.762	325.389	0.133
1595316520.17914	229.825	0.022	1.815	325.469	0.136
1595316520.19078	229.859	0.023	1.824	325.308	0.131
1595316520.20277	229.841	0.023	1.779	325.389	0.134
1595316520.24216	229.888	0.023	1.843	325.550	0.132
1595316520.24279	229.957	0.023	1.881	325.550	0.132
1595316520.28314	229.978	0.023	1.826	325.791	0.131
1595316520.28378	229.934	0.022	1.789	325.711	0.133
1595316520.33314	229.950	0.022	1.788	325.711	0.133
1595316520.33474	229.950	0.023	1.814	325.711	0.134
1595316520.37314	229.926	0.022	1.761	325.630	0.132
1595316520.37574	229.900	0.023	1.795	325.630	0.133
1595316520.38613	229.905	0.022	1.792	325.630	0.131
1595316520.42271	229.941	0.023	1.820	325.711	0.131
1595316520.43360	229.958	0.025	2.003	325.711	0.144
1595316520.44361	229.972	0.023	1.832	325.711	0.133
1595316520.48215	229.962	0.022	1.780	325.630	0.138
1595316520.49377	229.997	0.024	1.856	325.711	0.138
1595316520.50383	230.024	0.023	1.847	325.711	0.132
1595316520.54181	230.018	0.022	1.779	325.711	0.129
1595316520.55280	230.011	0.023	1.840	325.711	0.132
1595316520.56280	230.019	0.023	1.848	325.791	0.139
1595316520.60316	230.028	0.023	1.843	325.952	0.134
1595316520.60380	230.014	0.023	1.820	325.630	0.133
1595316520.64177	229.906	0.023	1.774	325.630	0.129
1595316520.64886	229.910	0.023	1.804	325.630	0.131
1595316520.68812	229.917	0.023	1.829	325.550	0.140
1595316520.68978	229.917	0.023	1.809	325.630	0.142
1595316520.70717	229.952	0.023	1.785	325.630	0.142
1595316520.74416	229.968	0.023	1.825	325.630	0.140
1595316520.75377	229.946	0.023	1.787	325.630	0.140
1595316520.76381	229.981	0.023	1.797	325.469	0.133
1595316520.80217	229.997	0.025	2.046	325.550	0.145
1595316520.81279	229.965	0.022	1.803	325.550	0.129
1595316520.82285	229.955	0.022	1.785	325.630	0.133
1595316520.86215	229.879	0.023	1.829	325.469	0.133
1595316520.87315	229.903	0.023	1.838	325.630	0.134
1595316520.88381	229.903	0.023	1.825	325.711	0.133
1595316520.92314	229.872	0.023	1.812	325.550	0.131
1595316520.92380	229.908	0.023	1.856	325.630	0.136
1595316520.96180	229.942	0.023	1.876	325.711	0.135
1595316521.00818	229.910	0.023	1.811	325.630	0.136
1595316521.00883	229.958	0.023	1.843	325.630	0.134
1595316521.04678	229.974	0.023	1.856	325.630	0.132
1595316521.04789	229.964	0.023	1.856	325.630	0.134
1595316521.08818	229.961	0.026	2.068	325.711	0.154
1595316521.09082	229.928	0.025	2.066	325.550	0.145
1595316521.10276	229.897	0.026	2.084	325.550	0.159
1595316521.14078	229.892	0.025	1.976	325.550	0.144
1595316521.14190	229.869	0.025	1.974	325.550	0.142
1595316521.18018	229.873	0.025	2.035	325.550	0.154
1595316521.22115	229.892	0.030	2.452	325.550	0.174
1595316521.23480	229.908	0.033	2.668	325.550	0.186
1595316521.24616	229.909	0.031	2.499	325.711	0.173
1595316521.28318	229.908	0.029	2.364	325.630	0.169
1595316521.29317	229.924	0.029	2.340	325.630	0.171
1595316521.30282	229.890	0.029	2.326	325.550	0.169
1595316521.35118	229.886	0.029	2.359	325.630	0.167
1595316521.36417	229.795	0.031	2.451	325.630	0.178
1595316521.40222	229.818	0.030	2.438	325.791	0.175
1595316521.40382	229.768	0.027	2.143	325.550	0.151
1595316521.44221	229.850	0.026	2.149	325.630	0.153
1595316521.45418	229.865	0.027	2.177	325.630	0.156
1595316521.46382	230.028	0.029	2.412	325.791	0.162
1595316521.50219	230.044	0.029	2.401	325.952	0.166
1595316521.51319	230.061	0.028	2.281	325.872	0.158
1595316521.52284	230.081	0.027	2.196	326.033	0.159
1595316521.56118	230.066	0.028	2.282	325.872	0.161
1595316521.56283	230.067	0.027	2.222	325.872	0.157
1595316521.60815	230.064	0.027	2.177	325.872	0.162
1595316521.62620	230.072	0.028	2.278	325.952	0.159
1595316521.63683	230.084	0.028	2.270	325.791	0.158
1595316521.65380	230.050	0.028	2.224	325.872	0.165
1595316521.70418	230.071	0.026	2.132	325.872	0.154
1595316521.70585	230.060	0.024	1.919	325.952	0.141
1595316521.71674	230.052	0.023	1.815	325.791	0.135
1595316521.75420	229.998	0.023	1.803	325.791	0.131
1595316521.75686	229.977	0.023	1.798	325.791	0.132
1595316521.77381	230.029	0.023	1.801	325.791	0.131
1595316521.78287	230.023	0.022	1.775	325.711	0.131
1595316521.83321	229.993	0.023	1.833	325.791	0.133
1595316521.83384	229.995	0.023	1.862	325.711	0.132
1595316521.84379	230.039	0.023	1.872	325.791	0.135
1595316521.88319	230.073	0.023	1.851	325.791	0.133
1595316521.88383	230.064	0.025	1.981	325.872	0.150
1595316521.92181	230.077	0.027	2.210	325.791	0.159
1595316521.92292	230.083	0.028	2.257	325.791	0.171
1595316521.96113	230.061	0.026	2.068	325.872	0.152
1595316521.97312	230.075	0.027	2.159	325.952	0.166
1595316521.98620	230.091	0.032	2.548	325.952	0.181
1595316522.02321	230.080	0.031	2.568	325.952	0.177
1595316522.03422	230.092	0.032	2.638	325.872	0.178
1595316522.04288	230.129	0.031	2.574	325.872	0.177
1595316522.08420	230.120	0.031	2.505	325.952	0.178
1595316522.08578	230.176	0.032	2.590	325.872	0.182
1595316522.12294	230.210	0.031	2.600	326.113	0.178
1595316522.16223	230.266	0.032	2.559	326.033	0.178
1595316522.16286	230.216	0.031	2.530	326.033	0.171
1595316522.16582	230.165	0.030	2.383	326.033	0.176
1595316522.20421	230.227	0.031	2.511	325.872	0.170
1595316522.20687	230.133	0.029	2.321	326.033	0.165
1595316522.24421	230.108	0.028	2.323	325.952	0.165
1595316522.24587	230.104	0.030	2.416	325.872	0.177
1595316522.28423	230.122	0.030	2.465	325.952	0.168
1595316522.29383	230.084	0.029	2.306	326.033	0.164
1595316522.30594	230.061	0.028	2.240	325.791	0.171
1595316522.34321	230.050	0.032	2.624	325.711	0.180
1595316522.38221	230.083	0.032	2.690	325.711	0.185
1595316522.38286	230.120	0.033	2.762	325.791	0.187
1595316522.38782	230.117	0.030	2.464	325.952	0.183
1595316522.42622	230.084	0.026	2.081	325.872	0.147
1595316522.42686	230.105	0.027	2.192	325.791	0.158
1595316522.46596	230.113	0.030	2.481	325.872	0.174
1595316522.47315	230.039	0.030	2.488	325.791	0.171
1595316522.48383	230.033	0.030	2.478	325.711	0.174
1595316522.52190	230.033	0.030	2.443	325.791	0.174
1595316522.52294	230.071	0.031	2.522	325.791	0.175
1595316522.56324	230.031	0.030	2.459	325.791	0.170
1595316522.57386	230.069	0.029	2.399	325.872	0.165
1595316522.58587	230.094	0.026	2.097	325.952	0.151
1595316522.62421	230.128	0.026	2.121	325.952	0.151
1595316522.63385	230.088	0.025	2.045	325.952	0.148
1595316522.64386	230.108	0.025	2.027	325.872	0.147
1595316522.68326	230.133	0.026	2.109	326.033	0.152
1595316522.68388	230.156	0.028	2.219	325.952	0.166
1595316522.72223	230.147	0.037	3.122	325.952	0.211
1595316522.76423	230.155	0.039	3.354	325.952	0.210
1595316522.76589	230.202	0.039	3.357	326.113	0.213
1595316522.77285	230.231	0.039	3.341	326.194	0.214
1595316522.81097	230.170	0.039	3.279	326.033	0.211
1595316522.81180	230.160	0.039	3.332	326.033	0.215
1595316522.83223	230.172	0.040	3.353	326.033	0.214
1595316522.84188	230.121	0.039	3.287	326.033	0.213
1595316522.88324	230.158	0.039	3.316	325.952	0.209
1595316522.89285	230.157	0.039	3.324	325.952	0.211
1595316522.90291	230.181	0.039	3.323	325.952	0.209
1595316522.94323	230.197	0.039	3.334	326.033	0.218
1595316522.95423	230.193	0.039	3.354	326.033	0.205
1595316522.96689	230.228	0.039	3.333	326.194	0.213
1595316523.00425	230.195	0.034	2.866	325.952	0.189
1595316523.00588	230.192	0.035	2.902	325.952	0.190
1595316523.04324	230.219	0.035	2.882	326.033	0.193
1595316523.05424	230.227	0.034	2.862	326.033	0.191
1595316523.06390	230.209	0.034	2.895	325.952	0.189
1595316523.10323	230.213	0.034	2.862	326.033	0.191
1595316523.11423	230.220	0.034	2.838	326.033	0.188
1595316523.12379	230.219	0.035	2.868	325.952	0.189
1595316523.16201	230.179	0.034	2.872	325.952	0.190
1595316523.16281	230.196	0.035	2.911	325.952	0.201
1595316523.20128	230.194	0.034	2.831	326.113	0.192
1595316523.24224	230.249	0.034	2.822	326.113	0.192
1595316523.25087	230.202	0.034	2.780	325.952	0.188
1595316523.28926	230.145	0.035	2.820	326.033	0.195
1595316523.29091	230.206	0.035	2.906	326.113	0.193
1595316523.33027	230.135	0.035	2.793	326.194	0.192
1595316523.36793	230.143	0.034	2.844	326.033	0.191
1595316523.36986	230.152	0.035	2.930	325.952	0.197
1595316523.38301	230.127	0.034	2.873	326.033	0.191
1595316523.42225	230.102	0.035	2.844	326.033	0.199
1595316523.43726	230.131	0.035	2.900	326.033	0.194
1595316523.44591	230.131	0.035	2.890	326.033	0.190
1595316523.48724	230.151	0.035	2.868	326.194	0.198
1595316523.48790	230.154	0.034	2.855	326.033	0.192
1595316523.52588	230.155	0.035	2.886	326.033	0.193
1595316523.53829	230.161	0.034	2.906	325.952	0.185
1595316523.54592	230.145	0.034	2.897	325.952	0.189
1595316523.58425	230.180	0.035	2.888	325.952	0.192
1595316523.59192	230.205	0.035	2.961	326.194	0.198
1595316523.62927	230.216	0.034	2.901	326.033	0.190
1595316523.63091	230.137	0.034	2.857	326.033	0.192
1595316523.64194	230.079	0.034	2.872	325.872	0.191
1595316523.68626	230.074	0.034	2.917	325.872	0.193
1595316523.69088	230.017	0.034	2.850	325.791	0.190
1595316523.70298	230.011	0.035	2.887	325.791	0.194
1595316523.74427	230.060	0.035	2.892	325.872	0.193
1595316523.75314	230.067	0.034	2.848	325.791	0.194
1595316523.76292	230.077	0.035	2.820	325.791	0.191
1595316523.81128	230.012	0.034	2.767	325.711	0.189
1595316523.81397	229.967	0.034	2.758	325.630	0.191
1595316523.82427	229.989	0.034	2.824	325.711	0.195
1595316523.86229	230.022	0.035	2.820	325.872	0.190
1595316523.87593	229.998	0.034	2.786	325.791	0.197
1595316523.91330	229.980	0.034	2.863	325.872	0.190
1595316523.91390	230.027	0.034	2.865	325.791	0.193
1595316523.92289	230.030	0.035	2.895	325.952	0.191
1595316523.96427	230.049	0.035	2.900	325.872	0.189
1595316523.96593	230.016	0.035	2.888	325.711	0.197
1595316524.00290	230.034	0.035	2.908	325.872	0.194
1595316524.00600	229.992	0.034	2.869	325.872	0.193
1595316524.02296	230.004	0.034	2.876	325.791	0.192
1595316524.06131	229.999	0.035	2.928	325.791	0.189
1595316524.06293	229.944	0.034	2.867	325.791	0.191
1595316524.08292	229.937	0.035	2.878	325.711	0.198
1595316524.12094	229.975	0.035	2.893	325.791	0.194
1595316524.12291	229.925	0.035	2.861	325.791	0.194
1595316524.16130	229.939	0.034	2.901	325.630	0.192
1595316524.16194	229.999	0.034	2.869	325.791	0.191
1595316524.19929	230.005	0.034	2.913	325.711	0.192
1595316524.21091	230.003	0.034	2.888	325.711	0.187
1595316524.24798	229.961	0.034	2.887	325.711	0.192
1595316524.24888	229.940	0.035	2.901	325.550	0.192
1595316524.26118	229.947	0.035	2.909	325.630	0.195
1595316524.30330	229.951	0.034	2.898	325.711	0.193
1595316524.30895	229.963	0.034	2.926	325.630	0.193
1595316524.34690	229.961	0.034	2.889	325.550	0.190
1595316524.34802	229.995	0.034	2.908	325.711	0.186
1595316524.36099	229.996	0.035	2.862	325.630	0.188
1595316524.39829	229.973	0.035	2.812	325.630	0.197
1595316524.39894	229.968	0.034	2.861	325.872	0.198
1595316524.43694	229.969	0.035	2.846	325.872	0.198
1595316524.44189	229.981	0.035	2.840	325.872	0.194
1595316524.47931	229.919	0.035	2.837	325.791	0.192
1595316524.51830	229.900	0.035	2.895	325.630	0.194
1595316524.51893	229.947	0.035	2.894	325.630	0.192
1595316524.53129	229.959	0.035	2.893	325.711	0.198
1595316524.54095	229.911	0.034	2.844	325.550	0.194
1595316524.57830	229.935	0.035	2.938	325.630	0.193
1595316524.59193	229.947	0.035	2.913	325.630	0.193
1595316524.60200	229.952	0.035	2.894	325.711	0.189
1595316524.63894	229.941	0.034	2.888	325.630	0.191
1595316524.64997	229.892	0.035	2.921	325.711	0.197
1595316524.66230	229.883	0.035	2.869	325.469	0.198
1595316524.70029	229.910	0.035	2.897	325.711	0.198
1595316524.71193	229.872	0.034	2.879	325.630	0.197
1595316524.72195	229.859	0.034	2.872	325.711	0.192
1595316524.76099	229.863	0.034	2.896	325.469	0.191
1595316524.77630	229.941	0.035	2.960	325.630	0.188
1595316524.81297	229.921	0.034	2.859	325.630	0.193
1595316524.81394	229.923	0.034	2.869	325.469	0.197
1595316524.82593	229.959	0.035	2.936	325.469	0.193
1595316524.86295	230.015	0.034	2.907	325.550	0.190
1595316524.86397	230.032	0.034	2.917	325.711	0.192
1595316524.90233	229.945	0.034	2.903	325.630	0.186
1595316524.95134	230.011	0.035	2.950	325.711	0.197
1595316524.95196	230.066	0.035	2.932	325.872	0.193
1595316524.96192	230.105	0.035	2.916	326.033	0.192
1595316524.99931	230.068	0.034	2.879	325.791	0.191
1595316525.01094	230.058	0.034	2.863	325.872	0.190
1595316525.02096	230.069	0.034	2.882	325.872	0.183
1595316525.05832	230.049	0.034	2.868	325.872	0.191
1595316525.09634	230.038	0.035	2.926	325.711	0.192
1595316525.09795	230.106	0.035	2.940	325.711	0.194
1595316525.09898	230.143	0.035	2.911	325.952	0.193
1595316525.13697	230.149	0.035	2.917	325.872	0.193
1595316525.13799	230.103	0.034	2.901	325.872	0.188
1595316525.17713	230.128	0.035	2.906	326.033	0.191
1595316525.19999	230.138	0.035	2.888	326.113	0.192
1595316525.20890	230.120	0.035	2.887	325.872	0.194
1595316525.22103	230.126	0.035	2.887	326.113	0.194
1595316525.25802	230.146	0.035	2.907	326.033	0.192
1595316525.25890	230.210	0.034	2.910	325.952	0.191
1595316525.29935	230.242	0.035	2.936	326.194	0.188
1595316525.30098	230.154	0.034	2.862	326.113	0.189
1595316525.33932	230.178	0.035	2.859	325.952	0.195
1595316525.37817	230.177	0.034	2.873	325.872	0.195
1595316525.37898	230.168	0.035	2.938	325.952	0.194
1595316525.39033	230.161	0.034	2.901	326.113	0.189
1595316525.40200	230.139	0.034	2.875	325.952	0.192
1595316525.43936	230.149	0.034	2.850	325.872	0.188
1595316525.45135	230.187	0.035	2.921	326.033	0.193
1595316525.46200	230.197	0.035	2.890	325.952	0.193
1595316525.50110	230.262	0.035	2.910	326.113	0.195
1595316525.51197	230.232	0.034	2.897	326.113	0.195
1595316525.52201	230.212	0.035	2.926	325.952	0.189
1595316525.56033	230.209	0.034	2.883	326.033	0.189
1595316525.56197	230.231	0.035	2.896	326.113	0.190
1595316525.59936	230.248	0.035	2.898	326.113	0.191
1595316525.61435	230.233	0.035	2.883	325.952	0.198
1595316525.62299	230.151	0.034	2.870	326.113	0.195
1595316525.66233	230.122	0.035	2.911	326.113	0.194
1595316525.67435	230.173	0.035	2.908	326.033	0.199
1595316525.68404	230.147	0.035	2.885	326.033	0.191
1595316525.72333	230.103	0.034	2.893	325.952	0.191
1595316525.72398	230.119	0.035	2.888	325.872	0.193
1595316525.76196	230.157	0.035	2.893	325.952	0.191
1595316525.80036	230.177	0.035	2.893	325.952	0.194
1595316525.80198	230.140	0.034	2.869	326.033	0.187
1595316525.81137	230.140	0.035	2.852	326.033	0.195
1595316525.84901	230.163	0.034	2.793	325.952	0.186
1595316525.85100	230.115	0.034	2.821	325.872	0.189
1595316525.89035	230.055	0.034	2.775	325.872	0.191
1595316525.92835	230.086	0.034	2.852	325.872	0.190
1595316525.92995	230.117	0.034	2.875	325.952	0.187
1595316525.94090	230.094	0.035	2.942	325.872	0.198
1595316525.97935	230.120	0.034	2.918	325.872	0.188
1595316525.99234	230.096	0.035	2.890	325.872	0.190
1595316526.00199	230.156	0.035	2.931	325.791	0.193
1595316526.06116	230.126	0.035	2.902	325.791	0.197
1595316526.06301	230.141	0.034	2.875	325.952	0.194
1595316526.06394	230.130	0.035	2.947	325.872	0.195
1595316526.10241	230.101	0.034	2.872	325.791	0.191
1595316526.10402	230.050	0.034	2.870	325.791	0.191
1595316526.14436	230.012	0.035	2.861	325.630	0.190
1595316526.14599	230.069	0.035	2.841	325.630	0.195
1595316526.18336	230.053	0.035	2.898	325.872	0.193
1595316526.18401	229.995	0.034	2.841	325.872	0.195
1595316526.22236	230.053	0.034	2.847	325.711	0.188
1595316526.22301	230.091	0.035	2.815	325.872	0.197
1595316526.26225	230.053	0.035	2.840	325.952	0.188
1595316526.26803	230.059	0.035	2.830	325.791	0.193
1595316526.30737	230.055	0.035	2.890	325.952	0.192
1595316526.30802	230.064	0.035	2.936	325.791	0.193
1595316526.34637	230.038	0.035	2.881	325.872	0.198
1595316526.34701	229.976	0.034	2.859	325.711	0.190
1595316526.35897	229.905	0.034	2.882	325.711	0.190
1595316526.39717	229.963	0.035	2.932	325.711	0.190
1595316526.40403	229.973	0.035	2.891	325.791	0.195
1595316526.44199	229.977	0.034	2.888	325.711	0.189
1595316526.48039	230.004	0.034	2.883	325.791	0.192
1595316526.48200	230.016	0.034	2.928	325.711	0.189
1595316526.48397	230.033	0.034	2.895	325.711	0.189
1595316526.52337	230.030	0.035	2.910	325.711	0.195
1595316526.52402	230.107	0.035	2.971	325.711	0.193
1595316526.56199	230.126	0.035	2.919	325.872	0.198
1595316526.56297	230.144	0.035	2.921	326.113	0.193
1595316526.60142	230.091	0.034	2.907	325.791	0.189
1595316526.66038	230.110	0.034	2.881	326.033	0.191
1595316526.66200	230.121	0.035	2.914	325.791	0.190
1595316526.66899	230.145	0.035	2.907	325.952	0.193
1595316526.70838	230.141	0.035	2.926	325.952	0.194
1595316526.70899	230.082	0.035	2.884	325.952	0.193
1595316526.74836	230.084	0.035	2.926	325.952	0.197
1595316526.74900	230.107	0.034	2.902	325.872	0.190
1595316526.79739	230.096	0.034	2.875	325.872	0.188
1595316526.79900	230.057	0.034	2.838	325.872	0.189
1595316526.80113	230.093	0.035	2.879	325.872	0.192
1595316526.83939	230.066	0.035	2.880	325.711	0.193
1595316526.84704	230.054	0.035	2.891	325.791	0.195
1595316526.88404	230.070	0.035	2.920	325.872	0.201
1595316526.88498	230.110	0.035	2.912	325.952	0.192
1595316526.92340	230.113	0.034	2.892	325.872	0.189
1595316526.92537	230.080	0.034	2.868	325.952	0.190
1595316526.96303	230.117	0.035	2.855	325.952	0.189
1595316526.96403	230.127	0.035	2.803	325.872	0.195
1595316527.00202	230.145	0.035	2.903	326.033	0.193
1595316527.00898	230.094	0.035	2.848	325.872	0.192
1595316527.04713	230.080	0.034	2.842	325.791	0.190
1595316527.04804	230.190	0.035	2.929	326.033	0.190
1595316527.06441	230.217	0.035	2.910	325.872	0.192
1595316527.10240	230.218	0.035	2.891	325.952	0.193
1595316527.10305	230.293	0.035	2.886	326.033	0.194
1595316527.14041	230.296	0.035	2.877	326.033	0.192
1595316527.15202	230.296	0.034	2.810	326.194	0.198
1595316527.16007	230.304	0.035	2.849	326.194	0.193
1595316527.19842	230.247	0.035	2.823	326.194	0.193
1595316527.21003	230.239	0.035	2.800	326.113	0.195
1595316527.22241	230.237	0.035	2.840	326.033	0.198
1595316527.25940	230.286	0.035	2.849	326.194	0.192
1595316527.26005	230.291	0.035	2.834	326.274	0.192
1595316527.29842	230.280	0.034	2.812	326.194	0.190
1595316527.33840	230.337	0.035	2.813	326.274	0.189
1595316527.33905	230.290	0.035	2.771	326.274	0.192
1595316527.37740	230.301	0.035	2.821	326.033	0.199
1595316527.38704	230.294	0.035	2.827	326.194	0.193
1595316527.42541	230.283	0.034	2.896	326.435	0.190
1595316527.42703	230.227	0.034	2.867	326.113	0.183
1595316527.46403	230.222	0.034	2.884	326.113	0.188
1595316527.46708	230.246	0.034	2.919	325.952	0.189
1595316527.47906	230.283	0.035	2.924	326.033	0.194
1595316527.51708	230.254	0.035	2.900	326.194	0.200
1595316527.53040	230.263	0.035	2.947	326.113	0.192
1595316527.54010	230.293	0.034	2.877	326.033	0.190
1595316527.58340	230.282	0.035	2.947	326.113	0.189
1595316527.59204	230.255	0.034	2.867	326.033	0.187
1595316527.60212	230.245	0.034	2.893	326.113	0.191
1595316527.63941	230.239	0.035	2.926	326.113	0.194
1595316527.64241	230.245	0.035	2.913	325.952	0.191
1595316527.67943	230.270	0.034	2.890	326.113	0.192
1595316527.72522	230.249	0.034	2.899	326.113	0.188
1595316527.72706	230.200	0.035	2.901	325.952	0.194
1595316527.77043	230.262	0.035	2.915	325.952	0.192
1595316527.77308	230.181	0.034	2.826	325.952	0.194
1595316527.78903	229.982	0.034	2.833	325.872	0.195
1595316527.79917	230.006	0.034	2.896	325.952	0.193
1595316527.83713	230.042	0.034	2.870	325.791	0.189
1595316527.85068	230.003	0.035	2.868	325.711	0.197
1595316527.85992	230.033	0.035	2.916	325.791	0.193
1595316527.89889	230.033	0.035	2.893	325.872	0.194
1595316527.90989	230.024	0.035	2.899	325.791	0.200
1595316527.91989	230.012	0.035	2.932	325.872	0.190
1595316527.95942	230.007	0.034	2.892	325.791	0.193
1595316527.96007	230.032	0.035	2.914	325.952	0.189
1595316527.98453	230.052	0.035	2.869	325.952	0.191
1595316528.03043	230.022	0.035	2.863	325.872	0.195
1595316528.04849	230.066	0.035	2.895	325.872	0.191
1595316528.08543	230.071	0.035	2.830	325.952	0.191
1595316528.08708	230.017	0.035	2.832	325.872	0.193
1595316528.11045	230.029	0.035	2.788	325.952	0.192
1595316528.12309	230.055	0.035	2.838	325.791	0.191
1595316528.16021	230.077	0.035	2.806	325.791	0.194
1595316528.17044	230.069	0.034	2.878	325.791	0.192
1595316528.18032	230.033	0.034	2.843	325.791	0.189
1595316528.21946	230.034	0.035	2.888	325.711	0.191
1595316528.22903	230.052	0.034	2.887	325.791	0.190
1595316528.23999	230.062	0.035	2.910	325.872	0.190
1595316528.28047	230.064	0.034	2.902	325.952	0.190
1595316528.28205	230.050	0.035	2.878	325.791	0.198
1595316528.31946	230.067	0.035	2.912	325.711	0.190
1595316528.33010	230.081	0.035	2.928	325.952	0.194
1595316528.34220	229.984	0.035	2.900	325.872	0.189
1595316528.38051	229.976	0.034	2.847	325.791	0.189
1595316528.39257	229.994	0.035	2.921	325.872	0.194
1595316528.41322	229.976	0.035	2.891	325.711	0.197
1595316528.46346	229.981	0.035	2.916	325.952	0.200
1595316528.46410	230.003	0.035	2.906	325.872	0.197
1595316528.47307	230.027	0.034	2.902	325.711	0.190
1595316528.51346	230.005	0.034	2.889	325.791	0.190
1595316528.53545	230.018	0.035	2.910	325.711	0.197
1595316528.54411	230.029	0.035	2.922	325.872	0.195
1595316528.58248	230.013	0.034	2.874	325.791	0.189
1595316528.58947	229.986	0.035	2.910	325.630	0.192
1595316528.59912	229.985	0.035	2.929	325.711	0.203
1595316528.63726	230.004	0.034	2.908	325.630	0.185
1595316528.64908	230.036	0.035	2.930	325.630	0.191
