# timestamp	V	A	W	V	A
1595257410.16600	1300.011	0.020	377421.277	323.296	0.009
1595257410.17863	229.773	0.003	377421.581	323.135	0.007
1595257410.22398	229.755	0.004	377421.569	323.055	0.008
1595257410.22557	229.796	0.003	377421.588	323.216	0.008
1595257410.23597	229.768	0.003	377421.569	323.135	0.007
1595257410.27362	229.746	0.003	0.017	322.974	0.008
1595257410.27457	229.753	0.004	377421.573	322.974	0.008
1595257410.31201	229.755	0.003	377421.588	323.055	0.007
1595257410.32162	229.739	0.003	0.002	322.974	0.008
1595257410.36096	229.727	0.003	377421.579	322.974	0.007
1595257410.36161	229.722	0.003	0.006	323.055	0.007
1595257410.40096	229.753	0.003	377421.579	322.974	0.007
1595257410.40161	229.725	0.004	377421.587	323.135	0.008
1595257410.44000	229.728	0.003	377421.581	322.974	0.008
1595257410.48901	229.758	0.003	377421.570	322.974	0.007
1595257410.48977	229.734	0.003	377421.586	323.135	0.008
1595257410.52699	229.725	0.003	377421.591	322.894	0.008
1595257410.52863	229.735	0.003	0.001	322.974	0.008
1595257410.54658	229.781	0.003	0.002	323.055	0.007
1595257410.58496	229.800	0.003	377421.578	323.135	0.007
1595257410.58561	229.859	0.003	377421.590	323.216	0.008
1595257410.59600	229.826	0.003	377421.567	323.135	0.008
1595257410.63399	229.813	0.003	377421.571	323.055	0.007
1595257410.63998	229.835	0.003	377421.574	323.055	0.008
1595257410.67861	229.833	0.003	0.003	323.216	0.008
1595257410.67973	229.856	0.003	377421.579	323.377	0.007
1595257410.71898	229.878	0.003	377421.566	323.296	0.007
1595257410.71964	229.858	0.003	377421.571	323.216	0.007
1595257410.75661	229.859	0.003	377421.590	323.296	0.008
1595257410.76597	229.857	0.003	377421.570	323.216	0.007
1595257410.77563	229.872	0.003	377421.563	323.296	0.007
1595257410.81899	229.835	0.003	377421.579	323.216	0.007
1595257410.81963	229.793	0.003	0.002	323.135	0.007
1595257410.85700	229.834	0.003	377421.573	323.296	0.008
1595257410.89605	229.814	0.003	377421.576	323.216	0.008
1595257410.89668	229.834	0.003	0.003	323.216	0.007
1595257410.89861	229.810	0.003	377421.583	323.216	0.007
1595257410.93604	229.820	0.003	377421.566	323.216	0.007
1595257410.93667	229.839	0.003	377421.582	323.135	0.008
1595257410.97603	229.817	0.003	377421.589	323.135	0.008
1595257410.98565	229.787	0.003	377421.571	323.135	0.008
1595257411.02404	229.804	0.003	0.002	323.135	0.007
1595257411.03604	229.796	0.003	377421.580	323.135	0.008
1595257411.07369	229.783	0.003	377421.583	323.135	0.008
1595257411.08370	229.783	0.003	377421.584	323.055	0.007
1595257411.10005	229.791	0.003	0.007	323.055	0.008
1595257411.13705	229.765	0.003	0.007	323.055	0.007
1595257411.14603	229.746	0.003	0.014	323.055	0.008
1595257411.15568	229.732	0.003	377421.570	322.974	0.008
1595257411.19361	229.745	0.004	377421.591	323.055	0.007
1595257411.20165	229.798	0.003	377421.560	323.135	0.007
1595257411.24005	229.811	0.003	377421.581	323.135	0.008
1595257411.24467	229.834	0.003	0.005	323.135	0.007
1595257411.28161	229.817	0.003	377421.576	323.296	0.008
1595257411.28460	229.804	0.003	377421.572	323.216	0.008
1595257411.29501	229.792	0.003	377421.561	323.055	0.007
1595257411.33203	229.772	0.003	0.024	323.216	0.007
1595257411.34501	229.760	0.003	0.004	323.216	0.008
1595257411.35465	229.754	0.003	377421.592	323.055	0.007
1595257411.39171	229.801	0.003	377421.589	323.377	0.007
1595257411.40466	229.771	0.003	0.017	323.135	0.007
1595257411.41501	229.726	0.003	377421.576	323.135	0.007
1595257411.45203	229.698	0.004	377421.570	323.135	0.007
1595257411.46366	229.717	0.003	377421.571	323.135	0.007
1595257411.47464	229.683	0.003	0.001	323.216	0.007
1595257411.51741	229.679	0.003	0.005	323.135	0.007
1595257411.53453	229.690	0.003	377421.560	323.055	0.007
1595257411.57547	229.694	0.003	377421.577	322.974	0.008
1595257411.57646	229.745	0.003	0.000	323.135	0.008
1595257411.61446	229.733	0.003	0.005	323.135	0.007
1595257411.65847	229.686	0.003	377421.587	323.055	0.007
1595257411.66047	229.702	0.004	377421.585	323.135	0.008
1595257411.66371	229.740	0.003	377421.557	323.135	0.008
1595257411.70069	229.751	0.003	377421.594	323.216	0.008
1595257411.70159	229.732	0.003	377421.571	323.135	0.008
1595257411.72473	229.747	0.003	377421.580	323.216	0.008
1595257411.73459	229.718	0.003	377421.594	323.216	0.008
1595257411.77151	229.739	0.003	377421.578	323.135	0.008
1595257411.78350	229.711	0.003	377421.573	323.135	0.008
1595257411.79450	229.706	0.003	377421.592	323.216	0.008
1595257411.83850	229.704	0.004	377421.559	323.216	0.008
1595257411.84450	229.683	0.003	377421.588	323.055	0.008
1595257411.85450	229.673	0.003	0.019	323.135	0.008
1595257411.89905	229.658	0.003	377421.589	323.135	0.007
1595257411.93705	229.694	0.003	0.009	323.055	0.008
1595257411.94468	229.694	0.003	377421.579	322.974	0.008
1595257411.95579	229.693	0.003	377421.591	323.135	0.008
1595257411.99505	229.693	0.003	377421.581	323.216	0.008
1595257412.00804	229.743	0.003	377421.555	323.216	0.008
1595257412.01870	229.716	0.003	377421.590	323.216	0.008
1595257412.07082	229.716	0.003	377421.572	323.135	0.007
1595257412.07162	229.760	0.003	377421.574	323.296	0.008
1595257412.07372	229.774	0.003	377421.576	323.296	0.008
1595257412.09374	229.768	0.003	377421.588	323.216	0.007
1595257412.14206	229.766	0.003	377421.574	323.216	0.008
1595257412.14464	229.775	0.003	377421.585	323.296	0.008
1595257412.16504	229.761	0.003	377421.575	323.296	0.008
1595257412.17569	229.758	0.003	377421.592	323.135	0.008
1595257412.21501	229.773	0.003	377421.580	323.216	0.008
1595257412.21668	229.757	0.004	377421.582	323.216	0.008
1595257412.25604	229.799	0.003	377421.589	323.296	0.007
1595257412.25667	229.807	0.003	377421.575	323.296	0.008
1595257412.29477	229.795	0.003	377421.578	323.296	0.008
1595257412.33407	229.824	0.003	0.001	323.377	0.007
1595257412.34706	229.829	0.003	377421.574	323.377	0.008
1595257412.37267	229.814	0.003	377421.559	323.457	0.007
1595257412.41106	229.829	0.004	377421.570	323.377	0.009
1595257412.41169	229.845	0.003	377421.579	323.457	0.008
1595257412.41367	229.836	0.003	0.001	323.538	0.007
1595257412.45505	229.855	0.003	377421.579	323.457	0.007
1595257412.45569	229.850	0.003	377421.590	323.296	0.007
1595257412.48906	229.833	0.003	377421.575	323.377	0.007
1595257412.52570	229.822	0.004	377421.576	323.216	0.008
1595257412.52674	229.810	0.003	377421.578	323.216	0.007
1595257412.53462	229.834	0.004	0.004	323.296	0.008
1595257412.57206	229.786	0.003	377421.592	323.216	0.007
1595257412.57368	229.793	0.003	0.003	323.135	0.007
1595257412.61067	229.812	0.003	377421.580	323.216	0.008
1595257412.65608	229.762	0.003	377421.581	323.135	0.007
1595257412.65869	229.842	0.003	377421.591	323.377	0.008
1595257412.65985	229.864	0.003	377421.569	323.377	0.007
1595257412.69877	229.896	0.003	377421.582	323.377	0.007
1595257412.70169	229.826	0.003	377421.587	323.296	0.008
1595257412.74008	229.813	0.003	377421.576	323.296	0.007
1595257412.74573	229.821	0.003	377421.586	323.377	0.009
1595257412.78608	229.811	0.003	0.013	323.296	0.007
1595257412.78870	229.819	0.004	377421.584	323.377	0.007
1595257412.79583	229.831	0.003	0.016	323.296	0.008
1595257412.83377	229.837	0.003	0.003	323.216	0.008
1595257412.85409	229.840	0.004	377421.584	323.216	0.008
1595257412.89077	229.829	0.003	377421.581	323.377	0.007
1595257412.89171	229.818	0.004	377421.592	323.216	0.008
1595257412.93210	229.832	0.003	0.000	323.296	0.007
1595257412.94371	229.850	0.003	0.006	323.135	0.008
1595257412.95383	229.846	0.004	377421.579	323.377	0.008
1595257412.99109	229.831	0.003	377421.577	323.296	0.008
1595257413.00271	229.838	0.003	377421.589	323.457	0.007
1595257413.01484	229.825	0.003	377421.567	323.457	0.007
1595257413.05210	229.810	0.003	377421.566	323.377	0.008
1595257413.05374	229.779	0.003	377421.542	323.457	0.007
1595257413.09072	229.803	0.003	377421.579	323.377	0.008
1595257413.13910	229.812	0.003	377421.576	323.296	0.008
1595257413.14071	229.827	0.003	0.007	323.377	0.007
1595257413.17909	229.830	0.003	377421.583	323.296	0.008
1595257413.18472	229.806	0.003	377421.549	323.296	0.007
1595257413.19969	229.794	0.003	377421.590	323.457	0.008
1595257413.23709	229.802	0.003	0.008	323.135	0.008
1595257413.23873	229.773	0.003	377421.556	323.216	0.007
1595257413.27606	229.778	0.003	377421.579	323.216	0.007
1595257413.27668	229.786	0.004	377421.580	323.296	0.008
1595257413.31565	229.825	0.003	377421.587	323.216	0.008
1595257413.36754	229.873	0.003	377421.579	323.377	0.007
1595257413.36953	229.916	0.003	0.003	323.538	0.007
1595257413.37053	229.903	0.003	377421.591	323.538	0.007
1595257413.40856	229.917	0.003	377421.587	323.618	0.007
1595257413.41053	229.928	0.003	377421.590	323.538	0.008
1595257413.44954	229.881	0.003	377421.590	323.538	0.009
1595257413.45053	229.883	0.004	0.001	323.538	0.008
1595257413.45972	229.884	0.003	377421.564	323.457	0.007
1595257413.49710	229.780	0.004	377421.573	323.296	0.008
1595257413.49872	229.754	0.003	377421.584	323.216	0.007
1595257413.53608	229.748	0.003	0.002	323.135	0.007
1595257413.54371	229.842	0.003	377421.575	323.296	0.008
1595257413.55709	229.886	0.003	0.001	323.296	0.008
1595257413.60209	229.905	0.003	377421.574	323.377	0.008
1595257413.61870	229.852	0.003	377421.566	323.296	0.008
1595257413.65599	229.816	0.003	377421.563	323.377	0.008
1595257413.65676	229.790	0.003	0.006	323.377	0.007
1595257413.69513	229.781	0.003	377421.568	323.457	0.007
1595257413.70412	229.802	0.004	377421.584	323.457	0.008
1595257413.71477	229.778	0.004	377421.585	323.377	0.008
1595257413.75272	229.772	0.003	377421.592	323.457	0.008
1595257413.76482	229.808	0.003	377421.592	323.457	0.008
1595257413.77470	229.786	0.003	0.004	323.618	0.008
1595257413.83227	229.815	0.003	0.016	323.377	0.008
1595257413.83377	229.846	0.003	377421.586	323.296	0.008
1595257413.83472	229.881	0.003	377421.568	323.377	0.007
1595257413.87711	229.836	0.003	0.003	323.296	0.007
1595257413.87977	229.914	0.003	377421.583	323.377	0.008
1595257413.90275	229.931	0.003	377421.548	323.457	0.007
1595257413.91378	229.914	0.003	377421.565	323.377	0.008
1595257413.95111	229.916	0.004	377421.576	323.377	0.008
1595257413.98913	229.906	0.003	377421.588	323.296	0.008
1595257413.99677	229.900	0.003	0.004	323.457	0.008
1595257414.03518	229.893	0.003	0.003	323.457	0.008
1595257414.03678	229.900	0.003	377421.563	323.457	0.007
1595257414.07483	229.893	0.003	377421.592	323.457	0.008
1595257414.07675	229.859	0.003	0.010	323.457	0.007
1595257414.09716	229.870	0.003	0.008	323.377	0.007
1595257414.13716	229.902	0.003	377421.578	323.457	0.007
1595257414.13880	229.896	0.003	377421.567	323.457	0.008
1595257414.17577	229.867	0.004	0.010	323.457	0.008
1595257414.17686	229.860	0.003	377421.578	323.377	0.007
1595257414.21516	229.883	0.003	377421.572	323.457	0.008
1595257414.25278	229.879	0.003	377421.581	323.457	0.007
1595257414.25581	229.879	0.003	377421.572	323.377	0.007
1595257414.25685	229.872	0.003	377421.594	323.377	0.008
1595257414.30117	229.822	0.003	377421.593	323.377	0.008
1595257414.30180	229.863	0.003	377421.582	323.377	0.007
1595257414.33977	229.824	0.003	377421.582	323.377	0.007
1595257414.34986	229.816	0.003	377421.584	323.457	0.008
1595257414.35873	229.823	0.004	377421.587	323.377	0.008
1595257414.39716	229.816	0.003	377421.569	323.457	0.008
1595257414.39881	229.858	0.003	377421.591	323.457	0.007
1595257414.41977	229.879	0.003	377421.569	323.457	0.008
1595257414.44317	229.902	0.004	377421.587	323.538	0.007
1595257414.48082	229.888	0.003	377421.585	323.538	0.007
1595257414.48374	229.889	0.003	377421.583	323.457	0.008
1595257414.50313	229.891	0.003	0.014	323.377	0.008
1595257414.51380	229.870	0.003	377421.581	323.457	0.008
1595257414.55174	229.851	0.003	0.004	323.377	0.007
1595257414.55392	229.856	0.003	377421.578	323.296	0.008
1595257414.59114	229.886	0.003	377421.593	323.538	0.007
1595257414.59180	229.924	0.003	377421.567	323.457	0.008
1595257414.64376	229.867	0.003	0.009	323.296	0.008
1595257414.64514	229.828	0.004	377421.574	323.457	0.008
1595257414.65581	229.851	0.003	377421.578	323.296	0.008
1595257414.69416	229.837	0.003	0.009	323.296	0.007
1595257414.73415	229.865	0.003	377421.586	323.296	0.007
1595257414.73579	229.870	0.003	0.001	323.296	0.007
1595257414.77482	229.897	0.003	377421.580	323.457	0.007
1595257414.77582	229.911	0.003	377421.581	323.457	0.007
1595257414.81417	229.883	0.004	377421.581	323.457	0.008
1595257414.85217	229.847	0.003	377421.586	323.377	0.008
1595257414.86278	229.755	0.003	377421.584	323.296	0.007
1595257414.90099	229.718	0.003	0.000	323.216	0.007
1595257414.90196	229.760	0.004	377421.576	323.216	0.007
1595257414.94094	229.759	0.003	377421.590	323.296	0.007
1595257414.94175	229.740	0.003	377421.573	323.216	0.008
1595257414.97990	229.762	0.003	377421.579	323.296	0.008
1595257414.98075	229.781	0.003	377421.585	323.296	0.007
1595257414.99377	229.789	0.003	377421.587	323.377	0.007
1595257415.03120	229.814	0.003	0.026	323.457	0.007
1595257415.03177	229.853	0.003	377421.590	323.457	0.008
1595257415.06982	229.832	0.003	0.016	323.618	0.007
1595257415.11620	229.856	0.003	377421.578	323.538	0.007
1595257415.11684	229.855	0.003	377421.582	323.457	0.008
1595257415.11777	229.874	0.004	377421.585	323.457	0.008
1595257415.15620	229.887	0.003	377421.584	323.538	0.007
1595257415.15683	229.880	0.003	377421.585	323.538	0.008
1595257415.19480	229.856	0.003	377421.572	323.457	0.008
1595257415.20124	229.863	0.003	377421.575	323.377	0.007
1595257415.21521	229.831	0.004	377421.593	323.377	0.008
1595257415.25183	229.867	0.003	377421.572	323.377	0.008
1595257415.25680	229.881	0.003	0.007	323.377	0.007
1595257415.29482	229.893	0.003	0.002	323.457	0.007
1595257415.30821	229.880	0.003	377421.572	323.618	0.007
1595257415.34621	229.877	0.004	377421.590	323.538	0.008
1595257415.35883	229.887	0.003	377421.593	323.457	0.008
1595257415.40318	229.886	0.003	377421.575	323.538	0.008
1595257415.40617	229.881	0.003	0.007	323.538	0.007
1595257415.41283	229.849	0.003	377421.571	323.457	0.008
1595257415.45118	229.865	0.003	377421.577	323.457	0.007
1595257415.46181	229.880	0.004	377421.585	323.457	0.008
1595257415.47277	229.898	0.003	0.016	323.538	0.007
1595257415.51218	229.902	0.003	377421.583	323.538	0.007
1595257415.52317	229.876	0.003	377421.585	323.377	0.008
1595257415.53482	229.866	0.003	0.013	323.377	0.007
1595257415.57478	229.907	0.003	377421.569	323.377	0.008
1595257415.58717	229.956	0.003	377421.587	323.618	0.007
1595257415.59582	229.900	0.003	0.001	323.377	0.007
1595257415.64118	229.879	0.003	377421.574	323.377	0.008
1595257415.66395	229.957	0.003	377421.578	323.457	0.008
1595257415.67476	229.983	0.003	377421.582	323.538	0.008
1595257415.71221	230.021	0.003	377421.583	323.699	0.007
1595257415.72182	229.999	0.003	0.008	323.699	0.008
1595257415.73182	230.048	0.003	377421.575	323.779	0.008
1595257415.76982	229.991	0.003	377421.579	323.538	0.007
1595257415.78319	229.996	0.003	377421.592	323.699	0.007
1595257415.79282	229.994	0.003	0.007	323.618	0.008
1595257415.83317	229.908	0.003	0.007	323.457	0.008
1595257415.84287	229.956	0.003	377421.575	323.538	0.008
1595257415.85277	229.987	0.003	377421.570	323.538	0.008
1595257415.89224	229.979	0.003	377421.588	323.457	0.007
1595257415.89286	229.990	0.003	377421.586	323.618	0.007
1595257415.91782	230.005	0.003	377421.587	323.538	0.008
1595257415.95821	229.996	0.004	377421.586	323.779	0.008
1595257415.95987	229.988	0.003	377421.581	323.457	0.007
1595257415.98322	229.967	0.003	377421.588	323.538	0.008
1595257416.02222	229.983	0.003	377421.572	323.538	0.007
1595257416.06228	229.977	0.003	377421.573	323.618	0.007
1595257416.09999	229.932	0.003	377421.577	323.618	0.007
1595257416.10181	229.952	0.003	377421.582	323.618	0.007
1595257416.11521	229.978	0.003	0.008	323.618	0.007
1595257416.15319	229.936	0.003	0.004	323.538	0.008
1595257416.16182	229.989	0.003	377421.573	323.538	0.007
1595257416.17320	230.067	0.003	377421.592	323.618	0.008
1595257416.21219	230.097	0.003	377421.578	323.699	0.008
1595257416.21284	230.118	0.003	377421.585	323.860	0.007
1595257416.25122	230.102	0.003	377421.576	323.779	0.008
1595257416.26081	230.011	0.003	377421.572	323.618	0.007
1595257416.29797	230.003	0.003	377421.587	323.699	0.008
1595257416.30176	229.976	0.003	377421.576	323.618	0.007
1595257416.34118	229.984	0.003	377421.570	323.538	0.007
1595257416.34183	229.980	0.003	377421.591	323.457	0.008
1595257416.36217	229.980	0.003	0.006	323.538	0.008
1595257416.37184	229.991	0.003	377421.583	323.618	0.007
1595257416.40980	229.949	0.003	377421.577	323.538	0.008
1595257416.41079	229.923	0.003	0.002	323.457	0.007
1595257416.44794	229.924	0.003	377421.583	323.538	0.007
1595257416.49492	229.961	0.003	0.004	323.457	0.008
1595257416.49580	229.952	0.003	377421.586	323.538	0.007
1595257416.49680	229.974	0.003	377421.572	323.538	0.007
1595257416.53623	229.944	0.003	0.011	323.457	0.008
1595257416.53922	229.912	0.003	377421.553	323.377	0.007
1595257416.55487	229.897	0.003	377421.587	323.538	0.007
1595257416.59288	229.962	0.003	0.006	323.538	0.008
1595257416.59489	229.986	0.003	377421.588	323.618	0.008
1595257416.63319	229.965	0.003	377421.582	323.457	0.007
1595257416.63487	229.941	0.003	0.000	323.618	0.007
1595257416.67201	229.911	0.003	377421.582	323.538	0.007
1595257416.68223	229.908	0.003	377421.587	323.538	0.008
1595257416.71988	229.923	0.003	377421.591	323.538	0.007
1595257416.72083	229.883	0.003	377421.582	323.457	0.008
1595257416.73083	229.905	0.003	0.003	323.538	0.008
1595257416.77027	229.923	0.003	377421.570	323.377	0.008
1595257416.78188	229.915	0.003	377421.581	323.538	0.007
1595257416.79192	229.912	0.003	0.010	323.538	0.008
1595257416.83089	229.909	0.003	377421.586	323.457	0.008
1595257416.84227	229.911	0.003	377421.587	323.457	0.008
1595257416.85191	229.890	0.003	377421.578	323.377	0.008
1595257416.88992	229.881	0.003	0.008	323.377	0.007
1595257416.90089	229.896	0.003	0.005	323.457	0.008
1595257416.91192	229.893	0.004	0.004	323.538	0.008
1595257416.95028	229.914	0.003	377421.572	323.538	0.007
1595257416.95091	229.901	0.003	377421.573	323.457	0.007
1595257416.98787	229.920	0.003	377421.549	323.377	0.007
1595257417.04345	229.919	0.003	377421.591	323.457	0.008
1595257417.04483	229.937	0.003	377421.581	323.457	0.007
1595257417.05686	229.937	0.003	377421.581	323.457	0.008
1595257417.09589	229.956	0.004	377421.581	323.457	0.009
1595257417.13526	229.950	0.003	377421.584	323.457	0.008
1595257417.13585	229.951	0.003	377421.578	323.699	0.007
1595257417.13683	230.031	0.003	377421.577	323.538	0.007
1595257417.17523	230.013	0.003	0.006	323.457	0.007
1595257417.17685	230.018	0.004	377421.588	323.618	0.008
1595257417.19485	229.998	0.003	0.005	323.699	0.008
1595257417.23201	229.962	0.003	377421.591	323.538	0.007
1595257417.23781	230.012	0.003	377421.585	323.538	0.008
1595257417.27692	230.024	0.003	0.004	323.699	0.007
1595257417.27992	230.002	0.003	377421.584	323.618	0.008
1595257417.31693	230.027	0.003	377421.564	323.940	0.009
1595257417.31984	230.030	0.003	377421.581	323.618	0.008
1595257417.33125	229.992	0.003	377421.579	323.538	0.008
1595257417.36826	229.978	0.003	377421.577	323.618	0.008
1595257417.38227	229.948	0.003	0.019	323.538	0.007
1595257417.39191	229.945	0.003	0.010	323.538	0.007
1595257417.43226	229.981	0.003	377421.585	323.538	0.007
1595257417.44188	229.977	0.003	0.002	323.538	0.008
1595257417.45202	229.991	0.003	377421.561	323.618	0.008
1595257417.49426	229.924	0.003	377421.588	323.538	0.007
1595257417.49591	229.920	0.003	377421.583	323.457	0.008
1595257417.53288	229.885	0.003	377421.589	323.538	0.007
1595257417.57227	229.893	0.003	0.004	323.457	0.007
1595257417.57291	229.909	0.003	377421.568	323.457	0.008
1595257417.58187	229.908	0.003	377421.586	323.377	0.008
1595257417.63229	229.928	0.003	377421.590	323.457	0.008
1595257417.63293	229.924	0.003	0.001	323.457	0.008
1595257417.64230	229.920	0.004	0.009	323.457	0.008
1595257417.65094	229.922	0.003	377421.571	323.618	0.008
1595257417.68833	229.954	0.003	377421.569	323.538	0.008
1595257417.68994	229.947	0.003	377421.570	323.538	0.007
1595257417.72988	229.955	0.003	377421.574	323.538	0.008
1595257417.73790	229.896	0.003	0.006	323.538	0.008
1595257417.77829	229.853	0.003	377421.571	323.377	0.008
1595257417.77994	229.952	0.003	377421.591	323.538	0.008
1595257417.81789	229.982	0.004	377421.580	323.538	0.008
1595257417.82008	229.944	0.003	377421.575	323.457	0.008
1595257417.83087	229.945	0.003	377421.573	323.538	0.008
1595257417.87001	229.941	0.003	377421.579	323.618	0.007
1595257417.87087	229.921	0.003	377421.565	323.377	0.007
1595257417.90998	229.899	0.003	377421.570	323.377	0.007
1595257417.95628	229.959	0.003	377421.570	323.457	0.007
1595257417.95733	229.942	0.003	377421.571	323.457	0.007
1595257417.95984	229.978	0.003	0.004	323.457	0.008
1595257417.99707	229.933	0.003	377421.589	323.538	0.007
1595257417.99826	229.922	0.003	0.004	323.377	0.008
1595257418.02026	229.919	0.003	377421.591	323.377	0.007
1595257418.06803	229.885	0.003	377421.583	323.457	0.008
1595257418.06984	229.893	0.003	377421.583	323.457	0.007
1595257418.08227	229.933	0.003	377421.577	323.538	0.007
1595257418.09492	229.923	0.004	377421.580	323.296	0.007
1595257418.13324	229.931	0.003	377421.589	323.377	0.007
1595257418.13490	229.937	0.003	377421.568	323.377	0.008
1595257418.17225	229.940	0.003	377421.589	323.296	0.008
1595257418.17290	229.898	0.003	377421.585	323.377	0.007
1595257418.21125	229.909	0.003	377421.579	323.216	0.007
1595257418.22086	229.942	0.003	377421.586	323.377	0.008
1595257418.27102	229.969	0.003	377421.592	323.296	0.008
1595257418.27184	229.930	0.003	377421.593	323.457	0.008
1595257418.27325	229.965	0.003	0.003	323.457	0.008
1595257418.31128	229.972	0.004	0.004	323.457	0.009
1595257418.31186	229.973	0.003	377421.589	323.538	0.008
1595257418.35125	229.820	1.665	97.861	323.377	15.575
1595257418.35726	230.048	0.040	1.564	323.457	0.129
1595257418.39602	230.038	0.024	0.748	323.457	0.068
1595257418.43291	230.002	0.010	0.319	323.618	0.033
1595257418.44098	230.034	0.007	0.282	323.457	0.027
1595257418.45085	230.025	0.005	0.182	323.377	0.017
1595257418.46989	229.965	0.005	0.161	323.296	0.021
1595257418.50737	229.962	0.005	0.173	323.216	0.019
1595257418.50789	229.963	0.004	0.137	323.296	0.015
1595257418.54629	229.943	0.004	0.155	323.216	0.017
1595257418.54794	229.972	0.004	0.118	323.377	0.014
1595257418.58591	229.973	0.004	0.140	323.377	0.012
1595257418.62529	229.996	0.004	0.127	323.377	0.013
1595257418.62594	230.026	0.004	0.148	323.377	0.013
1595257418.62688	230.026	0.004	0.092	323.457	0.013
1595257418.66998	230.079	0.004	0.086	323.296	0.019
1595257418.68294	230.059	0.003	0.075	323.457	0.010
1595257418.72130	230.026	0.004	0.067	323.296	0.011
1595257418.72194	229.992	0.004	0.044	323.377	0.010
1595257418.73190	230.004	0.004	0.064	323.377	0.009
1595257418.76990	229.983	0.004	0.075	323.296	0.013
1595257418.77128	230.011	0.028	2.254	323.216	0.179
1595257418.80830	230.022	0.009	0.638	323.377	0.049
1595257418.81992	230.029	0.008	0.548	323.538	0.038
1595257418.83135	230.061	0.007	0.536	323.377	0.041
1595257418.87207	230.061	0.008	0.553	323.377	0.046
1595257418.88196	230.078	0.008	0.585	323.538	0.046
1595257418.89200	230.101	0.008	0.571	323.538	0.039
1595257418.93031	230.062	0.007	0.561	323.538	0.040
1595257418.93195	230.069	0.007	0.538	323.538	0.035
1595257418.97091	230.089	0.007	0.507	323.457	0.036
1595257418.98338	230.041	0.006	0.417	323.377	0.034
1595257419.02129	230.003	0.006	0.346	323.296	0.035
1595257419.03391	230.008	0.007	0.517	323.377	0.044
1595257419.04329	229.999	0.009	0.637	323.457	0.045
1595257419.08095	230.023	0.009	0.690	323.296	0.050
1595257419.08290	230.007	0.009	0.645	323.296	0.044
1595257419.09206	229.993	0.009	0.659	323.135	0.048
1595257419.13029	230.017	0.008	0.620	323.216	0.041
1595257419.15129	229.951	0.007	0.514	323.135	0.035
1595257419.19028	229.970	0.008	0.594	323.296	0.038
1595257419.20029	229.974	0.008	0.557	323.377	0.040
1595257419.21094	229.951	0.008	0.582	323.296	0.039
1595257419.24927	229.966	0.009	0.660	323.296	0.047
1595257419.25094	230.014	0.008	0.648	323.377	0.046
1595257419.28796	230.012	0.009	0.663	323.296	0.046
1595257419.33431	230.012	0.009	0.659	323.296	0.045
1595257419.33691	229.986	0.008	0.591	323.377	0.039
1595257419.37538	229.985	0.007	0.555	323.296	0.038
1595257419.37591	229.957	0.008	0.569	323.296	0.043
1595257419.39919	229.975	0.009	0.704	323.216	0.050
1595257419.43735	230.032	0.009	0.656	323.296	0.045
1595257419.43797	230.052	0.009	0.684	323.296	0.049
1595257419.45894	230.053	0.009	0.669	323.377	0.043
1595257419.50741	230.008	0.009	0.703	323.216	0.048
1595257419.50895	230.008	0.009	0.649	323.377	0.049
1595257419.51112	230.013	0.010	0.712	323.296	0.048
1595257419.53204	230.069	0.010	0.706	323.377	0.055
1595257419.57140	230.086	0.010	0.756	323.377	0.049
1595257419.57238	230.081	0.009	0.706	323.457	0.050
1595257419.60997	230.087	0.009	0.705	323.457	0.045
1595257419.61616	230.113	0.009	0.715	323.538	0.046
1595257419.65315	230.069	0.009	0.695	323.377	0.048
1595257419.66536	230.064	0.009	0.701	323.457	0.048
1595257419.70434	230.043	0.009	0.701	323.457	0.055
1595257419.70698	230.072	0.009	0.689	323.377	0.046
1595257419.74835	230.074	0.010	0.737	323.457	0.055
1595257419.74998	230.224	0.010	0.818	323.538	0.052
1595257419.78795	230.206	0.010	0.780	323.457	0.049
1595257419.79033	230.169	0.010	0.787	323.457	0.052
1595257419.82834	230.142	0.009	0.768	323.538	0.049
1595257419.84035	230.057	0.009	0.738	323.296	0.050
1595257419.87701	229.964	0.010	0.812	323.216	0.060
1595257419.87799	229.972	0.010	0.783	323.296	0.052
1595257419.88998	229.998	0.008	0.632	323.296	0.043
1595257419.92742	230.032	0.008	0.599	323.377	0.043
1595257419.93701	230.028	0.008	0.613	323.457	0.043
1595257419.97501	230.028	0.008	0.544	323.377	0.041
1595257419.97699	230.012	0.008	0.512	323.216	0.043
1595257420.02636	230.013	0.009	0.700	323.296	0.046
1595257420.02699	230.038	0.009	0.653	323.377	0.049
1595257420.02995	230.035	0.009	0.697	323.296	0.054
1595257420.06714	230.059	0.010	0.745	323.377	0.051
1595257420.07293	230.060	0.010	0.756	323.296	0.054
1595257420.11235	230.093	0.010	0.757	323.296	0.048
1595257420.11299	230.069	0.010	0.736	323.296	0.051
1595257420.15202	230.078	0.010	0.766	323.216	0.050
1595257420.15295	230.063	0.010	0.768	323.296	0.056
1595257420.19333	230.092	0.010	0.799	323.296	0.052
1595257420.19595	230.049	0.010	0.759	323.296	0.055
1595257420.20833	230.087	0.010	0.779	323.377	0.052
1595257420.24634	230.070	0.010	0.754	323.377	0.052
1595257420.24698	230.070	0.010	0.784	323.377	0.050
1595257420.28497	230.086	0.010	0.780	323.538	0.050
1595257420.32834	230.101	0.010	0.774	323.457	0.057
1595257420.32998	230.043	0.009	0.657	323.377	0.044
1595257420.33093	230.065	0.008	0.577	323.538	0.041
1595257420.36833	230.031	0.008	0.642	323.457	0.048
1595257420.37699	230.048	0.009	0.695	323.377	0.048
1595257420.41542	230.074	0.009	0.693	323.377	0.048
1595257420.45544	230.066	0.009	0.687	323.296	0.048
1595257420.46811	230.051	0.009	0.698	323.216	0.047
1595257420.50591	230.024	0.009	0.715	323.135	0.049
1595257420.51834	230.011	0.009	0.737	323.216	0.057
1595257420.53000	230.065	0.013	1.099	323.216	0.070
1595257420.56707	230.041	0.012	0.927	323.377	0.062
1595257420.57834	230.066	0.008	0.606	323.377	0.044
1595257420.59000	230.100	0.011	0.884	323.296	0.062
1595257420.62700	230.093	0.011	0.896	323.377	0.059
1595257420.63834	230.128	0.011	0.941	323.457	0.058
1595257420.67701	230.108	0.011	0.895	323.538	0.060
1595257420.67896	230.117	0.011	0.899	323.377	0.057
1595257420.71735	230.154	0.011	0.910	323.377	0.056
1595257420.71799	230.174	0.011	0.871	323.538	0.054
1595257420.72797	230.153	0.011	0.887	323.538	0.059
1595257420.76636	230.168	0.011	0.887	323.538	0.056
1595257420.78835	230.151	0.011	0.857	323.296	0.055
1595257420.82601	230.060	0.011	0.889	323.457	0.067
1595257420.83836	230.111	0.011	0.880	323.457	0.055
1595257420.84836	230.115	0.011	0.863	323.377	0.058
1595257420.88601	230.097	0.011	0.862	323.538	0.055
1595257420.89835	230.104	0.011	0.901	323.618	0.061
1595257420.90801	230.122	0.011	0.920	323.618	0.057
1595257420.94742	230.097	0.011	0.883	323.618	0.059
1595257420.95834	230.111	0.011	0.870	323.779	0.056
1595257420.96801	230.100	0.011	0.926	323.457	0.057
1595257421.01797	230.080	0.011	0.873	323.457	0.058
1595257421.01997	230.120	0.011	0.896	323.538	0.058
1595257421.05737	230.091	0.011	0.891	323.618	0.056
1595257421.05898	230.096	0.011	0.863	323.457	0.058
1595257421.07016	230.110	0.010	0.768	323.538	0.050
1595257421.11211	230.071	0.009	0.659	323.377	0.049
1595257421.11799	230.102	0.009	0.676	323.457	0.045
1595257421.12837	230.056	0.009	0.686	323.457	0.045
1595257421.16742	230.096	0.009	0.661	323.457	0.050
1595257421.16802	230.129	0.009	0.682	323.377	0.046
1595257421.20599	230.106	0.009	0.680	323.377	0.048
1595257421.25037	230.113	0.009	0.653	323.457	0.045
1595257421.25102	230.101	0.009	0.693	323.377	0.046
1595257421.26136	230.093	0.009	0.661	323.538	0.045
1595257421.29989	230.100	0.009	0.658	323.618	0.045
1595257421.30084	230.176	0.009	0.656	323.699	0.048
1595257421.31784	230.191	0.009	0.663	323.618	0.048
1595257421.32784	230.206	0.009	0.639	323.618	0.046
1595257421.36585	230.204	0.009	0.679	323.699	0.047
1595257421.36684	230.207	0.009	0.647	323.618	0.046
1595257421.38808	230.193	0.009	0.628	323.779	0.045
1595257421.42638	230.129	0.009	0.619	323.699	0.047
1595257421.43237	230.143	0.009	0.655	323.618	0.043
1595257421.46997	230.143	0.009	0.657	323.538	0.044
1595257421.47585	230.115	0.009	0.623	323.457	0.047
1595257421.51287	230.120	0.009	0.649	323.377	0.049
1595257421.51485	230.113	0.009	0.679	323.377	0.047
1595257421.56686	230.151	0.009	0.611	323.538	0.046
1595257421.56885	230.121	0.009	0.620	323.538	0.043
1595257421.57785	230.128	0.009	0.618	323.538	0.048
1595257421.59807	230.125	0.009	0.693	323.618	0.043
1595257421.63598	230.145	0.009	0.720	323.699	0.045
1595257421.63702	230.156	0.009	0.687	323.618	0.040
1595257421.64838	230.152	0.009	0.667	323.618	0.045
1595257421.68617	230.106	0.009	0.711	323.618	0.054
1595257421.68696	230.119	0.009	0.670	323.538	0.048
1595257421.72538	230.094	0.009	0.665	323.377	0.047
1595257421.76640	230.097	0.009	0.674	323.377	0.045
1595257421.76838	230.121	0.009	0.700	323.457	0.052
1595257421.77004	230.106	0.009	0.649	323.538	0.045
1595257421.80939	230.078	0.009	0.671	323.457	0.048
1595257421.84705	230.086	0.009	0.686	323.538	0.047
1595257421.85213	230.076	0.009	0.665	323.296	0.049
1595257421.89042	230.075	0.009	0.667	323.377	0.050
1595257421.91146	230.056	0.009	0.697	323.377	0.047
1595257421.94808	230.068	0.009	0.686	323.538	0.043
1595257421.95001	230.095	0.009	0.691	323.779	0.047
1595257421.99041	230.078	0.009	0.682	323.377	0.047
1595257421.99104	230.101	0.009	0.672	323.457	0.047
1595257422.02939	230.114	0.009	0.675	323.538	0.048
1595257422.03105	230.045	0.009	0.660	323.538	0.043
1595257422.06819	229.995	0.008	0.654	323.377	0.045
1595257422.07111	229.965	0.009	0.649	323.377	0.040
1595257422.11040	229.982	0.009	0.660	323.135	0.045
1595257422.15340	230.017	0.009	0.687	323.216	0.045
1595257422.15505	230.003	0.009	0.661	323.296	0.047
1595257422.15602	230.015	0.009	0.672	323.296	0.049
1595257422.19341	229.977	0.009	0.678	323.296	0.048
1595257422.19508	229.990	0.009	0.694	323.135	0.044
1595257422.20702	230.011	0.009	0.697	323.296	0.045
1595257422.24540	230.004	0.009	0.722	323.457	0.048
1595257422.24605	230.006	0.009	0.693	323.296	0.044
1595257422.29319	230.017	0.009	0.688	323.296	0.050
1595257422.29498	230.029	0.009	0.700	323.457	0.049
1595257422.33208	230.071	0.009	0.645	323.457	0.043
1595257422.33412	230.001	0.009	0.683	323.377	0.046
1595257422.37242	230.049	0.009	0.682	323.377	0.046
1595257422.37504	230.012	0.008	0.657	323.377	0.045
1595257422.38747	229.976	0.009	0.655	323.296	0.044
1595257422.42507	230.003	0.009	0.684	323.296	0.052
1595257422.46208	230.002	0.009	0.709	323.296	0.047
1595257422.46299	229.998	0.009	0.683	323.216	0.051
1595257422.46640	230.003	0.009	0.667	323.135	0.050
1595257422.50351	230.007	0.009	0.703	323.296	0.046
1595257422.50507	229.929	0.009	0.663	323.135	0.050
1595257422.54347	229.983	0.009	0.704	323.377	0.047
1595257422.56604	230.000	0.009	0.683	323.377	0.050
1595257422.57331	229.997	0.009	0.672	323.296	0.050
1595257422.61116	229.997	0.009	0.686	323.457	0.047
1595257422.61202	230.055	0.009	0.693	323.377	0.051
1595257422.65043	230.047	0.009	0.688	323.377	0.051
1595257422.70143	230.023	0.009	0.678	323.377	0.045
1595257422.70405	230.007	0.009	0.693	323.457	0.049
1595257422.75148	229.982	0.009	0.642	323.457	0.049
1595257422.75208	229.940	0.009	0.672	323.377	0.045
1595257422.75441	229.883	0.009	0.661	323.216	0.045
1595257422.77708	229.926	0.009	0.667	323.216	0.048
1595257422.79643	229.915	0.009	0.687	323.216	0.052
1595257422.83309	230.016	0.009	0.714	323.296	0.046
1595257422.83504	230.025	0.009	0.704	323.216	0.051
1595257422.88349	230.043	0.009	0.685	323.377	0.043
1595257422.88508	229.984	0.009	0.689	323.296	0.051
1595257422.88608	230.007	0.009	0.694	323.377	0.045
1595257422.92842	230.028	0.009	0.696	323.457	0.047
1595257422.93006	230.018	0.009	0.654	323.296	0.046
1595257422.96702	230.047	0.009	0.709	323.457	0.049
1595257423.00591	230.007	0.009	0.681	323.457	0.045
1595257423.00691	229.971	0.009	0.676	323.377	0.048
1595257423.01691	229.987	0.010	0.815	323.377	0.052
1595257423.03714	229.989	0.011	0.916	323.296	0.057
1595257423.07521	229.994	0.011	0.852	323.377	0.055
1595257423.07601	230.007	0.011	0.877	323.377	0.059
1595257423.08748	230.067	0.011	0.936	323.377	0.060
1595257423.12544	230.058	0.011	0.834	323.377	0.055
1595257423.13555	230.042	0.011	0.902	323.377	0.059
1595257423.17213	230.080	0.011	0.897	323.457	0.058
1595257423.17409	230.000	0.011	0.845	323.296	0.058
1595257423.21347	229.996	0.011	0.896	323.296	0.060
1595257423.21511	229.999	0.011	0.877	323.296	0.060
1595257423.23647	230.031	0.011	0.893	323.296	0.062
1595257423.24812	230.048	0.011	0.849	323.457	0.054
1595257423.28611	230.017	0.011	0.895	323.296	0.056
1595257423.28707	229.997	0.011	0.919	323.457	0.060
1595257423.32552	230.020	0.011	0.879	323.457	0.055
1595257423.34756	230.103	0.011	0.854	323.457	0.054
1595257423.38513	230.077	0.010	0.815	323.457	0.058
1595257423.38610	230.121	0.010	0.808	323.538	0.056
1595257423.40753	230.100	0.010	0.769	323.457	0.050
1595257423.44514	230.040	0.010	0.787	323.457	0.058
1595257423.45708	230.058	0.010	0.793	323.457	0.055
1595257423.49511	230.002	0.010	0.762	323.296	0.052
1595257423.49716	229.964	0.010	0.780	323.296	0.051
1595257423.53645	229.917	0.010	0.768	323.296	0.054
1595257423.53711	229.926	0.010	0.810	323.216	0.051
1595257423.54707	229.992	0.010	0.818	323.296	0.052
1595257423.57045	229.962	0.010	0.782	323.296	0.049
1595257423.60711	229.926	0.010	0.801	323.377	0.056
1595257423.60810	229.930	0.010	0.802	323.377	0.049
1595257423.64648	229.913	0.010	0.771	323.216	0.049
1595257423.65709	229.914	0.010	0.810	323.216	0.054
1595257423.66723	229.892	0.010	0.788	323.216	0.055
1595257423.70414	229.870	0.010	0.794	323.296	0.054
1595257423.70618	229.893	0.010	0.795	323.135	0.048
1595257423.74314	229.922	0.010	0.824	323.216	0.051
1595257423.75617	229.965	0.011	0.822	323.296	0.060
1595257423.76605	229.971	0.010	0.787	323.457	0.051
1595257423.78755	229.937	0.010	0.811	323.377	0.058
1595257423.82847	229.958	0.010	0.797	323.377	0.054
1595257423.83108	229.955	0.010	0.799	323.296	0.049
1595257423.86823	229.979	0.010	0.808	323.377	0.055
1595257423.91348	230.026	0.010	0.799	323.538	0.052
1595257423.91412	229.950	0.010	0.803	323.216	0.055
1595257423.92608	229.941	0.010	0.811	323.216	0.048
1595257423.96308	229.938	0.010	0.786	323.377	0.049
1595257423.97647	229.923	0.010	0.783	323.296	0.051
1595257423.98712	229.910	0.010	0.783	323.296	0.051
1595257424.02451	229.896	0.010	0.787	323.216	0.050
1595257424.03651	229.940	0.010	0.825	323.216	0.052
1595257424.04716	229.948	0.010	0.853	323.296	0.059
1595257424.08411	229.939	0.010	0.810	323.216	0.054
1595257424.09751	229.893	0.010	0.818	323.296	0.055
1595257424.10711	229.921	0.010	0.797	323.216	0.050
1595257424.14452	229.900	0.010	0.786	323.216	0.054
1595257424.14614	229.923	0.010	0.822	323.135	0.054
1595257424.18313	229.893	0.010	0.774	323.216	0.049
1595257424.19722	229.913	0.010	0.796	323.216	0.051
1595257424.20707	229.922	0.010	0.805	323.216	0.055
1595257424.24453	229.911	0.010	0.825	323.377	0.051
1595257424.25513	229.906	0.011	0.910	323.135	0.063
1595257424.29330	229.924	0.014	1.118	323.216	0.070
1595257424.30251	229.895	0.013	1.074	323.055	0.070
1595257424.31411	229.863	0.016	1.309	323.135	0.088
1595257424.32613	229.888	0.014	1.126	323.135	0.071
1595257424.36357	229.923	0.012	0.952	323.216	0.066
1595257424.36408	229.947	0.012	0.953	323.216	0.060
1595257424.40214	229.944	0.012	0.974	323.216	0.059
1595257424.44154	229.918	0.012	1.016	323.216	0.067
1595257424.44315	229.980	0.011	0.827	323.377	0.054
1595257424.48219	229.957	0.009	0.666	323.216	0.055
1595257424.48310	229.979	0.009	0.754	323.296	0.048
1595257424.48414	229.960	0.010	0.761	323.296	0.050
1595257424.52250	229.963	0.010	0.739	323.377	0.051
1595257424.53114	230.009	0.010	0.754	323.377	0.052
1595257424.56820	229.961	0.009	0.715	323.216	0.049
1595257424.58211	229.998	0.011	0.899	323.377	0.060
1595257424.61909	230.002	0.012	1.034	323.538	0.061
1595257424.62197	230.005	0.011	0.856	323.457	0.052
1595257424.63597	229.994	0.012	0.905	323.377	0.064
1595257424.67298	229.968	0.012	0.988	323.377	0.064
1595257424.67597	229.951	0.012	0.906	323.377	0.068
1595257424.68597	229.954	0.012	1.018	323.377	0.068
1595257424.72297	229.943	0.012	0.977	323.216	0.063
1595257424.72799	229.933	0.012	0.953	323.135	0.060
1595257424.76898	229.967	0.012	0.997	323.296	0.061
1595257424.77597	229.916	0.011	0.902	323.296	0.066
1595257424.81452	229.775	0.012	0.942	323.135	0.059
1595257424.81616	229.688	0.012	0.967	323.216	0.067
1595257424.84449	229.646	0.012	0.975	323.135	0.063
1595257424.85309	229.580	0.012	1.014	323.135	0.069
1595257424.86628	229.539	0.013	1.039	323.055	0.069
1595257424.90452	229.503	0.012	0.974	323.055	0.062
1595257424.91318	229.533	0.013	1.050	323.055	0.067
1595257424.93559	229.509	0.013	1.053	323.135	0.069
1595257424.98357	229.450	0.012	0.961	322.894	0.057
1595257424.98418	229.452	0.010	0.760	322.894	0.051
1595257424.98613	229.414	0.010	0.768	322.813	0.055
1595257425.02314	229.431	0.010	0.749	322.974	0.048
1595257425.03253	229.392	0.009	0.713	322.813	0.052
1595257425.05453	229.341	0.009	0.708	322.813	0.049
1595257425.06619	229.313	0.010	0.733	322.813	0.054
1595257425.10453	229.336	0.010	0.741	322.733	0.052
1595257425.10617	229.339	0.010	0.752	322.894	0.058
1595257425.14363	229.367	0.010	0.731	322.894	0.054
1595257425.19158	229.295	0.009	0.700	322.894	0.055
1595257425.19220	229.316	0.009	0.671	322.974	0.049
1595257425.19314	229.261	0.009	0.694	322.652	0.048
1595257425.23572	229.300	0.011	0.843	322.733	0.057
1595257425.25455	229.321	0.009	0.677	322.652	0.049
1595257425.30318	229.278	0.009	0.707	322.411	0.047
1595257425.30425	229.219	0.009	0.660	322.331	0.048
1595257425.30720	229.195	0.009	0.666	322.170	0.047
1595257425.34456	229.199	0.009	0.698	321.928	0.046
1595257425.35119	229.197	0.009	0.716	321.928	0.046
1595257425.38952	229.152	0.009	0.705	321.848	0.054
1595257425.39117	229.148	0.010	0.764	321.687	0.052
1595257425.42952	229.203	0.010	0.748	321.848	0.050
1595257425.43117	229.172	0.013	1.021	321.848	0.070
1595257425.46831	229.140	0.013	0.994	321.767	0.066
1595257425.51158	229.102	0.013	1.024	321.526	0.069
1595257425.51217	229.099	0.012	1.005	321.445	0.066
1595257425.51314	229.088	0.013	1.063	321.767	0.067
1595257425.55158	229.129	0.014	1.121	321.606	0.076
1595257425.55352	229.091	0.013	1.044	321.606	0.069
1595257425.57653	229.109	0.012	0.933	321.767	0.059
1595257425.61318	229.033	0.011	0.873	321.606	0.062
1595257425.61428	229.026	0.011	0.849	321.687	0.056
1595257425.62653	229.071	0.011	0.890	321.687	0.058
1595257425.64653	229.015	0.011	0.841	321.687	0.052
1595257425.68336	228.979	0.011	0.859	321.606	0.057
1595257425.68411	228.987	0.011	0.854	321.767	0.057
1595257425.72254	229.007	0.011	0.854	321.606	0.057
1595257425.73416	229.027	0.011	0.893	321.606	0.058
1595257425.74454	228.998	0.011	0.884	321.767	0.062
1595257425.78259	229.016	0.011	0.909	321.767	0.057
1595257425.80457	228.966	0.010	0.830	321.687	0.051
1595257425.84222	228.976	0.011	0.874	321.848	0.056
1595257425.87939	229.030	0.011	0.895	321.928	0.058
1595257425.88115	229.063	0.011	0.884	321.928	0.058
1595257425.89657	229.051	0.011	0.894	321.928	0.060
1595257425.90822	229.059	0.011	0.857	321.928	0.057
1595257425.94618	229.045	0.011	0.874	321.928	0.060
1595257425.95658	229.102	0.011	0.836	322.009	0.059
1595257425.96822	229.045	0.011	0.860	322.009	0.055
1595257426.00625	229.041	0.011	0.879	321.928	0.061
1595257426.01722	229.027	0.011	0.844	322.009	0.057
1595257426.02732	229.025	0.011	0.880	321.928	0.057
1595257426.06657	229.065	0.011	0.877	321.928	0.058
1595257426.07657	229.037	0.011	0.868	321.928	0.056
1595257426.08822	229.057	0.011	0.889	322.009	0.056
1595257426.12660	229.066	0.011	0.853	321.928	0.056
1595257426.13223	229.101	0.011	0.908	322.009	0.057
1595257426.16959	229.122	0.011	0.845	322.089	0.059
1595257426.18021	229.133	0.011	0.900	322.009	0.061
1595257426.18835	229.169	0.011	0.859	322.089	0.056
1595257426.22708	229.183	0.011	0.883	322.170	0.062
1595257426.24104	229.194	0.011	0.846	322.170	0.057
1595257426.24828	229.185	0.011	0.860	322.089	0.057
1595257426.28633	229.189	0.011	0.838	322.009	0.057
1595257426.28714	229.215	0.011	0.862	322.009	0.056
1595257426.32457	229.224	0.011	0.856	322.089	0.056
1595257426.36361	229.215	0.011	0.838	322.089	0.058
1595257426.36422	229.209	0.011	0.870	322.009	0.061
1595257426.37456	229.204	0.011	0.864	322.009	0.056
1595257426.38623	229.214	0.011	0.856	321.928	0.061
1595257426.42327	229.218	0.010	0.833	321.848	0.055
1595257426.43456	229.214	0.011	0.888	321.928	0.061
1595257426.44622	229.248	0.011	0.898	322.089	0.057
1595257426.48362	229.260	0.011	0.897	322.009	0.062
1595257426.49421	229.258	0.011	0.850	321.928	0.061
1595257426.50657	229.235	0.011	0.861	322.009	0.057
1595257426.54761	229.295	0.011	0.873	322.009	0.057
1595257426.58658	229.309	0.011	0.876	321.928	0.057
1595257426.58722	229.277	0.012	0.906	322.089	0.061
1595257426.63161	229.332	0.010	0.799	321.928	0.050
1595257426.63222	229.390	0.010	0.803	322.009	0.057
1595257426.67021	229.369	0.012	0.917	321.848	0.061
1595257426.67235	229.345	0.012	0.955	321.928	0.063
1595257426.69360	229.400	0.013	1.098	321.848	0.073
1595257426.73257	229.338	0.015	1.229	321.848	0.074
1595257426.73323	229.364	0.015	1.231	321.848	0.081
1595257426.75360	229.380	0.015	1.241	321.848	0.074
1595257426.79165	229.408	0.015	1.220	321.767	0.075
1595257426.79225	229.419	0.017	1.367	321.848	0.084
1595257426.83120	229.446	0.015	1.264	322.009	0.076
1595257426.83260	229.476	0.015	1.224	322.089	0.076
1595257426.87029	229.479	0.015	1.292	322.089	0.080
1595257426.87225	229.498	0.015	1.259	322.089	0.083
1595257426.90962	229.460	0.015	1.279	322.089	0.086
1595257426.91125	229.471	0.015	1.275	322.089	0.076
1595257426.92318	229.490	0.016	1.313	322.331	0.083
1595257426.96123	229.512	0.016	1.323	322.089	0.082
1595257426.96262	229.539	0.016	1.359	322.170	0.084
1595257427.00366	229.513	0.016	1.287	322.089	0.079
1595257427.00625	229.525	0.015	1.294	322.170	0.075
1595257427.04661	229.480	0.016	1.321	322.411	0.081
1595257427.04726	229.536	0.016	1.346	322.250	0.090
1595257427.08560	229.545	0.016	1.324	322.411	0.087
1595257427.08726	229.533	0.016	1.313	322.411	0.085
1595257427.12463	229.543	0.016	1.331	322.492	0.084
1595257427.13224	229.549	0.016	1.338	322.572	0.082
1595257427.16962	229.571	0.016	1.361	322.652	0.080
1595257427.17222	229.536	0.019	1.602	322.652	0.099
1595257427.21167	229.487	0.017	1.441	322.652	0.094
1595257427.21225	229.456	0.017	1.385	322.572	0.085
1595257427.23459	229.522	0.018	1.497	322.733	0.095
1595257427.27239	229.545	0.017	1.425	322.733	0.086
1595257427.27317	229.514	0.017	1.447	322.733	0.093
1595257427.31165	229.533	0.017	1.444	322.572	0.088
1595257427.31325	229.508	0.017	1.474	322.652	0.084
1595257427.35164	229.525	0.017	1.395	322.492	0.088
1595257427.35324	229.509	0.017	1.422	322.411	0.086
1595257427.36437	229.499	0.017	1.478	322.411	0.092
1595257427.40260	229.491	0.017	1.427	322.492	0.088
1595257427.40329	229.530	0.017	1.439	322.572	0.088
1595257427.44460	229.520	0.017	1.488	322.652	0.090
1595257427.44625	229.525	0.018	1.510	322.652	0.091
1595257427.48322	229.395	0.017	1.398	322.492	0.084
1595257427.52262	229.219	0.017	1.396	322.331	0.091
1595257427.52325	229.267	0.017	1.462	322.331	0.091
1595257427.56122	229.296	0.017	1.408	322.250	0.093
1595257427.56221	229.288	0.017	1.417	322.250	0.090
1595257427.57461	229.324	0.018	1.479	322.331	0.093
1595257427.58426	229.326	0.019	1.609	322.411	0.099
1595257427.62264	229.290	0.019	1.616	322.250	0.100
1595257427.62327	229.334	0.019	1.657	322.250	0.106
1595257427.66127	229.342	0.020	1.692	322.331	0.106
1595257427.66235	229.309	0.020	1.682	322.170	0.103
1595257427.69939	229.275	0.019	1.664	322.170	0.103
1595257427.71365	229.277	0.019	1.657	322.170	0.105
1595257427.72328	229.268	0.019	1.643	322.170	0.102
1595257427.76125	229.279	0.019	1.633	322.170	0.099
1595257427.77364	229.309	0.020	1.698	322.331	0.105
1595257427.78429	229.324	0.019	1.644	322.331	0.103
1595257427.82265	229.306	0.019	1.625	322.250	0.104
1595257427.82328	229.358	0.020	1.693	322.411	0.100
1595257427.86128	229.338	0.019	1.603	322.411	0.103
1595257427.88465	229.371	0.019	1.680	322.411	0.100
1595257427.92266	229.353	0.019	1.648	322.331	0.100
1595257427.97264	229.365	0.019	1.657	322.331	0.103
1595257427.97525	229.353	0.020	1.687	322.331	0.103
1595257428.01367	229.367	0.018	1.560	322.170	0.095
1595257428.01430	229.344	0.020	1.690	322.250	0.102
1595257428.03326	229.317	0.020	1.672	322.250	0.104
1595257428.04346	229.362	0.020	1.719	322.170	0.105
1595257428.08125	229.353	0.020	1.661	322.331	0.100
1595257428.09344	229.350	0.024	2.100	322.250	0.136
1595257428.10366	229.330	0.028	2.547	322.170	0.144
1595257428.14263	229.301	0.028	2.448	322.250	0.140
1595257428.15426	229.310	0.028	2.504	322.170	0.143
1595257428.16463	229.308	0.027	2.406	322.331	0.134
1595257428.20228	229.298	0.026	2.366	322.170	0.135
1595257428.20325	229.316	0.026	2.389	322.250	0.135
1595257428.24165	229.357	0.027	2.391	322.331	0.135
1595257428.25862	229.382	0.027	2.422	322.331	0.143
1595257428.26631	229.351	0.024	2.057	322.331	0.131
1595257428.30464	229.400	0.020	1.737	322.411	0.107
1595257428.31765	229.370	0.022	1.901	322.411	0.117
1595257428.35465	229.369	0.020	1.707	322.331	0.102
1595257428.35630	229.414	0.021	1.807	322.411	0.106
1595257428.39326	229.416	0.021	1.825	322.331	0.110
1595257428.39467	229.403	0.021	1.750	322.250	0.110
1595257428.41665	229.428	0.019	1.669	322.411	0.106
1595257428.42429	229.367	0.020	1.706	322.331	0.100
1595257428.46435	229.381	0.020	1.701	322.331	0.103
1595257428.47428	229.359	0.020	1.679	322.170	0.104
1595257428.48462	229.297	0.020	1.699	322.170	0.100
1595257428.52260	229.270	0.020	1.670	322.170	0.104
1595257428.52432	229.313	0.020	1.732	322.250	0.106
1595257428.56237	229.343	0.020	1.693	322.331	0.102
1595257428.56324	229.330	0.020	1.660	322.170	0.104
1595257428.58467	229.317	0.020	1.685	322.250	0.098
1595257428.62369	229.330	0.020	1.668	322.411	0.098
1595257428.62432	229.302	0.020	1.691	322.170	0.103
1595257428.64368	229.313	0.020	1.661	322.411	0.098
1595257428.67829	229.273	0.019	1.658	322.331	0.099
1595257428.69142	229.221	0.019	1.613	322.250	0.106
1595257428.70323	229.183	0.020	1.701	322.331	0.104
1595257428.76669	229.235	0.019	1.645	322.170	0.100
1595257428.76865	229.221	0.020	1.695	322.089	0.099
1595257428.77728	229.261	0.019	1.679	322.250	0.100
1595257428.79465	229.290	0.020	1.718	322.170	0.100
1595257428.83266	229.219	0.020	1.678	322.250	0.107
1595257428.83428	229.261	0.020	1.676	322.250	0.103
1595257428.84465	229.234	0.020	1.691	322.250	0.104
1595257428.88232	229.237	0.020	1.678	322.170	0.104
1595257428.89328	229.269	0.020	1.731	322.170	0.105
1595257428.90440	229.229	0.019	1.691	322.089	0.103
1595257428.94267	229.191	0.020	1.703	322.089	0.099
1595257428.94432	229.208	0.020	1.694	322.250	0.103
1595257428.96438	229.172	0.020	1.681	322.170	0.103
1595257429.00371	229.169	0.020	1.675	322.170	0.104
1595257429.00433	229.217	0.020	1.702	322.089	0.106
1595257429.04269	229.170	0.020	1.691	322.089	0.100
1595257429.04835	229.176	0.019	1.639	322.170	0.099
1595257429.08633	229.183	0.020	1.701	322.009	0.104
1595257429.09842	229.082	0.020	1.675	321.928	0.099
1595257429.14375	229.077	0.020	1.714	321.928	0.110
1595257429.14432	229.107	0.021	1.805	322.089	0.112
1595257429.14625	229.114	0.022	1.857	322.009	0.115
1595257429.18370	229.138	0.024	2.062	322.089	0.127
1595257429.18933	229.124	0.024	2.124	322.089	0.123
1595257429.22869	229.098	0.025	2.250	322.089	0.131
1595257429.22931	229.100	0.024	2.138	322.089	0.124
1595257429.27239	229.189	0.027	2.418	322.089	0.141
1595257429.27326	229.134	0.026	2.341	322.089	0.135
1595257429.28370	229.154	0.028	2.466	322.089	0.143
1595257429.32175	229.143	0.028	2.432	322.009	0.143
1595257429.32338	229.113	0.029	2.609	322.089	0.143
1595257429.36172	229.118	0.029	2.664	322.089	0.150
1595257429.37336	229.123	0.029	2.643	322.170	0.142
1595257429.41169	229.153	0.028	2.566	322.009	0.139
1595257429.45168	229.250	0.029	2.651	322.250	0.145
1595257429.45233	229.175	0.029	2.608	322.170	0.144
1595257429.46229	229.171	0.030	2.716	322.089	0.152
1595257429.49933	229.181	0.029	2.653	322.089	0.146
1595257429.50129	229.165	0.029	2.651	322.250	0.144
1595257429.53827	229.156	0.029	2.604	322.089	0.144
1595257429.55116	229.211	0.030	2.671	322.170	0.143
1595257429.58916	229.152	0.029	2.680	322.089	0.148
1595257429.59216	229.199	0.029	2.600	322.089	0.144
1595257429.62916	229.187	0.030	2.757	322.170	0.153
1595257429.63116	229.134	0.030	2.740	322.089	0.153
1595257429.64216	229.169	0.029	2.702	322.089	0.143
1595257429.67971	229.200	0.029	2.691	322.089	0.143
1595257429.69138	229.195	0.029	2.604	322.089	0.145
1595257429.70239	229.244	0.028	2.484	322.009	0.145
1595257429.74370	229.203	0.027	2.378	322.170	0.136
1595257429.74935	229.232	0.026	2.324	322.250	0.131
1595257429.78735	229.234	0.026	2.350	322.250	0.135
1595257429.82572	229.211	0.028	2.461	322.250	0.148
1595257429.82739	229.198	0.026	2.347	322.170	0.131
1595257429.82830	229.147	0.026	2.311	322.250	0.132
1595257429.86647	229.193	0.027	2.488	322.250	0.142
1595257429.86727	229.170	0.028	2.564	322.170	0.140
1595257429.90673	229.131	0.027	2.334	322.170	0.135
1595257429.94373	229.132	0.024	2.136	322.170	0.123
1595257429.95372	229.138	0.024	2.075	322.009	0.122
1595257429.96638	229.165	0.024	2.159	322.170	0.123
1595257430.00344	229.161	0.025	2.261	322.089	0.132
1595257430.01438	229.180	0.025	2.205	322.170	0.126
1595257430.02343	229.187	0.023	1.978	322.089	0.117
1595257430.06950	229.175	0.027	2.408	322.170	0.146
1595257430.10876	229.195	0.027	2.370	322.170	0.132
1595257430.11034	229.183	0.026	2.353	322.250	0.129
1595257430.12274	229.206	0.025	2.225	322.170	0.124
1595257430.15977	229.234	0.023	1.981	322.170	0.119
1595257430.17377	229.237	0.024	2.100	322.250	0.127
1595257430.18674	229.157	0.024	2.093	322.089	0.126
1595257430.22472	229.150	0.024	2.123	322.170	0.121
1595257430.23335	229.117	0.022	1.924	322.009	0.116
1595257430.24374	229.127	0.022	1.915	322.089	0.112
1595257430.28172	229.123	0.022	1.889	322.170	0.117
1595257430.28341	229.146	0.022	1.941	322.170	0.120
1595257430.32178	229.166	0.024	2.075	322.492	0.130
1595257430.36179	229.191	0.023	1.955	322.250	0.114
1595257430.37275	229.190	0.022	1.909	322.411	0.111
1595257430.41172	229.214	0.022	1.922	322.411	0.111
1595257430.41738	229.212	0.022	1.893	322.492	0.115
1595257430.43371	229.198	0.022	1.950	322.250	0.118
1595257430.44237	229.223	0.021	1.837	322.331	0.116
1595257430.47952	229.198	0.022	1.870	322.250	0.111
1595257430.49232	229.226	0.022	1.886	322.331	0.114
1595257430.50272	229.200	0.027	2.371	322.250	0.141
1595257430.54034	229.189	0.029	2.623	322.331	0.147
1595257430.54271	229.183	0.028	2.556	322.170	0.141
1595257430.56272	229.184	0.028	2.545	322.250	0.141
1595257430.60071	229.139	0.028	2.501	322.250	0.142
1595257430.60237	229.203	0.028	2.550	322.170	0.141
1595257430.64145	229.243	0.028	2.586	322.411	0.145
1595257430.65138	229.298	0.028	2.530	322.411	0.143
1595257430.66255	229.243	0.028	2.448	322.331	0.143
1595257430.70073	229.267	0.027	2.366	322.411	0.134
1595257430.71236	229.227	0.028	2.478	322.411	0.146
1595257430.72251	229.272	0.029	2.565	322.492	0.153
1595257430.76978	229.266	0.030	2.600	322.492	0.152
1595257430.80777	229.328	0.030	2.547	322.652	0.157
1595257430.80936	229.331	0.029	2.576	322.733	0.146
1595257430.82276	229.311	0.029	2.608	322.733	0.146
1595257430.86074	229.373	0.030	2.725	322.813	0.150
1595257430.86239	229.424	0.031	2.796	322.974	0.154
1595257430.88378	229.424	0.030	2.780	322.974	0.153
1595257430.92137	229.432	0.031	2.784	322.974	0.154
1595257430.92375	229.415	0.029	2.597	323.055	0.148
1595257430.96179	229.460	0.029	2.646	322.894	0.147
1595257430.98381	229.583	0.030	2.649	322.894	0.148
1595257431.02176	229.589	0.031	2.800	322.894	0.155
1595257431.02343	229.586	0.031	2.732	322.894	0.154
1595257431.06257	229.557	0.030	2.658	322.894	0.152
1595257431.06445	229.554	0.030	2.643	322.974	0.152
1595257431.10278	229.500	0.030	2.651	322.974	0.150
1595257431.10346	229.518	0.030	2.723	322.813	0.157
1595257431.14180	229.493	0.030	2.756	322.974	0.154
1595257431.14344	229.509	0.030	2.771	322.974	0.158
1595257431.18181	229.539	0.031	2.750	322.894	0.162
1595257431.21979	229.491	0.031	2.761	323.135	0.159
1595257431.22139	229.500	0.030	2.670	323.055	0.148
1595257431.22230	229.521	0.029	2.617	323.135	0.150
1595257431.25939	229.460	0.029	2.550	323.055	0.143
1595257431.26157	229.435	0.029	2.652	323.135	0.145
1595257431.29958	229.423	0.029	2.607	323.135	0.147
1595257431.30157	229.422	0.029	2.590	322.974	0.147
1595257431.33980	229.432	0.029	2.529	323.055	0.148
1595257431.34145	229.414	0.028	2.486	323.055	0.144
1595257431.37840	229.431	0.028	2.511	323.135	0.146
1595257431.39279	229.426	0.028	2.536	323.055	0.141
1595257431.40244	229.446	0.028	2.543	323.055	0.142
1595257431.43941	229.407	0.028	2.527	323.055	0.144
1595257431.44140	229.433	0.028	2.511	322.974	0.147
1595257431.47858	229.455	0.028	2.505	322.974	0.147
1595257431.52980	229.449	0.028	2.468	322.974	0.144
1595257431.53147	229.450	0.030	2.579	322.974	0.152
1595257431.53236	229.435	0.029	2.582	322.974	0.146
1595257431.56980	229.484	0.029	2.519	322.974	0.144
1595257431.57445	229.465	0.029	2.490	322.894	0.145
1595257431.58342	229.447	0.029	2.543	322.813	0.148
1595257431.62181	229.472	0.030	2.636	322.733	0.157
1595257431.65982	229.519	0.030	2.673	322.894	0.155
1595257431.66146	229.542	0.028	2.455	322.974	0.139
1595257431.69885	229.313	0.026	2.263	322.894	0.132
1595257431.73685	229.249	0.022	1.880	322.894	0.112
1595257431.73847	229.158	0.021	1.829	322.894	0.116
1595257431.73943	229.155	0.021	1.791	322.894	0.109
1595257431.77744	229.141	0.021	1.813	322.894	0.111
1595257431.77840	229.085	0.021	1.761	322.813	0.109
1595257431.81782	229.025	0.021	1.775	322.733	0.111
1595257431.81847	229.001	0.022	1.811	322.572	0.115
1595257431.85686	229.014	0.021	1.784	322.572	0.112
1595257431.89685	228.968	0.021	1.772	322.492	0.119
1595257431.90248	228.888	0.021	1.760	322.411	0.117
1595257431.93949	228.932	0.022	1.815	322.411	0.116
1595257431.94640	228.951	0.022	1.811	322.492	0.117
1595257431.98483	228.952	0.021	1.774	322.331	0.116
1595257431.99083	228.925	0.022	1.831	322.492	0.118
1595257432.02885	228.909	0.022	1.786	322.411	0.119
1595257432.03044	228.840	0.021	1.766	322.331	0.115
1595257432.04159	228.877	0.022	1.850	322.331	0.118
1595257432.07863	228.881	0.022	1.823	322.411	0.120
1595257432.09062	228.875	0.021	1.788	322.250	0.115
1595257432.10285	228.856	0.021	1.768	322.250	0.109
1595257432.14082	228.885	0.021	1.785	322.331	0.111
1595257432.15244	228.822	0.021	1.783	322.170	0.117
1595257432.16258	228.842	0.021	1.799	322.250	0.116
1595257432.20082	228.772	0.020	1.692	322.170	0.104
1595257432.20246	228.780	0.021	1.754	322.089	0.104
1595257432.23983	228.788	0.021	1.827	321.848	0.106
1595257432.28651	228.800	0.023	1.967	321.928	0.118
1595257432.28841	228.827	0.022	1.813	321.928	0.109
1595257432.28945	228.820	0.021	1.750	321.928	0.110
1595257432.32783	228.786	0.022	1.956	322.009	0.120
1595257432.32847	228.843	0.021	1.776	322.009	0.114
1595257432.34980	228.820	0.021	1.772	322.009	0.106
1595257432.38748	228.797	0.021	1.779	322.089	0.107
1595257432.38845	228.777	0.021	1.771	322.009	0.112
1595257432.41083	228.853	0.021	1.793	322.089	0.109
1595257432.42681	228.839	0.021	1.773	322.089	0.105
1595257432.46443	228.840	0.021	1.823	321.928	0.114
1595257432.47053	228.862	0.022	1.859	322.089	0.110
1595257432.49339	228.872	0.021	1.862	322.089	0.110
1595257432.53180	228.832	0.021	1.792	321.848	0.109
1595257432.53345	228.834	0.022	1.866	321.848	0.114
1595257432.54241	228.850	0.021	1.845	321.848	0.114
1595257432.57980	228.904	0.022	1.839	321.848	0.119
1595257432.58045	228.902	0.022	1.903	322.009	0.122
1595257432.61980	228.909	0.023	2.057	321.928	0.119
1595257432.63585	228.945	0.021	1.888	322.009	0.108
1595257432.64351	228.991	0.021	1.870	321.928	0.111
1595257432.68281	229.014	0.022	1.927	322.250	0.115
1595257432.68947	229.003	0.021	1.829	322.250	0.114
1595257432.70245	229.004	0.021	1.822	322.089	0.115
1595257432.74883	229.001	0.021	1.864	322.250	0.112
1595257432.75549	228.990	0.022	1.862	322.089	0.119
1595257432.79586	229.017	0.022	1.900	322.170	0.112
1595257432.79846	229.056	0.021	1.825	322.009	0.110
1595257432.83782	229.005	0.021	1.832	321.928	0.110
1595257432.83849	229.023	0.021	1.824	322.170	0.111
1595257432.87961	229.029	0.022	1.875	322.009	0.119
1595257432.89041	229.050	0.025	2.118	322.170	0.126
1595257432.90038	229.023	0.023	2.074	322.009	0.123
1595257432.93891	229.060	0.025	2.171	322.009	0.121
1595257432.95085	229.047	0.022	1.925	322.089	0.111
1595257432.96250	229.023	0.023	1.992	322.170	0.117
1595257433.00882	229.102	0.024	2.095	322.170	0.131
1595257433.04585	229.056	0.029	2.665	322.170	0.144
1595257433.04750	229.067	0.029	2.682	322.170	0.146
1595257433.06044	229.086	0.029	2.696	322.009	0.148
1595257433.09884	229.086	0.028	2.532	322.250	0.138
1595257433.10047	229.057	0.026	2.351	322.009	0.135
1595257433.13884	229.073	0.027	2.384	322.250	0.135
1595257433.13949	229.108	0.026	2.334	322.250	0.135
1595257433.16043	229.157	0.027	2.364	322.250	0.133
1595257433.19961	229.092	0.026	2.276	322.411	0.142
1595257433.20040	229.132	0.027	2.384	322.250	0.135
1595257433.23884	229.098	0.024	2.096	322.250	0.126
1595257433.28461	229.088	0.024	2.149	322.170	0.126
1595257433.28752	229.114	0.026	2.360	322.170	0.133
1595257433.32563	229.093	0.026	2.371	322.250	0.133
1595257433.32750	229.143	0.027	2.436	322.411	0.135
1595257433.34084	229.186	0.025	2.215	322.411	0.128
1595257433.37984	229.198	0.025	2.183	322.331	0.127
1595257433.38448	229.217	0.026	2.285	322.492	0.133
1595257433.42383	229.242	0.025	2.274	322.331	0.130
1595257433.43048	229.165	0.025	2.247	322.331	0.127
1595257433.46858	229.198	0.026	2.292	322.331	0.131
1595257433.46942	229.212	0.023	2.081	322.652	0.119
1595257433.48042	229.202	0.023	1.967	322.331	0.116
1595257433.51887	229.102	0.022	1.935	322.331	0.118
1595257433.51950	229.125	0.021	1.779	322.411	0.114
1595257433.55788	229.188	0.021	1.857	322.250	0.115
1595257433.57048	229.175	0.021	1.810	322.331	0.111
1595257433.58065	229.164	0.021	1.836	322.250	0.107
1595257433.61845	229.170	0.021	1.799	322.250	0.108
1595257433.62987	229.164	0.021	1.851	322.170	0.109
1595257433.64088	229.128	0.021	1.835	322.170	0.111
1595257433.67866	229.101	0.021	1.876	322.250	0.110
1595257433.67945	229.067	0.021	1.795	322.250	0.112
1595257433.71788	229.100	0.022	1.952	322.170	0.115
1595257433.76888	229.126	0.025	2.159	322.089	0.127
1595257433.76951	229.120	0.025	2.245	322.411	0.128
1595257433.77048	229.090	0.027	2.405	322.250	0.140
1595257433.82088	229.061	0.029	2.577	322.009	0.144
1595257433.82251	229.083	0.028	2.518	322.170	0.142
1595257433.82347	229.107	0.028	2.520	322.170	0.136
1595257433.86089	229.083	0.029	2.626	322.009	0.142
1595257433.86355	229.107	0.028	2.471	322.089	0.142
1595257433.90286	229.055	0.028	2.526	321.928	0.145
1595257433.94089	229.056	0.029	2.657	322.089	0.148
1595257433.94253	229.382	0.030	2.731	322.572	0.144
1595257433.96088	229.710	0.030	2.727	322.974	0.152
1595257433.99854	229.713	0.030	2.609	322.894	0.146
1595257434.01486	229.703	0.029	2.610	323.055	0.145
1595257434.02353	229.745	0.029	2.570	323.135	0.150
1595257434.06663	229.722	0.025	2.247	323.296	0.129
1595257434.08586	229.699	0.030	2.681	323.135	0.153
1595257434.12388	229.721	0.028	2.390	323.135	0.148
1595257434.12451	229.688	0.029	2.529	323.135	0.147
1595257434.16286	229.680	0.031	2.745	323.135	0.157
1595257434.17349	229.676	0.030	2.614	323.135	0.154
1595257434.21089	229.708	0.030	2.683	323.055	0.150
1595257434.21348	229.712	0.031	2.786	323.135	0.155
1595257434.25190	229.716	0.034	3.154	323.135	0.165
1595257434.25251	229.673	0.034	3.109	323.135	0.166
1595257434.29764	229.700	0.031	2.779	323.055	0.166
1595257434.29844	229.651	0.028	2.518	323.216	0.148
1595257434.29956	229.624	0.028	2.498	323.055	0.141
1595257434.33787	229.653	0.028	2.445	323.135	0.143
1595257434.34952	229.682	0.026	2.326	323.135	0.136
1595257434.36987	229.704	0.023	2.065	323.216	0.126
1595257434.40752	229.717	0.024	2.089	323.216	0.126
1595257434.40863	229.732	0.024	2.114	323.296	0.126
1595257434.41957	229.751	0.024	2.097	323.377	0.122
1595257434.45757	229.783	0.024	2.124	323.377	0.122
1595257434.45854	229.818	0.024	2.125	323.538	0.128
1595257434.49554	229.840	0.024	2.042	323.538	0.124
1595257434.50562	229.769	0.024	2.065	323.377	0.123
1595257434.54489	229.749	0.024	2.063	323.377	0.126
1595257434.54753	229.717	0.024	2.080	323.296	0.122
1595257434.55995	229.729	0.024	2.055	323.216	0.118
1595257434.59760	229.740	0.024	2.052	323.216	0.120
1595257434.59855	229.731	0.024	2.073	323.296	0.124
1595257434.63552	229.771	0.024	2.104	323.296	0.123
1595257434.64991	229.796	0.024	2.093	323.296	0.122
1595257434.65991	229.830	0.024	2.099	323.538	0.126
1595257434.69889	229.811	0.024	2.098	323.296	0.122
1595257434.71091	229.784	0.024	2.057	323.377	0.122
1595257434.72055	229.783	0.024	2.063	323.216	0.122
1595257434.75968	229.755	0.030	2.682	323.457	0.159
1595257434.76046	229.755	0.033	2.980	323.296	0.169
1595257434.79891	229.771	0.032	2.938	323.296	0.163
1595257434.80555	229.767	0.032	2.930	323.296	0.166
1595257434.84352	229.786	0.032	2.937	323.216	0.164
1595257434.84589	229.797	0.033	2.976	323.296	0.166
1595257434.88389	229.790	0.032	2.934	323.377	0.163
1595257434.88453	229.781	0.032	2.940	323.216	0.161
1595257434.92489	229.791	0.033	2.929	323.135	0.165
1595257434.92554	229.783	0.033	2.981	323.216	0.163
1595257434.96364	229.769	0.033	2.970	323.377	0.165
1595257434.96547	229.833	0.032	2.968	323.296	0.162
1595257435.00389	229.826	0.032	2.943	323.296	0.161
1595257435.00552	229.836	0.032	2.986	323.377	0.163
1595257435.04390	229.846	0.032	2.936	323.296	0.161
1595257435.04454	229.840	0.033	2.956	323.457	0.163
1595257435.08389	229.813	0.032	2.941	323.377	0.162
1595257435.08454	229.796	0.033	2.948	323.296	0.168
1595257435.12291	229.821	0.032	2.949	323.377	0.158
1595257435.12990	229.839	0.032	2.948	323.377	0.157
1595257435.13958	229.913	0.032	2.963	323.377	0.159
1595257435.18290	229.923	0.032	2.954	323.457	0.162
1595257435.22090	229.928	0.033	2.918	323.296	0.165
1595257435.23053	229.948	0.032	2.904	323.296	0.162
1595257435.26868	229.958	0.032	2.955	323.457	0.166
1595257435.26947	229.936	0.032	2.932	323.377	0.162
1595257435.28991	229.955	0.033	2.969	323.377	0.157
1595257435.29956	229.949	0.032	2.939	323.377	0.163
1595257435.33791	229.951	0.033	2.948	323.457	0.163
1595257435.34991	229.975	0.033	2.964	323.457	0.166
1595257435.35956	229.987	0.033	2.970	323.618	0.165
1595257435.39797	229.960	0.033	2.968	323.457	0.163
1595257435.39957	229.960	0.032	2.944	323.457	0.161
1595257435.43760	229.952	0.032	2.867	323.377	0.161
1595257435.43860	229.973	0.033	2.963	323.457	0.167
1595257435.46058	229.996	0.032	2.932	323.457	0.161
1595257435.49898	230.005	0.033	2.968	323.457	0.163
1595257435.50158	229.951	0.032	2.920	323.377	0.164
1595257435.53894	229.949	0.033	2.959	323.457	0.165
1595257435.53959	229.965	0.033	2.981	323.538	0.164
1595257435.57755	229.961	0.032	2.914	323.457	0.161
1595257435.58759	229.949	0.032	2.931	323.377	0.163
1595257435.62465	229.968	0.032	2.979	323.377	0.163
1595257435.62655	229.948	0.032	2.944	323.296	0.164
1595257435.64094	230.004	0.032	2.982	323.457	0.161
1595257435.67861	229.973	0.032	2.988	323.538	0.166
1595257435.67954	229.965	0.033	2.998	323.457	0.165
1595257435.71795	230.004	0.032	2.973	323.457	0.165
1595257435.71859	229.991	0.033	2.980	323.457	0.165
1595257435.75556	229.953	0.033	2.974	323.377	0.165
1595257435.76797	229.969	0.033	2.991	323.457	0.164
1595257435.77860	230.008	0.032	2.981	323.538	0.159
1595257435.81597	230.001	0.032	2.923	323.538	0.161
1595257435.81758	229.958	0.033	3.055	323.457	0.162
1595257435.85457	230.006	0.032	2.915	323.457	0.159
1595257435.86970	229.990	0.030	2.616	323.538	0.148
1595257435.87992	229.994	0.029	2.528	323.457	0.145
1595257435.91796	229.977	0.028	2.512	323.457	0.144
1595257435.96393	229.973	0.028	2.532	323.538	0.144
1595257435.96457	229.973	0.029	2.539	323.457	0.146
1595257435.96793	229.999	0.029	2.523	323.618	0.148
1595257435.97860	230.013	0.029	2.509	323.538	0.151
1595257436.01593	229.958	0.029	2.515	323.457	0.146
1595257436.02893	229.970	0.028	2.524	323.457	0.148
1595257436.03858	229.968	0.029	2.531	323.377	0.152
1595257436.07568	229.975	0.029	2.538	323.538	0.150
1595257436.08754	229.975	0.028	2.520	323.538	0.145
1595257436.10393	229.982	0.029	2.496	323.377	0.154
1595257436.14094	230.032	0.028	2.498	323.538	0.141
1595257436.14258	230.027	0.029	2.511	323.538	0.148
1595257436.17994	230.156	0.028	2.537	323.618	0.145
1595257436.18955	230.140	0.029	2.525	323.699	0.146
1595257436.19953	230.145	0.029	2.542	323.699	0.148
1595257436.23797	230.160	0.029	2.524	323.779	0.145
1595257436.25997	230.059	0.028	2.489	323.538	0.148
1595257436.29799	230.046	0.028	2.514	323.538	0.144
1595257436.31898	230.045	0.028	2.495	323.699	0.150
1595257436.32464	230.024	0.028	2.533	323.618	0.144
1595257436.36298	230.020	0.028	2.511	323.618	0.142
1595257436.36362	230.066	0.029	2.532	323.618	0.146
1595257436.40098	230.065	0.028	2.475	323.618	0.147
1595257436.40797	230.041	0.028	2.478	323.538	0.150
1595257436.44800	229.997	0.028	2.494	323.457	0.147
1595257436.44958	229.988	0.029	2.530	323.538	0.147
1595257436.45997	230.011	0.028	2.507	323.699	0.142
1595257436.49766	229.985	0.028	2.502	323.457	0.139
1595257436.51897	229.978	0.029	2.527	323.457	0.147
1595257436.55563	230.015	0.029	2.543	323.538	0.148
1595257436.56998	230.001	0.028	2.514	323.538	0.146
1595257436.57962	230.026	0.028	2.495	323.699	0.148
1595257436.61897	230.024	0.029	2.529	323.538	0.145
1595257436.62861	230.051	0.028	2.471	323.699	0.140
1595257436.63968	230.023	0.028	2.495	323.457	0.144
1595257436.67767	230.016	0.028	2.507	323.618	0.146
1595257436.67856	229.985	0.029	2.527	323.457	0.150
1595257436.71599	230.006	0.029	2.505	323.538	0.146
1595257436.73260	229.999	0.028	2.501	323.457	0.142
1595257436.74096	230.017	0.029	2.530	323.457	0.145
1595257436.77996	230.017	0.028	2.529	323.538	0.141
1595257436.79297	230.025	0.028	2.505	323.538	0.143
1595257436.82998	230.038	0.028	2.501	323.618	0.151
1595257436.83296	230.015	0.029	2.529	323.538	0.147
1595257436.84062	230.043	0.029	2.532	323.457	0.147
1595257436.87859	229.992	0.028	2.492	323.538	0.142
1595257436.88999	229.999	0.029	2.549	323.538	0.143
1595257436.90263	230.035	0.028	2.511	323.457	0.145
1595257436.94096	230.028	0.028	2.507	323.538	0.142
1595257436.95097	230.012	0.028	2.491	323.538	0.146
1595257436.96062	230.016	0.029	2.499	323.618	0.146
1595257436.99996	230.017	0.028	2.480	323.618	0.146
1595257437.00162	230.079	0.028	2.525	323.699	0.144
1595257437.03878	230.046	0.028	2.509	323.618	0.143
1595257437.04760	230.013	0.028	2.502	323.618	0.146
1595257437.05995	230.006	0.028	2.512	323.538	0.146
1595257437.09898	230.030	0.028	2.500	323.457	0.147
1595257437.11060	230.064	0.029	2.536	323.538	0.151
1595257437.11996	230.022	0.028	2.477	323.538	0.147
1595257437.15969	229.957	0.028	2.474	323.457	0.148
1595257437.19761	229.944	0.028	2.489	323.296	0.143
1595257437.23605	229.954	0.029	2.525	323.538	0.147
1595257437.23770	229.952	0.029	2.544	323.457	0.142
1595257437.24764	230.009	0.029	2.542	323.618	0.148
1595257437.28578	230.017	0.029	2.510	323.618	0.148
1595257437.28760	229.942	0.028	2.509	323.457	0.144
1595257437.30895	229.954	0.029	2.514	323.377	0.148
1595257437.34603	229.966	0.029	2.496	323.538	0.150
1595257437.34766	229.938	0.028	2.483	323.457	0.144
1595257437.36799	229.943	0.029	2.526	323.457	0.147
1595257437.37966	229.917	0.028	2.501	323.377	0.148
1595257437.41902	229.935	0.028	2.499	323.377	0.148
1595257437.41965	229.900	0.028	2.505	323.216	0.142
1595257437.46005	229.923	0.029	2.515	323.377	0.143
1595257437.46070	229.900	0.028	2.531	323.377	0.143
1595257437.49852	229.872	0.028	2.519	323.216	0.147
1595257437.49950	229.856	0.029	2.514	323.216	0.145
1595257437.53808	229.868	0.029	2.508	323.296	0.146
1595257437.53969	229.854	0.029	2.517	323.377	0.150
1595257437.57905	229.880	0.029	2.525	323.377	0.143
1595257437.57970	229.885	0.028	2.506	323.538	0.146
1595257437.59463	229.892	0.028	2.498	323.457	0.142
1595257437.63303	229.846	0.028	2.490	323.377	0.141
1595257437.64068	229.865	0.028	2.486	323.296	0.143
1595257437.67873	229.874	0.028	2.487	323.377	0.146
1595257437.67960	229.859	0.029	2.505	323.296	0.146
1595257437.71805	229.872	0.028	2.540	323.377	0.146
1595257437.73903	229.869	0.029	2.518	323.216	0.148
1595257437.77568	229.871	0.029	2.490	323.377	0.147
1595257437.79268	229.891	0.029	2.471	323.296	0.150
1595257437.79373	229.857	0.029	2.496	323.296	0.151
1595257437.83079	229.856	0.029	2.551	323.216	0.146
1595257437.83761	229.861	0.029	2.509	323.296	0.150
1595257437.87482	229.874	0.028	2.518	323.377	0.146
1595257437.89473	229.874	0.029	2.529	323.457	0.145
1595257437.90354	229.888	0.029	2.485	323.457	0.146
1595257437.95654	229.889	0.029	2.564	323.296	0.151
1595257437.95950	229.878	0.028	2.516	323.296	0.148
1595257437.96049	229.887	0.029	2.580	323.377	0.145
1595257437.99874	229.906	0.028	2.572	323.377	0.142
1595257438.00504	229.893	0.028	2.536	323.457	0.141
1595257438.04306	229.918	0.028	2.556	323.618	0.145
1595257438.09082	229.902	0.028	2.506	323.296	0.148
1595257438.09263	229.887	0.028	2.559	323.377	0.147
1595257438.13308	229.888	0.029	2.553	323.377	0.153
1595257438.13372	229.875	0.029	2.568	323.377	0.144
1595257438.13464	229.909	0.028	2.571	323.377	0.143
1595257438.17309	229.914	0.028	2.516	323.457	0.148
1595257438.20973	229.906	0.028	2.498	323.457	0.144
1595257438.21270	229.938	0.029	2.513	323.457	0.151
1595257438.21874	229.901	0.028	2.486	323.377	0.144
1595257438.25609	229.906	0.029	2.539	323.377	0.147
1595257438.26874	229.861	0.028	2.519	323.538	0.142
1595257438.27865	229.893	0.028	2.527	323.457	0.145
1595257438.31607	229.882	0.028	2.473	323.377	0.146
1595257438.31769	229.879	0.029	2.541	323.457	0.145
1595257438.35506	229.972	0.029	2.525	323.457	0.146
1595257438.36870	229.937	0.028	2.516	323.538	0.146
1595257438.38005	229.983	0.029	2.546	323.457	0.142
1595257438.41771	229.969	0.028	2.499	323.538	0.144
1595257438.43805	229.936	0.029	2.514	323.377	0.147
1595257438.47483	229.955	0.028	2.503	323.377	0.145
1595257438.51803	229.894	0.028	2.514	323.296	0.148
1595257438.51967	229.891	0.028	2.493	323.457	0.146
1595257438.52902	229.855	0.028	2.506	323.296	0.144
1595257438.53868	229.883	0.029	2.544	323.296	0.144
1595257438.57606	229.916	0.029	2.518	323.457	0.145
1595257438.58882	229.898	0.029	2.510	323.618	0.144
1595257438.59862	229.940	0.029	2.530	323.457	0.151
1595257438.63603	230.024	0.029	2.517	323.618	0.146
1595257438.64703	230.015	0.029	2.501	323.618	0.147
1595257438.65804	229.967	0.029	2.506	323.457	0.147
1595257438.69470	229.995	0.029	2.517	323.457	0.151
1595257438.69568	229.979	0.028	2.535	323.457	0.146
1595257438.73368	229.963	0.029	2.484	323.538	0.148
1595257438.75008	229.964	0.029	2.474	323.377	0.150
1595257438.75905	229.951	0.028	2.499	323.377	0.146
1595257438.79576	229.989	0.028	2.504	323.377	0.147
1595257438.84609	229.988	0.028	2.522	323.457	0.144
1595257438.84780	229.991	0.029	2.551	323.538	0.153
1595257438.87011	230.015	0.029	2.519	323.538	0.152
1595257438.88075	230.002	0.029	2.539	323.457	0.156
1595257438.91871	229.978	0.029	2.513	323.457	0.155
1595257438.91972	229.914	0.029	2.500	323.457	0.157
1595257438.95774	229.945	0.029	2.510	323.377	0.147
1595257438.96691	229.900	0.029	2.532	323.457	0.151
1595257439.00507	229.923	0.029	2.483	323.377	0.151
1595257439.00769	229.878	0.029	2.523	323.296	0.156
1595257439.01779	229.902	0.029	2.494	323.216	0.155
1595257439.05508	229.902	0.029	2.494	323.377	0.151
1595257439.06686	229.875	0.029	2.510	323.296	0.151
1595257439.07775	229.873	0.029	2.467	323.296	0.151
1595257439.11510	229.830	0.029	2.477	323.135	0.153
1595257439.12769	229.837	0.029	2.488	323.055	0.153
1595257439.13867	229.844	0.029	2.513	323.216	0.155
1595257439.17808	229.855	0.029	2.533	323.296	0.156
1595257439.20006	229.857	0.029	2.507	323.135	0.150
1595257439.24607	229.861	0.029	2.529	323.216	0.151
1595257439.25872	229.887	0.029	2.527	323.377	0.155
1595257439.29777	229.868	0.029	2.525	323.296	0.151
1595257439.30372	229.857	0.029	2.532	323.216	0.153
1595257439.32707	229.864	0.028	2.509	323.216	0.145
1595257439.36473	229.889	0.028	2.475	323.216	0.147
1595257439.36574	229.883	0.029	2.491	323.296	0.143
1595257439.38708	229.889	0.028	2.559	323.296	0.145
1595257439.39772	229.846	0.029	2.523	323.216	0.150
1595257439.43480	229.887	0.029	2.508	323.216	0.147
1595257439.44765	229.913	0.029	2.550	323.216	0.146
1595257439.45809	229.914	0.029	2.513	323.377	0.147
1595257439.49608	229.950	0.029	2.558	323.377	0.145
1595257439.50710	229.943	0.028	2.532	323.377	0.145
1595257439.51875	229.923	0.028	2.507	323.296	0.147
1595257439.55710	229.918	0.029	2.552	323.216	0.150
1595257439.55874	229.972	0.028	2.503	323.296	0.146
1595257439.59573	229.944	0.029	2.530	323.377	0.146
1595257439.60992	229.892	0.028	2.516	323.377	0.148
1595257439.61892	229.897	0.029	2.550	323.377	0.143
1595257439.65692	229.929	0.029	2.508	323.457	0.146
1595257439.65891	229.922	0.029	2.559	323.296	0.150
1595257439.67803	229.938	0.029	2.489	323.377	0.152
1595257439.72514	229.885	0.028	2.544	323.377	0.144
1595257439.76813	229.893	0.029	2.522	323.296	0.144
1595257439.80612	229.916	0.029	2.510	323.377	0.147
1595257439.80774	229.883	0.028	2.496	323.377	0.148
1595257439.82812	229.766	0.028	2.488	323.055	0.153
1595257439.83777	229.770	0.029	2.513	323.135	0.145
1595257439.87613	229.736	0.028	2.474	323.135	0.146
1595257439.87775	229.746	0.029	2.531	323.055	0.147
1595257439.91515	229.767	0.028	2.517	323.135	0.143
1595257439.92774	229.753	0.029	2.523	323.135	0.151
1595257439.93772	229.783	0.029	2.518	323.135	0.147
1595257439.97614	229.840	0.029	2.533	323.457	0.147
1595257439.98914	229.781	0.028	2.524	323.296	0.144
1595257439.99880	229.647	0.029	2.558	323.135	0.144
1595257440.03675	229.555	0.028	2.506	323.055	0.141
1595257440.03886	229.526	0.028	2.548	322.974	0.143
1595257440.07584	229.512	0.029	2.526	322.894	0.150
1595257440.11617	229.689	0.029	2.632	323.055	0.150
1595257440.11778	229.672	0.029	2.546	323.135	0.153
1595257440.12715	229.631	0.029	2.550	323.135	0.144
1595257440.15816	229.630	0.029	2.585	323.216	0.147
1595257440.19516	229.616	0.029	2.510	323.135	0.147
1595257440.19676	229.637	0.028	2.498	323.296	0.148
1595257440.19887	229.611	0.029	2.534	323.296	0.147
1595257440.23607	229.620	0.028	2.483	323.216	0.147
1595257440.23779	229.581	0.029	2.524	323.296	0.147
1595257440.27476	229.563	0.029	2.513	323.135	0.146
1595257440.28583	229.519	0.029	2.502	323.216	0.152
1595257440.30713	229.526	0.029	2.509	323.296	0.151
1595257440.34512	229.482	0.029	2.521	323.135	0.153
1595257440.34774	229.485	0.029	2.527	323.055	0.152
1595257440.35785	229.486	0.029	2.516	323.055	0.158
1595257440.39516	229.447	0.029	2.471	322.894	0.150
1595257440.39580	229.421	0.028	2.444	322.813	0.145
1595257440.43414	229.445	0.028	2.489	322.813	0.144
1595257440.47880	229.400	0.029	2.500	322.733	0.148
1595257440.48076	229.387	0.029	2.471	322.652	0.152
1595257440.48270	229.330	0.028	2.461	322.331	0.148
1595257440.52115	229.290	0.029	2.490	322.250	0.151
1595257440.52280	229.234	0.028	2.502	322.170	0.146
1595257440.55971	229.278	0.028	2.527	322.250	0.143
1595257440.56072	229.256	0.028	2.474	322.170	0.144
1595257440.59922	229.258	0.028	2.530	322.089	0.146
1595257440.64515	229.242	0.028	2.472	322.089	0.143
1595257440.64581	229.236	0.028	2.511	322.009	0.143
1595257440.66679	229.255	0.028	2.477	321.848	0.140
1595257440.67776	229.233	0.028	2.493	321.848	0.144
1595257440.71517	229.159	0.028	2.498	321.687	0.148
1595257440.75179	229.129	0.029	2.468	321.606	0.154
1595257440.75385	229.121	0.029	2.500	321.445	0.148
1595257440.77818	229.138	0.029	2.504	321.526	0.143
1595257440.81518	229.093	0.028	2.496	321.526	0.146
1595257440.82712	229.069	0.029	2.535	321.606	0.144
1595257440.83772	229.093	0.029	2.492	321.767	0.146
1595257440.87476	229.062	0.029	2.517	321.606	0.152
1595257440.87582	229.068	0.029	2.545	321.606	0.146
1595257440.91417	229.096	0.029	2.509	321.687	0.144
1595257440.95718	229.049	0.028	2.485	321.687	0.141
1595257440.95881	229.037	0.029	2.522	321.767	0.143
1595257440.95977	229.039	0.029	2.524	321.767	0.145
1595257440.99772	229.045	0.029	2.490	321.767	0.152
1595257440.99874	229.102	0.029	2.542	321.767	0.146
1595257441.03618	229.094	0.029	2.506	321.848	0.147
1595257441.08095	229.121	0.029	2.535	321.767	0.142
1595257441.08275	229.160	0.028	2.548	321.928	0.141
1595257441.08474	229.148	0.028	2.555	321.848	0.143
1595257441.12518	229.211	0.029	2.520	321.767	0.148
1595257441.12581	229.197	0.029	2.527	321.767	0.147
1595257441.13574	229.191	0.029	2.508	321.848	0.145
1595257441.17417	229.214	0.029	2.503	321.928	0.147
1595257441.17480	229.199	0.029	2.540	322.009	0.151
1595257441.21317	229.245	0.028	2.487	322.009	0.146
1595257441.22391	229.248	0.029	2.543	322.009	0.146
1595257441.26270	229.278	0.029	2.516	322.009	0.146
1595257441.26471	229.306	0.029	2.547	322.089	0.148
1595257441.30376	229.278	0.029	2.510	322.009	0.147
1595257441.30562	229.273	0.029	2.582	322.089	0.148
1595257441.31563	229.261	0.028	2.505	322.170	0.145
1595257441.35419	229.274	0.029	2.506	322.170	0.144
1595257441.36579	229.273	0.028	2.462	322.089	0.145
1595257441.37594	229.328	0.029	2.499	322.089	0.146
1595257441.42017	229.351	0.029	2.499	322.170	0.150
1595257441.42617	229.324	0.029	2.498	322.089	0.145
1595257441.43683	229.349	0.029	2.505	322.250	0.147
1595257441.48322	229.353	0.028	2.514	322.170	0.144
1595257441.52121	229.273	0.028	2.481	322.089	0.142
1595257441.52279	229.272	0.029	2.526	322.089	0.154
1595257441.56420	229.338	0.029	2.509	322.250	0.148
1595257441.57618	229.397	0.028	2.513	322.411	0.143
1595257441.61419	229.422	0.029	2.522	322.411	0.147
1595257441.63595	229.454	0.028	2.544	322.411	0.145
1595257441.67387	229.470	0.029	2.541	322.331	0.151
1595257441.68581	229.463	0.028	2.516	322.331	0.150
1595257441.69685	229.478	0.029	2.540	322.572	0.146
1595257441.73597	229.479	0.028	2.543	322.411	0.143
1595257441.74715	229.486	0.029	2.573	322.572	0.147
1595257441.75718	229.472	0.028	2.515	322.572	0.145
1595257441.79520	229.476	0.028	2.494	322.411	0.151
1595257441.79581	229.506	0.029	2.499	322.411	0.146
1595257441.83419	229.497	0.029	2.499	322.411	0.145
1595257441.87189	229.532	0.028	2.496	322.492	0.142
1595257441.87977	229.516	0.028	2.480	322.492	0.145
1595257441.92621	229.504	0.028	2.519	322.813	0.143
1595257441.92684	229.546	0.029	2.530	322.652	0.147
1595257441.94620	229.583	0.029	2.549	322.813	0.146
1595257441.95597	229.601	0.028	2.483	322.813	0.143
1595257441.99385	229.535	0.028	2.511	322.733	0.145
1595257442.01021	229.608	0.029	2.515	322.813	0.143
1595257442.01685	229.618	0.028	2.557	322.813	0.142
1595257442.05586	229.556	0.028	2.529	322.813	0.144
1595257442.06686	229.536	0.029	2.558	322.733	0.148
1595257442.07680	229.539	0.028	2.517	322.813	0.145
1595257442.11621	229.599	0.029	2.570	322.813	0.145
1595257442.11684	229.653	0.028	2.566	322.813	0.145
1595257442.15519	229.618	0.028	2.551	322.733	0.143
1595257442.16084	229.611	0.029	2.546	322.652	0.143
1595257442.19891	229.645	0.029	2.562	322.733	0.147
1595257442.20578	229.693	0.029	2.614	323.055	0.147
1595257442.21620	229.690	0.028	2.573	322.894	0.146
1595257442.25421	229.726	0.028	2.589	322.894	0.146
1595257442.26587	229.724	0.029	2.564	323.055	0.148
1595257442.27579	229.774	0.029	2.537	322.974	0.143
1595257442.31398	229.766	0.029	2.529	323.055	0.153
1595257442.32589	229.763	0.029	2.513	323.055	0.153
1595257442.33584	229.774	0.029	2.501	323.055	0.151
1595257442.37520	229.829	0.029	2.533	322.974	0.150
1595257442.38582	229.783	0.028	2.494	323.135	0.147
1595257442.39598	229.822	0.028	2.497	322.974	0.142
1595257442.43820	229.821	0.028	2.511	322.974	0.142
1595257442.43995	229.803	0.028	2.466	322.974	0.143
1595257442.47699	229.806	0.029	2.503	322.974	0.148
1595257442.48380	229.786	0.029	2.493	322.974	0.150
1595257442.52122	229.727	0.028	2.486	322.974	0.152
1595257442.52385	229.752	0.028	2.521	322.974	0.144
1595257442.57423	229.815	0.028	2.523	322.974	0.146
1595257442.57586	229.768	0.028	2.520	323.055	0.143
1595257442.57681	229.764	0.028	2.509	323.055	0.144
1595257442.59599	229.760	0.029	2.524	323.055	0.148
1595257442.63421	229.769	0.029	2.518	323.135	0.146
1595257442.63486	229.786	0.028	2.465	323.055	0.144
1595257442.65721	229.810	0.028	2.473	323.055	0.143
1595257442.69525	229.801	0.028	2.488	322.974	0.143
1595257442.69686	229.779	0.028	2.499	323.135	0.143
1595257442.73523	229.780	0.029	2.507	322.974	0.147
1595257442.73584	229.835	0.029	2.543	323.055	0.145
1595257442.77424	229.810	0.029	2.513	322.974	0.150
1595257442.77486	229.841	0.028	2.505	323.055	0.143
1595257442.81322	229.819	0.028	2.524	323.055	0.142
1595257442.81486	229.860	0.028	2.509	323.135	0.143
1595257442.85202	229.841	0.029	2.529	323.216	0.147
1595257442.85388	229.840	0.029	2.506	323.135	0.150
1595257442.89523	229.852	0.029	2.512	322.974	0.151
1595257442.93520	229.877	0.029	2.523	323.055	0.150
1595257442.93582	229.886	0.028	2.509	323.135	0.145
