[  608.456872] Unable to handle kernel paging request at virtual address 76db1014
[  608.464986] pgd = 8b01f4cd
[  608.468529] [76db1014] *pgd=31266835, *pte=00000000, *ppte=00000000
[  608.475679] Internal error: Oops: 17 [#1] SMP ARM
[  608.481261] Modules linked in:
[  608.485189] CPU: 1 PID: 613 Comm: mulX_bench Not tainted 4.19.118-v7+ #1311
[  608.493080] Hardware name: BCM2835
[  608.496856] Unable to handle kernel paging request at virtual address 76db1014
[  608.496858] Unable to handle kernel NULL pointer dereference at virtual address 00000018
[  608.496862] pgd = 8b01f4cd
[  608.496864] [00000018] *pgd=31267835, *pte=00000000, *ppte=00000000
[  608.497404] PC is at find_busiest_group+0xd0/0xadc
[  608.505604] pgd = 8b01f4cd
[  608.515701] LR is at 0x1
[  608.515703] pc : [<8015c674>]    lr : [<00000001>]    psr: 20000113
[  608.515706] sp : b130bcb8  ip : b9c08c00  fp : b130bdac
[  608.515708] r10: 80d04e68  r9 : 76db1014  r8 : b9c08c00
[  608.515711] r7 : 00000004  r6 : 80d054c4  r5 : b130bdf0  r4 : b130bce0
[  608.515715] r3 : 00000000  r2 : 00000001  r1 : 00000001  r0 : 00000000
[  608.519440] [76db1014] *pgd=31266835, *pte=00000000, *ppte=00000000
[  608.526773] Flags: nzCv  IRQs on  FIQs on  Mode SVC_32  ISA ARM  Segment user
[  608.590631] Control: 10c5383d  Table: 312e406a  DAC: 00000055
[  608.597430] Process mulX_bench (pid: 613, stack limit = 0x08f0beb6)
[  608.604753] Stack: (0xb130bcb8 to 0xb130c000)
[  608.610157] bca0:                                                       80d04d48 80d03d00
[  608.620371] bcc0: 00000000 76db1000 00000001 00000002 80c95400 80c95400 80c95400 00000000
[  608.630583] bce0: 00000000 00000000 00000000 00000000 00000400 00000000 00000000 00000000
[  608.640877] bd00: 00000001 00000000 00000000 b9ce45c0 b9ce4500 00000003 000000e7 00000c00
[  608.651273] bd20: 00000000 00000073 00000073 00000073 00000073 00000400 000003ff 00000001
[  608.661798] bd40: 00000000 00000001 00000000 00000000 00000074 00000074 00000074 0000003a
[  608.672458] bd60: 00000400 000003ff 00000002 00000000 00000001 00000002 00000001 ae1be17e
[  608.683250] bd80: 80874424 b9ce4500 00000004 80d04e68 b9c08c00 00000001 00000001 b130be2c
[  608.694177] bda0: b130be64 b130bdb0 8015d220 8015c5b0 b9d41444 ba35d338 80c95400 b130bea8
[  608.705150] bdc0: 00000001 80d04d48 80d04e68 00000000 00000001 b9c08c00 ffffffff 80d054c4
[  608.716182] bde0: 80c95400 80c93ad8 80874424 ba365400 b9c08c00 00000000 00000000 00000001
[  608.727340] be00: ba365400 b9ce4514 00000000 00000001 00000000 ba35d338 00000000 00000000
[  608.738545] be20: 00000020 00000000 00000002 b130be2c b130be2c ae1be17e b130bedc b9c08c00
[  608.749749] be40: 80d03d00 00008fee 00000001 00000093 00000000 00000000 b130bedc b130be68
[  608.760959] be60: 8015dc14 8015d08c b130bea8 80d04d48 40000113 00000000 80d04dbc 80da6240
[  608.772172] be80: 00000001 80d04d48 ba365400 00000000 aadabb42 0000008d ba365400 00000004
[  608.783382] bea0: 00000093 00000000 00000001 ae1be17e 80102374 00000001 ba365400 b130a038
[  608.794591] bec0: 00000100 b9c33000 0000001c 00000020 b130bef4 b130bee0 8015e0f8 8015da58
[  608.805803] bee0: 80d0309c 00000007 b130bf5c b130bef8 80102410 8015e064 b10c4b00 b9c02dc0
[  608.817014] bf00: 00000001 00400140 80d03d00 0000787f 0000000a 80c94fc0 80d90098 80d04d70
[  608.828225] bf20: 80c8d308 80d03080 b130bef8 00000006 80185b8c 80c94fa8 00000000 00000000
[  608.839441] bf40: 00000001 b9c33000 765b7460 00000000 b130bf6c b130bf60 80126e18 8010228c
[  608.850655] bf60: b130bf94 b130bf70 801803c0 80126d28 b130bfb0 00000001 60000010 ffffffff
[  608.861866] bf80: 10c5383d 10c5387d b130bfac b130bf98 801021b4 8018035c 620100c0 00011030
[  608.873080] bfa0: 00000000 b130bfb0 80101d0c 80102160 620100c0 05f3d438 620100c0 05f3d438
[  608.884296] bfc0: 76f76968 765b7460 76f75530 00000152 7e911602 765b7460 00000000 765b6dc4
[  608.895507] bfe0: 00000000 765b6db8 00000000 00011030 60000010 ffffffff 00000000 00000000
[  608.906729] [<8015c674>] (find_busiest_group) from [<8015d220>] (load_balance+0x1a0/0x9cc)
[  608.918035] [<8015d220>] (load_balance) from [<8015dc14>] (rebalance_domains+0x1c8/0x364)
[  608.929248] [<8015dc14>] (rebalance_domains) from [<8015e0f8>] (run_rebalance_domains+0xa0/0xd8)
[  608.941096] [<8015e0f8>] (run_rebalance_domains) from [<80102410>] (__do_softirq+0x190/0x3f0)
[  608.952686] [<80102410>] (__do_softirq) from [<80126e18>] (irq_exit+0xfc/0x120)
[  608.961556] [<80126e18>] (irq_exit) from [<801803c0>] (__handle_domain_irq+0x70/0xc4)
[  608.972424] [<801803c0>] (__handle_domain_irq) from [<801021b4>] (bcm2836_arm_irqchip_handle_irq+0x60/0xa4)
[  608.985224] [<801021b4>] (bcm2836_arm_irqchip_handle_irq) from [<80101d0c>] (__irq_usr+0x4c/0x60)
[  608.997141] Exception stack(0xb130bfb0 to 0xb130bff8)
[  609.003707] bfa0:                                     620100c0 05f3d438 620100c0 05f3d438
[  609.014844] bfc0: 76f76968 765b7460 76f75530 00000152 7e911602 765b7460 00000000 765b6dc4
[  609.025966] bfe0: 00000000 765b6db8 00000000 00011030 60000010 ffffffff
[  609.034070] Code: e2839014 e281301f a1a03001 e1a032c3 (e7997103) 
[  609.041628] Internal error: Oops: 17 [#2] SMP ARM
[  609.041638] ---[ end trace 158b07b103368896 ]---
[  609.047759] Modules linked in:
[  609.047766] CPU: 3 PID: 615 Comm: mulX_bench Tainted: G      D           4.19.118-v7+ #1311
[  609.047769] Hardware name: BCM2835
[  609.053772] Kernel panic - not syncing: Fatal exception in interrupt
[  609.058152] PC is at find_next_and_bit+0x20/0x8c
[  609.087262] LR is at cpumask_next_and+0x20/0x24
[  609.092988] pc : [<8053a554>]    lr : [<80856950>]    psr: a0000113
[  609.100455] sp : b1313d8c  ip : 00000000  fp : b1313d9c
[  609.106846] r10: b1313e2c  r9 : 00000001  r8 : 00000003
[  609.113192] r7 : b9c09000  r6 : 80d04e68  r5 : ffffffff  r4 : ffffffff
[  609.120825] r3 : 00000000  r2 : 00000004  r1 : ba37d338  r0 : 00000018
[  609.128441] Flags: NzCv  IRQs on  FIQs on  Mode SVC_32  ISA ARM  Segment user
[  609.136673] Control: 10c5383d  Table: 312e406a  DAC: 00000055
[  609.143514] Process mulX_bench (pid: 615, stack limit = 0x969f6cc8)
[  609.150872] Stack: (0xb1313d8c to 0xb1314000)
[  609.156283] 3d80:                            b9ce4680 b1313dac b1313da0 80856950 8053a540
[  609.166563] 3da0: b1313e64 b1313db0 8015d1d8 8085693c 80da6240 ba37d338 80c95400 b1313ea8
[  609.176912] 3dc0: 00000003 80d04d48 80d04e68 00000000 00000001 b9c09000 ffffffff 80d054c4
[  609.187390] 3de0: 80c95400 80c93ad8 80874424 ba385400 b9c09000 00000000 00000000 00000003
[  609.197942] 3e00: ba385400 b9ce4694 00000000 00000001 00000000 ba37d338 00000000 00000000
[  609.208595] 3e20: 00000020 00000000 00000002 b1313e2c b1313e2c ae1be17e b1313edc b9c09000
[  609.219364] 3e40: 80d03d00 00008ff2 00000001 00000052 00000000 00000000 b1313edc b1313e68
[  609.230222] 3e60: 8015dc14 8015d08c b1313ea8 80d04d48 40000113 00000000 80d04dbc 80da6240
[  609.241225] 3e80: 00000003 80d04d48 ba385400 00000000 ad3d090d 0000008d ba385400 0000000c
[  609.252285] 3ea0: 00000052 00000000 00000001 ae1be17e 80102374 00000001 ba385400 b1312038
[  609.263394] 3ec0: 00000100 b9c33000 0000001c 00000020 b1313ef4 b1313ee0 8015e0f8 8015da58
[  609.274564] 3ee0: 80d0309c 00000007 b1313f5c b1313ef8 80102410 8015e064 b10c6900 b9c02dc0
[  609.285763] 3f00: 00000001 00400140 80d03d00 00007883 0000000a 80c94fc0 80d90098 80d04d70
[  609.296948] 3f20: 80c8d308 80d03080 b1313ef8 00000006 80185b8c 80c94fa8 00000000 00000000
[  609.308150] 3f40: 00000001 b9c33000 755b5460 00000000 b1313f6c b1313f60 80126e18 8010228c
[  609.319346] 3f60: b1313f94 b1313f70 801803c0 80126d28 b1313fb0 00000003 60000010 ffffffff
[  609.330533] 3f80: 10c5383d 10c5387d b1313fac b1313f98 801021b4 8018035c 620100c0 00011024
[  609.341732] 3fa0: 00000000 b1313fb0 80101d0c 80102160 620100c0 05f3d438 620100c0 000230b0
[  609.352930] 3fc0: 76f76968 755b5460 76f75530 00000152 7e911602 755b5460 00000000 755b4dc4
[  609.364119] 3fe0: 00000000 755b4db8 00000000 00011024 60000010 ffffffff 00000000 00000000
[  609.375322] [<8053a554>] (find_next_and_bit) from [<80856950>] (cpumask_next_and+0x20/0x24)
[  609.386706] [<80856950>] (cpumask_next_and) from [<8015d1d8>] (load_balance+0x158/0x9cc)
[  609.397815] [<8015d1d8>] (load_balance) from [<8015dc14>] (rebalance_domains+0x1c8/0x364)
[  609.409032] [<8015dc14>] (rebalance_domains) from [<8015e0f8>] (run_rebalance_domains+0xa0/0xd8)
[  609.420873] [<8015e0f8>] (run_rebalance_domains) from [<80102410>] (__do_softirq+0x190/0x3f0)
[  609.432444] [<80102410>] (__do_softirq) from [<80126e18>] (irq_exit+0xfc/0x120)
[  609.441319] [<80126e18>] (irq_exit) from [<801803c0>] (__handle_domain_irq+0x70/0xc4)
[  609.452181] [<801803c0>] (__handle_domain_irq) from [<801021b4>] (bcm2836_arm_irqchip_handle_irq+0x60/0xa4)
[  609.464972] [<801021b4>] (bcm2836_arm_irqchip_handle_irq) from [<80101d0c>] (__irq_usr+0x4c/0x60)
[  609.476901] Exception stack(0xb1313fb0 to 0xb1313ff8)
[  609.483466] 3fa0:                                     620100c0 05f3d438 620100c0 000230b0
[  609.494616] 3fc0: 76f76968 755b5460 76f75530 00000152 7e911602 755b5460 00000000 755b4dc4
[  609.505724] 3fe0: 00000000 755b4db8 00000000 00011024 60000010 ffffffff
[  609.513812] Code: 9a000014 e1a0c2a3 e3510000 e3e04000 (e790e10c)
