[  236.691339] Unable to handle kernel paging request at virtual address 396f21ad
[  236.696971] Unable to handle kernel paging request at virtual address 3a424dea
[  236.698567] pgd = 429ca0c6
[  236.705774] pgd = 75b9a6c3
[  236.708469] [396f21ad] *pgd=00000000
[  236.711164] [3a424dea] *pgd=00000000
[  236.714730] Internal error: Oops: 5 [#1] SMP ARM
[  236.722897] Modules linked in:
[  236.725945] CPU: 3 PID: 1305 Comm: vcgencmd Not tainted 4.19.118-v7+ #1311
[  236.732810] Hardware name: BCM2835
[  236.736210] PC is at __cgroup_account_cputime+0x24/0x70
[  236.741428] LR is at update_curr+0x140/0x258
[  236.745688] pc : [<801c65d8>]    lr : [<80155138>]    psr: a0000093
[  236.751945] sp : b40f9dd0  ip : b40f9df0  fp : b40f9dec
[  236.757161] r10: b5313c00  r9 : 0000000e  r8 : ca074636
[  236.762376] r7 : 00000000  r6 : 001fbbc7  r5 : ba385a00  r4 : b5313c80
[  236.768895] r3 : 000021ad  r2 : 001fbbc7  r1 : 396f0000  r0 : b679f800
[  236.775414] Flags: NzCv  IRQs off  FIQs on  Mode SVC_32  ISA ARM  Segment user
[  236.782627] Control: 10c5383d  Table: 340d806a  DAC: 00000055
[  236.788364] Process vcgencmd (pid: 1305, stack limit = 0x2e627f32)
[  236.794535] Stack: (0xb40f9dd0 to 0xb40fa000)
[  236.798883] 9dc0:                                     b5313c80 ba385a00 ca074636 0000000e
[  236.807053] 9de0: b40f9e2c b40f9df0 80155138 801c65c0 801520cc 801ac4e4 001fbbc7 00000000
[  236.815224] 9e00: 8014c074 80c95400 ba385400 b532e900 b87ba400 b5313c80 b532ecc4 b532e980
[  236.823394] 9e20: b40f9e64 b40f9e30 80155670 80155004 b5313c80 396f0000 b40f8000 b532e900
[  236.831564] 9e40: 00000003 b532ee44 b72f3500 60000013 b532ecc4 80da4710 b40f9e8c b40f9e68
[  236.839734] 9e60: 8014f228 801555fc ffffffff b532e900 003d0f00 80d04d48 00000000 b532ee00
[  236.847904] 9e80: b40f9f2c b40f9e90 8011e358 8014f144 b40f9ef4 b40f9ea0 80874958 80177420
[  236.856074] 9ea0: 00000000 00000055 8029e248 00000805 80d04d48 00000805 80874af0 00000000
[  236.864244] 9ec0: 00000000 00000000 b532ecc4 00000000 76dc0f98 00000000 00000000 00010000
[  236.872413] 9ee0: b40f9fb0 00000000 b40f9fac 00000000 00000000 00000000 00000000 01c22cd2
[  236.880584] 9f00: 802a0444 003d0f00 7e84e59c 76fcb4d0 80d04d48 00000000 b40f8000 76dc14c8
[  236.888754] 9f20: b40f9f8c b40f9f30 8011fabc 8011ddec 00000000 00000000 ffffffff 008d3000
[  236.896924] 9f40: b533d200 80d04d48 008d3000 008b2000 b533d23c 802a0724 b40f9fa4 01c22cd2
[  236.905094] 9f60: 802a0724 76dc14c8 7e84e59c 76fcb4d0 00000078 801011c4 b40f8000 00000078
[  236.913264] 9f80: b40f9fa4 b40f9f90 8011ff3c 8011f9f0 76dc14c8 76dc1920 00000000 b40f9fa8
[  236.921434] 9fa0: 80101000 8011ff14 76dc14c8 7e84e59c 003d0f00 76dc0f98 76dc14c8 76dc1920
[  236.929604] 9fc0: 76dc14c8 7e84e59c 76fcb4d0 00000078 7e84e542 76dc1460 00000000 7e84e58c
[  236.937774] 9fe0: 003d0f00 7e84e4d0 76f3f180 76e99558 20000010 003d0f00 00000000 00000000
[  236.945950] [<801c65d8>] (__cgroup_account_cputime) from [<80155138>] (update_curr+0x140/0x258)
[  236.954643] [<80155138>] (update_curr) from [<80155670>] (task_fork_fair+0x80/0x13c)
[  236.962382] [<80155670>] (task_fork_fair) from [<8014f228>] (sched_fork+0xf0/0x1c0)
[  236.970035] [<8014f228>] (sched_fork) from [<8011e358>] (copy_process.part.5+0x578/0x1b14)
[  236.978293] [<8011e358>] (copy_process.part.5) from [<8011fabc>] (_do_fork+0xd8/0x434)
[  236.986204] [<8011fabc>] (_do_fork) from [<8011ff3c>] (sys_clone+0x34/0x3c)
[  236.993159] [<8011ff3c>] (sys_clone) from [<80101000>] (ret_fast_syscall+0x0/0x28)
[  237.000719] Exception stack(0xb40f9fa8 to 0xb40f9ff0)
[  237.005763] 9fa0:                   76dc14c8 7e84e59c 003d0f00 76dc0f98 76dc14c8 76dc1920
[  237.013933] 9fc0: 76dc14c8 7e84e59c 76fcb4d0 00000078 7e84e542 76dc1460 00000000 7e84e58c
[  237.022102] 9fe0: 003d0f00 7e84e4d0 76f3f180 76e99558
[  237.027148] Code: e1a06002 e1a07003 ee1d1f90 e5903178 (e7912003) 
[  237.033232] unblank_screen: tty -2134295847 not allocated ??
[  237.038882] unblank_screen: tty -2134295847 not allocated ??
[  237.044532] Internal error: Oops: 5 [#2] SMP ARM
[  237.044534] ---[ end trace c509358a34d8aeb7 ]---
[  237.044542] Unable to handle kernel paging request at virtual address 3a444dea
[  237.049141] Modules linked in:
[  237.053747] pgd = 429ca0c6
[  237.060959] CPU: 1 PID: 0 Comm: swapper/1 Tainted: G      D           4.19.118-v7+ #1311
[  237.063999] [3a444dea] *pgd=00000000
[  237.066694] Hardware name: BCM2835
[  237.081727] PC is at arch_timer_handler_phys+0x38/0x48
[  237.086858] LR is at handle_percpu_devid_irq+0x88/0x23c
[  237.092074] pc : [<806e7984>]    lr : [<80185b8c>]    psr: 20000193
[  237.098331] sp : b9d4deb0  ip : b9d4dec0  fp : b9d4debc
[  237.103547] r10: 00000000  r9 : b9d4c000  r8 : 000000a2
[  237.108762] r7 : 80d5d66c  r6 : b9cc0d00  r5 : 00000000  r4 : b9c02dc0
[  237.115280] r3 : 00000007  r2 : 00000004  r1 : 3a424dea  r0 : 3a424dea
[  237.121798] Flags: nzCv  IRQs off  FIQs on  Mode SVC_32  ISA ARM  Segment user
[  237.129011] Control: 10c5383d  Table: 353d406a  DAC: 00000055
[  237.134748] Process swapper/1 (pid: 0, stack limit = 0xfe377223)
[  237.140745] Stack: (0xb9d4deb0 to 0xb9d4e000)
[  237.145093] dea0:                                     b9d4dee4 b9d4dec0 80185b8c 806e7958
[  237.153264] dec0: 80c94fa8 00000000 00000000 00000001 b9c33000 b9d4c000 b9d4def4 b9d4dee8
[  237.161434] dee0: 8017fc6c 80185b10 b9d4df1c b9d4def8 801803bc 8017fc44 b9d4df38 00000001
[  237.169604] df00: 40000013 ffffffff b9d4df6c 80d8fb3e b9d4df34 b9d4df20 801021b4 8018035c
[  237.177774] df20: 00000000 80109ae8 b9d4df94 b9d4df38 801019bc 80102160 80109ae4 00000000
[  237.185944] df40: 40000093 40000093 80d04d70 b9d4c000 80d04db8 00000002 80d8fb3e 410fd034
[  237.194114] df60: 00000000 b9d4df94 80d0517c b9d4df88 00000000 80109ae8 40000013 ffffffff
[  237.202284] df80: 80109ae4 00000000 b9d4dfa4 b9d4df98 80873e74 80109ac0 b9d4dfcc b9d4dfa8
[  237.210454] dfa0: 80152eb8 80873e4c 01c22cd2 00000087 00000001 10c0387d 80da45b8 0000406a
[  237.218624] dfc0: b9d4dfdc b9d4dfd0 801531f8 80152dd8 b9d4dff4 b9d4dfe0 8010fee4 801531dc
[  237.226795] dfe0: 39d3806a 00000055 00000000 b9d4dff8 0010270c 8010fdbc 00000000 00000000
[  237.234968] [<806e7984>] (arch_timer_handler_phys) from [<80185b8c>] (handle_percpu_devid_irq+0x88/0x23c)
[  237.244530] [<80185b8c>] (handle_percpu_devid_irq) from [<8017fc6c>] (generic_handle_irq+0x34/0x44)
[  237.253570] [<8017fc6c>] (generic_handle_irq) from [<801803bc>] (__handle_domain_irq+0x6c/0xc4)
[  237.262262] [<801803bc>] (__handle_domain_irq) from [<801021b4>] (bcm2836_arm_irqchip_handle_irq+0x60/0xa4)
[  237.271996] [<801021b4>] (bcm2836_arm_irqchip_handle_irq) from [<801019bc>] (__irq_svc+0x5c/0x7c)
[  237.280858] Exception stack(0xb9d4df38 to 0xb9d4df80)
[  237.285901] df20:                                                       80109ae4 00000000
[  237.294071] df40: 40000093 40000093 80d04d70 b9d4c000 80d04db8 00000002 80d8fb3e 410fd034
[  237.302241] df60: 00000000 b9d4df94 80d0517c b9d4df88 00000000 80109ae8 40000013 ffffffff
[  237.310413] [<801019bc>] (__irq_svc) from [<80109ae8>] (arch_cpu_idle+0x34/0x4c)
[  237.317806] [<80109ae8>] (arch_cpu_idle) from [<80873e74>] (default_idle_call+0x34/0x48)
[  237.325893] [<80873e74>] (default_idle_call) from [<80152eb8>] (do_idle+0xec/0x16c)
[  237.333545] [<80152eb8>] (do_idle) from [<801531f8>] (cpu_startup_entry+0x28/0x2c)
[  237.341111] [<801531f8>] (cpu_startup_entry) from [<8010fee4>] (secondary_start_kernel+0x134/0x140)
[  237.350151] [<8010fee4>] (secondary_start_kernel) from [<0010270c>] (0x10270c)
[  237.357366] Code: e3833002 ee0e3f32 f57ff06f e1a00001 (e5913000) 
[  237.363449] unblank_screen: tty -2134295847 not allocated ??
[  237.369099] unblank_screen: tty -2134295847 not allocated ??
[  237.374748] ---[ end trace c509358a34d8aeb8 ]---
[  237.374750] Internal error: Oops: 5 [#3] SMP ARM
[  237.374752] Modules linked in:
[  237.379358] Kernel panic - not syncing: Fatal exception in interrupt
[  237.383964] CPU: 3 PID: 1305 Comm: vcgencmd Tainted: G      D           4.19.118-v7+ #1311
[  237.401597] Hardware name: BCM2835
[  237.404990] PC is at arch_timer_handler_phys+0x38/0x48
[  237.410120] LR is at handle_percpu_devid_irq+0x88/0x23c
[  237.415335] pc : [<806e7984>]    lr : [<80185b8c>]    psr: 20000193
[  237.421592] sp : b40f9ae8  ip : b40f9af8  fp : b40f9af4
[  237.426807] r10: b5313c00  r9 : b40f8000  r8 : 000000a2
[  237.432023] r7 : 80d5d66c  r6 : b9cc0d00  r5 : 00000000  r4 : b9c02dc0
[  237.438541] r3 : 00000007  r2 : 00000004  r1 : 3a444dea  r0 : 3a444dea
[  237.445058] Flags: nzCv  IRQs off  FIQs on  Mode SVC_32  ISA ARM  Segment user
[  237.452271] Control: 10c5383d  Table: 340d806a  DAC: 00000055
[  237.458008] Process vcgencmd (pid: 1305, stack limit = 0x2e627f32)
[  237.464178] Stack: (0xb40f9ae8 to 0xb40fa000)
[  237.468528] 9ae0:                   b40f9b1c b40f9af8 80185b8c 806e7958 80c94fa8 00000000
[  237.476698] 9b00: 00000000 00000001 b9c33000 b40f8000 b40f9b2c b40f9b20 8017fc6c 80185b10
[  237.484868] 9b20: b40f9b54 b40f9b30 801803bc 8017fc44 b40f9b70 00000003 40000113 ffffffff
[  237.493038] 9b40: b40f9ba4 00000005 b40f9b6c b40f9b58 801021b4 8018035c 00000000 80124fe4
[  237.501208] 9b60: b40f9bfc b40f9b70 801019bc 80102160 80124fe0 00000000 40000193 40000193
[  237.509378] 9b80: b5313c00 0000000b 00000544 7f000000 00000005 80d09cb4 b5313c00 b40f9bfc
[  237.517548] 9ba0: 80d0517c b40f9bc0 00000000 80124fe4 40000113 ffffffff 80124fe0 7f000000
[  237.525718] 9bc0: 01c22cd2 80da4544 60000193 01c22cd2 7f000000 80da4544 60000193 0000000b
[  237.533888] 9be0: 7f000000 00000005 80d09cb4 b5313c00 b40f9c34 b40f9c00 8010d854 80124ee0
[  237.542058] 9c00: b40f8210 0000000b 80a72874 396f21ad 00000005 b40f9d80 b533d200 00000005
[  237.550228] 9c20: b533d23c 00000000 b40f9c4c b40f9c38 801169e4 8010d60c b40f9d80 b533d200
[  237.558399] 9c40: b40f9ca4 b40f9c50 80874920 8011697c baafe874 00000001 00000000 80d8c2c0
[  237.566569] 9c60: b40f9d1c b40f9c70 80265654 00000000 00010000 00000014 80000013 00000005
[  237.574739] 9c80: 80d04d48 00000005 80874af0 396f21ad b40f9d80 b5313c00 b40f9cc4 b40f9ca8
[  237.582909] 9ca0: 80874bac 80874744 01c22cd2 80d0a624 80d04d48 00000005 b40f9d7c b40f9cc8
[  237.591079] 9cc0: 801167fc 80874afc 00000000 00000001 80d22c9c 00000005 00000000 007080c0
[  237.599249] 9ce0: 00000001 0003369c b7d84800 802c00dc 7fffffff b9c2112c b40f9d2c b40f9d08
[  237.607419] 9d00: 802c00dc 802bfe74 01c22cd2 80d04d48 00000002 007080c0 b7d84800 bab18e30
[  237.615589] 9d20: b40f9d64 b40f9d30 802c7854 802c0054 80d8c334 01c22cd2 00000000 b7d84800
[  237.623759] 9d40: bab18e30 007080c0 00000001 b5313c00 76dc14c8 01c22cd2 801c65d8 a0000093
[  237.631929] 9d60: ffffffff b40f9db4 ca074636 b40f8000 b40f9dec b40f9d80 80101934 801167b0
[  237.640099] 9d80: b679f800 396f0000 001fbbc7 000021ad b5313c80 ba385a00 001fbbc7 00000000
[  237.648269] 9da0: ca074636 0000000e b5313c00 b40f9dec b40f9df0 b40f9dd0 80155138 801c65d8
[  237.656439] 9dc0: a0000093 ffffffff b5313c80 7f000000 b5313c80 ba385a00 ca074636 0000000e
[  237.664609] 9de0: b40f9e2c b40f9df0 80155138 801c65c0 801520cc 801ac4e4 001fbbc7 00000000
[  237.672780] 9e00: 8014c074 80c95400 ba385400 b532e900 b87ba400 b5313c80 b532ecc4 b532e980
[  237.680950] 9e20: b40f9e64 b40f9e30 80155670 80155004 b5313c80 396f0000 b40f8000 b532e900
[  237.689120] 9e40: 00000003 b532ee44 b72f3500 60000013 b532ecc4 80da4710 b40f9e8c b40f9e68
[  237.697290] 9e60: 8014f228 801555fc ffffffff b532e900 003d0f00 80d04d48 00000000 b532ee00
[  237.705460] 9e80: b40f9f2c b40f9e90 8011e358 8014f144 b40f9ef4 b40f9ea0 80874958 80177420
[  237.713630] 9ea0: 00000000 00000055 8029e248 00000805 80d04d48 00000805 80874af0 00000000
[  237.721800] 9ec0: 00000000 00000000 b532ecc4 00000000 76dc0f98 00000000 00000000 00010000
[  237.729970] 9ee0: b40f9fb0 00000000 b40f9fac 00000000 00000000 00000000 00000000 01c22cd2
[  237.738140] 9f00: 802a0444 003d0f00 7e84e59c 76fcb4d0 80d04d48 00000000 b40f8000 76dc14c8
[  237.746310] 9f20: b40f9f8c b40f9f30 8011fabc 8011ddec 00000000 00000000 ffffffff 008d3000
[  237.754480] 9f40: b533d200 80d04d48 008d3000 008b2000 b533d23c 802a0724 b40f9fa4 01c22cd2
[  237.762650] 9f60: 802a0724 76dc14c8 7e84e59c 76fcb4d0 00000078 801011c4 b40f8000 00000078
[  237.770820] 9f80: b40f9fa4 b40f9f90 8011ff3c 8011f9f0 76dc14c8 76dc1920 00000000 b40f9fa8
[  237.778990] 9fa0: 80101000 8011ff14 76dc14c8 7e84e59c 003d0f00 76dc0f98 76dc14c8 76dc1920
[  237.787160] 9fc0: 76dc14c8 7e84e59c 76fcb4d0 00000078 7e84e542 76dc1460 00000000 7e84e58c
[  237.795330] 9fe0: 003d0f00 7e84e4d0 76f3f180 76e99558 20000010 003d0f00 00000000 00000000
[  237.803502] [<806e7984>] (arch_timer_handler_phys) from [<80185b8c>] (handle_percpu_devid_irq+0x88/0x23c)
[  237.813063] [<80185b8c>] (handle_percpu_devid_irq) from [<8017fc6c>] (generic_handle_irq+0x34/0x44)
[  237.822102] [<8017fc6c>] (generic_handle_irq) from [<801803bc>] (__handle_domain_irq+0x6c/0xc4)
[  237.830794] [<801803bc>] (__handle_domain_irq) from [<801021b4>] (bcm2836_arm_irqchip_handle_irq+0x60/0xa4)
[  237.840528] [<801021b4>] (bcm2836_arm_irqchip_handle_irq) from [<801019bc>] (__irq_svc+0x5c/0x7c)
[  237.849390] Exception stack(0xb40f9b70 to 0xb40f9bb8)
[  237.854433] 9b60:                                     80124fe0 00000000 40000193 40000193
[  237.862603] 9b80: b5313c00 0000000b 00000544 7f000000 00000005 80d09cb4 b5313c00 b40f9bfc
[  237.870772] 9ba0: 80d0517c b40f9bc0 00000000 80124fe4 40000113 ffffffff
[  237.877381] [<801019bc>] (__irq_svc) from [<80124fe4>] (do_exit+0x110/0xc14)
[  237.884424] [<80124fe4>] (do_exit) from [<8010d854>] (die+0x254/0x35c)
[  237.890945] [<8010d854>] (die) from [<801169e4>] (__do_kernel_fault.part.0+0x74/0x84)
[  237.898770] [<801169e4>] (__do_kernel_fault.part.0) from [<80874920>] (do_page_fault+0x1e8/0x3b8)
[  237.907635] [<80874920>] (do_page_fault) from [<80874bac>] (do_translation_fault+0xbc/0xc0)
[  237.915980] [<80874bac>] (do_translation_fault) from [<801167fc>] (do_DataAbort+0x58/0xf4)
[  237.924237] [<801167fc>] (do_DataAbort) from [<80101934>] (__dabt_svc+0x54/0x80)
[  237.931623] Exception stack(0xb40f9d80 to 0xb40f9dc8)
[  237.936668] 9d80: b679f800 396f0000 001fbbc7 000021ad b5313c80 ba385a00 001fbbc7 00000000
[  237.944838] 9da0: ca074636 0000000e b5313c00 b40f9dec b40f9df0 b40f9dd0 80155138 801c65d8
[  237.953006] 9dc0: a0000093 ffffffff
[  237.956488] [<80101934>] (__dabt_svc) from [<801c65d8>] (__cgroup_account_cputime+0x24/0x70)
[  237.964920] [<801c65d8>] (__cgroup_account_cputime) from [<80155138>] (update_curr+0x140/0x258)
[  237.973611] [<80155138>] (update_curr) from [<80155670>] (task_fork_fair+0x80/0x13c)
[  237.981348] [<80155670>] (task_fork_fair) from [<8014f228>] (sched_fork+0xf0/0x1c0)
[  237.988998] [<8014f228>] (sched_fork) from [<8011e358>] (copy_process.part.5+0x578/0x1b14)
[  237.997256] [<8011e358>] (copy_process.part.5) from [<8011fabc>] (_do_fork+0xd8/0x434)
[  238.005166] [<8011fabc>] (_do_fork) from [<8011ff3c>] (sys_clone+0x34/0x3c)
[  238.012121] [<8011ff3c>] (sys_clone) from [<80101000>] (ret_fast_syscall+0x0/0x28)
[  238.019681] Exception stack(0xb40f9fa8 to 0xb40f9ff0)
[  238.024724] 9fa0:                   76dc14c8 7e84e59c 003d0f00 76dc0f98 76dc14c8 76dc1920
[  238.032894] 9fc0: 76dc14c8 7e84e59c 76fcb4d0 00000078 7e84e542 76dc1460 00000000 7e84e58c
[  238.041063] 9fe0: 003d0f00 7e84e4d0 76f3f180 76e99558
[  238.046107] Code: e3833002 ee0e3f32 f57ff06f e1a00001 (e5913000) 
[  238.052190] unblank_screen: tty -2134295847 not allocated ??
[  238.057840] unblank_screen: tty -2134295847 not allocated ??
[  238.063489] ---[ end trace c509358a34d8aeb9 ]---
[  238.451671] SMP: failed to stop secondary CPUs
[  238.456110] unblank_screen: tty -2134295847 not allocated ??
[  238.461759] unblank_screen: tty -2134295847 not allocated ??
[  238.467409] ---[ end Kernel panic - not syncing: Fatal exception in interrupt ]---
