[  275.858266] Unable to handle kernel paging request at virtual address dbcf5c00
[  275.858268] pgd = debb2987
[  275.858269] [dbcf5c00] *pgd=00000000
[  275.858272] Internal error: Oops: 805 [#1] SMP ARM
[  275.858273] Modules linked in:
[  275.858276] CPU: 2 PID: 464 Comm: sshd Not tainted 4.19.118-v7+ #1311
[  275.858277] Hardware name: BCM2835
[  275.858278] PC is at cfb_imageblit+0x6a8/0x96c
[  275.858279] LR is at 0xb9518900
[  275.858281] pc : [<80581774>]    lr : [<b9518900>]    psr: 20000193
[  275.858282] sp : b5349470  ip : bbd00000  fp : b53494c4
[  275.858284] r10: dbcf5c00  r9 : 0000000f  r8 : b9518911
[  275.858285] r7 : b9518900  r6 : 00000090  r5 : ff000000  r4 : 00aaaaaa
[  275.858287] r3 : 00000000  r2 : dbcf5c00  r1 : 80936bdc  r0 : ff000000
[  275.858289] Flags: nzCv  IRQs off  FIQs on  Mode SVC_32  ISA ARM  Segment user
[  275.858290] Control: 10c
[  275.858292] Stack: (0xb5349470 to 0xb534a000)
[  275.858294] 9460:                                     00000000 00000000 00000000 00000011
[  275.858295] 9480: 00000a40 00000000 00000012 00000240 00000012 dbcf5c00 00000000 00000000
[  275.858297] 94a0: b9518912 b951a024 b9c34400 b9c34400 00000001 000000ff b53494d4 b53494c8
[  275.858299] 94c0: 80581ee8 805810d8 b53495a4 b53494d8 8057c7c8 80581edc 00000001 bbe00e20
[  275.858301] 94e0: 00000000 b9f4b480 80d04d48 b9c3452c ffffffff b9cce254 ffffffff 00000000
[  275.858303] 9500: 00000200 00000000 00000000 b9cce09c b951a000 00000012 00000012 80581edc
[  275.858305] 9520: 00000010 80159fd0 00000000 00000001 00000000 00000010 b534957c 00000000
[  275.858307] 9540: fffffff0 00000090 00000010 00000007 00000000 b5349501 b9518900 8057c990
[  275.858308] 9560: b53495f4 b5349570 00000000 00000002 00000008 01c22cd2 b53495a4 b9cce09c
[  275.858310] 9580: 00000000 00000000 00000012 8057c544 ffffffff 00000007 b53495e4 b53495a8
[  275.858312] 95a0: 80575b7c 8057c550 ffffffff 00000000 00000007 00000000 00000052 b951a026
[  275.858314] 95c0: 00000000 00000000 b9519f80 00000f00 00000012 b951a024 b534962c b53495e8
[  275.858316] 95e0: 805781c0 80575a7c 00000000 00000000 00000008 b9c34400 ffffffff b951a0a4
[  275.858318] 9600: 00000000 00000000 00000001 b9d41444 b5349634 b5349620 80874454 802038f8
[  275.858320] 9620: 000037d9 b9d40f00 b534967c b5349638 8014e65c 808743f4 396e0000 80000193
[  275.858322] 9640: 00000000 00000000 00000005 b9cce09c 00000000 00000000 00000000 0000001a
[  275.858323] 9660: 00000001 80e454f8 00000190 00000005 00000000 00000020 0000
[  275.858325] 9680: 00000000 00000000 b53496dc b5349698 805b8c24 8057ac78 00000001 01c22cd2
[  275.858327] 96a0: b53496cc b9cce09c b9c34400
[  275.858329] 96c0: 80d04d48 80da7ccb 00000000 00000000 b534970c b53496e0 805b8ce4 805b8a60
[  275.858332] 9700: 00000000 00000000 805b9df4 805b8c3c 00000000 00000000 00000000 b951b004
[  275.858334] 9720: 00000052 80da7cd4 0000000f b9c34400 00000073 01c22cd2 b5349764 80da9750
[  275.858335] 9740: 00000000 0
[  275.858338] 9760: 8017cfec 805b9b48 b5349794 b5349778 00000000 8017ebd0 80d04d70 00000000
[  275.858339] 9780: b5348000 80d102e8 20000113 80da7c78 000000e2 00000000 80da7758 80da7758
[  275.858341] 97a0: 0000004c 60000113 00000001
[  275.858343] 97c0: 8017ebd0 8017ccfc 80a728a4 b5349874 00000000 00000080 b53497f4 00000000
[  275.858345] 97e0: b968401c 80c913d8 b5349874 80a728a4 b534a000 80000007 b53499a8 b52ba9b8
[  275.858347] 9800: b5349824 b5349810 8017ef58 8017e9c4 80a728a4 b5349874 b534984c b5349828
[  275.858348] 9820: 8017fb00 8017ef14 b534a000 80000007 80d04d48 80000007 b53499a8 b534a000
[  275.858350] 9840: 00000000 00000000 00000000 00000000 00000000 00000000 00000000 00010001
[  275.858352] 9860: 00000000 00000000 00000000 00000179 00000000 00000000 00000000 00000000
[  275.858354] 9880: b53499a8 b534a000 b53498ec b5349898 80874920 8011697c b7a54a80 b9d15000
[  275.858356] 98a0: b51bf0ee 000000b6 000000b6 80c93ad8 80874424 80c93ad8 80126fa8 b9d15568
[  275.858358] 98c0: 00000006 80d04d48 80d0a844 00000007 80874738 00000000 b53499a8 b52ba9b8
[  275.858360] 98e0: b53499a4 b53498f0 801168ec 80874744 b534991c b5349900 80126fa8 8020363c
[  275.858361] 9900: b52ba9b8 80d04d48 b9d15000 00000000 b534992c b5349920 80127004 80126f30
[  275.858363] 9920: b534995c b5349930 80645d94 80126ff0 00000000 064000b6 00000000 01c22cd2
[  275.858365] 9940: 00000000 b52ba9b8 b52ba9b8 b9d15000 b53499b4 b5349960 807411bc 80101aec
[  275.858367] 9960: 60000013 ffffffff b53499dc b8fdf200 b5348000 b52ba9b8 b53499a4 01c22cd2
[  275.858369] 9980: 00000000 60000013 ffffffff b53499dc b8fdf200 b5348000 b5349a44 b53499a8
[  275.858371] 99a0: 80101af4 801168a4 b6741800 00000000 b674188c 00000000 b6741800 b674185c
[  275.858372] 99c0: b674188c ffffff4a b8fdf200 0000003f b52ba9b8 b5349a44 b53499f8 b53499f8
[  275.858374] 99e0: 8077c9dc 00000000 60000013 ffffffff 8077ce7c 7f000000 00000000 00000001
[  275.858376] 9a00: 80203680 8077b8a4 b53499f8 b6741840 b5348000 b674188c 8077b854 b52ba9b8
[  275.858378] 9a20: 80d04d48 00000000 00000000 00000000 b6741800 b8fdf200 b5349abc b5349a48
[  275.858380] 9a40: 80741b88 8077c954 b52ba9b8 80d04d48 80d80a40 b9d15000 b5349a84 b5349a68
[  275.858382] 9a60: 80203680 80204884 00000200 80d04d48 00c17414 fffffff4 00000000 b5349a88
[  275.858383] 9a80: 80126c24 8020363c 00000000 01c22cd2 b6c17458 b52ba9b8 b6c17400 b9d15000
[  275.858385] 9aa0: 00000002 00000000 b6c17458 b9d15000 b5349acc b5349ac0 80741e44 80741438
[  275.858387] 9ac0: b5349afc b5349ad0 80753eb0 80741e34 00000000 000000a8 b9d15000 b52ba9b8
[  275.858389] 9ae0: b6c17400 b967c900 80d04d48 80d80a40 b5349b34 b5349b00 8079e3ac 80753dac
[  275.858391] 9b00: 6a01a8c0 01c22cd2 00000000 b52ba9b8 00000000 b6650000 80d80a40 80d80a40
[  275.858393] 9b20: 000005dc b9d15000 b5349b6c b5349b38 807a00c0 8079e198 00000200 80d04d48
[  275.858394] 9b40: 00000051 b52ba9b8 80d04d48 00000051 00000000 80d80a40 b6650000 b9d15000
[  275.858396] 9b60: b5349bbc b5349b70 807a0d88 8079ff4c 807a02cc 8079e098 00000100 00000200
[  275.858398] 9b80: b87ed440 b66bd180 000000db 01c22cd2 b5349b48 b52ba9b8 b6650000 80d80a40
[  275.858400] 9ba0: 00001045 b967c900 b51bf000 80d80a40 b5349bdc b5349bc0 807a0400 807a0cc0
[  275.858402] 9bc0: 00000000 b52ba9b8 b6650000 b6650288 b5349c34 b5349be0 807a0714 807a03c4
[  275.858404] 9be0: b6c17178 80d04d48 ba371440 ffffd181 b5349c14 80726cfc 00000000 b52ba9b8
[  275.858405] 9c00: b52ba900 00000000 b5349c2c 00000074 b6650000 b52ba9b8 b52ba900 00000000
[  275.858407] 9c20: 00000000 fffff692 b5349c44 b5349c38 807c21c4 807a05d8 b5349cb4 b5349c48
[  275.858409] 9c40: 807bca94 807c21bc 8053df48 b6650000 00000015 00000000 0000fa80 b6650490
[  275.858411] 9c60: 0000fa80 80d04d48 b5349c84 00000002 00000000 00000000 6cee3628 4dcc1e94
[  275.858413] 9c80: 00000000 01c22cd2 3bba7caa b52ba900 000005a8 000005a8 00000074 b66500fc
[  275.858415] 9ca0: 00000000 b6650000 b5349d1c b5349cb8 807bdec4 807bc544 7dfeeb61 ffffffff
[  275.858417] 9cc0: b5349cf4 b5349cd0 80726154 802bd68c 807ad0ac b52ba900 b6650438 80d03d00
[  275.858419] 9ce0: 00000001 00000002 b6650490 00000000 b5349ec0 b6650000 b52ba900 000005a8
[  275.858420] 9d00: 00000000 00000000 b6650000 363c536b b5349d3c b5349d20 807bec94 807bdc34
[  275.858422] 9d20: 00480020 b5349d30 80536c1c b6650000 b5349d64 b5349d40 807a96ac 807bec5c
[  275.858424] 9d40: b5349e5c 807adfb4 b52ba900 00000074 b66500fc b5349e54 b5349dfc b5349d68
[  275.858426] 9d60: 807adfd4 807a95a8 00001c48 00000000 7ecc921c b6c17000 80d07b44 80e1c4a0
[  275.858428] 9d80: 00000000 00000000 00000000 80d04d48 00000000 00000001 00000000 000005a8
[  275.858430] 9da0: 00000000 00000040 80203680 00001c48 00000000 00000074 00000000 00000000
[  275.858431] 9dc0: 00000000 00000000 80126c24 01c22cd2 00000227 b6650000 00000074 b5349e54
[  275.858433] 9de0: 00000000 00000000 b5349ee0 01c22cd2 b5349e1c b5349e00 807ae5f0 807ad944
[  275.858435] 9e00: 00000000 00000000 80d04d48 00000000 b5349e3c b5349e20 807dd728 807ae5c4
[  275.858437] 9e20: b6c17074 00000001 b5349ec8 80d04d48 b5349e4c b5349e40 8071d8b4 807dd6ec
[  275.858439] 9e40: b5349eb4 b5349e50 8071d96c 8071d89c b6c17000 00000000 00000000 00000001
[  275.858441] 9e60: 00000000 00000000 b5349ec8 00000000 00000504 00000000 00000000 00000040
[  275.858443] 9e80: 00000000 00000000 b67b79c0 80d04d48 b666df00 00000000 00000000 b5349f60
[  275.858444] 9ea0: 00000074 00000004 b5349f2c b5349eb8 802d0d10 8071d8d0 00000074 80874280
[  275.858447] 9ec0: 015dbd70 00000074 00000001 00000000 00000074 b5349ec0 00000001 00000504
[  275.858449] 9ee0: b666df00 00000000 00000000 00000000 00000000 00000000 00000000 00000000
[  275.858451] 9f00: 00000000 00000000 00000074 b666df00 015dbd70 b5349f60 015dbd70 b5348000
[  275.858452] 9f20: b5349f5c b5349f30 802d0f5c 802d0c10 80d04d48 802f20fc b666df00 80d04d48
[  275.858454] 9f40: 80196308 805307d4 000000b4 000000b4 2cc71952 01c22cd2 80d04d48 01c22cd2
[  275.858456] 9f60: b5349fa4 00000000 000c15b4 00000000 0000008e 801011c4 b5348000 0000008e
[  275.858458] 9f80: 00000000 00000000 b5349fa4 b5349f98 802d12bc 802d11c8 00000000 b5349fa8
[  275.858460] 9fa0: 80101000 802d12b0 015cac10 00000074 00000003 015dbd70 00000074 00000000
[  275.858462] 9fc0: 015cac10 00000074 00000003 00000004 00000000 000c3b30 000c3d58 015ddab0
[  275.858463] 9fe0: 0000006c 7eccd2c0
[  275.858465] Lost 5 message(s)!
[  275.858471] CPU0: stopping
[  276.921477] SMP: failed to stop secondary CPUs
[  276.928698] ---[ end Kernel panic - not syncing: Fatal exception in interrupt ]---
[  277.753881] CPU: 0 PID: 557 Comm: mulX_bench Tainted: G      D           4.19.118-v7+ #1311
[  277.762222] Hardware name: BCM2835
[  277.765624] [<801120c8>] (unwind_backtrace) from [<8010d5fc>] (show_stack+0x20/0x24)
[  277.773363] [<8010d5fc>] (show_stack) from [<80856da8>] (dump_stack+0xe0/0x124)
[  277.780668] [<80856da8>] (dump_stack) from [<801104e0>] (handle_IPI+0x388/0x3a8)
[  277.788060] [<801104e0>] (handle_IPI) from [<801021f4>] (bcm2836_arm_irqchip_handle_irq+0xa0/0xa4)
[  277.797013] [<801021f4>] (bcm2836_arm_irqchip_handle_irq) from [<80101d0c>] (__irq_usr+0x4c/0x60)
[  277.805876] Exception stack(0xb40f7fb0 to 0xb40f7ff8)
[  277.810919] 7fa0:                                     56b3458b 00000000 0ebae819 00000000
[  277.819089] 7fc0: 76f99968 76ddb460 76f98530 00000152 7e8d25f2 76ddb460 00000000 76ddadc4
[  277.827258] 7fe0: 00000000 76ddadb8 00000000 00010ff8 60000010 ffffffff
[  277.833863] CPU3: stopping
[  277.836564] CPU: 3 PID: 560 Comm: mulX_bench Tainted: G      D           4.19.118-v7+ #1311
[  277.844905] Hardware name: BCM2835
[  277.848302] [<801120c8>] (unwind_backtrace) from [<8010d5fc>] (show_stack+0x20/0x24)
[  277.856039] [<8010d5fc>] (show_stack) from [<80856da8>] (dump_stack+0xe0/0x124)
[  277.863342] [<80856da8>] (dump_stack) from [<801104e0>] (handle_IPI+0x388/0x3a8)
[  277.870732] [<801104e0>] (handle_IPI) from [<801021f4>] (bcm2836_arm_irqchip_handle_irq+0xa0/0xa4)
[  277.879685] [<801021f4>] (bcm2836_arm_irqchip_handle_irq) from [<80101d0c>] (__irq_usr+0x4c/0x60)
[  277.888547] Exception stack(0xb411dfb0 to 0xb411dff8)
[  277.893590] dfa0:                                     0f85c293 04fd1aa9 0f85c293 04fd1aa9
[  277.901761] dfc0: 76f99968 755d8460 76f98530 00000152 7e8d25f2 755d8460 00000000 755d7dc4
[  277.909930] dfe0: 00000000 755d7db8 00000000 00011074 60000010 ffffffff
[  277.916535] CPU1: stopping
[  277.919236] CPU: 1 PID: 558 Comm: mulX_bench Tainted: G      D           4.19.118-v7+ #1311
[  277.927576] Hardware name: BCM2835
[  277.930974] [<801120c8>] (unwind_backtrace) from [<8010d5fc>] (show_stack+0x20/0x24)
[  277.938710] [<8010d5fc>] (show_stack) from [<80856da8>] (dump_stack+0xe0/0x124)
[  277.946013] [<80856da8>] (dump_stack) from [<801104e0>] (handle_IPI+0x388/0x3a8)
[  277.953404] [<801104e0>] (handle_IPI) from [<801021f4>] (bcm2836_arm_irqchip_handle_irq+0xa0/0xa4)
[  277.962356] [<801021f4>] (bcm2836_arm_irqchip_handle_irq) from [<80101d0c>] (__irq_usr+0x4c/0x60)
[  277.971218] Exception stack(0xb4115fb0 to 0xb4115ff8)
[  277.976261] 5fa0:                                     0ebae819 04fd1aa9 0f85c293 04fd1aa9
[  277.984432] 5fc0: 76f99968 765da460 76f98530 00000152 7e8d25f2 765da460 00000000 765d9dc4
[  277.992601] 5fe0: 00000000 765d9db8 00000000 00011058 60000010 ffffffff
