1619078370
temp=39.7'C
1619078372
temp=42.4'C
1619078373
temp=43.5'C
1619078374
temp=45.1'C
1619078375
temp=45.6'C
1619078376
temp=46.2'C
1619078377
temp=46.7'C
1619078378
temp=47.8'C
1619078379
temp=47.2'C
1619078380
temp=48.3'C
1619078381
temp=48.3'C
1619078382
temp=48.9'C
1619078383
temp=49.4'C
1619078384
temp=49.4'C
1619078385
temp=49.4'C
1619078386
temp=49.9'C
1619078387
temp=49.9'C
1619078389
temp=49.9'C
1619078390
temp=50.5'C
1619078391
temp=50.5'C
1619078392
temp=51.0'C
1619078393
temp=51.5'C
1619078394
temp=51.5'C
1619078395
temp=51.5'C
1619078396
temp=51.5'C
1619078397
temp=52.1'C
1619078398
temp=51.5'C
1619078399
temp=52.6'C
1619078400
temp=52.6'C
1619078401
temp=52.6'C
1619078402
temp=52.6'C
1619078403
temp=52.1'C
1619078404
temp=53.2'C
1619078406
temp=52.6'C
1619078407
temp=53.2'C
1619078408
temp=53.7'C
1619078409
temp=53.7'C
1619078410
temp=53.7'C
1619078411
temp=54.2'C
1619078412
temp=53.7'C
1619078413
temp=53.7'C
1619078414
temp=53.7'C
1619078415
temp=53.7'C
1619078416
temp=53.7'C
1619078417
temp=54.2'C
1619078418
temp=54.8'C
1619078419
temp=54.2'C
1619078420
temp=54.8'C
1619078421
temp=54.8'C
1619078423
temp=54.2'C
1619078424
temp=54.8'C
1619078425
temp=55.3'C
1619078426
temp=54.8'C
1619078427
temp=55.3'C
1619078428
temp=55.3'C
1619078429
temp=55.3'C
1619078430
temp=55.8'C
1619078431
temp=56.4'C
1619078432
temp=55.8'C
1619078433
temp=55.8'C
1619078434
temp=56.4'C
1619078435
temp=55.8'C
1619078436
temp=56.4'C
1619078437
temp=56.4'C
1619078438
temp=56.4'C
1619078440
temp=56.4'C
1619078441
temp=56.4'C
1619078442
temp=56.4'C
1619078443
temp=56.4'C
1619078444
temp=56.9'C
1619078445
temp=56.9'C
1619078446
temp=56.9'C
1619078447
temp=56.9'C
1619078448
temp=56.9'C
1619078449
temp=57.5'C
1619078450
temp=56.9'C
1619078451
temp=56.9'C
1619078452
temp=56.9'C
1619078453
temp=56.9'C
1619078454
temp=58.0'C
1619078455
temp=58.0'C
1619078457
temp=56.9'C
1619078458
temp=58.0'C
1619078459
temp=58.0'C
1619078460
temp=58.0'C
1619078461
temp=58.0'C
1619078462
temp=58.0'C
1619078463
temp=58.0'C
1619078464
temp=58.5'C
1619078465
temp=58.0'C
1619078466
temp=58.0'C
1619078467
temp=58.0'C
1619078468
temp=58.5'C
1619078469
temp=58.5'C
1619078470
temp=58.5'C
1619078471
temp=58.5'C
1619078472
temp=59.1'C
1619078473
temp=59.1'C
1619078475
temp=59.1'C
1619078476
temp=58.5'C
1619078477
temp=59.1'C
1619078478
temp=59.1'C
1619078479
temp=59.1'C
1619078480
temp=59.1'C
1619078481
temp=59.1'C
1619078482
temp=59.1'C
1619078483
temp=59.1'C
1619078484
temp=59.6'C
1619078485
temp=59.1'C
1619078486
temp=59.6'C
1619078487
temp=60.1'C
1619078488
temp=59.1'C
1619078489
temp=59.6'C
1619078490
temp=59.1'C
1619078492
temp=60.1'C
1619078493
temp=60.1'C
1619078494
temp=60.1'C
1619078495
temp=60.1'C
1619078496
temp=60.1'C
1619078497
temp=60.1'C
1619078498
temp=60.1'C
1619078499
temp=60.7'C
1619078500
temp=60.1'C
1619078501
temp=60.7'C
1619078502
temp=60.1'C
1619078503
temp=60.7'C
1619078504
temp=60.7'C
1619078505
temp=60.7'C
1619078506
temp=60.7'C
1619078507
temp=60.7'C
1619078509
temp=60.7'C
1619078510
temp=61.2'C
1619078511
temp=61.2'C
1619078512
temp=61.2'C
1619078513
temp=61.2'C
1619078514
temp=61.2'C
1619078515
temp=60.7'C
1619078516
temp=61.2'C
1619078517
temp=61.2'C
1619078518
temp=61.2'C
1619078519
temp=61.8'C
1619078520
temp=61.2'C
1619078521
temp=61.2'C
1619078522
temp=61.2'C
1619078523
temp=61.2'C
1619078524
temp=61.2'C
1619078526
temp=62.3'C
1619078527
temp=61.8'C
1619078528
temp=61.8'C
1619078529
temp=62.3'C
1619078530
temp=61.8'C
1619078531
temp=62.3'C
1619078532
temp=62.3'C
1619078533
temp=62.3'C
1619078534
temp=62.3'C
1619078535
temp=62.3'C
1619078536
temp=62.3'C
1619078537
temp=61.2'C
1619078538
temp=62.3'C
1619078539
temp=62.3'C
1619078540
temp=62.8'C
1619078541
temp=62.3'C
1619078543
temp=61.8'C
1619078544
temp=62.3'C
1619078545
temp=62.3'C
1619078546
temp=62.3'C
1619078547
temp=62.3'C
1619078548
temp=62.3'C
1619078549
temp=62.3'C
1619078550
temp=62.3'C
1619078551
temp=62.8'C
1619078552
temp=62.3'C
1619078553
temp=62.8'C
1619078554
temp=62.3'C
1619078555
temp=62.8'C
1619078556
temp=62.3'C
1619078557
temp=62.8'C
1619078558
temp=62.8'C
1619078560
temp=62.8'C
1619078561
temp=62.8'C
1619078562
temp=62.8'C
1619078563
temp=63.4'C
1619078564
temp=63.4'C
1619078565
temp=62.8'C
1619078566
temp=62.8'C
1619078567
temp=63.4'C
1619078568
temp=63.4'C
1619078569
temp=62.8'C
1619078570
temp=63.4'C
1619078571
temp=63.4'C
1619078572
temp=62.8'C
1619078573
temp=63.4'C
1619078574
temp=63.4'C
1619078576
temp=63.4'C
1619078577
temp=63.4'C
1619078578
temp=63.4'C
1619078579
temp=63.4'C
