1619380370
temp=34.3'C
1619380371
temp=36.5'C
1619380372
temp=37.6'C
1619380373
temp=38.6'C
1619380374
temp=39.7'C
1619380375
temp=39.7'C
1619380376
temp=40.8'C
1619380378
temp=40.8'C
1619380379
temp=41.9'C
1619380380
temp=41.9'C
1619380381
temp=42.9'C
1619380382
temp=42.9'C
1619380383
temp=42.9'C
1619380384
temp=42.9'C
1619380385
temp=43.5'C
1619380386
temp=44.0'C
1619380387
temp=44.0'C
1619380388
temp=44.0'C
1619380389
temp=44.5'C
1619380390
temp=45.1'C
1619380391
temp=45.1'C
1619380392
temp=45.1'C
1619380393
temp=45.1'C
1619380395
temp=45.1'C
1619380396
temp=46.2'C
1619380397
temp=45.1'C
1619380398
temp=46.2'C
1619380399
temp=46.2'C
1619380400
temp=46.2'C
1619380401
temp=46.2'C
1619380402
temp=46.2'C
1619380403
temp=47.2'C
1619380404
temp=47.2'C
1619380405
temp=46.7'C
1619380406
temp=47.8'C
1619380407
temp=47.2'C
1619380408
temp=47.8'C
1619380409
temp=47.2'C
1619380410
temp=47.8'C
1619380412
temp=47.8'C
1619380413
temp=47.8'C
1619380414
temp=47.8'C
1619380415
temp=47.8'C
1619380416
temp=48.3'C
1619380417
temp=48.9'C
1619380418
temp=48.3'C
1619380419
temp=48.9'C
1619380420
temp=49.4'C
1619380421
temp=49.4'C
1619380422
temp=49.4'C
1619380423
temp=49.4'C
1619380424
temp=49.4'C
1619380425
temp=49.9'C
1619380426
temp=49.4'C
1619380427
temp=49.4'C
1619380429
temp=49.9'C
1619380430
temp=49.4'C
1619380431
temp=49.9'C
1619380432
temp=50.5'C
1619380433
temp=49.9'C
1619380434
temp=49.9'C
1619380435
temp=49.9'C
1619380436
temp=50.5'C
1619380437
temp=50.5'C
1619380438
temp=50.5'C
1619380439
temp=51.0'C
1619380440
temp=50.5'C
1619380441
temp=50.5'C
1619380442
temp=51.5'C
1619380443
temp=50.5'C
1619380445
temp=51.0'C
1619380446
temp=51.5'C
1619380447
temp=51.5'C
1619380448
temp=51.5'C
1619380449
temp=52.1'C
1619380450
temp=52.1'C
1619380451
temp=52.1'C
1619380452
temp=52.1'C
1619380453
temp=52.1'C
1619380454
temp=52.1'C
1619380455
temp=52.1'C
1619380456
temp=52.6'C
1619380457
temp=52.1'C
1619380458
temp=52.6'C
1619380459
temp=52.6'C
1619380460
temp=52.6'C
1619380462
temp=52.6'C
1619380463
temp=52.6'C
1619380464
temp=53.2'C
1619380465
temp=52.6'C
1619380466
temp=52.6'C
1619380467
temp=53.2'C
1619380468
temp=53.7'C
1619380469
temp=53.2'C
1619380470
temp=53.2'C
1619380471
temp=53.7'C
1619380472
temp=53.7'C
1619380473
temp=53.7'C
1619380474
temp=53.7'C
1619380475
temp=53.7'C
1619380476
temp=53.7'C
1619380477
temp=53.7'C
1619380479
temp=53.7'C
1619380480
temp=53.7'C
1619380481
temp=53.7'C
1619380482
temp=54.2'C
1619380483
temp=53.7'C
1619380484
temp=54.2'C
1619380485
temp=54.2'C
1619380486
temp=54.8'C
1619380487
temp=54.8'C
1619380488
temp=53.7'C
1619380489
temp=54.2'C
1619380490
temp=54.8'C
1619380491
temp=54.8'C
1619380492
temp=54.8'C
1619380493
temp=55.3'C
1619380494
temp=54.8'C
1619380495
temp=55.3'C
1619380497
temp=55.8'C
1619380498
temp=55.3'C
1619380499
temp=54.8'C
1619380500
temp=55.3'C
1619380501
temp=54.8'C
1619380502
temp=55.3'C
1619380503
temp=55.8'C
1619380504
temp=55.8'C
1619380505
temp=55.8'C
1619380506
temp=56.4'C
1619380507
temp=55.8'C
1619380508
temp=55.8'C
1619380509
temp=55.8'C
1619380510
temp=56.4'C
1619380511
temp=55.8'C
1619380512
temp=55.8'C
1619380514
temp=55.8'C
1619380515
temp=55.8'C
1619380516
temp=56.4'C
1619380517
temp=56.9'C
1619380518
temp=56.4'C
1619380519
temp=57.5'C
1619380520
temp=56.4'C
1619380521
temp=56.4'C
1619380522
temp=56.4'C
1619380523
temp=56.4'C
1619380524
temp=56.9'C
1619380525
temp=56.9'C
1619380526
temp=56.9'C
1619380527
temp=56.4'C
1619380528
temp=56.9'C
1619380529
temp=56.9'C
1619380531
temp=56.9'C
1619380532
temp=56.9'C
1619380533
temp=56.9'C
1619380534
temp=57.5'C
1619380535
temp=57.5'C
1619380536
temp=57.5'C
1619380537
temp=57.5'C
1619380538
temp=58.0'C
1619380539
temp=57.5'C
1619380540
temp=58.0'C
1619380541
temp=58.0'C
1619380542
temp=58.0'C
1619380543
temp=58.0'C
1619380544
temp=58.0'C
1619380545
temp=58.0'C
1619380546
temp=57.5'C
1619380548
temp=58.0'C
1619380549
temp=58.0'C
1619380550
temp=58.0'C
1619380551
temp=58.0'C
1619380552
temp=58.0'C
1619380553
temp=58.0'C
1619380554
temp=58.0'C
1619380555
temp=58.0'C
1619380556
temp=58.0'C
1619380557
temp=58.5'C
1619380558
temp=58.0'C
1619380559
temp=58.0'C
1619380560
temp=58.5'C
1619380561
temp=58.5'C
1619380562
temp=58.5'C
1619380563
temp=58.5'C
1619380565
temp=59.1'C
1619380566
temp=58.5'C
1619380567
temp=59.1'C
1619380568
temp=59.1'C
1619380569
temp=58.5'C
1619380570
temp=58.5'C
1619380571
temp=59.1'C
1619380572
temp=58.5'C
1619380573
temp=59.1'C
1619380574
temp=59.1'C
1619380575
temp=59.1'C
1619380576
temp=59.6'C
1619380577
temp=59.1'C
1619380578
temp=59.1'C
1619380579
temp=59.1'C
1619380580
temp=59.1'C
1619380582
temp=59.1'C
1619380583
temp=59.6'C
1619380584
temp=59.6'C
1619380585
temp=59.6'C
1619380586
temp=59.6'C
1619380587
temp=60.1'C
1619380588
temp=59.1'C
1619380589
temp=59.6'C
1619380590
temp=60.1'C
1619380591
temp=60.1'C
1619380592
temp=59.6'C
1619380593
temp=60.1'C
1619380594
temp=59.6'C
1619380595
temp=60.1'C
1619380596
temp=60.1'C
1619380597
temp=60.1'C
1619380599
temp=60.1'C
1619380600
temp=60.1'C
1619380601
temp=59.1'C
1619380602
temp=60.1'C
1619380603
temp=60.7'C
1619380604
temp=60.1'C
1619380605
temp=60.1'C
1619380606
temp=60.1'C
1619380607
temp=60.7'C
1619380608
temp=60.7'C
1619380609
temp=60.7'C
1619380610
temp=60.7'C
1619380611
temp=60.7'C
1619380612
temp=60.7'C
1619380613
temp=60.1'C
1619380614
temp=60.7'C
1619380616
temp=60.7'C
1619380617
temp=60.7'C
1619380618
temp=60.7'C
1619380619
temp=61.2'C
1619380620
temp=60.7'C
1619380621
temp=61.2'C
1619380622
temp=61.2'C
1619380623
temp=61.2'C
1619380624
temp=61.2'C
1619380625
temp=61.2'C
1619380626
temp=61.2'C
1619380627
temp=61.2'C
1619380628
temp=61.2'C
1619380629
temp=61.2'C
1619380630
temp=60.7'C
1619380631
temp=61.2'C
1619380633
temp=61.2'C
1619380634
temp=61.2'C
1619380635
temp=61.2'C
1619380636
temp=61.2'C
1619380637
temp=61.2'C
1619380638
temp=61.8'C
1619380639
temp=61.2'C
1619380640
temp=61.8'C
1619380641
temp=61.2'C
1619380642
temp=61.2'C
