1619413636
temp=39.7'C
1619413637
temp=41.3'C
1619413638
temp=42.9'C
1619413639
temp=44.5'C
1619413640
temp=45.6'C
1619413641
temp=45.6'C
1619413642
temp=46.2'C
1619413643
temp=46.2'C
1619413645
temp=47.2'C
1619413646
temp=47.8'C
1619413647
temp=47.8'C
1619413648
temp=48.3'C
1619413649
temp=48.3'C
1619413650
temp=48.9'C
1619413651
temp=49.4'C
1619413652
temp=49.4'C
1619413653
temp=49.4'C
1619413654
temp=49.4'C
1619413655
temp=49.4'C
1619413656
temp=50.5'C
1619413657
temp=51.0'C
1619413658
temp=49.9'C
1619413659
temp=50.5'C
1619413660
temp=50.5'C
1619413662
temp=51.5'C
1619413663
temp=51.5'C
1619413664
temp=51.0'C
1619413665
temp=51.5'C
1619413666
temp=52.1'C
1619413667
temp=52.1'C
1619413668
temp=52.1'C
1619413669
temp=52.6'C
1619413670
temp=52.6'C
1619413671
temp=52.1'C
1619413672
temp=52.6'C
1619413673
temp=53.2'C
1619413674
temp=52.6'C
1619413675
temp=52.6'C
1619413676
temp=53.7'C
1619413677
temp=53.2'C
1619413679
temp=53.2'C
1619413680
temp=53.2'C
1619413681
temp=53.7'C
1619413682
temp=53.7'C
1619413683
temp=53.7'C
1619413684
temp=53.7'C
1619413685
temp=53.7'C
1619413686
temp=54.2'C
1619413687
temp=54.2'C
1619413688
temp=54.2'C
1619413689
temp=54.2'C
1619413690
temp=54.8'C
1619413691
temp=54.8'C
1619413692
temp=54.2'C
1619413693
temp=54.8'C
1619413694
temp=54.2'C
1619413696
temp=54.8'C
1619413697
temp=54.8'C
1619413698
temp=54.8'C
1619413699
temp=55.3'C
1619413700
temp=54.8'C
1619413701
temp=54.8'C
1619413702
temp=55.8'C
1619413703
temp=55.3'C
1619413704
temp=55.8'C
1619413705
temp=55.8'C
1619413706
temp=55.8'C
1619413707
temp=55.8'C
1619413708
temp=55.8'C
1619413709
temp=56.4'C
1619413710
temp=55.8'C
1619413711
temp=55.8'C
1619413713
temp=56.4'C
1619413714
temp=56.4'C
1619413715
temp=56.4'C
1619413716
temp=55.8'C
1619413717
temp=56.9'C
1619413718
temp=56.4'C
1619413719
temp=56.9'C
1619413720
temp=56.9'C
1619413721
temp=56.9'C
1619413722
temp=56.9'C
1619413723
temp=56.9'C
1619413724
temp=56.9'C
1619413725
temp=56.9'C
1619413726
temp=56.9'C
1619413727
temp=56.9'C
1619413728
temp=56.9'C
1619413729
temp=56.9'C
1619413731
temp=57.5'C
1619413732
temp=58.0'C
1619413733
temp=58.0'C
1619413734
temp=57.5'C
1619413735
temp=58.0'C
1619413736
temp=58.0'C
1619413737
temp=58.0'C
1619413738
temp=58.0'C
1619413739
temp=58.0'C
1619413740
temp=59.1'C
1619413741
temp=58.0'C
1619413742
temp=58.0'C
1619413743
temp=58.0'C
1619413744
temp=58.0'C
1619413745
temp=59.1'C
1619413746
temp=59.1'C
1619413748
temp=58.5'C
1619413749
temp=58.5'C
1619413750
temp=58.0'C
1619413751
temp=58.5'C
1619413752
temp=59.1'C
1619413753
temp=58.5'C
1619413754
temp=58.5'C
1619413755
temp=59.1'C
1619413756
temp=59.6'C
1619413757
temp=59.1'C
1619413758
temp=59.1'C
1619413759
temp=58.5'C
1619413760
temp=59.1'C
1619413761
temp=59.6'C
1619413762
temp=59.1'C
1619413763
temp=59.6'C
1619413765
temp=59.6'C
1619413766
temp=59.6'C
1619413767
temp=59.1'C
1619413768
temp=59.1'C
1619413769
temp=59.1'C
1619413770
temp=59.6'C
1619413771
temp=60.1'C
1619413772
temp=60.1'C
1619413773
temp=59.6'C
1619413774
temp=60.1'C
1619413775
temp=60.1'C
1619413776
temp=60.1'C
1619413777
temp=60.1'C
1619413778
temp=60.7'C
1619413779
temp=60.7'C
1619413780
temp=60.7'C
1619413782
temp=60.7'C
1619413783
temp=60.1'C
1619413784
temp=60.1'C
1619413785
temp=60.1'C
1619413786
temp=60.7'C
1619413787
temp=60.7'C
1619413788
temp=60.7'C
1619413789
temp=60.7'C
1619413790
temp=60.1'C
1619413791
temp=60.7'C
1619413792
temp=60.7'C
1619413793
temp=61.2'C
1619413794
temp=61.2'C
1619413795
temp=61.2'C
1619413796
temp=61.2'C
1619413797
temp=61.2'C
1619413799
temp=61.2'C
1619413800
temp=61.2'C
1619413801
temp=61.2'C
1619413802
temp=61.2'C
1619413803
temp=60.7'C
1619413804
temp=61.2'C
1619413805
temp=61.2'C
1619413806
temp=60.7'C
1619413807
temp=61.2'C
1619413808
temp=61.2'C
1619413809
temp=61.8'C
1619413810
temp=61.2'C
1619413811
temp=62.3'C
1619413812
temp=61.2'C
1619413813
temp=62.3'C
1619413814
temp=61.8'C
1619413816
temp=62.3'C
1619413817
temp=61.8'C
1619413818
temp=62.3'C
1619413819
temp=61.8'C
1619413820
temp=61.2'C
1619413821
temp=62.3'C
1619413822
temp=62.3'C
1619413823
temp=62.3'C
1619413824
temp=62.3'C
1619413825
temp=62.3'C
1619413826
temp=62.3'C
1619413827
temp=62.3'C
1619413828
temp=62.3'C
1619413829
temp=62.3'C
1619413830
temp=62.3'C
1619413832
temp=62.3'C
1619413833
temp=61.8'C
1619413834
temp=62.3'C
1619413835
temp=62.8'C
1619413836
temp=62.3'C
1619413837
temp=62.3'C
1619413838
temp=62.3'C
1619413839
temp=62.3'C
1619413840
temp=63.4'C
1619413841
temp=62.3'C
1619413842
temp=62.3'C
1619413843
temp=62.3'C
