1619381333
temp=44.0'C
1619381334
temp=45.6'C
1619381335
temp=47.2'C
1619381336
temp=48.3'C
1619381337
temp=49.4'C
1619381338
temp=50.5'C
1619381339
temp=50.5'C
1619381340
temp=50.5'C
1619381341
temp=51.5'C
1619381342
temp=52.6'C
1619381343
temp=52.6'C
1619381344
temp=52.6'C
1619381346
temp=52.6'C
1619381347
temp=53.7'C
1619381348
temp=53.7'C
1619381349
temp=53.7'C
1619381350
temp=53.7'C
1619381351
temp=53.7'C
1619381352
temp=54.2'C
1619381353
temp=54.2'C
1619381354
temp=54.8'C
1619381355
temp=54.8'C
1619381356
temp=54.8'C
1619381357
temp=54.8'C
1619381358
temp=55.3'C
1619381359
temp=55.8'C
1619381360
temp=55.8'C
1619381361
temp=54.8'C
1619381362
temp=55.8'C
1619381364
temp=55.8'C
1619381365
temp=56.4'C
1619381366
temp=55.8'C
1619381367
temp=56.4'C
1619381368
temp=56.4'C
1619381369
temp=56.9'C
1619381370
temp=56.9'C
1619381371
temp=56.9'C
1619381372
temp=56.9'C
1619381373
temp=56.9'C
1619381374
temp=57.5'C
1619381375
temp=57.5'C
1619381376
temp=56.9'C
1619381377
temp=58.0'C
1619381378
temp=58.0'C
1619381380
temp=57.5'C
1619381381
temp=58.0'C
1619381382
temp=58.0'C
1619381383
temp=58.0'C
1619381384
temp=58.0'C
1619381385
temp=58.0'C
1619381386
temp=58.0'C
1619381387
temp=58.0'C
1619381388
temp=58.0'C
1619381389
temp=58.0'C
1619381390
temp=58.5'C
1619381391
temp=58.5'C
1619381392
temp=58.5'C
1619381393
temp=59.1'C
1619381394
temp=59.1'C
1619381395
temp=59.1'C
1619381397
temp=59.1'C
1619381398
temp=59.1'C
1619381399
temp=59.6'C
1619381400
temp=59.1'C
1619381401
temp=59.1'C
1619381402
temp=59.1'C
1619381403
temp=59.6'C
1619381404
temp=59.1'C
1619381405
temp=59.1'C
1619381406
temp=59.6'C
1619381407
temp=60.1'C
1619381408
temp=59.6'C
1619381409
temp=59.1'C
1619381410
temp=59.6'C
1619381411
temp=60.1'C
1619381412
temp=60.1'C
1619381414
temp=60.1'C
1619381415
temp=60.1'C
1619381416
temp=60.1'C
1619381417
temp=60.1'C
1619381418
temp=60.7'C
1619381419
temp=60.1'C
1619381420
temp=60.1'C
1619381421
temp=60.1'C
1619381422
temp=60.7'C
1619381423
temp=60.1'C
1619381424
temp=61.2'C
1619381425
temp=60.7'C
1619381426
temp=60.1'C
1619381427
temp=61.2'C
1619381428
temp=61.2'C
1619381429
temp=61.2'C
1619381431
temp=60.7'C
1619381432
temp=61.2'C
1619381433
temp=61.2'C
1619381434
temp=61.2'C
1619381435
temp=61.2'C
1619381436
temp=61.8'C
1619381437
temp=61.2'C
1619381438
temp=61.2'C
1619381439
temp=61.2'C
1619381440
temp=61.8'C
1619381441
temp=61.8'C
1619381442
temp=62.3'C
1619381443
temp=62.3'C
1619381444
temp=61.8'C
1619381445
temp=62.3'C
1619381446
temp=62.3'C
1619381448
temp=62.3'C
1619381449
temp=61.2'C
1619381450
temp=61.8'C
1619381451
temp=62.3'C
1619381452
temp=61.8'C
1619381453
temp=62.3'C
1619381454
temp=62.3'C
1619381455
temp=61.8'C
1619381456
temp=62.3'C
1619381457
temp=62.3'C
1619381458
temp=62.3'C
1619381459
temp=62.8'C
1619381460
temp=62.3'C
1619381461
temp=63.4'C
1619381462
temp=62.8'C
1619381463
temp=62.3'C
1619381465
temp=62.8'C
1619381466
temp=62.8'C
1619381467
temp=62.3'C
1619381468
temp=62.3'C
1619381469
temp=62.3'C
1619381470
temp=62.8'C
1619381471
temp=62.8'C
1619381472
temp=63.4'C
1619381473
temp=63.4'C
1619381474
temp=62.8'C
1619381475
temp=62.8'C
1619381476
temp=63.9'C
1619381477
temp=63.4'C
1619381478
temp=63.4'C
1619381479
temp=63.4'C
1619381480
temp=63.4'C
1619381482
temp=63.4'C
1619381483
temp=63.4'C
1619381484
temp=63.4'C
1619381485
temp=63.4'C
1619381486
temp=63.4'C
1619381487
temp=63.9'C
1619381488
temp=63.4'C
1619381489
temp=63.4'C
1619381490
temp=63.9'C
1619381491
temp=63.4'C
1619381492
temp=64.5'C
1619381493
temp=63.4'C
1619381494
temp=63.4'C
1619381495
temp=63.4'C
1619381496
temp=63.9'C
1619381497
temp=63.4'C
1619381499
temp=63.4'C
1619381500
temp=63.4'C
1619381501
temp=64.5'C
1619381502
temp=63.4'C
1619381503
temp=63.9'C
1619381504
temp=64.5'C
1619381505
temp=64.5'C
1619381506
temp=63.9'C
1619381507
temp=63.9'C
1619381508
temp=63.9'C
1619381509
temp=64.5'C
1619381510
temp=64.5'C
1619381511
temp=65.0'C
1619381512
temp=64.5'C
1619381513
temp=64.5'C
1619381514
temp=64.5'C
1619381516
temp=64.5'C
1619381517
temp=64.5'C
1619381518
temp=64.5'C
1619381519
temp=64.5'C
1619381520
temp=65.0'C
1619381521
temp=64.5'C
1619381522
temp=64.5'C
1619381523
temp=65.0'C
1619381524
temp=65.0'C
1619381525
temp=64.5'C
1619381526
temp=65.0'C
1619381527
temp=64.5'C
1619381528
temp=65.0'C
1619381529
temp=65.0'C
1619381530
temp=65.0'C
1619381531
temp=65.0'C
1619381533
temp=65.0'C
1619381534
temp=64.5'C
1619381535
temp=65.0'C
1619381536
temp=65.0'C
1619381537
temp=65.5'C
1619381538
temp=65.5'C
1619381539
temp=65.0'C
1619381540
temp=65.0'C
1619381541
temp=65.5'C
1619381542
temp=65.0'C
1619381543
temp=65.0'C
1619381544
temp=65.5'C
1619381545
temp=65.5'C
1619381546
temp=65.5'C
1619381547
temp=65.0'C
1619381549
temp=65.0'C
1619381550
temp=65.5'C
1619381551
temp=65.5'C
1619381552
temp=65.5'C
1619381553
temp=64.5'C
1619381554
temp=65.5'C
1619381555
temp=65.5'C
1619381556
temp=65.5'C
1619381557
temp=65.5'C
1619381558
temp=65.5'C
1619381559
temp=65.5'C
1619381560
temp=66.1'C
1619381561
temp=65.5'C
1619381562
temp=66.1'C
1619381563
temp=65.5'C
1619381564
temp=65.5'C
1619381566
temp=65.5'C
1619381567
temp=65.5'C
1619381568
temp=65.5'C
1619381569
temp=65.5'C
1619381570
temp=66.1'C
1619381571
temp=66.1'C
1619381572
temp=65.5'C
1619381573
temp=65.5'C
1619381574
temp=66.1'C
1619381575
temp=65.5'C
1619381576
temp=65.5'C
1619381577
temp=66.1'C
1619381578
temp=65.5'C
1619381579
temp=66.1'C
1619381580
temp=66.1'C
1619381581
temp=66.6'C
1619381583
temp=66.1'C
1619381584
temp=65.5'C
1619381585
temp=66.1'C
1619381586
temp=66.1'C
1619381587
temp=66.6'C
1619381588
temp=66.1'C
1619381589
temp=66.6'C
1619381590
temp=66.6'C
1619381591
temp=66.6'C
1619381592
temp=66.6'C
1619381593
temp=65.5'C
1619381594
temp=66.6'C
1619381595
temp=66.6'C
1619381596
temp=66.6'C
1619381597
temp=66.6'C
1619381598
temp=66.6'C
1619381600
temp=66.6'C
