stress-ng: 22:10:36.86 debug: [18974] 64 processors online, 64 processors configured
stress-ng: 22:10:36.86 info:  [18974] bad_ioctl stressor will be skipped, need to be running without root privilege for this stressor
stress-ng: 22:10:36.86 info:  [18974] efivar stressor will be skipped, need to have access to EFI vars in /sys/firmware/efi/vars
stress-ng: 22:10:36.86 info:  [18974] exec stressor must not run as root, skipping the stressor
stress-ng: 22:10:36.87 info:  [18974] spawn stressor must not run as root, skipping the stressor
stress-ng: 22:10:36.87 info:  [18974] disabled 'bind-mount' as it may hang or reboot the machine (enable it with the --pathological option)
stress-ng: 22:10:36.87 info:  [18974] disabled 'cpu-online' as it may hang or reboot the machine (enable it with the --pathological option)
stress-ng: 22:10:36.87 info:  [18974] disabled 'mlockmany' as it may hang or reboot the machine (enable it with the --pathological option)
stress-ng: 22:10:36.87 info:  [18974] disabled 'oom-pipe' as it may hang or reboot the machine (enable it with the --pathological option)
stress-ng: 22:10:36.87 info:  [18974] disabled 'sysinval' as it may hang or reboot the machine (enable it with the --pathological option)
stress-ng: 22:10:36.87 info:  [18974] disabled 'watchdog' as it may hang or reboot the machine (enable it with the --pathological option)
stress-ng: 22:10:36.87 info:  [18974] defaulting to a 60 second run per stressor
stress-ng: 22:10:36.87 info:  [18974] dispatching hogs: 64 crypt, 64 malloc
stress-ng: 22:10:36.88 debug: [18974] cache allocate: default cache size: 40960K
stress-ng: 22:10:36.88 debug: [18974] starting stressors
stress-ng: 22:10:36.88 debug: [18976] stress-ng-crypt: started [18976] (instance 0)
stress-ng: 22:10:36.88 debug: [18977] stress-ng-crypt: started [18977] (instance 1)
stress-ng: 22:10:36.88 debug: [18978] stress-ng-crypt: started [18978] (instance 2)
stress-ng: 22:10:36.88 debug: [18979] stress-ng-crypt: started [18979] (instance 3)
stress-ng: 22:10:36.89 debug: [18980] stress-ng-crypt: started [18980] (instance 4)
stress-ng: 22:10:36.89 debug: [18981] stress-ng-crypt: started [18981] (instance 5)
stress-ng: 22:10:36.89 debug: [18982] stress-ng-crypt: started [18982] (instance 6)
stress-ng: 22:10:36.89 debug: [18983] stress-ng-crypt: started [18983] (instance 7)
stress-ng: 22:10:36.89 debug: [18984] stress-ng-crypt: started [18984] (instance 8)
stress-ng: 22:10:36.89 debug: [18985] stress-ng-crypt: started [18985] (instance 9)
stress-ng: 22:10:36.89 debug: [18986] stress-ng-crypt: started [18986] (instance 10)
stress-ng: 22:10:36.89 debug: [18987] stress-ng-crypt: started [18987] (instance 11)
stress-ng: 22:10:36.89 debug: [18988] stress-ng-crypt: started [18988] (instance 12)
stress-ng: 22:10:36.89 debug: [18989] stress-ng-crypt: started [18989] (instance 13)
stress-ng: 22:10:36.89 debug: [18990] stress-ng-crypt: started [18990] (instance 14)
stress-ng: 22:10:36.89 debug: [18991] stress-ng-crypt: started [18991] (instance 15)
stress-ng: 22:10:36.89 debug: [18992] stress-ng-crypt: started [18992] (instance 16)
stress-ng: 22:10:36.89 debug: [18993] stress-ng-crypt: started [18993] (instance 17)
stress-ng: 22:10:36.89 debug: [18994] stress-ng-crypt: started [18994] (instance 18)
stress-ng: 22:10:36.89 debug: [18995] stress-ng-crypt: started [18995] (instance 19)
stress-ng: 22:10:36.89 debug: [18996] stress-ng-crypt: started [18996] (instance 20)
stress-ng: 22:10:36.89 debug: [18998] stress-ng-crypt: started [18998] (instance 22)
stress-ng: 22:10:36.89 debug: [18997] stress-ng-crypt: started [18997] (instance 21)
stress-ng: 22:10:36.89 debug: [18999] stress-ng-crypt: started [18999] (instance 23)
stress-ng: 22:10:36.89 debug: [19000] stress-ng-crypt: started [19000] (instance 24)
stress-ng: 22:10:36.89 debug: [19001] stress-ng-crypt: started [19001] (instance 25)
stress-ng: 22:10:36.89 debug: [19002] stress-ng-crypt: started [19002] (instance 26)
stress-ng: 22:10:36.89 debug: [19003] stress-ng-crypt: started [19003] (instance 27)
stress-ng: 22:10:36.89 debug: [19004] stress-ng-crypt: started [19004] (instance 28)
stress-ng: 22:10:36.89 debug: [19005] stress-ng-crypt: started [19005] (instance 29)
stress-ng: 22:10:36.89 debug: [19006] stress-ng-crypt: started [19006] (instance 30)
stress-ng: 22:10:36.89 debug: [18974] 64 stressors started
stress-ng: 22:10:36.90 debug: [19014] stress-ng-crypt: started [19014] (instance 38)
stress-ng: 22:10:36.90 debug: [19037] stress-ng-crypt: started [19037] (instance 61)
stress-ng: 22:10:36.90 debug: [19023] stress-ng-crypt: started [19023] (instance 47)
stress-ng: 22:10:36.90 debug: [19017] stress-ng-crypt: started [19017] (instance 41)
stress-ng: 22:10:36.90 debug: [19031] stress-ng-crypt: started [19031] (instance 55)
stress-ng: 22:10:36.90 debug: [19032] stress-ng-crypt: started [19032] (instance 56)
stress-ng: 22:10:36.90 debug: [19029] stress-ng-crypt: started [19029] (instance 53)
stress-ng: 22:10:36.90 debug: [19033] stress-ng-crypt: started [19033] (instance 57)
stress-ng: 22:10:36.90 debug: [19034] stress-ng-crypt: started [19034] (instance 58)
stress-ng: 22:10:36.90 debug: [19025] stress-ng-crypt: started [19025] (instance 49)
stress-ng: 22:10:36.90 debug: [19035] stress-ng-crypt: started [19035] (instance 59)
stress-ng: 22:10:36.90 debug: [19030] stress-ng-crypt: started [19030] (instance 54)
stress-ng: 22:10:36.90 debug: [19026] stress-ng-crypt: started [19026] (instance 50)
stress-ng: 22:10:36.90 debug: [19036] stress-ng-crypt: started [19036] (instance 60)
stress-ng: 22:10:36.90 debug: [19024] stress-ng-crypt: started [19024] (instance 48)
stress-ng: 22:10:36.90 debug: [19018] stress-ng-crypt: started [19018] (instance 42)
stress-ng: 22:10:36.90 debug: [19011] stress-ng-crypt: started [19011] (instance 35)
stress-ng: 22:10:36.90 debug: [19008] stress-ng-crypt: started [19008] (instance 32)
stress-ng: 22:10:36.90 debug: [19013] stress-ng-crypt: started [19013] (instance 37)
stress-ng: 22:10:36.90 debug: [19012] stress-ng-crypt: started [19012] (instance 36)
stress-ng: 22:10:36.90 debug: [19010] stress-ng-crypt: started [19010] (instance 34)
stress-ng: 22:10:36.90 debug: [19027] stress-ng-crypt: started [19027] (instance 51)
stress-ng: 22:10:36.90 debug: [19022] stress-ng-crypt: started [19022] (instance 46)
stress-ng: 22:10:36.90 debug: [19028] stress-ng-crypt: started [19028] (instance 52)
stress-ng: 22:10:36.90 debug: [19020] stress-ng-crypt: started [19020] (instance 44)
stress-ng: 22:10:36.90 debug: [19015] stress-ng-crypt: started [19015] (instance 39)
stress-ng: 22:10:36.90 debug: [19019] stress-ng-crypt: started [19019] (instance 43)
stress-ng: 22:10:36.90 debug: [19016] stress-ng-crypt: started [19016] (instance 40)
stress-ng: 22:10:36.90 debug: [19039] stress-ng-crypt: started [19039] (instance 63)
stress-ng: 22:10:36.90 debug: [19038] stress-ng-crypt: started [19038] (instance 62)
stress-ng: 22:10:36.90 debug: [19007] stress-ng-crypt: started [19007] (instance 31)
stress-ng: 22:10:36.90 debug: [19021] stress-ng-crypt: started [19021] (instance 45)
stress-ng: 22:10:36.91 debug: [19009] stress-ng-crypt: started [19009] (instance 33)
stress-ng: 22:11:36.89 debug: [18979] stress-ng-crypt: exited [18979] (instance 3)
stress-ng: 22:11:36.89 debug: [18978] stress-ng-crypt: exited [18978] (instance 2)
stress-ng: 22:11:36.89 debug: [18985] stress-ng-crypt: exited [18985] (instance 9)
stress-ng: 22:11:36.89 debug: [18981] stress-ng-crypt: exited [18981] (instance 5)
stress-ng: 22:11:36.89 debug: [18994] stress-ng-crypt: exited [18994] (instance 18)
stress-ng: 22:11:36.89 debug: [19004] stress-ng-crypt: exited [19004] (instance 28)
stress-ng: 22:11:36.89 debug: [18987] stress-ng-crypt: exited [18987] (instance 11)
stress-ng: 22:11:36.89 debug: [18991] stress-ng-crypt: exited [18991] (instance 15)
stress-ng: 22:11:36.89 debug: [18993] stress-ng-crypt: exited [18993] (instance 17)
stress-ng: 22:11:36.89 debug: [18980] stress-ng-crypt: exited [18980] (instance 4)
stress-ng: 22:11:36.89 debug: [18988] stress-ng-crypt: exited [18988] (instance 12)
stress-ng: 22:11:36.89 debug: [18986] stress-ng-crypt: exited [18986] (instance 10)
stress-ng: 22:11:36.89 debug: [18992] stress-ng-crypt: exited [18992] (instance 16)
stress-ng: 22:11:36.89 debug: [18983] stress-ng-crypt: exited [18983] (instance 7)
stress-ng: 22:11:36.89 debug: [18995] stress-ng-crypt: exited [18995] (instance 19)
stress-ng: 22:11:36.89 debug: [18997] stress-ng-crypt: exited [18997] (instance 21)
stress-ng: 22:11:36.89 debug: [18990] stress-ng-crypt: exited [18990] (instance 14)
stress-ng: 22:11:36.89 debug: [18989] stress-ng-crypt: exited [18989] (instance 13)
stress-ng: 22:11:36.89 debug: [19003] stress-ng-crypt: exited [19003] (instance 27)
stress-ng: 22:11:36.89 debug: [18999] stress-ng-crypt: exited [18999] (instance 23)
stress-ng: 22:11:36.90 debug: [18998] stress-ng-crypt: exited [18998] (instance 22)
stress-ng: 22:11:36.90 debug: [19002] stress-ng-crypt: exited [19002] (instance 26)
stress-ng: 22:11:36.90 debug: [19000] stress-ng-crypt: exited [19000] (instance 24)
stress-ng: 22:11:36.90 debug: [18982] stress-ng-crypt: exited [18982] (instance 6)
stress-ng: 22:11:36.90 debug: [18977] stress-ng-crypt: exited [18977] (instance 1)
stress-ng: 22:11:36.90 debug: [19001] stress-ng-crypt: exited [19001] (instance 25)
stress-ng: 22:11:36.90 debug: [19015] stress-ng-crypt: exited [19015] (instance 39)
stress-ng: 22:11:36.90 debug: [19027] stress-ng-crypt: exited [19027] (instance 51)
stress-ng: 22:11:36.90 debug: [19010] stress-ng-crypt: exited [19010] (instance 34)
stress-ng: 22:11:36.90 debug: [19022] stress-ng-crypt: exited [19022] (instance 46)
stress-ng: 22:11:36.90 debug: [19038] stress-ng-crypt: exited [19038] (instance 62)
stress-ng: 22:11:36.90 debug: [19005] stress-ng-crypt: exited [19005] (instance 29)
stress-ng: 22:11:36.90 debug: [19014] stress-ng-crypt: exited [19014] (instance 38)
stress-ng: 22:11:36.90 debug: [19033] stress-ng-crypt: exited [19033] (instance 57)
stress-ng: 22:11:36.90 debug: [19007] stress-ng-crypt: exited [19007] (instance 31)
stress-ng: 22:11:36.90 debug: [19021] stress-ng-crypt: exited [19021] (instance 45)
stress-ng: 22:11:36.90 debug: [19035] stress-ng-crypt: exited [19035] (instance 59)
stress-ng: 22:11:36.90 debug: [19039] stress-ng-crypt: exited [19039] (instance 63)
stress-ng: 22:11:36.90 debug: [19023] stress-ng-crypt: exited [19023] (instance 47)
stress-ng: 22:11:36.90 debug: [19017] stress-ng-crypt: exited [19017] (instance 41)
stress-ng: 22:11:36.90 debug: [19037] stress-ng-crypt: exited [19037] (instance 61)
stress-ng: 22:11:36.91 debug: [18996] stress-ng-crypt: exited [18996] (instance 20)
stress-ng: 22:11:36.91 debug: [19018] stress-ng-crypt: exited [19018] (instance 42)
stress-ng: 22:11:36.91 debug: [19031] stress-ng-crypt: exited [19031] (instance 55)
stress-ng: 22:11:36.91 debug: [19008] stress-ng-crypt: exited [19008] (instance 32)
stress-ng: 22:11:36.91 debug: [18976] stress-ng-crypt: exited [18976] (instance 0)
stress-ng: 22:11:36.91 debug: [19024] stress-ng-crypt: exited [19024] (instance 48)
stress-ng: 22:11:36.91 debug: [18974] process [18976] terminated
stress-ng: 22:11:36.91 debug: [18974] process [18977] terminated
stress-ng: 22:11:36.91 debug: [18974] process [18979] terminated
stress-ng: 22:11:36.91 debug: [18974] process [18980] terminated
stress-ng: 22:11:36.91 debug: [19009] stress-ng-crypt: exited [19009] (instance 33)
stress-ng: 22:11:36.91 debug: [18974] process [18981] terminated
stress-ng: 22:11:36.91 debug: [18974] process [18982] terminated
stress-ng: 22:11:36.91 debug: [18974] process [18983] terminated
stress-ng: 22:11:36.91 debug: [19034] stress-ng-crypt: exited [19034] (instance 58)
stress-ng: 22:11:36.91 debug: [19026] stress-ng-crypt: exited [19026] (instance 50)
stress-ng: 22:11:36.91 debug: [19025] stress-ng-crypt: exited [19025] (instance 49)
stress-ng: 22:11:36.91 debug: [19030] stress-ng-crypt: exited [19030] (instance 54)
stress-ng: 22:11:36.91 debug: [19019] stress-ng-crypt: exited [19019] (instance 43)
stress-ng: 22:11:36.91 debug: [19006] stress-ng-crypt: exited [19006] (instance 30)
stress-ng: 22:11:36.91 debug: [19032] stress-ng-crypt: exited [19032] (instance 56)
stress-ng: 22:11:36.91 debug: [19036] stress-ng-crypt: exited [19036] (instance 60)
stress-ng: 22:11:36.91 debug: [19020] stress-ng-crypt: exited [19020] (instance 44)
stress-ng: 22:11:36.91 debug: [19011] stress-ng-crypt: exited [19011] (instance 35)
stress-ng: 22:11:36.92 debug: [19016] stress-ng-crypt: exited [19016] (instance 40)
stress-ng: 22:11:36.92 debug: [19029] stress-ng-crypt: exited [19029] (instance 53)
stress-ng: 22:11:36.92 debug: [19028] stress-ng-crypt: exited [19028] (instance 52)
stress-ng: 22:11:36.92 debug: [19012] stress-ng-crypt: exited [19012] (instance 36)
stress-ng: 22:11:36.92 debug: [18984] stress-ng-crypt: exited [18984] (instance 8)
stress-ng: 22:11:36.92 debug: [19013] stress-ng-crypt: exited [19013] (instance 37)
stress-ng: 22:11:36.92 debug: [18974] process [18984] terminated
stress-ng: 22:11:36.92 debug: [18974] process [18985] terminated
stress-ng: 22:11:36.92 debug: [18974] process [18986] terminated
stress-ng: 22:11:36.92 debug: [18974] process [18987] terminated
stress-ng: 22:11:36.92 debug: [18974] process [18988] terminated
stress-ng: 22:11:36.92 debug: [18974] process [18989] terminated
stress-ng: 22:11:36.92 debug: [18974] process [18990] terminated
stress-ng: 22:11:36.92 debug: [18974] process [18991] terminated
stress-ng: 22:11:36.92 debug: [18974] process [18992] terminated
stress-ng: 22:11:36.92 debug: [18974] process [18993] terminated
stress-ng: 22:11:36.92 debug: [18974] process [18994] terminated
stress-ng: 22:11:36.92 debug: [18974] process [18995] terminated
stress-ng: 22:11:36.92 debug: [18974] process [18996] terminated
stress-ng: 22:11:36.92 debug: [18974] process [18997] terminated
stress-ng: 22:11:36.92 debug: [18974] process [18998] terminated
stress-ng: 22:11:36.92 debug: [18974] process [18999] terminated
stress-ng: 22:11:36.92 debug: [18974] process [19000] terminated
stress-ng: 22:11:36.92 debug: [18974] process [19001] terminated
stress-ng: 22:11:36.92 debug: [18974] process [19002] terminated
stress-ng: 22:11:36.92 debug: [18974] process [19003] terminated
stress-ng: 22:11:36.92 debug: [18974] process [19004] terminated
stress-ng: 22:11:36.92 debug: [18974] process [19005] terminated
stress-ng: 22:11:36.92 debug: [18974] process [19006] terminated
stress-ng: 22:11:36.92 debug: [18974] process [19007] terminated
stress-ng: 22:11:36.92 debug: [18974] process [19008] terminated
stress-ng: 22:11:36.92 debug: [18974] process [19009] terminated
stress-ng: 22:11:36.92 debug: [18974] process [19010] terminated
stress-ng: 22:11:36.92 debug: [18974] process [19011] terminated
stress-ng: 22:11:36.92 debug: [18974] process [19012] terminated
stress-ng: 22:11:36.92 debug: [18974] process [19013] terminated
stress-ng: 22:11:36.92 debug: [18974] process [19014] terminated
stress-ng: 22:11:36.92 debug: [18974] process [19015] terminated
stress-ng: 22:11:36.92 debug: [18974] process [19016] terminated
stress-ng: 22:11:36.92 debug: [18974] process [19017] terminated
stress-ng: 22:11:36.92 debug: [18974] process [19018] terminated
stress-ng: 22:11:36.92 debug: [18974] process [19019] terminated
stress-ng: 22:11:36.92 debug: [18974] process [19020] terminated
stress-ng: 22:11:36.92 debug: [18974] process [19021] terminated
stress-ng: 22:11:36.92 debug: [18974] process [19022] terminated
stress-ng: 22:11:36.92 debug: [18974] process [19023] terminated
stress-ng: 22:11:36.92 debug: [18974] process [19024] terminated
stress-ng: 22:11:36.92 debug: [18974] process [19025] terminated
stress-ng: 22:11:36.92 debug: [18974] process [19026] terminated
stress-ng: 22:11:36.92 debug: [18974] process [19027] terminated
stress-ng: 22:11:36.92 debug: [18974] process [19028] terminated
stress-ng: 22:11:36.92 debug: [18974] process [19029] terminated
stress-ng: 22:11:36.92 debug: [18974] process [19030] terminated
stress-ng: 22:11:36.92 debug: [18974] process [19031] terminated
stress-ng: 22:11:36.92 debug: [18974] process [19032] terminated
stress-ng: 22:11:36.92 debug: [18974] process [19033] terminated
stress-ng: 22:11:36.92 debug: [18974] process [19034] terminated
stress-ng: 22:11:36.92 debug: [18974] process [19035] terminated
stress-ng: 22:11:36.92 debug: [18974] process [19036] terminated
stress-ng: 22:11:36.92 debug: [18974] process [19037] terminated
stress-ng: 22:11:36.92 debug: [18974] process [19038] terminated
stress-ng: 22:11:36.92 debug: [18974] process [19039] terminated
stress-ng: 22:11:36.92 debug: [18974] starting stressors
stress-ng: 22:11:36.92 debug: [19042] stress-ng-malloc: started [19042] (instance 0)
stress-ng: 22:11:36.92 debug: [19043] stress-ng-malloc: started [19043] (instance 1)
stress-ng: 22:11:36.92 debug: [19044] stress-ng-malloc: started [19044] (instance 2)
stress-ng: 22:11:36.92 debug: [19045] stress-ng-malloc: started [19045] (instance 3)
stress-ng: 22:11:36.92 debug: [19046] stress-ng-malloc: started [19046] (instance 4)
stress-ng: 22:11:36.92 debug: [19049] stress-ng-malloc: started [19049] (instance 5)
stress-ng: 22:11:36.92 debug: [19051] stress-ng-malloc: started [19051] (instance 6)
stress-ng: 22:11:36.92 debug: [19053] stress-ng-malloc: started [19053] (instance 7)
stress-ng: 22:11:36.92 debug: [19055] stress-ng-malloc: started [19055] (instance 8)
stress-ng: 22:11:36.92 debug: [19057] stress-ng-malloc: started [19057] (instance 9)
stress-ng: 22:11:36.93 debug: [19059] stress-ng-malloc: started [19059] (instance 10)
stress-ng: 22:11:36.93 debug: [19061] stress-ng-malloc: started [19061] (instance 11)
stress-ng: 22:11:36.93 debug: [19063] stress-ng-malloc: started [19063] (instance 12)
stress-ng: 22:11:36.93 debug: [19065] stress-ng-malloc: started [19065] (instance 13)
stress-ng: 22:11:36.93 debug: [19067] stress-ng-malloc: started [19067] (instance 14)
stress-ng: 22:11:36.93 debug: [19068] stress-ng-malloc: started [19068] (instance 15)
stress-ng: 22:11:36.93 debug: [19070] stress-ng-malloc: started [19070] (instance 16)
stress-ng: 22:11:36.93 debug: [19073] stress-ng-malloc: started [19073] (instance 17)
stress-ng: 22:11:36.93 debug: [19075] stress-ng-malloc: started [19075] (instance 18)
stress-ng: 22:11:36.93 debug: [19077] stress-ng-malloc: started [19077] (instance 19)
stress-ng: 22:11:36.93 debug: [19079] stress-ng-malloc: started [19079] (instance 20)
stress-ng: 22:11:36.93 debug: [19083] stress-ng-malloc: started [19083] (instance 22)
stress-ng: 22:11:36.93 debug: [19082] stress-ng-malloc: started [19082] (instance 21)
stress-ng: 22:11:36.93 debug: [19085] stress-ng-malloc: started [19085] (instance 23)
stress-ng: 22:11:36.93 debug: [19087] stress-ng-malloc: started [19087] (instance 24)
stress-ng: 22:11:36.93 debug: [19088] stress-ng-malloc: started [19088] (instance 25)
stress-ng: 22:11:36.93 debug: [19090] stress-ng-malloc: started [19090] (instance 26)
stress-ng: 22:11:36.93 debug: [19093] stress-ng-malloc: started [19093] (instance 27)
stress-ng: 22:11:36.93 debug: [19095] stress-ng-malloc: started [19095] (instance 28)
stress-ng: 22:11:36.93 debug: [19096] stress-ng-malloc: started [19096] (instance 29)
stress-ng: 22:11:36.93 debug: [19101] stress-ng-malloc: started [19101] (instance 31)
stress-ng: 22:11:36.93 debug: [19105] stress-ng-malloc: started [19105] (instance 33)
stress-ng: 22:11:36.93 debug: [19099] stress-ng-malloc: started [19099] (instance 30)
stress-ng: 22:11:36.93 debug: [19114] stress-ng-malloc: started [19114] (instance 39)
stress-ng: 22:11:36.93 debug: [19115] stress-ng-malloc: started [19115] (instance 40)
stress-ng: 22:11:36.93 debug: [19124] stress-ng-malloc: started [19124] (instance 49)
stress-ng: 22:11:36.93 debug: [19125] stress-ng-malloc: started [19125] (instance 50)
stress-ng: 22:11:36.94 debug: [19110] stress-ng-malloc: started [19110] (instance 36)
stress-ng: 22:11:36.94 debug: [19121] stress-ng-malloc: started [19121] (instance 46)
stress-ng: 22:11:36.94 debug: [19111] stress-ng-malloc: started [19111] (instance 37)
stress-ng: 22:11:36.94 debug: [19113] stress-ng-malloc: started [19113] (instance 38)
stress-ng: 22:11:36.94 debug: [19116] stress-ng-malloc: started [19116] (instance 41)
stress-ng: 22:11:36.94 debug: [19117] stress-ng-malloc: started [19117] (instance 42)
stress-ng: 22:11:36.94 debug: [19118] stress-ng-malloc: started [19118] (instance 43)
stress-ng: 22:11:36.94 debug: [19119] stress-ng-malloc: started [19119] (instance 44)
stress-ng: 22:11:36.94 debug: [19120] stress-ng-malloc: started [19120] (instance 45)
stress-ng: 22:11:36.94 debug: [19122] stress-ng-malloc: started [19122] (instance 47)
stress-ng: 22:11:36.94 debug: [19107] stress-ng-malloc: started [19107] (instance 34)
stress-ng: 22:11:36.94 debug: [19123] stress-ng-malloc: started [19123] (instance 48)
stress-ng: 22:11:36.94 debug: [19104] stress-ng-malloc: started [19104] (instance 32)
stress-ng: 22:11:36.94 debug: [19108] stress-ng-malloc: started [19108] (instance 35)
stress-ng: 22:11:36.94 debug: [19132] stress-ng-malloc: started [19132] (instance 53)
stress-ng: 22:11:36.94 debug: [19129] stress-ng-malloc: started [19129] (instance 52)
stress-ng: 22:11:36.94 debug: [19136] stress-ng-malloc: started [19136] (instance 54)
stress-ng: 22:11:36.94 debug: [19126] stress-ng-malloc: started [19126] (instance 51)
stress-ng: 22:11:36.94 debug: [19144] stress-ng-malloc: started [19144] (instance 55)
stress-ng: 22:11:36.94 debug: [19156] stress-ng-malloc: started [19156] (instance 58)
stress-ng: 22:11:36.94 debug: [19149] stress-ng-malloc: started [19149] (instance 56)
stress-ng: 22:11:36.94 debug: [19154] stress-ng-malloc: started [19154] (instance 57)
stress-ng: 22:11:36.94 debug: [19159] stress-ng-malloc: started [19159] (instance 61)
stress-ng: 22:11:36.94 debug: [19158] stress-ng-malloc: started [19158] (instance 60)
stress-ng: 22:11:36.94 debug: [18974] 64 stressors started
stress-ng: 22:11:36.94 debug: [19157] stress-ng-malloc: started [19157] (instance 59)
stress-ng: 22:11:36.94 debug: [19163] stress-ng-malloc: started [19163] (instance 63)
stress-ng: 22:11:36.94 debug: [19160] stress-ng-malloc: started [19160] (instance 62)
stress-ng: 22:12:03.86 debug: [19095] stress-ng-malloc: child died: signal 9 'SIGKILL' (instance 28)
stress-ng: 22:12:03.87 debug: [19095] stress-ng-malloc: assuming killed by OOM killer, restarting again (instance 28)
stress-ng: 22:12:05.26 debug: [19083] stress-ng-malloc: child died: signal 9 'SIGKILL' (instance 22)
stress-ng: 22:12:05.36 debug: [19083] stress-ng-malloc: assuming killed by OOM killer, restarting again (instance 22)
stress-ng: 22:12:06.17 debug: [19043] stress-ng-malloc: child died: signal 9 'SIGKILL' (instance 1)
stress-ng: 22:12:06.21 debug: [19043] stress-ng-malloc: assuming killed by OOM killer, restarting again (instance 1)
stress-ng: 22:12:07.77 debug: [19055] stress-ng-malloc: child died: signal 9 'SIGKILL' (instance 8)
stress-ng: 22:12:07.78 debug: [19055] stress-ng-malloc: assuming killed by OOM killer, restarting again (instance 8)
stress-ng: 22:12:09.15 debug: [19042] stress-ng-malloc: child died: signal 9 'SIGKILL' (instance 0)
stress-ng: 22:12:09.16 debug: [19042] stress-ng-malloc: assuming killed by OOM killer, restarting again (instance 0)
stress-ng: 22:12:10.83 debug: [19077] stress-ng-malloc: child died: signal 9 'SIGKILL' (instance 19)
stress-ng: 22:12:10.84 debug: [19077] stress-ng-malloc: assuming killed by OOM killer, restarting again (instance 19)
stress-ng: 22:12:12.40 debug: [19118] stress-ng-malloc: child died: signal 9 'SIGKILL' (instance 43)
stress-ng: 22:12:12.41 debug: [19118] stress-ng-malloc: assuming killed by OOM killer, restarting again (instance 43)
stress-ng: 22:12:14.24 debug: [19132] stress-ng-malloc: child died: signal 9 'SIGKILL' (instance 53)
stress-ng: 22:12:14.24 debug: [19132] stress-ng-malloc: assuming killed by OOM killer, restarting again (instance 53)
stress-ng: 22:12:16.90 debug: [19044] stress-ng-malloc: child died: signal 9 'SIGKILL' (instance 2)
stress-ng: 22:12:16.91 debug: [19044] stress-ng-malloc: assuming killed by OOM killer, restarting again (instance 2)
stress-ng: 22:12:17.04 debug: [19093] stress-ng-malloc: child died: signal 9 'SIGKILL' (instance 27)
stress-ng: 22:12:17.05 debug: [19093] stress-ng-malloc: assuming killed by OOM killer, restarting again (instance 27)
stress-ng: 22:12:18.67 debug: [19115] stress-ng-malloc: child died: signal 9 'SIGKILL' (instance 40)
stress-ng: 22:12:18.67 debug: [19115] stress-ng-malloc: assuming killed by OOM killer, restarting again (instance 40)
stress-ng: 22:12:20.16 debug: [19111] stress-ng-malloc: child died: signal 9 'SIGKILL' (instance 37)
stress-ng: 22:12:21.41 debug: [19111] stress-ng-malloc: assuming killed by OOM killer, restarting again (instance 37)
stress-ng: 22:12:22.53 debug: [19067] stress-ng-malloc: child died: signal 9 'SIGKILL' (instance 14)
stress-ng: 22:12:23.18 debug: [19067] stress-ng-malloc: assuming killed by OOM killer, restarting again (instance 14)
stress-ng: 22:12:23.45 debug: [19113] stress-ng-malloc: child died: signal 9 'SIGKILL' (instance 38)
stress-ng: 22:12:23.46 debug: [19113] stress-ng-malloc: assuming killed by OOM killer, restarting again (instance 38)
stress-ng: 22:12:25.63 debug: [19079] stress-ng-malloc: child died: signal 9 'SIGKILL' (instance 20)
stress-ng: 22:12:25.64 debug: [19079] stress-ng-malloc: assuming killed by OOM killer, restarting again (instance 20)
stress-ng: 22:12:26.93 debug: [19087] stress-ng-malloc: child died: signal 9 'SIGKILL' (instance 24)
stress-ng: 22:12:26.93 debug: [19087] stress-ng-malloc: assuming killed by OOM killer, restarting again (instance 24)
stress-ng: 22:12:28.28 debug: [19051] stress-ng-malloc: child died: signal 9 'SIGKILL' (instance 6)
stress-ng: 22:12:28.29 debug: [19051] stress-ng-malloc: assuming killed by OOM killer, restarting again (instance 6)
stress-ng: 22:12:30.18 debug: [19046] stress-ng-malloc: child died: signal 9 'SIGKILL' (instance 4)
stress-ng: 22:12:30.19 debug: [19046] stress-ng-malloc: assuming killed by OOM killer, restarting again (instance 4)
stress-ng: 22:12:31.84 debug: [19159] stress-ng-malloc: child died: signal 9 'SIGKILL' (instance 61)
stress-ng: 22:12:31.85 debug: [19159] stress-ng-malloc: assuming killed by OOM killer, restarting again (instance 61)
stress-ng: 22:12:33.49 debug: [19088] stress-ng-malloc: child died: signal 9 'SIGKILL' (instance 25)
stress-ng: 22:12:34.56 debug: [19088] stress-ng-malloc: assuming killed by OOM killer, restarting again (instance 25)
stress-ng: 22:12:34.75 debug: [19099] stress-ng-malloc: child died: signal 9 'SIGKILL' (instance 30)
stress-ng: 22:12:34.75 debug: [19099] stress-ng-malloc: assuming killed by OOM killer, restarting again (instance 30)
stress-ng: 22:12:36.87 debug: [19065] stress-ng-malloc: child died: signal 9 'SIGKILL' (instance 13)
stress-ng: 22:12:36.88 debug: [19065] stress-ng-malloc: assuming killed by OOM killer, restarting again (instance 13)
stress-ng: 22:12:36.93 debug: [19065] stress-ng-malloc: OOM restarts: 1, SIGSEGV restarts: 0, SIGBUS restarts: 0
stress-ng: 22:12:36.93 debug: [19065] stress-ng-malloc: exited [19065] (instance 13)
stress-ng: 22:12:36.96 debug: [19159] stress-ng-malloc: OOM restarts: 1, SIGSEGV restarts: 0, SIGBUS restarts: 0
stress-ng: 22:12:36.96 debug: [19159] stress-ng-malloc: exited [19159] (instance 61)
stress-ng: 22:12:37.11 debug: [19157] stress-ng-malloc: exited [19157] (instance 59)
stress-ng: 22:12:37.33 debug: [19144] stress-ng-malloc: exited [19144] (instance 55)
stress-ng: 22:12:37.40 debug: [19053] stress-ng-malloc: exited [19053] (instance 7)
stress-ng: 22:12:37.43 debug: [19059] stress-ng-malloc: exited [19059] (instance 10)
stress-ng: 22:12:37.45 debug: [19115] stress-ng-malloc: OOM restarts: 1, SIGSEGV restarts: 0, SIGBUS restarts: 0
stress-ng: 22:12:37.45 debug: [19115] stress-ng-malloc: exited [19115] (instance 40)
stress-ng: 22:12:37.49 debug: [19099] stress-ng-malloc: OOM restarts: 1, SIGSEGV restarts: 0, SIGBUS restarts: 0
stress-ng: 22:12:37.49 debug: [19099] stress-ng-malloc: exited [19099] (instance 30)
stress-ng: 22:12:37.51 debug: [19136] stress-ng-malloc: exited [19136] (instance 54)
stress-ng: 22:12:37.51 debug: [19156] stress-ng-malloc: exited [19156] (instance 58)
stress-ng: 22:12:37.57 debug: [19088] stress-ng-malloc: OOM restarts: 1, SIGSEGV restarts: 0, SIGBUS restarts: 0
stress-ng: 22:12:37.57 debug: [19088] stress-ng-malloc: exited [19088] (instance 25)
stress-ng: 22:12:37.61 debug: [19077] stress-ng-malloc: OOM restarts: 1, SIGSEGV restarts: 0, SIGBUS restarts: 0
stress-ng: 22:12:37.61 debug: [19077] stress-ng-malloc: exited [19077] (instance 19)
stress-ng: 22:12:37.69 debug: [19061] stress-ng-malloc: exited [19061] (instance 11)
stress-ng: 22:12:37.69 debug: [19070] stress-ng-malloc: exited [19070] (instance 16)
stress-ng: 22:12:37.70 debug: [19082] stress-ng-malloc: exited [19082] (instance 21)
stress-ng: 22:12:37.70 debug: [19042] stress-ng-malloc: OOM restarts: 1, SIGSEGV restarts: 0, SIGBUS restarts: 0
stress-ng: 22:12:37.70 debug: [19042] stress-ng-malloc: exited [19042] (instance 0)
stress-ng: 22:12:37.71 debug: [18974] process [19042] terminated
stress-ng: 22:12:37.84 debug: [19079] stress-ng-malloc: OOM restarts: 1, SIGSEGV restarts: 0, SIGBUS restarts: 0
stress-ng: 22:12:37.84 debug: [19079] stress-ng-malloc: exited [19079] (instance 20)
stress-ng: 22:12:37.89 debug: [19044] stress-ng-malloc: OOM restarts: 1, SIGSEGV restarts: 0, SIGBUS restarts: 0
stress-ng: 22:12:37.89 debug: [19044] stress-ng-malloc: exited [19044] (instance 2)
stress-ng: 22:12:37.90 debug: [19121] stress-ng-malloc: exited [19121] (instance 46)
stress-ng: 22:12:37.92 debug: [19118] stress-ng-malloc: OOM restarts: 1, SIGSEGV restarts: 0, SIGBUS restarts: 0
stress-ng: 22:12:37.92 debug: [19118] stress-ng-malloc: exited [19118] (instance 43)
stress-ng: 22:12:37.92 debug: [19063] stress-ng-malloc: exited [19063] (instance 12)
stress-ng: 22:12:38.42 debug: [19051] stress-ng-malloc: OOM restarts: 1, SIGSEGV restarts: 0, SIGBUS restarts: 0
stress-ng: 22:12:38.42 debug: [19055] stress-ng-malloc: OOM restarts: 1, SIGSEGV restarts: 0, SIGBUS restarts: 0
stress-ng: 22:12:38.42 debug: [19051] stress-ng-malloc: exited [19051] (instance 6)
stress-ng: 22:12:38.43 debug: [19055] stress-ng-malloc: exited [19055] (instance 8)
stress-ng: 22:12:38.43 debug: [19049] stress-ng-malloc: exited [19049] (instance 5)
stress-ng: 22:12:38.43 debug: [19083] stress-ng-malloc: OOM restarts: 1, SIGSEGV restarts: 0, SIGBUS restarts: 0
stress-ng: 22:12:38.43 debug: [19083] stress-ng-malloc: exited [19083] (instance 22)
stress-ng: 22:12:38.43 debug: [19073] stress-ng-malloc: exited [19073] (instance 17)
stress-ng: 22:12:38.43 debug: [19075] stress-ng-malloc: exited [19075] (instance 18)
stress-ng: 22:12:38.43 debug: [19093] stress-ng-malloc: OOM restarts: 1, SIGSEGV restarts: 0, SIGBUS restarts: 0
stress-ng: 22:12:38.43 debug: [19093] stress-ng-malloc: exited [19093] (instance 27)
stress-ng: 22:12:38.43 debug: [19068] stress-ng-malloc: exited [19068] (instance 15)
stress-ng: 22:12:38.43 debug: [19101] stress-ng-malloc: exited [19101] (instance 31)
stress-ng: 22:12:38.43 debug: [19045] stress-ng-malloc: exited [19045] (instance 3)
stress-ng: 22:12:38.43 debug: [19085] stress-ng-malloc: exited [19085] (instance 23)
stress-ng: 22:12:38.43 debug: [19105] stress-ng-malloc: exited [19105] (instance 33)
stress-ng: 22:12:38.44 debug: [19113] stress-ng-malloc: OOM restarts: 1, SIGSEGV restarts: 0, SIGBUS restarts: 0
stress-ng: 22:12:38.44 debug: [19113] stress-ng-malloc: exited [19113] (instance 38)
stress-ng: 22:12:38.44 debug: [19043] stress-ng-malloc: OOM restarts: 1, SIGSEGV restarts: 0, SIGBUS restarts: 0
stress-ng: 22:12:38.44 debug: [19043] stress-ng-malloc: exited [19043] (instance 1)
stress-ng: 22:12:38.43 debug: [19124] stress-ng-malloc: exited [19124] (instance 49)
stress-ng: 22:12:38.44 debug: [18974] process [19043] terminated
stress-ng: 22:12:38.44 debug: [18974] process [19044] terminated
stress-ng: 22:12:38.44 debug: [18974] process [19045] terminated
stress-ng: 22:12:38.44 debug: [19119] stress-ng-malloc: exited [19119] (instance 44)
stress-ng: 22:12:38.44 debug: [19123] stress-ng-malloc: exited [19123] (instance 48)
stress-ng: 22:12:38.44 debug: [19107] stress-ng-malloc: exited [19107] (instance 34)
stress-ng: 22:12:38.44 debug: [19122] stress-ng-malloc: exited [19122] (instance 47)
stress-ng: 22:12:38.44 debug: [19129] stress-ng-malloc: exited [19129] (instance 52)
stress-ng: 22:12:38.44 debug: [19154] stress-ng-malloc: exited [19154] (instance 57)
stress-ng: 22:12:38.44 debug: [19116] stress-ng-malloc: exited [19116] (instance 41)
stress-ng: 22:12:38.44 debug: [19125] stress-ng-malloc: exited [19125] (instance 50)
stress-ng: 22:12:38.44 debug: [19120] stress-ng-malloc: exited [19120] (instance 45)
stress-ng: 22:12:38.44 debug: [19160] stress-ng-malloc: exited [19160] (instance 62)
stress-ng: 22:12:38.53 debug: [19090] stress-ng-malloc: exited [19090] (instance 26)
stress-ng: 22:12:38.60 debug: [19096] stress-ng-malloc: exited [19096] (instance 29)
stress-ng: 22:12:38.60 debug: [19104] stress-ng-malloc: exited [19104] (instance 32)
stress-ng: 22:12:38.63 debug: [19057] stress-ng-malloc: exited [19057] (instance 9)
stress-ng: 22:12:38.63 debug: [19067] stress-ng-malloc: OOM restarts: 1, SIGSEGV restarts: 0, SIGBUS restarts: 0
stress-ng: 22:12:38.63 debug: [19067] stress-ng-malloc: exited [19067] (instance 14)
stress-ng: 22:12:38.66 debug: [19163] stress-ng-malloc: exited [19163] (instance 63)
stress-ng: 22:12:38.66 debug: [19046] stress-ng-malloc: OOM restarts: 1, SIGSEGV restarts: 0, SIGBUS restarts: 0
stress-ng: 22:12:38.66 debug: [19046] stress-ng-malloc: exited [19046] (instance 4)
stress-ng: 22:12:38.66 debug: [18974] process [19046] terminated
stress-ng: 22:12:38.66 debug: [18974] process [19049] terminated
stress-ng: 22:12:38.66 debug: [18974] process [19051] terminated
stress-ng: 22:12:38.66 debug: [18974] process [19053] terminated
stress-ng: 22:12:38.66 debug: [18974] process [19055] terminated
stress-ng: 22:12:38.66 debug: [18974] process [19057] terminated
stress-ng: 22:12:38.66 debug: [18974] process [19059] terminated
stress-ng: 22:12:38.66 debug: [18974] process [19061] terminated
stress-ng: 22:12:38.66 debug: [18974] process [19063] terminated
stress-ng: 22:12:38.66 debug: [18974] process [19067] terminated
stress-ng: 22:12:38.66 debug: [18974] process [19068] terminated
stress-ng: 22:12:38.66 debug: [18974] process [19070] terminated
stress-ng: 22:12:38.66 debug: [18974] process [19073] terminated
stress-ng: 22:12:38.66 debug: [18974] process [19075] terminated
stress-ng: 22:12:38.66 debug: [18974] process [19077] terminated
stress-ng: 22:12:38.66 debug: [18974] process [19079] terminated
stress-ng: 22:12:38.66 debug: [18974] process [19082] terminated
stress-ng: 22:12:38.66 debug: [18974] process [19083] terminated
stress-ng: 22:12:38.66 debug: [18974] process [19085] terminated
stress-ng: 22:12:38.67 debug: [19132] stress-ng-malloc: OOM restarts: 1, SIGSEGV restarts: 0, SIGBUS restarts: 0
stress-ng: 22:12:38.67 debug: [19132] stress-ng-malloc: exited [19132] (instance 53)
stress-ng: 22:12:38.70 debug: [19158] stress-ng-malloc: exited [19158] (instance 60)
stress-ng: 22:12:38.74 debug: [19108] stress-ng-malloc: exited [19108] (instance 35)
stress-ng: 22:12:38.81 debug: [19149] stress-ng-malloc: exited [19149] (instance 56)
stress-ng: 22:12:38.83 debug: [19087] stress-ng-malloc: OOM restarts: 1, SIGSEGV restarts: 0, SIGBUS restarts: 0
stress-ng: 22:12:38.83 debug: [19087] stress-ng-malloc: exited [19087] (instance 24)
stress-ng: 22:12:38.83 debug: [18974] process [19087] terminated
stress-ng: 22:12:38.83 debug: [18974] process [19088] terminated
stress-ng: 22:12:38.83 debug: [18974] process [19090] terminated
stress-ng: 22:12:38.83 debug: [18974] process [19093] terminated
stress-ng: 22:12:38.84 debug: [19111] stress-ng-malloc: OOM restarts: 1, SIGSEGV restarts: 0, SIGBUS restarts: 0
stress-ng: 22:12:38.84 debug: [19111] stress-ng-malloc: exited [19111] (instance 37)
stress-ng: 22:12:38.86 debug: [19095] stress-ng-malloc: OOM restarts: 1, SIGSEGV restarts: 0, SIGBUS restarts: 0
stress-ng: 22:12:38.86 debug: [19095] stress-ng-malloc: exited [19095] (instance 28)
stress-ng: 22:12:38.87 debug: [18974] process [19095] terminated
stress-ng: 22:12:38.87 debug: [18974] process [19096] terminated
stress-ng: 22:12:38.87 debug: [18974] process [19099] terminated
stress-ng: 22:12:38.87 debug: [18974] process [19101] terminated
stress-ng: 22:12:38.87 debug: [18974] process [19104] terminated
stress-ng: 22:12:38.87 debug: [18974] process [19105] terminated
stress-ng: 22:12:38.87 debug: [18974] process [19107] terminated
stress-ng: 22:12:38.87 debug: [18974] process [19108] terminated
stress-ng: 22:12:38.87 debug: [19110] stress-ng-malloc: exited [19110] (instance 36)
stress-ng: 22:12:38.87 debug: [18974] process [19110] terminated
stress-ng: 22:12:38.87 debug: [18974] process [19111] terminated
stress-ng: 22:12:38.87 debug: [18974] process [19113] terminated
stress-ng: 22:12:38.91 debug: [19126] stress-ng-malloc: exited [19126] (instance 51)
stress-ng: 22:12:39.44 debug: [19114] stress-ng-malloc: exited [19114] (instance 39)
stress-ng: 22:12:39.44 debug: [18974] process [19114] terminated
stress-ng: 22:12:39.44 debug: [18974] process [19115] terminated
stress-ng: 22:12:39.44 debug: [18974] process [19116] terminated
stress-ng: 22:12:41.51 debug: [19117] stress-ng-malloc: exited [19117] (instance 42)
stress-ng: 22:12:41.51 debug: [18974] process [19117] terminated
stress-ng: 22:12:41.51 debug: [18974] process [19118] terminated
stress-ng: 22:12:41.51 debug: [18974] process [19119] terminated
stress-ng: 22:12:41.51 debug: [18974] process [19120] terminated
stress-ng: 22:12:41.51 debug: [18974] process [19121] terminated
stress-ng: 22:12:41.51 debug: [18974] process [19122] terminated
stress-ng: 22:12:41.51 debug: [18974] process [19123] terminated
stress-ng: 22:12:41.51 debug: [18974] process [19124] terminated
stress-ng: 22:12:41.51 debug: [18974] process [19125] terminated
stress-ng: 22:12:41.51 debug: [18974] process [19126] terminated
stress-ng: 22:12:41.51 debug: [18974] process [19129] terminated
stress-ng: 22:12:41.51 debug: [18974] process [19132] terminated
stress-ng: 22:12:41.51 debug: [18974] process [19136] terminated
stress-ng: 22:12:41.51 debug: [18974] process [19144] terminated
stress-ng: 22:12:41.51 debug: [18974] process [19149] terminated
stress-ng: 22:12:41.51 debug: [18974] process [19154] terminated
stress-ng: 22:12:41.51 debug: [18974] process [19156] terminated
stress-ng: 22:12:41.51 debug: [18974] process [19157] terminated
stress-ng: 22:12:41.51 debug: [18974] process [19158] terminated
stress-ng: 22:12:41.51 debug: [18974] process [19159] terminated
stress-ng: 22:12:41.51 debug: [18974] process [19160] terminated
stress-ng: 22:12:41.51 debug: [18974] process [19163] terminated
stress-ng: 22:12:41.51 info:  [18974] successful run completed in 124.63s (2 mins, 4.63 secs)
stress-ng: 22:12:41.51 info:  [18974] stressor       bogo ops real time  usr time  sys time   bogo ops/s   bogo ops/s
stress-ng: 22:12:41.51 info:  [18974]                           (secs)    (secs)    (secs)   (real time) (usr+sys time)
stress-ng: 22:12:41.52 info:  [18974] crypt            224793     60.01   2428.64      3.82      3746.10        92.41
stress-ng: 22:12:41.52 info:  [18974] malloc             6120     61.35     72.85   1015.41        99.76         5.62
stress-ng: 22:12:41.52 debug: [18974] metrics-check: all stressor metrics validated and sane
stress-ng: 22:12:41.52 info:  [18974] for a 124.63s run time:
stress-ng: 22:12:41.52 info:  [18974]    7976.15s available CPU time
stress-ng: 22:12:41.52 info:  [18974]    2502.23s user time   ( 31.37%)
stress-ng: 22:12:41.52 info:  [18974]    1024.37s system time ( 12.84%)
stress-ng: 22:12:41.52 info:  [18974]    3526.60s total time  ( 44.21%)
stress-ng: 22:12:41.52 info:  [18974] load average: 54.05 21.95 11.14
