stress-ng: 21:48:31.08 debug: [18490] 64 processors online, 64 processors configured
stress-ng: 21:48:31.08 info:  [18490] bad_ioctl stressor will be skipped, need to be running without root privilege for this stressor
stress-ng: 21:48:31.08 info:  [18490] efivar stressor will be skipped, need to have access to EFI vars in /sys/firmware/efi/vars
stress-ng: 21:48:31.08 info:  [18490] exec stressor must not run as root, skipping the stressor
stress-ng: 21:48:31.08 info:  [18490] spawn stressor must not run as root, skipping the stressor
stress-ng: 21:48:31.08 info:  [18490] disabled 'bind-mount' as it may hang or reboot the machine (enable it with the --pathological option)
stress-ng: 21:48:31.08 info:  [18490] disabled 'cpu-online' as it may hang or reboot the machine (enable it with the --pathological option)
stress-ng: 21:48:31.08 info:  [18490] disabled 'mlockmany' as it may hang or reboot the machine (enable it with the --pathological option)
stress-ng: 21:48:31.08 info:  [18490] disabled 'oom-pipe' as it may hang or reboot the machine (enable it with the --pathological option)
stress-ng: 21:48:31.08 info:  [18490] disabled 'sysinval' as it may hang or reboot the machine (enable it with the --pathological option)
stress-ng: 21:48:31.08 info:  [18490] disabled 'watchdog' as it may hang or reboot the machine (enable it with the --pathological option)
stress-ng: 21:48:31.09 info:  [18490] defaulting to a 60 second run per stressor
stress-ng: 21:48:31.09 info:  [18490] dispatching hogs: 64 crypt, 64 malloc
stress-ng: 21:48:31.10 debug: [18490] cache allocate: default cache size: 40960K
stress-ng: 21:48:31.10 debug: [18490] starting stressors
stress-ng: 21:48:31.10 debug: [18492] stress-ng-crypt: started [18492] (instance 0)
stress-ng: 21:48:31.10 debug: [18493] stress-ng-crypt: started [18493] (instance 1)
stress-ng: 21:48:31.10 debug: [18494] stress-ng-crypt: started [18494] (instance 2)
stress-ng: 21:48:31.10 debug: [18495] stress-ng-crypt: started [18495] (instance 3)
stress-ng: 21:48:31.10 debug: [18496] stress-ng-crypt: started [18496] (instance 4)
stress-ng: 21:48:31.10 debug: [18497] stress-ng-crypt: started [18497] (instance 5)
stress-ng: 21:48:31.10 debug: [18498] stress-ng-crypt: started [18498] (instance 6)
stress-ng: 21:48:31.10 debug: [18499] stress-ng-crypt: started [18499] (instance 7)
stress-ng: 21:48:31.10 debug: [18500] stress-ng-crypt: started [18500] (instance 8)
stress-ng: 21:48:31.10 debug: [18501] stress-ng-crypt: started [18501] (instance 9)
stress-ng: 21:48:31.10 debug: [18502] stress-ng-crypt: started [18502] (instance 10)
stress-ng: 21:48:31.10 debug: [18503] stress-ng-crypt: started [18503] (instance 11)
stress-ng: 21:48:31.10 debug: [18504] stress-ng-crypt: started [18504] (instance 12)
stress-ng: 21:48:31.10 debug: [18505] stress-ng-crypt: started [18505] (instance 13)
stress-ng: 21:48:31.10 debug: [18506] stress-ng-crypt: started [18506] (instance 14)
stress-ng: 21:48:31.10 debug: [18507] stress-ng-crypt: started [18507] (instance 15)
stress-ng: 21:48:31.10 debug: [18509] stress-ng-crypt: started [18509] (instance 17)
stress-ng: 21:48:31.10 debug: [18508] stress-ng-crypt: started [18508] (instance 16)
stress-ng: 21:48:31.10 debug: [18510] stress-ng-crypt: started [18510] (instance 18)
stress-ng: 21:48:31.10 debug: [18511] stress-ng-crypt: started [18511] (instance 19)
stress-ng: 21:48:31.10 debug: [18512] stress-ng-crypt: started [18512] (instance 20)
stress-ng: 21:48:31.10 debug: [18513] stress-ng-crypt: started [18513] (instance 21)
stress-ng: 21:48:31.10 debug: [18516] stress-ng-crypt: started [18516] (instance 24)
stress-ng: 21:48:31.10 debug: [18517] stress-ng-crypt: started [18517] (instance 25)
stress-ng: 21:48:31.10 debug: [18514] stress-ng-crypt: started [18514] (instance 22)
stress-ng: 21:48:31.10 debug: [18518] stress-ng-crypt: started [18518] (instance 26)
stress-ng: 21:48:31.10 debug: [18515] stress-ng-crypt: started [18515] (instance 23)
stress-ng: 21:48:31.10 debug: [18519] stress-ng-crypt: started [18519] (instance 27)
stress-ng: 21:48:31.10 debug: [18520] stress-ng-crypt: started [18520] (instance 28)
stress-ng: 21:48:31.10 debug: [18521] stress-ng-crypt: started [18521] (instance 29)
stress-ng: 21:48:31.10 debug: [18522] stress-ng-crypt: started [18522] (instance 30)
stress-ng: 21:48:31.10 debug: [18523] stress-ng-crypt: started [18523] (instance 31)
stress-ng: 21:48:31.11 debug: [18534] stress-ng-crypt: started [18534] (instance 42)
stress-ng: 21:48:31.11 debug: [18535] stress-ng-crypt: started [18535] (instance 43)
stress-ng: 21:48:31.11 debug: [18542] stress-ng-crypt: started [18542] (instance 50)
stress-ng: 21:48:31.11 debug: [18525] stress-ng-crypt: started [18525] (instance 33)
stress-ng: 21:48:31.11 debug: [18543] stress-ng-crypt: started [18543] (instance 51)
stress-ng: 21:48:31.11 debug: [18527] stress-ng-crypt: started [18527] (instance 35)
stress-ng: 21:48:31.11 debug: [18490] 64 stressors started
stress-ng: 21:48:31.11 debug: [18553] stress-ng-crypt: started [18553] (instance 61)
stress-ng: 21:48:31.11 debug: [18552] stress-ng-crypt: started [18552] (instance 60)
stress-ng: 21:48:31.11 debug: [18528] stress-ng-crypt: started [18528] (instance 36)
stress-ng: 21:48:31.11 debug: [18555] stress-ng-crypt: started [18555] (instance 63)
stress-ng: 21:48:31.11 debug: [18554] stress-ng-crypt: started [18554] (instance 62)
stress-ng: 21:48:31.11 debug: [18529] stress-ng-crypt: started [18529] (instance 37)
stress-ng: 21:48:31.11 debug: [18531] stress-ng-crypt: started [18531] (instance 39)
stress-ng: 21:48:31.11 debug: [18532] stress-ng-crypt: started [18532] (instance 40)
stress-ng: 21:48:31.11 debug: [18540] stress-ng-crypt: started [18540] (instance 48)
stress-ng: 21:48:31.11 debug: [18541] stress-ng-crypt: started [18541] (instance 49)
stress-ng: 21:48:31.11 debug: [18524] stress-ng-crypt: started [18524] (instance 32)
stress-ng: 21:48:31.11 debug: [18526] stress-ng-crypt: started [18526] (instance 34)
stress-ng: 21:48:31.11 debug: [18536] stress-ng-crypt: started [18536] (instance 44)
stress-ng: 21:48:31.11 debug: [18545] stress-ng-crypt: started [18545] (instance 53)
stress-ng: 21:48:31.11 debug: [18537] stress-ng-crypt: started [18537] (instance 45)
stress-ng: 21:48:31.11 debug: [18544] stress-ng-crypt: started [18544] (instance 52)
stress-ng: 21:48:31.11 debug: [18546] stress-ng-crypt: started [18546] (instance 54)
stress-ng: 21:48:31.11 debug: [18530] stress-ng-crypt: started [18530] (instance 38)
stress-ng: 21:48:31.11 debug: [18533] stress-ng-crypt: started [18533] (instance 41)
stress-ng: 21:48:31.11 debug: [18538] stress-ng-crypt: started [18538] (instance 46)
stress-ng: 21:48:31.11 debug: [18539] stress-ng-crypt: started [18539] (instance 47)
stress-ng: 21:48:31.11 debug: [18549] stress-ng-crypt: started [18549] (instance 57)
stress-ng: 21:48:31.11 debug: [18547] stress-ng-crypt: started [18547] (instance 55)
stress-ng: 21:48:31.11 debug: [18548] stress-ng-crypt: started [18548] (instance 56)
stress-ng: 21:48:31.11 debug: [18551] stress-ng-crypt: started [18551] (instance 59)
stress-ng: 21:48:31.11 debug: [18550] stress-ng-crypt: started [18550] (instance 58)
stress-ng: 21:49:31.10 debug: [18493] stress-ng-crypt: exited [18493] (instance 1)
stress-ng: 21:49:31.10 debug: [18505] stress-ng-crypt: exited [18505] (instance 13)
stress-ng: 21:49:31.10 debug: [18513] stress-ng-crypt: exited [18513] (instance 21)
stress-ng: 21:49:31.10 debug: [18494] stress-ng-crypt: exited [18494] (instance 2)
stress-ng: 21:49:31.10 debug: [18508] stress-ng-crypt: exited [18508] (instance 16)
stress-ng: 21:49:31.10 debug: [18509] stress-ng-crypt: exited [18509] (instance 17)
stress-ng: 21:49:31.11 debug: [18496] stress-ng-crypt: exited [18496] (instance 4)
stress-ng: 21:49:31.11 debug: [18517] stress-ng-crypt: exited [18517] (instance 25)
stress-ng: 21:49:31.11 debug: [18512] stress-ng-crypt: exited [18512] (instance 20)
stress-ng: 21:49:31.11 debug: [18510] stress-ng-crypt: exited [18510] (instance 18)
stress-ng: 21:49:31.11 debug: [18522] stress-ng-crypt: exited [18522] (instance 30)
stress-ng: 21:49:31.11 debug: [18503] stress-ng-crypt: exited [18503] (instance 11)
stress-ng: 21:49:31.11 debug: [18501] stress-ng-crypt: exited [18501] (instance 9)
stress-ng: 21:49:31.11 debug: [18523] stress-ng-crypt: exited [18523] (instance 31)
stress-ng: 21:49:31.11 debug: [18504] stress-ng-crypt: exited [18504] (instance 12)
stress-ng: 21:49:31.11 debug: [18552] stress-ng-crypt: exited [18552] (instance 60)
stress-ng: 21:49:31.11 debug: [18531] stress-ng-crypt: exited [18531] (instance 39)
stress-ng: 21:49:31.11 debug: [18554] stress-ng-crypt: exited [18554] (instance 62)
stress-ng: 21:49:31.11 debug: [18534] stress-ng-crypt: exited [18534] (instance 42)
stress-ng: 21:49:31.11 debug: [18520] stress-ng-crypt: exited [18520] (instance 28)
stress-ng: 21:49:31.11 debug: [18518] stress-ng-crypt: exited [18518] (instance 26)
stress-ng: 21:49:31.11 debug: [18541] stress-ng-crypt: exited [18541] (instance 49)
stress-ng: 21:49:31.11 debug: [18506] stress-ng-crypt: exited [18506] (instance 14)
stress-ng: 21:49:31.11 debug: [18497] stress-ng-crypt: exited [18497] (instance 5)
stress-ng: 21:49:31.11 debug: [18538] stress-ng-crypt: exited [18538] (instance 46)
stress-ng: 21:49:31.11 debug: [18495] stress-ng-crypt: exited [18495] (instance 3)
stress-ng: 21:49:31.11 debug: [18549] stress-ng-crypt: exited [18549] (instance 57)
stress-ng: 21:49:31.11 debug: [18499] stress-ng-crypt: exited [18499] (instance 7)
stress-ng: 21:49:31.11 debug: [18521] stress-ng-crypt: exited [18521] (instance 29)
stress-ng: 21:49:31.11 debug: [18498] stress-ng-crypt: exited [18498] (instance 6)
stress-ng: 21:49:31.11 debug: [18525] stress-ng-crypt: exited [18525] (instance 33)
stress-ng: 21:49:31.11 debug: [18516] stress-ng-crypt: exited [18516] (instance 24)
stress-ng: 21:49:31.11 debug: [18545] stress-ng-crypt: exited [18545] (instance 53)
stress-ng: 21:49:31.11 debug: [18550] stress-ng-crypt: exited [18550] (instance 58)
stress-ng: 21:49:31.11 debug: [18544] stress-ng-crypt: exited [18544] (instance 52)
stress-ng: 21:49:31.11 debug: [18543] stress-ng-crypt: exited [18543] (instance 51)
stress-ng: 21:49:31.11 debug: [18551] stress-ng-crypt: exited [18551] (instance 59)
stress-ng: 21:49:31.11 debug: [18548] stress-ng-crypt: exited [18548] (instance 56)
stress-ng: 21:49:31.11 debug: [18527] stress-ng-crypt: exited [18527] (instance 35)
stress-ng: 21:49:31.11 debug: [18537] stress-ng-crypt: exited [18537] (instance 45)
stress-ng: 21:49:31.11 debug: [18547] stress-ng-crypt: exited [18547] (instance 55)
stress-ng: 21:49:31.11 debug: [18515] stress-ng-crypt: exited [18515] (instance 23)
stress-ng: 21:49:31.11 debug: [18532] stress-ng-crypt: exited [18532] (instance 40)
stress-ng: 21:49:31.11 debug: [18502] stress-ng-crypt: exited [18502] (instance 10)
stress-ng: 21:49:31.11 debug: [18546] stress-ng-crypt: exited [18546] (instance 54)
stress-ng: 21:49:31.11 debug: [18529] stress-ng-crypt: exited [18529] (instance 37)
stress-ng: 21:49:31.12 debug: [18539] stress-ng-crypt: exited [18539] (instance 47)
stress-ng: 21:49:31.12 debug: [18536] stress-ng-crypt: exited [18536] (instance 44)
stress-ng: 21:49:31.12 debug: [18530] stress-ng-crypt: exited [18530] (instance 38)
stress-ng: 21:49:31.12 debug: [18511] stress-ng-crypt: exited [18511] (instance 19)
stress-ng: 21:49:31.12 debug: [18514] stress-ng-crypt: exited [18514] (instance 22)
stress-ng: 21:49:31.12 debug: [18519] stress-ng-crypt: exited [18519] (instance 27)
stress-ng: 21:49:31.12 debug: [18528] stress-ng-crypt: exited [18528] (instance 36)
stress-ng: 21:49:31.12 debug: [18533] stress-ng-crypt: exited [18533] (instance 41)
stress-ng: 21:49:31.12 debug: [18492] stress-ng-crypt: exited [18492] (instance 0)
stress-ng: 21:49:31.12 debug: [18553] stress-ng-crypt: exited [18553] (instance 61)
stress-ng: 21:49:31.12 debug: [18490] process [18492] terminated
stress-ng: 21:49:31.12 debug: [18524] stress-ng-crypt: exited [18524] (instance 32)
stress-ng: 21:49:31.12 debug: [18490] process [18494] terminated
stress-ng: 21:49:31.12 debug: [18490] process [18495] terminated
stress-ng: 21:49:31.12 debug: [18490] process [18496] terminated
stress-ng: 21:49:31.12 debug: [18490] process [18497] terminated
stress-ng: 21:49:31.12 debug: [18490] process [18498] terminated
stress-ng: 21:49:31.12 debug: [18490] process [18499] terminated
stress-ng: 21:49:31.12 debug: [18535] stress-ng-crypt: exited [18535] (instance 43)
stress-ng: 21:49:31.12 debug: [18526] stress-ng-crypt: exited [18526] (instance 34)
stress-ng: 21:49:31.12 debug: [18540] stress-ng-crypt: exited [18540] (instance 48)
stress-ng: 21:49:31.12 debug: [18555] stress-ng-crypt: exited [18555] (instance 63)
stress-ng: 21:49:31.12 debug: [18542] stress-ng-crypt: exited [18542] (instance 50)
stress-ng: 21:49:31.13 debug: [18507] stress-ng-crypt: exited [18507] (instance 15)
stress-ng: 21:49:31.13 debug: [18500] stress-ng-crypt: exited [18500] (instance 8)
stress-ng: 21:49:31.13 debug: [18490] process [18500] terminated
stress-ng: 21:49:31.13 debug: [18490] process [18501] terminated
stress-ng: 21:49:31.13 debug: [18490] process [18502] terminated
stress-ng: 21:49:31.13 debug: [18490] process [18503] terminated
stress-ng: 21:49:31.13 debug: [18490] process [18504] terminated
stress-ng: 21:49:31.13 debug: [18490] process [18505] terminated
stress-ng: 21:49:31.13 debug: [18490] process [18506] terminated
stress-ng: 21:49:31.13 debug: [18490] process [18507] terminated
stress-ng: 21:49:31.13 debug: [18490] process [18508] terminated
stress-ng: 21:49:31.13 debug: [18490] process [18509] terminated
stress-ng: 21:49:31.13 debug: [18490] process [18510] terminated
stress-ng: 21:49:31.13 debug: [18490] process [18511] terminated
stress-ng: 21:49:31.13 debug: [18490] process [18512] terminated
stress-ng: 21:49:31.13 debug: [18490] process [18513] terminated
stress-ng: 21:49:31.13 debug: [18490] process [18514] terminated
stress-ng: 21:49:31.13 debug: [18490] process [18515] terminated
stress-ng: 21:49:31.13 debug: [18490] process [18516] terminated
stress-ng: 21:49:31.13 debug: [18490] process [18517] terminated
stress-ng: 21:49:31.13 debug: [18490] process [18518] terminated
stress-ng: 21:49:31.13 debug: [18490] process [18519] terminated
stress-ng: 21:49:31.13 debug: [18490] process [18520] terminated
stress-ng: 21:49:31.13 debug: [18490] process [18521] terminated
stress-ng: 21:49:31.13 debug: [18490] process [18522] terminated
stress-ng: 21:49:31.13 debug: [18490] process [18523] terminated
stress-ng: 21:49:31.13 debug: [18490] process [18524] terminated
stress-ng: 21:49:31.13 debug: [18490] process [18525] terminated
stress-ng: 21:49:31.13 debug: [18490] process [18526] terminated
stress-ng: 21:49:31.13 debug: [18490] process [18527] terminated
stress-ng: 21:49:31.13 debug: [18490] process [18528] terminated
stress-ng: 21:49:31.13 debug: [18490] process [18529] terminated
stress-ng: 21:49:31.13 debug: [18490] process [18530] terminated
stress-ng: 21:49:31.13 debug: [18490] process [18531] terminated
stress-ng: 21:49:31.13 debug: [18490] process [18532] terminated
stress-ng: 21:49:31.13 debug: [18490] process [18533] terminated
stress-ng: 21:49:31.13 debug: [18490] process [18534] terminated
stress-ng: 21:49:31.13 debug: [18490] process [18535] terminated
stress-ng: 21:49:31.13 debug: [18490] process [18536] terminated
stress-ng: 21:49:31.13 debug: [18490] process [18537] terminated
stress-ng: 21:49:31.13 debug: [18490] process [18538] terminated
stress-ng: 21:49:31.13 debug: [18490] process [18539] terminated
stress-ng: 21:49:31.13 debug: [18490] process [18540] terminated
stress-ng: 21:49:31.13 debug: [18490] process [18541] terminated
stress-ng: 21:49:31.13 debug: [18490] process [18542] terminated
stress-ng: 21:49:31.13 debug: [18490] process [18543] terminated
stress-ng: 21:49:31.13 debug: [18490] process [18544] terminated
stress-ng: 21:49:31.13 debug: [18490] process [18545] terminated
stress-ng: 21:49:31.13 debug: [18490] process [18546] terminated
stress-ng: 21:49:31.13 debug: [18490] process [18547] terminated
stress-ng: 21:49:31.13 debug: [18490] process [18548] terminated
stress-ng: 21:49:31.13 debug: [18490] process [18549] terminated
stress-ng: 21:49:31.13 debug: [18490] process [18550] terminated
stress-ng: 21:49:31.13 debug: [18490] process [18551] terminated
stress-ng: 21:49:31.13 debug: [18490] process [18552] terminated
stress-ng: 21:49:31.13 debug: [18490] process [18553] terminated
stress-ng: 21:49:31.13 debug: [18490] process [18554] terminated
stress-ng: 21:49:31.13 debug: [18490] process [18555] terminated
stress-ng: 21:49:31.13 debug: [18490] starting stressors
stress-ng: 21:49:31.13 debug: [18557] stress-ng-malloc: started [18557] (instance 0)
stress-ng: 21:49:31.13 debug: [18558] stress-ng-malloc: started [18558] (instance 1)
stress-ng: 21:49:31.13 debug: [18559] stress-ng-malloc: started [18559] (instance 2)
stress-ng: 21:49:31.13 debug: [18560] stress-ng-malloc: started [18560] (instance 3)
stress-ng: 21:49:31.13 debug: [18562] stress-ng-malloc: started [18562] (instance 4)
stress-ng: 21:49:31.13 debug: [18564] stress-ng-malloc: started [18564] (instance 5)
stress-ng: 21:49:31.13 debug: [18566] stress-ng-malloc: started [18566] (instance 6)
stress-ng: 21:49:31.13 debug: [18568] stress-ng-malloc: started [18568] (instance 7)
stress-ng: 21:49:31.13 debug: [18570] stress-ng-malloc: started [18570] (instance 8)
stress-ng: 21:49:31.13 debug: [18572] stress-ng-malloc: started [18572] (instance 9)
stress-ng: 21:49:31.13 debug: [18574] stress-ng-malloc: started [18574] (instance 10)
stress-ng: 21:49:31.13 debug: [18576] stress-ng-malloc: started [18576] (instance 11)
stress-ng: 21:49:31.13 debug: [18578] stress-ng-malloc: started [18578] (instance 12)
stress-ng: 21:49:31.13 debug: [18581] stress-ng-malloc: started [18581] (instance 13)
stress-ng: 21:49:31.13 debug: [18583] stress-ng-malloc: started [18583] (instance 14)
stress-ng: 21:49:31.13 debug: [18585] stress-ng-malloc: started [18585] (instance 15)
stress-ng: 21:49:31.13 debug: [18589] stress-ng-malloc: started [18589] (instance 17)
stress-ng: 21:49:31.13 debug: [18590] stress-ng-malloc: started [18590] (instance 18)
stress-ng: 21:49:31.13 debug: [18592] stress-ng-malloc: started [18592] (instance 19)
stress-ng: 21:49:31.13 debug: [18587] stress-ng-malloc: started [18587] (instance 16)
stress-ng: 21:49:31.13 debug: [18601] stress-ng-malloc: started [18601] (instance 25)
stress-ng: 21:49:31.13 debug: [18602] stress-ng-malloc: started [18602] (instance 26)
stress-ng: 21:49:31.13 debug: [18598] stress-ng-malloc: started [18598] (instance 23)
stress-ng: 21:49:31.13 debug: [18603] stress-ng-malloc: started [18603] (instance 27)
stress-ng: 21:49:31.13 debug: [18593] stress-ng-malloc: started [18593] (instance 20)
stress-ng: 21:49:31.13 debug: [18597] stress-ng-malloc: started [18597] (instance 22)
stress-ng: 21:49:31.13 debug: [18605] stress-ng-malloc: started [18605] (instance 28)
stress-ng: 21:49:31.13 debug: [18595] stress-ng-malloc: started [18595] (instance 21)
stress-ng: 21:49:31.14 debug: [18608] stress-ng-malloc: started [18608] (instance 29)
stress-ng: 21:49:31.14 debug: [18611] stress-ng-malloc: started [18611] (instance 30)
stress-ng: 21:49:31.14 debug: [18614] stress-ng-malloc: started [18614] (instance 31)
stress-ng: 21:49:31.14 debug: [18617] stress-ng-malloc: started [18617] (instance 32)
stress-ng: 21:49:31.14 debug: [18619] stress-ng-malloc: started [18619] (instance 33)
stress-ng: 21:49:31.14 debug: [18621] stress-ng-malloc: started [18621] (instance 34)
stress-ng: 21:49:31.14 debug: [18600] stress-ng-malloc: started [18600] (instance 24)
stress-ng: 21:49:31.14 debug: [18490] 64 stressors started
stress-ng: 21:49:31.15 debug: [18627] stress-ng-malloc: started [18627] (instance 38)
stress-ng: 21:49:31.15 debug: [18629] stress-ng-malloc: started [18629] (instance 39)
stress-ng: 21:49:31.15 debug: [18636] stress-ng-malloc: started [18636] (instance 45)
stress-ng: 21:49:31.15 debug: [18623] stress-ng-malloc: started [18623] (instance 35)
stress-ng: 21:49:31.15 debug: [18624] stress-ng-malloc: started [18624] (instance 36)
stress-ng: 21:49:31.15 debug: [18637] stress-ng-malloc: started [18637] (instance 46)
stress-ng: 21:49:31.15 debug: [18643] stress-ng-malloc: started [18643] (instance 52)
stress-ng: 21:49:31.15 debug: [18646] stress-ng-malloc: started [18646] (instance 55)
stress-ng: 21:49:31.15 debug: [18635] stress-ng-malloc: started [18635] (instance 44)
stress-ng: 21:49:31.15 debug: [18632] stress-ng-malloc: started [18632] (instance 41)
stress-ng: 21:49:31.15 debug: [18639] stress-ng-malloc: started [18639] (instance 48)
stress-ng: 21:49:31.15 debug: [18645] stress-ng-malloc: started [18645] (instance 54)
stress-ng: 21:49:31.15 debug: [18631] stress-ng-malloc: started [18631] (instance 40)
stress-ng: 21:49:31.15 debug: [18648] stress-ng-malloc: started [18648] (instance 57)
stress-ng: 21:49:31.15 debug: [18634] stress-ng-malloc: started [18634] (instance 43)
stress-ng: 21:49:31.15 debug: [18650] stress-ng-malloc: started [18650] (instance 59)
stress-ng: 21:49:31.15 debug: [18652] stress-ng-malloc: started [18652] (instance 61)
stress-ng: 21:49:31.15 debug: [18626] stress-ng-malloc: started [18626] (instance 37)
stress-ng: 21:49:31.16 debug: [18633] stress-ng-malloc: started [18633] (instance 42)
stress-ng: 21:49:31.16 debug: [18641] stress-ng-malloc: started [18641] (instance 50)
stress-ng: 21:49:31.16 debug: [18644] stress-ng-malloc: started [18644] (instance 53)
stress-ng: 21:49:31.16 debug: [18651] stress-ng-malloc: started [18651] (instance 60)
stress-ng: 21:49:31.16 debug: [18653] stress-ng-malloc: started [18653] (instance 62)
stress-ng: 21:49:31.15 debug: [18640] stress-ng-malloc: started [18640] (instance 49)
stress-ng: 21:49:31.15 debug: [18642] stress-ng-malloc: started [18642] (instance 51)
stress-ng: 21:49:31.15 debug: [18638] stress-ng-malloc: started [18638] (instance 47)
stress-ng: 21:49:31.16 debug: [18649] stress-ng-malloc: started [18649] (instance 58)
stress-ng: 21:49:31.16 debug: [18647] stress-ng-malloc: started [18647] (instance 56)
stress-ng: 21:49:31.15 debug: [18654] stress-ng-malloc: started [18654] (instance 63)
stress-ng: 21:49:58.51 debug: [18574] stress-ng-malloc: child died: signal 9 'SIGKILL' (instance 10)
stress-ng: 21:49:58.52 debug: [18574] stress-ng-malloc: assuming killed by OOM killer, restarting again (instance 10)
stress-ng: 21:50:01.75 debug: [18651] stress-ng-malloc: child died: signal 9 'SIGKILL' (instance 60)
stress-ng: 21:50:01.75 debug: [18651] stress-ng-malloc: assuming killed by OOM killer, restarting again (instance 60)
stress-ng: 21:50:03.96 debug: [18598] stress-ng-malloc: child died: signal 9 'SIGKILL' (instance 23)
stress-ng: 21:50:03.97 debug: [18598] stress-ng-malloc: assuming killed by OOM killer, restarting again (instance 23)
stress-ng: 21:50:05.79 debug: [18589] stress-ng-malloc: child died: signal 9 'SIGKILL' (instance 17)
stress-ng: 21:50:05.80 debug: [18589] stress-ng-malloc: assuming killed by OOM killer, restarting again (instance 17)
stress-ng: 21:50:09.25 debug: [18605] stress-ng-malloc: child died: signal 9 'SIGKILL' (instance 28)
stress-ng: 21:50:09.26 debug: [18605] stress-ng-malloc: assuming killed by OOM killer, restarting again (instance 28)
stress-ng: 21:50:11.39 debug: [18570] stress-ng-malloc: child died: signal 9 'SIGKILL' (instance 8)
stress-ng: 21:50:11.40 debug: [18570] stress-ng-malloc: assuming killed by OOM killer, restarting again (instance 8)
stress-ng: 21:50:11.59 debug: [18583] stress-ng-malloc: child died: signal 9 'SIGKILL' (instance 14)
stress-ng: 21:50:11.59 debug: [18583] stress-ng-malloc: assuming killed by OOM killer, restarting again (instance 14)
stress-ng: 21:50:12.64 debug: [18597] stress-ng-malloc: child died: signal 9 'SIGKILL' (instance 22)
stress-ng: 21:50:12.64 debug: [18597] stress-ng-malloc: assuming killed by OOM killer, restarting again (instance 22)
stress-ng: 21:50:13.92 debug: [18637] stress-ng-malloc: child died: signal 9 'SIGKILL' (instance 46)
stress-ng: 21:50:14.42 debug: [18637] stress-ng-malloc: assuming killed by OOM killer, restarting again (instance 46)
stress-ng: 21:50:15.18 debug: [18627] stress-ng-malloc: child died: signal 9 'SIGKILL' (instance 38)
stress-ng: 21:50:15.19 debug: [18627] stress-ng-malloc: assuming killed by OOM killer, restarting again (instance 38)
stress-ng: 21:50:16.56 debug: [18559] stress-ng-malloc: child died: signal 9 'SIGKILL' (instance 2)
stress-ng: 21:50:16.57 debug: [18559] stress-ng-malloc: assuming killed by OOM killer, restarting again (instance 2)
stress-ng: 21:50:19.05 debug: [18649] stress-ng-malloc: child died: signal 9 'SIGKILL' (instance 58)
stress-ng: 21:50:19.06 debug: [18649] stress-ng-malloc: assuming killed by OOM killer, restarting again (instance 58)
stress-ng: 21:50:20.26 debug: [18654] stress-ng-malloc: child died: signal 9 'SIGKILL' (instance 63)
stress-ng: 21:50:20.26 debug: [18654] stress-ng-malloc: assuming killed by OOM killer, restarting again (instance 63)
stress-ng: 21:50:22.22 debug: [18631] stress-ng-malloc: child died: signal 9 'SIGKILL' (instance 40)
stress-ng: 21:50:22.23 debug: [18631] stress-ng-malloc: assuming killed by OOM killer, restarting again (instance 40)
stress-ng: 21:50:24.43 debug: [18647] stress-ng-malloc: child died: signal 9 'SIGKILL' (instance 56)
stress-ng: 21:50:24.44 debug: [18647] stress-ng-malloc: assuming killed by OOM killer, restarting again (instance 56)
stress-ng: 21:50:25.53 debug: [18603] stress-ng-malloc: child died: signal 9 'SIGKILL' (instance 27)
stress-ng: 21:50:25.53 debug: [18603] stress-ng-malloc: assuming killed by OOM killer, restarting again (instance 27)
stress-ng: 21:50:26.67 debug: [18576] stress-ng-malloc: child died: signal 9 'SIGKILL' (instance 11)
stress-ng: 21:50:26.67 debug: [18576] stress-ng-malloc: assuming killed by OOM killer, restarting again (instance 11)
stress-ng: 21:50:28.49 debug: [18629] stress-ng-malloc: child died: signal 9 'SIGKILL' (instance 39)
stress-ng: 21:50:28.49 debug: [18629] stress-ng-malloc: assuming killed by OOM killer, restarting again (instance 39)
stress-ng: 21:50:29.45 debug: [18633] stress-ng-malloc: child died: signal 9 'SIGKILL' (instance 42)
stress-ng: 21:50:29.46 debug: [18633] stress-ng-malloc: assuming killed by OOM killer, restarting again (instance 42)
stress-ng: 21:50:30.57 debug: [18601] stress-ng-malloc: child died: signal 9 'SIGKILL' (instance 25)
stress-ng: 21:50:30.58 debug: [18601] stress-ng-malloc: assuming killed by OOM killer, restarting again (instance 25)
stress-ng: 21:50:31.37 debug: [18601] stress-ng-malloc: OOM restarts: 1, SIGSEGV restarts: 0, SIGBUS restarts: 0
stress-ng: 21:50:31.37 debug: [18601] stress-ng-malloc: exited [18601] (instance 25)
stress-ng: 21:50:31.39 debug: [18559] stress-ng-malloc: OOM restarts: 1, SIGSEGV restarts: 0, SIGBUS restarts: 0
stress-ng: 21:50:31.39 debug: [18559] stress-ng-malloc: exited [18559] (instance 2)
stress-ng: 21:50:31.40 debug: [18597] stress-ng-malloc: OOM restarts: 1, SIGSEGV restarts: 0, SIGBUS restarts: 0
stress-ng: 21:50:31.40 debug: [18597] stress-ng-malloc: exited [18597] (instance 22)
stress-ng: 21:50:31.51 debug: [18570] stress-ng-malloc: OOM restarts: 1, SIGSEGV restarts: 0, SIGBUS restarts: 0
stress-ng: 21:50:31.51 debug: [18570] stress-ng-malloc: exited [18570] (instance 8)
stress-ng: 21:50:31.58 debug: [18593] stress-ng-malloc: exited [18593] (instance 20)
stress-ng: 21:50:31.59 debug: [18617] stress-ng-malloc: exited [18617] (instance 32)
stress-ng: 21:50:31.60 debug: [18608] stress-ng-malloc: exited [18608] (instance 29)
stress-ng: 21:50:31.60 debug: [18602] stress-ng-malloc: exited [18602] (instance 26)
stress-ng: 21:50:31.82 debug: [18568] stress-ng-malloc: exited [18568] (instance 7)
stress-ng: 21:50:31.88 debug: [18644] stress-ng-malloc: exited [18644] (instance 53)
stress-ng: 21:50:31.90 debug: [18605] stress-ng-malloc: OOM restarts: 1, SIGSEGV restarts: 0, SIGBUS restarts: 0
stress-ng: 21:50:31.90 debug: [18605] stress-ng-malloc: exited [18605] (instance 28)
stress-ng: 21:50:31.91 debug: [18619] stress-ng-malloc: exited [18619] (instance 33)
stress-ng: 21:50:32.46 debug: [18638] stress-ng-malloc: exited [18638] (instance 47)
stress-ng: 21:50:32.56 debug: [18637] stress-ng-malloc: OOM restarts: 1, SIGSEGV restarts: 0, SIGBUS restarts: 0
stress-ng: 21:50:32.56 debug: [18637] stress-ng-malloc: exited [18637] (instance 46)
stress-ng: 21:50:32.59 debug: [18636] stress-ng-malloc: exited [18636] (instance 45)
stress-ng: 21:50:32.63 debug: [18574] stress-ng-malloc: OOM restarts: 1, SIGSEGV restarts: 0, SIGBUS restarts: 0
stress-ng: 21:50:32.63 debug: [18574] stress-ng-malloc: exited [18574] (instance 10)
stress-ng: 21:50:32.63 debug: [18576] stress-ng-malloc: OOM restarts: 1, SIGSEGV restarts: 0, SIGBUS restarts: 0
stress-ng: 21:50:32.63 debug: [18576] stress-ng-malloc: exited [18576] (instance 11)
stress-ng: 21:50:32.63 debug: [18583] stress-ng-malloc: OOM restarts: 1, SIGSEGV restarts: 0, SIGBUS restarts: 0
stress-ng: 21:50:32.63 debug: [18583] stress-ng-malloc: exited [18583] (instance 14)
stress-ng: 21:50:32.64 debug: [18611] stress-ng-malloc: exited [18611] (instance 30)
stress-ng: 21:50:32.63 debug: [18590] stress-ng-malloc: exited [18590] (instance 18)
stress-ng: 21:50:32.65 debug: [18587] stress-ng-malloc: exited [18587] (instance 16)
stress-ng: 21:50:32.67 debug: [18650] stress-ng-malloc: exited [18650] (instance 59)
stress-ng: 21:50:32.69 debug: [18562] stress-ng-malloc: exited [18562] (instance 4)
stress-ng: 21:50:32.70 debug: [18635] stress-ng-malloc: exited [18635] (instance 44)
stress-ng: 21:50:32.88 debug: [18558] stress-ng-malloc: exited [18558] (instance 1)
stress-ng: 21:50:32.92 debug: [18639] stress-ng-malloc: exited [18639] (instance 48)
stress-ng: 21:50:32.93 debug: [18581] stress-ng-malloc: exited [18581] (instance 13)
stress-ng: 21:50:32.94 debug: [18651] stress-ng-malloc: OOM restarts: 1, SIGSEGV restarts: 0, SIGBUS restarts: 0
stress-ng: 21:50:32.94 debug: [18651] stress-ng-malloc: exited [18651] (instance 60)
stress-ng: 21:50:32.99 debug: [18564] stress-ng-malloc: exited [18564] (instance 5)
stress-ng: 21:50:33.02 debug: [18560] stress-ng-malloc: exited [18560] (instance 3)
stress-ng: 21:50:33.04 debug: [18642] stress-ng-malloc: exited [18642] (instance 51)
stress-ng: 21:50:33.09 debug: [18589] stress-ng-malloc: OOM restarts: 1, SIGSEGV restarts: 0, SIGBUS restarts: 0
stress-ng: 21:50:33.09 debug: [18589] stress-ng-malloc: exited [18589] (instance 17)
stress-ng: 21:50:33.12 debug: [18645] stress-ng-malloc: exited [18645] (instance 54)
stress-ng: 21:50:33.13 debug: [18632] stress-ng-malloc: exited [18632] (instance 41)
stress-ng: 21:50:33.15 debug: [18634] stress-ng-malloc: exited [18634] (instance 43)
stress-ng: 21:50:33.23 debug: [18641] stress-ng-malloc: exited [18641] (instance 50)
stress-ng: 21:50:33.28 debug: [18629] stress-ng-malloc: OOM restarts: 1, SIGSEGV restarts: 0, SIGBUS restarts: 0
stress-ng: 21:50:33.28 debug: [18629] stress-ng-malloc: exited [18629] (instance 39)
stress-ng: 21:50:33.30 debug: [18631] stress-ng-malloc: OOM restarts: 1, SIGSEGV restarts: 0, SIGBUS restarts: 0
stress-ng: 21:50:33.30 debug: [18631] stress-ng-malloc: exited [18631] (instance 40)
stress-ng: 21:50:33.32 debug: [18648] stress-ng-malloc: exited [18648] (instance 57)
stress-ng: 21:50:33.34 debug: [18654] stress-ng-malloc: OOM restarts: 1, SIGSEGV restarts: 0, SIGBUS restarts: 0
stress-ng: 21:50:33.34 debug: [18654] stress-ng-malloc: exited [18654] (instance 63)
stress-ng: 21:50:33.34 debug: [18600] stress-ng-malloc: exited [18600] (instance 24)
stress-ng: 21:50:33.35 debug: [18627] stress-ng-malloc: OOM restarts: 1, SIGSEGV restarts: 0, SIGBUS restarts: 0
stress-ng: 21:50:33.35 debug: [18627] stress-ng-malloc: exited [18627] (instance 38)
stress-ng: 21:50:33.37 debug: [18623] stress-ng-malloc: exited [18623] (instance 35)
stress-ng: 21:50:33.38 debug: [18633] stress-ng-malloc: OOM restarts: 1, SIGSEGV restarts: 0, SIGBUS restarts: 0
stress-ng: 21:50:33.38 debug: [18633] stress-ng-malloc: exited [18633] (instance 42)
stress-ng: 21:50:33.39 debug: [18647] stress-ng-malloc: OOM restarts: 1, SIGSEGV restarts: 0, SIGBUS restarts: 0
stress-ng: 21:50:33.39 debug: [18647] stress-ng-malloc: exited [18647] (instance 56)
stress-ng: 21:50:33.59 debug: [18649] stress-ng-malloc: OOM restarts: 1, SIGSEGV restarts: 0, SIGBUS restarts: 0
stress-ng: 21:50:33.59 debug: [18649] stress-ng-malloc: exited [18649] (instance 58)
stress-ng: 21:50:33.63 debug: [18557] stress-ng-malloc: exited [18557] (instance 0)
stress-ng: 21:50:33.63 debug: [18585] stress-ng-malloc: exited [18585] (instance 15)
stress-ng: 21:50:33.63 debug: [18598] stress-ng-malloc: OOM restarts: 1, SIGSEGV restarts: 0, SIGBUS restarts: 0
stress-ng: 21:50:33.63 debug: [18592] stress-ng-malloc: exited [18592] (instance 19)
stress-ng: 21:50:33.63 debug: [18598] stress-ng-malloc: exited [18598] (instance 23)
stress-ng: 21:50:33.64 debug: [18603] stress-ng-malloc: OOM restarts: 1, SIGSEGV restarts: 0, SIGBUS restarts: 0
stress-ng: 21:50:33.64 debug: [18603] stress-ng-malloc: exited [18603] (instance 27)
stress-ng: 21:50:33.64 debug: [18614] stress-ng-malloc: exited [18614] (instance 31)
stress-ng: 21:50:33.64 debug: [18595] stress-ng-malloc: exited [18595] (instance 21)
stress-ng: 21:50:33.69 debug: [18621] stress-ng-malloc: exited [18621] (instance 34)
stress-ng: 21:50:33.72 debug: [18566] stress-ng-malloc: exited [18566] (instance 6)
stress-ng: 21:50:33.76 debug: [18626] stress-ng-malloc: exited [18626] (instance 37)
stress-ng: 21:50:33.76 debug: [18572] stress-ng-malloc: exited [18572] (instance 9)
stress-ng: 21:50:33.77 debug: [18578] stress-ng-malloc: exited [18578] (instance 12)
stress-ng: 21:50:33.82 debug: [18652] stress-ng-malloc: exited [18652] (instance 61)
stress-ng: 21:50:33.87 debug: [18646] stress-ng-malloc: exited [18646] (instance 55)
stress-ng: 21:50:33.92 debug: [18640] stress-ng-malloc: exited [18640] (instance 49)
stress-ng: 21:50:34.07 debug: [18653] stress-ng-malloc: exited [18653] (instance 62)
stress-ng: 21:50:38.59 debug: [18643] stress-ng-malloc: exited [18643] (instance 52)
stress-ng: 21:50:38.65 debug: [18490] process [18558] terminated
stress-ng: 21:50:38.65 debug: [18490] process [18559] terminated
stress-ng: 21:50:38.65 debug: [18490] process [18560] terminated
stress-ng: 21:50:38.65 debug: [18490] process [18562] terminated
stress-ng: 21:50:38.65 debug: [18490] process [18564] terminated
stress-ng: 21:50:38.65 debug: [18490] process [18566] terminated
stress-ng: 21:50:38.65 debug: [18490] process [18568] terminated
stress-ng: 21:50:38.65 debug: [18490] process [18570] terminated
stress-ng: 21:50:38.65 debug: [18490] process [18572] terminated
stress-ng: 21:50:38.65 debug: [18490] process [18574] terminated
stress-ng: 21:50:38.65 debug: [18490] process [18576] terminated
stress-ng: 21:50:38.65 debug: [18490] process [18578] terminated
stress-ng: 21:50:38.65 debug: [18490] process [18581] terminated
stress-ng: 21:50:38.65 debug: [18490] process [18583] terminated
stress-ng: 21:50:38.65 debug: [18490] process [18585] terminated
stress-ng: 21:50:38.65 debug: [18490] process [18587] terminated
stress-ng: 21:50:38.65 debug: [18490] process [18589] terminated
stress-ng: 21:50:38.65 debug: [18490] process [18590] terminated
stress-ng: 21:50:38.65 debug: [18490] process [18592] terminated
stress-ng: 21:50:38.65 debug: [18490] process [18593] terminated
stress-ng: 21:50:38.65 debug: [18490] process [18595] terminated
stress-ng: 21:50:38.65 debug: [18490] process [18597] terminated
stress-ng: 21:50:38.65 debug: [18490] process [18598] terminated
stress-ng: 21:50:38.65 debug: [18490] process [18600] terminated
stress-ng: 21:50:38.65 debug: [18490] process [18601] terminated
stress-ng: 21:50:38.65 debug: [18490] process [18602] terminated
stress-ng: 21:50:38.65 debug: [18490] process [18603] terminated
stress-ng: 21:50:38.65 debug: [18490] process [18605] terminated
stress-ng: 21:50:38.65 debug: [18490] process [18608] terminated
stress-ng: 21:50:38.65 debug: [18490] process [18611] terminated
stress-ng: 21:50:38.65 debug: [18490] process [18614] terminated
stress-ng: 21:50:38.65 debug: [18490] process [18617] terminated
stress-ng: 21:50:38.65 debug: [18490] process [18619] terminated
stress-ng: 21:50:38.65 debug: [18490] process [18621] terminated
stress-ng: 21:50:38.65 debug: [18490] process [18623] terminated
stress-ng: 21:50:38.78 debug: [18624] stress-ng-malloc: child died: signal 9 'SIGKILL' (instance 36)
stress-ng: 21:50:38.78 debug: [18624] stress-ng-malloc: assuming killed by OOM killer, restarting again (instance 36)
stress-ng: 21:50:38.78 debug: [18624] stress-ng-malloc: exited [18624] (instance 36)
stress-ng: 21:50:38.78 debug: [18490] process [18624] terminated
stress-ng: 21:50:38.78 debug: [18490] process [18626] terminated
stress-ng: 21:50:38.78 debug: [18490] process [18627] terminated
stress-ng: 21:50:38.78 debug: [18490] process [18629] terminated
stress-ng: 21:50:38.78 debug: [18490] process [18631] terminated
stress-ng: 21:50:38.78 debug: [18490] process [18632] terminated
stress-ng: 21:50:38.78 debug: [18490] process [18633] terminated
stress-ng: 21:50:38.78 debug: [18490] process [18634] terminated
stress-ng: 21:50:38.78 debug: [18490] process [18635] terminated
stress-ng: 21:50:38.78 debug: [18490] process [18636] terminated
stress-ng: 21:50:38.78 debug: [18490] process [18637] terminated
stress-ng: 21:50:38.78 debug: [18490] process [18638] terminated
stress-ng: 21:50:38.78 debug: [18490] process [18639] terminated
stress-ng: 21:50:38.78 debug: [18490] process [18640] terminated
stress-ng: 21:50:38.78 debug: [18490] process [18641] terminated
stress-ng: 21:50:38.78 debug: [18490] process [18642] terminated
stress-ng: 21:50:38.78 debug: [18490] process [18643] terminated
stress-ng: 21:50:38.78 debug: [18490] process [18644] terminated
stress-ng: 21:50:38.78 debug: [18490] process [18645] terminated
stress-ng: 21:50:38.78 debug: [18490] process [18646] terminated
stress-ng: 21:50:38.78 debug: [18490] process [18647] terminated
stress-ng: 21:50:38.78 debug: [18490] process [18648] terminated
stress-ng: 21:50:38.78 debug: [18490] process [18649] terminated
stress-ng: 21:50:38.78 debug: [18490] process [18650] terminated
stress-ng: 21:50:38.78 debug: [18490] process [18651] terminated
stress-ng: 21:50:38.78 debug: [18490] process [18652] terminated
stress-ng: 21:50:38.78 debug: [18490] process [18653] terminated
stress-ng: 21:50:38.78 debug: [18490] process [18654] terminated
stress-ng: 21:50:38.78 info:  [18490] successful run completed in 127.69s (2 mins, 7.69 secs)
stress-ng: 21:50:38.78 info:  [18490] stressor       bogo ops real time  usr time  sys time   bogo ops/s   bogo ops/s
stress-ng: 21:50:38.78 info:  [18490]                           (secs)    (secs)    (secs)   (real time) (usr+sys time)
stress-ng: 21:50:38.79 info:  [18490] crypt            224206     60.01   2426.16      3.87      3736.29        92.26
stress-ng: 21:50:38.79 info:  [18490] malloc             6359     61.96     72.61    786.11       102.64         7.41
stress-ng: 21:50:38.79 debug: [18490] metrics-check: all stressor metrics validated and sane
stress-ng: 21:50:38.79 info:  [18490] for a 127.69s run time:
stress-ng: 21:50:38.79 info:  [18490]    8171.85s available CPU time
stress-ng: 21:50:38.79 info:  [18490]    2499.50s user time   ( 30.59%)
stress-ng: 21:50:38.79 info:  [18490]     791.86s system time (  9.69%)
stress-ng: 21:50:38.79 info:  [18490]    3291.36s total time  ( 40.28%)
stress-ng: 21:50:38.79 info:  [18490] load average: 51.89 26.49 13.15
