# timestamp	V	A	W	V	A
1618905521.15484	568.080	0.060	14.257	319.192	0.115
1618905521.15644	232.102	0.024	2.323	318.950	0.114
1618905521.19484	232.148	0.026	2.444	319.031	0.116
1618905521.19681	232.161	0.025	2.366	319.353	0.111
1618905521.23565	232.178	0.025	2.374	319.192	0.110
1618905521.23742	232.115	0.025	2.392	319.031	0.114
1618905521.25456	232.082	0.025	2.332	319.031	0.117
1618905521.26459	232.054	0.024	2.312	318.789	0.116
1618905521.30285	232.063	0.025	2.336	318.870	0.111
1618905521.34058	232.064	0.024	2.312	318.870	0.110
1618905521.34241	232.067	0.024	2.366	319.111	0.109
1618905521.36092	232.084	0.024	2.346	319.111	0.110
1618905521.36853	232.061	0.024	2.340	319.192	0.109
1618905521.40789	232.042	0.025	2.418	319.031	0.115
1618905521.42464	231.992	0.025	2.360	318.789	0.110
1618905521.46237	232.050	0.025	2.352	318.870	0.114
1618905521.47430	232.019	0.025	2.382	319.031	0.108
1618905521.48430	232.001	0.025	2.396	318.870	0.108
1618905521.52481	231.987	0.025	2.405	318.870	0.109
1618905521.53554	231.961	0.025	2.462	318.870	0.117
1618905521.54785	231.993	0.025	2.352	318.789	0.115
1618905521.58550	232.035	0.025	2.382	318.950	0.115
1618905521.58744	232.090	0.024	2.347	319.111	0.110
1618905521.62884	232.103	0.024	2.319	319.111	0.105
1618905521.64084	232.105	0.024	2.338	319.192	0.106
1618905521.65087	232.061	0.024	2.271	319.111	0.108
1618905521.68934	232.005	0.024	2.358	319.111	0.109
1618905521.69832	231.995	0.024	2.411	318.870	0.114
1618905521.73531	232.051	0.027	2.654	319.111	0.124
1618905521.73831	232.081	0.025	2.478	319.031	0.117
1618905521.74532	232.081	0.025	2.354	318.950	0.112
1618905521.78392	232.077	0.024	2.375	319.111	0.109
1618905521.79267	232.002	0.024	2.331	318.950	0.103
1618905521.80452	232.000	0.025	2.435	318.950	0.110
1618905521.84287	231.874	0.024	2.322	318.870	0.107
1618905521.85464	231.780	0.024	2.333	318.628	0.109
1618905521.86538	231.817	0.024	2.318	318.628	0.107
1618905521.90486	231.810	0.024	2.336	318.548	0.106
1618905521.90545	231.815	0.024	2.305	318.789	0.107
1618905521.94391	231.759	0.024	2.272	318.628	0.105
1618905521.99288	231.759	0.024	2.355	318.628	0.110
1618905521.99352	231.765	0.025	2.407	318.709	0.116
1618905521.99547	231.822	0.025	2.451	318.709	0.115
1618905522.00594	231.875	0.025	2.380	318.789	0.116
1618905522.04795	231.882	0.025	2.364	318.628	0.116
1618905522.06538	231.860	0.024	2.347	318.628	0.109
1618905522.10389	231.876	0.025	2.385	318.789	0.107
1618905522.11487	231.890	0.025	2.415	318.709	0.110
1618905522.12552	231.904	0.025	2.463	318.628	0.117
1618905522.16456	231.952	0.025	2.361	318.870	0.112
1618905522.17593	231.982	0.025	2.378	318.950	0.111
1618905522.18551	231.975	0.024	2.317	318.870	0.106
1618905522.22465	231.960	0.024	2.350	318.950	0.104
1618905522.22553	231.970	0.024	2.308	318.950	0.109
1618905522.26343	231.994	0.025	2.419	319.031	0.111
1618905522.27688	232.032	0.024	2.393	318.950	0.112
1618905522.28555	232.081	0.025	2.373	319.111	0.116
1618905522.32488	232.109	0.025	2.340	319.031	0.117
1618905522.33548	232.069	0.025	2.366	319.031	0.114
1618905522.34589	232.041	0.024	2.324	318.950	0.108
1618905522.38490	232.013	0.025	2.373	319.111	0.108
1618905522.42286	231.999	0.025	2.363	319.111	0.107
1618905522.42350	232.023	0.025	2.461	319.031	0.110
1618905522.43247	232.017	0.025	2.451	318.950	0.115
1618905522.47390	232.071	0.024	2.332	319.031	0.109
1618905522.47549	232.037	0.024	2.305	318.950	0.110
1618905522.52288	231.996	0.024	2.304	318.789	0.105
1618905522.52351	231.974	0.024	2.333	318.950	0.102
1618905522.53486	231.952	0.024	2.401	319.031	0.107
1618905522.54451	231.988	0.024	2.399	318.950	0.108
1618905522.58288	231.971	0.024	2.384	319.111	0.112
1618905522.60788	232.008	0.024	2.334	319.031	0.114
1618905522.64587	231.967	0.024	2.345	318.950	0.110
1618905522.65457	231.977	0.025	2.391	318.870	0.108
1618905522.66540	231.959	0.024	2.358	318.950	0.106
1618905522.70486	231.989	0.025	2.485	318.950	0.107
1618905522.70555	232.039	0.024	2.403	319.031	0.109
1618905522.74394	232.030	0.026	2.501	318.950	0.118
1618905522.78795	232.010	0.026	2.506	318.950	0.114
1618905522.78855	232.002	0.024	2.337	318.789	0.108
1618905522.79443	231.994	0.024	2.320	318.950	0.106
1618905522.83289	232.029	0.024	2.373	318.950	0.104
1618905522.85372	232.093	0.026	2.573	319.111	0.134
1618905522.86041	232.232	0.024	2.469	319.353	0.110
1618905522.89890	232.262	0.024	2.364	319.997	0.107
1618905522.89953	232.257	0.024	2.335	319.916	0.109
1618905522.90046	232.246	0.024	2.306	319.594	0.111
1618905522.94087	232.251	0.024	2.344	319.353	0.111
1618905522.95489	232.303	0.025	2.397	319.272	0.110
1618905522.96453	232.331	0.025	2.399	319.353	0.106
1618905523.00292	232.338	0.024	2.404	319.433	0.108
1618905523.02448	232.281	0.024	2.336	319.272	0.110
1618905523.06350	232.138	0.024	2.271	319.031	0.108
1618905523.06437	232.087	0.024	2.328	318.870	0.106
1618905523.10296	232.088	0.024	2.359	318.789	0.103
1618905523.15492	232.156	0.024	2.343	319.353	0.108
1618905523.15560	232.200	0.024	2.377	319.272	0.109
1618905523.16453	232.177	0.024	2.383	319.353	0.112
1618905523.20293	232.122	0.024	2.343	319.192	0.117
1618905523.24072	232.033	0.025	2.404	319.111	0.109
1618905523.24265	232.068	0.025	2.428	319.111	0.108
1618905523.27947	232.060	0.024	2.414	319.111	0.103
1618905523.28038	232.054	0.024	2.445	319.031	0.105
1618905523.31891	232.020	0.024	2.343	318.950	0.106
1618905523.33391	232.008	0.024	2.346	318.950	0.110
1618905523.34461	231.994	0.024	2.359	319.031	0.110
1618905523.38594	232.018	0.024	2.376	319.031	0.109
1618905523.39552	232.028	0.024	2.341	319.031	0.105
1618905523.40589	232.070	0.024	2.316	319.192	0.105
1618905523.44488	232.052	0.024	2.399	319.192	0.109
1618905523.44553	232.042	0.024	2.387	319.031	0.116
1618905523.48395	231.987	0.024	2.353	318.950	0.114
1618905523.48454	231.970	0.024	2.356	318.628	0.111
1618905523.52294	232.061	0.025	2.344	318.950	0.111
1618905523.52363	232.132	0.025	2.394	318.950	0.110
1618905523.56093	232.173	0.025	2.421	319.111	0.106
1618905523.56354	232.153	0.025	2.418	319.111	0.104
1618905523.60692	232.091	0.024	2.408	319.111	0.106
1618905523.64495	232.071	0.024	2.349	319.031	0.109
1618905523.64558	232.060	0.024	2.392	318.870	0.109
1618905523.65762	232.103	0.024	2.327	318.870	0.107
1618905523.69495	232.119	0.024	2.353	319.031	0.108
1618905523.69562	232.171	0.024	2.354	319.031	0.104
1618905523.70494	232.176	0.024	2.333	319.111	0.104
1618905523.74297	232.119	0.024	2.378	319.111	0.108
1618905523.76495	232.084	0.027	2.715	319.111	0.122
1618905523.80495	232.093	0.025	2.430	318.950	0.115
1618905523.81493	232.147	0.025	2.392	319.111	0.111
1618905523.82459	232.173	0.024	2.361	319.031	0.112
1618905523.86551	232.184	0.025	2.391	319.272	0.107
1618905523.86740	232.142	0.024	2.394	319.111	0.104
1618905523.90474	232.139	0.024	2.442	319.031	0.106
1618905523.94995	232.121	0.025	2.440	319.111	0.112
1618905523.95059	232.145	0.024	2.388	319.031	0.110
1618905523.95894	232.144	0.024	2.336	319.031	0.111
1618905523.99598	232.119	0.024	2.342	319.031	0.104
1618905523.99760	232.122	0.024	2.315	319.031	0.106
1618905524.00611	232.120	0.024	2.317	319.111	0.105
1618905524.04398	232.098	0.024	2.374	319.192	0.109
1618905524.04460	232.082	0.025	2.411	319.111	0.110
1618905524.08248	232.133	0.024	2.325	319.111	0.111
1618905524.08341	232.143	0.024	2.385	318.950	0.115
1618905524.12895	232.124	0.024	2.313	319.031	0.114
1618905524.13162	232.107	0.024	2.371	319.192	0.110
1618905524.14472	232.075	0.024	2.345	319.031	0.106
1618905524.18380	232.032	0.024	2.365	319.031	0.106
1618905524.20549	232.070	0.025	2.429	318.870	0.109
1618905524.25246	232.046	0.024	2.363	318.548	0.110
1618905524.26559	232.089	0.024	2.281	318.789	0.108
1618905524.30355	232.064	0.024	2.318	318.628	0.103
1618905524.30458	232.053	0.024	2.246	318.789	0.109
1618905524.34298	232.044	0.025	2.422	318.870	0.116
1618905524.35500	232.062	0.025	2.413	318.789	0.114
1618905524.36597	232.123	0.025	2.441	318.950	0.115
1618905524.40396	232.149	0.025	2.385	318.950	0.115
1618905524.41496	232.104	0.024	2.373	319.111	0.110
1618905524.42396	232.075	0.025	2.400	318.950	0.110
1618905524.46074	232.104	0.025	2.426	319.111	0.106
1618905524.46252	232.107	0.025	2.470	319.192	0.111
1618905524.50798	231.560	0.022	1.987	318.306	0.105
1618905524.52077	231.515	0.024	2.293	318.226	0.107
1618905524.56254	231.495	0.024	2.377	317.985	0.107
1618905524.58542	231.482	0.024	2.392	318.145	0.108
1618905524.58839	231.446	0.024	2.358	318.065	0.111
1618905524.59742	231.371	0.024	2.286	317.985	0.104
1618905524.60982	231.342	0.025	2.353	317.824	0.116
1618905524.62399	231.370	0.025	2.381	317.904	0.114
1618905524.66297	231.412	0.025	2.478	317.904	0.116
1618905524.72062	231.396	0.024	2.386	317.985	0.117
1618905524.72257	231.396	0.025	2.337	317.824	0.118
1618905524.72455	231.392	0.025	2.363	317.904	0.117
1618905524.72561	231.414	0.025	2.384	317.985	0.109
1618905524.76401	231.409	0.025	2.373	317.824	0.112
1618905524.77268	231.455	0.025	2.483	318.065	0.115
1618905524.78597	231.460	0.027	2.561	318.145	0.126
1618905524.82405	231.475	0.026	2.525	317.985	0.117
1618905524.83597	231.498	0.025	2.358	318.065	0.111
1618905524.84595	231.458	0.025	2.387	317.985	0.115
1618905524.88447	231.488	0.024	2.271	318.145	0.106
1618905524.89342	231.491	0.026	2.476	317.904	0.111
1618905524.90497	231.472	0.027	2.659	318.065	0.122
1618905524.95199	231.555	0.028	2.776	318.145	0.127
1618905524.99098	231.539	0.026	2.618	318.065	0.118
1618905524.99266	231.542	0.027	2.673	318.226	0.122
1618905524.99360	231.560	0.027	2.630	317.985	0.123
1618905525.03101	231.549	0.027	2.694	318.145	0.122
1618905525.03700	231.532	0.027	2.693	318.226	0.117
1618905525.05472	231.561	0.028	2.753	318.226	0.116
1618905525.09502	231.576	0.025	2.428	318.306	0.110
1618905525.09967	231.590	0.025	2.384	318.306	0.112
1618905525.12300	231.573	0.025	2.406	318.226	0.109
1618905525.12464	231.572	0.026	2.559	318.226	0.114
1618905525.18568	231.588	0.026	2.554	318.226	0.114
1618905525.18760	231.613	0.026	2.602	318.306	0.112
1618905525.19680	231.662	0.026	2.532	318.467	0.115
1618905525.23804	231.643	0.026	2.608	318.628	0.116
1618905525.24269	231.665	0.026	2.620	318.387	0.119
1618905525.28463	231.626	0.027	2.649	318.306	0.123
1618905525.28560	231.641	0.028	2.785	318.145	0.119
1618905525.32357	231.628	0.027	2.636	318.226	0.119
1618905525.32945	231.661	0.027	2.654	318.548	0.117
1618905525.35146	231.672	0.027	2.729	318.387	0.117
1618905525.36345	231.683	0.027	2.598	318.306	0.116
1618905525.40360	231.631	0.026	2.519	318.306	0.115
1618905525.40446	231.584	0.030	3.019	318.226	0.131
1618905525.44202	231.592	0.032	3.396	318.065	0.130
1618905525.44886	231.582	0.032	3.361	318.226	0.135
1618905525.48702	231.648	0.032	3.395	318.306	0.132
1618905525.48866	231.667	0.032	3.433	318.306	0.132
1618905525.52699	231.683	0.032	3.346	318.467	0.139
1618905525.53401	231.703	0.032	3.359	318.628	0.141
1618905525.54402	231.675	0.033	3.385	318.467	0.139
1618905525.58200	231.621	0.032	3.372	318.226	0.141
1618905525.58369	231.636	0.032	3.417	318.306	0.141
1618905525.62103	231.676	0.033	3.459	318.306	0.141
1618905525.63802	231.693	0.033	3.405	318.467	0.134
1618905525.64701	231.741	0.033	3.423	318.467	0.136
1618905525.68678	231.733	0.031	3.209	318.387	0.134
1618905525.70502	231.671	0.047	5.369	318.306	0.180
1618905525.74301	231.713	0.047	5.404	318.306	0.177
1618905525.74467	231.739	0.047	5.373	318.387	0.175
1618905525.78202	231.826	0.047	5.397	318.467	0.178
1618905525.83003	231.856	0.047	5.337	318.628	0.181
1618905525.83066	231.834	0.047	5.352	318.467	0.189
1618905525.83362	231.869	0.047	5.384	318.789	0.177
1618905525.87058	231.906	0.047	5.310	318.870	0.178
1618905525.87147	231.918	0.047	5.304	318.628	0.186
1618905525.89304	231.949	0.047	5.358	318.709	0.185
1618905525.93104	231.974	0.048	5.438	318.870	0.183
1618905525.93169	232.084	0.047	5.375	319.111	0.179
1618905525.95257	232.088	0.047	5.437	319.192	0.179
1618905525.97602	232.091	0.047	5.421	319.111	0.178
1618905526.01405	232.064	0.047	5.296	318.870	0.180
1618905526.01678	232.070	0.047	5.338	318.950	0.180
1618905526.02473	232.070	0.046	5.274	319.111	0.178
1618905526.07052	232.065	0.046	5.309	318.950	0.174
1618905526.10852	232.030	0.047	5.381	319.031	0.190
1618905526.10971	232.051	0.047	5.365	318.950	0.180
1618905526.15402	232.031	0.048	5.409	318.870	0.189
1618905526.15466	231.955	0.047	5.260	318.709	0.190
1618905526.16402	232.024	0.048	5.405	318.789	0.181
1618905526.18478	232.096	0.048	5.383	318.950	0.186
1618905526.22523	232.125	0.047	5.344	319.111	0.187
1618905526.22666	232.083	0.047	5.403	319.031	0.182
1618905526.26459	232.097	0.047	5.473	319.111	0.183
1618905526.26547	232.062	0.047	5.312	319.031	0.182
1618905526.30403	232.068	0.048	5.375	318.870	0.186
1618905526.34197	232.069	0.047	5.368	318.870	0.185
1618905526.34462	232.075	0.047	5.320	318.950	0.179
1618905526.34600	232.080	0.046	5.314	319.031	0.173
1618905526.38467	232.087	0.047	5.326	319.031	0.176
1618905526.38562	232.069	0.047	5.391	319.031	0.182
1618905526.42501	232.075	0.047	5.378	319.031	0.186
1618905526.43066	232.069	0.047	5.363	318.950	0.185
1618905526.46862	232.096	0.047	5.365	319.111	0.179
1618905526.47050	232.061	0.047	5.389	319.111	0.182
1618905526.51962	232.054	0.047	5.357	318.789	0.178
1618905526.52051	232.007	0.047	5.336	318.628	0.182
1618905526.53349	232.013	0.047	5.446	319.111	0.183
1618905526.54406	232.057	0.047	5.437	318.950	0.183
1618905526.58087	232.056	0.047	5.391	319.031	0.181
1618905526.59204	232.064	0.047	5.325	318.870	0.181
1618905526.60204	232.059	0.047	5.346	318.950	0.179
1618905526.64007	232.006	0.047	5.344	318.950	0.183
1618905526.64068	232.001	0.047	5.283	318.950	0.177
1618905526.67859	231.977	0.047	5.288	318.709	0.183
1618905526.69708	231.978	0.047	5.362	318.870	0.189
1618905526.70473	231.985	0.047	5.413	318.950	0.186
1618905526.74183	231.991	0.047	5.337	318.789	0.188
1618905526.79105	232.016	0.047	5.348	318.950	0.182
1618905526.79263	231.989	0.047	5.344	318.789	0.182
1618905526.83105	231.994	0.047	5.373	318.870	0.180
1618905526.83170	231.967	0.047	5.396	318.870	0.177
1618905526.84504	231.972	0.047	5.476	318.950	0.180
1618905526.88159	231.966	0.047	5.371	318.789	0.178
1618905526.88467	232.013	0.047	5.280	318.950	0.177
1618905526.92152	232.003	0.047	5.323	318.789	0.185
1618905526.92348	231.960	0.047	5.301	318.709	0.183
1618905526.96048	231.941	0.046	5.259	318.870	0.171
1618905526.96148	231.957	0.046	5.289	319.031	0.177
1618905526.99948	231.871	0.047	5.391	318.789	0.188
1618905527.01150	231.928	0.048	5.435	318.789	0.189
1618905527.02450	231.985	0.048	5.381	318.870	0.188
1618905527.06177	232.020	0.048	5.371	318.950	0.188
1618905527.07151	232.020	0.048	5.424	318.950	0.187
1618905527.08406	232.051	0.048	5.361	318.950	0.193
1618905527.12107	232.054	0.048	5.363	318.950	0.181
1618905527.12171	232.000	0.048	5.429	318.950	0.182
1618905527.16006	232.007	0.047	5.339	318.870	0.178
1618905527.17705	231.980	0.047	5.365	318.950	0.177
1618905527.18605	231.947	0.046	5.306	318.789	0.179
1618905527.22406	231.933	0.047	5.358	318.628	0.180
1618905527.22469	231.888	0.047	5.301	318.709	0.177
1618905527.26183	231.900	0.047	5.293	318.709	0.179
1618905527.30054	232.032	0.048	5.452	318.789	0.185
1618905527.30151	232.099	0.048	5.450	318.870	0.189
1618905527.30350	232.076	0.047	5.375	318.870	0.187
1618905527.34108	232.065	0.048	5.351	318.950	0.189
1618905527.34172	232.041	0.047	5.334	318.789	0.188
1618905527.38006	231.952	0.047	5.346	318.628	0.182
1618905527.42307	231.969	0.047	5.353	318.709	0.177
1618905527.42472	231.989	0.048	5.419	318.870	0.180
1618905527.46389	232.038	0.048	5.461	319.031	0.180
1618905527.46465	232.033	0.047	5.431	318.950	0.179
1618905527.47707	232.025	0.047	5.312	318.789	0.179
1618905527.51509	232.025	0.048	5.362	318.789	0.183
1618905527.51576	231.991	0.047	5.323	318.709	0.185
1618905527.52471	232.002	0.047	5.328	318.709	0.180
1618905527.56608	232.007	0.047	5.335	318.789	0.182
1618905527.56669	232.023	0.048	5.439	318.870	0.189
1618905527.60507	232.043	0.048	5.429	318.870	0.185
1618905527.60571	232.031	0.047	5.368	318.950	0.193
1618905527.64410	232.051	0.048	5.408	318.789	0.190
1618905527.66361	232.038	0.047	5.343	318.789	0.186
1618905527.70108	232.110	0.047	5.407	319.031	0.177
1618905527.71204	232.085	0.047	5.426	318.950	0.178
1618905527.72379	232.068	0.047	5.443	318.870	0.178
1618905527.76089	232.057	0.047	5.382	318.870	0.177
1618905527.76669	232.024	0.047	5.392	318.709	0.182
1618905527.80509	232.036	0.047	5.312	318.789	0.179
1618905527.81808	231.992	0.047	5.362	318.709	0.179
1618905527.83077	232.021	0.047	5.359	318.870	0.174
1618905527.84372	232.026	0.047	5.362	318.950	0.175
1618905527.88107	232.047	0.047	5.392	318.950	0.178
1618905527.88171	232.020	0.047	5.402	318.789	0.189
1618905527.92009	231.985	0.047	5.385	318.870	0.187
1618905527.93608	232.004	0.047	5.364	318.870	0.180
1618905527.95484	232.005	0.047	5.394	318.950	0.182
1618905527.99909	232.040	0.047	5.358	318.789	0.176
1618905527.99974	232.078	0.047	5.384	318.950	0.174
1618905528.00065	232.047	0.047	5.437	319.031	0.177
1618905528.03912	232.088	0.047	5.367	318.870	0.178
1618905528.05187	232.059	0.047	5.408	318.789	0.177
1618905528.09960	232.057	0.047	5.381	318.950	0.179
1618905528.10154	232.046	0.047	5.340	318.789	0.178
1618905528.10854	232.072	0.047	5.371	318.789	0.176
1618905528.14990	232.078	0.047	5.351	318.870	0.174
1618905528.15073	232.114	0.047	5.379	319.031	0.174
1618905528.19010	232.119	0.047	5.468	318.950	0.181
1618905528.19173	232.109	0.047	5.404	319.111	0.180
1618905528.22993	232.116	0.047	5.430	319.111	0.179
1618905528.23472	232.091	0.047	5.374	318.950	0.181
1618905528.24177	232.094	0.047	5.363	318.950	0.183
1618905528.28017	232.081	0.047	5.361	318.870	0.181
1618905528.30190	232.085	0.047	5.429	318.950	0.176
1618905528.34114	232.089	0.047	5.412	318.950	0.177
1618905528.35175	232.087	0.047	5.364	318.950	0.173
1618905528.36374	232.071	0.047	5.358	318.950	0.181
1618905528.40413	232.074	0.046	5.319	318.870	0.174
1618905528.41413	232.041	0.047	5.372	318.789	0.178
1618905528.42412	232.030	0.047	5.320	318.950	0.175
1618905528.46861	232.048	0.047	5.418	318.870	0.173
1618905528.50664	232.072	0.047	5.433	318.709	0.189
1618905528.50956	232.037	0.047	5.334	318.870	0.183
1618905528.54656	231.978	0.047	5.363	318.709	0.189
1618905528.54880	232.014	0.047	5.399	318.789	0.178
1618905528.56210	232.010	0.047	5.416	318.709	0.180
1618905528.60012	232.023	0.047	5.408	318.870	0.177
1618905528.61211	232.021	0.047	5.452	318.789	0.178
1618905528.62214	232.011	0.047	5.426	318.870	0.180
1618905528.65985	232.064	0.047	5.343	318.789	0.181
1618905528.67255	232.038	0.047	5.342	318.789	0.181
1618905528.68410	232.043	0.047	5.376	318.709	0.177
1618905528.72908	232.054	0.047	5.335	318.950	0.174
1618905528.76900	232.016	0.047	5.384	319.031	0.177
1618905528.77384	231.997	0.047	5.485	318.950	0.179
1618905528.81209	231.993	0.047	5.381	318.950	0.183
1618905528.81376	231.998	0.047	5.402	318.789	0.181
1618905528.83212	231.986	0.047	5.395	318.789	0.180
1618905528.86992	231.987	0.047	5.408	318.628	0.180
1618905528.87177	231.972	0.047	5.392	318.789	0.182
1618905528.88177	231.959	0.047	5.402	318.789	0.176
1618905528.92017	231.992	0.047	5.447	318.789	0.180
1618905528.94432	231.981	0.047	5.363	318.870	0.178
1618905528.98513	231.987	0.047	5.324	318.789	0.178
1618905528.99078	231.945	0.047	5.341	318.709	0.178
1618905529.02913	231.955	0.047	5.334	318.789	0.176
1618905529.02974	231.943	0.047	5.364	318.789	0.176
1618905529.06669	231.974	0.046	5.357	318.950	0.182
1618905529.06860	231.996	0.047	5.405	318.789	0.177
1618905529.10658	232.003	0.047	5.295	318.789	0.188
1618905529.10860	231.967	0.047	5.345	318.789	0.189
1618905529.14611	231.978	0.047	5.422	318.628	0.183
1618905529.18411	231.947	0.047	5.406	318.789	0.183
1618905529.18571	231.956	0.047	5.400	318.709	0.175
1618905529.19208	231.997	0.047	5.457	318.789	0.177
1618905529.23110	231.980	0.047	5.434	318.628	0.175
1618905529.23554	231.968	0.047	5.425	318.789	0.178
1618905529.25195	231.987	0.047	5.393	318.789	0.177
1618905529.26167	231.969	0.047	5.339	318.628	0.176
1618905529.29962	231.882	0.047	5.360	318.467	0.178
1618905529.31184	231.882	0.047	5.342	318.628	0.180
1618905529.32392	231.881	0.047	5.363	318.709	0.177
1618905529.36181	231.900	0.047	5.387	318.628	0.186
1618905529.37417	231.959	0.047	5.463	318.709	0.179
1618905529.38514	231.975	0.047	5.411	318.709	0.185
1618905529.43114	231.978	0.047	5.383	318.628	0.182
1618905529.44415	232.023	0.047	5.424	318.950	0.178
1618905529.48117	231.994	0.047	5.375	318.789	0.177
1618905529.48180	231.979	0.047	5.422	318.709	0.181
1618905529.52092	231.966	0.047	5.438	318.950	0.179
1618905529.53609	231.966	0.047	5.469	318.870	0.179
1618905529.54388	231.986	0.047	5.335	318.709	0.177
1618905529.58515	231.999	0.047	5.387	318.709	0.177
1618905529.58581	231.977	0.047	5.378	318.789	0.177
1618905529.62416	232.002	0.046	5.318	318.870	0.173
1618905529.66465	231.961	0.047	5.432	318.950	0.180
1618905529.66559	231.935	0.047	5.422	318.709	0.181
1618905529.70414	231.914	0.047	5.354	318.548	0.185
1618905529.71077	231.938	0.047	5.393	318.709	0.183
1618905529.74916	231.940	0.047	5.416	318.789	0.180
1618905529.75085	231.972	0.047	5.390	318.709	0.170
1618905529.78914	231.956	0.047	5.418	318.709	0.174
1618905529.80215	231.938	0.047	5.431	318.789	0.183
1618905529.84095	231.945	0.047	5.360	318.789	0.180
1618905529.85471	231.956	0.047	5.365	318.628	0.179
1618905529.86461	231.930	0.047	5.365	318.709	0.179
1618905529.90259	231.928	0.047	5.365	318.467	0.180
1618905529.90459	231.957	0.047	5.320	318.789	0.174
1618905529.94193	231.920	0.047	5.423	318.870	0.182
1618905529.98714	231.923	0.047	5.429	318.709	0.187
1618905529.98880	231.917	0.047	5.431	318.789	0.186
1618905529.99114	231.951	0.047	5.414	318.709	0.181
1618905530.02918	231.958	0.047	5.384	318.628	0.185
1618905530.02980	231.979	0.047	5.434	318.709	0.176
1618905530.05101	231.991	0.047	5.388	318.789	0.180
1618905530.08921	231.979	0.047	5.461	318.870	0.179
1618905530.08982	231.973	0.047	5.453	318.870	0.181
1618905530.11223	231.979	0.047	5.285	318.789	0.175
1618905530.12418	231.972	0.047	5.336	318.709	0.176
1618905530.16917	231.973	0.047	5.318	318.628	0.177
1618905530.20718	232.043	0.047	5.292	318.870	0.177
1618905530.20881	232.054	0.047	5.412	318.950	0.179
1618905530.25177	232.039	0.047	5.411	319.031	0.181
1618905530.28772	232.077	0.047	5.417	318.870	0.185
1618905530.31376	232.096	0.047	5.431	318.548	0.186
1618905530.35421	232.103	0.047	5.395	318.548	0.186
1618905530.36021	232.124	0.048	5.545	318.870	0.182
1618905530.39721	232.103	0.049	5.673	318.870	0.183
1618905530.39882	232.107	0.048	5.570	318.950	0.180
1618905530.43621	232.065	0.047	5.385	318.789	0.181
1618905530.44884	232.091	0.047	5.443	318.870	0.178
1618905530.47117	232.119	0.047	5.404	318.870	0.176
1618905530.50417	232.116	0.047	5.355	318.870	0.176
1618905530.51417	232.091	0.047	5.363	318.950	0.173
1618905530.53515	232.038	0.047	5.425	318.950	0.179
1618905530.54182	232.009	0.047	5.403	318.870	0.189
1618905530.58016	232.035	0.047	5.431	319.031	0.189
1618905530.58081	232.072	0.047	5.443	318.789	0.185
1618905530.62018	232.090	0.047	5.434	318.950	0.178
1618905530.63121	232.069	0.047	5.413	318.789	0.180
1618905530.65196	232.080	0.048	5.396	318.950	0.178
1618905530.66207	232.043	0.047	5.493	318.870	0.178
1618905530.70066	232.037	0.048	5.464	318.789	0.181
1618905530.70163	232.040	0.047	5.392	318.950	0.179
1618905530.73999	232.059	0.047	5.394	318.870	0.180
1618905530.75298	232.065	0.047	5.371	318.789	0.178
1618905530.76385	232.064	0.047	5.400	318.870	0.178
1618905530.80320	232.082	0.047	5.319	318.950	0.179
1618905530.81319	232.089	0.047	5.427	318.950	0.179
1618905530.82419	232.125	0.047	5.398	319.111	0.182
1618905530.87070	232.140	0.047	5.432	319.031	0.180
1618905530.90919	232.155	0.047	5.385	318.870	0.191
1618905530.90982	232.168	0.047	5.435	318.950	0.183
1618905530.94718	232.142	0.047	5.402	319.031	0.175
1618905530.94885	232.129	0.047	5.448	319.031	0.175
1618905530.97217	232.132	0.047	5.509	319.031	0.180
1618905530.98425	232.147	0.047	5.471	319.272	0.180
1618905531.02222	232.158	0.047	5.357	319.111	0.177
1618905531.02388	232.140	0.047	5.364	319.031	0.175
1618905531.06100	232.132	0.047	5.368	318.950	0.179
1618905531.06193	232.124	0.047	5.347	319.031	0.173
1618905531.08469	232.117	0.047	5.362	319.031	0.179
1618905531.12424	232.111	0.047	5.413	319.111	0.182
1618905531.12486	232.111	0.047	5.430	319.031	0.179
1618905531.14523	232.148	0.047	5.443	319.111	0.183
1618905531.18293	232.165	0.047	5.331	319.031	0.183
1618905531.18523	232.126	0.047	5.402	318.950	0.175
1618905531.22425	232.126	0.047	5.373	318.950	0.185
1618905531.22990	232.100	0.047	5.392	318.950	0.174
1618905531.26703	232.149	0.047	5.477	319.111	0.177
1618905531.27023	232.115	0.047	5.421	319.031	0.177
1618905531.31926	232.136	0.047	5.479	319.031	0.176
1618905531.31990	232.075	0.047	5.336	318.789	0.182
1618905531.32184	232.065	0.047	5.371	318.870	0.177
1618905531.36025	232.059	0.047	5.362	318.870	0.180
1618905531.36589	232.064	0.047	5.386	319.111	0.175
1618905531.40426	232.100	0.047	5.334	319.031	0.173
1618905531.40585	232.087	0.047	5.454	318.950	0.180
1618905531.44524	232.137	0.047	5.481	319.031	0.181
1618905531.44688	232.066	0.047	5.399	319.111	0.180
1618905531.48522	232.022	0.047	5.367	318.950	0.185
1618905531.48585	232.034	0.048	5.426	318.628	0.183
1618905531.52422	232.014	0.047	5.375	318.789	0.178
1618905531.56420	232.062	0.047	5.429	318.950	0.177
1618905531.60420	232.012	0.047	5.376	318.870	0.177
1618905531.64225	231.947	0.047	5.330	318.709	0.177
1618905531.64385	231.959	0.047	5.395	318.789	0.174
1618905531.68398	231.988	0.047	5.402	318.789	0.175
1618905531.68526	232.025	0.047	5.402	318.950	0.179
1618905531.72421	232.079	0.047	5.437	318.950	0.181
1618905531.72987	232.065	0.047	5.434	319.031	0.187
1618905531.75098	232.031	0.047	5.458	318.870	0.182
1618905531.78023	232.021	0.047	5.373	318.950	0.179
1618905531.78600	232.057	0.047	5.404	318.870	0.179
1618905531.82621	232.014	0.047	5.415	318.870	0.177
1618905531.82685	232.075	0.047	5.437	319.031	0.174
1618905531.86478	232.085	0.047	5.480	318.950	0.178
1618905531.86568	232.061	0.047	5.428	318.950	0.179
1618905531.90426	232.075	0.048	5.430	318.950	0.183
1618905531.92524	232.066	0.047	5.386	318.870	0.179
1618905531.94220	232.092	0.047	5.432	318.950	0.178
1618905531.98072	232.156	0.047	5.370	319.192	0.176
1618905531.98167	232.146	0.047	5.377	319.192	0.176
1618905532.02022	232.127	0.047	5.409	318.950	0.188
1618905532.06705	232.171	0.047	5.483	319.111	0.183
1618905532.06906	232.116	0.047	5.335	319.111	0.179
1618905532.11222	232.119	0.047	5.399	319.031	0.187
1618905532.11387	232.121	0.047	5.367	319.111	0.178
1618905532.12196	232.124	0.047	5.433	318.950	0.179
1618905532.16029	232.139	0.047	5.503	319.031	0.179
1618905532.16087	232.089	0.047	5.460	319.031	0.179
1618905532.19923	232.068	0.047	5.394	318.870	0.181
1618905532.19988	232.039	0.047	5.358	318.870	0.177
1618905532.23706	232.106	0.047	5.406	318.950	0.179
1618905532.23879	232.125	0.047	5.380	319.111	0.173
1618905532.27608	232.118	0.047	5.303	319.192	0.176
1618905532.31524	232.173	0.047	5.477	319.031	0.188
1618905532.31588	232.119	0.047	5.409	319.111	0.178
1618905532.32924	232.120	0.047	5.453	319.111	0.186
1618905532.36926	232.087	0.047	5.376	319.111	0.186
1618905532.38223	232.139	0.047	5.426	319.031	0.185
1618905532.42023	232.176	0.048	5.423	319.031	0.180
1618905532.42088	232.149	0.047	5.445	319.111	0.176
1618905532.45900	232.153	0.048	5.510	319.272	0.179
1618905532.45981	232.116	0.047	5.389	319.272	0.176
1618905532.49680	232.144	0.048	5.445	319.111	0.181
1618905532.53725	232.116	0.047	5.352	319.192	0.178
1618905532.53991	232.127	0.047	5.426	319.031	0.181
1618905532.55123	232.208	0.047	5.435	319.111	0.171
1618905532.56094	232.173	0.046	5.333	319.433	0.169
1618905532.60427	232.164	0.047	5.464	319.272	0.183
1618905532.62223	232.181	0.047	5.477	319.272	0.175
1618905532.65986	232.145	0.048	5.397	319.031	0.187
1618905532.66105	232.175	0.048	5.431	319.192	0.185
1618905532.69881	232.160	0.048	5.417	318.870	0.186
1618905532.71825	232.195	0.047	5.414	319.111	0.183
1618905532.72724	232.113	0.048	5.416	319.111	0.182
1618905532.76526	232.132	0.048	5.479	319.111	0.183
1618905532.78124	232.233	0.047	5.387	319.192	0.176
1618905532.81929	232.175	0.047	5.378	319.031	0.178
1618905532.85718	232.196	0.047	5.349	319.111	0.179
1618905532.90574	232.162	0.047	5.362	319.272	0.179
1618905532.90671	232.114	0.047	5.428	319.111	0.183
1618905532.90870	232.115	0.048	5.466	319.111	0.182
1618905532.92096	232.092	0.047	5.436	319.111	0.187
1618905532.96030	232.138	0.048	5.444	319.031	0.191
1618905532.96091	232.213	0.048	5.455	319.111	0.183
1618905532.99926	232.271	0.048	5.428	319.192	0.186
1618905533.00592	232.215	0.047	5.373	319.192	0.179
1618905533.05407	232.169	0.048	5.481	319.272	0.183
1618905533.05584	232.185	0.048	5.517	319.111	0.185
1618905533.06581	232.192	0.047	5.353	319.272	0.183
1618905533.10375	232.192	0.048	5.435	318.950	0.185
1618905533.10573	232.177	0.047	5.387	319.031	0.180
1618905533.14430	232.203	0.047	5.461	319.031	0.178
1618905533.18627	232.209	0.048	5.435	319.111	0.181
1618905533.18787	232.184	0.047	5.461	319.272	0.181
1618905533.20126	232.250	0.048	5.487	319.192	0.189
1618905533.23907	232.187	0.047	5.401	319.272	0.181
1618905533.26083	232.154	0.047	5.346	319.111	0.176
1618905533.29877	232.149	0.048	5.433	318.950	0.188
1618905533.29974	232.132	0.048	5.390	319.192	0.182
1618905533.33932	232.186	0.048	5.475	319.111	0.182
1618905533.35530	232.154	0.048	5.431	319.111	0.178
1618905533.36394	232.191	0.047	5.421	319.192	0.179
1618905533.40130	232.149	0.047	5.350	319.031	0.181
1618905533.41230	232.111	0.047	5.331	319.031	0.180
1618905533.42232	232.087	0.048	5.431	318.950	0.181
1618905533.46108	232.078	0.047	5.343	319.031	0.175
1618905533.46176	232.059	0.047	5.372	319.111	0.182
1618905533.50032	232.096	0.048	5.475	319.031	0.185
1618905533.53833	232.147	0.048	5.454	319.111	0.186
1618905533.54131	232.145	0.047	5.363	319.192	0.185
1618905533.54195	232.136	0.047	5.419	319.192	0.182
1618905533.58032	232.079	0.047	5.418	319.031	0.179
1618905533.58095	232.092	0.048	5.428	319.031	0.181
1618905533.61930	232.065	0.047	5.393	319.111	0.175
1618905533.64631	232.102	0.048	5.525	319.111	0.177
1618905533.64695	232.127	0.047	5.455	319.111	0.178
1618905533.66681	232.177	0.048	5.426	319.111	0.180
1618905533.70476	232.115	0.047	5.334	318.870	0.178
1618905533.70577	232.124	0.047	5.424	319.031	0.179
1618905533.74397	232.143	0.047	5.374	318.950	0.180
1618905533.74932	232.105	0.047	5.365	319.111	0.176
1618905533.78728	232.187	0.047	5.486	319.192	0.176
1618905533.78890	232.124	0.047	5.359	318.950	0.187
1618905533.80202	232.101	0.048	5.447	319.031	0.189
1618905533.84078	232.107	0.047	5.377	319.031	0.188
1618905533.85322	232.084	0.048	5.486	318.950	0.198
1618905533.86230	232.098	0.048	5.490	318.950	0.189
1618905533.90232	232.110	0.048	5.488	319.111	0.189
1618905533.90394	232.194	0.048	5.466	319.192	0.187
1618905533.94135	232.201	0.048	5.430	319.272	0.182
1618905533.95127	232.197	0.047	5.480	319.353	0.177
1618905533.96133	232.153	0.047	5.442	319.031	0.177
1618905533.99632	232.144	0.047	5.447	319.031	0.178
1618905534.03325	232.114	0.047	5.351	318.950	0.177
1618905534.03502	232.193	0.047	5.501	319.192	0.176
1618905534.07382	232.213	0.047	5.388	319.031	0.177
1618905534.07586	232.264	0.048	5.497	319.111	0.181
1618905534.08894	232.237	0.047	5.428	319.192	0.185
1618905534.10089	232.205	0.047	5.419	318.870	0.191
1618905534.13833	232.149	0.047	5.397	318.870	0.185
1618905534.15133	232.158	0.047	5.442	319.111	0.181
1618905534.16133	232.178	0.048	5.460	319.031	0.182
1618905534.19833	232.241	0.048	5.473	319.272	0.182
1618905534.21132	232.283	0.048	5.452	319.272	0.176
1618905534.22198	232.306	0.048	5.577	319.433	0.180
1618905534.25987	232.259	0.047	5.405	319.514	0.173
1618905534.27078	232.223	0.048	5.433	319.192	0.179
1618905534.28134	232.176	0.047	5.372	318.870	0.182
1618905534.33133	232.201	0.047	5.416	319.031	0.177
1618905534.38135	232.345	0.047	5.432	319.433	0.177
1618905534.38199	232.374	0.047	5.359	319.514	0.183
1618905534.38292	232.378	0.047	5.430	319.514	0.182
1618905534.42135	232.332	0.047	5.390	319.353	0.185
1618905534.43096	232.345	0.048	5.413	319.433	0.186
1618905534.46840	232.324	0.047	5.442	319.353	0.178
1618905534.47133	232.357	0.048	5.474	319.272	0.177
1618905534.48535	232.366	0.048	5.445	319.433	0.183
1618905534.52234	232.379	0.048	5.466	319.594	0.181
1618905534.53212	232.334	0.047	5.487	319.514	0.179
1618905534.54202	232.380	0.048	5.479	319.353	0.179
1618905534.58139	232.411	0.047	5.362	319.433	0.177
1618905534.62634	232.446	0.048	5.421	319.353	0.180
1618905534.63933	232.473	0.048	5.438	319.594	0.183
1618905534.67739	232.500	0.048	5.361	319.594	0.186
1618905534.67798	232.506	0.048	5.477	319.675	0.188
1618905534.71710	232.491	0.048	5.481	319.675	0.189
1618905534.71788	232.534	0.048	5.442	319.675	0.191
1618905534.72002	232.513	0.048	5.442	319.594	0.186
1618905534.75737	232.592	0.048	5.489	319.755	0.189
1618905534.75864	232.556	0.047	5.416	319.594	0.183
1618905534.79734	232.547	0.048	5.457	319.594	0.179
1618905534.80297	232.499	0.047	5.374	319.675	0.176
1618905534.84133	232.475	0.047	5.482	319.594	0.178
1618905534.86189	232.440	0.047	5.422	319.514	0.178
1618905534.90037	232.443	0.047	5.400	319.353	0.180
1618905534.91139	232.507	0.047	5.447	319.594	0.177
1618905534.92536	232.478	0.047	5.362	319.755	0.171
1618905534.96236	232.470	0.047	5.404	319.594	0.176
1618905535.00737	232.421	0.047	5.422	319.594	0.174
1618905535.00802	232.454	0.047	5.471	319.594	0.175
1618905535.04736	232.443	0.047	5.444	319.514	0.181
1618905535.04798	232.503	0.047	5.416	319.514	0.183
1618905535.04991	232.466	0.047	5.421	319.514	0.178
1618905535.08737	232.464	0.048	5.445	319.514	0.185
1618905535.08800	232.430	0.048	5.374	319.272	0.180
1618905535.11212	232.389	0.048	5.476	319.514	0.182
1618905535.15038	232.337	0.048	5.465	319.433	0.182
1618905535.15102	232.436	0.048	5.485	319.514	0.185
1618905535.16137	232.455	0.047	5.361	319.594	0.181
1618905535.19838	232.445	0.047	5.428	319.514	0.181
1618905535.20003	232.416	0.047	5.375	319.514	0.178
1618905535.23717	232.393	0.047	5.324	319.514	0.177
1618905535.23792	232.319	0.047	5.409	319.514	0.181
1618905535.27697	232.373	0.048	5.482	319.514	0.187
1618905535.31638	232.387	0.048	5.483	319.353	0.192
1618905535.31705	232.475	0.048	5.472	319.433	0.190
1618905535.35640	232.451	0.047	5.413	319.594	0.182
1618905535.35704	232.469	0.048	5.483	319.514	0.186
1618905535.36838	232.395	0.047	5.390	319.594	0.181
1618905535.40643	232.408	0.047	5.401	319.594	0.178
1618905535.40702	232.356	0.047	5.393	319.433	0.176
1618905535.46016	232.417	0.048	5.571	319.514	0.188
1618905535.46094	232.440	0.047	5.380	319.433	0.185
1618905535.49939	232.486	0.048	5.416	319.433	0.187
1618905535.50004	232.472	0.047	5.345	319.433	0.177
1618905535.51240	232.438	0.047	5.328	319.514	0.176
1618905535.52507	232.379	0.047	5.321	319.514	0.180
1618905535.56239	232.338	0.048	5.450	319.353	0.183
1618905535.56301	232.386	0.048	5.491	319.594	0.182
1618905535.60537	232.484	0.048	5.489	319.755	0.189
1618905535.61715	232.471	0.047	5.385	319.594	0.182
1618905535.65516	232.484	0.048	5.453	319.514	0.182
1618905535.65811	232.449	0.048	5.492	319.594	0.179
1618905535.69647	232.412	0.048	5.430	319.514	0.190
1618905535.73439	232.474	0.047	5.443	319.675	0.181
1618905535.73604	232.469	0.047	5.488	319.594	0.175
1618905535.77537	232.491	0.047	5.382	319.675	0.175
1618905535.77800	232.438	0.047	5.383	319.433	0.176
1618905535.81838	232.388	0.047	5.414	319.353	0.179
1618905535.82004	232.466	0.047	5.369	319.353	0.177
1618905535.85699	232.462	0.047	5.471	319.514	0.182
1618905535.87310	232.540	0.048	5.496	319.594	0.183
1618905535.88240	232.518	0.047	5.427	319.353	0.190
1618905535.92140	232.500	0.048	5.446	319.514	0.192
1618905535.93139	232.439	0.047	5.342	319.675	0.177
1618905535.94341	232.431	0.047	5.454	319.433	0.176
1618905535.98242	232.425	0.047	5.422	319.272	0.173
1618905535.98306	232.465	0.048	5.472	319.594	0.175
1618905536.02144	232.477	0.047	5.486	319.433	0.177
1618905536.06633	232.475	0.048	5.526	319.433	0.177
1618905536.06690	232.418	0.047	5.404	319.433	0.177
1618905536.06785	232.403	0.047	5.409	319.353	0.178
1618905536.10586	232.329	0.047	5.369	319.272	0.178
1618905536.10701	232.369	0.047	5.377	319.272	0.173
1618905536.13139	232.359	0.047	5.388	319.353	0.181
1618905536.14140	232.410	0.047	5.451	319.514	0.181
1618905536.18042	232.381	0.047	5.440	319.594	0.179
1618905536.19140	232.426	0.047	5.460	319.433	0.180
1618905536.20142	232.326	0.047	5.337	319.433	0.185
1618905536.24025	232.328	0.048	5.483	319.272	0.187
1618905536.25119	232.339	0.047	5.453	319.272	0.181
1618905536.26113	232.363	0.047	5.451	319.433	0.176
1618905536.30247	232.359	0.047	5.423	319.353	0.176
1618905536.30309	232.404	0.047	5.522	319.594	0.177
1618905536.34121	232.377	0.047	5.474	319.353	0.181
1618905536.35741	232.392	0.047	5.409	319.514	0.177
1618905536.36508	232.344	0.047	5.374	319.353	0.174
1618905536.40343	232.373	0.047	5.411	319.272	0.178
1618905536.41244	232.374	0.047	5.360	319.433	0.174
1618905536.42246	232.408	0.047	5.397	319.514	0.177
1618905536.46111	232.402	0.047	5.368	319.514	0.183
1618905536.46210	232.373	0.047	5.414	319.594	0.179
1618905536.49938	232.321	0.047	5.367	319.272	0.191
1618905536.53845	232.347	0.047	5.413	319.514	0.182
1618905536.54009	232.320	0.047	5.352	319.433	0.181
1618905536.55145	232.422	0.048	5.544	319.514	0.180
1618905536.56245	232.405	0.047	5.426	319.514	0.180
1618905536.60047	232.427	0.047	5.465	319.514	0.177
1618905536.62146	232.347	0.047	5.466	319.272	0.177
1618905536.66102	232.314	0.047	5.385	319.272	0.180
1618905536.67216	232.368	0.047	5.423	319.433	0.178
1618905536.68205	232.355	0.047	5.415	319.353	0.178
1618905536.72144	232.430	0.048	5.419	319.433	0.181
1618905536.73317	232.392	0.047	5.385	319.353	0.183
1618905536.74546	232.415	0.048	5.470	319.594	0.185
1618905536.78940	232.362	0.047	5.423	319.433	0.186
1618905536.80243	232.371	0.047	5.414	319.353	0.176
1618905536.84025	232.420	0.048	5.522	319.433	0.180
1618905536.84107	232.459	0.047	5.445	319.514	0.179
1618905536.88007	232.481	0.048	5.453	319.514	0.175
1618905536.89522	232.464	0.047	5.409	319.514	0.176
1618905536.90346	232.474	0.047	5.516	319.594	0.177
1618905536.94224	232.401	0.047	5.405	319.353	0.176
1618905536.94303	232.420	0.047	5.395	319.433	0.175
1618905536.98147	232.425	0.047	5.415	319.353	0.182
1618905537.01948	232.466	0.047	5.450	319.353	0.181
1618905537.02107	232.434	0.046	5.359	319.594	0.170
1618905537.03107	232.466	0.047	5.473	319.594	0.174
1618905537.06815	232.395	0.047	5.427	319.514	0.179
1618905537.07014	232.413	0.047	5.473	319.514	0.181
1618905537.09118	232.379	0.047	5.407	319.192	0.192
1618905537.10093	232.457	0.048	5.463	319.433	0.189
1618905537.13790	232.409	0.048	5.421	319.192	0.188
1618905537.15191	232.415	0.048	5.456	319.514	0.181
1618905537.16247	232.400	0.047	5.399	319.433	0.176
1618905537.20544	232.359	0.048	5.442	319.433	0.176
1618905537.21105	232.336	0.047	5.481	319.514	0.175
1618905537.22146	232.350	0.048	5.496	319.353	0.177
1618905537.25998	232.346	0.047	5.394	319.353	0.175
1618905537.26092	232.347	0.047	5.396	319.192	0.175
1618905537.29793	232.335	0.047	5.378	319.272	0.177
1618905537.31193	232.328	0.047	5.401	319.514	0.175
1618905537.32193	232.295	0.047	5.362	319.353	0.176
1618905537.36128	232.312	0.048	5.532	319.272	0.183
1618905537.37241	232.310	0.047	5.417	319.433	0.178
1618905537.38245	232.341	0.048	5.445	319.192	0.185
1618905537.42143	232.339	0.047	5.407	319.353	0.185
1618905537.42210	232.363	0.047	5.463	319.272	0.183
1618905537.46004	232.375	0.047	5.500	319.272	0.180
1618905537.50747	232.390	0.047	5.453	319.353	0.180
1618905537.50808	232.365	0.047	5.445	319.353	0.179
1618905537.51143	232.433	0.047	5.549	319.514	0.176
1618905537.55046	232.426	0.047	5.460	319.433	0.178
1618905537.55109	232.441	0.047	5.340	319.594	0.179
1618905537.57049	232.425	0.047	5.373	319.433	0.174
1618905537.58747	232.510	0.047	5.398	319.353	0.174
1618905537.62538	232.462	0.046	5.326	319.514	0.177
1618905537.62708	232.454	0.047	5.499	319.514	0.176
1618905537.66514	232.478	0.047	5.432	319.594	0.174
1618905537.66691	232.548	0.047	5.494	319.514	0.187
1618905537.70591	232.510	0.047	5.404	319.433	0.181
1618905537.70692	232.516	0.047	5.438	319.514	0.180
1618905537.74549	232.465	0.047	5.408	319.433	0.179
1618905537.74709	232.525	0.047	5.463	319.514	0.176
1618905537.78552	232.455	0.047	5.421	319.353	0.177
1618905537.79147	232.535	0.047	5.550	319.514	0.174
1618905537.80145	232.547	0.047	5.472	319.594	0.176
1618905537.84823	232.587	0.047	5.496	319.675	0.178
1618905537.88714	232.509	0.047	5.419	319.514	0.176
1618905537.89004	232.435	0.046	5.278	319.353	0.176
1618905537.92702	232.429	0.047	5.502	319.111	0.180
1618905537.92792	232.441	0.047	5.479	319.272	0.185
1618905537.94992	232.535	0.047	5.476	319.594	0.180
1618905537.99792	232.491	0.047	5.445	319.514	0.181
1618905538.00120	232.532	0.047	5.457	319.514	0.186
1618905538.01346	232.475	0.047	5.409	319.514	0.177
1618905538.02344	232.499	0.047	5.455	319.433	0.175
1618905538.06196	232.427	0.047	5.425	319.353	0.174
1618905538.06291	232.441	0.047	5.478	319.514	0.177
1618905538.10148	232.425	0.047	5.486	319.272	0.185
1618905538.15347	232.483	0.047	5.498	319.433	0.179
1618905538.15511	232.446	0.047	5.429	319.514	0.177
1618905538.15744	232.447	0.047	5.447	319.353	0.176
1618905538.18245	232.416	0.047	5.329	319.272	0.175
1618905538.18810	232.402	0.047	5.370	319.353	0.171
1618905538.23724	232.360	0.046	5.344	319.433	0.173
1618905538.23803	232.400	0.047	5.536	319.433	0.178
1618905538.24745	232.430	0.047	5.433	319.594	0.175
1618905538.28599	232.415	0.047	5.493	319.433	0.185
1618905538.28694	232.392	0.047	5.360	319.433	0.180
1618905538.31094	232.424	0.047	5.458	319.433	0.180
1618905538.32095	232.403	0.047	5.445	319.353	0.178
1618905538.35849	232.413	0.048	5.511	319.353	0.181
1618905538.37046	232.321	0.047	5.397	319.272	0.178
1618905538.38115	232.352	0.047	5.539	319.272	0.179
1618905538.41851	232.303	0.047	5.384	319.272	0.177
1618905538.43448	232.300	0.047	5.400	319.111	0.178
1618905538.44214	232.276	0.047	5.383	319.111	0.178
1618905538.48041	232.302	0.047	5.439	319.111	0.176
1618905538.49149	232.350	0.047	5.388	319.272	0.174
1618905538.50250	232.412	0.047	5.481	319.433	0.174
1618905538.54851	232.416	0.047	5.433	319.353	0.174
1618905538.58650	232.378	0.047	5.432	319.272	0.182
1618905538.62454	232.391	0.047	5.411	319.192	0.181
1618905538.62648	232.365	0.047	5.340	319.353	0.179
1618905538.62810	232.438	0.047	5.437	319.353	0.180
1618905538.64148	232.458	0.047	5.431	319.353	0.178
1618905538.67850	232.522	0.047	5.495	319.433	0.176
1618905538.69149	232.437	0.047	5.506	319.433	0.180
1618905538.70112	232.482	0.047	5.473	319.514	0.178
1618905538.73825	232.435	0.047	5.367	319.433	0.178
1618905538.75124	232.455	0.047	5.422	319.433	0.179
1618905538.76152	232.448	0.047	5.368	319.353	0.175
1618905538.79960	232.501	0.047	5.383	319.353	0.177
1618905538.81111	232.488	0.047	5.411	319.594	0.171
1618905538.82099	232.498	0.047	5.499	319.514	0.181
1618905538.86900	232.470	0.047	5.441	319.433	0.190
1618905538.91237	232.439	0.047	5.425	319.192	0.194
1618905538.92109	232.486	0.048	5.501	319.353	0.181
1618905538.96202	232.485	0.047	5.441	319.111	0.187
1618905539.00156	232.439	0.047	5.448	319.353	0.178
1618905539.00218	232.453	0.047	5.535	319.353	0.178
1618905539.01253	232.433	0.047	5.447	319.353	0.178
1618905539.05032	232.421	0.047	5.460	319.353	0.179
1618905539.05105	232.420	0.047	5.382	319.353	0.178
1618905539.06903	232.444	0.047	5.389	319.433	0.176
1618905539.08155	232.418	0.047	5.355	319.353	0.185
1618905539.11954	232.403	0.047	5.468	319.433	0.183
1618905539.13154	232.365	0.047	5.447	319.433	0.177
1618905539.14253	232.387	0.047	5.490	319.433	0.179
1618905539.18057	232.383	0.047	5.408	319.433	0.180
1618905539.18219	232.432	0.047	5.495	319.272	0.183
1618905539.22255	232.460	0.047	5.486	319.353	0.178
1618905539.23235	232.386	0.047	5.422	319.353	0.181
1618905539.24221	232.327	0.047	5.421	319.353	0.177
1618905539.29056	232.334	0.047	5.493	319.353	0.176
1618905539.32860	232.340	0.047	5.542	319.433	0.179
1618905539.33019	232.377	0.047	5.458	319.353	0.180
1618905539.36753	232.436	0.047	5.476	319.353	0.180
1618905539.36813	232.447	0.047	5.383	319.514	0.173
1618905539.39152	232.458	0.047	5.392	319.594	0.177
1618905539.40652	232.429	0.047	5.455	319.353	0.183
1618905539.43051	232.448	0.047	5.501	319.514	0.185
1618905539.45134	232.428	0.047	5.405	319.514	0.178
1618905539.46118	232.421	0.047	5.431	319.514	0.179
1618905539.50054	232.433	0.047	5.470	319.272	0.181
1618905539.50119	232.455	0.048	5.533	319.353	0.182
1618905539.54153	232.428	0.047	5.405	319.353	0.179
1618905539.54219	232.457	0.047	5.467	319.514	0.177
1618905539.58055	232.443	0.047	5.494	319.353	0.179
1618905539.62056	232.471	0.047	5.408	319.353	0.180
1618905539.62219	232.479	0.047	5.415	319.514	0.178
1618905539.66826	232.446	0.047	5.399	319.353	0.179
1618905539.70656	232.415	0.047	5.350	319.353	0.174
1618905539.70719	232.447	0.047	5.449	319.433	0.180
1618905539.74532	232.442	0.047	5.444	319.433	0.180
1618905539.74718	232.486	0.047	5.482	319.353	0.183
1618905539.76254	232.466	0.047	5.418	319.514	0.178
1618905539.80054	232.474	0.047	5.471	319.353	0.178
1618905539.80118	232.454	0.047	5.436	319.353	0.173
1618905539.82229	232.450	0.047	5.471	319.433	0.175
1618905539.86012	232.442	0.047	5.441	319.353	0.177
1618905539.86100	232.399	0.047	5.522	319.433	0.179
1618905539.88227	232.416	0.047	5.412	319.353	0.179
1618905539.92045	232.465	0.048	5.497	319.514	0.181
1618905539.92219	232.484	0.047	5.400	319.594	0.176
1618905539.94151	232.477	0.047	5.408	319.433	0.176
1618905539.97955	232.304	0.046	5.244	319.514	0.170
1618905539.98116	232.077	0.046	5.359	319.031	0.170
1618905540.02055	232.027	0.047	5.436	318.950	0.170
1618905540.02618	232.069	0.047	5.512	318.950	0.182
1618905540.06311	232.058	0.047	5.396	318.870	0.178
1618905540.07700	232.106	0.047	5.436	318.950	0.179
1618905540.11800	232.052	0.047	5.391	318.870	0.186
1618905540.12000	232.055	0.047	5.426	318.950	0.177
1618905540.15700	232.069	0.048	5.461	318.950	0.178
1618905540.15800	232.041	0.047	5.495	318.950	0.179
1618905540.19660	232.089	0.047	5.534	318.950	0.182
1618905540.20762	232.034	0.047	5.394	318.870	0.179
1618905540.25104	232.052	0.047	5.453	318.950	0.177
1618905540.25324	232.054	0.047	5.425	318.789	0.178
1618905540.29059	232.068	0.047	5.417	318.950	0.176
1618905540.30156	232.077	0.047	5.525	318.950	0.178
1618905540.33859	232.120	0.047	5.540	319.031	0.177
1618905540.34021	232.219	0.047	5.493	319.111	0.180
1618905540.37754	232.191	0.047	5.434	319.192	0.181
1618905540.42558	232.182	0.047	5.485	319.111	0.185
1618905540.42720	232.233	0.048	5.494	319.353	0.179
1618905540.45133	232.233	0.047	5.491	319.192	0.179
1618905540.48811	232.294	0.047	5.539	319.272	0.177
1618905540.49002	232.282	0.047	5.394	319.272	0.179
1618905540.51263	232.275	0.048	5.459	319.031	0.188
1618905540.52120	232.530	0.049	5.591	319.675	0.181
1618905540.56062	232.726	0.047	5.443	319.755	0.176
1618905540.59854	232.705	0.047	5.428	319.836	0.173
1618905540.59993	232.678	0.046	5.430	319.997	0.174
1618905540.63758	232.699	0.047	5.491	319.997	0.187
1618905540.63821	232.652	0.047	5.447	319.997	0.183
1618905540.67735	232.660	0.047	5.399	319.836	0.177
1618905540.67831	232.609	0.047	5.411	319.755	0.180
1618905540.74559	232.614	0.047	5.448	319.755	0.182
1618905540.74720	232.542	0.047	5.538	319.675	0.176
1618905540.78560	232.533	0.047	5.487	319.675	0.174
1618905540.78720	232.524	0.047	5.371	319.594	0.177
1618905540.82558	232.452	0.047	5.386	319.514	0.178
1618905540.82621	232.529	0.049	5.536	319.594	0.201
1618905540.86333	232.580	0.048	5.448	319.594	0.193
1618905540.86656	232.645	0.046	5.389	320.319	0.164
1618905540.90365	232.639	0.047	5.398	320.479	0.176
1618905540.90525	232.724	0.047	5.451	319.916	0.182
1618905540.94363	232.652	0.047	5.441	320.077	0.185
1618905540.94531	232.674	0.047	5.441	319.916	0.183
1618905540.98260	232.650	0.047	5.421	319.997	0.179
1618905540.98324	232.704	0.047	5.536	319.836	0.178
1618905541.02160	232.700	0.047	5.434	319.916	0.176
1618905541.03165	232.731	0.047	5.477	320.077	0.176
1618905541.04124	232.632	0.047	5.470	319.916	0.177
1618905541.07843	232.584	0.047	5.458	319.836	0.177
1618905541.09240	232.521	0.047	5.368	319.675	0.178
1618905541.10154	232.552	0.047	5.415	319.675	0.179
1618905541.13861	232.532	0.047	5.365	319.675	0.180
1618905541.18861	232.634	0.047	5.430	319.755	0.174
1618905541.19165	232.622	0.047	5.486	319.836	0.179
1618905541.23192	232.574	0.046	5.407	319.997	0.178
1618905541.23220	232.561	0.047	5.496	319.836	0.186
1618905541.24139	232.519	0.047	5.390	319.836	0.178
1618905541.27862	232.543	0.048	5.457	319.755	0.191
1618905541.28024	232.475	0.047	5.431	319.594	0.185
1618905541.31741	232.523	0.047	5.454	319.916	0.177
1618905541.31823	232.517	0.047	5.470	319.836	0.178
1618905541.35658	232.541	0.047	5.522	319.755	0.177
1618905541.39565	232.523	0.047	5.521	319.755	0.180
1618905541.39625	232.543	0.047	5.390	319.675	0.176
1618905541.42160	232.565	0.047	5.477	319.755	0.177
1618905541.45865	232.556	0.047	5.442	319.675	0.174
1618905541.46910	232.566	0.047	5.381	319.755	0.174
1618905541.48109	232.508	0.047	5.448	319.755	0.185
1618905541.52162	232.578	0.048	5.527	319.675	0.187
1618905541.53170	232.536	0.047	5.397	319.916	0.178
1618905541.54141	232.604	0.048	5.509	319.755	0.180
1618905541.58066	232.576	0.047	5.452	319.836	0.179
1618905541.61866	232.553	0.047	5.375	319.836	0.173
1618905541.66723	232.557	0.047	5.464	319.916	0.173
1618905541.67019	232.534	0.047	5.512	319.755	0.176
1618905541.71136	232.484	0.047	5.379	319.514	0.188
1618905541.71220	232.504	0.047	5.426	319.353	0.187
1618905541.72563	232.474	0.047	5.353	319.594	0.175
1618905541.76262	232.500	0.047	5.379	319.675	0.176
1618905541.76325	232.473	0.047	5.457	319.755	0.175
1618905541.80161	232.508	0.047	5.448	319.755	0.179
1618905541.80326	232.464	0.047	5.397	319.836	0.178
1618905541.84138	232.473	0.047	5.421	319.755	0.179
1618905541.84218	232.447	0.047	5.424	319.755	0.185
1618905541.88019	232.453	0.047	5.484	319.594	0.180
1618905541.89209	232.433	0.047	5.404	319.594	0.188
1618905541.93010	232.474	0.048	5.487	319.675	0.181
1618905541.93108	232.443	0.048	5.457	319.675	0.181
1618905541.94109	232.471	0.047	5.533	319.594	0.180
1618905541.97808	232.426	0.047	5.423	319.514	0.182
1618905541.98909	232.466	0.048	5.478	319.433	0.181
1618905542.00062	232.440	0.047	5.368	319.514	0.182
1618905542.03746	232.475	0.047	5.464	319.675	0.178
1618905542.04941	232.473	0.047	5.399	319.755	0.178
1618905542.06128	232.474	0.047	5.444	319.675	0.179
1618905542.10117	232.455	0.047	5.445	319.755	0.188
1618905542.11008	232.495	0.048	5.533	319.755	0.183
1618905542.12210	232.447	0.047	5.441	319.755	0.181
1618905542.16508	232.488	0.048	5.499	319.594	0.181
1618905542.16608	232.478	0.047	5.429	319.675	0.186
1618905542.20370	232.497	0.048	5.484	319.675	0.185
1618905542.24822	232.474	0.048	5.471	319.675	0.180
1618905542.25011	232.330	0.048	5.429	319.353	0.181
1618905542.26024	232.164	0.048	5.398	319.272	0.185
1618905542.29763	232.131	0.048	5.412	319.031	0.192
1618905542.30947	232.148	0.048	5.417	319.111	0.185
1618905542.32029	232.117	0.047	5.398	319.111	0.179
1618905542.35746	232.141	0.047	5.403	319.031	0.185
1618905542.37168	232.096	0.047	5.373	319.192	0.179
1618905542.38161	232.134	0.048	5.507	319.192	0.187
1618905542.41863	232.136	0.048	5.472	319.272	0.185
1618905542.43064	232.097	0.048	5.433	319.111	0.188
1618905542.44163	232.055	0.048	5.443	319.111	0.186
1618905542.47867	232.015	0.048	5.487	318.950	0.190
1618905542.48966	231.980	0.048	5.414	318.950	0.183
1618905542.50145	232.012	0.048	5.463	318.950	0.183
1618905542.53866	231.971	0.048	5.497	319.031	0.181
1618905542.57667	232.021	0.048	5.560	319.031	0.182
1618905542.57729	232.028	0.048	5.446	319.031	0.181
1618905542.58963	232.073	0.048	5.473	319.192	0.183
1618905542.62769	232.050	0.047	5.376	319.031	0.182
1618905542.62942	232.109	0.048	5.444	319.031	0.178
1618905542.64344	232.078	0.048	5.398	319.111	0.182
1618905542.66319	232.124	0.048	5.512	319.353	0.185
1618905542.70211	232.113	0.048	5.508	319.272	0.185
1618905542.70310	232.150	0.048	5.515	319.192	0.189
1618905542.74111	232.131	0.047	5.396	319.353	0.185
1618905542.75033	232.141	0.048	5.472	319.111	0.188
1618905542.76263	232.136	0.048	5.475	319.192	0.178
1618905542.80134	232.185	0.048	5.511	319.272	0.186
1618905542.81169	232.164	0.047	5.409	319.272	0.179
1618905542.82143	232.122	0.048	5.511	319.111	0.182
1618905542.85840	232.080	0.047	5.422	319.111	0.181
1618905542.85911	232.149	0.048	5.435	319.272	0.181
1618905542.89744	232.078	0.047	5.390	319.111	0.183
1618905542.94068	232.144	0.048	5.415	319.111	0.185
1618905542.94229	232.119	0.047	5.376	319.272	0.180
1618905542.95061	232.137	0.048	5.450	319.192	0.183
1618905542.96374	232.179	0.048	5.522	319.272	0.186
1618905543.00171	232.235	0.048	5.518	319.353	0.190
1618905543.01275	232.193	0.047	5.428	319.353	0.185
1618905543.02132	232.201	0.048	5.434	319.353	0.190
1618905543.05845	232.194	0.048	5.442	319.192	0.187
1618905543.06920	232.225	0.048	5.489	319.272	0.185
1618905543.08272	232.222	0.048	5.442	319.272	0.185
1618905543.12147	232.251	0.048	5.521	319.433	0.183
1618905543.13172	232.190	0.048	5.473	319.353	0.178
1618905543.14151	232.205	0.048	5.394	319.192	0.186
1618905543.17974	232.142	0.048	5.413	319.192	0.182
1618905543.18135	232.195	0.048	5.467	319.353	0.182
1618905543.21871	232.165	0.047	5.402	319.192	0.178
1618905543.22937	232.169	0.047	5.417	319.272	0.178
1618905543.25341	232.138	0.047	5.420	319.353	0.180
1618905543.29273	232.089	0.048	5.485	319.192	0.186
1618905543.29432	232.110	0.048	5.439	319.192	0.192
1618905543.30170	232.165	0.048	5.509	319.111	0.188
1618905543.33972	232.146	0.047	5.414	319.031	0.189
1618905543.34127	232.172	0.048	5.504	319.031	0.187
1618905543.37872	232.143	0.048	5.422	319.111	0.183
1618905543.41773	232.127	0.048	5.439	319.111	0.178
1618905543.41835	232.089	0.047	5.489	319.192	0.179
1618905543.42951	232.117	0.048	5.611	319.192	0.187
1618905543.46728	232.158	0.048	5.459	319.192	0.187
1618905543.46817	232.184	0.048	5.467	319.192	0.186
1618905543.47918	232.158	0.047	5.372	319.031	0.180
1618905543.52115	232.146	0.047	5.412	319.031	0.178
1618905543.52216	232.064	0.047	5.337	318.950	0.177
1618905543.55917	232.078	0.048	5.522	319.111	0.180
1618905543.56640	232.118	0.048	5.471	319.111	0.181
1618905543.60774	232.149	0.048	5.520	319.272	0.185
1618905543.60930	232.181	0.047	5.437	319.353	0.181
1618905543.64775	232.195	0.048	5.497	319.192	0.181
1618905543.64928	232.165	0.047	5.476	319.272	0.178
1618905543.65922	232.143	0.048	5.516	319.353	0.186
1618905543.69716	232.113	0.048	5.417	319.192	0.185
1618905543.70817	232.174	0.048	5.475	319.192	0.178
1618905543.71917	232.105	0.048	5.477	319.192	0.182
1618905543.75816	232.104	0.048	5.484	319.192	0.187
1618905543.76978	232.117	0.048	5.413	319.272	0.180
1618905543.77935	232.138	0.048	5.443	319.353	0.183
1618905543.81870	232.129	0.047	5.398	319.111	0.179
1618905543.81932	232.158	0.048	5.386	319.353	0.179
1618905543.85747	232.180	0.047	5.433	319.433	0.179
1618905543.86740	232.236	0.048	5.547	319.433	0.187
1618905543.90478	232.228	0.048	5.444	319.514	0.186
1618905543.90734	232.225	0.047	5.417	319.433	0.189
1618905543.91978	232.167	0.047	5.394	319.353	0.188
1618905543.96128	232.161	0.048	5.474	319.353	0.187
1618905543.97018	232.114	0.047	5.415	319.192	0.185
1618905543.98141	232.114	0.048	5.452	318.950	0.189
1618905544.01872	232.112	0.048	5.456	319.353	0.181
1618905544.02972	232.160	0.048	5.576	319.192	0.181
1618905544.04171	232.135	0.047	5.380	319.272	0.182
1618905544.07921	232.132	0.048	5.426	319.111	0.183
1618905544.09218	232.066	0.047	5.346	319.192	0.177
1618905544.10118	232.101	0.047	5.404	319.031	0.179
1618905544.14747	232.040	0.047	5.305	319.031	0.176
1618905544.18471	232.079	0.047	5.465	319.272	0.182
1618905544.19369	232.128	0.047	5.488	319.353	0.176
1618905544.20270	232.089	0.047	5.391	319.353	0.170
1618905544.24171	232.085	0.047	5.477	319.031	0.178
1618905544.25231	232.068	0.047	5.469	319.111	0.179
1618905544.26229	232.095	0.047	5.448	319.111	0.177
1618905544.30154	232.056	0.048	5.457	319.031	0.179
1618905544.30231	232.103	0.048	5.597	319.192	0.182
1618905544.33980	232.048	0.047	5.470	319.192	0.177
1618905544.37881	232.078	0.048	5.531	319.111	0.179
1618905544.37939	232.050	0.048	5.447	319.031	0.182
1618905544.39276	232.116	0.047	5.423	319.192	0.176
1618905544.42974	232.065	0.047	5.348	319.031	0.174
1618905544.43140	232.122	0.047	5.512	319.192	0.177
1618905544.44954	232.111	0.048	5.493	319.272	0.175
1618905544.45925	232.058	0.047	5.481	319.192	0.185
1618905544.49774	232.033	0.048	5.447	319.111	0.183
1618905544.51178	232.050	0.048	5.490	319.111	0.186
1618905544.52974	231.989	0.047	5.450	319.111	0.179
1618905544.57073	232.065	0.048	5.573	319.111	0.181
1618905544.57977	232.104	0.048	5.471	319.192	0.179
1618905544.61775	232.066	0.048	5.486	319.272	0.183
1618905544.61939	232.099	0.048	5.543	319.272	0.178
1618905544.65729	232.029	0.047	5.429	319.192	0.177
1618905544.67019	232.045	0.048	5.426	319.272	0.178
1618905544.68170	232.030	0.047	5.386	318.950	0.179
1618905544.71976	232.098	0.047	5.398	319.272	0.179
1618905544.72137	232.085	0.041	4.556	319.353	0.158
1618905544.76226	232.088	0.035	3.702	319.272	0.147
1618905544.76314	232.050	0.032	3.282	319.192	0.139
1618905544.80150	232.032	0.029	2.906	318.950	0.140
1618905544.80234	231.963	0.026	2.623	318.870	0.122
1618905544.84272	231.972	0.027	2.683	318.950	0.122
1618905544.84336	231.959	0.027	2.689	318.950	0.118
1618905544.88223	232.007	0.027	2.663	319.031	0.117
1618905544.88719	231.968	0.027	2.663	318.950	0.114
1618905544.92474	232.026	0.027	2.740	319.031	0.119
1618905544.92639	232.013	0.027	2.701	319.192	0.118
1618905544.96379	232.035	0.027	2.616	319.111	0.118
1618905544.96939	231.997	0.030	3.079	319.111	0.132
1618905545.00783	232.025	0.027	2.700	319.192	0.118
1618905545.00975	232.036	0.027	2.637	319.272	0.112
1618905545.04780	232.058	0.027	2.677	319.353	0.117
1618905545.04939	232.059	0.027	2.699	319.433	0.112
1618905545.05948	232.064	0.027	2.689	319.353	0.123
1618905545.09875	232.039	0.027	2.681	319.111	0.119
1618905545.09940	232.079	0.027	2.700	319.111	0.124
1618905545.13777	232.038	0.027	2.598	319.192	0.127
1618905545.13840	232.019	0.027	2.685	319.272	0.119
1618905545.17776	232.010	0.027	2.608	319.111	0.118
1618905545.21676	231.956	0.027	2.710	319.111	0.118
1618905545.21837	231.940	0.027	2.679	319.031	0.118
1618905545.21979	231.955	0.027	2.697	319.192	0.122
1618905545.25827	231.962	0.027	2.641	319.111	0.121
1618905545.25922	232.019	0.027	2.661	319.192	0.119
1618905545.30134	231.982	0.026	2.640	319.031	0.111
1618905545.30924	231.953	0.026	2.613	318.789	0.107
1618905545.34783	231.945	0.026	2.607	318.789	0.109
1618905545.34841	231.958	0.027	2.701	319.192	0.123
1618905545.36978	231.974	0.027	2.682	319.111	0.122
1618905545.40785	232.023	0.027	2.701	319.192	0.121
1618905545.41133	232.011	0.026	2.535	319.111	0.122
1618905545.41936	232.004	0.027	2.589	319.031	0.126
1618905545.45758	231.997	0.027	2.598	319.031	0.118
1618905545.46934	231.954	0.027	2.668	319.192	0.117
1618905545.48123	231.945	0.027	2.702	318.950	0.116
1618905545.52029	231.912	0.027	2.702	318.870	0.118
1618905545.52924	231.893	0.026	2.524	318.870	0.119
1618905545.53925	231.880	0.027	2.603	318.628	0.114
1618905545.57876	231.910	0.027	2.659	318.870	0.119
1618905545.57940	231.906	0.027	2.641	318.789	0.118
1618905545.61777	231.852	0.026	2.580	319.031	0.114
1618905545.66156	231.861	0.027	2.672	318.950	0.119
1618905545.66238	231.863	0.027	2.722	319.031	0.123
1618905545.66318	231.946	0.027	2.721	319.111	0.120
1618905545.70224	231.965	0.027	2.714	319.192	0.122
1618905545.70323	232.052	0.027	2.657	319.192	0.121
1618905545.72925	232.000	0.027	2.624	319.192	0.123
1618905545.76784	232.002	0.027	2.648	319.192	0.121
1618905545.76842	231.960	0.027	2.623	319.111	0.118
1618905545.80833	232.005	0.028	2.755	319.353	0.120
1618905545.84681	232.047	0.027	2.671	319.272	0.122
1618905545.85145	232.023	0.027	2.609	319.192	0.118
1618905545.88883	232.014	0.027	2.631	319.192	0.118
1618905545.88942	231.968	0.026	2.609	319.192	0.114
1618905545.89980	231.956	0.026	2.585	319.272	0.116
1618905545.93777	231.953	0.027	2.654	319.272	0.120
1618905545.93842	232.026	0.027	2.719	319.353	0.124
1618905545.97676	232.029	0.028	2.759	319.433	0.124
1618905545.97942	232.100	0.030	3.082	319.514	0.142
1618905546.01980	232.052	0.026	2.562	319.353	0.118
1618905546.02140	232.029	0.027	2.679	319.192	0.122
1618905546.05941	231.972	0.027	2.601	319.192	0.118
1618905546.06144	231.956	0.027	2.710	319.272	0.118
1618905546.09878	231.930	0.026	2.621	319.192	0.115
1618905546.09941	231.974	0.027	2.698	319.111	0.120
1618905546.13778	231.974	0.026	2.581	319.111	0.116
1618905546.14884	232.044	0.027	2.665	319.192	0.115
1618905546.18683	231.988	0.026	2.620	319.111	0.114
1618905546.18844	231.995	0.027	2.663	319.111	0.114
1618905546.21181	231.954	0.027	2.598	319.111	0.115
1618905546.21981	232.031	0.027	2.680	319.272	0.117
1618905546.25790	232.034	0.027	2.680	319.192	0.117
1618905546.25835	232.074	0.027	2.714	319.192	0.128
1618905546.29684	232.068	0.027	2.631	319.192	0.122
1618905546.30843	232.042	0.027	2.656	319.272	0.122
1618905546.32940	232.027	0.027	2.649	319.272	0.126
1618905546.33878	232.050	0.028	2.676	319.353	0.120
1618905546.37779	232.047	0.027	2.737	319.433	0.119
1618905546.37846	232.065	0.027	2.708	319.353	0.118
1618905546.41700	232.048	0.027	2.673	319.272	0.121
1618905546.41745	232.049	0.027	2.592	319.111	0.121
1618905546.45455	231.987	0.027	2.561	319.111	0.122
1618905546.49429	231.969	0.027	2.603	319.192	0.119
1618905546.49624	231.935	0.026	2.620	319.031	0.116
1618905546.49925	232.001	0.027	2.636	319.111	0.119
1618905546.53881	231.975	0.027	2.648	319.353	0.122
1618905546.55187	232.025	0.027	2.689	319.192	0.128
1618905546.58882	231.959	0.027	2.612	319.272	0.123
1618905546.58943	231.939	0.027	2.660	319.111	0.126
1618905546.59987	231.860	0.027	2.581	319.031	0.126
1618905546.63781	231.824	0.027	2.607	319.031	0.118
1618905546.63848	231.864	0.027	2.714	319.192	0.115
1618905546.67937	231.931	0.027	2.755	319.272	0.118
1618905546.68949	231.950	0.027	2.687	319.433	0.117
1618905546.69983	232.001	0.027	2.679	319.353	0.122
1618905546.73756	231.910	0.026	2.549	319.192	0.120
1618905546.74980	231.933	0.026	2.571	319.111	0.116
1618905546.75987	231.894	0.026	2.563	319.192	0.112
1618905546.79783	231.939	0.027	2.623	319.111	0.114
1618905546.79844	231.939	0.026	2.543	319.111	0.112
1618905546.83687	231.992	0.027	2.688	319.353	0.120
1618905546.87631	232.018	0.027	2.672	319.272	0.122
1618905546.87726	231.966	0.027	2.572	319.031	0.120
1618905546.91427	232.027	0.027	2.675	319.272	0.120
1618905546.92127	232.037	0.027	2.624	319.353	0.121
1618905546.95852	232.134	0.028	2.810	319.675	0.118
1618905546.96784	232.104	0.027	2.708	319.594	0.117
1618905547.00685	232.110	0.030	3.002	319.433	0.135
1618905547.01960	232.055	0.027	2.699	319.192	0.120
1618905547.05738	232.057	0.027	2.650	319.272	0.119
1618905547.07882	232.110	0.027	2.692	319.272	0.119
1618905547.07946	232.084	0.027	2.574	319.353	0.115
1618905547.11880	232.147	0.027	2.689	319.433	0.118
1618905547.11949	232.076	0.026	2.577	319.675	0.121
1618905547.16184	232.105	0.027	2.661	319.433	0.123
1618905547.17986	232.088	0.027	2.691	319.192	0.127
1618905547.21782	232.094	0.027	2.629	319.433	0.121
1618905547.21846	232.054	0.027	2.675	319.433	0.118
1618905547.25639	232.072	0.027	2.642	319.594	0.115
1618905547.29429	232.080	0.027	2.690	319.433	0.114
1618905547.29570	232.010	0.026	2.641	319.353	0.115
1618905547.29727	232.015	0.027	2.661	319.272	0.118
1618905547.33483	231.987	0.027	2.573	319.192	0.119
1618905547.33646	232.054	0.027	2.691	319.353	0.120
1618905547.37383	232.029	0.026	2.557	319.433	0.114
1618905547.38789	232.066	0.027	2.601	319.514	0.114
1618905547.42465	232.000	0.026	2.537	319.514	0.117
1618905547.43682	232.009	0.027	2.673	319.272	0.120
1618905547.47386	231.961	0.026	2.608	319.433	0.121
1618905547.47449	231.999	0.027	2.648	319.353	0.124
1618905547.48877	232.034	0.027	2.641	319.272	0.118
1618905547.52682	232.078	0.027	2.752	319.433	0.124
1618905547.52847	232.083	0.027	2.631	319.594	0.115
1618905547.53884	232.062	0.027	2.646	319.594	0.115
1618905547.57685	232.014	0.027	2.697	319.433	0.116
1618905547.59993	232.042	0.027	2.626	319.353	0.123
1618905547.63787	232.081	0.027	2.631	319.433	0.116
1618905547.65944	232.043	0.026	2.622	319.433	0.114
1618905547.69766	231.999	0.026	2.516	319.433	0.111
1618905547.69864	231.962	0.027	2.644	319.433	0.119
1618905547.73661	231.932	0.026	2.633	319.514	0.120
1618905547.75382	231.963	0.027	2.704	319.433	0.120
1618905547.76149	231.998	0.027	2.587	319.594	0.127
1618905547.79884	232.078	0.027	2.707	319.433	0.123
1618905547.80963	232.048	0.027	2.663	319.433	0.118
1618905547.81986	232.052	0.027	2.635	319.594	0.122
1618905547.85757	231.974	0.027	2.637	319.433	0.115
1618905547.85845	231.961	0.027	2.713	319.433	0.118
1618905547.89641	231.956	0.027	2.666	319.353	0.122
1618905547.93987	232.006	0.027	2.629	319.514	0.120
1618905547.94148	232.033	0.026	2.563	319.433	0.117
1618905547.94261	232.075	0.026	2.659	319.675	0.112
1618905547.97988	232.012	0.025	2.528	319.514	0.109
1618905547.98249	231.962	0.026	2.544	319.594	0.112
1618905548.01988	231.928	0.029	3.043	319.433	0.128
1618905548.05860	231.935	0.027	2.695	319.433	0.118
1618905548.05930	231.907	0.026	2.598	319.433	0.116
1618905548.06931	231.952	0.027	2.654	319.514	0.117
1618905548.07989	231.940	0.027	2.638	319.192	0.119
1618905548.11790	231.976	0.027	2.659	319.514	0.127
1618905548.14184	231.925	0.027	2.785	319.433	0.115
1618905548.17885	231.927	0.027	2.692	319.514	0.116
1618905548.18987	232.009	0.027	2.701	319.594	0.119
1618905548.19988	231.999	0.027	2.585	319.514	0.121
1618905548.24145	232.015	0.027	2.644	319.514	0.119
1618905548.24241	231.997	0.026	2.598	319.433	0.114
1618905548.27944	232.002	0.026	2.610	319.594	0.114
1618905548.28984	231.951	0.026	2.572	319.433	0.111
1618905548.30187	232.017	0.027	2.695	319.514	0.119
1618905548.33888	231.995	0.027	2.637	319.594	0.123
1618905548.35387	232.016	0.027	2.626	319.594	0.124
1618905548.35849	232.002	0.027	2.622	319.675	0.121
1618905548.40586	231.988	0.027	2.651	319.675	0.120
1618905548.44687	231.931	0.027	2.630	319.514	0.117
1618905548.48644	232.020	0.027	2.694	319.594	0.118
1618905548.48736	231.977	0.027	2.676	319.514	0.118
1618905548.49835	232.028	0.027	2.619	319.433	0.119
1618905548.53631	231.954	0.026	2.523	319.272	0.116
1618905548.54890	231.959	0.026	2.583	319.433	0.112
1618905548.55853	231.901	0.026	2.501	319.353	0.115
1618905548.59697	231.979	0.027	2.709	319.433	0.117
1618905548.62189	232.038	0.027	2.699	319.514	0.122
1618905548.64690	232.012	0.026	2.581	319.514	0.119
1618905548.66590	232.033	0.027	2.643	319.514	0.119
1618905548.67890	232.005	0.027	2.642	319.272	0.116
1618905548.71889	232.025	0.027	2.629	319.594	0.114
1618905548.72968	232.000	0.027	2.603	319.433	0.115
1618905548.73992	232.049	0.027	2.753	319.514	0.116
1618905548.77788	232.023	0.027	2.663	319.675	0.118
1618905548.77852	232.055	0.027	2.618	319.514	0.119
1618905548.81676	231.992	0.026	2.564	319.433	0.116
1618905548.83487	232.018	0.027	2.654	319.353	0.121
1618905548.84254	231.997	0.026	2.572	319.433	0.116
1618905548.88139	232.099	0.027	2.639	319.675	0.115
1618905548.89335	232.109	0.027	2.681	319.514	0.117
1618905548.93169	232.143	0.026	2.662	319.594	0.118
1618905548.93330	232.118	0.026	2.647	319.675	0.117
1618905548.93940	232.089	0.027	2.604	319.514	0.124
1618905548.97791	232.034	0.026	2.605	319.353	0.116
1618905548.98891	232.096	0.027	2.719	319.514	0.117
1618905548.99997	232.104	0.028	2.814	319.514	0.121
1618905549.03794	232.180	0.030	3.011	319.675	0.126
1618905549.05221	232.150	0.027	2.708	319.594	0.119
1618905549.06151	232.160	0.027	2.680	319.675	0.121
1618905549.09850	232.056	0.026	2.544	319.433	0.115
1618905549.09940	232.047	0.027	2.600	318.870	0.117
1618905549.13794	232.020	0.026	2.544	319.111	0.119
1618905549.14896	232.081	0.026	2.589	319.514	0.112
1618905549.15996	232.096	0.026	2.554	319.514	0.116
1618905549.19893	232.140	0.027	2.681	319.433	0.122
1618905549.20894	232.092	0.026	2.607	319.594	0.122
1618905549.21963	232.074	0.027	2.668	319.514	0.122
1618905549.25768	232.045	0.026	2.543	319.353	0.119
1618905549.25849	232.030	0.027	2.680	319.192	0.122
1618905549.29684	232.037	0.027	2.665	319.192	0.118
1618905549.34495	232.089	0.027	2.642	319.514	0.119
1618905549.34661	232.076	0.027	2.685	319.514	0.117
1618905549.34854	232.119	0.027	2.711	319.433	0.120
1618905549.35858	232.065	0.027	2.653	319.514	0.116
1618905549.39674	232.109	0.027	2.723	319.433	0.121
1618905549.40881	232.088	0.027	2.592	319.272	0.119
1618905549.41992	232.136	0.027	2.633	319.433	0.118
1618905549.45765	232.115	0.026	2.561	319.433	0.116
1618905549.46886	232.108	0.027	2.636	319.433	0.116
1618905549.47993	232.031	0.026	2.597	319.353	0.119
1618905549.52194	232.018	0.026	2.582	319.272	0.124
1618905549.53293	231.928	0.027	2.562	319.192	0.121
1618905549.54194	232.042	0.027	2.690	319.192	0.124
1618905549.57998	232.072	0.027	2.715	319.353	0.119
1618905549.58157	232.125	0.027	2.676	319.433	0.118
1618905549.62896	232.084	0.027	2.600	319.433	0.117
1618905549.63052	232.075	0.027	2.700	319.433	0.116
1618905549.63997	232.020	0.027	2.662	319.433	0.117
1618905549.67892	232.040	0.027	2.646	319.272	0.118
1618905549.69291	231.993	0.026	2.544	319.192	0.116
1618905549.70292	232.059	0.027	2.680	319.272	0.119
1618905549.73994	232.097	0.026	2.552	319.353	0.114
1618905549.74158	232.145	0.026	2.570	319.514	0.116
1618905549.77891	232.078	0.026	2.576	319.353	0.115
1618905549.82397	232.045	0.026	2.589	319.514	0.120
1618905549.82465	231.974	0.027	2.629	319.111	0.121
1618905549.82762	232.008	0.027	2.657	319.111	0.123
1618905549.83997	232.042	0.027	2.626	319.031	0.121
1618905549.87801	232.119	0.027	2.676	319.192	0.120
1618905549.89866	232.109	0.027	2.638	319.433	0.115
1618905549.93701	232.071	0.027	2.687	319.353	0.112
1618905549.95998	232.025	0.026	2.578	319.272	0.121
1618905549.99895	232.074	0.027	2.638	319.353	0.116
1618905550.00896	232.051	0.027	2.634	319.192	0.118
1618905550.01983	232.068	0.030	3.065	319.192	0.132
1618905550.05857	232.059	0.027	2.644	319.272	0.116
1618905550.05879	232.051	0.027	2.619	319.272	0.122
1618905550.09677	232.011	0.026	2.613	319.192	0.120
1618905550.11096	232.050	0.027	2.679	319.353	0.124
1618905550.11999	232.038	0.027	2.605	319.272	0.126
1618905550.16198	232.087	0.027	2.674	319.272	0.122
1618905550.17363	232.091	0.027	2.595	319.433	0.118
1618905550.21199	232.074	0.027	2.660	319.353	0.115
1618905550.21263	231.979	0.027	2.605	319.272	0.114
1618905550.21857	232.024	0.027	2.708	319.272	0.119
1618905550.25676	231.977	0.027	2.669	319.192	0.122
1618905550.26873	232.030	0.027	2.625	319.192	0.123
1618905550.27844	232.043	0.027	2.600	319.111	0.120
1618905550.31798	232.109	0.027	2.633	319.192	0.121
1618905550.32902	232.037	0.026	2.510	319.272	0.116
1618905550.33899	232.034	0.026	2.575	319.272	0.117
1618905550.37805	231.991	0.027	2.600	319.272	0.120
1618905550.37865	232.039	0.027	2.663	319.433	0.124
1618905550.41900	232.002	0.027	2.645	319.192	0.128
1618905550.42798	232.062	0.027	2.637	319.192	0.124
1618905550.46462	232.057	0.027	2.636	319.192	0.121
1618905550.46677	232.084	0.027	2.675	319.192	0.121
1618905550.50377	232.019	0.027	2.538	319.192	0.118
1618905550.50477	232.031	0.028	2.699	319.433	0.118
1618905550.52781	232.037	0.027	2.642	319.192	0.118
1618905550.53697	232.072	0.027	2.732	319.272	0.120
1618905550.57370	232.095	0.027	2.590	319.353	0.116
1618905550.61200	232.144	0.027	2.609	319.433	0.116
1618905550.61363	232.079	0.026	2.584	319.192	0.114
1618905550.62898	232.091	0.027	2.606	319.192	0.115
1618905550.63761	232.066	0.027	2.643	319.353	0.116
1618905550.67494	232.104	0.027	2.660	319.272	0.124
1618905550.68897	232.084	0.027	2.649	319.272	0.121
1618905550.69860	232.130	0.027	2.674	319.433	0.126
1618905550.73675	232.070	0.027	2.591	319.272	0.129
1618905550.74996	232.115	0.027	2.644	319.192	0.121
1618905550.75995	232.061	0.027	2.603	319.272	0.124
1618905550.79894	232.048	0.027	2.657	319.353	0.119
1618905550.80995	232.062	0.027	2.654	319.192	0.118
1618905550.81991	232.107	0.027	2.736	319.433	0.120
1618905550.86850	232.079	0.027	2.705	319.192	0.121
1618905550.88197	232.033	0.027	2.592	319.192	0.121
1618905550.90697	232.005	0.027	2.550	319.111	0.117
1618905550.94398	231.967	0.026	2.520	319.192	0.115
1618905550.94555	232.028	0.027	2.632	319.272	0.119
1618905550.98396	232.010	0.027	2.638	319.272	0.121
1618905550.98459	232.038	0.027	2.642	319.272	0.121
1618905551.00901	232.045	0.026	2.595	319.353	0.123
1618905551.01898	232.057	0.027	2.730	319.272	0.123
1618905551.05652	231.990	0.030	3.092	319.192	0.139
1618905551.06848	231.974	0.027	2.705	319.272	0.116
1618905551.07847	231.948	0.027	2.611	319.111	0.114
1618905551.11748	232.016	0.027	2.724	319.272	0.117
1618905551.12848	232.012	0.027	2.686	319.272	0.121
1618905551.13848	232.025	0.027	2.669	319.272	0.121
1618905551.17800	232.018	0.026	2.565	319.111	0.117
1618905551.17866	232.031	0.027	2.640	319.192	0.117
1618905551.21705	231.997	0.026	2.592	319.272	0.114
1618905551.22668	232.046	0.027	2.610	319.353	0.115
1618905551.26381	232.062	0.026	2.659	319.514	0.115
1618905551.26460	232.095	0.027	2.693	319.272	0.122
1618905551.30303	232.088	0.026	2.636	319.192	0.123
1618905551.30373	232.094	0.027	2.666	319.272	0.124
1618905551.32879	232.070	0.027	2.652	319.272	0.126
1618905551.36655	232.118	0.027	2.680	319.272	0.122
1618905551.36740	232.095	0.027	2.611	319.272	0.116
1618905551.37947	232.164	0.027	2.689	319.353	0.115
1618905551.41751	232.154	0.027	2.671	319.433	0.114
1618905551.42850	232.188	0.027	2.693	319.594	0.114
1618905551.43849	232.104	0.026	2.653	319.353	0.117
1618905551.47659	232.109	0.026	2.596	319.192	0.117
1618905551.48649	232.081	0.027	2.635	319.111	0.117
1618905551.49849	232.129	0.027	2.682	319.111	0.112
1618905551.53654	232.157	0.026	2.600	319.514	0.115
1618905551.57405	232.199	0.027	2.644	319.514	0.117
1618905551.57529	232.155	0.026	2.615	319.433	0.118
1618905551.58860	232.127	0.027	2.635	319.353	0.123
1618905551.62559	232.050	0.026	2.542	319.353	0.122
1618905551.62750	232.057	0.027	2.720	319.192	0.119
1618905551.64750	232.068	0.027	2.599	319.192	0.115
1618905551.68456	232.101	0.027	2.659	319.514	0.116
1618905551.68549	232.091	0.027	2.689	319.433	0.112
1618905551.70849	232.123	0.027	2.735	319.433	0.121
1618905551.71947	232.067	0.026	2.620	319.433	0.117
1618905551.75946	232.056	0.027	2.594	319.272	0.117
1618905551.77248	232.013	0.027	2.591	319.192	0.118
1618905551.80948	232.074	0.027	2.673	319.272	0.117
1618905551.81148	232.053	0.026	2.603	319.514	0.115
1618905551.82050	232.100	0.027	2.672	319.433	0.117
1618905551.85877	232.096	0.027	2.643	319.514	0.119
1618905551.86842	232.093	0.027	2.675	319.514	0.121
1618905551.87849	232.045	0.026	2.558	319.353	0.123
1618905551.91949	232.054	0.027	2.689	319.272	0.123
1618905551.92949	232.036	0.027	2.647	319.272	0.120
1618905551.93949	232.088	0.027	2.703	319.353	0.117
1618905551.97947	232.075	0.027	2.588	319.594	0.115
1618905551.98049	232.085	0.027	2.710	319.514	0.119
1618905552.01847	232.045	0.027	2.669	319.514	0.115
1618905552.01973	232.068	0.027	2.682	319.433	0.118
1618905552.05774	232.045	0.029	2.840	319.353	0.134
1618905552.06948	232.092	0.028	2.860	319.353	0.118
1618905552.10947	232.065	0.026	2.583	319.433	0.114
1618905552.12703	232.031	0.030	3.112	319.433	0.131
1618905552.13901	231.952	0.027	2.681	319.192	0.122
1618905552.17878	231.959	0.026	2.631	319.192	0.121
1618905552.17963	232.032	0.027	2.700	319.192	0.124
1618905552.21805	232.043	0.027	2.640	319.272	0.121
1618905552.23001	232.119	0.027	2.749	319.353	0.122
1618905552.24875	232.096	0.027	2.599	319.353	0.118
1618905552.28604	232.116	0.027	2.626	319.353	0.111
1618905552.28771	232.067	0.027	2.689	319.192	0.114
1618905552.29869	232.083	0.026	2.638	319.433	0.116
1618905552.33809	232.054	0.026	2.536	319.031	0.118
1618905552.33872	232.122	0.027	2.680	319.353	0.117
1618905552.37605	232.119	0.026	2.638	319.353	0.115
1618905552.42204	232.200	0.027	2.697	319.514	0.114
1618905552.42470	232.176	0.027	2.661	319.514	0.116
1618905552.47487	232.146	0.026	2.597	319.514	0.118
1618905552.47586	232.169	0.027	2.648	319.433	0.119
1618905552.47765	232.145	0.027	2.650	319.433	0.120
1618905552.51608	232.197	0.027	2.635	319.433	0.126
1618905552.52606	232.163	0.027	2.582	319.353	0.119
1618905552.54709	232.173	0.027	2.626	319.433	0.119
1618905552.55872	232.133	0.027	2.663	319.433	0.114
1618905552.59609	232.162	0.027	2.745	319.433	0.119
1618905552.60909	232.108	0.026	2.607	319.353	0.118
1618905552.61872	232.138	0.027	2.668	319.433	0.119
1618905552.65588	232.114	0.027	2.606	319.353	0.120
1618905552.66855	232.143	0.026	2.591	319.514	0.114
1618905552.68078	232.121	0.026	2.561	319.272	0.110
1618905552.71908	232.124	0.026	2.634	319.514	0.114
1618905552.72968	232.084	0.026	2.564	319.675	0.114
1618905552.73988	232.089	0.026	2.608	319.514	0.122
1618905552.77908	232.082	0.027	2.623	319.353	0.120
1618905552.78076	232.146	0.027	2.680	319.272	0.124
1618905552.81906	232.113	0.026	2.601	319.353	0.120
1618905552.82404	232.075	0.027	2.697	319.272	0.117
1618905552.84007	232.013	0.026	2.592	319.353	0.116
1618905552.87856	232.017	0.027	2.638	319.272	0.116
1618905552.89076	231.999	0.026	2.667	319.192	0.112
1618905552.92863	232.011	0.026	2.712	319.031	0.111
1618905552.92950	232.011	0.026	2.523	319.192	0.116
1618905552.93851	232.069	0.027	2.620	319.111	0.118
1618905552.97551	232.033	0.026	2.562	319.031	0.118
1618905552.97751	232.035	0.027	2.616	319.111	0.115
1618905553.01751	231.968	0.026	2.596	319.192	0.120
1618905553.02850	232.014	0.027	2.707	319.272	0.127
1618905553.04849	232.017	0.027	2.643	319.272	0.123
1618905553.05860	232.079	0.031	3.118	319.192	0.135
1618905553.09708	232.082	0.027	2.584	319.111	0.123
1618905553.09874	232.114	0.027	2.657	319.272	0.126
1618905553.14101	232.024	0.027	2.599	319.031	0.121
1618905553.14775	232.081	0.027	2.641	319.353	0.120
1618905553.18486	232.068	0.027	2.630	319.192	0.117
1618905553.18774	232.069	0.027	2.681	319.111	0.119
1618905553.23865	232.041	0.027	2.642	319.192	0.118
1618905553.23951	232.073	0.027	2.595	319.111	0.121
1618905553.24252	232.093	0.027	2.597	319.192	0.118
1618905553.27993	232.116	0.027	2.671	319.272	0.112
1618905553.28261	232.085	0.026	2.530	319.111	0.106
1618905553.32110	232.133	0.026	2.658	319.514	0.116
1618905553.32275	232.094	0.026	2.568	319.433	0.122
1618905553.36085	232.136	0.027	2.680	319.433	0.120
1618905553.36267	232.107	0.026	2.565	319.433	0.119
1618905553.40011	232.104	0.027	2.619	319.433	0.119
1618905553.40075	232.055	0.026	2.526	319.353	0.118
1618905553.43912	232.025	0.027	2.660	319.192	0.118
1618905553.45363	232.056	0.027	2.619	319.272	0.115
1618905553.45458	232.131	0.027	2.768	319.433	0.114
1618905553.49307	232.123	0.027	2.668	319.272	0.118
1618905553.51811	232.115	0.027	2.643	319.272	0.118
1618905553.53109	232.040	0.026	2.512	319.192	0.117
1618905553.53909	232.064	0.027	2.634	319.192	0.115
1618905553.57708	232.072	0.026	2.560	319.272	0.115
1618905553.57873	232.126	0.027	2.645	319.353	0.114
1618905553.61811	232.140	0.026	2.632	319.514	0.119
1618905553.62574	232.190	0.027	2.706	319.433	0.122
1618905553.66368	232.178	0.027	2.682	319.594	0.124
1618905553.66553	232.194	0.027	2.611	319.514	0.122
1618905553.70409	232.128	0.027	2.616	319.433	0.121
1618905553.70570	232.136	0.027	2.595	319.353	0.119
1618905553.72809	232.101	0.027	2.582	319.514	0.116
1618905553.76505	232.127	0.027	2.642	319.353	0.115
1618905553.76778	232.097	0.027	2.672	319.514	0.118
1618905553.78909	232.142	0.027	2.681	319.514	0.119
1618905553.79909	231.887	0.026	2.453	319.272	0.118
1618905553.83595	231.856	0.027	2.595	318.950	0.118
1618905553.83874	231.825	0.026	2.526	318.950	0.115
1618905553.87568	231.854	0.027	2.582	318.950	0.118
1618905553.88857	231.840	0.027	2.582	319.031	0.117
1618905553.89855	231.914	0.027	2.662	319.111	0.121
1618905553.93614	231.866	0.026	2.578	319.192	0.124
1618905553.94712	231.859	0.026	2.613	318.870	0.117
1618905553.95910	231.850	0.027	2.570	319.111	0.119
1618905553.99612	231.896	0.027	2.659	319.111	0.121
1618905554.00474	231.876	0.027	2.609	319.111	0.118
1618905554.04413	231.933	0.027	2.704	319.192	0.118
1618905554.08466	231.918	0.028	2.767	319.192	0.122
1618905554.08558	231.898	0.030	3.004	318.950	0.123
1618905554.09758	231.932	0.027	2.655	319.111	0.116
1618905554.13513	231.888	0.026	2.528	318.870	0.117
1618905554.14809	231.991	0.027	2.635	319.031	0.119
1618905554.15807	232.033	0.027	2.545	319.111	0.117
1618905554.19508	232.111	0.027	2.669	319.272	0.120
1618905554.20812	232.092	0.027	2.604	319.353	0.120
1618905554.21911	232.093	0.027	2.659	319.353	0.121
1618905554.25594	232.075	0.027	2.671	319.272	0.126
1618905554.26660	232.105	0.027	2.577	319.272	0.123
1618905554.27912	232.088	0.027	2.660	319.192	0.121
1618905554.31810	232.147	0.027	2.643	319.272	0.118
1618905554.32913	232.111	0.027	2.599	319.272	0.115
1618905554.33876	232.165	0.027	2.736	319.272	0.115
1618905554.37609	232.134	0.027	2.639	319.433	0.117
1618905554.37775	232.200	0.027	2.678	319.272	0.122
1618905554.41512	232.148	0.026	2.507	319.353	0.120
1618905554.42313	232.169	0.027	2.598	319.353	0.118
1618905554.46091	232.160	0.026	2.548	319.353	0.118
1618905554.47459	232.163	0.027	2.589	319.353	0.116
1618905554.51259	232.142	0.027	2.634	319.353	0.118
1618905554.51357	232.145	0.026	2.593	319.433	0.121
1618905554.55515	232.124	0.026	2.608	319.514	0.118
1618905554.55577	232.141	0.027	2.569	319.353	0.122
1618905554.55773	232.155	0.027	2.645	319.192	0.120
1618905554.59513	232.176	0.027	2.667	319.272	0.118
1618905554.60512	232.131	0.027	2.579	319.192	0.119
1618905554.61813	232.107	0.027	2.640	319.192	0.115
1618905554.65492	232.075	0.027	2.679	319.192	0.116
1618905554.65571	232.097	0.027	2.689	319.272	0.119
1618905554.69369	232.032	0.026	2.504	319.031	0.116
1618905554.70362	232.062	0.027	2.615	319.192	0.119
1618905554.75361	232.094	0.027	2.595	319.272	0.118
1618905554.75480	232.137	0.027	2.639	319.272	0.116
1618905554.75580	232.096	0.026	2.498	319.514	0.114
1618905554.79415	232.095	0.027	2.688	319.433	0.117
1618905554.79477	232.035	0.026	2.608	319.433	0.118
1618905554.83276	232.075	0.027	2.684	319.433	0.126
1618905554.84919	232.092	0.027	2.577	319.272	0.121
1618905554.85891	232.136	0.027	2.661	319.353	0.120
1618905554.89768	232.136	0.027	2.639	319.353	0.120
1618905554.90763	232.154	0.027	2.666	319.594	0.119
1618905554.91862	232.088	0.027	2.596	319.433	0.114
1618905554.95619	232.083	0.027	2.642	319.353	0.117
1618905554.95781	232.040	0.027	2.653	319.353	0.118
1618905554.99517	232.099	0.027	2.663	319.433	0.119
1618905555.04217	232.065	0.026	2.513	319.433	0.116
1618905555.04497	232.024	0.027	2.576	319.111	0.121
1618905555.04582	232.037	0.026	2.553	319.192	0.116
1618905555.08622	232.086	0.027	2.669	319.433	0.116
1618905555.08785	232.094	0.029	2.960	319.353	0.123
1618905555.09817	232.136	0.027	2.704	319.514	0.129
1618905555.13494	232.108	0.026	2.620	319.514	0.122
1618905555.14100	232.147	0.027	2.620	319.514	0.118
1618905555.17919	232.195	0.027	2.665	319.192	0.124
1618905555.17984	232.213	0.027	2.623	319.353	0.122
1618905555.21819	232.159	0.027	2.596	319.192	0.119
1618905555.23918	232.138	0.027	2.666	319.353	0.118
1618905555.27795	232.179	0.028	2.758	319.353	0.121
1618905555.27875	232.172	0.027	2.602	319.192	0.121
1618905555.31619	232.168	0.028	2.714	319.192	0.126
1618905555.32783	232.153	0.027	2.635	319.192	0.119
1618905555.33880	232.187	0.028	2.794	319.272	0.121
1618905555.37621	232.159	0.027	2.624	319.433	0.118
1618905555.38718	232.185	0.027	2.704	319.433	0.120
1618905555.39918	232.205	0.027	2.662	319.433	0.122
1618905555.43618	232.252	0.027	2.719	319.433	0.126
1618905555.43781	232.226	0.027	2.606	319.514	0.122
1618905555.47775	232.243	0.027	2.622	319.433	0.123
1618905555.52220	232.218	0.027	2.671	319.353	0.124
1618905555.52385	232.225	0.027	2.658	319.433	0.114
1618905555.52480	232.191	0.027	2.624	319.433	0.115
1618905555.53780	232.217	0.027	2.703	319.514	0.118
1618905555.57921	232.192	0.027	2.652	319.353	0.120
1618905555.58900	232.222	0.027	2.690	319.514	0.122
1618905555.59885	232.198	0.027	2.573	319.353	0.120
1618905555.63621	232.228	0.027	2.578	319.353	0.120
1618905555.64792	232.191	0.027	2.534	319.353	0.116
1618905555.65790	232.214	0.027	2.649	319.433	0.117
1618905555.69466	232.183	0.026	2.596	319.433	0.122
1618905555.70769	232.181	0.027	2.652	319.353	0.124
1618905555.71920	232.143	0.027	2.547	319.353	0.124
1618905555.75819	232.162	0.027	2.652	319.353	0.126
1618905555.76818	232.172	0.027	2.646	319.353	0.122
1618905555.77919	232.213	0.027	2.669	319.272	0.123
1618905555.81819	232.189	0.027	2.573	319.272	0.118
1618905555.81884	232.227	0.027	2.732	319.514	0.116
1618905555.85595	232.174	0.027	2.656	319.272	0.117
1618905555.90121	232.172	0.027	2.651	319.433	0.120
1618905555.90281	232.135	0.027	2.600	319.111	0.122
1618905555.94102	232.120	0.026	2.548	319.353	0.116
1618905555.94282	232.141	0.027	2.604	319.353	0.114
1618905555.98119	232.132	0.027	2.641	319.433	0.117
1618905555.98283	232.226	0.027	2.696	319.675	0.122
1618905556.00502	232.207	0.026	2.595	319.594	0.119
1618905556.04320	232.203	0.027	2.688	319.594	0.126
1618905556.04383	232.190	0.026	2.545	319.433	0.122
1618905556.06570	232.198	0.027	2.699	319.433	0.128
1618905556.07766	232.218	0.027	2.657	319.353	0.120
1618905556.11518	232.269	0.031	3.224	319.594	0.136
1618905556.12685	232.265	0.027	2.598	319.514	0.116
1618905556.13817	232.260	0.027	2.741	319.755	0.119
1618905556.17519	232.217	0.027	2.599	319.514	0.121
1618905556.18720	232.208	0.027	2.603	319.353	0.119
1618905556.19583	232.217	0.027	2.593	319.433	0.120
1618905556.23484	232.243	0.027	2.553	319.514	0.115
1618905556.24818	232.234	0.026	2.607	319.675	0.112
1618905556.25802	232.241	0.027	2.673	319.594	0.118
1618905556.29518	232.225	0.026	2.601	319.433	0.116
1618905556.29984	232.244	0.026	2.603	319.594	0.118
1618905556.33794	232.177	0.026	2.545	319.514	0.124
1618905556.37618	232.230	0.027	2.675	319.433	0.128
1618905556.37783	232.231	0.027	2.645	319.272	0.119
1618905556.39817	232.161	0.026	2.569	319.272	0.115
1618905556.43517	232.180	0.027	2.744	319.433	0.118
1618905556.44896	232.156	0.027	2.638	319.433	0.119
1618905556.45988	232.149	0.027	2.644	319.433	0.116
1618905556.49775	232.143	0.027	2.626	319.272	0.119
1618905556.50765	232.191	0.027	2.585	319.272	0.119
1618905556.51866	232.126	0.027	2.564	319.353	0.121
1618905556.55765	232.216	0.026	2.532	319.433	0.116
1618905556.56820	232.155	0.027	2.658	319.433	0.118
1618905556.57919	232.197	0.027	2.677	319.514	0.122
1618905556.61618	232.169	0.027	2.647	319.433	0.124
1618905556.61783	232.220	0.027	2.658	319.433	0.126
1618905556.65501	232.204	0.027	2.604	319.353	0.126
1618905556.68278	232.198	0.027	2.726	319.272	0.122
1618905556.72270	232.115	0.027	2.652	319.031	0.112
1618905556.73466	232.068	0.027	2.632	319.111	0.116
1618905556.77265	232.100	0.027	2.634	319.433	0.115
1618905556.77565	232.004	0.027	2.619	319.192	0.121
1618905556.78565	232.095	0.027	2.595	319.353	0.121
1618905556.82400	232.096	0.027	2.559	319.272	0.116
1618905556.82582	232.140	0.027	2.609	319.353	0.117
1618905556.86380	232.139	0.026	2.624	319.675	0.115
1618905556.86602	232.182	0.027	2.651	319.594	0.115
1618905556.88104	232.145	0.026	2.603	319.594	0.120
1618905556.91927	232.165	0.026	2.594	319.514	0.121
1618905556.93926	232.123	0.027	2.681	319.272	0.124
1618905556.97628	232.116	0.027	2.639	319.272	0.120
1618905556.98725	232.143	0.027	2.672	319.353	0.121
1618905556.99924	232.151	0.027	2.622	319.433	0.118
1618905557.03825	232.168	0.027	2.741	319.353	0.121
1618905557.05880	232.199	0.027	2.677	319.192	0.120
1618905557.09627	232.141	0.026	2.540	319.111	0.119
1618905557.09790	232.149	0.028	2.756	319.272	0.126
1618905557.13526	232.112	0.029	2.898	319.272	0.127
1618905557.15318	232.164	0.027	2.672	319.433	0.119
1618905557.16093	232.132	0.027	2.645	319.272	0.118
1618905557.20023	232.195	0.027	2.712	319.433	0.126
1618905557.21027	232.173	0.027	2.622	319.594	0.124
1618905557.22026	232.201	0.027	2.603	319.272	0.127
1618905557.25781	232.129	0.027	2.605	319.272	0.123
1618905557.25872	232.151	0.027	2.726	319.192	0.123
1618905557.27872	232.133	0.027	2.676	319.272	0.115
1618905557.31973	232.195	0.027	2.621	319.353	0.119
1618905557.32972	232.149	0.027	2.663	319.433	0.118
1618905557.35027	232.181	0.027	2.665	319.514	0.121
1618905557.38830	232.157	0.027	2.591	319.272	0.122
1618905557.40727	232.147	0.026	2.528	319.433	0.120
1618905557.41827	232.176	0.027	2.587	319.433	0.118
1618905557.45590	232.178	0.027	2.618	319.514	0.117
1618905557.46882	232.206	0.027	2.676	319.514	0.123
1618905557.47929	232.170	0.027	2.604	319.514	0.124
1618905557.51823	232.172	0.027	2.539	319.433	0.127
1618905557.53825	232.162	0.027	2.647	319.514	0.120
1618905557.57623	232.122	0.026	2.544	319.272	0.122
1618905557.57789	232.084	0.027	2.649	319.272	0.120
1618905557.61528	232.148	0.027	2.713	319.433	0.117
1618905557.62725	232.193	0.027	2.679	319.514	0.117
1618905557.63824	232.140	0.027	2.665	319.433	0.118
1618905557.67626	232.140	0.027	2.594	319.353	0.120
1618905557.68826	232.117	0.026	2.545	319.272	0.118
1618905557.69991	232.159	0.026	2.574	319.353	0.114
1618905557.73925	232.177	0.027	2.593	319.353	0.115
1618905557.75025	232.243	0.027	2.660	319.675	0.117
1618905557.75989	232.225	0.027	2.637	319.514	0.122
1618905557.80595	232.238	0.027	2.678	319.514	0.126
1618905557.84691	232.145	0.027	2.721	319.514	0.128
1618905557.85084	232.167	0.027	2.677	319.433	0.124
1618905557.88929	232.223	0.027	2.728	319.675	0.122
1618905557.89092	232.207	0.027	2.587	319.514	0.116
1618905557.89894	232.243	0.027	2.674	319.836	0.118
1618905557.93630	232.215	0.027	2.669	319.675	0.119
1618905557.94829	232.214	0.027	2.645	319.594	0.117
1618905557.95930	232.162	0.027	2.578	319.433	0.122
1618905557.99728	232.242	0.027	2.574	319.514	0.119
1618905558.00929	232.206	0.026	2.532	319.514	0.115
1618905558.01892	232.242	0.027	2.598	319.514	0.115
1618905558.05607	232.209	0.026	2.595	319.594	0.117
1618905558.06596	232.249	0.027	2.635	319.514	0.122
1618905558.10375	232.217	0.026	2.615	319.514	0.121
1618905558.10572	232.252	0.027	2.579	319.514	0.123
1618905558.11829	232.226	0.030	3.001	319.433	0.124
1618905558.15628	232.277	0.027	2.699	319.353	0.124
1618905558.16928	232.250	0.027	2.611	319.514	0.120
1618905558.17892	232.258	0.027	2.647	319.514	0.117
1618905558.21626	232.206	0.026	2.660	319.353	0.116
1618905558.21789	232.199	0.027	2.679	319.433	0.118
1618905558.25484	232.141	0.026	2.583	319.192	0.112
1618905558.26729	232.127	0.026	2.560	319.272	0.115
1618905558.27928	232.163	0.027	2.624	319.111	0.119
1618905558.31829	232.284	0.027	2.616	319.353	0.114
1618905558.33927	232.234	0.027	2.666	319.433	0.118
1618905558.37827	232.196	0.026	2.619	319.433	0.122
1618905558.39025	232.216	0.027	2.713	319.514	0.126
1618905558.42829	232.264	0.027	2.615	319.594	0.126
1618905558.46801	232.334	0.027	2.633	319.594	0.118
1618905558.47876	232.290	0.027	2.648	319.514	0.115
1618905558.51776	232.261	0.027	2.671	319.514	0.118
1618905558.52676	232.221	0.027	2.604	319.433	0.123
1618905558.53778	232.248	0.027	2.668	319.353	0.120
1618905558.58832	232.218	0.027	2.583	319.433	0.122
1618905558.59938	232.211	0.026	2.561	319.433	0.117
1618905558.64631	232.232	0.027	2.629	319.594	0.116
1618905558.68633	232.249	0.027	2.681	319.433	0.127
1618905558.68796	232.198	0.026	2.574	319.353	0.123
1618905558.72527	232.238	0.027	2.607	319.594	0.123
1618905558.72790	232.222	0.027	2.618	319.514	0.122
1618905558.73831	232.216	0.027	2.625	319.353	0.122
1618905558.77530	232.206	0.027	2.595	319.353	0.118
1618905558.78730	232.225	0.027	2.726	319.594	0.116
1618905558.79795	232.193	0.026	2.647	319.514	0.116
1618905558.83506	232.266	0.029	2.862	319.755	0.134
1618905558.84708	232.321	0.026	2.547	319.675	0.118
1618905558.85785	232.387	0.026	2.596	320.238	0.118
1618905558.89475	232.382	0.026	2.533	320.319	0.115
1618905558.90723	232.403	0.026	2.567	319.836	0.110
1618905558.92018	232.352	0.026	2.549	319.836	0.115
1618905558.96588	232.385	0.027	2.724	319.755	0.119
1618905559.00531	232.433	0.027	2.693	319.514	0.123
1618905559.01128	232.439	0.026	2.570	319.836	0.122
1618905559.05573	232.445	0.027	2.658	319.594	0.128
1618905559.08779	232.358	0.027	2.601	319.514	0.116
1618905559.08977	232.317	0.027	2.693	319.514	0.117
1618905559.10877	232.367	0.027	2.713	319.675	0.121
1618905559.11877	232.340	0.027	2.559	319.594	0.119
1618905559.15628	232.436	0.030	3.103	319.594	0.130
1618905559.16828	232.382	0.026	2.558	319.514	0.116
1618905559.17899	232.400	0.027	2.568	319.514	0.119
1618905559.21636	232.364	0.026	2.534	319.675	0.112
1618905559.22696	232.369	0.027	2.696	319.675	0.117
1618905559.23836	232.349	0.026	2.625	319.997	0.120
1618905559.27581	232.346	0.027	2.636	319.675	0.124
1618905559.28732	232.317	0.026	2.512	319.594	0.120
1618905559.29831	232.303	0.026	2.601	319.594	0.121
1618905559.33730	232.221	0.026	2.592	319.514	0.119
1618905559.33894	232.226	0.027	2.613	319.433	0.116
1618905559.37637	232.189	0.027	2.606	319.433	0.114
1618905559.39032	232.265	0.027	2.717	319.594	0.115
1618905559.39931	232.241	0.027	2.644	319.514	0.115
1618905559.43719	232.251	0.027	2.657	319.514	0.119
1618905559.44725	232.179	0.026	2.543	319.433	0.115
1618905559.45798	232.139	0.027	2.598	319.192	0.118
1618905559.49632	232.100	0.026	2.568	319.272	0.114
1618905559.49798	232.151	0.026	2.646	319.433	0.112
1618905559.53636	232.171	0.026	2.615	319.514	0.117
1618905559.57633	232.225	0.027	2.702	319.514	0.122
1618905559.57798	232.231	0.027	2.675	319.594	0.122
1618905559.58732	232.259	0.027	2.624	319.514	0.126
1618905559.62534	232.183	0.027	2.620	319.433	0.120
1618905559.62596	232.183	0.027	2.642	319.433	0.121
1618905559.64732	232.194	0.027	2.682	319.433	0.124
1618905559.68489	232.250	0.027	2.622	319.514	0.118
1618905559.68579	232.237	0.027	2.727	319.433	0.118
1618905559.72633	232.314	0.027	2.672	319.675	0.119
1618905559.76531	232.243	0.026	2.536	319.433	0.119
1618905559.76694	232.186	0.027	2.588	319.353	0.119
1618905559.77833	232.201	0.027	2.609	319.514	0.116
1618905559.83132	232.219	0.026	2.534	319.514	0.114
1618905559.83532	232.261	0.027	2.664	319.675	0.118
1618905559.83999	232.272	0.027	2.644	319.675	0.122
1618905559.88037	232.306	0.027	2.629	319.594	0.123
1618905559.88299	232.256	0.026	2.509	319.594	0.122
1618905559.90935	232.273	0.027	2.600	319.433	0.119
1618905559.94635	232.236	0.026	2.563	319.353	0.118
1618905559.94800	232.273	0.027	2.624	319.514	0.116
1618905559.96913	232.276	0.027	2.617	319.353	0.116
1618905559.97991	232.289	0.027	2.715	319.433	0.118
1618905560.02020	232.284	0.026	2.551	319.514	0.118
1618905560.06389	232.288	0.027	2.633	319.514	0.121
1618905560.06581	232.290	0.026	2.662	319.433	0.115
1618905560.07881	232.291	0.026	2.600	319.514	0.112
1618905560.11682	232.341	0.027	2.656	319.514	0.116
1618905560.12731	232.341	0.026	2.587	319.675	0.119
1618905560.13733	232.317	0.029	2.899	319.675	0.122
1618905560.17653	232.276	0.028	2.798	319.594	0.129
1618905560.18735	232.322	0.027	2.639	319.594	0.128
1618905560.19732	232.307	0.027	2.629	319.594	0.120
1618905560.23597	232.371	0.027	2.676	319.594	0.119
1618905560.27392	232.379	0.027	2.608	319.755	0.115
1618905560.27482	232.411	0.027	2.717	319.755	0.114
1618905560.30092	232.344	0.027	2.701	319.514	0.120
1618905560.33881	232.267	0.026	2.590	319.272	0.118
1618905560.37734	232.298	0.027	2.603	319.514	0.116
1618905560.38002	232.313	0.026	2.604	319.594	0.116
1618905560.38632	232.359	0.026	2.588	319.755	0.117
1618905560.42434	232.334	0.026	2.593	319.755	0.116
1618905560.42597	232.334	0.027	2.644	319.755	0.122
1618905560.45212	232.308	0.026	2.621	319.836	0.122
1618905560.45790	232.266	0.027	2.603	319.755	0.121
1618905560.49581	232.263	0.026	2.551	319.514	0.120
1618905560.50981	232.275	0.027	2.625	319.594	0.124
1618905560.51880	232.258	0.026	2.606	319.594	0.116
1618905560.55982	232.303	0.027	2.645	319.755	0.116
1618905560.56880	232.260	0.026	2.645	319.594	0.114
1618905560.58233	232.269	0.027	2.690	319.514	0.118
1618905560.62133	232.225	0.026	2.545	319.514	0.118
1618905560.62198	232.256	0.027	2.600	319.594	0.119
1618905560.65991	232.268	0.026	2.574	319.514	0.116
1618905560.66985	232.258	0.027	2.656	319.514	0.115
1618905560.67685	232.232	0.026	2.561	319.192	0.110
1618905560.73742	232.227	0.026	2.631	319.433	0.116
1618905560.73904	232.218	0.026	2.597	319.594	0.121
1618905560.77943	232.231	0.027	2.694	319.594	0.124
1618905560.78105	232.259	0.027	2.678	319.594	0.122
1618905560.78743	232.325	0.027	2.642	319.675	0.128
1618905560.80238	232.315	0.027	2.649	319.675	0.126
1618905560.84721	232.350	0.027	2.646	319.675	0.119
1618905560.85001	232.299	0.027	2.608	319.594	0.117
1618905560.86686	232.281	0.027	2.695	319.675	0.118
1618905560.87737	232.236	0.026	2.636	319.594	0.116
1618905560.91641	232.261	0.027	2.689	319.514	0.121
1618905560.92534	232.275	0.027	2.572	319.433	0.121
1618905560.93735	232.331	0.027	2.604	319.594	0.118
1618905560.97740	232.305	0.026	2.550	319.675	0.114
1618905560.98736	232.282	0.026	2.563	319.755	0.117
1618905560.99938	232.165	0.026	2.549	319.594	0.118
1618905561.03735	232.197	0.027	2.664	319.594	0.122
1618905561.05220	232.202	0.027	2.637	319.675	0.123
1618905561.06118	232.273	0.027	2.660	319.675	0.124
1618905561.10591	232.253	0.026	2.619	319.594	0.121
1618905561.11912	232.246	0.026	2.559	319.433	0.115
1618905561.15811	232.205	0.027	2.648	319.514	0.118
1618905561.16000	232.361	0.031	3.257	319.675	0.134
1618905561.19942	232.615	0.028	2.749	320.077	0.123
1618905561.21017	232.644	0.027	2.604	320.077	0.118
1618905561.21947	232.650	0.027	2.612	319.997	0.118
1618905561.26190	232.624	0.026	2.606	319.836	0.115
1618905561.26395	232.652	0.026	2.615	319.997	0.114
1618905561.30098	232.600	0.026	2.641	320.077	0.112
1618905561.31554	232.624	0.027	2.657	320.077	0.120
1618905561.32500	232.600	0.027	2.644	319.997	0.122
1618905561.34704	232.667	0.027	2.703	319.997	0.128
1618905561.38600	232.657	0.026	2.592	320.077	0.121
1618905561.38686	232.662	0.027	2.693	320.077	0.122
1618905561.39724	232.571	0.026	2.600	320.077	0.118
1618905561.43613	232.555	0.027	2.597	320.077	0.119
1618905561.44107	232.541	0.027	2.648	320.077	0.115
1618905561.48022	232.600	0.027	2.744	320.158	0.119
1618905561.48220	232.575	0.027	2.644	319.997	0.115
1618905561.52091	232.651	0.027	2.648	320.238	0.118
1618905561.52691	232.642	0.026	2.535	320.077	0.117
1618905561.53744	232.621	0.026	2.557	319.997	0.117
1618905561.57589	232.582	0.026	2.592	320.077	0.110
1618905561.57889	232.594	0.027	2.664	320.077	0.118
1618905561.61730	232.608	0.026	2.627	320.158	0.118
1618905561.62815	232.621	0.027	2.667	319.997	0.124
