# timestamp	V	A	W	V	A
1594046035.09087	648.863	0.010	377421.533	322.974	0.008
1594046035.11579	229.347	0.003	377421.576	322.652	0.007
1594046035.13209	229.335	0.003	377421.585	322.652	0.008
1594046035.15327	229.359	0.004	377421.594	322.652	0.008
1594046035.16334	229.335	0.003	377421.581	322.572	0.008
1594046035.19334	229.410	0.003	377421.567	322.733	0.008
1594046035.20461	229.383	0.003	0.006	322.974	0.008
1594046035.22959	229.377	0.003	0.012	322.813	0.007
1594046035.24834	229.435	0.003	0.014	322.813	0.008
1594046035.26209	229.444	0.003	377421.585	322.894	0.007
1594046035.28334	229.505	0.003	377421.593	322.894	0.007
1594046035.30960	229.471	0.003	377421.590	322.974	0.008
1594046035.32709	229.443	0.003	0.017	322.813	0.007
1594046035.34333	229.457	0.003	0.018	322.894	0.008
1594046035.36834	229.466	0.004	0.014	322.894	0.008
1594046035.38458	229.463	0.003	377421.560	322.894	0.008
1594046035.40459	229.442	0.003	377421.567	322.894	0.008
1594046035.43209	229.436	0.003	377421.589	322.894	0.007
1594046035.44335	229.506	0.003	0.001	322.974	0.007
1594046035.46209	229.499	0.003	377421.581	323.055	0.008
1594046035.48835	229.465	0.003	377421.567	322.813	0.008
1594046035.50334	229.474	0.003	377421.593	322.974	0.007
1594046035.52210	229.457	0.003	377421.577	322.813	0.007
1594046035.54960	229.459	0.003	377421.568	322.733	0.008
1594046035.56334	229.463	0.003	0.031	322.974	0.008
1594046035.59577	229.437	0.003	0.006	322.813	0.008
1594046035.61210	229.430	0.003	0.015	322.813	0.007
1594046035.63452	229.403	0.003	377421.592	322.733	0.007
1594046035.64460	229.338	0.003	0.003	322.652	0.008
1594046035.66960	229.309	0.003	0.021	322.652	0.008
1594046035.69478	229.306	0.003	0.014	322.652	0.008
1594046035.70458	229.343	0.003	377421.591	322.733	0.007
1594046035.73210	229.360	0.003	377421.582	322.652	0.008
1594046035.75227	229.374	0.003	0.008	322.733	0.007
1594046035.76335	229.392	0.003	377421.573	322.813	0.007
1594046035.79702	229.384	0.003	0.013	322.813	0.008
1594046035.81353	229.377	0.003	377421.574	322.813	0.007
1594046035.82333	229.359	0.003	0.012	322.813	0.007
1594046035.85727	229.331	0.004	0.001	322.813	0.007
1594046035.86458	229.337	0.003	377421.567	322.733	0.008
1594046035.88460	229.334	0.003	377421.579	322.733	0.007
1594046035.91852	229.328	0.003	377421.592	322.733	0.007
1594046035.92460	229.301	0.003	377421.586	322.572	0.008
1594046035.95978	229.314	0.003	377421.590	322.652	0.007
1594046035.98353	229.312	0.003	0.017	322.572	0.007
1594046035.98958	229.335	0.003	377421.568	322.733	0.008
1594046036.01955	229.313	0.003	0.019	322.652	0.008
1594046036.03461	229.300	0.003	377421.556	322.733	0.008
1594046036.04583	229.332	0.004	377421.593	322.733	0.008
1594046036.07953	229.329	0.003	0.012	322.652	0.007
1594046036.09210	229.329	0.003	0.023	322.733	0.008
1594046036.11453	229.314	0.003	377421.576	322.652	0.008
1594046036.14104	229.322	0.003	0.003	322.572	0.008
1594046036.15333	229.346	0.003	377421.594	322.652	0.008
1594046036.16708	229.364	0.003	377421.592	322.652	0.008
1594046036.18208	229.386	0.003	0.010	322.652	0.008
1594046036.20958	229.394	0.004	377421.578	322.733	0.007
1594046036.23454	229.348	0.003	377421.590	322.813	0.007
1594046036.24459	229.391	0.003	377421.590	322.813	0.008
1594046036.28328	229.381	0.003	377421.573	322.894	0.008
1594046036.29578	229.407	0.003	0.006	322.894	0.007
1594046036.30334	229.376	0.003	377421.567	322.974	0.007
1594046036.34078	229.341	0.003	0.001	322.813	0.007
1594046036.34584	229.361	0.003	377421.576	322.813	0.008
1594046036.36334	229.354	0.003	377421.587	322.894	0.007
1594046036.38959	229.373	0.003	377421.579	322.813	0.008
1594046036.40583	229.372	0.003	0.009	322.733	0.008
1594046036.42211	229.337	0.003	377421.565	322.813	0.008
1594046036.45210	229.380	0.003	377421.576	322.813	0.008
1594046036.46709	229.379	0.003	0.005	322.813	0.007
1594046036.48210	229.293	0.004	377421.581	322.652	0.008
1594046036.51584	229.316	0.003	377421.589	322.813	0.007
1594046036.52835	229.323	0.003	377421.590	322.894	0.008
1594046036.54334	229.312	0.003	0.022	322.813	0.008
1594046036.56959	229.309	0.004	377421.584	322.652	0.007
1594046036.58584	229.307	0.003	0.004	322.733	0.007
1594046036.61353	229.273	0.003	377421.583	322.572	0.008
1594046036.62961	229.207	0.003	0.000	322.492	0.008
1594046036.64591	229.216	0.003	377421.564	322.492	0.008
1594046036.66212	229.217	0.003	0.005	322.492	0.008
1594046036.68959	229.186	0.003	377421.574	322.572	0.008
1594046036.70584	229.200	0.003	0.008	322.572	0.007
1594046036.72334	229.145	0.003	0.017	322.572	0.007
1594046036.74334	229.179	0.003	377421.550	322.572	0.008
1594046036.76834	229.165	0.004	0.001	322.492	0.008
1594046036.78334	229.159	0.003	0.016	322.572	0.008
1594046036.80211	229.153	0.003	377421.582	322.652	0.007
1594046036.82835	229.157	0.003	377421.590	322.492	0.008
1594046036.84584	229.191	0.003	377421.593	322.572	0.008
1594046036.86210	229.178	0.004	377421.563	322.572	0.008
1594046036.88959	229.203	0.003	377421.586	322.492	0.008
1594046036.91206	229.211	0.003	0.013	322.733	0.007
1594046036.92335	229.208	0.003	377421.574	322.813	0.007
1594046036.95209	229.232	0.003	377421.576	322.572	0.007
1594046036.96209	229.233	0.003	0.014	322.572	0.008
1594046036.98210	229.235	0.003	377421.583	322.652	0.008
1594046037.00960	229.267	0.003	377421.575	322.572	0.008
1594046037.02459	229.233	0.003	377421.579	322.572	0.008
1594046037.04460	229.265	0.003	0.002	322.572	0.007
1594046037.07706	229.260	0.003	377421.574	322.572	0.007
1594046037.08460	229.258	0.003	377421.584	322.572	0.008
1594046037.10460	229.263	0.003	377421.587	322.652	0.007
1594046037.13830	229.232	0.004	377421.587	322.652	0.007
1594046037.14585	229.256	0.003	377421.588	322.733	0.008
1594046037.16335	229.275	0.003	377421.591	322.813	0.008
1594046037.18959	229.279	0.003	377421.589	322.733	0.008
1594046037.20335	229.273	0.003	0.022	322.652	0.007
1594046037.23454	229.242	0.004	0.000	322.652	0.008
1594046037.25209	229.296	0.003	377421.592	322.813	0.008
1594046037.26459	229.311	0.003	0.002	322.652	0.008
1594046037.29579	229.302	0.003	377421.581	322.733	0.007
1594046037.31459	229.338	0.003	377421.573	322.733	0.007
1594046037.32712	229.305	0.003	377421.567	322.813	0.008
1594046037.34210	229.344	0.003	377421.566	322.894	0.007
1594046037.36960	229.361	0.003	0.015	322.894	0.008
1594046037.39332	229.351	0.003	377421.586	322.974	0.007
1594046037.40335	229.356	0.003	377421.582	322.974	0.008
1594046037.42960	229.299	0.003	0.004	322.894	0.007
1594046037.44211	229.345	0.003	0.019	322.813	0.008
1594046037.46333	229.314	0.003	377421.582	322.813	0.007
1594046037.49085	229.306	0.003	377421.587	322.733	0.008
1594046037.51353	229.311	0.004	377421.590	322.813	0.008
1594046037.52333	229.282	0.003	377421.592	322.813	0.008
1594046037.55705	229.327	0.003	377421.591	322.733	0.008
1594046037.56458	229.314	0.004	377421.580	322.813	0.008
1594046037.58459	229.260	0.003	377421.588	322.894	0.007
1594046037.60960	229.309	0.003	377421.585	322.974	0.007
1594046037.62209	229.285	0.003	377421.584	322.813	0.008
1594046037.64335	229.330	0.003	377421.578	322.733	0.008
1594046037.66961	229.344	0.003	377421.593	322.733	0.008
1594046037.68333	229.334	0.003	377421.582	322.733	0.008
1594046037.71705	229.345	0.003	377421.585	322.733	0.008
1594046037.73335	229.275	0.003	377421.575	322.652	0.007
1594046037.74336	229.289	0.003	377421.582	322.813	0.008
1594046037.76210	229.336	0.003	377421.589	322.974	0.007
1594046037.78961	229.295	0.003	0.010	322.733	0.008
1594046037.80337	229.269	0.003	377421.575	322.813	0.007
1594046037.82208	229.231	0.003	0.006	322.652	0.008
1594046037.84836	229.291	0.003	377421.575	322.733	0.007
1594046037.87206	229.322	0.004	377421.593	322.974	0.008
1594046037.88333	229.312	0.004	377421.587	322.733	0.008
1594046037.90959	229.304	0.003	377421.577	322.813	0.008
1594046037.92208	229.283	0.003	377421.588	322.813	0.007
1594046037.94209	229.348	0.003	0.011	323.055	0.007
1594046037.96959	229.341	0.003	377421.592	322.894	0.008
1594046037.98209	229.372	0.003	377421.573	323.055	0.008
1594046038.00335	229.208	0.003	377421.558	322.813	0.008
1594046038.03956	229.194	0.003	377421.575	322.733	0.008
1594046038.04584	229.193	0.003	377421.582	322.652	0.008
1594046038.06334	229.186	0.003	377421.590	322.974	0.007
1594046038.08833	229.184	0.003	0.005	322.652	0.007
1594046038.10208	229.142	0.003	377421.589	322.652	0.008
1594046038.12331	229.119	0.004	377421.580	322.572	0.008
1594046038.14956	229.161	0.003	377421.565	322.411	0.008
1594046038.16331	229.153	0.003	377421.593	322.492	0.008
1594046038.19453	229.180	0.004	377421.584	322.572	0.007
1594046038.21081	229.171	0.004	377421.573	322.492	0.007
1594046038.22851	229.099	0.003	377421.586	322.492	0.007
1594046038.25574	229.194	0.003	377421.578	322.572	0.008
1594046038.27206	229.167	0.003	377421.575	322.411	0.008
1594046038.29081	229.181	0.003	377421.584	322.733	0.007
1594046038.30206	229.198	0.003	377421.575	322.652	0.007
1594046038.32957	229.202	0.004	377421.575	322.733	0.008
1594046038.35330	229.211	0.003	377421.572	322.733	0.008
1594046038.36456	229.210	0.003	0.024	322.652	0.008
1594046038.39206	229.198	0.003	377421.587	322.813	0.007
1594046038.41329	229.195	0.003	377421.580	322.572	0.007
1594046038.42331	229.095	0.003	0.009	322.572	0.008
1594046038.45081	229.085	0.003	377421.576	322.572	0.007
1594046038.46206	229.077	0.003	377421.591	322.652	0.007
1594046038.48334	229.057	0.003	377421.582	322.652	0.008
1594046038.51953	229.023	0.003	377421.581	322.572	0.008
1594046038.52706	229.039	0.003	377421.582	322.492	0.008
1594046038.54331	228.999	0.003	377421.584	322.331	0.008
1594046038.57950	228.982	0.004	0.013	322.331	0.007
1594046038.58582	228.971	0.003	377421.586	322.331	0.008
1594046038.60331	228.980	0.003	377421.589	322.170	0.008
1594046038.62957	229.012	0.003	0.004	322.250	0.007
1594046038.64331	229.004	0.003	377421.586	322.411	0.007
1594046038.67700	228.996	0.003	377421.572	322.411	0.007
1594046038.69331	228.975	0.003	377421.591	322.250	0.007
1594046038.70332	228.968	0.003	377421.580	322.331	0.007
1594046038.73950	228.941	0.004	377421.565	322.250	0.008
1594046038.75207	228.954	0.003	377421.586	322.170	0.008
1594046038.76331	228.980	0.003	377421.592	322.331	0.007
1594046038.79701	229.030	0.003	377421.569	322.250	0.007
1594046038.82200	229.045	0.003	377421.582	322.411	0.007
1594046038.83830	229.038	0.003	377421.579	322.411	0.007
1594046038.85602	229.011	0.003	377421.569	322.411	0.008
1594046038.87332	229.014	0.003	377421.585	322.331	0.008
1594046038.88832	228.992	0.003	377421.573	322.331	0.008
1594046038.90207	228.944	0.003	377421.582	322.250	0.008
1594046038.92958	228.974	0.003	0.002	322.331	0.007
1594046038.95200	228.998	0.003	0.003	322.411	0.007
1594046038.97450	229.069	0.004	0.003	322.411	0.008
1594046039.00578	229.100	0.003	377421.587	322.572	0.007
1594046039.02350	229.081	0.004	377421.583	322.492	0.009
1594046039.02457	229.021	0.003	0.001	322.492	0.008
1594046039.06201	229.025	0.003	0.001	322.492	0.008
1594046039.07083	229.047	0.003	377421.571	322.492	0.008
1594046039.08333	229.043	0.004	377421.591	322.492	0.008
1594046039.12201	229.062	0.003	377421.580	322.492	0.007
1594046039.13600	229.037	0.003	377421.574	322.492	0.007
1594046039.15576	229.049	0.003	377421.573	322.411	0.007
1594046039.18462	229.027	0.003	377421.589	322.411	0.007
1594046039.21201	229.030	0.003	377421.552	322.572	0.007
1594046039.22583	229.020	0.003	0.007	322.411	0.008
1594046039.24583	229.056	0.003	377421.589	322.331	0.007
1594046039.27200	229.098	0.003	0.005	322.331	0.007
1594046039.28581	229.120	0.004	377421.588	322.331	0.008
1594046039.31456	229.079	0.003	377421.577	322.250	0.007
1594046039.32337	229.039	0.003	377421.586	322.331	0.008
1594046039.34336	229.029	0.003	377421.571	322.331	0.008
1594046039.37578	229.043	0.003	377421.570	322.411	0.007
1594046039.38336	229.082	0.003	377421.585	322.492	0.008
1594046039.40357	229.095	0.003	377421.584	322.492	0.007
1594046039.43703	229.063	0.003	377421.584	322.492	0.007
1594046039.44336	229.043	0.003	377421.588	322.411	0.008
1594046039.47956	229.073	0.003	0.011	322.492	0.008
1594046039.49209	229.054	0.003	377421.575	322.411	0.007
1594046039.50360	229.057	0.003	377421.574	322.411	0.007
1594046039.53956	229.001	0.003	377421.572	322.411	0.007
1594046039.55211	229.002	0.003	0.006	322.250	0.007
1594046039.56337	229.049	0.003	377421.591	322.411	0.007
1594046039.59705	229.068	0.003	377421.558	322.411	0.007
1594046039.61337	229.109	0.004	0.012	322.492	0.008
1594046039.63333	229.093	0.004	0.001	322.492	0.008
1594046039.64334	229.062	0.003	377421.582	322.492	0.007
1594046039.67081	229.091	0.003	377421.564	322.492	0.007
1594046039.69199	229.090	0.003	377421.588	322.250	0.008
1594046039.70206	229.091	0.003	377421.567	322.411	0.008
1594046039.72957	229.147	0.003	0.014	322.492	0.008
1594046039.75199	229.191	0.004	377421.592	322.492	0.008
1594046039.77851	229.200	0.003	0.006	322.492	0.007
1594046039.80471	229.207	0.003	377421.583	322.652	0.008
1594046039.82234	229.181	0.003	0.001	322.492	0.008
1594046039.86075	229.170	0.004	377421.583	322.652	0.008
1594046039.86956	229.190	0.003	377421.588	322.652	0.007
1594046039.88334	229.195	0.003	377421.573	322.652	0.008
1594046039.92074	229.194	0.003	377421.584	322.572	0.008
1594046039.93351	229.183	0.003	377421.575	322.733	0.007
1594046039.95953	229.198	0.003	377421.580	322.652	0.008
1594046039.97957	229.221	0.003	377421.569	322.733	0.008
1594046039.99102	229.201	0.003	377421.577	322.652	0.008
1594046040.01075	229.216	0.003	0.021	322.894	0.008
1594046040.02957	229.202	0.003	0.001	322.652	0.008
1594046040.04582	229.199	0.003	0.013	322.733	0.008
1594046040.07200	229.226	0.003	377421.590	322.733	0.007
1594046040.10451	229.094	1.633	61.959	322.733	15.199
1594046040.13350	229.204	0.038	2.100	322.733	0.146
1594046040.14334	229.159	0.022	1.145	322.652	0.083
1594046040.18202	229.188	0.014	0.725	322.652	0.047
1594046040.19102	229.162	0.009	0.490	322.733	0.037
1594046040.20353	229.195	0.007	0.341	322.652	0.031
1594046040.23950	229.194	0.006	0.267	322.652	0.024
1594046040.25232	229.201	0.005	0.175	322.572	0.026
1594046040.27700	229.220	0.005	0.247	322.652	0.023
1594046040.30352	229.224	0.004	0.136	322.492	0.017
1594046040.30958	229.213	0.004	0.161	322.652	0.025
1594046040.33951	229.227	0.004	0.133	322.813	0.020
1594046040.35208	229.233	0.004	0.100	322.492	0.019
1594046040.36457	229.258	0.004	0.136	322.652	0.016
1594046040.39200	229.225	0.004	0.123	322.572	0.019
1594046040.42455	229.248	0.004	0.104	322.733	0.016
1594046040.45200	229.213	0.004	0.074	322.733	0.014
1594046040.47083	229.219	0.004	0.063	322.572	0.015
1594046040.49332	229.196	0.004	0.086	322.813	0.010
1594046040.50335	229.179	0.004	0.035	322.652	0.013
1594046040.52958	229.153	0.004	0.059	322.733	0.012
1594046040.55352	229.193	0.032	2.482	322.572	0.202
1594046040.56336	229.212	0.009	0.540	322.652	0.054
1594046040.60478	229.204	0.008	0.512	322.813	0.047
1594046040.61853	229.219	0.008	0.541	322.733	0.050
1594046040.62458	229.158	0.008	0.528	322.652	0.055
1594046040.66103	229.109	0.008	0.506	322.733	0.057
1594046040.66958	229.124	0.008	0.512	322.733	0.051
1594046040.68208	229.163	0.008	0.473	322.652	0.049
1594046040.72101	229.189	0.008	0.484	322.652	0.051
1594046040.72709	229.175	0.007	0.450	322.894	0.041
1594046040.75476	229.185	0.006	0.297	322.813	0.040
1594046040.78853	229.194	0.007	0.382	322.652	0.045
1594046040.79583	229.188	0.008	0.536	322.733	0.050
1594046040.81734	229.253	0.010	0.672	322.733	0.054
1594046040.83336	229.186	0.009	0.604	322.652	0.051
1594046040.84459	229.191	0.009	0.591	322.733	0.054
1594046040.87203	229.249	0.009	0.640	322.733	0.057
1594046040.88459	229.274	0.009	0.612	322.733	0.051
1594046040.91334	229.271	0.008	0.557	322.652	0.055
1594046040.93352	229.232	0.008	0.470	322.652	0.051
1594046040.94960	229.209	0.007	0.479	322.572	0.043
1594046040.97704	229.216	0.008	0.524	322.572	0.045
1594046040.98584	229.183	0.008	0.508	322.572	0.050
1594046041.00209	229.236	0.009	0.647	322.813	0.060
1594046041.03453	229.201	0.009	0.599	322.733	0.056
1594046041.05204	229.186	0.009	0.615	322.733	0.056
1594046041.07454	229.207	0.009	0.601	322.813	0.055
1594046041.10341	229.142	0.009	0.571	322.652	0.054
1594046041.13952	229.134	0.008	0.487	322.813	0.050
1594046041.15207	229.123	0.009	0.526	322.572	0.058
1594046041.16336	229.182	0.010	0.665	322.572	0.060
1594046041.19824	229.202	0.009	0.616	322.652	0.057
1594046041.21458	229.192	0.010	0.677	322.652	0.062
1594046041.23334	229.213	0.010	0.678	322.733	0.063
1594046041.24336	229.178	0.010	0.659	322.813	0.062
1594046041.26959	229.181	0.010	0.673	322.652	0.064
1594046041.29325	229.152	0.010	0.680	322.813	0.062
1594046041.30207	229.172	0.010	0.670	322.813	0.066
1594046041.33211	229.224	0.010	0.676	322.733	0.064
1594046041.34208	229.170	0.010	0.662	322.733	0.059
1594046041.36209	229.186	0.010	0.664	322.733	0.059
1594046041.40451	229.189	0.010	0.701	322.813	0.062
1594046041.41205	229.200	0.010	0.727	322.733	0.062
1594046041.42208	229.244	0.010	0.690	322.813	0.063
1594046041.46075	229.150	0.010	0.657	322.733	0.057
1594046041.46708	229.172	0.010	0.673	322.652	0.062
1594046041.48207	229.185	0.010	0.676	322.572	0.062
1594046041.52203	229.193	0.011	0.752	322.492	0.068
1594046041.52337	229.189	0.011	0.781	322.733	0.073
1594046041.55837	229.136	0.010	0.702	322.572	0.066
1594046041.58478	229.170	0.011	0.797	322.572	0.067
1594046041.59083	229.160	0.010	0.709	322.572	0.062
1594046041.61701	229.104	0.011	0.748	322.572	0.063
1594046041.63338	229.089	0.011	0.754	322.572	0.069
1594046041.64338	229.051	0.010	0.661	322.492	0.059
1594046041.67235	229.108	0.009	0.575	322.652	0.054
1594046041.68837	229.120	0.009	0.556	322.572	0.055
1594046041.71235	229.101	0.008	0.529	322.652	0.049
1594046041.72207	229.105	0.008	0.551	322.492	0.050
1594046041.74958	229.059	0.009	0.564	322.733	0.054
1594046041.77105	229.084	0.009	0.589	322.652	0.055
1594046041.78338	229.104	0.009	0.596	322.572	0.052
1594046041.80959	229.099	0.010	0.713	322.572	0.060
1594046041.83476	229.090	0.011	0.775	322.572	0.068
1594046041.84209	229.048	0.010	0.708	322.492	0.064
1594046041.88081	229.080	0.011	0.743	322.411	0.062
1594046041.90081	229.107	0.011	0.734	322.572	0.068
1594046041.90584	229.137	0.010	0.728	322.492	0.062
1594046041.94081	229.166	0.010	0.689	322.733	0.064
1594046041.95339	229.152	0.011	0.750	322.572	0.066
1594046041.96339	229.187	0.010	0.711	322.572	0.070
1594046042.00078	229.320	0.011	0.805	322.813	0.067
1594046042.01459	229.288	0.011	0.768	322.813	0.061
1594046042.03203	229.267	0.011	0.728	322.813	0.068
1594046042.04208	229.260	0.010	0.687	322.652	0.063
1594046042.06838	229.299	0.010	0.691	322.813	0.064
1594046042.09076	229.297	0.009	0.546	322.733	0.055
1594046042.10208	229.270	0.009	0.560	322.572	0.056
1594046042.12838	229.258	0.010	0.678	322.813	0.062
1594046042.15076	229.228	0.010	0.655	322.813	0.062
1594046042.16208	229.292	0.010	0.712	322.733	0.070
1594046042.18840	229.248	0.010	0.678	322.733	0.061
1594046042.20459	229.237	0.010	0.638	322.733	0.056
1594046042.22338	229.208	0.010	0.710	322.813	0.059
1594046042.24709	229.198	0.010	0.661	322.733	0.061
1594046042.26338	229.227	0.010	0.669	322.652	0.062
1594046042.28339	229.223	0.012	0.834	322.813	0.081
1594046042.30709	229.234	0.014	1.009	322.894	0.081
1594046042.32210	229.237	0.010	0.643	322.813	0.056
1594046042.36078	229.192	0.009	0.647	322.652	0.060
1594046042.37339	229.229	0.012	0.866	322.813	0.078
1594046042.38584	229.245	0.012	0.831	322.813	0.073
1594046042.40084	229.260	0.012	0.856	322.733	0.070
1594046042.42839	229.258	0.012	0.849	322.894	0.069
1594046042.44339	229.250	0.012	0.866	322.652	0.076
1594046042.46084	229.317	0.012	0.857	322.974	0.074
1594046042.48844	229.293	0.012	0.880	322.813	0.075
1594046042.51082	229.229	0.012	0.840	322.733	0.069
1594046042.52232	229.230	0.012	0.854	322.733	0.075
1594046042.54843	229.187	0.012	0.837	322.733	0.069
1594046042.56088	229.234	0.012	0.879	322.652	0.070
1594046042.58089	229.209	0.012	0.854	322.733	0.073
1594046042.60843	229.194	0.012	0.839	322.652	0.072
1594046042.62213	229.199	0.012	0.820	322.652	0.070
1594046042.64214	229.202	0.012	0.833	322.652	0.068
1594046042.67586	229.220	0.012	0.884	322.733	0.072
1594046042.68213	229.203	0.012	0.829	322.652	0.076
1594046042.70214	229.226	0.012	0.874	322.652	0.073
1594046042.73705	229.225	0.012	0.846	322.652	0.071
1594046042.74343	229.158	0.012	0.840	322.733	0.070
1594046042.76344	229.209	0.012	0.862	322.813	0.074
1594046042.78964	229.204	0.012	0.883	322.733	0.078
1594046042.80343	229.220	0.012	0.838	322.894	0.071
1594046042.83833	229.222	0.011	0.787	322.894	0.068
1594046042.85463	229.189	0.009	0.649	322.733	0.058
1594046042.86460	229.238	0.010	0.704	322.894	0.062
1594046042.88210	229.218	0.009	0.658	322.733	0.057
1594046042.91340	229.189	0.010	0.648	322.813	0.063
1594046042.92960	229.215	0.010	0.648	322.733	0.058
1594046042.94085	229.181	0.009	0.632	322.813	0.063
1594046042.96840	229.244	0.010	0.665	322.652	0.058
1594046042.99205	229.213	0.010	0.654	322.733	0.060
1594046043.00208	229.202	0.010	0.644	322.652	0.061
1594046043.02840	229.178	0.009	0.614	322.652	0.060
1594046043.04083	229.177	0.010	0.637	322.652	0.058
1594046043.06083	229.256	0.010	0.650	322.652	0.060
1594046043.08960	229.266	0.010	0.677	322.733	0.058
1594046043.10083	229.266	0.010	0.652	322.733	0.062
1594046043.12210	229.287	0.010	0.661	322.813	0.059
1594046043.15579	229.255	0.010	0.639	322.813	0.066
1594046043.16208	229.260	0.010	0.650	322.733	0.058
1594046043.18212	229.265	0.010	0.678	322.813	0.060
1594046043.20959	229.288	0.010	0.620	322.813	0.057
1594046043.22084	229.272	0.010	0.629	322.572	0.062
1594046043.24208	229.271	0.010	0.672	322.652	0.061
1594046043.26709	229.266	0.010	0.651	322.813	0.061
1594046043.28209	229.261	0.010	0.697	322.894	0.061
1594046043.31831	229.296	0.009	0.621	322.733	0.061
1594046043.33341	229.298	0.010	0.671	322.813	0.059
1594046043.34341	229.263	0.009	0.615	322.733	0.059
1594046043.36084	229.275	0.010	0.657	322.733	0.061
1594046043.38709	229.260	0.010	0.657	322.894	0.062
1594046043.40209	229.254	0.010	0.643	322.813	0.060
1594046043.42084	229.223	0.010	0.649	322.894	0.067
1594046043.44841	229.232	0.010	0.619	322.652	0.058
1594046043.47081	229.290	0.010	0.647	322.813	0.060
1594046043.48085	229.275	0.010	0.671	322.894	0.059
1594046043.50842	229.290	0.010	0.644	322.733	0.062
1594046043.53203	229.279	0.009	0.648	322.813	0.059
1594046043.54210	229.240	0.009	0.617	322.733	0.062
1594046043.56842	229.233	0.009	0.612	322.572	0.054
1594046043.58085	229.270	0.010	0.682	322.733	0.066
1594046043.60210	229.243	0.009	0.608	322.572	0.057
1594046043.63456	229.209	0.010	0.648	322.572	0.060
1594046043.64209	229.164	0.009	0.644	322.572	0.062
1594046043.66209	229.204	0.010	0.702	322.572	0.071
1594046043.69579	229.261	0.010	0.678	322.733	0.063
1594046043.70342	229.246	0.009	0.640	322.733	0.057
1594046043.72342	229.247	0.009	0.648	322.733	0.062
1594046043.74842	229.229	0.010	0.647	322.813	0.057
1594046043.76210	229.250	0.010	0.646	322.733	0.062
1594046043.79831	229.274	0.010	0.691	322.652	0.058
1594046043.81085	229.301	0.010	0.661	322.652	0.060
1594046043.82210	229.288	0.009	0.635	322.813	0.056
1594046043.85828	229.292	0.010	0.707	322.813	0.066
1594046043.87459	229.284	0.010	0.652	322.813	0.067
1594046043.88460	229.230	0.009	0.613	322.894	0.058
1594046043.90085	229.172	0.009	0.617	322.652	0.052
1594046043.92842	229.169	0.010	0.675	322.733	0.060
1594046043.95081	229.207	0.010	0.643	322.733	0.062
1594046043.96210	229.231	0.010	0.635	322.652	0.059
1594046043.98842	229.223	0.010	0.635	322.733	0.063
1594046044.01079	229.231	0.010	0.677	322.813	0.059
1594046044.02085	229.188	0.010	0.653	322.733	0.061
1594046044.04842	229.183	0.010	0.654	322.813	0.057
1594046044.07078	229.213	0.010	0.636	322.894	0.059
1594046044.08210	229.236	0.010	0.658	322.733	0.063
1594046044.11579	229.277	0.010	0.704	322.894	0.062
1594046044.13230	229.258	0.009	0.609	322.733	0.059
1594046044.14211	229.266	0.010	0.623	322.813	0.067
1594046044.17953	229.286	0.010	0.671	322.813	0.063
1594046044.18710	229.295	0.010	0.674	322.894	0.060
1594046044.20210	229.270	0.009	0.622	322.733	0.063
1594046044.23828	229.249	0.010	0.683	322.733	0.061
1594046044.25230	229.270	0.009	0.640	322.733	0.058
1594046044.27707	229.253	0.010	0.672	322.733	0.060
1594046044.30478	229.266	0.010	0.661	322.813	0.060
1594046044.31086	229.255	0.010	0.679	322.733	0.059
1594046044.33705	229.271	0.010	0.680	322.813	0.060
1594046044.35461	229.237	0.010	0.643	322.813	0.062
1594046044.36586	229.227	0.010	0.644	322.733	0.060
1594046044.38953	229.282	0.010	0.680	322.813	0.062
1594046044.41833	229.278	0.009	0.611	322.813	0.063
1594046044.43701	229.265	0.009	0.654	322.813	0.060
1594046044.45230	229.278	0.010	0.685	323.055	0.068
1594046044.46846	229.299	0.010	0.626	322.813	0.061
1594046044.49454	229.291	0.010	0.673	322.894	0.058
1594046044.50212	229.236	0.009	0.625	322.894	0.059
1594046044.52211	229.236	0.010	0.653	322.974	0.061
1594046044.55452	229.217	0.009	0.620	322.894	0.063
1594046044.57204	229.229	0.010	0.658	322.813	0.060
1594046044.59330	229.259	0.009	0.632	322.813	0.058
1594046044.62228	229.256	0.010	0.647	322.652	0.060
1594046044.62343	229.317	0.010	0.658	322.813	0.059
1594046044.65702	229.285	0.010	0.660	322.813	0.060
1594046044.67334	229.242	0.010	0.658	322.894	0.058
1594046044.68334	229.254	0.010	0.645	322.733	0.060
1594046044.71954	229.280	0.009	0.647	322.733	0.057
1594046044.74104	229.297	0.011	0.763	322.733	0.073
1594046044.75454	229.267	0.012	0.818	322.813	0.068
1594046044.77956	229.230	0.012	0.846	322.733	0.078
1594046044.79209	229.270	0.012	0.842	322.733	0.070
1594046044.81206	229.203	0.012	0.809	322.652	0.072
1594046044.82210	229.182	0.012	0.821	322.652	0.068
1594046044.84835	229.164	0.012	0.837	322.572	0.073
1594046044.87078	229.193	0.012	0.868	322.652	0.074
1594046044.89605	229.255	0.013	0.895	322.813	0.075
1594046044.91335	229.238	0.012	0.831	322.652	0.069
1594046044.93229	229.255	0.012	0.847	322.652	0.069
1594046044.94212	229.242	0.012	0.842	322.813	0.072
1594046044.98078	229.194	0.012	0.842	322.652	0.075
1594046044.98845	229.201	0.012	0.829	322.733	0.070
1594046045.00212	229.257	0.012	0.826	322.652	0.076
1594046045.03828	229.249	0.012	0.855	322.652	0.072
1594046045.05229	229.274	0.012	0.846	322.733	0.075
1594046045.07456	229.255	0.012	0.844	322.733	0.073
1594046045.10344	229.277	0.011	0.787	322.733	0.070
1594046045.13077	229.257	0.011	0.783	322.813	0.071
1594046045.14709	229.213	0.011	0.750	322.894	0.066
1594046045.16459	229.223	0.011	0.726	322.652	0.068
1594046045.18953	229.251	0.011	0.823	322.652	0.067
1594046045.22207	229.255	0.011	0.756	322.733	0.066
1594046045.24077	229.266	0.011	0.778	322.733	0.074
1594046045.25230	229.203	0.010	0.723	322.652	0.063
1594046045.27085	229.173	0.011	0.743	322.572	0.073
1594046045.28710	229.235	0.011	0.801	322.572	0.066
1594046045.30584	229.206	0.011	0.763	322.813	0.066
1594046045.32086	229.234	0.011	0.773	322.652	0.069
1594046045.35578	229.232	0.011	0.774	322.733	0.064
1594046045.37205	229.210	0.011	0.773	322.733	0.067
1594046045.39582	229.243	0.011	0.766	322.652	0.071
1594046045.42083	229.230	0.011	0.761	322.733	0.064
1594046045.42586	229.218	0.011	0.744	322.733	0.068
1594046045.45828	229.226	0.011	0.777	322.733	0.066
1594046045.47211	229.237	0.011	0.752	322.813	0.062
1594046045.48336	229.273	0.011	0.794	322.813	0.067
1594046045.51329	229.277	0.011	0.803	322.813	0.071
1594046045.52961	229.290	0.011	0.746	322.813	0.068
1594046045.55203	229.296	0.011	0.771	322.974	0.066
1594046045.56211	229.264	0.011	0.761	322.894	0.069
1594046045.58836	229.259	0.011	0.724	322.894	0.062
1594046045.61079	229.291	0.011	0.798	322.894	0.066
1594046045.62087	229.269	0.011	0.754	322.733	0.067
1594046045.64961	229.265	0.011	0.791	322.813	0.068
1594046045.67207	229.248	0.011	0.737	322.813	0.068
1594046045.68212	229.295	0.012	0.787	322.813	0.082
1594046045.71606	229.296	0.011	0.785	322.894	0.068
1594046045.73106	229.284	0.011	0.756	322.733	0.071
1594046045.74086	229.274	0.011	0.779	322.813	0.071
1594046045.77731	229.221	0.011	0.716	322.733	0.066
1594046045.78336	228.958	0.010	0.717	322.492	0.062
1594046045.80086	229.101	0.011	0.777	322.572	0.069
1594046045.83353	229.064	0.011	0.749	322.411	0.068
1594046045.84086	229.083	0.011	0.730	322.492	0.063
1594046045.87354	229.128	0.011	0.796	322.411	0.069
1594046045.90104	229.169	0.011	0.777	322.492	0.071
1594046045.90836	229.200	0.011	0.754	322.572	0.064
1594046045.93334	229.205	0.011	0.786	322.492	0.067
1594046045.94961	229.221	0.011	0.807	322.652	0.069
1594046045.96211	229.203	0.013	0.883	322.572	0.080
1594046045.97961	229.233	0.015	1.063	322.492	0.090
1594046046.00836	229.251	0.014	1.042	322.733	0.084
1594046046.01962	229.234	0.018	1.345	322.813	0.107
1594046046.03961	229.275	0.015	1.072	322.652	0.090
1594046046.06711	229.226	0.013	0.923	322.813	0.082
1594046046.07962	229.241	0.013	0.939	322.733	0.078
1594046046.09966	229.244	0.013	0.926	322.813	0.082
1594046046.12962	229.250	0.014	0.970	322.894	0.082
1594046046.13962	229.251	0.011	0.770	322.894	0.072
1594046046.16087	229.239	0.010	0.683	322.733	0.061
1594046046.20083	229.265	0.010	0.721	322.733	0.067
1594046046.20212	229.292	0.010	0.693	322.733	0.064
1594046046.22212	229.245	0.010	0.705	322.733	0.062
1594046046.24587	229.253	0.010	0.690	322.652	0.061
1594046046.25962	229.232	0.010	0.667	322.652	0.062
1594046046.28087	229.248	0.013	0.911	322.733	0.078
1594046046.30712	229.198	0.014	0.963	322.572	0.083
1594046046.32088	229.189	0.011	0.796	322.572	0.068
1594046046.35581	229.202	0.013	0.956	322.733	0.074
1594046046.37213	229.172	0.013	0.915	322.652	0.079
1594046046.38462	229.209	0.013	0.924	322.572	0.075
1594046046.39962	229.230	0.013	0.960	322.652	0.079
1594046046.42591	229.248	0.014	0.973	322.652	0.076
1594046046.44092	229.216	0.014	0.964	322.652	0.076
1594046046.46090	229.170	0.013	0.905	322.492	0.075
1594046046.48842	229.240	0.013	0.923	322.572	0.079
1594046046.50092	229.229	0.012	0.844	322.572	0.075
1594046046.51966	229.241	0.014	1.039	322.652	0.083
1594046046.54714	229.207	0.013	0.945	322.652	0.073
1594046046.55966	229.199	0.014	0.977	322.572	0.078
1594046046.57967	229.269	0.014	1.046	322.652	0.080
1594046046.60714	229.233	0.014	0.976	322.492	0.087
1594046046.61966	229.188	0.014	0.985	322.572	0.082
1594046046.64091	229.147	0.014	1.027	322.492	0.084
1594046046.66716	229.096	0.013	0.929	322.492	0.072
1594046046.68214	229.149	0.011	0.751	322.492	0.069
1594046046.70217	229.122	0.011	0.758	322.572	0.066
1594046046.72716	229.130	0.010	0.700	322.492	0.062
1594046046.73967	229.153	0.011	0.728	322.733	0.068
1594046046.76089	229.130	0.010	0.690	322.492	0.061
1594046046.78839	229.181	0.010	0.712	322.733	0.063
1594046046.80089	229.174	0.010	0.717	322.492	0.061
1594046046.81964	229.183	0.011	0.728	322.572	0.070
1594046046.84589	229.181	0.011	0.721	322.492	0.061
1594046046.86090	229.169	0.010	0.698	322.411	0.062
1594046046.87964	229.207	0.011	0.744	322.572	0.062
1594046046.90716	229.189	0.011	0.731	322.652	0.070
1594046046.92090	229.165	0.011	0.745	322.492	0.066
1594046046.93965	229.110	0.011	0.717	322.411	0.070
1594046046.96714	229.067	0.010	0.686	322.331	0.063
1594046046.97965	229.141	0.011	0.743	322.411	0.064
1594046046.99964	229.156	0.011	0.736	322.411	0.070
1594046047.02715	229.203	0.010	0.734	322.492	0.059
1594046047.03964	229.221	0.011	0.734	322.492	0.067
1594046047.05965	229.197	0.010	0.672	322.572	0.069
1594046047.08589	229.267	0.010	0.726	322.572	0.060
1594046047.09965	229.254	0.010	0.712	322.652	0.061
1594046047.12090	229.230	0.010	0.699	322.492	0.064
1594046047.15212	229.238	0.014	1.007	322.652	0.078
1594046047.17110	229.217	0.014	1.009	322.572	0.083
1594046047.18090	229.224	0.014	1.010	322.652	0.078
1594046047.20715	229.199	0.014	1.024	322.652	0.082
1594046047.21966	229.147	0.013	0.950	322.492	0.073
1594046047.24091	229.177	0.015	1.120	322.572	0.093
1594046047.26840	229.129	0.014	0.972	322.492	0.078
1594046047.28091	229.184	0.013	0.890	322.572	0.075
1594046047.31588	229.220	0.012	0.825	322.492	0.072
1594046047.33215	229.207	0.012	0.858	322.652	0.068
1594046047.34215	229.248	0.012	0.854	322.652	0.075
1594046047.36090	229.210	0.012	0.817	322.572	0.068
1594046047.39091	229.235	0.012	0.850	322.492	0.073
1594046047.40215	229.279	0.012	0.869	322.572	0.074
1594046047.41966	229.285	0.012	0.848	322.652	0.076
1594046047.44717	229.261	0.011	0.785	322.411	0.071
1594046047.46962	229.228	0.012	0.890	322.492	0.072
1594046047.48090	229.285	0.012	0.859	322.572	0.080
1594046047.50716	229.325	0.012	0.897	322.733	0.075
1594046047.51965	229.337	0.012	0.794	322.813	0.074
1594046047.53966	229.326	0.012	0.874	322.813	0.071
1594046047.56716	229.284	0.012	0.822	322.652	0.075
1594046047.57966	229.296	0.012	0.851	322.733	0.071
1594046047.60091	229.303	0.012	0.829	322.733	0.073
1594046047.63588	229.348	0.012	0.835	322.733	0.076
1594046047.64216	229.350	0.012	0.839	322.652	0.071
1594046047.66216	229.281	0.012	0.847	322.733	0.073
1594046047.69459	229.308	0.012	0.809	322.652	0.070
1594046047.70090	229.289	0.012	0.857	322.652	0.072
1594046047.72089	229.285	0.012	0.847	322.652	0.070
1594046047.74714	229.287	0.012	0.857	322.894	0.078
1594046047.76214	229.237	0.012	0.812	322.572	0.075
1594046047.79707	229.276	0.012	0.856	322.572	0.075
1594046047.81088	229.289	0.012	0.869	322.572	0.078
1594046047.82088	229.268	0.012	0.814	322.572	0.075
1594046047.85704	229.341	0.012	0.836	322.733	0.072
1594046047.86963	229.312	0.012	0.831	322.572	0.071
1594046047.88088	229.339	0.012	0.841	322.733	0.079
1594046047.91331	229.341	0.012	0.848	322.733	0.075
1594046047.92963	229.338	0.012	0.831	322.733	0.073
1594046047.94956	229.366	0.012	0.809	322.572	0.069
1594046047.95963	229.353	0.012	0.835	322.733	0.072
1594046047.98713	229.435	0.012	0.881	322.733	0.073
1594046048.00956	229.401	0.012	0.837	322.813	0.069
1594046048.01963	229.380	0.012	0.867	322.733	0.078
1594046048.04714	229.426	0.012	0.868	322.733	0.071
1594046048.06954	229.371	0.012	0.829	322.733	0.068
1594046048.09204	229.420	0.012	0.868	322.813	0.072
1594046048.12082	229.398	0.012	0.803	322.813	0.075
1594046048.13481	229.396	0.012	0.862	322.733	0.073
1594046048.14089	229.410	0.012	0.835	322.813	0.073
1594046048.18332	229.361	0.012	0.805	322.813	0.071
1594046048.18838	229.366	0.012	0.841	322.733	0.072
1594046048.20088	229.359	0.012	0.842	322.894	0.078
1594046048.23704	229.349	0.012	0.851	322.894	0.074
1594046048.25106	229.360	0.012	0.831	322.733	0.072
1594046048.27708	229.326	0.012	0.870	322.733	0.075
1594046048.30208	229.343	0.013	0.930	322.813	0.083
1594046048.30714	229.342	0.010	0.704	322.733	0.063
1594046048.33456	229.343	0.010	0.698	322.813	0.061
1594046048.35087	229.334	0.012	0.862	322.733	0.081
1594046048.36087	229.333	0.013	0.942	322.733	0.083
1594046048.38954	229.391	0.013	0.954	322.974	0.079
1594046048.40839	229.398	0.016	1.134	322.894	0.097
1594046048.43084	229.389	0.016	1.178	322.894	0.092
1594046048.44087	229.392	0.016	1.229	322.813	0.099
1594046048.46964	229.357	0.016	1.153	322.813	0.091
1594046048.48957	229.402	0.016	1.208	322.733	0.094
1594046048.49962	229.360	0.017	1.264	322.894	0.108
1594046048.52964	229.359	0.015	1.096	322.652	0.085
1594046048.54955	229.355	0.016	1.172	322.652	0.094
1594046048.56088	229.332	0.016	1.177	322.733	0.103
1594046048.59958	229.363	0.017	1.254	322.733	0.099
1594046048.60837	229.304	0.016	1.154	322.572	0.088
1594046048.62087	229.320	0.018	1.349	322.572	0.099
1594046048.65705	229.344	0.017	1.298	322.652	0.102
1594046048.66337	229.316	0.018	1.277	322.572	0.105
1594046048.68087	229.352	0.018	1.356	322.652	0.108
1594046048.71830	229.311	0.017	1.277	322.652	0.099
1594046048.72462	229.292	0.017	1.298	322.572	0.103
1594046048.75456	229.313	0.017	1.247	322.652	0.100
1594046048.77087	229.305	0.017	1.262	322.572	0.097
1594046048.78212	229.345	0.017	1.270	322.572	0.098
1594046048.80956	229.340	0.018	1.348	322.813	0.104
1594046048.82713	229.332	0.017	1.245	322.733	0.099
1594046048.84212	229.308	0.017	1.290	322.733	0.105
1594046048.86955	229.239	0.016	1.219	322.652	0.104
1594046048.90232	229.287	0.020	1.510	322.733	0.128
1594046048.92081	229.252	0.019	1.443	322.652	0.115
1594046048.93232	229.254	0.018	1.391	322.652	0.109
1594046048.95088	229.269	0.019	1.367	322.733	0.109
1594046048.96713	229.256	0.018	1.380	322.652	0.104
1594046048.97964	229.315	0.019	1.411	322.813	0.106
1594046049.00088	229.314	0.019	1.423	322.652	0.105
1594046049.03706	229.266	0.018	1.392	322.652	0.108
1594046049.05108	229.256	0.019	1.405	322.572	0.107
1594046049.07209	229.218	0.019	1.410	322.572	0.109
1594046049.10217	229.284	0.019	1.420	322.572	0.108
1594046049.13206	229.308	0.018	1.363	322.572	0.103
1594046049.14839	229.290	0.019	1.407	322.652	0.108
1594046049.16213	229.227	0.019	1.433	322.572	0.102
1594046049.18956	229.251	0.020	1.504	322.652	0.115
1594046049.21858	229.252	0.019	1.423	322.652	0.105
1594046049.22963	229.267	0.019	1.456	322.733	0.107
1594046049.25108	229.275	0.019	1.403	322.733	0.104
1594046049.26713	229.234	0.018	1.414	322.572	0.104
1594046049.29332	229.287	0.018	1.358	322.652	0.110
1594046049.30088	229.329	0.019	1.486	322.813	0.108
1594046049.32091	229.358	0.021	1.649	322.733	0.122
1594046049.35457	229.346	0.021	1.611	322.974	0.112
1594046049.37109	229.291	0.021	1.603	322.733	0.115
1594046049.39836	229.357	0.023	1.768	322.733	0.128
1594046049.41214	229.475	0.021	1.617	322.894	0.121
1594046049.43208	229.485	0.021	1.661	323.055	0.118
1594046049.45207	229.438	0.021	1.593	322.974	0.119
1594046049.46839	229.386	0.021	1.573	322.894	0.117
1594046049.48214	229.399	0.021	1.593	322.974	0.116
1594046049.50832	229.445	0.021	1.618	322.974	0.115
1594046049.54208	229.395	0.020	1.579	322.974	0.116
1594046049.56088	229.328	0.021	1.612	322.813	0.119
1594046049.58714	229.379	0.021	1.642	322.894	0.119
1594046049.61334	229.421	0.021	1.632	322.974	0.118
1594046049.62089	229.405	0.021	1.633	322.894	0.122
1594046049.64714	229.401	0.021	1.604	322.894	0.121
1594046049.66958	229.389	0.021	1.621	322.974	0.117
1594046049.67964	229.402	0.021	1.636	322.894	0.118
1594046049.71581	229.428	0.022	1.705	322.813	0.124
1594046049.72212	229.431	0.020	1.583	322.813	0.114
1594046049.73964	229.423	0.021	1.577	322.974	0.119
1594046049.76587	229.378	0.022	1.685	322.894	0.123
1594046049.78090	229.374	0.021	1.614	322.813	0.123
1594046049.80089	229.392	0.021	1.665	322.813	0.122
1594046049.82462	229.359	0.022	1.700	322.813	0.123
1594046049.84213	229.363	0.030	2.462	322.813	0.156
1594046049.85837	229.384	0.030	2.440	322.813	0.159
1594046049.89089	229.388	0.030	2.398	322.813	0.156
1594046049.90089	229.461	0.030	2.482	322.974	0.163
1594046049.91839	229.470	0.028	2.309	322.894	0.146
1594046049.94589	229.436	0.028	2.320	322.894	0.156
1594046049.95964	229.434	0.029	2.317	323.055	0.154
1594046049.97838	229.394	0.029	2.375	322.894	0.156
1594046050.00590	229.430	0.028	2.260	322.974	0.156
1594046050.01837	229.428	0.023	1.832	323.135	0.128
1594046050.03964	229.420	0.022	1.711	322.974	0.128
1594046050.06590	229.393	0.023	1.803	322.974	0.127
1594046050.07838	229.369	0.022	1.674	322.813	0.124
1594046050.09840	229.400	0.023	1.776	322.894	0.128
1594046050.12587	229.421	0.022	1.775	322.974	0.124
1594046050.14983	229.396	0.022	1.713	322.894	0.119
1594046050.15963	229.410	0.021	1.637	322.894	0.118
1594046050.19357	229.421	0.021	1.682	322.974	0.115
1594046050.20959	229.442	0.021	1.612	322.894	0.118
1594046050.21963	229.432	0.021	1.669	322.894	0.120
1594046050.25461	229.412	0.021	1.661	322.813	0.122
1594046050.26090	229.369	0.021	1.658	322.974	0.118
1594046050.28088	229.344	0.021	1.630	322.813	0.121
1594046050.31461	229.380	0.022	1.664	322.733	0.118
1594046050.32088	229.401	0.021	1.659	322.813	0.119
1594046050.35458	229.424	0.021	1.646	322.813	0.122
1594046050.37960	229.412	0.022	1.672	322.894	0.124
1594046050.38713	229.439	0.021	1.640	322.733	0.117
1594046050.41708	229.496	0.021	1.691	322.974	0.118
1594046050.42963	229.465	0.021	1.646	323.055	0.124
1594046050.44213	229.432	0.021	1.627	322.894	0.119
1594046050.47459	229.405	0.021	1.673	322.974	0.124
1594046050.49214	229.413	0.021	1.657	323.055	0.117
1594046050.50338	229.451	0.021	1.619	322.894	0.127
1594046050.51963	229.393	0.021	1.603	322.974	0.117
1594046050.54714	229.312	0.021	1.627	322.813	0.118
1594046050.55963	229.291	0.022	1.653	322.733	0.123
1594046050.57964	229.291	0.021	1.617	322.733	0.118
1594046050.60714	229.313	0.021	1.635	322.733	0.120
1594046050.61839	229.332	0.021	1.606	322.733	0.116
1594046050.63963	229.349	0.022	1.710	322.733	0.126
1594046050.66588	229.379	0.021	1.666	322.733	0.117
1594046050.68213	229.375	0.021	1.641	322.733	0.123
1594046050.69963	229.389	0.021	1.655	322.813	0.119
1594046050.73089	229.365	0.021	1.637	322.652	0.120
1594046050.74089	229.360	0.022	1.675	322.813	0.118
1594046050.76089	229.331	0.021	1.640	322.733	0.121
1594046050.78463	229.320	0.021	1.675	322.813	0.118
1594046050.79963	229.343	0.021	1.605	322.572	0.115
1594046050.81839	229.326	0.020	1.595	322.572	0.119
1594046050.84719	229.344	0.021	1.629	322.813	0.114
1594046050.85967	229.374	0.022	1.728	322.652	0.130
1594046050.87843	229.362	0.023	1.781	322.652	0.128
1594046050.90468	229.389	0.024	1.892	322.652	0.134
1594046050.91968	229.387	0.021	1.676	322.813	0.119
1594046050.93843	229.366	0.025	1.978	322.813	0.144
1594046050.96591	229.365	0.028	2.348	322.733	0.151
1594046050.97840	229.356	0.027	2.186	322.572	0.145
1594046050.99839	229.390	0.025	1.976	322.974	0.136
1594046051.02465	229.358	0.024	1.956	322.733	0.130
1594046051.03839	229.343	0.025	1.960	322.733	0.133
1594046051.05840	229.321	0.029	2.421	322.652	0.153
1594046051.08589	229.311	0.031	2.600	322.652	0.170
1594046051.09840	229.383	0.032	2.647	322.733	0.164
1594046051.11964	229.373	0.032	2.675	322.894	0.174
1594046051.14589	229.389	0.030	2.486	322.733	0.158
1594046051.15840	229.370	0.030	2.472	322.813	0.161
1594046051.17964	229.367	0.031	2.487	322.733	0.161
1594046051.20590	229.396	0.031	2.561	322.894	0.164
1594046051.21840	229.390	0.031	2.551	322.894	0.164
1594046051.23964	229.385	0.032	2.611	322.813	0.173
1594046051.26466	229.339	0.030	2.484	322.733	0.165
1594046051.27965	229.307	0.031	2.500	322.733	0.167
1594046051.31086	229.383	0.031	2.573	322.733	0.164
1594046051.33858	229.400	0.032	2.625	322.733	0.171
1594046051.34466	229.405	0.031	2.611	322.733	0.163
1594046051.35965	229.381	0.031	2.560	322.733	0.165
1594046051.38590	229.391	0.030	2.504	322.652	0.156
1594046051.39965	229.461	0.029	2.363	322.733	0.148
1594046051.41841	229.474	0.029	2.362	322.974	0.150
1594046051.44716	229.458	0.027	2.280	322.894	0.150
1594046051.46835	229.435	0.029	2.359	322.813	0.154
1594046051.47841	229.410	0.028	2.275	322.813	0.146
1594046051.50591	229.455	0.028	2.286	322.733	0.154
1594046051.52834	229.465	0.028	2.326	322.813	0.154
1594046051.53966	229.462	0.030	2.439	322.894	0.162
1594046051.56716	229.442	0.028	2.326	322.894	0.154
1594046051.57841	229.408	0.028	2.252	322.894	0.153
1594046051.59966	229.379	0.030	2.447	322.733	0.157
1594046051.63210	229.370	0.030	2.448	322.894	0.168
1594046051.63986	229.372	0.028	2.287	322.813	0.150
1594046051.65965	229.330	0.028	2.301	322.813	0.153
1594046051.69334	229.314	0.028	2.295	322.652	0.152
1594046051.70091	229.363	0.028	2.309	322.894	0.156
1594046051.72111	229.340	0.028	2.296	322.894	0.156
1594046051.75707	229.308	0.028	2.297	322.733	0.159
1594046051.76591	229.311	0.027	2.198	322.733	0.148
1594046051.79585	229.293	0.024	1.918	322.733	0.134
1594046051.80860	229.378	0.024	1.946	322.974	0.136
1594046051.82111	229.428	0.027	2.235	322.733	0.151
1594046051.85584	229.439	0.030	2.496	322.813	0.161
1594046051.87341	229.432	0.028	2.352	322.733	0.153
1594046051.88216	229.423	0.028	2.304	322.894	0.155
1594046051.91457	229.444	0.027	2.203	322.813	0.155
1594046051.93091	229.456	0.026	2.079	322.733	0.152
1594046051.94960	229.472	0.024	1.911	322.813	0.134
1594046051.95964	229.468	0.023	1.816	322.813	0.130
1594046051.98591	229.452	0.025	2.032	322.733	0.136
1594046052.00836	229.475	0.024	1.899	322.813	0.132
1594046052.01840	229.469	0.024	1.851	322.813	0.130
1594046052.04612	229.453	0.024	1.866	322.894	0.127
1594046052.05862	229.407	0.023	1.819	322.733	0.124
1594046052.07967	229.332	0.024	1.891	322.733	0.127
1594046052.11211	229.342	0.025	2.008	322.813	0.145
1594046052.11965	229.405	0.025	2.005	322.813	0.141
1594046052.13987	229.374	0.024	1.880	322.894	0.136
1594046052.17333	229.366	0.024	1.859	322.894	0.131
1594046052.18091	229.322	0.023	1.792	322.894	0.133
1594046052.20089	229.367	0.024	1.879	322.813	0.136
1594046052.22465	229.362	0.024	1.878	322.894	0.134
1594046052.23987	229.341	0.024	1.878	322.813	0.134
1594046052.27711	229.342	0.023	1.787	322.813	0.126
1594046052.28987	229.316	0.023	1.853	322.813	0.131
1594046052.30090	229.364	0.025	1.969	322.733	0.144
1594046052.33583	229.347	0.030	2.483	322.813	0.165
1594046052.34840	229.377	0.030	2.513	322.733	0.162
1594046052.36215	229.361	0.030	2.512	322.733	0.161
1594046052.37840	229.309	0.030	2.461	322.652	0.165
1594046052.40589	229.372	0.030	2.531	322.894	0.158
1594046052.42836	229.354	0.029	2.451	322.813	0.154
1594046052.43840	229.384	0.030	2.469	322.813	0.155
1594046052.46715	229.399	0.030	2.500	322.813	0.156
1594046052.48833	229.383	0.029	2.400	322.813	0.151
1594046052.49965	229.429	0.030	2.499	322.813	0.158
1594046052.52590	229.395	0.029	2.417	322.733	0.154
1594046052.53840	229.407	0.030	2.503	322.733	0.163
1594046052.55967	229.359	0.031	2.580	322.733	0.166
1594046052.59462	229.310	0.031	2.533	322.652	0.162
1594046052.60090	229.346	0.031	2.609	322.652	0.167
1594046052.62110	229.379	0.031	2.647	322.652	0.166
1594046052.65459	229.348	0.031	2.549	322.652	0.168
1594046052.66216	229.327	0.032	2.725	322.652	0.167
1594046052.67966	229.260	0.032	2.714	322.652	0.167
1594046052.71333	229.283	0.032	2.769	322.652	0.171
1594046052.72110	229.241	0.031	2.624	322.733	0.166
1594046052.75586	229.265	0.032	2.665	322.733	0.171
1594046052.76841	229.266	0.032	2.696	322.894	0.170
1594046052.77965	229.236	0.032	2.618	322.813	0.168
1594046052.81585	229.277	0.033	2.673	322.813	0.173
1594046052.82841	229.283	0.032	2.601	322.733	0.164
1594046052.83986	229.296	0.031	2.637	322.652	0.167
1594046052.87334	229.287	0.032	2.704	322.652	0.167
1594046052.88986	229.245	0.032	2.698	322.572	0.166
1594046052.91088	229.282	0.031	2.648	322.572	0.161
1594046052.91966	229.335	0.032	2.697	322.652	0.163
1594046052.94611	229.371	0.031	2.663	322.813	0.159
1594046052.97085	229.367	0.032	2.645	322.733	0.167
1594046052.97966	229.330	0.030	2.490	322.572	0.156
1594046053.00591	229.338	0.030	2.477	322.652	0.165
1594046053.02834	229.296	0.030	2.453	322.652	0.156
1594046053.03841	229.287	0.030	2.474	322.652	0.165
1594046053.07585	229.250	0.030	2.464	322.572	0.159
1594046053.08341	229.211	0.030	2.458	322.652	0.164
1594046053.09967	229.245	0.031	2.564	322.652	0.170
1594046053.13584	229.178	0.031	2.548	322.492	0.159
1594046053.14216	229.163	0.030	2.464	322.652	0.153
1594046053.15966	229.097	0.030	2.478	322.572	0.156
1594046053.19459	229.006	0.030	2.450	322.411	0.162
1594046053.20984	228.991	0.030	2.468	322.331	0.159
1594046053.23460	228.987	0.031	2.503	322.331	0.165
1594046053.25836	228.993	0.031	2.512	322.331	0.159
1594046053.26341	228.929	0.030	2.507	322.492	0.166
1594046053.29584	228.879	0.030	2.506	322.331	0.162
1594046053.30842	228.895	0.031	2.537	322.331	0.166
1594046053.31967	228.863	0.031	2.512	322.492	0.162
1594046053.35584	228.800	0.029	2.397	322.331	0.154
1594046053.38085	228.746	0.025	2.003	322.250	0.139
1594046053.41459	228.753	0.023	1.793	322.250	0.128
1594046053.43093	228.783	0.023	1.803	322.331	0.127
1594046053.44834	228.752	0.023	1.753	322.331	0.126
1594046053.45842	228.752	0.023	1.787	322.331	0.128
1594046053.48717	228.710	0.023	1.760	322.170	0.130
1594046053.51084	228.743	0.023	1.767	322.170	0.127
1594046053.52092	228.721	0.023	1.762	322.170	0.128
1594046053.55835	228.766	0.023	1.767	322.170	0.124
1594046053.57109	228.756	0.023	1.723	322.170	0.126
1594046053.57842	228.692	0.022	1.722	322.009	0.124
1594046053.61584	228.664	0.022	1.710	321.928	0.130
1594046053.62217	228.681	0.023	1.776	321.928	0.131
1594046053.63840	228.643	0.022	1.741	322.009	0.122
1594046053.67333	228.614	0.023	1.778	321.928	0.127
1594046053.67965	228.566	0.023	1.746	321.848	0.130
1594046053.71086	228.622	0.023	1.776	321.767	0.123
1594046053.73712	228.618	0.022	1.740	321.848	0.122
1594046053.74465	228.598	0.022	1.731	321.687	0.122
1594046053.77333	228.615	0.023	1.809	321.767	0.127
1594046053.78965	228.563	0.022	1.736	321.687	0.120
1594046053.80090	228.560	0.022	1.714	321.365	0.122
1594046053.83583	228.575	0.022	1.772	321.445	0.122
1594046053.85964	228.544	0.022	1.735	321.445	0.118
1594046053.87966	228.476	0.023	1.774	321.204	0.126
1594046053.90716	228.506	0.022	1.748	321.284	0.123
1594046053.93083	228.515	0.022	1.747	321.365	0.123
1594046053.93965	228.511	0.024	1.926	321.204	0.138
1594046053.96840	228.489	0.023	1.811	321.123	0.129
1594046053.98985	228.471	0.022	1.750	321.043	0.126
1594046053.99966	228.420	0.023	1.786	320.882	0.127
1594046054.03709	228.439	0.023	1.807	320.882	0.128
1594046054.04985	228.456	0.023	1.782	321.043	0.129
1594046054.05965	228.455	0.023	1.766	320.882	0.123
1594046054.09833	228.435	0.023	1.839	320.962	0.130
1594046054.10340	228.390	0.023	1.821	320.801	0.132
1594046054.11965	228.368	0.023	1.757	320.801	0.127
1594046054.15584	228.295	0.023	1.802	320.962	0.126
1594046054.16860	228.305	0.023	1.798	320.721	0.126
1594046054.19610	228.311	0.023	1.821	320.882	0.130
1594046054.22097	228.345	0.024	1.854	320.882	0.138
1594046054.25084	228.429	0.024	1.840	321.043	0.132
1594046054.26716	228.417	0.024	1.832	321.043	0.133
1594046054.28091	228.385	0.023	1.822	321.123	0.134
1594046054.30961	228.331	0.025	2.001	321.204	0.138
1594046054.32592	228.301	0.023	1.762	321.204	0.124
1594046054.35084	228.313	0.023	1.791	321.123	0.126
1594046054.36861	228.279	0.023	1.790	321.123	0.126
1594046054.38466	228.243	0.023	1.813	321.123	0.128
1594046054.41209	228.283	0.023	1.769	321.043	0.126
1594046054.42591	228.313	0.023	1.828	321.204	0.127
1594046054.43966	228.321	0.023	1.834	321.284	0.133
1594046054.47086	228.332	0.023	1.843	321.204	0.128
1594046054.48961	228.335	0.023	1.806	321.204	0.128
1594046054.51088	228.360	0.023	1.797	321.204	0.127
1594046054.53861	228.309	0.023	1.809	321.204	0.126
1594046054.53966	228.334	0.023	1.831	321.445	0.127
1594046054.57462	228.331	0.023	1.829	321.204	0.135
1594046054.59092	228.321	0.026	2.094	320.962	0.143
1594046054.60216	228.279	0.026	2.085	321.123	0.143
1594046054.62834	228.369	0.026	2.096	321.204	0.144
1594046054.64092	228.407	0.023	1.842	321.123	0.131
1594046054.66835	228.415	0.024	1.912	321.204	0.132
1594046054.68964	228.396	0.026	2.067	321.123	0.142
1594046054.70591	228.445	0.031	2.463	321.284	0.170
1594046054.73209	228.475	0.031	2.579	321.284	0.165
1594046054.73841	228.476	0.031	2.574	321.284	0.163
1594046054.75842	228.174	0.030	2.426	321.204	0.165
1594046054.79584	228.014	0.030	2.484	320.801	0.166
1594046054.80092	228.244	0.029	2.282	320.882	0.161
1594046054.81839	228.361	0.029	2.366	321.043	0.155
1594046054.85862	228.380	0.028	2.351	321.204	0.152
1594046054.86343	228.372	0.027	2.205	321.123	0.150
1594046054.89335	228.389	0.027	2.157	321.123	0.143
1594046054.90967	228.403	0.029	2.345	321.204	0.154
1594046054.92093	228.446	0.027	2.227	321.365	0.146
1594046054.94735	228.427	0.026	2.097	321.365	0.143
1594046054.96093	228.416	0.026	2.107	321.284	0.146
1594046054.98985	228.437	0.027	2.141	321.365	0.142
1594046054.99968	228.453	0.026	2.068	321.365	0.145
1594046055.02593	228.460	0.029	2.349	321.365	0.155
1594046055.04218	228.497	0.027	2.229	321.365	0.153
1594046055.05718	228.531	0.026	2.093	321.445	0.142
1594046055.07844	228.479	0.027	2.181	321.365	0.148
1594046055.10843	228.505	0.028	2.255	321.204	0.151
1594046055.11843	228.566	0.028	2.217	321.284	0.150
1594046055.13718	228.570	0.027	2.262	321.445	0.153
1594046055.16343	228.574	0.026	2.099	321.687	0.139
1594046055.17843	228.522	0.025	1.948	321.445	0.136
1594046055.19718	228.527	0.024	1.916	321.365	0.131
1594046055.22468	228.546	0.025	1.976	321.445	0.136
1594046055.23843	228.557	0.024	1.892	321.445	0.131
1594046055.25718	228.545	0.023	1.771	321.445	0.126
1594046055.28469	228.564	0.023	1.789	321.445	0.127
1594046055.29718	228.631	0.023	1.829	321.767	0.129
1594046055.31724	228.666	0.023	1.808	321.687	0.128
1594046055.34347	228.672	0.023	1.783	321.687	0.133
1594046055.35847	228.703	0.023	1.801	321.687	0.129
1594046055.37719	228.697	0.024	1.850	321.928	0.136
1594046055.40470	228.730	0.023	1.792	321.848	0.134
1594046055.41721	228.725	0.022	1.759	321.848	0.126
1594046055.43847	228.744	0.023	1.839	321.767	0.133
1594046055.47341	228.784	0.027	2.225	321.928	0.155
1594046055.47971	228.794	0.026	2.147	322.009	0.148
1594046055.49972	228.768	0.025	2.034	321.848	0.136
1594046055.52469	228.809	0.029	2.433	321.767	0.156
1594046055.53720	228.816	0.031	2.585	321.928	0.162
1594046055.55846	228.826	0.029	2.381	321.928	0.157
1594046055.58472	228.794	0.032	2.672	321.928	0.171
1594046055.59847	228.733	0.031	2.610	321.848	0.162
1594046055.61720	228.806	0.032	2.682	321.848	0.166
1594046055.65096	228.821	0.031	2.613	322.009	0.165
1594046055.66847	228.810	0.029	2.327	321.848	0.155
1594046055.67845	228.843	0.032	2.768	321.928	0.166
1594046055.70595	228.844	0.029	2.372	321.848	0.156
1594046055.71845	228.899	0.030	2.455	322.009	0.158
1594046055.73720	228.869	0.030	2.449	322.009	0.163
1594046055.76345	228.893	0.029	2.449	321.848	0.157
1594046055.77720	228.887	0.030	2.464	321.848	0.155
1594046055.79720	228.892	0.031	2.484	322.009	0.167
1594046055.82595	228.909	0.031	2.611	322.009	0.173
1594046055.83718	228.908	0.028	2.303	322.089	0.152
1594046055.85717	228.883	0.027	2.228	322.089	0.155
1594046055.88467	228.865	0.031	2.548	322.009	0.168
1594046055.89717	228.843	0.032	2.690	322.089	0.171
1594046055.91842	228.859	0.031	2.551	322.009	0.170
1594046055.94342	228.895	0.033	2.724	322.089	0.174
1594046055.95717	228.913	0.034	2.854	322.089	0.175
1594046055.97842	228.885	0.037	3.262	322.009	0.190
1594046056.00467	228.893	0.035	2.887	321.928	0.176
1594046056.01717	228.934	0.035	2.940	322.089	0.173
1594046056.03842	228.922	0.035	3.037	322.089	0.182
1594046056.06467	228.933	0.034	2.869	322.089	0.177
1594046056.07842	228.859	0.035	2.943	322.170	0.180
1594046056.09717	228.873	0.035	2.995	322.170	0.179
1594046056.12467	228.905	0.031	2.620	322.009	0.170
1594046056.13842	228.913	0.031	2.535	322.009	0.164
1594046056.15718	228.941	0.031	2.548	322.089	0.163
1594046056.18467	228.980	0.031	2.507	322.089	0.162
1594046056.19842	228.981	0.030	2.514	322.170	0.162
1594046056.21844	228.982	0.030	2.522	322.250	0.161
1594046056.24718	228.979	0.030	2.519	322.009	0.162
1594046056.25718	228.980	0.031	2.507	322.089	0.167
1594046056.27718	228.958	0.031	2.531	322.170	0.162
1594046056.30468	228.943	0.031	2.584	322.331	0.159
1594046056.31844	228.931	0.030	2.516	322.089	0.162
1594046056.33718	228.953	0.030	2.585	322.170	0.163
1594046056.36467	228.973	0.031	2.606	322.170	0.163
1594046056.37718	228.919	0.030	2.537	322.009	0.164
1594046056.39842	228.923	0.030	2.511	322.009	0.157
1594046056.43221	228.946	0.031	2.602	322.089	0.162
1594046056.43848	228.969	0.031	2.574	322.170	0.166
1594046056.45847	228.980	0.030	2.537	322.170	0.164
1594046056.48471	228.994	0.031	2.580	322.250	0.164
1594046056.49722	228.980	0.030	2.453	322.250	0.166
1594046056.51846	228.968	0.030	2.445	322.170	0.159
1594046056.54348	228.922	0.030	2.442	322.250	0.158
1594046056.55846	228.908	0.031	2.556	322.170	0.163
1594046056.59218	228.929	0.031	2.598	322.250	0.164
1594046056.60847	228.866	0.030	2.421	322.089	0.158
1594046056.61972	228.896	0.030	2.422	322.089	0.157
1594046056.63721	228.893	0.031	2.535	322.009	0.167
1594046056.66348	228.854	0.030	2.434	322.009	0.159
1594046056.67846	228.839	0.031	2.584	322.089	0.157
1594046056.69722	228.829	0.030	2.471	322.009	0.164
1594046056.72596	228.850	0.031	2.534	321.928	0.171
1594046056.74717	228.884	0.031	2.592	322.009	0.164
1594046056.75723	228.832	0.031	2.592	322.009	0.165
1594046056.78597	228.829	0.030	2.457	322.089	0.156
1594046056.79722	228.825	0.030	2.469	321.848	0.159
1594046056.81723	228.839	0.031	2.526	321.767	0.165
1594046056.84347	228.845	0.030	2.495	321.848	0.162
1594046056.85723	228.845	0.030	2.490	321.848	0.161
1594046056.87846	228.851	0.030	2.472	321.848	0.163
1594046056.91217	228.810	0.031	2.548	321.928	0.167
1594046056.91972	228.856	0.031	2.502	321.928	0.168
1594046056.93972	228.864	0.031	2.476	322.089	0.164
1594046056.97341	228.871	0.033	2.730	321.928	0.174
1594046056.97972	228.873	0.035	3.006	322.089	0.186
1594046056.99972	228.864	0.034	2.882	322.089	0.170
1594046057.03341	228.869	0.035	2.993	322.089	0.179
1594046057.04098	228.890	0.034	2.960	322.009	0.179
1594046057.07342	228.910	0.035	3.020	322.089	0.174
1594046057.08974	228.896	0.034	2.946	322.170	0.176
1594046057.09973	228.861	0.035	2.940	322.089	0.176
1594046057.13473	228.897	0.034	2.963	322.089	0.181
1594046057.14721	228.895	0.034	2.922	322.089	0.175
1594046057.15972	228.925	0.034	2.974	322.009	0.175
1594046057.18841	228.867	0.034	2.951	322.089	0.175
1594046057.20473	228.860	0.034	2.934	321.928	0.176
1594046057.22719	228.877	0.038	3.443	322.089	0.183
1594046057.23973	228.895	0.038	3.325	321.928	0.182
1594046057.26720	228.913	0.038	3.333	322.089	0.182
1594046057.28841	228.921	0.038	3.339	321.928	0.188
1594046057.29847	228.957	0.039	3.411	322.089	0.193
1594046057.32474	228.968	0.038	3.417	322.009	0.189
1594046057.34714	228.955	0.038	3.371	322.089	0.187
1594046057.35721	228.989	0.038	3.428	322.170	0.193
1594046057.39472	228.960	0.038	3.357	322.089	0.191
1594046057.40096	228.964	0.038	3.404	322.170	0.194
1594046057.41846	228.942	0.039	3.354	322.170	0.192
1594046057.45469	228.918	0.038	3.355	322.250	0.193
1594046057.46093	228.916	0.038	3.351	322.250	0.192
1594046057.47845	228.894	0.038	3.370	322.170	0.193
1594046057.50343	228.910	0.038	3.369	322.170	0.193
1594046057.51842	228.931	0.038	3.390	322.250	0.193
1594046057.54969	228.939	0.038	3.339	322.089	0.194
1594046057.56593	228.893	0.038	3.355	322.089	0.192
1594046057.57842	228.862	0.039	3.384	322.009	0.193
1594046057.61336	228.855	0.038	3.299	321.928	0.186
1594046057.62970	228.933	0.039	3.412	322.089	0.198
1594046057.64093	228.959	0.038	3.362	321.928	0.183
1594046057.65718	228.935	0.037	3.356	321.928	0.182
1594046057.68593	228.961	0.038	3.433	322.009	0.183
1594046057.70839	228.956	0.038	3.429	322.089	0.185
1594046057.71843	228.973	0.038	3.453	322.089	0.185
1594046057.74470	228.933	0.038	3.428	322.170	0.187
1594046057.76711	228.922	0.038	3.392	322.170	0.191
1594046057.77843	228.919	0.038	3.413	322.170	0.182
1594046057.80718	228.914	0.038	3.401	322.089	0.187
1594046057.81718	228.980	0.038	3.414	322.250	0.188
1594046057.83843	228.994	0.038	3.411	322.250	0.194
1594046057.87339	229.080	0.038	3.410	322.331	0.190
1594046057.87970	229.048	0.038	3.387	322.411	0.186
1594046057.89970	228.988	0.038	3.383	322.250	0.188
1594046057.93336	228.976	0.038	3.370	322.250	0.181
1594046057.93970	228.995	0.038	3.432	322.250	0.189
1594046057.95971	228.990	0.038	3.369	322.411	0.185
1594046057.99337	228.951	0.039	3.404	322.331	0.198
1594046057.99971	228.956	0.038	3.376	322.331	0.193
1594046058.03470	229.000	0.039	3.411	322.331	0.192
1594046058.04843	229.053	0.039	3.448	322.411	0.197
1594046058.05971	229.056	0.038	3.409	322.411	0.193
1594046058.09469	229.040	0.038	3.376	322.492	0.194
1594046058.10719	229.014	0.035	2.984	322.411	0.185
1594046058.11971	229.080	0.035	2.959	322.492	0.178
1594046058.15338	229.091	0.035	2.936	322.492	0.175
1594046058.17094	229.084	0.034	2.929	322.492	0.174
1594046058.18970	229.054	0.034	2.950	322.411	0.174
1594046058.20470	229.031	0.035	2.971	322.411	0.182
1594046058.22471	229.054	0.034	2.905	322.411	0.185
1594046058.24837	229.051	0.035	2.988	322.411	0.177
1594046058.25844	229.077	0.034	2.934	322.652	0.174
1594046058.28594	229.064	0.034	2.908	322.492	0.177
1594046058.30711	229.046	0.034	2.944	322.492	0.178
1594046058.31720	229.083	0.034	2.966	322.411	0.181
1594046058.35588	229.092	0.034	2.942	322.411	0.174
1594046058.36219	229.105	0.034	2.961	322.411	0.170
1594046058.37844	229.050	0.034	2.947	322.331	0.174
1594046058.41470	229.020	0.034	2.941	322.331	0.177
1594046058.42094	229.046	0.034	2.916	322.331	0.176
1594046058.43844	229.064	0.035	3.002	322.331	0.175
1594046058.47213	229.059	0.035	2.945	322.411	0.181
1594046058.47845	229.002	0.034	2.922	322.331	0.176
1594046058.51471	228.974	0.034	2.910	322.250	0.178
1594046058.52720	228.972	0.034	2.893	322.250	0.176
1594046058.53845	228.934	0.035	2.963	322.331	0.185
1594046058.57471	228.942	0.035	2.927	322.331	0.178
1594046058.58845	228.966	0.035	2.955	322.411	0.180
1594046058.59972	228.886	0.034	2.837	322.250	0.177
1594046058.62960	228.961	0.035	2.918	322.492	0.180
1594046058.65713	228.955	0.035	2.894	322.331	0.180
1594046058.69487	228.990	0.035	2.937	322.331	0.182
1594046058.70718	228.930	0.034	2.858	322.411	0.176
1594046058.72712	228.993	0.035	2.888	322.170	0.180
1594046058.73720	228.998	0.035	2.900	322.331	0.179
1594046058.76472	228.997	0.034	2.843	322.170	0.175
1594046058.79338	229.023	0.034	2.915	322.170	0.170
1594046058.81337	228.980	0.034	2.907	322.170	0.180
1594046058.83971	229.013	0.034	2.985	322.250	0.173
1594046058.85372	228.989	0.035	2.980	322.170	0.183
1594046058.85973	229.008	0.035	3.016	322.250	0.183
1594046058.90088	229.027	0.034	2.950	322.170	0.179
1594046058.90595	228.944	0.034	2.931	322.331	0.185
1594046058.91845	228.944	0.035	2.930	322.170	0.178
1594046058.95838	228.959	0.034	2.957	322.250	0.180
1594046058.96597	228.955	0.034	2.923	322.250	0.171
1594046058.98838	228.965	0.034	2.958	322.250	0.175
1594046059.00473	228.935	0.034	2.863	322.250	0.180
1594046059.02093	228.968	0.034	2.919	322.250	0.176
1594046059.04710	228.970	0.035	2.940	322.250	0.178
1594046059.06353	228.881	0.034	2.885	322.250	0.173
1594046059.08226	228.875	0.035	2.928	322.331	0.181
1594046059.10590	228.827	0.035	2.913	322.250	0.182
1594046059.11722	228.849	0.034	2.957	322.250	0.179
1594046059.14965	228.841	0.035	2.984	322.331	0.178
1594046059.16743	228.819	0.034	2.932	322.411	0.173
1594046059.17722	228.836	0.034	2.969	322.411	0.174
1594046059.21118	228.787	0.034	2.999	322.331	0.179
1594046059.21722	228.796	0.034	2.952	322.250	0.180
1594046059.23847	228.787	0.034	2.968	322.331	0.176
1594046059.27341	228.738	0.034	2.935	322.331	0.176
1594046059.28742	228.748	0.035	2.983	322.331	0.177
1594046059.30993	228.707	0.034	2.855	322.411	0.179
1594046059.33743	228.740	0.034	2.925	322.250	0.174
1594046059.34222	228.730	0.034	2.937	322.331	0.174
1594046059.37466	228.711	0.034	2.944	322.250	0.182
1594046059.38722	228.725	0.035	2.989	322.331	0.174
1594046059.40222	228.677	0.034	2.942	322.170	0.171
1594046059.42715	228.697	0.035	2.944	322.009	0.179
1594046059.45615	228.712	0.034	2.965	322.089	0.169
1594046059.46966	228.738	0.034	3.032	322.170	0.174
1594046059.47977	228.776	0.035	2.970	322.250	0.181
1594046059.50478	228.735	0.035	2.936	322.170	0.177
1594046059.52716	228.747	0.034	2.942	322.170	0.179
1594046059.53723	228.755	0.035	2.983	322.250	0.179
1594046059.56598	228.741	0.035	2.959	322.250	0.181
1594046059.58716	228.707	0.035	2.948	322.170	0.182
1594046059.61345	228.616	0.034	2.874	322.250	0.181
1594046059.63966	228.650	0.035	2.998	322.089	0.179
1594046059.65493	228.650	0.035	2.963	322.089	0.180
1594046059.66098	228.659	0.035	2.965	322.170	0.177
1594046059.69717	228.684	0.035	2.971	322.170	0.177
1594046059.70847	228.611	0.035	2.953	322.089	0.176
1594046059.71850	228.656	0.035	2.974	322.089	0.179
1594046059.75591	228.671	0.035	2.926	322.170	0.178
1594046059.77718	228.676	0.035	2.945	322.089	0.174
1594046059.78841	228.664	0.034	2.925	322.009	0.171
1594046059.80723	228.617	0.035	2.961	322.089	0.175
1594046059.82224	228.668	0.035	2.953	322.170	0.180
1594046059.84716	228.678	0.034	2.934	322.009	0.175
1594046059.86598	228.698	0.035	2.972	322.089	0.175
1594046059.88223	228.746	0.034	2.952	322.089	0.173
1594046059.90716	228.699	0.034	2.923	322.089	0.176
1594046059.92478	228.690	0.034	2.933	322.009	0.174
1594046059.94967	228.637	0.035	2.931	322.009	0.181
1594046059.96744	228.637	0.035	2.965	322.089	0.175
1594046059.98348	228.656	0.034	2.952	322.089	0.176
1594046060.01092	228.581	0.034	2.917	321.848	0.175
1594046060.01848	228.616	0.034	2.968	321.848	0.174
1594046060.03849	228.645	0.035	3.004	321.928	0.180
1594046060.07119	228.628	0.034	2.940	321.928	0.174
1594046060.07978	228.633	0.035	2.997	321.928	0.174
1594046060.11378	228.574	0.034	2.913	321.848	0.169
1594046060.13979	228.621	0.034	2.934	321.687	0.173
1594046060.17221	228.601	0.034	2.929	321.767	0.170
1594046060.18849	228.619	0.034	2.932	321.767	0.173
1594046060.19979	228.551	0.034	2.950	321.848	0.171
1594046060.22721	228.638	0.035	2.974	321.848	0.176
1594046060.23978	228.648	0.034	2.891	322.009	0.174
1594046060.26866	228.574	0.034	2.849	321.767	0.175
1594046060.28867	228.637	0.034	2.965	321.928	0.175
1594046060.30099	228.573	0.034	2.930	321.848	0.171
1594046060.32846	228.559	0.034	2.907	321.767	0.175
1594046060.33850	228.590	0.035	2.956	321.848	0.179
1594046060.36479	228.587	0.034	2.857	321.848	0.175
1594046060.39094	228.542	0.034	2.892	321.606	0.168
1594046060.39849	228.468	0.033	2.896	321.687	0.169
1594046060.43093	228.464	0.034	2.925	321.606	0.168
1594046060.45717	228.478	0.033	2.891	321.606	0.166
1594046060.46225	228.500	0.034	2.911	321.767	0.166
1594046060.49217	228.539	0.034	2.959	321.767	0.163
1594046060.50849	228.521	0.034	2.979	321.606	0.170
1594046060.51849	228.511	0.033	2.865	321.445	0.168
1594046060.53600	228.486	0.034	2.936	321.445	0.174
1594046060.56600	228.499	0.034	2.931	321.365	0.169
1594046060.58844	228.516	0.034	2.968	321.606	0.166
1594046060.61119	228.438	0.034	2.896	321.445	0.173
1594046060.62725	228.435	0.034	2.885	321.445	0.168
1594046060.63980	228.436	0.034	2.959	321.365	0.170
1594046060.65599	228.392	0.034	2.920	321.365	0.166
1594046060.68352	228.412	0.034	2.933	321.445	0.168
1594046060.69602	228.390	0.034	2.977	321.526	0.169
1594046060.71723	228.347	0.034	2.925	321.445	0.174
1594046060.75216	228.404	0.034	2.946	321.365	0.171
1594046060.75977	228.425	0.034	2.950	321.526	0.173
1594046060.77720	228.448	0.035	2.948	321.606	0.176
1594046060.80345	228.411	0.034	2.949	321.687	0.173
1594046060.81598	228.436	0.034	2.907	321.526	0.171
1594046060.83722	228.421	0.034	2.895	321.445	0.174
1594046060.86222	228.455	0.034	2.888	321.606	0.169
1594046060.87722	228.457	0.034	2.932	321.606	0.171
1594046060.91216	228.426	0.034	2.891	321.606	0.164
1594046060.92845	228.423	0.034	2.930	321.606	0.166
1594046060.93847	228.403	0.033	2.905	321.284	0.168
1594046060.95722	228.430	0.033	2.899	321.365	0.163
1594046060.98477	228.416	0.034	2.931	321.365	0.173
1594046060.99720	228.350	0.033	2.911	321.365	0.165
1594046061.01595	228.345	0.034	2.953	321.204	0.170
1594046061.04345	228.368	0.034	2.920	321.204	0.168
1594046061.05596	228.367	0.034	2.887	321.204	0.167
1594046061.07595	228.324	0.034	2.882	321.204	0.171
1594046061.10346	228.290	0.034	2.928	321.123	0.169
1594046061.11595	228.330	0.033	2.885	321.204	0.166
1594046061.13595	228.420	0.034	2.968	321.204	0.167
1594046061.16478	228.437	0.034	2.929	321.284	0.170
1594046061.17595	228.450	0.035	3.009	321.284	0.169
1594046061.19721	228.387	0.033	2.874	321.284	0.174
1594046061.22345	228.399	0.034	2.932	321.284	0.168
1594046061.23595	228.457	0.035	3.045	321.526	0.181
1594046061.25721	228.393	0.034	2.943	321.445	0.173
1594046061.28346	228.418	0.035	2.994	321.526	0.180
1594046061.29846	228.408	0.035	2.906	321.526	0.180
1594046061.31847	228.412	0.034	2.863	321.606	0.176
1594046061.34346	228.440	0.035	2.916	321.687	0.177
1594046061.35721	228.405	0.034	2.922	321.606	0.174
1594046061.37596	228.408	0.035	2.944	321.687	0.181
1594046061.40478	228.351	0.034	2.877	321.606	0.181
1594046061.41721	228.378	0.035	2.924	321.526	0.179
1594046061.43596	228.426	0.035	2.927	321.526	0.182
1594046061.46346	228.420	0.035	2.933	321.526	0.180
1594046061.47721	228.462	0.035	2.942	321.606	0.181
1594046061.49596	228.461	0.035	2.941	321.767	0.181
1594046061.52347	228.586	0.035	2.951	321.687	0.180
1594046061.53595	228.932	0.035	3.010	321.848	0.174
1594046061.55595	229.021	0.035	3.022	322.170	0.175
1594046061.58220	229.034	0.034	2.959	322.250	0.175
1594046061.59596	228.944	0.034	2.942	322.250	0.169
1594046061.61597	228.977	0.035	2.948	322.250	0.183
1594046061.64346	228.975	0.034	2.935	322.411	0.179
1594046061.65597	229.003	0.034	2.979	322.250	0.178
1594046061.67722	228.975	0.034	2.897	322.331	0.167
1594046061.70968	228.960	0.034	2.882	322.250	0.176
1594046061.71721	228.920	0.034	2.915	322.170	0.177
1594046061.73721	228.924	0.035	2.915	322.170	0.182
1594046061.76346	228.942	0.035	2.940	322.170	0.178
1594046061.77596	228.949	0.035	2.955	322.250	0.175
1594046061.79721	228.965	0.035	2.965	322.331	0.182
1594046061.82346	228.977	0.035	2.946	322.250	0.176
1594046061.83721	229.041	0.035	2.990	322.331	0.182
1594046061.86968	229.037	0.035	2.938	322.411	0.181
1594046061.88597	229.077	0.035	2.960	322.572	0.182
1594046061.89722	229.046	0.034	2.936	322.492	0.181
1594046061.91596	228.999	0.035	2.951	322.492	0.182
1594046061.94221	229.021	0.034	2.957	322.411	0.179
1594046061.95722	229.013	0.035	2.959	322.331	0.176
1594046061.97596	229.048	0.035	2.984	322.411	0.176
1594046062.00221	229.126	0.034	2.959	322.652	0.174
1594046062.02591	229.088	0.034	2.914	322.492	0.176
1594046062.03721	229.115	0.035	2.958	322.652	0.179
1594046062.06479	229.122	0.034	2.957	322.492	0.170
1594046062.07596	229.115	0.034	2.929	322.411	0.179
1594046062.09596	229.127	0.035	2.984	322.492	0.180
1594046062.12479	229.120	0.034	2.916	322.411	0.174
1594046062.13597	229.127	0.035	2.961	322.331	0.180
1594046062.15722	229.120	0.034	2.935	322.492	0.171
1594046062.18969	229.109	0.034	2.940	322.331	0.169
1594046062.19722	229.115	0.034	2.899	322.492	0.180
1594046062.21723	229.070	0.034	2.883	322.331	0.178
1594046062.25096	229.030	0.034	2.899	322.331	0.175
1594046062.25851	229.011	0.035	2.962	322.331	0.185
1594046062.27851	228.997	0.034	2.917	322.411	0.174
1594046062.30353	228.992	0.034	2.918	322.331	0.175
1594046062.31725	228.989	0.034	2.920	322.250	0.183
1594046062.35342	229.008	0.034	2.915	322.250	0.173
1594046062.36597	229.016	0.035	2.885	322.492	0.181
1594046062.37847	229.024	0.035	2.896	322.331	0.176
1594046062.41341	229.017	0.034	2.895	322.492	0.180
1594046062.42598	229.012	0.034	2.928	322.411	0.175
1594046062.43845	229.041	0.035	2.884	322.411	0.179
1594046062.47092	229.091	0.034	2.932	322.572	0.177
1594046062.48723	229.081	0.035	2.936	322.492	0.183
1594046062.50592	229.092	0.034	2.931	322.492	0.176
1594046062.51723	229.036	0.034	2.915	322.411	0.175
1594046062.54480	229.068	0.035	2.963	322.492	0.176
1594046062.56841	229.108	0.035	2.975	322.572	0.181
1594046062.57723	229.093	0.034	2.905	322.572	0.178
1594046062.60346	229.052	0.034	2.937	322.572	0.175
1594046062.62589	229.048	0.034	2.989	322.492	0.169
1594046062.65616	229.062	0.034	2.968	322.492	0.171
1594046062.66973	229.054	0.034	2.975	322.411	0.177
1594046062.68224	229.048	0.034	2.987	322.331	0.171
1594046062.69721	228.999	0.034	2.946	322.411	0.173
1594046062.73589	228.968	0.034	2.974	322.250	0.174
1594046062.74471	228.994	0.035	2.971	322.331	0.179
1594046062.75721	228.994	0.034	2.929	322.331	0.174
1594046062.79714	228.994	0.034	2.931	322.411	0.180
1594046062.79846	228.965	0.034	2.887	322.250	0.173
1594046062.83218	228.950	0.034	2.932	322.250	0.174
1594046062.85741	228.991	0.034	2.922	322.331	0.174
1594046062.86471	228.992	0.035	2.971	322.331	0.176
1594046062.88590	229.005	0.034	2.873	322.250	0.177
1594046062.89972	229.012	0.035	2.957	322.411	0.183
1594046062.91971	229.030	0.034	2.884	322.331	0.179
1594046062.94589	229.063	0.035	2.952	322.411	0.179
1594046062.95972	229.063	0.034	2.928	322.411	0.180
1594046062.99093	229.078	0.035	2.966	322.411	0.176
1594046062.99722	229.079	0.034	2.918	322.411	0.177
1594046063.01722	229.100	0.035	2.934	322.492	0.180
1594046063.05090	229.184	0.035	2.934	322.572	0.186
1594046063.05847	229.222	0.034	2.908	322.652	0.175
1594046063.07846	229.228	0.034	2.888	322.572	0.169
1594046063.11214	229.180	0.034	2.885	322.572	0.168
1594046063.11846	229.134	0.034	2.862	322.733	0.176
1594046063.15093	229.154	0.034	2.970	322.652	0.171
1594046063.16722	229.106	0.034	2.945	322.492	0.177
1594046063.17722	229.088	0.034	2.922	322.411	0.167
1594046063.20590	229.075	0.034	2.901	322.492	0.180
1594046063.22347	229.072	0.034	2.912	322.411	0.171
1594046063.23846	229.150	0.034	2.971	322.652	0.177
1594046063.26590	229.126	0.035	2.924	322.492	0.179
1594046063.28471	229.128	0.034	2.916	322.492	0.174
1594046063.30972	229.105	0.034	2.950	322.411	0.174
1594046063.31726	229.116	0.034	2.959	322.492	0.174
1594046063.34476	229.168	0.035	3.062	322.572	0.179
1594046063.36969	229.180	0.034	2.971	322.652	0.178
1594046063.37726	229.195	0.034	2.960	322.652	0.185
1594046063.40351	229.231	0.035	3.030	322.733	0.182
1594046063.42969	229.190	0.034	2.920	322.813	0.175
1594046063.43727	229.224	0.034	2.985	322.572	0.168
1594046063.47471	229.263	0.034	2.990	322.813	0.175
1594046063.48725	229.180	0.034	2.972	322.652	0.179
1594046063.49728	229.138	0.034	2.962	322.733	0.173
1594046063.53345	229.118	0.034	2.957	322.572	0.175
1594046063.54600	229.159	0.034	2.948	322.572	0.178
1594046063.55726	229.165	0.034	3.000	322.572	0.174
1594046063.58844	229.141	0.034	2.939	322.733	0.170
1594046063.61470	229.091	0.034	2.941	322.572	0.176
1594046063.65247	229.128	0.034	2.975	322.411	0.173
1594046063.66851	229.158	0.035	2.981	322.572	0.175
1594046063.68720	229.146	0.034	2.931	322.331	0.171
1594046063.69726	229.175	0.034	2.968	322.492	0.175
1594046063.72727	229.131	0.034	2.934	322.572	0.173
1594046063.73851	229.099	0.035	2.908	322.492	0.178
1594046063.75851	229.149	0.034	2.907	322.492	0.174
1594046063.79595	229.141	0.034	2.880	322.492	0.170
1594046063.80871	229.123	0.035	2.942	322.411	0.181
1594046063.81852	229.165	0.034	2.878	322.492	0.183
1594046063.85345	229.172	0.035	2.954	322.492	0.183
1594046063.85976	229.171	0.034	2.924	322.411	0.175
1594046063.87852	229.188	0.034	2.976	322.492	0.178
1594046063.91095	229.174	0.035	2.964	322.572	0.176
1594046063.92869	229.090	0.034	2.921	322.492	0.171
1594046063.94965	229.096	0.035	3.022	322.250	0.181
1594046063.97729	229.089	0.034	2.942	322.492	0.175
1594046064.00591	229.058	0.035	2.971	322.492	0.178
1594046064.02223	229.044	0.035	2.963	322.492	0.178
1594046064.03973	229.086	0.035	2.978	322.572	0.182
1594046064.06591	229.126	0.035	3.003	322.572	0.186
1594046064.09842	229.153	0.035	2.988	322.492	0.180
1594046064.12717	229.060	0.035	3.004	322.652	0.176
1594046064.13849	229.074	0.034	2.972	322.492	0.176
1594046064.17241	229.064	0.034	3.016	322.572	0.174
1594046064.17848	229.098	0.034	2.961	322.411	0.175
1594046064.19599	229.121	0.034	2.997	322.733	0.182
1594046064.22991	229.066	0.034	2.958	322.492	0.175
1594046064.23599	229.053	0.034	2.971	322.411	0.175
1594046064.27366	229.030	0.034	2.969	322.411	0.177
1594046064.29492	229.037	0.034	2.974	322.411	0.175
1594046064.30097	229.031	0.034	2.983	322.411	0.171
1594046064.33992	229.013	0.034	2.976	322.331	0.177
1594046064.34724	229.049	0.034	2.965	322.331	0.176
1594046064.35848	229.105	0.034	2.979	322.492	0.173
1594046064.39093	229.130	0.034	2.973	322.492	0.169
1594046064.40744	229.149	0.035	2.960	322.411	0.183
1594046064.42593	229.103	0.034	2.947	322.492	0.179
1594046064.43597	229.112	0.035	2.979	322.492	0.177
1594046064.46367	229.155	0.035	2.979	322.492	0.176
1594046064.48594	229.146	0.035	2.954	322.492	0.183
1594046064.49597	229.177	0.034	2.898	322.572	0.180
1594046064.52347	229.149	0.034	2.924	322.572	0.177
1594046064.54591	229.160	0.035	2.953	322.572	0.178
1594046064.55597	229.116	0.035	2.967	322.411	0.180
1594046064.58966	229.076	0.034	2.964	322.492	0.173
1594046064.60716	229.030	0.034	2.961	322.572	0.175
1594046064.61722	229.054	0.034	2.969	322.411	0.181
1594046064.65092	229.116	0.035	3.018	322.572	0.180
1594046064.65744	229.150	0.034	2.981	322.492	0.178
1594046064.67727	229.192	0.034	2.994	322.652	0.175
1594046064.71094	229.174	0.035	2.985	322.572	0.178
1594046064.72722	229.149	0.034	2.933	322.572	0.174
1594046064.75222	229.186	0.034	2.998	322.411	0.175
1594046064.76851	229.179	0.034	2.973	322.492	0.180
1594046064.77976	229.181	0.034	2.993	322.572	0.175
1594046064.80469	229.169	0.034	2.953	322.492	0.171
1594046064.81851	229.156	0.034	3.013	322.572	0.168
1594046064.83976	229.191	0.035	2.989	322.652	0.176
1594046064.86469	229.160	0.034	2.969	322.492	0.175
1594046064.87850	229.171	0.034	3.001	322.492	0.174
1594046064.91469	229.182	0.034	2.984	322.492	0.176
1594046064.92746	229.162	0.034	2.971	322.411	0.168
1594046064.93726	229.171	0.034	3.001	322.411	0.171
1594046064.97093	229.181	0.034	2.977	322.492	0.178
1594046064.97850	229.208	0.034	2.975	322.492	0.171
1594046064.99602	229.165	0.034	2.970	322.411	0.174
1594046065.03121	229.112	0.035	3.002	322.652	0.178
1594046065.03726	229.106	0.034	2.977	322.492	0.175
1594046065.06996	229.108	0.035	2.993	322.492	0.175
1594046065.09622	229.126	0.034	2.965	322.652	0.183
1594046065.10226	229.114	0.034	2.970	322.492	0.178
1594046065.13746	229.129	0.034	2.930	322.411	0.174
1594046065.14497	229.203	0.035	3.000	322.652	0.185
1594046065.16226	229.206	0.034	2.925	322.492	0.173
1594046065.18619	229.198	0.034	2.900	322.733	0.178
1594046065.20226	229.157	0.034	2.823	322.572	0.178
1594046065.22745	229.100	0.034	2.926	322.411	0.173
1594046065.24747	229.154	0.035	3.025	322.572	0.180
1594046065.26476	229.130	0.034	2.893	322.492	0.178
1594046065.28724	229.093	0.034	2.967	322.411	0.170
1594046065.29727	229.042	0.034	2.983	322.411	0.181
1594046065.32353	229.048	0.034	2.947	322.492	0.177
1594046065.34597	229.052	0.034	2.953	322.331	0.173
1594046065.35851	229.071	0.034	2.953	322.331	0.177
1594046065.39722	229.088	0.034	2.975	322.411	0.173
1594046065.40970	229.095	0.034	2.965	322.331	0.171
1594046065.41728	229.069	0.034	2.921	322.331	0.169
1594046065.45722	229.138	0.034	2.960	322.411	0.171
1594046065.46227	229.122	0.035	2.972	322.411	0.179
1594046065.47727	229.147	0.034	2.965	322.411	0.177
1594046065.51347	229.165	0.034	2.904	322.411	0.175
1594046065.51853	229.137	0.034	2.896	322.572	0.179
1594046065.53477	229.158	0.034	2.876	322.411	0.178
1594046065.57102	229.165	0.035	2.963	322.492	0.183
1594046065.58245	229.151	0.035	2.977	322.331	0.179
1594046065.59495	229.144	0.035	2.927	322.492	0.178
1594046065.62100	229.121	0.035	2.908	322.411	0.177
1594046065.63599	229.157	0.035	2.885	322.572	0.176
1594046065.65475	229.157	0.035	2.946	322.492	0.178
1594046065.68244	229.181	0.035	2.936	322.733	0.181
1594046065.69494	229.231	0.035	2.990	322.572	0.182
1594046065.71599	229.180	0.034	2.903	322.733	0.175
1594046065.74350	229.222	0.035	2.953	322.572	0.179
1594046065.75475	229.144	0.034	2.917	322.572	0.178
1594046065.77475	229.151	0.035	2.929	322.652	0.178
1594046065.80224	229.187	0.034	2.944	322.492	0.179
1594046065.81475	229.115	0.034	2.914	322.492	0.179
1594046065.83599	229.106	0.034	2.966	322.492	0.171
1594046065.86349	229.144	0.034	2.935	322.492	0.177
1594046065.87474	229.134	0.034	2.924	322.572	0.179
1594046065.89599	229.138	0.034	2.914	322.411	0.173
1594046065.92225	229.138	0.034	2.985	322.411	0.175
1594046065.93474	229.210	0.035	2.988	322.652	0.180
1594046065.95600	229.245	0.034	2.924	322.492	0.177
1594046065.98100	229.268	0.034	2.925	322.492	0.174
1594046065.99600	229.260	0.034	2.950	322.733	0.176
1594046066.03220	229.211	0.034	2.944	322.492	0.176
1594046066.04473	229.223	0.034	2.938	322.492	0.175
1594046066.05601	229.276	0.034	3.021	322.572	0.177
1594046066.07473	229.250	0.035	2.968	322.652	0.180
1594046066.10118	229.288	0.034	2.954	322.572	0.176
1594046066.11600	229.237	0.034	2.928	322.492	0.179
1594046066.13473	229.276	0.034	2.945	322.652	0.175
1594046066.16225	229.274	0.034	2.972	322.572	0.175
1594046066.18469	229.195	0.034	2.967	322.652	0.175
1594046066.19473	229.139	0.034	2.926	322.492	0.176
1594046066.22225	229.125	0.034	2.937	322.652	0.174
1594046066.24469	229.158	0.034	2.969	322.572	0.176
1594046066.25475	229.199	0.034	3.001	322.492	0.174
1594046066.28223	229.200	0.034	2.954	322.572	0.174
1594046066.29473	229.205	0.035	3.019	322.733	0.180
1594046066.31601	229.159	0.034	2.972	322.492	0.181
1594046066.34844	229.159	0.034	3.000	322.492	0.173
1594046066.35598	229.183	0.034	2.979	322.652	0.179
1594046066.37598	229.215	0.035	2.997	322.652	0.179
1594046066.40967	229.202	0.034	2.929	322.492	0.175
1594046066.41723	229.206	0.034	2.986	322.572	0.173
1594046066.43730	229.216	0.034	3.013	322.572	0.174
1594046066.46229	229.241	0.034	2.948	322.492	0.170
1594046066.47603	229.235	0.034	2.980	322.733	0.180
1594046066.51224	229.233	0.034	2.952	322.652	0.168
1594046066.52477	229.193	0.035	2.992	322.813	0.182
1594046066.53602	229.165	0.034	2.933	322.733	0.178
1594046066.55479	229.151	0.034	2.951	322.572	0.175
1594046066.58352	229.166	0.033	2.897	322.411	0.166
1594046066.59602	229.143	0.034	2.988	322.492	0.176
1594046066.61602	229.134	0.034	2.926	322.411	0.170
1594046066.64352	229.165	0.034	2.960	322.492	0.168
1594046066.66473	229.181	0.034	2.967	322.492	0.169
1594046066.67602	229.136	0.034	2.945	322.572	0.174
1594046066.70227	229.160	0.035	2.926	322.492	0.177
1594046066.71477	229.142	0.034	2.940	322.492	0.176
1594046066.73477	229.132	0.035	2.901	322.572	0.185
1594046066.76101	229.154	0.034	2.874	322.492	0.171
1594046066.77602	229.099	0.035	2.897	322.572	0.177
1594046066.79602	229.030	0.034	2.890	322.492	0.180
1594046066.82977	228.953	0.034	2.952	322.331	0.177
1594046066.83728	229.005	0.035	2.924	322.331	0.175
1594046066.85728	228.968	0.034	2.869	322.331	0.180
1594046066.88103	229.070	0.034	2.949	322.492	0.170
1594046066.89477	229.084	0.034	2.927	322.411	0.170
1594046066.91603	228.993	0.034	2.920	322.572	0.169
1594046066.94228	228.973	0.034	2.902	322.331	0.177
1594046066.95603	228.895	0.034	2.906	322.170	0.181
1594046066.99849	228.890	0.034	2.869	322.331	0.179
1594046067.00603	228.878	0.034	2.903	322.250	0.174
1594046067.01853	228.813	0.034	2.916	322.411	0.177
1594046067.04973	228.847	0.034	2.948	322.250	0.173
1594046067.06603	228.885	0.034	2.970	322.331	0.174
1594046067.07729	228.890	0.034	2.975	322.331	0.170
1594046067.09478	228.889	0.034	2.941	322.411	0.177
1594046067.12227	228.820	0.034	2.940	322.250	0.177
1594046067.14474	228.864	0.034	2.940	322.411	0.171
