# timestamp	V	A	W	V	A
1618993043.60865	1513.487	0.160	104.759	318.387	0.118
1618993043.61027	231.080	0.024	2.420	318.387	0.106
1618993043.65039	231.055	0.024	2.398	318.548	0.104
1618993043.65116	231.056	0.024	2.440	318.306	0.105
1618993043.65228	230.914	0.024	2.345	318.306	0.104
1618993043.69062	231.028	0.025	2.455	318.387	0.109
1618993043.69125	231.073	0.025	2.449	318.306	0.107
1618993043.72840	230.997	0.024	2.404	318.226	0.105
1618993043.76662	230.907	0.024	2.384	318.387	0.105
1618993043.76719	230.924	0.024	2.404	318.226	0.108
1618993043.77749	230.920	0.024	2.427	318.306	0.107
1618993043.80665	230.932	0.024	2.434	318.226	0.106
1618993043.81662	230.940	0.025	2.441	318.145	0.110
1618993043.85362	230.978	0.025	2.420	318.226	0.109
1618993043.85525	230.955	0.025	2.448	318.226	0.107
1618993043.89263	231.020	0.025	2.465	318.226	0.111
1618993043.90236	230.974	0.024	2.362	318.306	0.106
1618993043.94162	230.855	0.025	2.423	318.226	0.106
1618993043.98039	230.967	0.024	2.407	318.306	0.105
1618993043.98126	230.956	0.024	2.431	318.226	0.106
1618993044.01841	231.012	0.025	2.440	318.387	0.107
1618993044.03261	230.972	0.024	2.406	318.226	0.104
1618993044.07038	230.970	0.025	2.445	318.387	0.108
1618993044.07116	230.931	0.025	2.426	318.387	0.108
1618993044.07212	230.963	0.024	2.377	318.226	0.106
1618993044.11018	230.898	0.025	2.406	318.145	0.106
1618993044.12768	230.868	0.024	2.419	318.065	0.106
1618993044.17318	230.842	0.024	2.364	317.985	0.107
1618993044.17504	230.774	0.024	2.383	317.985	0.109
1618993044.17708	230.846	0.025	2.442	318.065	0.105
1618993044.21564	230.844	0.024	2.405	318.065	0.104
1618993044.22129	230.933	0.025	2.493	318.226	0.107
1618993044.25961	230.981	0.025	2.421	318.306	0.107
1618993044.26119	230.959	0.027	2.734	318.226	0.118
1618993044.30141	230.944	0.026	2.574	318.226	0.115
1618993044.31033	230.945	0.025	2.415	318.387	0.106
1618993044.31766	230.926	0.025	2.408	318.226	0.106
1618993044.35747	230.882	0.024	2.396	318.145	0.105
1618993044.39565	230.759	0.024	2.343	318.145	0.106
1618993044.39628	230.729	0.025	2.445	317.904	0.106
1618993044.43342	230.737	0.024	2.422	317.904	0.108
1618993044.47235	230.683	0.024	2.414	317.904	0.105
1618993044.47511	230.746	0.025	2.413	317.985	0.106
1618993044.47609	230.799	0.025	2.444	317.985	0.106
1618993044.51422	230.839	0.024	2.422	317.985	0.105
1618993044.52220	230.910	0.025	2.487	318.065	0.107
1618993044.56066	230.812	0.024	2.397	317.824	0.107
1618993044.56129	230.809	0.024	2.415	318.065	0.105
1618993044.60242	230.745	0.024	2.419	317.985	0.104
1618993044.60562	230.807	0.025	2.440	317.985	0.108
1618993044.65267	230.788	0.025	2.456	318.145	0.108
1618993044.65328	230.720	0.025	2.414	317.985	0.108
1618993044.65617	230.752	0.025	2.417	318.065	0.106
1618993044.69342	230.821	0.024	2.413	318.145	0.107
1618993044.69663	230.875	0.025	2.442	318.306	0.106
1618993044.73568	230.819	0.024	2.398	317.985	0.108
1618993044.73624	230.722	0.024	2.361	317.985	0.105
1618993044.77564	230.743	0.025	2.491	318.065	0.110
1618993044.78665	230.768	0.024	2.418	318.145	0.104
1618993044.79664	230.828	0.025	2.419	318.145	0.107
1618993044.83536	230.806	0.024	2.427	318.145	0.108
1618993044.83624	230.837	0.024	2.405	318.145	0.105
1618993044.87345	230.822	0.024	2.417	318.065	0.106
1618993044.87529	230.824	0.025	2.453	318.226	0.106
1618993044.91266	230.909	0.025	2.454	318.226	0.108
1618993044.95166	230.878	0.024	2.398	318.145	0.106
1618993044.95229	230.934	0.025	2.440	318.145	0.108
1618993044.95323	230.972	0.025	2.451	318.226	0.107
1618993044.99869	230.865	0.024	2.348	318.226	0.107
1618993045.02664	230.892	0.024	2.386	318.065	0.107
1618993045.02833	230.863	0.024	2.416	318.065	0.109
1618993045.04567	230.761	0.024	2.392	317.985	0.105
1618993045.07067	230.821	0.025	2.454	318.226	0.107
1618993045.11122	230.845	0.025	2.418	318.145	0.108
1618993045.11209	230.846	0.024	2.411	318.387	0.107
1618993045.15026	230.790	0.024	2.408	318.145	0.106
1618993045.15511	230.797	0.024	2.412	317.743	0.108
1618993045.15710	230.742	0.022	2.254	317.663	0.093
1618993045.19513	230.684	0.022	2.331	317.904	0.088
1618993045.19612	230.772	0.025	2.452	317.824	0.111
1618993045.23324	230.791	0.024	2.465	317.824	0.110
1618993045.27910	230.739	0.025	2.413	317.743	0.109
1618993045.28112	230.928	0.028	2.877	318.145	0.122
1618993045.32065	230.906	0.025	2.497	318.065	0.108
1618993045.32131	230.889	0.025	2.473	318.145	0.108
1618993045.36020	230.961	0.024	2.373	318.145	0.105
1618993045.36839	230.983	0.025	2.433	318.306	0.108
1618993045.37565	230.965	0.025	2.467	318.065	0.105
1618993045.41269	230.924	0.024	2.402	318.226	0.106
1618993045.41334	230.956	0.025	2.425	318.226	0.108
1618993045.45168	230.954	0.025	2.398	318.145	0.108
1618993045.49168	230.878	0.025	2.434	318.226	0.109
1618993045.53067	230.948	0.025	2.448	318.145	0.107
1618993045.53134	230.971	0.025	2.418	318.145	0.107
1618993045.54367	230.682	0.024	2.290	317.904	0.107
1618993045.55568	230.513	0.024	2.309	317.582	0.105
1618993045.59267	230.570	0.024	2.370	317.663	0.105
1618993045.59331	230.570	0.025	2.423	317.582	0.109
1618993045.63166	230.541	0.024	2.332	317.502	0.107
1618993045.64370	230.508	0.025	2.504	317.663	0.110
1618993045.68143	230.389	0.024	2.380	317.582	0.105
1618993045.68347	230.450	0.024	2.395	317.582	0.104
1618993045.72271	230.431	0.025	2.401	317.502	0.106
1618993045.72668	230.480	0.025	2.431	317.502	0.107
1618993045.73674	230.442	0.025	2.387	317.502	0.109
1618993045.77653	230.476	0.025	2.464	317.502	0.110
1618993045.78745	230.554	0.025	2.454	317.824	0.107
1618993045.79671	230.561	0.025	2.426	317.663	0.107
1618993045.83571	230.512	0.025	2.441	317.582	0.105
1618993045.84468	230.455	0.025	2.421	317.824	0.106
1618993045.85772	230.541	0.024	2.405	317.663	0.106
1618993045.90548	230.478	0.024	2.364	317.582	0.107
1618993045.90835	230.516	0.025	2.420	317.582	0.107
1618993045.91669	230.481	0.025	2.440	317.341	0.110
1618993045.95374	230.482	0.024	2.399	317.502	0.106
1618993045.95537	230.440	0.025	2.455	317.421	0.107
1618993045.99271	230.398	0.024	2.387	317.341	0.106
1618993046.01072	230.434	0.025	2.387	317.421	0.106
1618993046.01837	230.519	0.025	2.494	317.663	0.110
1618993046.03572	230.457	0.025	2.434	317.582	0.109
1618993046.07571	230.500	0.025	2.423	317.663	0.105
1618993046.07734	230.303	0.024	2.346	317.341	0.105
1618993046.11671	230.247	0.024	2.384	317.180	0.108
1618993046.11734	230.262	0.024	2.375	317.180	0.107
1618993046.16140	230.317	0.025	2.474	317.341	0.110
1618993046.19625	230.481	0.025	2.482	317.341	0.107
1618993046.20628	230.449	0.024	2.445	317.260	0.100
1618993046.21841	230.530	0.025	2.482	317.180	0.102
1618993046.25774	230.484	0.024	2.394	317.421	0.106
1618993046.26351	230.404	0.024	2.370	317.341	0.106
1618993046.27531	230.470	0.025	2.458	317.341	0.109
1618993046.31474	230.400	0.028	2.814	317.341	0.118
1618993046.35252	230.473	0.024	2.375	317.341	0.106
1618993046.36552	230.421	0.024	2.412	317.341	0.105
1618993046.37548	230.448	0.024	2.411	317.341	0.108
1618993046.41273	230.447	0.025	2.461	317.421	0.108
1618993046.42572	230.505	0.025	2.461	317.341	0.107
1618993046.43551	230.435	0.024	2.380	317.341	0.107
1618993046.47273	230.472	0.025	2.456	317.421	0.108
1618993046.48572	230.475	0.024	2.379	317.341	0.105
1618993046.49672	230.491	0.025	2.428	317.502	0.112
1618993046.53327	230.450	0.025	2.384	317.260	0.108
1618993046.53517	230.417	0.025	2.444	317.341	0.105
1618993046.57556	230.484	0.028	2.802	317.341	0.116
1618993046.62354	230.482	0.030	3.045	317.421	0.127
1618993046.62539	230.462	0.028	2.899	317.582	0.124
1618993046.63574	230.483	0.029	2.900	317.421	0.121
1618993046.67275	230.420	0.026	2.579	317.260	0.115
1618993046.68673	230.440	0.025	2.419	317.421	0.107
1618993046.69674	230.438	0.025	2.506	317.502	0.109
1618993046.73675	230.471	0.029	2.902	317.502	0.119
1618993046.75672	230.466	0.028	2.828	317.502	0.123
1618993046.79375	230.511	0.029	2.989	317.582	0.126
1618993046.80519	230.425	0.029	2.925	317.502	0.124
1618993046.81673	230.463	0.027	2.756	317.341	0.115
1618993046.85348	230.376	0.028	2.858	317.341	0.121
1618993046.85534	230.470	0.029	2.878	317.502	0.123
1618993046.89275	230.530	0.029	2.945	317.421	0.126
1618993046.90578	230.491	0.029	2.993	317.260	0.123
1618993046.91655	230.512	0.029	3.012	317.582	0.126
1618993046.95373	230.495	0.029	2.937	317.582	0.123
1618993046.99956	230.464	0.029	3.001	317.502	0.123
1618993047.00240	230.467	0.029	2.988	317.502	0.122
1618993047.01574	230.417	0.029	2.919	317.421	0.121
1618993047.05759	230.490	0.030	3.048	317.421	0.127
1618993047.06472	230.473	0.030	3.042	317.502	0.126
1618993047.07577	230.406	0.030	2.994	317.341	0.126
1618993047.11278	230.454	0.029	2.970	317.502	0.124
1618993047.12572	230.449	0.029	2.973	317.421	0.124
1618993047.13673	230.517	0.029	3.001	317.502	0.123
1618993047.17575	230.503	0.029	2.993	317.502	0.126
1618993047.18676	230.452	0.029	2.966	317.502	0.124
1618993047.19777	230.491	0.029	2.896	317.421	0.124
1618993047.23552	230.491	0.029	2.916	317.502	0.121
1618993047.23640	230.510	0.038	4.183	317.502	0.155
1618993047.27376	230.537	0.041	4.510	317.502	0.163
1618993047.29068	230.557	0.041	4.408	317.502	0.167
1618993047.30057	230.574	0.041	4.374	317.502	0.165
1618993047.35181	230.512	0.040	4.423	317.663	0.157
1618993047.35240	230.507	0.040	4.398	317.502	0.159
1618993047.39047	230.521	0.040	4.444	317.582	0.162
1618993047.39272	230.512	0.041	4.462	317.663	0.162
1618993047.39345	230.554	0.041	4.437	317.663	0.165
1618993047.43178	230.618	0.041	4.428	317.663	0.164
1618993047.44435	230.618	0.041	4.442	317.743	0.156
1618993047.45657	230.601	0.041	4.466	317.743	0.164
1618993047.49864	230.514	0.041	4.413	317.502	0.163
1618993047.50559	230.560	0.041	4.439	317.421	0.162
1618993047.51576	230.533	0.041	4.451	317.502	0.162
1618993047.55282	230.496	0.040	4.414	317.502	0.162
1618993047.55542	230.539	0.041	4.459	317.582	0.164
1618993047.59276	230.508	0.041	4.506	317.502	0.159
1618993047.61875	230.491	0.040	4.433	317.421	0.156
1618993047.62039	230.487	0.041	4.451	317.502	0.163
1618993047.67179	230.528	0.041	4.473	317.663	0.156
1618993047.67240	230.542	0.041	4.445	317.502	0.165
1618993047.67332	230.583	0.041	4.441	317.582	0.159
1618993047.71160	230.555	0.041	4.419	317.502	0.162
1618993047.72263	230.555	0.041	4.449	317.582	0.161
1618993047.76080	230.507	0.041	4.469	317.502	0.163
1618993047.81077	230.435	0.041	4.438	317.341	0.163
1618993047.85678	230.517	0.041	4.432	317.341	0.164
1618993047.85742	230.483	0.041	4.443	317.502	0.166
1618993047.86877	230.511	0.041	4.523	317.502	0.163
1618993047.87680	230.505	0.041	4.460	317.421	0.158
1618993047.91379	230.583	0.041	4.419	317.502	0.159
1618993047.92579	230.497	0.041	4.449	317.582	0.159
1618993047.93651	230.578	0.041	4.467	317.582	0.159
1618993047.97581	230.560	0.041	4.492	317.663	0.164
1618993047.98668	230.579	0.041	4.415	317.663	0.159
1618993047.99634	230.502	0.040	4.384	317.502	0.157
1618993048.03279	230.438	0.041	4.426	317.502	0.159
1618993048.03338	230.478	0.041	4.481	317.502	0.161
1618993048.07154	230.481	0.040	4.413	317.421	0.156
1618993048.11359	230.503	0.041	4.433	317.421	0.159
1618993048.11578	230.483	0.041	4.478	317.421	0.159
1618993048.13580	230.530	0.041	4.473	317.502	0.168
1618993048.17279	230.497	0.041	4.431	317.582	0.164
1618993048.21077	230.502	0.041	4.423	317.502	0.163
1618993048.21277	230.541	0.041	4.398	317.663	0.165
1618993048.25122	230.543	0.041	4.464	317.663	0.166
1618993048.29180	230.580	0.041	4.546	317.663	0.164
1618993048.29338	230.573	0.041	4.408	317.502	0.162
1618993048.30637	230.535	0.041	4.392	317.421	0.164
1618993048.31736	230.473	0.041	4.414	317.502	0.165
1618993048.35834	230.454	0.041	4.454	317.421	0.162
1618993048.36027	230.543	0.040	4.427	317.341	0.158
1618993048.40035	230.600	0.040	4.442	317.502	0.162
1618993048.43935	230.592	0.041	4.450	317.502	0.162
1618993048.44124	230.464	0.040	4.398	317.260	0.161
1618993048.44324	230.468	0.040	4.394	317.502	0.158
1618993048.48156	230.527	0.041	4.420	317.421	0.162
1618993048.48229	230.521	0.041	4.499	317.421	0.167
1618993048.49549	230.553	0.041	4.443	317.502	0.169
1618993048.53281	230.544	0.041	4.491	317.663	0.166
1618993048.53344	230.581	0.041	4.442	317.582	0.165
1618993048.57286	230.575	0.041	4.440	317.502	0.159
1618993048.58581	230.548	0.041	4.450	317.582	0.161
1618993048.62557	230.516	0.041	4.417	317.502	0.165
1618993048.62778	230.496	0.041	4.427	317.421	0.166
1618993048.66573	230.541	0.041	4.475	317.502	0.157
1618993048.67681	230.599	0.041	4.438	317.824	0.163
1618993048.71361	230.589	0.041	4.483	317.663	0.162
1618993048.72884	230.504	0.041	4.441	317.502	0.164
1618993048.73561	230.566	0.041	4.470	317.582	0.163
1618993048.77744	230.532	0.041	4.462	317.582	0.159
1618993048.78680	230.477	0.041	4.405	317.421	0.162
1618993048.79879	230.501	0.041	4.471	317.502	0.163
1618993048.83681	230.494	0.041	4.506	317.502	0.164
1618993048.83744	230.348	0.040	4.402	317.421	0.162
1618993048.88079	230.380	0.041	4.398	317.421	0.167
1618993048.89479	230.475	0.041	4.454	317.502	0.158
1618993048.90640	230.492	0.041	4.503	317.421	0.162
1618993048.95285	230.539	0.041	4.477	317.421	0.163
1618993048.95547	230.537	0.041	4.474	317.502	0.158
1618993048.99282	230.510	0.041	4.466	317.582	0.161
1618993048.99346	230.494	0.041	4.446	317.502	0.164
1618993048.99542	230.503	0.041	4.433	317.502	0.162
1618993049.03279	230.445	0.041	4.441	317.502	0.161
1618993049.04581	230.553	0.041	4.463	317.582	0.161
1618993049.05681	230.525	0.041	4.447	317.663	0.156
1618993049.09471	230.571	0.041	4.484	317.743	0.161
1618993049.10683	230.567	0.041	4.484	317.663	0.165
1618993049.11682	230.548	0.041	4.505	317.582	0.161
1618993049.15681	230.569	0.041	4.497	317.743	0.163
1618993049.15746	230.497	0.040	4.389	317.824	0.163
1618993049.19783	230.577	0.041	4.485	317.743	0.158
1618993049.21382	230.615	0.041	4.452	317.663	0.161
1618993049.22184	230.577	0.041	4.478	317.663	0.162
1618993049.24434	230.591	0.041	4.470	317.824	0.166
1618993049.28261	230.618	0.041	4.476	317.582	0.166
1618993049.28347	230.669	0.041	4.442	317.663	0.166
1618993049.30462	230.650	0.041	4.447	317.824	0.159
1618993049.31583	230.687	0.041	4.496	317.743	0.164
1618993049.35264	230.665	0.041	4.410	317.824	0.165
1618993049.36582	230.697	0.041	4.519	317.824	0.159
1618993049.37669	230.718	0.041	4.471	317.824	0.163
1618993049.41582	230.689	0.041	4.440	317.824	0.164
1618993049.43576	230.651	0.041	4.390	317.743	0.163
1618993049.47372	230.597	0.041	4.356	317.582	0.169
1618993049.47546	230.621	0.040	4.402	317.743	0.164
1618993049.51284	230.574	0.041	4.385	317.502	0.163
1618993049.52482	230.688	0.041	4.517	317.663	0.167
1618993049.53575	230.656	0.041	4.510	317.824	0.167
1618993049.57382	230.636	0.041	4.474	317.743	0.159
1618993049.58583	230.731	0.041	4.447	317.743	0.161
1618993049.59682	230.695	0.041	4.447	317.663	0.159
1618993049.63654	230.688	0.041	4.476	317.743	0.164
1618993049.63741	230.724	0.041	4.481	317.904	0.162
1618993049.67784	230.716	0.040	4.448	317.904	0.161
1618993049.68982	230.686	0.041	4.451	317.743	0.159
1618993049.69784	230.631	0.041	4.365	317.582	0.161
1618993049.73647	230.639	0.041	4.459	317.582	0.163
1618993049.77559	230.635	0.041	4.471	317.663	0.157
1618993049.77640	230.709	0.041	4.555	317.743	0.161
1618993049.77740	230.724	0.041	4.453	317.743	0.161
1618993049.81461	230.758	0.041	4.474	317.743	0.159
1618993049.82386	230.672	0.040	4.354	317.824	0.162
1618993049.86271	230.639	0.041	4.502	317.824	0.161
1618993049.86349	230.724	0.041	4.478	317.824	0.159
1618993049.88486	230.691	0.041	4.507	317.824	0.163
1618993049.89585	230.762	0.041	4.512	317.985	0.167
1618993049.93286	230.734	0.040	4.363	317.743	0.162
1618993049.94486	230.743	0.041	4.467	317.824	0.164
1618993049.95586	230.792	0.041	4.486	318.065	0.161
1618993049.99284	230.697	0.041	4.421	317.904	0.159
1618993050.00485	230.649	0.040	4.399	317.663	0.161
1618993050.01684	230.654	0.041	4.469	317.582	0.159
1618993050.05484	230.706	0.041	4.496	317.663	0.165
1618993050.06687	230.751	0.041	4.534	317.824	0.161
1618993050.07785	230.733	0.041	4.426	317.743	0.162
1618993050.11783	230.743	0.041	4.490	317.743	0.159
1618993050.11848	230.721	0.041	4.458	317.663	0.161
1618993050.16886	230.596	0.040	4.390	317.582	0.161
1618993050.17047	230.652	0.041	4.549	317.824	0.163
1618993050.17254	230.731	0.041	4.525	317.904	0.166
1618993050.21067	230.698	0.040	4.393	317.743	0.159
1618993050.24962	230.676	0.040	4.447	317.663	0.159
1618993050.25142	230.635	0.041	4.429	317.663	0.161
1618993050.28987	230.674	0.041	4.479	317.663	0.165
1618993050.29148	230.633	0.041	4.516	317.985	0.162
1618993050.32889	230.611	0.040	4.452	317.582	0.157
1618993050.33051	230.614	0.041	4.482	317.663	0.161
1618993050.34266	230.597	0.041	4.479	317.582	0.166
1618993050.38184	230.590	0.041	4.498	317.582	0.165
1618993050.38340	230.597	0.041	4.496	317.502	0.163
1618993050.42265	230.573	0.041	4.526	317.663	0.164
1618993050.42447	230.605	0.041	4.489	317.663	0.164
1618993050.43568	230.629	0.041	4.470	317.743	0.167
1618993050.47264	230.625	0.041	4.504	317.582	0.164
1618993050.48491	230.644	0.041	4.487	317.582	0.166
1618993050.49686	230.536	0.041	4.398	317.502	0.162
1618993050.53487	230.520	0.040	4.403	317.663	0.163
1618993050.54486	230.503	0.041	4.427	317.502	0.167
1618993050.55552	230.525	0.041	4.440	317.421	0.162
1618993050.59337	230.538	0.041	4.447	317.341	0.165
1618993050.59540	230.527	0.041	4.563	317.099	0.162
1618993050.63242	230.603	0.040	4.452	317.260	0.158
1618993050.64733	230.605	0.040	4.354	317.421	0.161
1618993050.65657	230.509	0.041	4.496	317.421	0.164
1618993050.69687	230.539	0.041	4.466	317.421	0.166
1618993050.70888	230.505	0.041	4.467	317.582	0.165
1618993050.74690	230.560	0.041	4.480	317.502	0.164
1618993050.74751	230.584	0.041	4.430	317.421	0.169
1618993050.75688	230.583	0.041	4.476	317.421	0.163
1618993050.79389	230.589	0.041	4.503	317.582	0.162
1618993050.80487	230.613	0.041	4.486	317.582	0.164
1618993050.81653	230.638	0.041	4.481	317.663	0.166
1618993050.85487	230.646	0.041	4.482	317.582	0.163
1618993050.85651	230.658	0.041	4.463	317.743	0.161
1618993050.87551	230.632	0.041	4.469	317.582	0.158
1618993050.91300	230.627	0.041	4.488	317.663	0.159
1618993050.91551	230.594	0.041	4.457	317.663	0.161
1618993050.95390	230.344	0.040	4.294	317.341	0.158
1618993050.95549	230.376	0.041	4.416	317.260	0.157
1618993050.97690	230.307	0.041	4.457	317.421	0.163
1618993051.01462	230.352	0.041	4.453	317.341	0.159
1618993051.01653	230.349	0.040	4.417	317.260	0.159
1618993051.03587	230.337	0.041	4.472	317.260	0.159
1618993051.07753	230.313	0.041	4.416	317.180	0.157
1618993051.08648	230.228	0.040	4.397	317.099	0.157
1618993051.09690	230.276	0.041	4.485	317.099	0.166
1618993051.14367	230.212	0.041	4.436	317.019	0.157
1618993051.18192	231.349	0.047	5.376	319.031	0.191
1618993051.18367	231.647	0.042	4.633	319.031	0.171
1618993051.22190	231.711	0.041	4.508	318.950	0.166
1618993051.22251	231.654	0.041	4.497	318.950	0.167
1618993051.23590	231.710	0.041	4.510	319.111	0.167
1618993051.27294	231.747	0.041	4.448	319.272	0.161
1618993051.27354	231.756	0.041	4.508	319.353	0.159
1618993051.31167	231.672	0.040	4.417	319.192	0.158
1618993051.33490	231.659	0.041	4.493	319.192	0.159
1618993051.34166	231.708	0.041	4.435	319.192	0.161
1618993051.37871	231.683	0.041	4.468	319.111	0.158
1618993051.38188	231.748	0.041	4.517	319.192	0.161
1618993051.39666	231.743	0.041	4.487	319.272	0.161
1618993051.44398	231.653	0.041	4.422	319.111	0.167
1618993051.44543	231.695	0.041	4.481	319.111	0.170
1618993051.45643	231.731	0.041	4.493	319.192	0.166
1618993051.49490	231.682	0.041	4.466	319.111	0.162
1618993051.53391	231.636	0.040	4.385	319.031	0.162
1618993051.53451	231.645	0.041	4.476	318.950	0.164
1618993051.57393	231.622	0.041	4.444	319.031	0.167
1618993051.57452	231.662	0.041	4.474	319.111	0.162
1618993051.57650	231.737	0.041	4.467	319.272	0.167
1618993051.61490	231.760	0.041	4.473	319.272	0.165
1618993051.61655	231.719	0.041	4.442	319.192	0.164
1618993051.65491	231.678	0.041	4.425	319.192	0.162
1618993051.69892	231.681	0.040	4.408	319.111	0.163
1618993051.69955	231.721	0.041	4.514	319.111	0.167
1618993051.70351	231.767	0.041	4.462	319.192	0.165
1618993051.74170	231.738	0.041	4.530	319.111	0.167
1618993051.74248	231.822	0.041	4.435	319.272	0.168
1618993051.76592	231.841	0.041	4.542	319.272	0.162
1618993051.81771	231.850	0.041	4.521	319.272	0.166
1618993051.81848	231.819	0.041	4.437	319.272	0.166
1618993051.82793	231.840	0.041	4.442	319.353	0.164
1618993051.83956	231.791	0.041	4.458	319.353	0.157
1618993051.87992	231.780	0.041	4.475	319.353	0.161
1618993051.89493	231.800	0.041	4.430	319.192	0.159
1618993051.93297	231.773	0.041	4.490	319.192	0.159
1618993051.93995	231.761	0.041	4.432	319.192	0.162
1618993051.97892	231.772	0.040	4.393	319.192	0.158
1618993051.98848	231.761	0.041	4.452	319.111	0.161
1618993052.02647	231.759	0.041	4.494	319.272	0.159
1618993052.02853	231.734	0.041	4.450	319.111	0.162
1618993052.03793	231.799	0.041	4.490	319.353	0.162
1618993052.07493	231.796	0.041	4.483	319.192	0.167
1618993052.08792	231.773	0.041	4.469	319.111	0.163
1618993052.09657	231.787	0.041	4.507	319.353	0.164
1618993052.13491	231.772	0.041	4.497	319.353	0.158
1618993052.14450	231.831	0.041	4.468	319.272	0.159
1618993052.15456	231.780	0.041	4.445	319.272	0.159
1618993052.19293	231.748	0.041	4.439	319.272	0.161
1618993052.19461	231.727	0.041	4.480	319.111	0.159
1618993052.23693	231.775	0.041	4.415	319.272	0.163
1618993052.24293	231.761	0.041	4.503	319.272	0.158
1618993052.27970	231.757	0.041	4.490	319.192	0.161
1618993052.28147	231.795	0.041	4.414	319.192	0.168
1618993052.31894	231.773	0.041	4.477	319.111	0.164
1618993052.31953	231.811	0.041	4.501	319.192	0.168
1618993052.35794	231.713	0.040	4.407	319.111	0.163
1618993052.35955	231.743	0.041	4.525	319.031	0.162
1618993052.39795	231.804	0.041	4.470	319.192	0.162
1618993052.40494	231.793	0.041	4.497	319.192	0.159
1618993052.44270	231.879	0.041	4.514	319.272	0.161
1618993052.44450	231.820	0.040	4.407	319.353	0.161
1618993052.46493	231.730	0.041	4.425	319.272	0.158
1618993052.50274	231.762	0.041	4.511	319.192	0.161
1618993052.50460	231.739	0.041	4.409	319.192	0.158
1618993052.51495	231.761	0.041	4.508	319.272	0.163
1618993052.55296	231.794	0.041	4.502	319.353	0.159
1618993052.56495	231.838	0.041	4.487	319.272	0.159
1618993052.57498	231.843	0.041	4.577	319.353	0.159
1618993052.62302	231.816	0.041	4.513	319.272	0.163
1618993052.65998	231.756	0.041	4.485	319.192	0.161
1618993052.66160	231.650	0.041	4.354	318.950	0.162
1618993052.69879	231.683	0.041	4.439	319.111	0.161
1618993052.69961	231.659	0.040	4.360	319.031	0.163
1618993052.72161	231.629	0.041	4.462	319.031	0.161
1618993052.75898	231.558	0.040	4.409	318.950	0.163
1618993052.76156	231.564	0.041	4.486	319.031	0.165
1618993052.79975	231.553	0.041	4.482	318.950	0.163
1618993052.80160	231.606	0.041	4.500	319.031	0.159
1618993052.83994	231.680	0.041	4.535	319.111	0.164
1618993052.84160	231.728	0.041	4.494	319.192	0.162
1618993052.87901	231.702	0.041	4.461	319.111	0.159
1618993052.88657	231.663	0.041	4.479	319.111	0.166
1618993052.92399	231.662	0.041	4.468	319.111	0.164
1618993052.92657	231.669	0.041	4.507	319.192	0.163
1618993052.96399	231.747	0.041	4.521	319.353	0.165
1618993052.96461	231.723	0.041	4.523	319.111	0.162
1618993052.97651	231.716	0.041	4.495	319.272	0.165
1618993053.02279	231.804	0.041	4.487	319.272	0.165
1618993053.02360	231.725	0.040	4.417	319.192	0.165
1618993053.04497	231.740	0.041	4.500	319.272	0.163
1618993053.05362	231.767	0.041	4.521	319.272	0.157
1618993053.09373	231.667	0.041	4.428	319.111	0.162
1618993053.09453	231.680	0.041	4.500	319.111	0.159
1618993053.13407	231.754	0.041	4.499	319.111	0.162
1618993053.13457	231.767	0.041	4.463	319.192	0.165
1618993053.17804	231.700	0.041	4.498	319.192	0.164
1618993053.17857	231.689	0.041	4.472	319.031	0.163
1618993053.21699	231.708	0.041	4.480	319.192	0.163
1618993053.21860	231.699	0.041	4.511	319.111	0.166
1618993053.25801	231.694	0.041	4.499	319.272	0.163
1618993053.26699	231.734	0.041	4.472	319.353	0.165
1618993053.27673	231.745	0.041	4.476	319.433	0.163
1618993053.32497	231.741	0.041	4.456	319.192	0.166
1618993053.33197	231.714	0.041	4.438	319.192	0.162
1618993053.36897	231.769	0.041	4.531	319.353	0.169
1618993053.36962	231.843	0.041	4.451	319.353	0.167
1618993053.38298	231.803	0.041	4.496	319.353	0.165
1618993053.42096	231.843	0.042	4.555	319.353	0.166
1618993053.42761	231.876	0.041	4.501	319.353	0.165
1618993053.46500	231.888	0.041	4.473	319.433	0.162
1618993053.46762	231.834	0.041	4.474	319.433	0.162
1618993053.47654	231.857	0.041	4.508	319.594	0.162
1618993053.51408	231.881	0.041	4.505	319.514	0.162
1618993053.52499	231.913	0.041	4.504	319.594	0.162
1618993053.53468	231.983	0.041	4.532	319.594	0.159
1618993053.57700	231.967	0.041	4.486	319.514	0.157
1618993053.58801	231.942	0.041	4.456	319.514	0.159
1618993053.59765	231.837	0.041	4.452	319.433	0.162
1618993053.63597	231.863	0.041	4.453	319.514	0.157
1618993053.63762	231.834	0.041	4.455	319.514	0.158
1618993053.67502	231.847	0.041	4.502	319.594	0.157
1618993053.72002	231.929	0.041	4.502	319.675	0.156
1618993053.72164	231.916	0.041	4.448	319.433	0.162
1618993053.72353	231.923	0.040	4.435	319.675	0.157
1618993053.76186	231.951	0.041	4.496	319.514	0.161
1618993053.76364	231.890	0.041	4.490	319.594	0.163
1618993053.78377	231.919	0.040	4.369	319.594	0.161
1618993053.82178	231.860	0.041	4.473	319.594	0.158
1618993053.82256	231.889	0.041	4.490	319.594	0.169
1618993053.86098	231.910	0.041	4.459	319.514	0.166
1618993053.86263	231.840	0.041	4.468	319.353	0.161
1618993053.90398	231.851	0.041	4.499	319.514	0.163
1618993053.90699	231.856	0.041	4.463	319.514	0.164
1618993053.91664	231.932	0.041	4.519	319.514	0.163
1618993053.95504	231.939	0.041	4.499	319.514	0.164
1618993053.95665	231.909	0.041	4.432	319.433	0.164
1618993053.99700	231.883	0.041	4.422	319.433	0.161
1618993054.04000	231.843	0.041	4.531	319.514	0.163
1618993054.04165	231.827	0.041	4.464	319.353	0.162
1618993054.04353	231.842	0.041	4.519	319.675	0.163
1618993054.08207	231.825	0.041	4.455	319.433	0.158
1618993054.08265	231.876	0.041	4.475	319.594	0.162
1618993054.10373	231.898	0.041	4.479	319.514	0.159
1618993054.14206	231.927	0.041	4.472	319.514	0.161
1618993054.14260	231.861	0.041	4.486	319.594	0.165
1618993054.16500	231.974	0.041	4.541	319.594	0.159
1618993054.20305	231.948	0.041	4.509	319.514	0.162
1618993054.20706	232.007	0.041	4.483	319.594	0.168
1618993054.22501	231.929	0.041	4.509	319.594	0.161
1618993054.23768	231.985	0.041	4.468	319.675	0.162
1618993054.27901	232.006	0.041	4.502	319.675	0.158
1618993054.27966	232.029	0.041	4.527	319.675	0.161
1618993054.31809	232.059	0.041	4.479	319.755	0.167
1618993054.32478	232.078	0.041	4.499	319.836	0.163
1618993054.33459	232.032	0.041	4.507	319.675	0.158
1618993054.37309	232.074	0.041	4.572	319.836	0.159
1618993054.41415	232.096	0.041	4.455	319.755	0.162
1618993054.41466	232.032	0.041	4.452	319.755	0.165
1618993054.42210	232.098	0.041	4.491	319.755	0.159
1618993054.45905	232.042	0.041	4.497	319.755	0.161
1618993054.45965	232.091	0.041	4.476	319.755	0.156
1618993054.49810	232.096	0.041	4.445	319.675	0.161
1618993054.49966	232.081	0.041	4.484	319.675	0.162
1618993054.53904	232.048	0.041	4.480	319.675	0.165
1618993054.53967	232.050	0.041	4.474	319.755	0.162
1618993054.57810	232.074	0.041	4.473	319.755	0.162
1618993054.57868	232.028	0.041	4.509	319.675	0.159
1618993054.61660	232.030	0.041	4.447	319.755	0.161
1618993054.61764	231.930	0.040	4.465	319.594	0.155
1618993054.65601	231.985	0.041	4.471	319.675	0.165
1618993054.65768	231.930	0.041	4.469	319.514	0.161
1618993054.69601	231.954	0.041	4.477	319.594	0.157
1618993054.69768	231.941	0.041	4.465	319.514	0.162
1618993054.73480	231.922	0.041	4.465	319.353	0.159
1618993054.73659	231.929	0.041	4.445	319.433	0.163
1618993054.77410	231.950	0.041	4.522	319.433	0.163
1618993054.78269	232.002	0.041	4.517	319.675	0.163
1618993054.82208	231.966	0.040	4.389	319.514	0.159
1618993054.87108	231.959	0.040	4.474	319.594	0.158
1618993054.87411	231.945	0.041	4.489	319.514	0.158
1618993054.87462	231.970	0.041	4.495	319.594	0.161
1618993054.91356	231.979	0.041	4.471	319.594	0.162
1618993054.92257	231.986	0.041	4.508	319.675	0.163
1618993054.93502	231.976	0.041	4.472	319.514	0.170
1618993054.97306	231.948	0.041	4.439	319.594	0.166
1618993054.98005	231.975	0.041	4.470	319.755	0.159
1618993055.01863	231.943	0.041	4.523	319.433	0.159
1618993055.03287	231.934	0.041	4.448	319.433	0.161
1618993055.07012	232.000	0.041	4.481	319.514	0.163
1618993055.07169	231.980	0.041	4.522	319.514	0.161
1618993055.07410	232.015	0.041	4.468	319.594	0.163
1618993055.11206	231.998	0.041	4.489	319.594	0.159
1618993055.13505	231.851	0.041	4.498	319.353	0.157
1618993055.17404	231.889	0.041	4.513	319.514	0.158
1618993055.18458	231.910	0.041	4.459	319.353	0.162
1618993055.19470	231.876	0.041	4.483	319.433	0.161
1618993055.24182	231.851	0.041	4.541	319.433	0.161
1618993055.28009	231.902	0.040	4.405	319.594	0.156
1618993055.29011	231.902	0.041	4.485	319.514	0.157
1618993055.29905	231.904	0.041	4.499	319.514	0.159
1618993055.33681	231.949	0.041	4.457	319.433	0.163
1618993055.34705	231.972	0.041	4.481	319.594	0.159
1618993055.35769	231.938	0.041	4.501	319.433	0.158
1618993055.39703	231.853	0.041	4.443	319.433	0.159
1618993055.39769	231.895	0.041	4.466	319.353	0.161
1618993055.43461	231.830	0.041	4.499	319.353	0.164
1618993055.47388	231.845	0.041	4.494	319.353	0.168
1618993055.47468	231.822	0.041	4.423	319.433	0.159
1618993055.48466	231.791	0.041	4.528	319.353	0.165
1618993055.52309	231.835	0.041	4.488	319.433	0.164
1618993055.52371	231.771	0.041	4.444	319.272	0.163
1618993055.54507	231.761	0.041	4.453	319.272	0.166
1618993055.55708	231.725	0.041	4.460	319.111	0.168
1618993055.59413	231.759	0.041	4.498	319.192	0.162
1618993055.60508	231.761	0.042	4.528	319.353	0.165
1618993055.61673	231.817	0.041	4.521	319.353	0.163
1618993055.66212	231.859	0.041	4.482	319.433	0.166
1618993055.67472	231.788	0.041	4.480	319.433	0.161
1618993055.71509	231.855	0.041	4.427	319.433	0.157
1618993055.71672	231.780	0.041	4.484	319.353	0.159
1618993055.75418	231.800	0.041	4.487	319.353	0.163
1618993055.76510	231.827	0.041	4.464	319.514	0.163
1618993055.77470	231.815	0.041	4.469	319.353	0.163
1618993055.81485	231.597	0.041	4.371	319.031	0.161
1618993055.82508	231.610	0.041	4.421	319.111	0.162
1618993055.83465	231.644	0.041	4.474	319.111	0.168
1618993055.87384	231.617	0.041	4.429	319.192	0.165
1618993055.87472	231.645	0.041	4.527	319.192	0.164
1618993055.91311	231.637	0.041	4.470	319.192	0.165
1618993055.96010	231.646	0.041	4.473	319.272	0.164
1618993055.96173	231.651	0.041	4.402	319.192	0.168
1618993055.96770	231.585	0.041	4.504	318.950	0.166
1618993056.00509	231.592	0.041	4.456	318.870	0.168
1618993056.00672	231.632	0.041	4.458	319.031	0.170
1618993056.02478	231.609	0.041	4.436	318.870	0.164
1618993056.03509	231.629	0.042	4.503	319.031	0.168
1618993056.07308	231.654	0.041	4.471	318.950	0.166
1618993056.08509	231.633	0.041	4.480	319.111	0.168
1618993056.09673	231.631	0.041	4.454	318.950	0.167
1618993056.13512	231.633	0.041	4.510	318.950	0.167
1618993056.14710	231.704	0.041	4.528	319.111	0.165
1618993056.15673	231.746	0.041	4.530	319.031	0.161
1618993056.21511	231.782	0.041	4.513	319.272	0.165
1618993056.21673	231.780	0.041	4.529	319.353	0.161
1618993056.23310	231.798	0.041	4.507	319.353	0.162
1618993056.28618	231.830	0.041	4.494	319.594	0.166
1618993056.28875	231.913	0.041	4.506	319.433	0.161
1618993056.33912	231.936	0.041	4.484	319.433	0.162
1618993056.33974	231.924	0.041	4.483	319.514	0.164
1618993056.34167	231.894	0.041	4.448	319.433	0.163
1618993056.37879	231.802	0.041	4.438	319.353	0.165
1618993056.37966	231.814	0.041	4.482	319.433	0.166
1618993056.40511	231.856	0.041	4.531	319.433	0.164
1618993056.42910	231.878	0.041	4.533	319.353	0.167
1618993056.46711	231.885	0.041	4.491	319.433	0.167
1618993056.46873	231.863	0.041	4.447	319.272	0.166
1618993056.47674	231.813	0.041	4.464	319.353	0.162
1618993056.51510	231.793	0.041	4.463	319.272	0.161
1618993056.51665	231.755	0.041	4.456	319.272	0.161
1618993056.55420	231.832	0.042	4.550	319.353	0.165
1618993056.56217	231.839	0.041	4.480	319.353	0.162
1618993056.59911	231.852	0.041	4.498	319.192	0.165
1618993056.59975	231.839	0.041	4.443	319.192	0.164
1618993056.64009	231.818	0.041	4.457	319.111	0.164
1618993056.64175	231.746	0.041	4.455	318.950	0.165
1618993056.66511	231.762	0.041	4.522	319.031	0.166
1618993056.70288	231.847	0.042	4.551	319.353	0.169
1618993056.70367	231.961	0.041	4.526	319.353	0.170
1618993056.75113	231.853	0.041	4.455	319.272	0.168
1618993056.75415	231.913	0.041	4.504	319.353	0.166
1618993056.76470	231.832	0.041	4.446	319.192	0.163
1618993056.78513	231.817	0.041	4.452	319.192	0.167
1618993056.82389	231.850	0.041	4.505	319.353	0.165
1618993056.82568	231.766	0.041	4.421	319.272	0.157
1618993056.83869	231.820	0.041	4.524	319.353	0.166
1618993056.87713	231.837	0.041	4.491	319.272	0.165
1618993056.89711	231.838	0.041	4.444	319.272	0.164
1618993056.93491	231.827	0.041	4.431	319.272	0.167
1618993056.94807	231.802	0.041	4.456	319.272	0.164
1618993056.95816	231.768	0.041	4.441	319.192	0.161
1618993056.99711	231.839	0.041	4.466	319.353	0.165
1618993056.99776	231.800	0.041	4.437	319.353	0.165
1618993057.03512	231.813	0.041	4.548	319.272	0.163
1618993057.04914	231.878	0.041	4.515	319.433	0.169
1618993057.08716	231.896	0.041	4.509	319.433	0.165
1618993057.08777	231.887	0.041	4.436	319.353	0.166
1618993057.13517	231.866	0.041	4.522	319.594	0.162
1618993057.13677	231.900	0.041	4.499	319.353	0.168
1618993057.14570	231.925	0.041	4.511	319.433	0.162
1618993057.15712	231.871	0.041	4.501	319.353	0.163
1618993057.19419	231.819	0.041	4.497	319.272	0.163
1618993057.20514	231.766	0.041	4.453	319.192	0.165
1618993057.21678	231.723	0.041	4.480	319.272	0.165
1618993057.25514	231.780	0.041	4.515	319.192	0.170
1618993057.26714	231.778	0.041	4.499	319.192	0.168
1618993057.27715	231.808	0.042	4.538	319.272	0.165
1618993057.31485	231.842	0.041	4.519	319.353	0.161
1618993057.31668	231.821	0.041	4.476	319.272	0.161
1618993057.35419	231.846	0.041	4.517	319.353	0.162
1618993057.36314	231.875	0.041	4.491	319.433	0.163
1618993057.40020	231.879	0.041	4.519	319.514	0.163
1618993057.40178	231.928	0.042	4.559	319.594	0.162
1618993057.44357	231.869	0.041	4.449	319.433	0.162
1618993057.44380	231.737	0.041	4.414	319.353	0.162
1618993057.46494	231.723	0.041	4.453	319.192	0.161
1618993057.50295	231.720	0.041	4.484	319.192	0.164
1618993057.50369	231.990	0.042	4.581	319.433	0.169
1618993057.52515	231.971	0.041	4.541	319.594	0.163
1618993057.53717	231.943	0.041	4.457	319.433	0.165
1618993057.57486	232.047	0.041	4.566	319.675	0.163
1618993057.58672	232.054	0.041	4.507	319.675	0.164
1618993057.59714	232.074	0.041	4.488	319.755	0.165
1618993057.63482	232.123	0.041	4.530	319.675	0.164
1618993057.63770	232.097	0.041	4.485	319.755	0.166
1618993057.67516	232.183	0.041	4.563	319.916	0.165
1618993057.68620	232.132	0.041	4.478	319.916	0.168
1618993057.69715	232.141	0.041	4.507	319.836	0.162
1618993057.73478	232.042	0.041	4.466	319.594	0.167
1618993057.74815	232.054	0.041	4.497	319.675	0.167
1618993057.75679	232.065	0.041	4.503	319.675	0.167
1618993057.79490	232.080	0.041	4.477	319.675	0.167
1618993057.79671	232.030	0.041	4.468	319.594	0.162
1618993057.81893	232.029	0.041	4.460	319.675	0.170
1618993057.86215	232.052	0.041	4.502	319.675	0.166
1618993057.87179	231.981	0.041	4.442	319.514	0.162
1618993057.91116	232.026	0.041	4.491	319.594	0.161
1618993057.91781	232.112	0.041	4.517	319.755	0.168
1618993057.95615	232.131	0.041	4.540	319.836	0.165
1618993057.95780	232.209	0.041	4.525	319.755	0.168
1618993057.99518	232.233	0.041	4.552	319.916	0.167
1618993058.00516	232.173	0.041	4.383	319.836	0.170
1618993058.01485	232.131	0.041	4.434	319.675	0.162
1618993058.05420	232.139	0.041	4.477	319.836	0.164
1618993058.06521	232.189	0.041	4.483	319.755	0.158
1618993058.07718	232.229	0.041	4.556	319.836	0.163
1618993058.11484	232.253	0.041	4.533	319.916	0.164
1618993058.11671	232.215	0.041	4.483	319.836	0.162
1618993058.15421	232.234	0.041	4.500	319.916	0.165
1618993058.16517	232.267	0.041	4.508	319.997	0.163
1618993058.17681	232.205	0.041	4.478	319.836	0.162
1618993058.21514	232.158	0.041	4.459	319.755	0.162
1618993058.22622	232.160	0.041	4.464	319.836	0.162
1618993058.23518	232.201	0.041	4.480	319.755	0.162
1618993058.27320	232.162	0.041	4.507	319.594	0.163
1618993058.27481	232.228	0.041	4.524	319.836	0.168
1618993058.31318	232.239	0.041	4.525	319.755	0.168
1618993058.35124	232.204	0.041	4.470	319.755	0.166
1618993058.35683	232.259	0.041	4.494	319.836	0.165
1618993058.39422	232.242	0.041	4.542	319.916	0.163
1618993058.39482	232.271	0.041	4.546	319.836	0.164
1618993058.40417	232.286	0.041	4.467	320.158	0.164
1618993058.42518	232.277	0.041	4.483	319.997	0.158
1618993058.43518	232.177	0.041	4.473	319.916	0.165
1618993058.47322	232.177	0.041	4.429	319.836	0.164
1618993058.48482	232.272	0.041	4.597	319.997	0.164
1618993058.49717	232.333	0.041	4.493	319.997	0.163
1618993058.53682	232.308	0.041	4.507	319.916	0.162
1618993058.54624	232.155	0.041	4.391	319.836	0.163
1618993058.55670	232.156	0.041	4.442	319.836	0.167
1618993058.59498	232.116	0.041	4.476	319.675	0.164
1618993058.59698	232.111	0.041	4.512	319.675	0.162
1618993058.63403	232.139	0.041	4.492	319.755	0.167
1618993058.64203	232.185	0.041	4.476	319.755	0.168
1618993058.67921	232.162	0.041	4.480	319.675	0.163
1618993058.68080	232.199	0.041	4.503	319.836	0.163
1618993058.69719	232.107	0.041	4.439	319.675	0.161
1618993058.73425	232.079	0.041	4.450	319.755	0.159
1618993058.74383	232.078	0.041	4.468	319.594	0.163
1618993058.75519	232.099	0.041	4.546	319.675	0.164
1618993058.79320	232.077	0.041	4.466	319.594	0.165
1618993058.80519	232.121	0.041	4.539	319.836	0.164
1618993058.81703	232.139	0.042	4.691	319.836	0.170
1618993058.85491	232.156	0.043	4.705	319.675	0.175
1618993058.86673	232.046	0.042	4.674	319.675	0.166
1618993058.87683	232.111	0.043	4.764	319.755	0.170
1618993058.91495	232.125	0.043	4.719	319.594	0.171
1618993058.91675	232.112	0.043	4.718	319.675	0.170
1618993058.95401	232.078	0.042	4.582	319.675	0.165
1618993058.97221	232.111	0.041	4.499	319.675	0.163
1618993058.98219	232.116	0.041	4.544	319.755	0.161
1618993059.02920	232.129	0.041	4.547	319.755	0.158
1618993059.03618	232.159	0.041	4.505	319.755	0.161
1618993059.04319	232.246	0.041	4.507	319.836	0.161
1618993059.09420	232.229	0.041	4.470	319.836	0.164
1618993059.09479	232.228	0.041	4.484	319.997	0.158
1618993059.13722	232.131	0.040	4.363	319.675	0.157
1618993059.13787	232.100	0.041	4.420	319.675	0.158
1618993059.13877	232.158	0.041	4.500	319.755	0.158
1618993059.17823	232.168	0.041	4.532	319.836	0.162
1618993059.18577	232.246	0.041	4.527	319.997	0.164
1618993059.19674	232.236	0.041	4.537	319.916	0.161
1618993059.23488	232.272	0.041	4.519	319.916	0.164
1618993059.23680	232.224	0.041	4.475	319.836	0.164
1618993059.27408	232.149	0.041	4.497	319.836	0.163
1618993059.32022	232.223	0.041	4.461	319.997	0.165
1618993059.32185	232.188	0.041	4.505	319.836	0.159
1618993059.32380	232.224	0.041	4.499	319.997	0.162
1618993059.36227	232.216	0.041	4.485	319.997	0.164
1618993059.38522	232.309	0.041	4.537	320.077	0.159
1618993059.39722	232.259	0.041	4.509	320.077	0.164
1618993059.43426	232.220	0.041	4.462	319.836	0.164
1618993059.44476	232.203	0.041	4.502	319.916	0.166
1618993059.45666	232.256	0.041	4.485	319.836	0.162
1618993059.49494	232.245	0.041	4.492	319.836	0.166
1618993059.50628	232.197	0.041	4.471	319.916	0.164
1618993059.51825	232.161	0.041	4.492	319.916	0.157
1618993059.55621	232.218	0.041	4.489	319.916	0.165
1618993059.55786	232.183	0.041	4.506	319.916	0.163
1618993059.59524	232.278	0.041	4.523	319.916	0.166
1618993059.61123	232.355	0.041	4.569	320.158	0.168
1618993059.61921	232.347	0.041	4.518	320.158	0.167
1618993059.65826	232.370	0.041	4.501	320.077	0.165
1618993059.66622	232.280	0.041	4.462	319.997	0.162
1618993059.67691	232.198	0.041	4.454	319.916	0.161
1618993059.71496	232.203	0.041	4.470	319.916	0.163
1618993059.71679	232.266	0.041	4.540	320.077	0.162
1618993059.75428	232.302	0.041	4.512	320.077	0.162
1618993059.79430	232.300	0.041	4.504	320.077	0.162
1618993059.79488	232.264	0.041	4.450	319.997	0.159
1618993059.80575	232.164	0.041	4.462	319.916	0.162
1618993059.84425	232.107	0.041	4.467	319.836	0.157
1618993059.84487	232.141	0.041	4.465	319.836	0.159
1618993059.86722	232.101	0.041	4.478	319.755	0.158
1618993059.87523	232.059	0.041	4.550	319.836	0.165
1618993059.91325	232.178	0.041	4.534	319.916	0.167
1618993059.95027	232.215	0.041	4.495	319.997	0.164
1618993059.95193	232.148	0.041	4.478	319.836	0.159
1618993059.97124	232.155	0.041	4.456	319.916	0.159
1618993059.98822	232.140	0.041	4.485	319.916	0.158
1618993059.99587	232.196	0.041	4.527	319.916	0.166
1618993060.03496	232.220	0.041	4.501	319.836	0.162
1618993060.03680	232.183	0.041	4.483	319.755	0.162
1618993060.07428	232.206	0.041	4.504	319.836	0.164
1618993060.08626	232.210	0.041	4.541	319.997	0.162
1618993060.09587	232.228	0.041	4.497	319.916	0.161
1618993060.13430	232.239	0.040	4.475	319.836	0.156
1618993060.14627	232.193	0.041	4.461	319.836	0.161
1618993060.15592	232.197	0.041	4.477	319.836	0.165
1618993060.20101	232.224	0.040	4.454	319.755	0.163
1618993060.20891	232.189	0.041	4.531	319.755	0.159
1618993060.21984	232.229	0.041	4.526	319.755	0.169
1618993060.26392	231.059	0.035	3.578	318.870	0.165
1618993060.30188	230.829	0.041	4.477	317.985	0.159
1618993060.30392	230.819	0.041	4.456	317.824	0.158
1618993060.34125	230.860	0.041	4.555	317.985	0.162
1618993060.34386	230.813	0.041	4.499	317.824	0.163
1618993060.35485	230.764	0.041	4.442	317.904	0.162
1618993060.40631	230.836	0.041	4.546	318.065	0.164
1618993060.40924	230.784	0.041	4.518	317.985	0.161
1618993060.41810	230.797	0.041	4.434	317.985	0.158
1618993060.45828	230.832	0.041	4.506	317.904	0.162
1618993060.46629	230.836	0.041	4.519	318.065	0.161
1618993060.47590	230.838	0.041	4.483	317.904	0.163
1618993060.51503	230.852	0.041	4.481	317.985	0.164
1618993060.51581	230.826	0.041	4.468	317.904	0.163
1618993060.55431	230.852	0.041	4.518	317.985	0.165
1618993060.56327	230.813	0.041	4.476	317.985	0.163
1618993060.60030	230.772	0.041	4.532	317.904	0.162
1618993060.60091	230.847	0.041	4.505	318.065	0.168
1618993060.63882	230.854	0.041	4.477	318.065	0.165
1618993060.63979	230.848	0.041	4.460	317.985	0.163
1618993060.67925	230.823	0.041	4.460	317.824	0.162
1618993060.67989	230.867	0.041	4.560	318.065	0.164
1618993060.71884	230.830	0.041	4.508	317.985	0.164
1618993060.72087	230.862	0.041	4.485	318.065	0.167
1618993060.75929	230.836	0.041	4.515	318.065	0.166
1618993060.76088	230.799	0.041	4.452	318.145	0.165
1618993060.79926	230.740	0.041	4.411	317.824	0.162
1618993060.79991	230.774	0.041	4.574	317.824	0.162
1618993060.84006	230.774	0.041	4.515	317.904	0.165
1618993060.84194	230.804	0.042	4.536	317.985	0.169
1618993060.88026	230.780	0.041	4.449	317.904	0.162
1618993060.88826	230.742	0.041	4.476	317.985	0.168
1618993060.92527	230.766	0.041	4.440	317.824	0.164
1618993060.92591	230.731	0.041	4.489	317.743	0.165
1618993060.96630	230.729	0.041	4.520	317.904	0.167
1618993060.96792	230.762	0.041	4.518	317.743	0.163
1618993060.98727	230.757	0.041	4.486	317.824	0.166
1618993061.02632	230.812	0.041	4.507	317.904	0.170
1618993061.02792	230.825	0.041	4.473	317.904	0.163
1618993061.04583	230.803	0.041	4.467	317.904	0.162
1618993061.09532	230.749	0.041	4.481	317.824	0.162
1618993061.09786	230.756	0.041	4.490	317.904	0.158
1618993061.10830	230.725	0.041	4.533	317.904	0.162
1618993061.11592	230.777	0.041	4.528	318.065	0.166
1618993061.15527	230.830	0.041	4.549	318.226	0.168
1618993061.15792	230.900	0.041	4.507	318.145	0.164
1618993061.19530	230.921	0.041	4.494	318.065	0.165
1618993061.20929	230.808	0.040	4.388	317.904	0.159
1618993061.21593	230.810	0.041	4.488	317.985	0.157
1618993061.25504	230.823	0.041	4.513	318.065	0.164
1618993061.26929	230.832	0.041	4.482	318.065	0.162
1618993061.27907	230.879	0.041	4.504	318.065	0.163
1618993061.31828	230.819	0.041	4.488	317.985	0.159
1618993061.31993	230.813	0.041	4.523	317.985	0.162
1618993061.35784	230.802	0.041	4.480	317.985	0.161
1618993061.35871	230.847	0.041	4.515	317.904	0.159
1618993061.40681	230.738	0.041	4.554	317.663	0.164
1618993061.41585	230.834	0.041	4.570	317.743	0.165
1618993061.45386	230.832	0.040	4.442	317.582	0.161
1618993061.46477	230.766	0.041	4.447	317.985	0.164
1618993061.47833	230.796	0.041	4.497	317.824	0.165
1618993061.51533	230.793	0.041	4.508	317.904	0.164
1618993061.52530	230.853	0.041	4.527	317.904	0.169
1618993061.53496	230.814	0.041	4.515	317.985	0.163
1618993061.57429	230.846	0.041	4.465	317.985	0.161
1618993061.58530	230.873	0.041	4.487	317.904	0.162
1618993061.59531	230.794	0.041	4.512	317.904	0.162
1618993061.64432	230.775	0.041	4.433	317.824	0.158
1618993061.64592	230.777	0.041	4.508	317.904	0.159
1618993061.65633	230.816	0.041	4.542	317.985	0.162
1618993061.69814	230.896	0.042	4.576	318.145	0.165
1618993061.69988	230.913	0.041	4.475	318.145	0.163
1618993061.73813	230.893	0.041	4.517	318.145	0.159
1618993061.74529	230.895	0.041	4.485	318.226	0.159
1618993061.78309	230.905	0.041	4.442	317.985	0.159
1618993061.78386	230.844	0.041	4.458	317.985	0.161
1618993061.79533	230.841	0.041	4.515	318.065	0.164
1618993061.83335	230.858	0.041	4.497	317.904	0.164
1618993061.83399	230.899	0.041	4.516	318.145	0.162
1618993061.87129	230.792	0.041	4.462	317.985	0.159
1618993061.91031	230.813	0.041	4.526	318.065	0.164
1618993061.91096	230.789	0.041	4.440	317.743	0.158
1618993061.91384	230.765	0.041	4.464	317.985	0.159
1618993061.95319	230.754	0.041	4.535	317.904	0.161
1618993061.95403	230.805	0.041	4.530	317.985	0.165
1618993061.99135	230.849	0.041	4.543	317.985	0.165
1618993061.99801	230.827	0.041	4.514	317.985	0.161
1618993062.03532	230.771	0.041	4.483	317.985	0.164
1618993062.07435	230.767	0.041	4.537	317.985	0.164
1618993062.07591	230.802	0.041	4.533	317.985	0.164
1618993062.07785	230.792	0.041	4.480	317.985	0.159
1618993062.11631	230.828	0.041	4.526	317.904	0.164
1618993062.11805	230.861	0.041	4.526	318.065	0.162
1618993062.15927	230.929	0.042	4.553	318.306	0.165
1618993062.16091	230.859	0.041	4.422	318.306	0.165
1618993062.19931	230.850	0.041	4.509	317.985	0.164
1618993062.20093	230.870	0.041	4.541	318.226	0.161
1618993062.23989	230.919	0.041	4.553	318.145	0.158
1618993062.24126	230.928	0.041	4.535	318.226	0.165
1618993062.26531	230.882	0.041	4.398	318.145	0.158
1618993062.27633	230.893	0.041	4.474	318.065	0.161
1618993062.31434	230.865	0.040	4.376	318.065	0.162
1618993062.32535	230.898	0.041	4.497	318.145	0.164
1618993062.33497	230.848	0.041	4.427	318.065	0.158
1618993062.37332	230.920	0.041	4.538	318.145	0.159
1618993062.38533	230.850	0.041	4.497	318.145	0.159
1618993062.39591	230.841	0.041	4.537	317.985	0.162
1618993062.43631	230.882	0.041	4.469	318.226	0.166
1618993062.43808	230.893	0.041	4.517	318.145	0.166
1618993062.47534	230.795	0.041	4.417	317.985	0.158
1618993062.48534	230.799	0.041	4.491	318.065	0.161
1618993062.49495	230.557	0.040	4.356	317.582	0.159
1618993062.53433	230.544	0.041	4.468	317.824	0.164
1618993062.54835	230.596	0.041	4.508	317.663	0.164
1618993062.55803	230.540	0.041	4.524	317.582	0.163
1618993062.59733	230.600	0.041	4.494	317.582	0.162
1618993062.59898	230.652	0.041	4.518	317.663	0.161
1618993062.63635	230.597	0.041	4.477	317.663	0.163
1618993062.67536	230.591	0.041	4.466	317.502	0.167
1618993062.67598	230.573	0.041	4.526	317.582	0.161
1618993062.68391	230.600	0.042	4.539	317.743	0.165
1618993062.72335	230.615	0.041	4.504	317.743	0.163
1618993062.74534	230.521	0.041	4.492	317.502	0.164
1618993062.75500	230.568	0.041	4.455	317.502	0.166
1618993062.79335	230.611	0.041	4.529	317.743	0.165
1618993062.80534	230.602	0.042	4.545	317.743	0.165
1618993062.81634	230.619	0.041	4.465	317.582	0.165
1618993062.85435	230.604	0.041	4.490	317.582	0.168
1618993062.86532	230.522	0.041	4.468	317.582	0.171
1618993062.87599	230.481	0.041	4.441	317.421	0.165
1618993062.91937	230.511	0.041	4.507	317.421	0.165
1618993062.92100	230.537	0.042	4.521	317.582	0.168
1618993062.95932	230.571	0.042	4.493	317.502	0.167
1618993062.95999	230.611	0.041	4.516	317.663	0.165
1618993062.97817	230.600	0.042	4.524	317.663	0.165
1618993063.01602	230.549	0.041	4.392	317.502	0.167
1618993063.01791	230.522	0.041	4.495	317.743	0.165
1618993063.03636	230.527	0.042	4.488	317.421	0.163
1618993063.07734	230.581	0.041	4.537	317.663	0.166
1618993063.07899	230.629	0.041	4.496	317.743	0.164
1618993063.11635	230.639	0.041	4.545	317.582	0.165
1618993063.12139	230.629	0.041	4.504	317.743	0.163
1618993063.15938	230.595	0.041	4.494	317.663	0.170
1618993063.16940	230.603	0.041	4.529	317.582	0.167
1618993063.18935	230.576	0.041	4.476	317.502	0.165
1618993063.22636	230.538	0.041	4.481	317.502	0.169
1618993063.22801	230.534	0.041	4.527	317.502	0.164
1618993063.23636	230.602	0.041	4.494	317.502	0.167
1618993063.27537	230.550	0.041	4.531	317.502	0.168
1618993063.27600	230.620	0.041	4.518	317.904	0.166
1618993063.31537	230.526	0.041	4.436	317.663	0.167
1618993063.35439	230.563	0.041	4.466	317.582	0.164
1618993063.35597	230.582	0.041	4.551	317.663	0.167
1618993063.35790	230.543	0.041	4.496	317.582	0.163
1618993063.40341	230.617	0.041	4.472	317.663	0.166
1618993063.44538	230.480	0.041	4.415	317.582	0.165
1618993063.44605	230.518	0.041	4.523	317.502	0.165
1618993063.48439	230.498	0.041	4.492	317.502	0.167
1618993063.48603	230.567	0.041	4.520	317.582	0.164
1618993063.49595	230.578	0.041	4.533	317.663	0.164
1618993063.53442	230.551	0.041	4.473	317.502	0.162
1618993063.55440	230.501	0.041	4.507	317.421	0.163
1618993063.59341	230.535	0.041	4.500	317.502	0.161
1618993063.59406	230.522	0.041	4.515	317.582	0.161
1618993063.63136	230.513	0.041	4.531	317.502	0.161
1618993063.67440	230.499	0.042	4.601	317.663	0.166
1618993063.67502	230.573	0.041	4.505	317.663	0.169
1618993063.68844	230.530	0.041	4.508	317.502	0.163
1618993063.72639	230.517	0.041	4.493	317.582	0.168
1618993063.72799	230.474	0.041	4.485	317.502	0.168
1618993063.73819	230.466	0.041	4.519	317.421	0.168
1618993063.77525	230.490	0.041	4.515	317.421	0.169
1618993063.78104	230.500	0.041	4.463	317.341	0.164
1618993063.81918	230.512	0.041	4.445	317.341	0.164
1618993063.82003	230.461	0.041	4.535	317.502	0.163
1618993063.85846	230.452	0.041	4.507	317.341	0.163
1618993063.89941	230.484	0.041	4.536	317.421	0.162
1618993063.90103	230.452	0.041	4.501	317.421	0.165
1618993063.91446	230.510	0.041	4.512	317.421	0.163
1618993063.95540	230.423	0.041	4.495	317.341	0.167
1618993063.96502	230.429	0.041	4.483	317.260	0.167
1618993063.97640	230.462	0.041	4.519	317.421	0.167
1618993064.01439	230.399	0.041	4.495	317.341	0.164
1618993064.02540	230.427	0.041	4.497	317.421	0.164
1618993064.03539	230.401	0.041	4.477	317.260	0.165
1618993064.07343	230.394	0.041	4.519	317.260	0.161
1618993064.07408	230.439	0.041	4.552	317.341	0.162
1618993064.11120	230.450	0.041	4.489	317.260	0.162
1618993064.15841	230.363	0.041	4.487	317.341	0.163
1618993064.15902	230.337	0.041	4.490	317.260	0.169
1618993064.16395	230.415	0.042	4.552	317.341	0.167
1618993064.19539	230.425	0.042	4.562	317.502	0.166
1618993064.20004	230.490	0.041	4.528	317.502	0.165
1618993064.23840	230.503	0.041	4.524	317.502	0.164
1618993064.23902	230.563	0.042	4.499	317.502	0.169
1618993064.27641	230.560	0.041	4.510	317.421	0.163
1618993064.28402	230.507	0.041	4.501	317.502	0.168
1618993064.29540	230.533	0.041	4.500	317.502	0.169
1618993064.33342	230.507	0.042	4.537	317.502	0.166
1618993064.35540	230.565	0.041	4.449	317.582	0.167
1618993064.39343	230.563	0.041	4.486	317.582	0.159
1618993064.39409	230.614	0.041	4.489	317.582	0.161
1618993064.43552	230.537	0.040	4.396	317.582	0.158
1618993064.48142	230.565	0.041	4.504	317.582	0.162
1618993064.48407	230.608	0.042	4.571	317.743	0.163
1618993064.50418	230.607	0.041	4.523	317.582	0.163
1618993064.54119	230.594	0.041	4.489	317.582	0.163
1618993064.54306	230.608	0.041	4.567	317.663	0.166
1618993064.55542	230.567	0.041	4.468	317.663	0.164
1618993064.59345	230.605	0.041	4.539	317.582	0.169
1618993064.61443	230.616	0.041	4.466	317.663	0.167
1618993064.65121	230.581	0.041	4.478	317.743	0.168
1618993064.66441	230.618	0.041	4.512	317.743	0.161
1618993064.67442	230.586	0.041	4.457	317.663	0.165
1618993064.71424	230.591	0.041	4.490	317.743	0.164
1618993064.71500	230.616	0.041	4.562	317.743	0.170
1618993064.75348	230.624	0.041	4.484	317.582	0.163
1618993064.79142	230.688	0.041	4.556	317.663	0.164
1618993064.79305	230.677	0.041	4.490	317.663	0.169
1618993064.79405	230.706	0.041	4.546	317.743	0.170
1618993064.83119	230.669	0.041	4.490	317.743	0.164
1618993064.83299	230.633	0.041	4.508	317.663	0.164
1618993064.87029	230.635	0.041	4.459	317.663	0.162
1618993064.88342	230.745	0.042	4.576	317.904	0.161
1618993064.89510	230.684	0.041	4.537	317.824	0.159
1618993064.93622	230.662	0.041	4.464	317.743	0.158
1618993064.93811	230.685	0.041	4.515	317.824	0.159
1618993064.97523	230.688	0.041	4.523	317.743	0.161
1618993065.01443	230.699	0.041	4.487	317.743	0.165
1618993065.01506	230.717	0.041	4.531	317.824	0.162
1618993065.01601	230.738	0.041	4.512	317.904	0.161
1618993065.05641	230.720	0.041	4.542	317.904	0.159
1618993065.06308	230.762	0.041	4.506	317.904	0.159
1618993065.10049	230.781	0.041	4.555	317.985	0.168
1618993065.10113	230.723	0.041	4.423	317.824	0.167
1618993065.13944	230.761	0.041	4.513	317.743	0.168
1618993065.15423	230.726	0.041	4.504	317.904	0.163
1618993065.19347	230.723	0.041	4.538	317.904	0.164
1618993065.21523	230.754	0.041	4.470	317.824	0.162
1618993065.25345	230.733	0.041	4.525	317.904	0.162
1618993065.25411	230.743	0.041	4.501	317.904	0.163
1618993065.29145	230.794	0.041	4.518	317.743	0.166
1618993065.34045	230.810	0.041	4.578	317.985	0.163
1618993065.34109	230.844	0.041	4.538	317.904	0.168
1618993065.34305	230.797	0.041	4.432	317.743	0.168
1618993065.38053	230.746	0.041	4.484	317.663	0.164
1618993065.38105	230.761	0.041	4.517	317.743	0.166
1618993065.40349	230.813	0.042	4.579	317.824	0.166
1618993065.44521	230.852	0.041	4.515	317.904	0.167
1618993065.44604	230.840	0.041	4.499	317.985	0.166
1618993065.46945	230.833	0.041	4.462	317.985	0.167
1618993065.47012	230.871	0.041	4.471	318.065	0.167
1618993065.50848	230.793	0.041	4.429	317.904	0.165
1618993065.54645	230.817	0.041	4.471	317.904	0.164
1618993065.56846	230.848	0.041	4.471	318.145	0.167
1618993065.57511	230.874	0.041	4.584	318.226	0.169
1618993065.61346	230.868	0.041	4.459	317.904	0.163
1618993065.63545	230.898	0.041	4.477	318.065	0.166
1618993065.67447	230.858	0.041	4.492	318.145	0.163
1618993065.68546	230.843	0.041	4.475	317.904	0.167
1618993065.69525	230.844	0.041	4.483	317.824	0.162
1618993065.73347	230.899	0.041	4.521	317.985	0.162
1618993065.74545	230.844	0.041	4.499	317.985	0.163
1618993065.75514	230.837	0.041	4.503	317.904	0.159
1618993065.79447	230.828	0.041	4.495	317.904	0.159
1618993065.80411	230.777	0.041	4.484	317.824	0.161
1618993065.81646	230.854	0.041	4.504	317.904	0.161
1618993065.85447	230.832	0.041	4.520	317.904	0.165
1618993065.86109	230.833	0.041	4.491	317.904	0.161
1618993065.88445	230.805	0.041	4.502	317.824	0.161
1618993065.89622	230.769	0.041	4.451	317.743	0.165
1618993065.93446	230.738	0.041	4.531	317.824	0.164
1618993065.95446	230.881	0.041	4.535	317.743	0.164
1618993065.99146	230.885	0.041	4.502	317.743	0.162
1618993066.00546	230.816	0.041	4.522	317.824	0.164
1618993066.01525	230.891	0.041	4.533	318.065	0.168
1618993066.05347	230.869	0.041	4.489	317.904	0.169
1618993066.06547	230.849	0.041	4.496	318.065	0.164
1618993066.07614	230.858	0.041	4.534	317.904	0.164
1618993066.11449	230.865	0.041	4.517	318.065	0.163
1618993066.11512	230.916	0.041	4.544	317.985	0.165
1618993066.15447	230.897	0.041	4.498	317.904	0.164
1618993066.17111	230.899	0.041	4.541	317.904	0.162
1618993066.18046	230.885	0.041	4.491	317.904	0.162
1618993066.21852	230.907	0.041	4.455	318.065	0.162
1618993066.23148	230.816	0.041	4.434	317.904	0.162
1618993066.26948	230.834	0.041	4.562	318.065	0.164
1618993066.27146	230.866	0.041	4.564	318.145	0.164
1618993066.27314	230.866	0.041	4.485	317.985	0.161
1618993066.31050	230.907	0.041	4.490	318.065	0.161
1618993066.32748	230.832	0.041	4.445	317.985	0.158
1618993066.33612	230.808	0.041	4.571	317.985	0.165
1618993066.37535	230.858	0.041	4.501	317.985	0.157
1618993066.38551	230.923	0.041	4.580	318.226	0.162
1618993066.39517	230.835	0.041	4.479	317.985	0.162
1618993066.43350	230.842	0.041	4.488	318.065	0.163
1618993066.43408	230.760	0.041	4.490	317.904	0.163
1618993066.47128	230.828	0.041	4.529	317.985	0.163
1618993066.49149	230.843	0.041	4.500	318.065	0.158
1618993066.49848	230.864	0.041	4.509	317.985	0.166
1618993066.54948	230.876	0.041	4.454	317.904	0.165
1618993066.55110	230.932	0.041	4.470	318.145	0.165
1618993066.55318	230.835	0.040	4.439	318.065	0.163
1618993066.59052	230.806	0.041	4.471	317.985	0.161
1618993066.62826	230.815	0.041	4.504	317.985	0.163
1618993066.62905	230.813	0.041	4.483	318.145	0.159
1618993066.67131	230.789	0.041	4.486	317.904	0.161
1618993066.67313	230.771	0.041	4.461	317.904	0.158
1618993066.68511	230.881	0.041	4.567	318.065	0.161
1618993066.69549	230.846	0.041	4.520	317.985	0.156
1618993066.74527	230.828	0.041	4.465	318.065	0.157
1618993066.74720	230.805	0.041	4.548	318.145	0.158
1618993066.75605	230.780	0.041	4.465	317.985	0.156
1618993066.79551	230.787	0.041	4.522	317.985	0.161
1618993066.80549	230.777	0.041	4.536	317.824	0.161
1618993066.81547	230.730	0.041	4.445	317.663	0.165
1618993066.85449	230.788	0.041	4.618	317.904	0.161
1618993066.86502	230.778	0.041	4.514	318.065	0.163
1618993066.87504	230.825	0.041	4.514	318.065	0.166
1618993066.92251	230.764	0.041	4.482	317.824	0.158
1618993066.96153	230.837	0.041	4.555	318.065	0.166
1618993066.96310	230.858	0.041	4.515	318.065	0.162
1618993066.97529	230.830	0.041	4.514	318.065	0.159
1618993067.01450	230.809	0.041	4.489	317.985	0.158
1618993067.05650	230.826	0.041	4.491	318.065	0.159
1618993067.05819	230.835	0.041	4.533	317.985	0.162
1618993067.06404	230.878	0.041	4.508	318.065	0.163
1618993067.10328	230.853	0.041	4.487	317.985	0.159
1618993067.10408	230.927	0.041	4.513	317.985	0.157
1618993067.11452	230.892	0.041	4.559	318.226	0.159
1618993067.15150	230.890	0.041	4.522	318.226	0.159
1618993067.16351	230.910	0.041	4.478	318.065	0.161
1618993067.18455	230.860	0.041	4.530	318.226	0.158
1618993067.22552	230.915	0.041	4.526	318.145	0.161
1618993067.22713	230.905	0.041	4.570	318.306	0.158
1618993067.23529	230.895	0.041	4.512	318.065	0.163
1618993067.27452	230.922	0.041	4.504	318.226	0.167
1618993067.27519	230.872	0.041	4.472	318.065	0.169
1618993067.29551	230.874	0.041	4.476	318.065	0.164
1618993067.33321	230.807	0.041	4.453	317.985	0.163
1618993067.33509	231.134	0.042	4.703	318.306	0.167
1618993067.35554	231.221	0.041	4.578	318.548	0.163
1618993067.39351	231.204	0.041	4.538	318.548	0.162
1618993067.39509	231.206	0.041	4.535	318.628	0.158
1618993067.43355	231.204	0.041	4.485	318.548	0.161
1618993067.47454	231.219	0.041	4.524	318.628	0.162
1618993067.47517	231.235	0.041	4.475	318.548	0.161
1618993067.52223	231.155	0.041	4.457	318.548	0.162
1618993067.52408	231.269	0.041	4.524	318.548	0.159
1618993067.54427	231.254	0.041	4.513	318.548	0.158
1618993067.55454	231.235	0.041	4.482	318.548	0.163
1618993067.59155	231.250	0.041	4.450	318.628	0.162
1618993067.59321	231.192	0.041	4.532	318.548	0.165
1618993067.63456	231.229	0.041	4.503	318.548	0.163
1618993067.67955	231.239	0.041	4.506	318.709	0.163
1618993067.68254	231.239	0.041	4.478	318.548	0.164
1618993067.73155	231.220	0.041	4.496	318.628	0.164
1618993067.73419	231.250	0.041	4.493	318.467	0.166
1618993067.73508	231.206	0.041	4.454	318.467	0.165
1618993067.77353	231.190	0.041	4.536	318.467	0.164
1618993067.78054	231.312	0.041	4.575	318.628	0.162
1618993067.80254	231.318	0.041	4.549	318.548	0.164
1618993067.81455	231.250	0.041	4.465	318.548	0.164
1618993067.85357	231.187	0.041	4.501	318.467	0.165
1618993067.87455	231.060	0.041	4.513	318.387	0.159
1618993067.91157	231.105	0.041	4.510	318.387	0.157
1618993067.94955	231.135	0.041	4.510	318.467	0.164
1618993067.95017	231.128	0.041	4.514	318.387	0.161
1618993067.97254	231.098	0.041	4.489	318.306	0.161
1618993067.98754	231.121	0.041	4.530	318.387	0.164
1618993067.99822	231.109	0.041	4.520	318.306	0.164
1618993068.02654	231.080	0.041	4.530	318.387	0.163
1618993068.03558	231.085	0.041	4.512	318.306	0.161
1618993068.07657	231.111	0.041	4.528	318.306	0.165
1618993068.08455	231.097	0.041	4.520	318.387	0.165
1618993068.09420	231.076	0.041	4.470	318.226	0.158
1618993068.13754	231.137	0.041	4.537	318.548	0.164
1618993068.13920	231.148	0.041	4.531	318.306	0.162
1618993068.15617	231.086	0.041	4.538	318.387	0.159
1618993068.20157	231.114	0.041	4.538	318.467	0.161
1618993068.20922	231.147	0.041	4.552	318.387	0.163
1618993068.24658	231.137	0.041	4.472	318.387	0.161
1618993068.24820	231.064	0.041	4.480	318.226	0.162
1618993068.25554	231.061	0.041	4.468	318.387	0.162
1618993068.29362	231.097	0.041	4.538	318.226	0.164
1618993068.29515	231.085	0.041	4.515	318.548	0.161
1618993068.33357	231.101	0.041	4.522	318.387	0.159
1618993068.34054	231.184	0.041	4.557	318.467	0.161
1618993068.37860	231.132	0.041	4.482	318.548	0.162
1618993068.41738	231.068	0.041	4.505	318.226	0.164
1618993068.42024	231.049	0.041	4.519	318.387	0.165
1618993068.47059	231.078	0.041	4.530	318.226	0.163
1618993068.47417	231.094	0.041	4.561	318.306	0.165
1618993068.47531	231.199	0.042	4.575	318.548	0.162
1618993068.51756	231.163	0.041	4.549	318.789	0.159
1618993068.51921	231.160	0.041	4.413	318.387	0.159
1618993068.55864	231.145	0.041	4.499	318.467	0.164
1618993068.59759	231.118	0.041	4.494	318.467	0.167
1618993068.60009	231.141	0.041	4.488	318.306	0.169
1618993068.61437	231.198	0.041	4.569	318.387	0.161
1618993068.65225	231.170	0.041	4.479	318.548	0.158
1618993068.65414	231.211	0.040	4.451	318.387	0.156
1618993068.69131	231.177	0.041	4.454	318.467	0.162
1618993068.70324	231.094	0.041	4.446	318.306	0.165
1618993068.72458	231.113	0.041	4.528	318.306	0.162
1618993068.73421	231.153	0.042	4.597	318.467	0.165
1618993068.77257	231.187	0.041	4.521	318.548	0.168
1618993068.77425	231.183	0.041	4.534	318.306	0.167
1618993068.81122	231.190	0.041	4.494	318.306	0.162
1618993068.82135	231.151	0.041	4.440	318.306	0.157
1618993068.83458	231.105	0.041	4.526	318.306	0.163
1618993068.87159	231.135	0.041	4.540	318.306	0.161
1618993068.87322	231.133	0.041	4.476	318.306	0.161
1618993068.91035	231.180	0.042	4.612	318.387	0.165
1618993068.95959	231.122	0.041	4.539	318.387	0.163
1618993068.96119	231.106	0.041	4.498	318.387	0.165
1618993068.96321	231.064	0.041	4.484	318.306	0.164
1618993068.98558	231.060	0.041	4.473	318.306	0.169
1618993069.02458	231.117	0.041	4.551	318.226	0.165
1618993069.02521	231.166	0.041	4.530	318.467	0.168
1618993069.03417	231.177	0.041	4.521	318.387	0.159
1618993069.07158	231.184	0.041	4.516	318.306	0.161
1618993069.08259	231.198	0.041	4.542	318.467	0.158
1618993069.09259	231.182	0.041	4.534	318.467	0.161
1618993069.13061	231.112	0.041	4.466	318.387	0.166
1618993069.15459	231.118	0.041	4.506	318.387	0.162
1618993069.19160	231.169	0.041	4.521	318.387	0.166
1618993069.20259	231.200	0.041	4.538	318.306	0.161
1618993069.21225	231.196	0.041	4.478	318.387	0.161
1618993069.25159	231.158	0.041	4.487	318.226	0.162
1618993069.26235	231.151	0.041	4.508	318.306	0.162
1618993069.27260	231.155	0.041	4.518	318.306	0.165
1618993069.32459	231.162	0.041	4.516	318.387	0.162
1618993069.32523	231.149	0.041	4.499	318.387	0.159
1618993069.33517	231.162	0.041	4.495	318.306	0.166
1618993069.37414	231.166	0.041	4.522	318.226	0.164
1618993069.37496	231.185	0.041	4.530	318.145	0.162
1618993069.41438	231.148	0.041	4.514	318.145	0.165
1618993069.45461	231.192	0.041	4.520	318.306	0.163
1618993069.45524	231.230	0.041	4.464	318.226	0.163
1618993069.49462	231.144	0.041	4.481	318.226	0.163
1618993069.49524	231.160	0.041	4.481	318.387	0.164
1618993069.49614	231.225	0.041	4.544	318.306	0.163
1618993069.53416	231.149	0.041	4.495	318.145	0.163
1618993069.53622	231.236	0.041	4.549	318.306	0.163
1618993069.57435	231.207	0.041	4.565	318.306	0.165
1618993069.57513	231.253	0.041	4.544	318.467	0.166
1618993069.61229	231.202	0.041	4.496	318.226	0.166
1618993069.62562	231.209	0.041	4.519	318.145	0.167
1618993069.63462	231.136	0.041	4.461	318.226	0.165
1618993069.67163	231.174	0.041	4.518	318.387	0.161
1618993069.68262	231.203	0.041	4.495	318.467	0.164
1618993069.69465	231.204	0.041	4.484	318.467	0.159
1618993069.73263	231.168	0.041	4.469	318.467	0.156
1618993069.73426	231.266	0.041	4.523	318.467	0.161
1618993069.77162	231.049	0.040	4.411	318.387	0.158
1618993069.78539	230.999	0.041	4.450	318.226	0.164
1618993069.79463	230.993	0.041	4.474	318.145	0.166
1618993069.83164	230.900	0.041	4.488	318.145	0.166
1618993069.84363	230.967	0.041	4.521	317.985	0.162
1618993069.85431	231.078	0.041	4.517	318.306	0.161
1618993069.89760	231.025	0.041	4.517	318.306	0.164
1618993069.90059	231.075	0.041	4.502	318.145	0.164
1618993069.93744	231.078	0.042	4.575	318.226	0.166
1618993069.94524	231.149	0.041	4.521	318.387	0.164
1618993069.98266	231.101	0.041	4.505	318.387	0.162
1618993069.98426	231.165	0.041	4.556	318.387	0.162
1618993070.02163	231.165	0.041	4.573	318.548	0.161
1618993070.02228	231.157	0.041	4.475	318.306	0.165
1618993070.04463	231.207	0.041	4.534	318.467	0.164
1618993070.05461	231.153	0.041	4.526	318.387	0.162
1618993070.09158	231.236	0.041	4.564	318.467	0.166
1618993070.10240	231.192	0.041	4.482	318.306	0.161
1618993070.11129	231.168	0.041	4.536	318.467	0.161
1618993070.14964	231.210	0.041	4.514	318.628	0.164
1618993070.16264	231.204	0.041	4.510	318.387	0.167
1618993070.17228	231.146	0.041	4.496	318.387	0.165
1618993070.22064	231.104	0.041	4.491	318.387	0.164
1618993070.25967	231.168	0.041	4.480	318.467	0.161
1618993070.28431	231.206	0.041	4.552	318.467	0.163
1618993070.29464	231.161	0.041	4.497	318.548	0.162
1618993070.33666	231.162	0.041	4.529	318.467	0.163
1618993070.33729	231.187	0.041	4.502	318.467	0.166
1618993070.37662	231.115	0.041	4.464	318.306	0.161
1618993070.38963	231.137	0.041	4.539	318.306	0.170
1618993070.42669	231.128	0.041	4.501	318.306	0.163
1618993070.43028	231.148	0.041	4.511	318.467	0.163
1618993070.44027	231.248	0.041	4.560	318.387	0.163
1618993070.47741	231.260	0.041	4.555	318.467	0.164
1618993070.48464	231.108	0.040	4.401	318.226	0.161
1618993070.52164	231.048	0.041	4.441	318.145	0.157
1618993070.52428	231.019	0.041	4.487	317.985	0.159
1618993070.53464	230.997	0.041	4.531	318.065	0.165
1618993070.57164	231.007	0.041	4.523	317.985	0.165
1618993070.61567	231.008	0.041	4.564	318.145	0.163
1618993070.61628	231.012	0.041	4.505	318.145	0.162
1618993070.61723	231.003	0.041	4.471	318.145	0.163
1618993070.65540	230.962	0.041	4.525	318.065	0.163
1618993070.65621	231.016	0.041	4.578	318.145	0.159
1618993070.69562	231.054	0.041	4.514	318.226	0.165
1618993070.70542	231.057	0.041	4.525	318.226	0.163
1618993070.71526	230.972	0.041	4.459	318.065	0.158
1618993070.75468	230.994	0.041	4.555	318.065	0.165
1618993070.75530	231.037	0.041	4.427	318.065	0.168
1618993070.79742	231.008	0.041	4.514	317.985	0.163
1618993070.80865	231.034	0.041	4.498	318.306	0.163
1618993070.84670	231.055	0.041	4.448	318.226	0.163
1618993070.84928	231.035	0.041	4.534	318.145	0.165
1618993070.89167	231.089	0.041	4.471	318.226	0.164
1618993070.89229	231.040	0.041	4.555	318.065	0.165
1618993070.90443	231.045	0.041	4.479	317.985	0.159
1618993070.91467	230.971	0.041	4.493	318.065	0.164
1618993070.95168	231.050	0.041	4.557	318.306	0.167
1618993070.98943	231.062	0.041	4.511	318.145	0.157
1618993070.99022	231.071	0.042	4.595	318.306	0.166
1618993071.00234	231.071	0.041	4.503	318.226	0.158
1618993071.04158	231.085	0.041	4.518	318.226	0.162
1618993071.04234	231.024	0.040	4.255	318.145	0.163
1618993071.06266	231.058	0.037	3.827	318.145	0.152
1618993071.07230	231.083	0.033	3.380	318.226	0.135
1618993071.11039	231.106	0.030	3.128	318.387	0.132
1618993071.11118	231.151	0.030	2.991	318.226	0.126
1618993071.13431	231.123	0.028	2.874	317.904	0.120
1618993071.17272	231.134	0.025	2.479	318.145	0.107
1618993071.17432	231.176	0.025	2.497	318.226	0.110
1618993071.21168	231.194	0.025	2.428	318.306	0.107
1618993071.23070	231.133	0.025	2.482	318.306	0.111
1618993071.23231	231.182	0.025	2.434	318.306	0.108
1618993071.27069	231.158	0.025	2.449	318.387	0.111
1618993071.27131	231.276	0.025	2.512	318.387	0.111
1618993071.30945	231.112	0.025	2.414	318.306	0.110
1618993071.34770	231.132	0.024	2.406	318.226	0.109
1618993071.34932	231.071	0.025	2.433	318.306	0.110
1618993071.35024	231.110	0.025	2.466	318.226	0.106
1618993071.38769	231.075	0.025	2.431	318.145	0.107
1618993071.40067	231.134	0.025	2.467	318.145	0.110
1618993071.43768	231.101	0.025	2.518	318.226	0.108
1618993071.44167	231.164	0.025	2.412	318.306	0.109
1618993071.47772	231.059	0.025	2.457	318.226	0.110
1618993071.48029	231.047	0.025	2.418	318.145	0.108
1618993071.50250	231.072	0.025	2.455	318.226	0.108
1618993071.51436	231.094	0.025	2.468	318.145	0.108
1618993071.55267	231.101	0.025	2.451	318.145	0.111
1618993071.55425	231.126	0.025	2.439	318.145	0.107
1618993071.59169	231.097	0.025	2.497	318.387	0.111
1618993071.60267	231.029	0.024	2.369	318.145	0.104
1618993071.61438	230.995	0.025	2.429	318.145	0.106
1618993071.65638	231.041	0.025	2.486	318.145	0.108
1618993071.66422	231.100	0.025	2.496	318.226	0.110
1618993071.67426	231.118	0.025	2.531	318.306	0.108
1618993071.71267	231.129	0.025	2.442	318.467	0.107
1618993071.71431	231.116	0.025	2.468	318.387	0.107
1618993071.75170	231.119	0.025	2.438	318.226	0.106
1618993071.75233	231.142	0.025	2.454	318.226	0.107
1618993071.79137	231.119	0.025	2.502	318.306	0.110
1618993071.79226	231.127	0.025	2.408	318.306	0.106
1618993071.84670	231.099	0.026	2.634	318.226	0.116
1618993071.89670	231.114	0.025	2.471	318.065	0.109
1618993071.89774	231.085	0.025	2.450	318.145	0.107
1618993071.89919	231.082	0.025	2.495	318.226	0.109
1618993071.93944	231.110	0.025	2.463	318.306	0.109
1618993071.94026	231.107	0.025	2.466	318.145	0.112
1618993071.97826	231.104	0.024	2.413	318.226	0.107
1618993071.98033	231.045	0.025	2.456	318.145	0.110
1618993071.99270	231.017	0.025	2.414	317.985	0.107
1618993072.03168	231.059	0.025	2.471	318.145	0.109
1618993072.03236	231.104	0.025	2.482	318.145	0.109
1618993072.07469	231.142	0.025	2.459	318.065	0.108
1618993072.07534	231.148	0.025	2.474	318.226	0.107
1618993072.11473	231.104	0.025	2.433	318.065	0.104
1618993072.12431	231.056	0.025	2.476	318.226	0.110
1618993072.16148	231.106	0.025	2.449	318.065	0.109
1618993072.16237	231.116	0.025	2.446	318.226	0.108
1618993072.17227	231.206	0.025	2.487	318.467	0.108
1618993072.21074	231.527	0.026	2.652	318.870	0.116
1618993072.21135	231.591	0.025	2.486	318.870	0.108
1618993072.24974	231.534	0.025	2.433	318.789	0.109
1618993072.26469	231.577	0.025	2.452	318.870	0.110
1618993072.30245	231.505	0.025	2.432	318.870	0.109
1618993072.30427	231.515	0.025	2.452	318.709	0.110
1618993072.31473	231.454	0.024	2.374	318.709	0.105
1618993072.35244	231.508	0.025	2.499	318.709	0.110
1618993072.35433	231.546	0.025	2.464	318.709	0.106
1618993072.39172	231.536	0.024	2.405	318.709	0.105
1618993072.39435	231.501	0.025	2.454	318.709	0.107
1618993072.43171	231.502	0.025	2.443	318.789	0.109
1618993072.47074	231.496	0.025	2.443	318.709	0.108
1618993072.47135	231.482	0.024	2.402	318.628	0.105
1618993072.47230	231.462	0.025	2.473	318.709	0.108
1618993072.51149	231.470	0.025	2.440	318.628	0.107
1618993072.55076	231.446	0.024	2.431	318.548	0.105
1618993072.55371	231.412	0.025	2.498	318.548	0.110
1618993072.55536	231.432	0.025	2.440	318.709	0.108
1618993072.59472	231.469	0.025	2.449	318.709	0.109
1618993072.60229	231.383	0.025	2.438	318.628	0.111
1618993072.61272	231.241	0.024	2.335	318.306	0.105
1618993072.65073	231.263	0.024	2.428	318.387	0.106
1618993072.67271	231.198	0.025	2.425	318.306	0.109
1618993072.71076	231.231	0.025	2.380	318.387	0.107
1618993072.72174	231.228	0.025	2.423	318.387	0.106
1618993072.73240	231.229	0.025	2.482	318.306	0.107
1618993072.77136	231.188	0.025	2.420	318.387	0.107
1618993072.78139	231.230	0.025	2.498	318.306	0.112
1618993072.79229	231.222	0.025	2.429	318.387	0.107
1618993072.83046	231.170	0.024	2.405	318.387	0.107
1618993072.83131	231.238	0.028	2.790	318.467	0.121
1618993072.86974	231.254	0.026	2.566	318.467	0.114
1618993072.88673	231.277	0.024	2.422	318.467	0.105
1618993072.89237	231.312	0.025	2.488	318.548	0.110
1618993072.93150	231.515	0.025	2.559	318.628	0.110
1618993072.94228	231.459	0.025	2.439	318.548	0.109
1618993072.95279	231.437	0.025	2.473	318.548	0.106
1618993072.99468	231.484	0.025	2.463	318.709	0.110
1618993073.00038	231.516	0.025	2.451	318.870	0.108
1618993073.03773	231.560	0.025	2.493	318.870	0.107
1618993073.04071	231.555	0.025	2.432	318.870	0.106
1618993073.05173	231.543	0.025	2.442	318.789	0.106
1618993073.09075	231.591	0.025	2.479	318.870	0.107
1618993073.10138	231.513	0.025	2.419	318.789	0.106
1618993073.12074	231.535	0.025	2.421	318.870	0.106
1618993073.15776	231.638	0.025	2.512	319.031	0.110
1618993073.15940	231.617	0.025	2.505	319.031	0.109
1618993073.19677	231.599	0.025	2.440	318.789	0.107
1618993073.19840	231.665	0.025	2.481	319.031	0.107
1618993073.21140	231.641	0.025	2.447	318.789	0.109
1618993073.25045	231.635	0.025	2.430	318.950	0.108
1618993073.26178	231.606	0.025	2.435	318.709	0.112
1618993073.27175	231.559	0.025	2.438	318.950	0.109
1618993073.31174	231.610	0.025	2.442	318.870	0.107
1618993073.31236	231.649	0.025	2.475	318.950	0.108
1618993073.35176	231.661	0.025	2.462	319.031	0.108
1618993073.39176	231.636	0.025	2.433	319.031	0.110
1618993073.39238	231.568	0.024	2.425	319.031	0.106
1618993073.40477	231.577	0.024	2.400	318.870	0.105
1618993073.44151	231.579	0.025	2.438	318.789	0.108
1618993073.44231	231.660	0.025	2.470	319.031	0.109
1618993073.46277	231.662	0.025	2.454	318.950	0.110
1618993073.47275	231.657	0.025	2.466	319.031	0.109
1618993073.51077	231.650	0.025	2.439	318.950	0.110
1618993073.54956	231.566	0.025	2.448	318.789	0.109
1618993073.55059	231.572	0.024	2.425	318.870	0.105
1618993073.59076	231.561	0.025	2.435	318.950	0.106
1618993073.59141	231.601	0.025	2.470	319.031	0.110
1618993073.62976	231.618	0.025	2.487	318.950	0.109
1618993073.63040	231.628	0.025	2.472	318.950	0.110
1618993073.66777	231.567	0.024	2.406	318.870	0.108
1618993073.68170	231.532	0.025	2.434	318.789	0.107
1618993073.69243	231.551	0.024	2.440	318.789	0.105
1618993073.73275	231.527	0.025	2.425	318.709	0.108
1618993073.74229	231.557	0.025	2.442	318.870	0.108
1618993073.75241	231.552	0.025	2.453	318.789	0.106
1618993073.79176	231.648	0.025	2.475	318.950	0.110
1618993073.79241	231.630	0.025	2.450	318.789	0.108
1618993073.83054	231.607	0.025	2.429	318.789	0.106
1618993073.84080	231.541	0.025	2.418	318.789	0.107
1618993073.88277	231.596	0.028	2.907	318.870	0.120
1618993073.89068	231.637	0.025	2.489	318.870	0.107
1618993073.92778	231.543	0.025	2.424	318.789	0.105
1618993073.92942	231.560	0.025	2.424	318.870	0.106
1618993073.94135	231.595	0.025	2.438	318.950	0.107
1618993073.95176	231.604	0.025	2.462	318.870	0.107
1618993073.98979	231.545	0.025	2.420	318.950	0.108
1618993074.01278	231.576	0.025	2.460	318.950	0.107
1618993074.05181	231.591	0.025	2.452	318.950	0.109
1618993074.06229	231.600	0.025	2.452	319.031	0.108
1618993074.07279	231.596	0.025	2.474	318.950	0.108
1618993074.11177	231.542	0.025	2.452	318.789	0.108
1618993074.11242	231.498	0.025	2.410	318.709	0.110
1618993074.15080	231.502	0.025	2.445	318.870	0.109
1618993074.16379	231.505	0.025	2.446	318.950	0.108
1618993074.17243	231.442	0.025	2.430	318.709	0.108
1618993074.21147	231.409	0.025	2.435	318.709	0.109
1618993074.22241	231.408	0.025	2.424	318.628	0.108
1618993074.23233	231.313	0.024	2.414	318.467	0.105
1618993074.27151	231.292	0.025	2.421	318.548	0.108
1618993074.27235	231.251	0.025	2.443	318.467	0.109
1618993074.31181	231.266	0.025	2.441	318.387	0.106
1618993074.35076	231.294	0.025	2.481	318.467	0.108
1618993074.35143	231.256	0.024	2.407	318.548	0.107
1618993074.36441	231.288	0.025	2.461	318.628	0.109
1618993074.40178	231.364	0.025	2.448	318.628	0.108
1618993074.40245	231.346	0.025	2.419	318.628	0.105
1618993074.42178	231.353	0.025	2.470	318.789	0.107
1618993074.43242	231.307	0.025	2.484	318.628	0.108
1618993074.47083	231.346	0.025	2.445	318.709	0.107
1618993074.47144	231.347	0.025	2.456	318.870	0.108
1618993074.50959	231.377	0.025	2.450	318.709	0.111
1618993074.55457	231.359	0.025	2.482	318.789	0.107
1618993074.55779	231.334	0.025	2.431	318.789	0.110
1618993074.59679	231.387	0.025	2.502	318.950	0.109
1618993074.59743	231.340	0.025	2.437	318.789	0.111
1618993074.63581	231.353	0.025	2.480	318.628	0.111
1618993074.63643	231.307	0.025	2.403	318.709	0.108
1618993074.67583	231.320	0.025	2.470	318.789	0.108
1618993074.71458	231.343	0.025	2.464	318.709	0.107
1618993074.71737	231.388	0.025	2.455	318.709	0.108
1618993074.72684	231.391	0.025	2.435	318.870	0.106
1618993074.76491	231.308	0.024	2.417	318.709	0.106
1618993074.76644	231.308	0.025	2.434	318.628	0.109
1618993074.78082	231.307	0.025	2.476	318.709	0.110
1618993074.79056	231.219	0.025	2.407	318.467	0.107
1618993074.82759	231.285	0.025	2.433	318.467	0.106
1618993074.84083	231.300	0.025	2.402	318.628	0.107
1618993074.85046	231.267	0.024	2.431	318.387	0.106
1618993074.88782	231.314	0.029	2.896	318.709	0.126
1618993074.90060	231.345	0.025	2.451	318.709	0.108
1618993074.91086	231.357	0.025	2.468	318.628	0.107
1618993074.94784	231.289	0.024	2.370	318.628	0.106
1618993074.94946	231.307	0.025	2.450	318.548	0.108
1618993074.98683	231.270	0.025	2.462	318.548	0.109
1618993075.02682	231.314	0.026	2.597	318.789	0.116
1618993075.02946	231.300	0.025	2.495	318.709	0.109
1618993075.06681	231.231	0.025	2.445	318.789	0.108
1618993075.06745	231.313	0.025	2.431	318.628	0.109
1618993075.10558	231.244	0.025	2.450	318.628	0.108
1618993075.11748	231.276	0.025	2.457	318.709	0.108
1618993075.15583	232.347	0.032	3.292	320.801	0.147
1618993075.15741	232.717	0.026	2.595	320.640	0.114
1618993075.19537	232.714	0.025	2.469	320.560	0.112
1618993075.19634	232.668	0.025	2.431	320.479	0.107
1618993075.23486	232.693	0.025	2.494	320.721	0.110
1618993075.23646	232.682	0.025	2.422	320.882	0.110
1618993075.27487	232.649	0.025	2.434	320.882	0.108
1618993075.31685	232.660	0.025	2.426	320.801	0.106
1618993075.31943	232.701	0.025	2.479	320.560	0.107
1618993075.33137	232.615	0.025	2.431	320.640	0.109
1618993075.36984	232.604	0.025	2.440	320.640	0.106
1618993075.39084	232.594	0.025	2.487	320.560	0.111
1618993075.42784	232.634	0.025	2.479	320.560	0.109
1618993075.42947	232.620	0.024	2.393	320.399	0.111
1618993075.46787	232.549	0.025	2.427	320.479	0.107
1618993075.51185	232.534	0.024	2.418	320.399	0.108
1618993075.51247	232.537	0.025	2.452	320.479	0.106
1618993075.51431	232.536	0.025	2.462	320.560	0.108
1618993075.55186	232.605	0.025	2.455	320.560	0.109
1618993075.55247	232.583	0.024	2.413	320.479	0.106
1618993075.59085	232.605	0.025	2.441	320.479	0.109
1618993075.63471	232.659	0.025	2.485	320.560	0.108
1618993075.64048	232.559	0.024	2.407	320.479	0.106
1618993075.64247	232.602	0.025	2.454	320.399	0.108
1618993075.68087	232.617	0.025	2.452	320.560	0.105
1618993075.68150	232.607	0.025	2.442	320.479	0.106
1618993075.71958	232.558	0.025	2.437	320.560	0.108
1618993075.72039	232.599	0.025	2.440	320.560	0.108
1618993075.73184	232.590	0.025	2.423	320.721	0.108
1618993075.76984	232.574	0.025	2.441	320.479	0.107
1618993075.77553	232.591	0.025	2.435	320.399	0.109
1618993075.81686	232.634	0.025	2.441	320.479	0.111
1618993075.81950	232.597	0.025	2.437	320.560	0.109
1618993075.85690	232.601	0.025	2.442	320.399	0.110
1618993075.85847	232.572	0.025	2.454	320.399	0.107
1618993075.87051	232.620	0.026	2.564	320.399	0.115
1618993075.90989	232.565	0.027	2.727	320.319	0.124
1618993075.93185	232.589	0.025	2.486	320.399	0.108
1618993075.96958	232.669	0.025	2.491	320.319	0.109
1618993075.98049	232.717	0.025	2.498	320.479	0.108
1618993075.99086	232.664	0.025	2.410	320.399	0.112
1618993076.02786	232.597	0.025	2.446	320.560	0.108
1618993076.02950	232.625	0.024	2.399	320.560	0.108
1618993076.06686	232.626	0.025	2.490	320.560	0.109
1618993076.11488	232.612	0.025	2.417	320.560	0.108
1618993076.11650	232.695	0.025	2.436	320.560	0.108
1618993076.12644	232.712	0.025	2.453	320.560	0.108
1618993076.16488	232.704	0.025	2.485	320.801	0.111
1618993076.20387	232.706	0.025	2.450	320.721	0.110
1618993076.20550	232.697	0.025	2.427	320.560	0.108
1618993076.21786	232.724	0.025	2.456	320.640	0.107
1618993076.25584	232.684	0.025	2.410	320.640	0.110
1618993076.25651	232.721	0.025	2.468	320.721	0.111
1618993076.29564	232.747	0.025	2.465	320.721	0.109
1618993076.29743	232.709	0.025	2.444	320.801	0.110
1618993076.33588	232.712	0.025	2.457	320.640	0.112
1618993076.33789	232.694	0.024	2.416	320.560	0.105
1618993076.35048	232.617	0.025	2.451	320.479	0.109
1618993076.38990	232.766	0.025	2.534	320.721	0.108
1618993076.41189	232.646	0.025	2.423	320.319	0.106
1618993076.45488	232.598	0.025	2.417	320.399	0.110
1618993076.46251	232.614	0.025	2.414	320.560	0.107
1618993076.47490	232.666	0.025	2.457	320.640	0.111
1618993076.51789	232.712	0.025	2.465	320.560	0.109
1618993076.55590	232.767	0.025	2.455	320.640	0.110
1618993076.55748	232.732	0.024	2.403	320.721	0.108
1618993076.59589	232.745	0.025	2.433	320.721	0.105
1618993076.60049	232.733	0.025	2.405	320.721	0.106
1618993076.61070	232.712	0.025	2.460	320.640	0.107
1618993076.64789	232.747	0.025	2.486	320.721	0.107
1618993076.66066	232.727	0.025	2.460	320.560	0.112
1618993076.67043	232.781	0.025	2.445	320.801	0.109
1618993076.70790	232.734	0.025	2.475	320.721	0.108
1618993076.72389	232.706	0.024	2.394	320.801	0.107
1618993076.73452	232.715	0.025	2.443	320.640	0.109
1618993076.77288	232.684	0.025	2.420	320.640	0.106
1618993076.78249	232.683	0.025	2.461	320.721	0.107
1618993076.79154	232.670	0.025	2.455	320.560	0.109
1618993076.83053	232.748	0.026	2.540	320.640	0.112
1618993076.83145	232.660	0.024	2.429	320.560	0.107
1618993076.86989	232.698	0.026	2.585	320.721	0.114
1618993076.91690	232.696	0.025	2.483	320.560	0.106
1618993076.91753	232.640	0.026	2.638	320.560	0.118
1618993076.95592	232.623	0.025	2.453	320.640	0.107
1618993076.95654	232.650	0.025	2.456	320.479	0.108
1618993077.00685	232.701	0.025	2.463	320.640	0.110
1618993077.00753	232.697	0.025	2.446	320.479	0.108
1618993077.00950	232.691	0.025	2.453	320.479	0.109
1618993077.04888	232.695	0.025	2.420	320.479	0.107
1618993077.05054	232.701	0.025	2.464	320.479	0.109
1618993077.08887	232.696	0.025	2.485	320.560	0.110
1618993077.12790	232.745	0.025	2.461	320.640	0.110
1618993077.12954	232.714	0.025	2.413	320.801	0.107
1618993077.13950	232.671	0.024	2.426	320.479	0.105
1618993077.15189	232.650	0.025	2.422	320.399	0.107
1618993077.18991	232.640	0.025	2.447	320.560	0.109
1618993077.21057	232.716	0.025	2.446	320.721	0.108
1618993077.24972	232.674	0.025	2.481	320.640	0.108
1618993077.26191	232.680	0.024	2.407	320.560	0.107
1618993077.27191	232.617	0.025	2.449	320.560	0.109
1618993077.30989	232.608	0.025	2.415	320.399	0.114
1618993077.31151	232.635	0.025	2.456	320.640	0.109
1618993077.34993	232.627	0.025	2.426	320.560	0.108
1618993077.36668	232.637	0.025	2.450	320.560	0.105
1618993077.37657	232.657	0.025	2.450	320.640	0.111
1618993077.42791	232.623	0.025	2.427	320.479	0.108
1618993077.42855	232.637	0.024	2.402	320.479	0.105
1618993077.46693	232.549	0.024	2.385	320.399	0.106
1618993077.46756	232.646	0.025	2.480	320.399	0.112
1618993077.46842	232.585	0.025	2.458	320.479	0.109
1618993077.50693	232.627	0.024	2.421	320.399	0.107
1618993077.50756	232.572	0.025	2.445	320.319	0.106
1618993077.53191	232.629	0.025	2.439	320.399	0.106
1618993077.56957	232.596	0.025	2.480	320.319	0.112
1618993077.57149	232.642	0.025	2.454	320.399	0.110
1618993077.59291	232.654	0.025	2.426	320.399	0.108
1618993077.63072	232.687	0.025	2.461	320.479	0.108
1618993077.63254	232.725	0.025	2.473	320.721	0.114
1618993077.67093	232.715	0.025	2.448	320.640	0.109
1618993077.67156	232.690	0.025	2.431	320.560	0.109
1618993077.70865	232.639	0.025	2.442	320.479	0.108
1618993077.74749	232.662	0.025	2.414	320.479	0.109
1618993077.75037	232.679	0.025	2.455	320.560	0.110
1618993077.75132	232.688	0.025	2.445	320.560	0.109
1618993077.79062	232.702	0.025	2.466	320.479	0.107
1618993077.79751	232.731	0.025	2.467	320.560	0.107
1618993077.83573	232.733	0.024	2.390	320.560	0.105
1618993077.83647	232.707	0.025	2.423	320.560	0.108
1618993077.87394	232.705	0.025	2.453	320.560	0.111
1618993077.87653	232.733	0.025	2.445	320.640	0.112
1618993077.91591	232.730	0.025	2.468	320.640	0.109
1618993077.91656	232.734	0.027	2.747	320.640	0.119
1618993077.95592	232.711	0.026	2.566	320.560	0.117
1618993077.95656	232.727	0.025	2.448	320.640	0.110
1618993077.99393	232.683	0.025	2.454	320.560	0.106
1618993077.99553	232.692	0.025	2.437	320.721	0.108
1618993078.03401	232.650	0.025	2.440	320.560	0.107
1618993078.04795	232.722	0.025	2.479	320.560	0.109
1618993078.08660	232.692	0.025	2.445	320.479	0.107
1618993078.08750	232.674	0.025	2.462	320.560	0.109
1618993078.13400	232.688	0.025	2.421	320.640	0.107
1618993078.13554	232.596	0.025	2.446	320.560	0.106
1618993078.17293	232.620	0.025	2.408	320.560	0.107
1618993078.17358	232.702	0.025	2.502	320.640	0.108
1618993078.21899	232.681	0.025	2.440	320.560	0.109
1618993078.22058	232.735	0.025	2.470	320.640	0.110
1618993078.23296	232.703	0.025	2.406	320.640	0.108
1618993078.27083	232.689	0.025	2.407	320.560	0.107
1618993078.27812	232.718	0.025	2.411	320.560	0.107
1618993078.31598	232.708	0.025	2.468	320.560	0.109
1618993078.31755	232.752	0.025	2.431	320.721	0.109
1618993078.35596	232.699	0.025	2.451	320.479	0.108
1618993078.35755	232.681	0.025	2.441	320.640	0.110
1618993078.36865	232.688	0.025	2.447	320.560	0.110
1618993078.40699	232.665	0.025	2.432	320.560	0.109
1618993078.42896	232.624	0.025	2.416	320.560	0.114
1618993078.46696	232.673	0.025	2.482	320.560	0.109
1618993078.47955	232.706	0.025	2.459	320.721	0.108
1618993078.49079	232.655	0.025	2.434	320.640	0.107
1618993078.53895	232.692	0.024	2.396	320.479	0.109
1618993078.57897	232.674	0.024	2.409	320.560	0.107
1618993078.58059	232.676	0.024	2.405	320.560	0.108
1618993078.61896	232.717	0.025	2.421	320.479	0.107
1618993078.62059	232.743	0.025	2.473	320.560	0.107
1618993078.63045	232.701	0.025	2.455	320.399	0.110
1618993078.66773	232.698	0.024	2.423	320.238	0.107
1618993078.67897	232.694	0.025	2.431	320.399	0.109
1618993078.68976	232.749	0.024	2.427	320.399	0.106
1618993078.72701	232.665	0.024	2.409	320.319	0.107
1618993078.75072	232.739	0.025	2.474	320.479	0.108
1618993078.78793	232.672	0.024	2.397	320.399	0.106
1618993078.79895	232.705	0.025	2.453	320.399	0.109
1618993078.81062	232.631	0.025	2.445	320.399	0.107
1618993078.84798	232.671	0.025	2.411	320.479	0.106
1618993078.88602	232.698	0.025	2.509	320.399	0.111
1618993078.88656	232.648	0.025	2.446	320.399	0.112
1618993078.92612	232.680	0.025	2.452	320.479	0.107
1618993078.92656	232.716	0.024	2.417	320.399	0.104
1618993078.92752	232.630	0.028	2.833	320.319	0.116
1618993078.96603	232.624	0.024	2.432	320.319	0.107
1618993078.96656	232.682	0.025	2.469	320.479	0.111
1618993079.00495	232.707	0.026	2.611	320.399	0.114
1618993079.00695	232.769	0.025	2.528	320.640	0.110
1618993079.04604	232.791	0.025	2.496	320.560	0.107
1618993079.08608	232.637	0.024	2.358	320.319	0.108
1618993079.09259	232.664	0.025	2.478	320.319	0.109
1618993079.13100	232.587	0.025	2.435	320.319	0.107
1618993079.13262	232.614	0.025	2.411	320.238	0.105
1618993079.18208	232.638	0.025	2.468	320.238	0.107
1618993079.19099	232.693	0.025	2.443	320.479	0.106
1618993079.22900	232.638	0.025	2.443	320.238	0.108
1618993079.23063	232.664	0.025	2.434	320.319	0.107
1618993079.26799	232.687	0.025	2.410	320.399	0.108
1618993079.27997	232.687	0.025	2.447	320.319	0.107
1618993079.29064	232.614	0.025	2.436	320.319	0.108
1618993079.32895	232.717	0.025	2.426	320.560	0.108
1618993079.34098	232.666	0.025	2.470	320.399	0.109
1618993079.35099	232.644	0.025	2.437	320.319	0.108
1618993079.38898	232.648	0.024	2.408	320.399	0.107
1618993079.39062	232.644	0.025	2.453	320.399	0.109
1618993079.42800	232.701	0.025	2.469	320.560	0.108
1618993079.46698	232.727	0.025	2.447	320.721	0.108
1618993079.46762	232.651	0.025	2.458	320.479	0.106
1618993079.47957	232.673	0.025	2.447	320.560	0.107
1618993079.49404	232.650	0.024	2.409	320.479	0.105
1618993079.53201	232.722	0.025	2.478	320.560	0.109
1618993079.57700	232.719	0.025	2.473	320.640	0.108
1618993079.57764	232.710	0.025	2.470	320.640	0.109
1618993079.58899	232.757	0.024	2.427	320.640	0.106
1618993079.65291	232.707	0.025	2.444	320.640	0.108
1618993079.66049	232.693	0.025	2.466	320.479	0.109
1618993079.67156	232.678	0.024	2.410	320.399	0.104
1618993079.71080	232.688	0.025	2.506	320.158	0.105
1618993079.71176	232.742	0.024	2.442	320.479	0.105
1618993079.74860	232.734	0.025	2.473	320.640	0.106
1618993079.78755	232.668	0.025	2.421	320.399	0.110
1618993079.78844	232.634	0.024	2.383	320.238	0.106
1618993079.79946	232.604	0.024	2.404	320.399	0.112
1618993079.83810	232.636	0.025	2.493	320.238	0.112
1618993079.83859	232.612	0.025	2.440	320.238	0.108
1618993079.85902	232.695	0.025	2.445	320.479	0.108
1618993079.86899	232.705	0.025	2.453	320.640	0.108
1618993079.90704	232.639	0.024	2.429	320.479	0.106
1618993079.91882	232.666	0.024	2.402	320.399	0.106
1618993079.93200	232.629	0.025	2.433	320.479	0.109
1618993079.97302	232.628	0.028	2.877	320.399	0.127
1618993079.98099	232.723	0.025	2.456	320.560	0.106
1618993079.99180	232.655	0.024	2.434	320.560	0.108
1618993080.03083	232.671	0.025	2.433	320.479	0.112
1618993080.03266	232.632	0.025	2.415	320.319	0.108
1618993080.07103	232.691	0.025	2.437	320.640	0.112
1618993080.07807	232.691	0.025	2.444	320.479	0.105
1618993080.11579	232.685	0.024	2.444	320.560	0.106
1618993080.11659	232.734	0.025	2.503	320.560	0.109
1618993080.16702	232.727	0.025	2.436	320.560	0.108
1618993080.16766	232.719	0.024	2.374	320.560	0.107
1618993080.16859	232.668	0.025	2.435	320.479	0.109
1618993080.20681	232.706	0.025	2.426	320.399	0.110
1618993080.21701	232.700	0.025	2.463	320.560	0.108
1618993080.23880	232.665	0.025	2.437	320.479	0.109
1618993080.28681	232.698	0.025	2.468	320.560	0.112
1618993080.28899	232.703	0.025	2.535	320.560	0.112
1618993080.29061	232.711	0.028	2.882	320.560	0.120
1618993080.32782	232.704	0.026	2.626	320.560	0.120
1618993080.33785	232.611	0.024	2.403	320.319	0.108
1618993080.37560	232.635	0.025	2.437	320.399	0.110
1618993080.37647	232.608	0.025	2.431	320.319	0.108
1618993080.39248	232.669	0.025	2.484	320.560	0.105
1618993080.43083	232.658	0.025	2.464	320.479	0.110
1618993080.43779	232.706	0.025	2.430	320.479	0.109
1618993080.45904	232.621	0.024	2.407	320.479	0.108
1618993080.49701	232.611	0.025	2.437	320.560	0.107
1618993080.49868	232.654	0.025	2.468	320.560	0.109
1618993080.51102	232.637	0.025	2.422	320.479	0.109
1618993080.54760	232.594	0.025	2.441	320.399	0.110
1618993080.55857	232.617	0.024	2.404	320.479	0.109
1618993080.57107	232.642	0.025	2.442	320.479	0.108
1618993080.60901	232.608	0.025	2.491	320.399	0.111
1618993080.61065	232.643	0.025	2.435	320.479	0.109
1618993080.62878	232.651	0.025	2.442	320.399	0.109
1618993080.66704	232.667	0.025	2.453	320.479	0.110
1618993080.66868	232.639	0.025	2.437	320.479	0.110
1618993080.70705	232.647	0.025	2.429	320.399	0.109
1618993080.71317	232.672	0.025	2.422	320.479	0.107
1618993080.75206	232.622	0.024	2.369	320.399	0.108
1618993080.77206	232.603	0.025	2.491	320.399	0.110
1618993080.77268	232.697	0.025	2.450	320.399	0.107
1618993080.81108	232.651	0.024	2.420	320.479	0.104
1618993080.81169	232.688	0.025	2.481	320.479	0.109
1618993080.85307	232.671	0.025	2.434	320.560	0.109
1618993080.85364	232.699	0.024	2.427	320.560	0.105
1618993080.89302	232.660	0.024	2.411	320.560	0.107
1618993080.89367	232.567	0.024	2.403	320.399	0.106
1618993080.93293	232.560	0.024	2.414	320.238	0.108
1618993080.93368	232.550	0.025	2.445	320.399	0.109
1618993080.97205	232.547	0.026	2.557	320.319	0.110
1618993080.97269	232.548	0.027	2.734	320.479	0.124
1618993081.01082	232.622	0.025	2.459	320.399	0.107
1618993081.01160	232.613	0.024	2.420	320.640	0.106
1618993081.05104	232.632	0.025	2.441	320.560	0.110
1618993081.05169	232.621	0.025	2.428	320.560	0.108
1618993081.09304	232.459	0.024	2.388	320.238	0.108
1618993081.09369	232.545	0.025	2.481	320.238	0.107
1618993081.13307	232.547	0.025	2.444	320.319	0.107
1618993081.15304	232.581	0.024	2.449	320.399	0.107
1618993081.19107	232.630	0.025	2.465	320.319	0.108
1618993081.19169	232.645	0.025	2.448	320.319	0.111
1618993081.22906	232.605	0.024	2.428	320.560	0.107
1618993081.23905	232.649	0.025	2.485	320.479	0.108
1618993081.24870	232.679	0.025	2.473	320.399	0.108
1618993081.28807	232.639	0.025	2.435	320.560	0.106
1618993081.30084	232.658	0.025	2.413	320.399	0.106
1618993081.31074	232.684	0.025	2.447	320.560	0.105
1618993081.34830	232.621	0.024	2.417	320.560	0.106
1618993081.34861	232.674	0.025	2.442	320.560	0.108
1618993081.38660	232.662	0.025	2.471	320.560	0.109
1618993081.40658	232.603	0.024	2.446	319.997	0.107
1618993081.41561	232.585	0.024	2.435	319.916	0.103
1618993081.45262	232.525	0.024	2.419	319.836	0.103
1618993081.45551	232.546	0.024	2.445	320.399	0.107
1618993081.46803	232.617	0.025	2.494	320.399	0.112
1618993081.50613	232.703	0.025	2.498	320.640	0.109
1618993081.50672	232.706	0.024	2.421	320.640	0.106
1618993081.54407	232.645	0.025	2.446	320.640	0.106
1618993081.58307	232.702	0.025	2.453	320.560	0.108
1618993081.58371	232.628	0.024	2.392	320.560	0.105
1618993081.58568	232.670	0.025	2.433	320.479	0.107
1618993081.62906	232.659	0.025	2.447	320.721	0.107
1618993081.64212	232.668	0.025	2.453	320.560	0.105
1618993081.67884	232.699	0.025	2.465	320.560	0.107
1618993081.69415	232.718	0.025	2.445	320.640	0.107
1618993081.73209	232.639	0.024	2.404	320.399	0.105
1618993081.74405	232.591	0.025	2.461	320.721	0.108
1618993081.78220	232.660	0.025	2.465	320.399	0.107
1618993081.78506	232.640	0.025	2.445	320.560	0.106
1618993081.82308	232.646	0.025	2.457	320.721	0.105
1618993081.86086	232.658	0.024	2.419	320.640	0.106
1618993081.86265	232.618	0.024	2.431	320.560	0.105
1618993081.88575	232.640	0.024	2.417	320.479	0.106
1618993081.89307	232.643	0.025	2.524	320.640	0.112
1618993081.93110	232.645	0.024	2.434	320.640	0.105
1618993081.97611	232.609	0.024	2.414	320.640	0.107
1618993081.97774	232.661	0.027	2.675	320.640	0.115
