# timestamp	V	A	W	V	A
1618994089.07878	1201.809	0.130	66.125	320.238	0.112
1618994089.10054	232.546	0.025	2.404	320.158	0.109
1618994089.13839	232.556	0.025	2.447	320.238	0.109
1618994089.14230	232.599	0.025	2.449	320.158	0.109
1618994089.15875	232.614	0.025	2.419	320.319	0.111
1618994089.17074	232.596	0.025	2.476	320.238	0.109
1618994089.20874	232.597	0.025	2.427	320.319	0.111
1618994089.21035	232.607	0.025	2.465	320.238	0.110
1618994089.24734	232.610	0.025	2.459	320.238	0.110
1618994089.25876	232.597	0.025	2.426	320.238	0.110
1618994089.26840	232.587	0.025	2.437	320.238	0.112
1618994089.30775	232.555	0.025	2.432	320.158	0.110
1618994089.31833	232.571	0.025	2.406	320.077	0.111
1618994089.33039	232.571	0.025	2.456	320.238	0.109
1618994089.35574	232.576	0.025	2.442	320.158	0.112
1618994089.39276	232.564	0.025	2.466	320.319	0.109
1618994089.39840	232.603	0.025	2.455	320.238	0.112
1618994089.43676	232.620	0.025	2.442	320.238	0.110
1618994089.44039	232.567	0.025	2.435	320.238	0.110
1618994089.45850	232.586	0.025	2.420	320.158	0.109
1618994089.50680	232.578	0.025	2.440	320.319	0.109
1618994089.50741	232.574	0.024	2.378	320.238	0.110
1618994089.52254	232.575	0.025	2.400	320.158	0.108
1618994089.53175	232.588	0.025	2.444	320.319	0.108
1618994089.56876	232.618	0.025	2.427	320.319	0.109
1618994089.57876	232.636	0.025	2.442	320.238	0.110
1618994089.59076	232.611	0.025	2.438	320.319	0.111
1618994089.63075	232.598	0.025	2.429	320.158	0.110
1618994089.64038	232.580	0.025	2.412	320.158	0.115
1618994089.65076	232.601	0.025	2.445	320.238	0.109
1618994089.69043	232.632	0.025	2.454	320.319	0.112
1618994089.69133	232.640	0.025	2.431	320.319	0.109
1618994089.72885	232.618	0.025	2.450	320.319	0.115
1618994089.76891	232.648	0.025	2.448	320.319	0.108
1618994089.77037	232.638	0.025	2.424	320.399	0.108
1618994089.80878	232.612	0.024	2.410	320.399	0.108
1618994089.81038	232.622	0.025	2.455	320.238	0.112
1618994089.81133	232.638	0.025	2.422	320.319	0.110
1618994089.85055	232.608	0.025	2.427	320.238	0.111
1618994089.85833	232.613	0.025	2.423	320.238	0.109
1618994089.89690	232.617	0.025	2.426	320.319	0.109
1618994089.89737	232.652	0.025	2.435	320.399	0.115
1618994089.91085	232.627	0.025	2.463	320.399	0.115
1618994089.95578	232.623	0.025	2.395	320.319	0.109
1618994089.95740	232.586	0.025	2.406	320.238	0.111
1618994089.96849	232.630	0.025	2.484	320.238	0.111
1618994090.00778	232.602	0.025	2.417	320.238	0.110
1618994090.00842	232.592	0.025	2.492	320.319	0.114
1618994090.04656	232.592	0.028	2.787	320.238	0.124
1618994090.09356	232.611	0.025	2.425	320.238	0.107
1618994090.09542	232.648	0.025	2.451	320.238	0.110
1618994090.09736	232.686	0.025	2.471	320.238	0.111
1618994090.13579	232.675	0.025	2.460	320.319	0.110
1618994090.13642	232.668	0.025	2.434	320.238	0.108
1618994090.15882	232.639	0.025	2.415	320.399	0.108
1618994090.19680	232.625	0.025	2.417	320.158	0.108
1618994090.19740	232.618	0.025	2.419	320.319	0.111
1618994090.23680	232.683	0.025	2.460	320.238	0.110
1618994090.23739	232.701	0.025	2.420	320.238	0.109
1618994090.27655	232.705	0.025	2.457	320.238	0.112
1618994090.27844	232.688	0.025	2.414	320.319	0.109
1618994090.28834	232.664	0.025	2.407	320.319	0.107
1618994090.32748	232.644	0.025	2.451	320.238	0.111
1618994090.32839	232.659	0.025	2.447	320.399	0.111
1618994090.37040	232.669	0.025	2.386	320.319	0.108
1618994090.38378	232.681	0.025	2.449	320.319	0.110
1618994090.42161	232.656	0.025	2.473	320.238	0.112
1618994090.42340	232.642	0.025	2.408	320.238	0.110
1618994090.47381	232.586	0.025	2.420	320.238	0.110
1618994090.47543	232.604	0.025	2.423	320.158	0.114
1618994090.47735	232.635	0.025	2.450	320.319	0.109
1618994090.51580	232.641	0.025	2.453	320.238	0.108
1618994090.51644	232.672	0.025	2.435	320.319	0.110
1618994090.52841	232.708	0.025	2.418	320.319	0.109
1618994090.56681	232.708	0.025	2.432	320.238	0.112
1618994090.57884	232.653	0.025	2.420	320.319	0.111
1618994090.58848	232.653	0.025	2.434	320.238	0.111
1618994090.62782	232.678	0.025	2.449	320.319	0.112
1618994090.66582	232.687	0.025	2.432	320.319	0.114
1618994090.66745	232.705	0.025	2.445	320.319	0.107
1618994090.67827	232.681	0.025	2.428	320.319	0.109
1618994090.71663	232.671	0.025	2.423	320.238	0.108
1618994090.71731	232.647	0.024	2.392	320.158	0.105
1618994090.75862	232.605	0.025	2.463	320.319	0.110
1618994090.76162	232.626	0.025	2.404	320.319	0.119
1618994090.77080	232.660	0.025	2.444	320.238	0.107
1618994090.81584	232.677	0.025	2.430	320.238	0.106
1618994090.81645	232.710	0.025	2.463	320.238	0.112
1618994090.82887	232.706	0.024	2.398	320.399	0.107
1618994090.86885	232.672	0.025	2.405	320.319	0.108
1618994090.87041	232.655	0.025	2.433	320.158	0.109
1618994090.90881	232.659	0.025	2.434	320.238	0.109
1618994090.92382	232.695	0.025	2.450	320.319	0.106
1618994090.93383	232.717	0.025	2.428	320.238	0.110
1618994090.97286	232.728	0.025	2.429	320.319	0.110
1618994090.97341	232.693	0.025	2.440	320.319	0.110
1618994091.01183	232.681	0.025	2.412	320.238	0.111
1618994091.05061	232.693	0.025	2.425	320.479	0.108
1618994091.05140	232.677	0.027	2.698	320.319	0.123
1618994091.05940	232.664	0.026	2.577	320.158	0.114
1618994091.11085	232.652	0.025	2.438	320.238	0.110
1618994091.11147	232.642	0.025	2.446	320.158	0.108
1618994091.12040	232.647	0.025	2.423	320.077	0.108
1618994091.13083	232.664	0.025	2.462	320.238	0.114
1618994091.16783	232.652	0.025	2.429	320.238	0.108
1618994091.20685	232.648	0.025	2.432	320.158	0.108
1618994091.20750	232.671	0.025	2.417	320.158	0.108
1618994091.25586	232.642	0.025	2.439	320.158	0.110
1618994091.25747	232.641	0.025	2.406	320.158	0.109
1618994091.29582	232.585	0.025	2.463	320.158	0.111
1618994091.29746	232.593	0.025	2.422	320.158	0.110
1618994091.30839	232.576	0.025	2.450	320.158	0.111
1618994091.34684	232.618	0.025	2.470	320.158	0.110
1618994091.34848	232.647	0.025	2.422	320.319	0.109
1618994091.38781	232.677	0.025	2.461	320.319	0.110
1618994091.40783	232.663	0.025	2.422	320.319	0.109
1618994091.41349	232.672	0.025	2.447	320.319	0.109
1618994091.45290	232.641	0.025	2.385	320.399	0.110
1618994091.45544	232.660	0.025	2.447	320.319	0.108
1618994091.49291	232.684	0.025	2.469	320.319	0.111
1618994091.53187	232.707	0.025	2.414	320.399	0.112
1618994091.53247	232.696	0.025	2.437	320.479	0.107
1618994091.54090	232.697	0.025	2.450	320.399	0.110
1618994091.55147	232.700	0.025	2.413	320.399	0.111
1618994091.58891	232.668	0.025	2.427	320.399	0.109
1618994091.60090	232.661	0.024	2.412	320.399	0.108
1618994091.61086	232.677	0.025	2.450	320.399	0.110
1618994091.64896	232.701	0.025	2.442	320.479	0.111
1618994091.66091	232.678	0.025	2.462	320.319	0.111
1618994091.67149	232.658	0.025	2.445	320.319	0.112
1618994091.71088	232.646	0.025	2.429	320.319	0.112
1618994091.73086	232.705	0.025	2.471	320.399	0.111
1618994091.76763	232.684	0.025	2.434	320.399	0.110
1618994091.76841	232.686	0.025	2.446	320.238	0.115
1618994091.80688	232.682	0.025	2.407	320.238	0.111
1618994091.85587	232.635	0.025	2.401	320.238	0.106
1618994091.85650	232.614	0.025	2.409	320.158	0.108
1618994091.85886	232.613	0.025	2.456	320.158	0.112
1618994091.87085	232.648	0.025	2.433	320.238	0.110
1618994091.90764	232.701	0.025	2.476	320.479	0.112
1618994091.92093	232.746	0.025	2.473	320.319	0.111
1618994091.93051	232.690	0.025	2.429	320.399	0.108
1618994091.96787	232.642	0.024	2.400	320.319	0.108
1618994091.97887	232.627	0.025	2.466	320.158	0.111
1618994091.99088	232.611	0.025	2.421	320.238	0.111
1618994092.02905	232.649	0.025	2.456	320.238	0.109
1618994092.03889	232.654	0.025	2.483	320.158	0.110
1618994092.05295	232.674	0.028	2.847	320.238	0.123
1618994092.09390	232.663	0.025	2.428	320.319	0.110
1618994092.09550	232.626	0.025	2.413	320.238	0.110
1618994092.13242	232.608	0.025	2.403	320.319	0.110
1618994092.14538	232.560	0.024	2.399	320.158	0.109
1618994092.15360	232.599	0.025	2.463	319.997	0.105
1618994092.19267	232.622	0.025	2.453	320.238	0.111
1618994092.21257	232.655	0.025	2.430	320.319	0.109
1618994092.25691	232.666	0.025	2.406	320.319	0.110
1618994092.25750	232.654	0.025	2.435	320.319	0.110
1618994092.29697	232.665	0.025	2.446	320.399	0.109
1618994092.29848	232.652	0.025	2.441	320.319	0.115
1618994092.31086	232.700	0.025	2.404	320.560	0.108
1618994092.34867	232.648	0.025	2.452	320.479	0.110
1618994092.36066	232.644	0.024	2.419	320.479	0.108
1618994092.37143	232.636	0.025	2.419	320.560	0.109
1618994092.40895	232.658	0.025	2.424	320.399	0.111
1618994092.41053	232.686	0.025	2.434	320.319	0.109
1618994092.44767	232.709	0.025	2.451	320.238	0.109
1618994092.46244	232.731	0.025	2.451	320.399	0.109
1618994092.47158	232.759	0.025	2.455	320.479	0.109
1618994092.51051	232.743	0.030	3.051	320.479	0.130
1618994092.52271	232.709	0.029	2.977	320.399	0.124
1618994092.56390	232.704	0.030	3.077	320.399	0.128
1618994092.56553	232.701	0.030	3.027	320.399	0.128
1618994092.56643	232.706	0.027	2.648	320.319	0.118
1618994092.60388	232.717	0.025	2.477	320.399	0.112
1618994092.64266	232.800	0.026	2.530	320.560	0.115
1618994092.64352	232.753	0.029	2.967	320.479	0.127
1618994092.66593	232.756	0.029	2.913	320.479	0.123
1618994092.67392	232.694	0.029	2.949	320.399	0.128
1618994092.71186	232.694	0.030	3.088	320.560	0.132
1618994092.71869	232.713	0.028	2.810	320.319	0.119
1618994092.72869	232.754	0.029	2.899	320.399	0.127
1618994092.76649	232.759	0.029	2.950	320.399	0.127
1618994092.77678	232.724	0.029	2.960	320.319	0.129
1618994092.81394	232.704	0.030	3.078	320.238	0.129
1618994092.81553	232.721	0.030	3.073	320.399	0.128
1618994092.85280	232.712	0.030	3.067	320.319	0.129
1618994092.85350	232.740	0.030	3.095	320.479	0.129
1618994092.89354	232.799	0.030	3.076	320.399	0.128
1618994092.89545	232.780	0.030	3.084	320.479	0.126
1618994092.93377	232.790	0.030	3.070	320.640	0.134
1618994092.94494	232.792	0.030	3.087	320.560	0.129
1618994092.98294	232.769	0.030	3.097	320.560	0.129
1618994092.98589	232.782	0.030	3.062	320.479	0.130
1618994093.02897	232.810	0.030	3.083	320.560	0.132
1618994093.03054	232.805	0.030	3.133	320.560	0.129
1618994093.03990	232.804	0.030	3.058	320.721	0.130
1618994093.05093	232.772	0.029	2.958	320.479	0.123
1618994093.08793	232.760	0.031	3.287	320.399	0.132
1618994093.09893	232.741	0.037	3.862	320.479	0.169
1618994093.11095	232.762	0.044	4.939	320.479	0.174
1618994093.14902	232.779	0.043	4.844	320.399	0.171
1618994093.16100	232.776	0.043	4.876	320.640	0.166
1618994093.17891	232.765	0.043	4.848	320.560	0.167
1618994093.21700	232.726	0.043	4.825	320.399	0.167
1618994093.21750	232.724	0.043	4.847	320.399	0.171
1618994093.23093	232.740	0.043	4.836	320.640	0.168
1618994093.26791	232.749	0.043	4.899	320.479	0.167
1618994093.26857	232.795	0.044	4.933	320.721	0.176
1618994093.30770	232.805	0.043	4.882	320.640	0.170
1618994093.34691	232.823	0.043	4.886	320.560	0.169
1618994093.34752	232.840	0.043	4.908	320.640	0.169
1618994093.35848	232.827	0.043	4.908	320.479	0.167
1618994093.36850	232.814	0.043	4.853	320.479	0.170
1618994093.40691	232.805	0.044	4.958	320.479	0.175
1618994093.44500	232.853	0.044	4.913	320.640	0.174
1618994093.44656	232.899	0.044	4.912	320.479	0.177
1618994093.49973	232.927	0.043	4.898	320.721	0.168
1618994093.50160	232.953	0.043	4.868	320.721	0.168
1618994093.51890	232.967	0.044	4.951	320.640	0.171
1618994093.52857	233.008	0.043	4.889	320.801	0.174
1618994093.56691	233.031	0.044	4.936	320.801	0.167
1618994093.57892	233.062	0.043	4.916	320.801	0.168
1618994093.59092	233.067	0.043	4.877	320.882	0.169
1618994093.62896	233.072	0.043	4.863	320.882	0.170
1618994093.63947	233.049	0.043	4.916	320.962	0.170
1618994093.65044	232.971	0.043	4.834	320.882	0.170
1618994093.68855	232.977	0.043	4.907	320.721	0.171
1618994093.69160	233.029	0.044	4.930	320.801	0.169
1618994093.72902	233.044	0.043	4.931	320.962	0.168
1618994093.76996	233.055	0.043	4.904	321.043	0.169
1618994093.77160	233.045	0.043	4.954	320.882	0.166
1618994093.81895	233.012	0.043	4.910	320.801	0.171
1618994093.82058	233.024	0.044	4.918	320.882	0.173
1618994093.83994	233.046	0.044	4.946	321.043	0.173
1618994093.85194	233.085	0.043	4.910	320.962	0.170
1618994093.88899	233.096	0.043	4.880	321.043	0.169
1618994093.90572	233.065	0.043	4.877	320.962	0.171
1618994093.94296	233.057	0.043	4.843	320.962	0.166
1618994093.94357	233.091	0.043	4.916	320.962	0.168
1618994093.95896	233.099	0.043	4.878	320.882	0.167
1618994093.96858	233.125	0.043	4.885	320.962	0.166
1618994094.00697	233.135	0.043	4.874	320.962	0.169
1618994094.00759	233.135	0.043	4.891	320.962	0.171
1618994094.04592	232.213	0.035	3.649	321.043	0.161
1618994094.06996	231.944	0.048	5.465	319.675	0.182
1618994094.08101	232.169	0.043	4.826	319.594	0.170
1618994094.12796	232.196	0.043	4.815	319.755	0.166
1618994094.12858	232.197	0.044	4.873	319.755	0.173
1618994094.13049	232.243	0.043	4.859	319.755	0.167
1618994094.16795	232.243	0.043	4.788	319.675	0.171
1618994094.17769	232.204	0.043	4.828	319.755	0.171
1618994094.21597	232.179	0.043	4.882	319.675	0.173
1618994094.26100	232.235	0.044	4.962	319.755	0.174
1618994094.26660	232.257	0.044	4.926	319.836	0.174
1618994094.27758	232.240	0.044	4.889	319.755	0.174
1618994094.31597	232.233	0.044	4.905	319.755	0.173
1618994094.33072	232.142	0.044	4.883	319.594	0.170
1618994094.36773	232.176	0.044	4.975	319.836	0.169
1618994094.38105	232.212	0.044	4.906	319.675	0.168
1618994094.39261	232.231	0.044	4.910	319.755	0.169
1618994094.43096	232.260	0.044	4.911	319.675	0.173
1618994094.45359	232.242	0.044	4.905	319.675	0.170
1618994094.49299	232.222	0.044	4.909	319.675	0.170
1618994094.49357	232.221	0.044	4.908	319.755	0.173
1618994094.53197	232.242	0.044	4.918	319.836	0.174
1618994094.54295	232.282	0.044	4.918	319.836	0.174
1618994094.58105	232.280	0.044	4.888	319.755	0.169
1618994094.62197	232.290	0.044	4.896	319.836	0.170
1618994094.62260	232.281	0.044	4.896	319.916	0.173
1618994094.63896	232.283	0.044	4.908	319.836	0.170
1618994094.64864	232.300	0.044	4.930	319.836	0.176
1618994094.68696	232.330	0.044	4.893	319.997	0.174
1618994094.69898	232.359	0.044	4.965	319.997	0.178
1618994094.70871	232.368	0.044	4.894	319.836	0.175
1618994094.75898	232.391	0.044	4.887	319.916	0.169
1618994094.79798	232.420	0.044	4.915	320.077	0.173
1618994094.80159	232.462	0.044	4.874	320.077	0.170
1618994094.84275	232.466	0.044	4.907	320.077	0.175
1618994094.84354	232.479	0.044	4.894	319.997	0.171
1618994094.88252	232.525	0.044	4.873	320.238	0.168
1618994094.88353	232.527	0.044	4.856	320.158	0.171
1618994094.89895	232.550	0.044	4.945	320.238	0.176
1618994094.90871	232.579	0.044	4.900	320.238	0.177
1618994094.94698	232.608	0.044	4.925	320.238	0.175
1618994094.96203	232.621	0.044	4.869	320.319	0.167
1618994094.96964	232.608	0.043	4.879	320.238	0.168
1618994095.00795	232.580	0.044	4.885	320.238	0.178
1618994095.01900	232.539	0.043	4.830	320.238	0.174
1618994095.02999	232.540	0.043	4.856	320.238	0.167
1618994095.06775	232.533	0.044	4.923	320.319	0.174
1618994095.06854	232.531	0.043	4.898	320.319	0.167
1618994095.10775	232.565	0.043	4.900	320.319	0.169
1618994095.12398	232.495	0.043	4.880	320.238	0.168
1618994095.13263	232.468	0.043	4.897	319.997	0.168
1618994095.16993	232.450	0.043	4.926	320.077	0.167
1618994095.17975	232.386	0.043	4.786	320.077	0.166
1618994095.19398	232.414	0.044	4.926	319.997	0.171
1618994095.23200	232.447	0.044	4.908	320.077	0.168
1618994095.23799	232.440	0.043	4.875	320.077	0.167
1618994095.27500	232.428	0.043	4.863	320.077	0.167
1618994095.27798	232.380	0.043	4.821	319.997	0.170
1618994095.31703	232.342	0.044	4.901	319.916	0.169
1618994095.31773	232.316	0.044	4.911	319.836	0.174
1618994095.32855	232.361	0.044	4.934	319.997	0.171
1618994095.36700	232.371	0.044	4.925	319.997	0.176
1618994095.37899	232.366	0.044	4.890	319.916	0.169
1618994095.38898	232.357	0.044	4.893	319.836	0.169
1618994095.42678	232.323	0.044	4.942	319.836	0.171
1618994095.44903	232.322	0.044	4.872	319.755	0.176
1618994095.48700	232.327	0.044	4.883	319.836	0.175
1618994095.50064	232.323	0.044	4.930	319.755	0.177
1618994095.50962	232.311	0.044	4.917	319.836	0.178
1618994095.54779	232.300	0.044	4.862	319.755	0.176
1618994095.54856	232.270	0.044	4.846	319.755	0.171
1618994095.58678	232.263	0.044	4.853	319.675	0.173
1618994095.61000	232.246	0.044	4.883	319.675	0.174
1618994095.61663	232.275	0.044	4.965	319.675	0.171
1618994095.65378	232.327	0.044	4.931	319.916	0.173
1618994095.70278	230.984	0.038	3.930	318.387	0.169
1618994095.70566	230.812	0.044	4.857	317.743	0.177
1618994095.70754	230.767	0.044	4.843	317.743	0.174
1618994095.72978	230.756	0.044	4.845	317.743	0.173
1618994095.76805	230.777	0.044	4.871	317.824	0.175
1618994095.76866	230.819	0.044	4.881	317.743	0.175
1618994095.80906	230.809	0.044	4.963	317.743	0.174
1618994095.81862	230.832	0.044	4.912	317.824	0.176
1618994095.82983	230.798	0.044	4.842	317.824	0.176
1618994095.86803	230.772	0.044	4.853	317.743	0.176
1618994095.86865	230.761	0.044	4.870	317.743	0.176
1618994095.90677	230.743	0.044	4.855	317.743	0.175
1618994095.92069	230.744	0.044	4.906	317.663	0.171
1618994095.92956	230.776	0.044	4.897	317.743	0.171
1618994095.96804	230.784	0.044	4.894	317.743	0.171
1618994095.97903	230.766	0.044	4.894	317.663	0.173
1618994095.98967	230.776	0.044	4.933	317.663	0.171
1618994096.02779	230.759	0.044	4.902	317.743	0.173
1618994096.02858	230.762	0.044	4.902	317.743	0.170
1618994096.06706	230.787	0.045	4.951	317.743	0.174
1618994096.10803	230.754	0.044	4.906	317.582	0.173
1618994096.10866	230.745	0.044	4.944	317.582	0.173
1618994096.14703	230.727	0.044	4.857	317.743	0.173
1618994096.14766	230.750	0.044	4.927	317.663	0.176
1618994096.18780	230.746	0.044	4.899	317.582	0.175
1618994096.18859	230.749	0.044	4.874	317.743	0.173
1618994096.22704	230.746	0.044	4.862	317.582	0.169
1618994096.27719	230.735	0.044	4.887	317.582	0.170
1618994096.27864	230.706	0.044	4.839	317.663	0.167
1618994096.29404	230.720	0.044	4.877	317.582	0.173
1618994096.31203	230.720	0.044	4.863	317.582	0.171
1618994096.34969	230.755	0.044	4.899	317.663	0.170
1618994096.36181	230.784	0.044	4.912	317.663	0.177
1618994096.36957	230.794	0.044	4.880	317.824	0.171
1618994096.40804	230.785	0.044	4.923	317.582	0.174
1618994096.40869	230.768	0.044	4.909	317.663	0.173
1618994096.44705	230.706	0.044	4.900	317.582	0.178
1618994096.46506	230.747	0.044	4.927	317.663	0.178
1618994096.47270	230.756	0.044	4.913	317.743	0.171
1618994096.51202	230.769	0.044	4.937	317.743	0.174
1618994096.55005	230.742	0.044	4.892	317.824	0.171
1618994096.55168	230.746	0.044	4.922	317.824	0.170
1618994096.56870	230.739	0.044	4.914	317.743	0.170
1618994096.60703	230.729	0.044	4.942	317.824	0.170
1618994096.61904	230.746	0.044	4.905	317.663	0.177
1618994096.62969	230.732	0.044	4.847	317.663	0.176
1618994096.66908	230.712	0.044	4.916	317.663	0.175
1618994096.68000	230.690	0.044	4.896	317.663	0.174
1618994096.69161	230.773	0.044	4.948	317.743	0.173
1618994096.73309	230.749	0.044	4.937	317.824	0.171
1618994096.73362	230.756	0.044	4.926	317.904	0.173
1618994096.77204	230.764	0.044	4.895	317.824	0.170
1618994096.78403	230.751	0.044	4.871	317.743	0.170
1618994096.79303	230.740	0.044	4.868	317.663	0.175
1618994096.83008	230.715	0.044	4.870	317.824	0.174
1618994096.83176	230.691	0.044	4.879	317.743	0.170
1618994096.86886	230.710	0.044	4.936	317.663	0.177
1618994096.90782	230.728	0.044	4.939	317.743	0.176
1618994096.90963	230.757	0.044	4.942	317.904	0.171
1618994096.91162	230.738	0.044	4.881	317.824	0.171
1618994096.94885	230.725	0.044	4.862	317.985	0.167
1618994096.95781	230.691	0.044	4.875	317.824	0.167
1618994096.97006	230.682	0.044	4.867	317.824	0.171
1618994097.00306	230.682	0.044	4.896	317.663	0.173
1618994097.04008	230.691	0.044	4.878	317.743	0.175
1618994097.04306	230.741	0.044	4.933	317.824	0.175
1618994097.05171	230.761	0.044	4.925	317.824	0.174
1618994097.08912	230.734	0.044	4.899	317.824	0.169
1618994097.08966	230.715	0.044	4.891	317.743	0.170
1618994097.12808	230.691	0.044	4.895	317.743	0.171
1618994097.17409	230.720	0.044	4.959	317.743	0.174
1618994097.17470	230.701	0.044	4.955	317.824	0.170
1618994097.21408	230.710	0.044	4.933	317.743	0.175
1618994097.21711	230.689	0.044	4.914	317.582	0.175
1618994097.23182	231.251	0.047	5.281	318.387	0.181
1618994097.26909	231.218	0.044	4.859	318.306	0.178
1618994097.26962	231.202	0.044	4.887	318.226	0.171
1618994097.30911	231.170	0.044	4.971	318.306	0.177
1618994097.34687	231.197	0.044	4.892	318.387	0.169
1618994097.34771	231.198	0.044	4.885	318.306	0.174
1618994097.35909	231.199	0.044	4.882	318.226	0.176
1618994097.37008	231.163	0.044	4.859	318.226	0.173
1618994097.40810	231.177	0.044	4.911	318.226	0.171
1618994097.40871	231.220	0.044	4.996	318.306	0.178
1618994097.44766	231.228	0.044	4.886	318.306	0.173
1618994097.49210	231.240	0.044	4.869	318.226	0.171
1618994097.49269	231.234	0.044	4.915	318.226	0.177
1618994097.49459	231.222	0.044	4.879	318.306	0.175
1618994097.53364	231.185	0.044	4.857	318.226	0.174
1618994097.53468	231.182	0.044	4.929	318.226	0.175
1618994097.57311	231.222	0.044	4.887	318.145	0.173
1618994097.57372	231.257	0.044	4.885	318.306	0.167
1618994097.61208	231.248	0.044	4.923	318.387	0.166
1618994097.65010	231.210	0.044	4.896	318.226	0.169
1618994097.65175	231.218	0.044	4.883	318.226	0.169
1618994097.65265	231.225	0.044	4.953	318.306	0.171
1618994097.69185	231.161	0.044	4.806	318.065	0.173
1618994097.73301	231.184	0.044	4.949	318.145	0.173
1618994097.73365	231.195	0.044	4.912	318.226	0.174
1618994097.73676	231.231	0.044	4.955	318.145	0.174
1618994097.77485	231.224	0.044	4.888	318.306	0.174
1618994097.77807	231.197	0.044	4.909	318.145	0.171
1618994097.79008	231.230	0.044	4.941	318.226	0.171
1618994097.82811	231.221	0.044	4.944	318.226	0.173
1618994097.82873	231.243	0.044	4.919	318.387	0.170
1618994097.86686	231.254	0.044	4.975	318.306	0.174
1618994097.86765	231.243	0.044	4.880	318.306	0.169
1618994097.90491	231.225	0.044	4.942	318.226	0.175
1618994097.90676	231.245	0.044	4.934	318.306	0.170
1618994097.94515	231.256	0.044	4.922	318.306	0.167
1618994097.95674	231.257	0.044	4.949	318.387	0.173
1618994097.99407	231.110	0.043	4.811	318.387	0.167
1618994097.99474	231.189	0.044	4.948	318.226	0.168
1618994098.03405	231.236	0.044	4.964	318.306	0.167
1618994098.03475	231.201	0.044	4.931	318.306	0.169
1618994098.07373	231.219	0.044	4.929	318.387	0.169
1618994098.07467	231.147	0.044	4.921	318.226	0.169
1618994098.11412	231.214	0.044	4.915	318.226	0.170
1618994098.11475	231.239	0.045	4.984	318.306	0.178
1618994098.15314	231.253	0.045	5.011	318.387	0.176
1618994098.17316	231.291	0.044	4.933	318.387	0.170
1618994098.20989	231.273	0.044	4.968	318.387	0.176
1618994098.21176	231.245	0.044	4.906	318.306	0.176
1618994098.24910	231.271	0.044	4.936	318.387	0.175
1618994098.26411	231.297	0.044	4.899	318.226	0.170
1618994098.27810	231.310	0.044	4.902	318.387	0.173
1618994098.28999	231.307	0.044	4.930	318.306	0.171
1618994098.32824	231.304	0.044	4.949	318.387	0.174
1618994098.32865	231.285	0.044	4.851	318.467	0.175
1618994098.36688	231.294	0.044	4.968	318.306	0.176
1618994098.37413	231.292	0.044	4.880	318.306	0.173
1618994098.41212	231.303	0.044	4.898	318.387	0.173
1618994098.44984	231.322	0.044	4.886	318.306	0.171
1618994098.45168	231.336	0.044	4.921	318.467	0.177
1618994098.45268	231.325	0.044	4.898	318.306	0.174
1618994098.49011	231.296	0.044	4.919	318.226	0.174
1618994098.49174	231.319	0.044	4.927	318.467	0.170
1618994098.52915	231.329	0.044	4.962	318.306	0.171
1618994098.52969	231.340	0.044	4.957	318.467	0.173
1618994098.56811	231.347	0.044	4.952	318.467	0.171
1618994098.57907	231.326	0.044	4.913	318.387	0.170
1618994098.61709	231.340	0.044	4.927	318.387	0.171
1618994098.61774	231.313	0.044	4.927	318.467	0.173
1618994098.62872	231.318	0.044	4.911	318.387	0.168
1618994098.66712	231.350	0.044	4.948	318.548	0.171
1618994098.66775	231.381	0.044	4.954	318.548	0.170
1618994098.70500	231.385	0.044	4.894	318.387	0.170
1618994098.71213	231.368	0.044	4.927	318.467	0.171
1618994098.75110	231.345	0.044	4.913	318.387	0.173
1618994098.75276	231.304	0.044	4.870	318.467	0.177
1618994098.79012	231.315	0.044	4.891	318.306	0.171
1618994098.79176	231.323	0.044	4.963	318.387	0.176
1618994098.82918	231.351	0.044	4.916	318.387	0.170
1618994098.83878	231.363	0.044	4.963	318.467	0.173
1618994098.87911	231.364	0.044	4.959	318.628	0.170
1618994098.92714	231.313	0.044	4.941	318.467	0.170
1618994098.92972	231.293	0.044	4.925	318.467	0.176
1618994098.93173	231.286	0.044	4.912	318.387	0.176
1618994098.96984	231.320	0.044	4.971	318.548	0.170
1618994098.97669	231.331	0.044	4.948	318.548	0.174
1618994099.01416	231.334	0.044	4.910	318.548	0.175
1618994099.01477	231.336	0.044	4.956	318.467	0.170
1618994099.06392	231.325	0.044	4.943	318.628	0.169
1618994099.06469	231.303	0.044	4.930	318.548	0.170
1618994099.06765	231.319	0.044	4.958	318.548	0.171
1618994099.10497	231.328	0.044	4.924	318.467	0.170
1618994099.10681	231.341	0.044	4.925	318.548	0.168
1618994099.14515	231.345	0.044	4.945	318.467	0.169
1618994099.18318	231.324	0.044	4.933	318.548	0.171
1618994099.18379	231.314	0.043	4.830	318.387	0.165
1618994099.19215	231.312	0.044	4.907	318.548	0.170
1618994099.23417	231.322	0.044	4.953	318.467	0.168
1618994099.24181	231.344	0.044	4.928	318.628	0.165
1618994099.25276	231.368	0.044	4.969	318.709	0.170
1618994099.29988	231.333	0.044	4.913	318.548	0.169
1618994099.31183	231.298	0.044	4.935	318.467	0.168
1618994099.35015	231.296	0.044	4.952	318.387	0.171
1618994099.35179	231.305	0.044	4.941	318.387	0.179
1618994099.39115	231.328	0.044	4.925	318.467	0.169
1618994099.40417	231.358	0.044	4.953	318.548	0.174
1618994099.41179	231.356	0.044	4.897	318.548	0.168
1618994099.44993	231.301	0.044	4.897	318.548	0.170
1618994099.45771	231.283	0.044	4.894	318.467	0.174
1618994099.49517	231.296	0.043	4.860	318.548	0.166
1618994099.50686	231.298	0.044	4.895	318.548	0.167
1618994099.55318	231.349	0.044	4.948	318.467	0.171
1618994099.55475	231.378	0.044	4.921	318.548	0.166
1618994099.56816	231.407	0.044	4.966	318.628	0.173
1618994099.60522	231.377	0.044	4.913	318.628	0.173
1618994099.60814	231.370	0.044	4.880	318.548	0.170
1618994099.64717	231.342	0.044	4.931	318.467	0.174
1618994099.64780	231.338	0.044	4.923	318.387	0.173
1618994099.68716	231.356	0.044	4.923	318.628	0.174
1618994099.68779	231.337	0.044	4.951	318.548	0.177
1618994099.69988	231.324	0.044	4.899	318.548	0.169
1618994099.72216	231.325	0.044	4.931	318.548	0.170
1618994099.75917	231.340	0.044	4.959	318.548	0.169
1618994099.75980	231.347	0.044	4.928	318.467	0.171
1618994099.79776	231.333	0.044	4.853	318.628	0.169
1618994099.79874	231.304	0.044	4.965	318.628	0.168
1618994099.83718	231.339	0.044	4.941	318.467	0.167
1618994099.83882	231.343	0.044	4.935	318.467	0.167
1618994099.87720	231.371	0.044	4.975	318.548	0.169
1618994099.87977	231.361	0.044	4.956	318.548	0.171
1618994099.88893	231.381	0.044	4.914	318.628	0.171
1618994099.92717	231.379	0.044	4.965	318.467	0.170
1618994099.92881	231.370	0.044	4.931	318.467	0.169
1618994099.96717	231.377	0.044	4.932	318.467	0.176
1618994099.96885	231.359	0.044	4.919	318.548	0.174
1618994100.00721	231.316	0.044	4.897	318.467	0.171
1618994100.07398	230.933	0.044	4.869	317.824	0.174
1618994100.07475	230.947	0.044	4.904	317.904	0.171
1618994100.07675	230.962	0.044	4.884	317.904	0.173
1618994100.11519	230.955	0.044	4.935	317.904	0.171
1618994100.12182	230.953	0.044	4.918	317.985	0.168
1618994100.16113	230.961	0.044	4.949	317.904	0.168
1618994100.20421	230.951	0.044	4.943	317.904	0.173
1618994100.20486	230.949	0.044	4.905	317.985	0.167
1618994100.20773	230.943	0.044	4.948	317.904	0.170
1618994100.24517	230.971	0.044	4.942	317.824	0.173
1618994100.24782	230.966	0.044	4.914	317.824	0.171
1618994100.28522	230.949	0.044	4.955	317.824	0.176
1618994100.28683	230.967	0.044	4.938	317.985	0.175
1618994100.32419	230.962	0.044	4.894	318.065	0.171
1618994100.36295	230.947	0.044	4.903	317.904	0.168
1618994100.36374	230.971	0.044	4.978	317.904	0.169
1618994100.36996	230.953	0.044	4.891	317.904	0.170
1618994100.40823	230.940	0.044	4.971	318.065	0.170
1618994100.40981	230.914	0.044	4.921	317.824	0.174
1618994100.44820	230.904	0.044	4.890	317.743	0.170
1618994100.44984	230.919	0.044	4.982	317.904	0.174
1618994100.48821	230.968	0.044	4.962	317.824	0.171
1618994100.49992	230.975	0.044	4.861	317.904	0.171
1618994100.51222	230.949	0.044	4.938	317.824	0.174
1618994100.54920	230.945	0.044	4.925	317.824	0.169
1618994100.56019	230.921	0.043	4.878	317.904	0.170
1618994100.57215	230.905	0.044	4.887	317.824	0.175
1618994100.60918	230.941	0.044	4.949	317.904	0.174
1618994100.64720	230.981	0.044	4.939	317.824	0.170
1618994100.64779	231.064	0.044	4.988	317.985	0.170
1618994100.68621	231.047	0.044	4.942	318.065	0.173
1618994100.68784	231.028	0.044	4.889	317.904	0.171
1618994100.68878	231.019	0.044	4.958	317.985	0.169
1618994100.72818	230.993	0.044	4.931	317.904	0.170
1618994100.73883	230.964	0.044	4.920	317.904	0.168
1618994100.75016	231.000	0.044	4.960	317.904	0.169
1618994100.78820	230.984	0.044	4.950	317.824	0.176
1618994100.78987	231.002	0.044	4.928	318.145	0.171
1618994100.82918	230.996	0.044	4.955	317.985	0.173
1618994100.86822	230.957	0.044	4.919	317.904	0.167
1618994100.86888	230.943	0.044	4.856	317.985	0.169
1618994100.87972	230.931	0.044	4.941	317.824	0.168
1618994100.91823	230.929	0.044	4.964	317.904	0.169
1618994100.91884	230.933	0.044	4.904	317.904	0.169
1618994100.93024	230.926	0.044	4.961	317.904	0.167
1618994100.96828	230.959	0.044	4.963	317.904	0.168
1618994100.97822	230.937	0.044	4.884	317.904	0.167
1618994101.01524	230.948	0.044	5.006	317.904	0.168
1618994101.01689	230.917	0.044	4.946	317.904	0.168
1618994101.05491	230.963	0.044	4.934	317.904	0.168
1618994101.05678	230.946	0.044	4.920	317.904	0.171
1618994101.09422	230.934	0.044	4.922	317.904	0.176
1618994101.10698	230.922	0.044	4.918	317.985	0.170
1618994101.11780	230.922	0.044	4.948	317.904	0.175
1618994101.14021	230.920	0.044	4.954	317.904	0.175
1618994101.17824	230.962	0.044	4.936	318.065	0.174
1618994101.17886	230.999	0.044	4.976	317.985	0.177
1618994101.20324	231.001	0.044	4.982	317.904	0.177
1618994101.21187	230.991	0.044	4.906	318.065	0.169
1618994101.24904	230.968	0.044	4.968	318.065	0.169
1618994101.26022	230.971	0.044	4.950	318.065	0.173
1618994101.27223	230.947	0.044	4.946	317.985	0.169
1618994101.30980	230.967	0.044	4.915	318.145	0.167
1618994101.32223	230.996	0.044	4.987	318.065	0.170
1618994101.33293	230.997	0.044	4.929	318.065	0.169
1618994101.37122	231.003	0.044	4.963	318.065	0.170
1618994101.37291	230.960	0.044	4.895	318.065	0.167
1618994101.41003	230.948	0.044	4.920	318.065	0.171
1618994101.42423	230.961	0.044	4.934	318.065	0.171
1618994101.43305	230.954	0.044	4.941	317.985	0.174
1618994101.47122	230.979	0.044	4.934	317.985	0.173
1618994101.49027	230.970	0.044	4.994	317.985	0.174
1618994101.49189	230.970	0.044	4.941	317.985	0.176
1618994101.53123	230.954	0.044	4.929	317.904	0.175
1618994101.53291	230.935	0.044	4.959	317.904	0.174
1618994101.57024	230.898	0.044	4.931	317.985	0.173
1618994101.60908	230.919	0.044	4.905	317.985	0.177
1618994101.60988	230.947	0.044	4.916	317.985	0.171
1618994101.62023	230.970	0.044	4.976	318.065	0.176
1618994101.65827	230.953	0.044	4.898	318.065	0.175
1618994101.65887	230.941	0.044	4.902	318.145	0.170
1618994101.68324	230.936	0.044	4.907	317.985	0.170
1618994101.68988	230.932	0.044	4.949	318.145	0.173
1618994101.72801	230.942	0.044	4.958	318.065	0.175
1618994101.74025	230.950	0.044	4.970	318.065	0.178
1618994101.75190	230.961	0.044	4.949	318.145	0.169
1618994101.80031	230.932	0.044	4.917	318.145	0.171
1618994101.81291	230.899	0.044	4.965	317.904	0.170
1618994101.85100	230.905	0.044	4.966	318.065	0.169
1618994101.85294	230.933	0.044	5.002	318.065	0.170
1618994101.89227	231.000	0.044	4.934	318.065	0.170
1618994101.91200	230.945	0.044	4.912	317.985	0.169
1618994101.96680	230.950	0.044	4.922	317.985	0.171
1618994101.96871	230.920	0.044	4.940	317.824	0.176
1618994101.96967	230.915	0.044	4.969	317.743	0.177
1618994102.00874	230.935	0.044	4.953	317.663	0.170
1618994102.01769	230.985	0.045	4.976	317.985	0.175
1618994102.05503	230.998	0.044	4.956	317.985	0.175
1618994102.05695	230.953	0.044	4.924	317.985	0.175
1618994102.10306	230.936	0.044	4.956	317.985	0.171
1618994102.10525	230.902	0.044	4.911	317.904	0.171
1618994102.14606	230.879	0.044	4.918	317.824	0.169
1618994102.14790	230.878	0.044	4.949	317.904	0.170
1618994102.16025	230.948	0.044	4.995	317.985	0.170
1618994102.17027	230.959	0.044	4.952	317.904	0.173
1618994102.20827	230.901	0.044	4.940	317.985	0.167
1618994102.22027	230.903	0.044	4.918	317.824	0.174
1618994102.23190	230.911	0.044	4.918	317.904	0.174
1618994102.27002	230.904	0.044	4.964	317.985	0.174
1618994102.28327	230.910	0.044	4.965	317.824	0.170
1618994102.29427	230.927	0.044	4.937	317.985	0.169
1618994102.33299	230.924	0.044	4.969	317.904	0.175
1618994102.33383	230.905	0.044	4.920	318.065	0.169
1618994102.37229	230.903	0.044	4.940	317.985	0.171
1618994102.39312	230.894	0.044	4.949	317.985	0.166
1618994102.43126	230.902	0.044	4.978	318.145	0.171
1618994102.44427	230.911	0.044	4.939	318.145	0.171
1618994102.45330	230.898	0.044	4.924	318.065	0.168
1618994102.49028	230.901	0.044	4.947	318.145	0.170
1618994102.49192	230.880	0.044	4.938	318.065	0.168
1618994102.52930	230.862	0.044	4.949	317.985	0.169
1618994102.57430	230.894	0.044	4.975	318.145	0.170
1618994102.57587	230.919	0.044	4.965	318.145	0.168
1618994102.61429	230.919	0.044	4.956	318.145	0.171
1618994102.61492	230.908	0.044	4.945	318.226	0.170
1618994102.65329	230.852	0.044	4.930	318.145	0.175
1618994102.65391	230.847	0.044	4.946	318.145	0.169
1618994102.69229	230.805	0.044	4.869	318.065	0.175
1618994102.71930	230.829	0.044	4.914	318.145	0.170
1618994102.75828	230.852	0.044	4.939	317.985	0.175
1618994102.75988	230.855	0.044	4.963	318.226	0.171
1618994102.77027	230.817	0.044	4.928	318.226	0.167
1618994102.80836	230.793	0.044	4.906	318.145	0.170
1618994102.80890	230.820	0.044	4.933	318.226	0.170
1618994102.84730	230.807	0.044	4.958	317.985	0.171
1618994102.86429	230.822	0.044	4.969	318.145	0.170
1618994102.87328	230.789	0.044	4.902	318.065	0.169
1618994102.91129	230.793	0.044	4.930	318.145	0.169
1618994102.92111	230.763	0.044	4.918	318.065	0.167
1618994102.93193	230.746	0.044	4.932	317.985	0.168
1618994102.96910	230.748	0.044	4.935	318.065	0.167
1618994102.97494	230.756	0.044	4.947	317.985	0.165
1618994103.01312	230.737	0.044	4.922	318.065	0.165
1618994103.02028	230.706	0.044	4.931	318.065	0.168
1618994103.03194	230.693	0.044	4.935	318.065	0.170
1618994103.07028	230.652	0.044	4.927	317.985	0.165
1618994103.08097	230.644	0.044	4.923	317.985	0.163
1618994103.09192	230.670	0.044	4.986	317.985	0.167
1618994103.12931	230.680	0.044	4.935	317.904	0.171
1618994103.12995	230.712	0.044	4.976	318.145	0.171
1618994103.17231	230.745	0.044	4.957	318.065	0.174
1618994103.19330	230.689	0.044	4.929	318.065	0.170
1618994103.23128	230.692	0.044	4.969	317.985	0.170
1618994103.24292	230.693	0.044	4.956	318.065	0.168
1618994103.25331	230.739	0.044	4.986	318.065	0.171
1618994103.29331	230.768	0.044	4.962	317.985	0.171
1618994103.29392	230.791	0.044	4.943	318.065	0.167
1618994103.33210	230.786	0.044	4.965	318.065	0.169
1618994103.37835	230.800	0.044	4.967	318.065	0.173
1618994103.37895	230.802	0.044	4.939	318.065	0.171
1618994103.38093	230.790	0.044	4.981	318.065	0.171
1618994103.39230	230.806	0.044	4.959	317.904	0.175
1618994103.42932	230.798	0.044	4.912	317.904	0.171
1618994103.44101	230.811	0.044	4.950	317.904	0.173
1618994103.45127	230.816	0.044	4.980	317.985	0.173
1618994103.48933	230.818	0.044	4.926	317.824	0.173
1618994103.50009	230.836	0.044	4.944	317.824	0.169
1618994103.51131	230.820	0.044	4.947	317.743	0.176
1618994103.55031	230.812	0.044	4.950	317.824	0.177
1618994103.56133	230.824	0.044	4.953	317.743	0.169
1618994103.57098	230.815	0.044	4.972	317.904	0.171
1618994103.61432	230.777	0.044	4.891	317.824	0.169
1618994103.61495	230.787	0.044	4.966	317.824	0.170
1618994103.65331	230.790	0.045	4.980	317.743	0.173
1618994103.69133	230.824	0.044	4.966	317.824	0.171
1618994103.69298	230.840	0.044	4.961	317.904	0.169
1618994103.69387	230.863	0.044	4.985	317.904	0.171
1618994103.74435	230.858	0.044	4.917	317.904	0.176
1618994103.74499	230.823	0.044	4.896	317.824	0.168
1618994103.76210	230.819	0.044	4.941	317.743	0.171
1618994103.77098	230.805	0.044	4.886	317.824	0.167
1618994103.80933	230.832	0.044	4.937	317.824	0.170
1618994103.82032	230.850	0.044	4.965	317.904	0.171
1618994103.83336	230.858	0.044	4.948	317.985	0.170
1618994103.87336	230.847	0.044	4.997	317.904	0.170
1618994103.88288	230.833	0.044	4.929	317.985	0.178
1618994103.89286	230.762	0.044	4.927	317.824	0.170
1618994103.93132	230.721	0.044	4.924	317.824	0.169
1618994103.93299	230.765	0.044	4.958	317.824	0.171
1618994103.96987	230.791	0.044	4.930	317.824	0.168
1618994103.99234	230.782	0.044	4.954	317.904	0.169
1618994103.99901	230.772	0.044	4.969	318.065	0.168
1618994104.04933	230.721	0.044	4.931	317.985	0.168
1618994104.04993	230.744	0.044	4.953	317.904	0.166
1618994104.05092	230.701	0.044	4.979	317.824	0.166
1618994104.08934	230.729	0.044	4.968	317.904	0.167
1618994104.09598	230.756	0.044	4.988	317.985	0.169
1618994104.13434	230.745	0.044	4.967	317.904	0.173
1618994104.13731	230.735	0.044	4.965	317.985	0.174
1618994104.17533	230.734	0.044	4.947	318.065	0.173
1618994104.17801	230.735	0.044	4.976	317.824	0.173
1618994104.19031	230.770	0.044	4.945	317.985	0.170
1618994104.22838	230.794	0.044	4.996	317.824	0.171
1618994104.25135	230.780	0.044	4.907	317.904	0.177
1618994104.28937	230.763	0.044	4.938	317.824	0.174
1618994104.32637	230.727	0.044	4.951	317.824	0.174
1618994104.32799	230.694	0.044	4.912	317.824	0.176
1618994104.34034	230.700	0.045	4.982	317.824	0.175
1618994104.37836	230.755	0.044	4.958	317.824	0.174
1618994104.37898	230.761	0.044	4.968	317.985	0.173
1618994104.38996	230.776	0.044	4.975	317.904	0.171
1618994104.42835	230.770	0.044	4.961	317.904	0.175
1618994104.42900	230.751	0.044	4.918	317.985	0.171
1618994104.46638	230.728	0.044	4.945	317.904	0.173
1618994104.47899	230.708	0.044	4.983	317.985	0.176
1618994104.51640	230.728	0.044	4.947	317.904	0.171
1618994104.51801	230.752	0.044	4.956	318.065	0.171
1618994104.55838	230.785	0.044	4.982	318.145	0.168
1618994104.57136	230.799	0.044	4.946	318.145	0.169
1618994104.60936	230.796	0.044	4.905	318.145	0.168
1618994104.65638	230.756	0.044	4.919	317.985	0.175
1618994104.65801	230.767	0.044	4.955	318.065	0.173
1618994104.65995	230.796	0.044	4.981	318.065	0.175
1618994104.67011	230.777	0.044	4.903	318.065	0.169
1618994104.70841	230.805	0.044	4.962	317.985	0.168
1618994104.73137	230.789	0.044	4.929	317.985	0.167
1618994104.76939	230.773	0.044	4.976	317.985	0.170
1618994104.78037	230.787	0.044	4.950	317.904	0.168
1618994104.79136	230.814	0.043	4.876	317.985	0.168
1618994104.82937	230.807	0.044	4.914	317.985	0.166
1618994104.83000	230.799	0.044	4.882	317.904	0.168
1618994104.86837	230.806	0.044	4.937	317.824	0.170
1618994104.88136	230.808	0.044	4.923	317.904	0.171
1618994104.89100	230.829	0.044	4.989	317.824	0.169
1618994104.92937	230.835	0.044	4.945	318.065	0.170
1618994104.94039	230.852	0.044	4.942	317.985	0.170
1618994104.95116	230.837	0.044	4.964	317.904	0.169
1618994104.99338	230.843	0.044	4.949	317.904	0.170
1618994104.99799	230.855	0.044	4.958	317.904	0.169
1618994105.03538	230.860	0.044	4.972	317.904	0.175
1618994105.03798	230.866	0.044	4.982	317.904	0.173
1618994105.07515	230.913	0.045	4.984	317.904	0.173
1618994105.07593	230.907	0.045	4.978	317.985	0.174
1618994105.11436	230.896	0.044	4.942	317.985	0.176
1618994105.11502	230.875	0.044	4.944	317.904	0.176
1618994105.15537	230.858	0.044	4.970	317.824	0.171
1618994105.15601	230.838	0.044	4.927	317.824	0.173
1618994105.19441	230.860	0.044	4.958	317.824	0.171
1618994105.21039	230.863	0.044	4.948	317.824	0.173
1618994105.24815	230.863	0.044	4.942	317.824	0.170
1618994105.28639	230.855	0.045	4.977	317.904	0.173
1618994105.28802	230.816	0.044	4.889	317.904	0.168
1618994105.33135	230.815	0.045	4.972	317.824	0.174
1618994105.33313	230.836	0.044	4.941	317.904	0.175
1618994105.33394	230.839	0.044	4.949	317.904	0.174
1618994105.37116	230.899	0.044	4.987	317.985	0.171
1618994105.37296	230.890	0.044	4.950	318.145	0.175
1618994105.41012	230.848	0.044	4.923	317.985	0.175
1618994105.42437	230.871	0.044	4.962	317.985	0.173
1618994105.46136	230.877	0.044	4.957	317.985	0.170
1618994105.46395	230.883	0.044	4.964	317.985	0.175
1618994105.50516	230.896	0.044	4.970	317.904	0.170
1618994105.50594	230.946	0.045	4.996	318.065	0.171
1618994105.51996	230.924	0.044	4.913	317.985	0.169
1618994105.53137	230.892	0.044	4.965	317.904	0.175
1618994105.56941	230.882	0.044	4.930	317.904	0.171
1618994105.58038	230.853	0.044	4.924	317.904	0.175
1618994105.59104	230.877	0.044	4.974	317.985	0.174
1618994105.62937	230.902	0.044	4.959	317.985	0.176
1618994105.64138	230.941	0.044	4.964	318.145	0.169
1618994105.65139	230.922	0.044	4.966	317.985	0.170
1618994105.68938	230.908	0.044	4.977	317.985	0.168
1618994105.72643	230.885	0.044	4.912	317.985	0.174
1618994105.72804	230.864	0.044	4.968	317.904	0.167
1618994105.74541	230.873	0.045	5.007	318.145	0.171
1618994105.75441	230.892	0.044	4.945	317.985	0.174
1618994105.79140	230.896	0.045	4.976	317.985	0.177
1618994105.79307	230.869	0.044	4.940	318.065	0.170
1618994105.83041	230.870	0.044	4.939	318.306	0.165
1618994105.84541	230.851	0.044	4.951	318.065	0.166
1618994105.88341	230.839	0.044	4.927	317.904	0.169
1618994105.88404	230.826	0.044	4.896	317.985	0.169
1618994105.92847	230.853	0.044	4.902	317.904	0.168
1618994105.93008	230.857	0.044	4.909	317.824	0.170
1618994105.94445	230.889	0.044	4.912	317.824	0.166
1618994105.98143	230.898	0.044	4.983	317.904	0.174
1618994105.98304	230.883	0.044	4.957	317.824	0.175
1618994105.99101	230.901	0.044	4.945	317.985	0.168
1618994106.02941	230.882	0.044	4.969	317.904	0.169
1618994106.03004	230.861	0.044	4.957	317.824	0.170
1618994106.06844	230.872	0.044	4.915	317.743	0.171
1618994106.08142	230.829	0.044	4.907	317.582	0.176
1618994106.11942	230.827	0.044	4.959	317.743	0.171
1618994106.12005	230.820	0.044	4.910	317.743	0.173
1618994106.13102	231.059	0.045	5.127	318.145	0.173
1618994106.17039	231.125	0.044	5.028	318.226	0.173
1618994106.17102	231.139	0.044	4.920	318.065	0.169
1618994106.20942	231.143	0.044	4.939	318.145	0.170
1618994106.21941	231.131	0.045	4.965	318.145	0.174
1618994106.25642	231.097	0.044	4.901	318.145	0.176
1618994106.26403	231.110	0.044	4.966	318.145	0.171
1618994106.30306	231.094	0.044	4.931	318.145	0.173
1618994106.31335	231.137	0.044	4.957	318.226	0.171
1618994106.35042	231.134	0.044	5.001	318.226	0.175
1618994106.35105	231.092	0.044	4.973	318.387	0.174
1618994106.39041	231.096	0.044	4.956	318.306	0.167
1618994106.39914	231.083	0.044	4.954	318.306	0.167
1618994106.42343	231.079	0.044	4.965	318.226	0.169
1618994106.46939	231.098	0.044	4.982	318.306	0.173
1618994106.47007	231.128	0.044	4.964	318.226	0.171
1618994106.47100	231.118	0.044	4.978	318.387	0.173
1618994106.50922	231.120	0.044	4.967	318.387	0.170
1618994106.51501	231.103	0.044	4.918	318.306	0.168
1618994106.55342	231.110	0.044	4.976	318.306	0.169
1618994106.55506	231.133	0.044	4.940	318.387	0.170
1618994106.59540	231.147	0.045	5.002	318.226	0.177
1618994106.59599	231.112	0.044	4.975	318.226	0.174
1618994106.61123	231.090	0.046	5.158	318.306	0.178
1618994106.65041	231.083	0.046	5.196	318.145	0.181
1618994106.65106	231.081	0.046	5.170	318.145	0.180
1618994106.68943	231.072	0.045	5.034	318.306	0.178
1618994106.69941	231.101	0.045	5.042	318.226	0.178
1618994106.73642	231.107	0.044	4.932	318.226	0.179
1618994106.77542	231.130	0.044	4.980	318.306	0.174
1618994106.77607	231.098	0.044	4.921	318.226	0.174
1618994106.78103	231.072	0.044	4.963	318.145	0.177
1618994106.79443	231.065	0.044	4.935	318.226	0.170
1618994106.83144	231.037	0.044	4.952	318.226	0.171
1618994106.83312	231.049	0.044	4.960	318.145	0.179
1618994106.87143	231.102	0.044	4.973	318.145	0.173
1618994106.87845	231.105	0.044	4.972	318.306	0.175
1618994106.92141	231.097	0.044	4.908	318.226	0.171
1618994106.92300	231.084	0.044	4.899	318.226	0.169
1618994106.96046	231.059	0.044	4.914	318.145	0.167
1618994106.96109	231.029	0.044	4.966	318.065	0.175
1618994106.97097	231.040	0.044	4.962	318.145	0.170
1618994107.00901	231.103	0.044	4.969	318.548	0.175
1618994107.01139	231.129	0.044	4.927	318.306	0.174
1618994107.04945	231.156	0.044	4.978	318.306	0.171
1618994107.09849	231.116	0.044	4.951	318.226	0.175
1618994107.10106	231.115	0.045	4.965	318.226	0.176
1618994107.13948	231.117	0.044	4.953	318.226	0.176
1618994107.14112	231.146	0.045	4.995	318.387	0.176
1618994107.15106	231.137	0.044	4.950	318.306	0.175
1618994107.20348	231.127	0.044	4.945	318.387	0.177
1618994107.20512	231.096	0.044	4.958	318.306	0.177
1618994107.24969	231.074	0.044	4.972	318.226	0.175
1618994107.25010	231.094	0.044	4.953	318.387	0.169
1618994107.25102	231.112	0.044	4.975	318.387	0.170
1618994107.28949	231.156	0.044	4.978	318.306	0.174
1618994107.29109	231.145	0.044	4.968	318.306	0.169
1618994107.32948	231.124	0.044	4.954	318.387	0.170
1618994107.33025	231.095	0.044	4.957	318.387	0.167
1618994107.36826	231.075	0.044	4.965	318.306	0.171
1618994107.38445	231.082	0.044	4.940	318.226	0.171
1618994107.39294	231.073	0.044	4.925	318.387	0.171
1618994107.43050	231.066	0.044	4.949	318.145	0.175
1618994107.44017	231.097	0.045	4.993	318.306	0.177
1618994107.45048	231.076	0.044	4.954	318.306	0.174
1618994107.48848	231.047	0.044	4.944	318.145	0.179
1618994107.49312	231.043	0.044	4.963	318.226	0.174
1618994107.53049	231.022	0.045	4.989	318.065	0.179
1618994107.57549	231.039	0.044	4.986	318.226	0.171
1618994107.57975	231.049	0.045	4.997	318.145	0.176
1618994107.57998	231.077	0.044	4.945	318.387	0.176
1618994107.62046	231.057	0.044	4.968	318.306	0.174
1618994107.62111	231.024	0.044	4.909	318.145	0.169
1618994107.63108	231.022	0.044	4.958	318.145	0.168
1618994107.67046	231.021	0.044	4.950	318.226	0.170
1618994107.67111	231.026	0.044	4.975	318.306	0.170
1618994107.71048	231.000	0.044	4.987	318.226	0.173
1618994107.72053	231.017	0.044	4.970	318.226	0.174
1618994107.75851	231.013	0.044	4.979	318.065	0.173
1618994107.76008	230.994	0.044	4.946	318.065	0.177
1618994107.79826	231.003	0.044	4.936	318.145	0.175
1618994107.80410	231.005	0.044	4.937	318.145	0.176
1618994107.84648	231.019	0.044	4.962	318.145	0.174
1618994107.84816	231.014	0.044	4.933	318.306	0.175
1618994107.89652	231.019	0.044	4.964	318.145	0.174
1618994107.89909	230.996	0.044	4.941	318.065	0.179
1618994107.90008	230.989	0.044	4.964	318.065	0.174
1618994107.93813	230.968	0.045	4.961	318.065	0.179
1618994107.94003	230.985	0.044	4.950	318.145	0.177
1618994107.95150	230.985	0.044	4.979	318.145	0.171
1618994107.98952	230.986	0.044	4.958	318.145	0.170
1618994107.99112	231.024	0.045	4.993	318.226	0.174
1618994108.03148	231.008	0.044	4.910	318.226	0.169
1618994108.04526	230.984	0.044	4.911	318.145	0.167
1618994108.05450	230.987	0.044	4.933	318.065	0.170
1618994108.09842	231.008	0.044	4.903	318.145	0.169
1618994108.13654	231.041	0.044	4.957	318.306	0.171
1618994108.13909	231.081	0.044	4.976	318.226	0.175
1618994108.15115	231.070	0.044	4.965	318.145	0.173
1618994108.19049	231.078	0.044	4.957	318.145	0.173
1618994108.20154	231.063	0.044	4.952	318.306	0.169
1618994108.21450	231.062	0.044	4.935	318.145	0.170
1618994108.25247	231.110	0.044	4.970	318.226	0.171
1618994108.25413	231.130	0.044	4.978	318.306	0.169
1618994108.29149	231.137	0.044	4.950	318.306	0.169
1618994108.30429	231.107	0.044	4.942	318.226	0.170
1618994108.31350	231.064	0.044	4.940	318.145	0.171
1618994108.35249	231.063	0.044	4.953	318.226	0.173
1618994108.36350	231.055	0.044	4.989	318.226	0.175
1618994108.37417	231.047	0.044	4.956	318.145	0.178
1618994108.41353	231.014	0.044	4.964	318.145	0.173
1618994108.41414	231.045	0.044	4.930	318.226	0.174
1618994108.45153	231.075	0.044	4.972	318.226	0.174
1618994108.47750	231.079	0.044	4.970	318.306	0.176
1618994108.47914	231.100	0.044	4.990	318.226	0.174
1618994108.50125	231.124	0.044	4.957	318.226	0.174
1618994108.51549	231.091	0.044	4.921	318.226	0.168
1618994108.55351	231.125	0.044	4.879	318.306	0.168
1618994108.56451	231.086	0.044	4.868	318.145	0.169
1618994108.57115	231.070	0.044	4.949	318.145	0.170
1618994108.60950	231.108	0.044	4.943	318.306	0.166
1618994108.62150	231.110	0.044	4.983	318.226	0.171
1618994108.63154	231.141	0.044	4.980	318.387	0.174
1618994108.67551	231.170	0.044	4.976	318.306	0.170
1618994108.68350	231.196	0.044	4.950	318.387	0.167
1618994108.69315	231.183	0.044	4.949	318.387	0.169
1618994108.73150	231.177	0.044	4.941	318.306	0.170
1618994108.73833	231.123	0.044	4.930	318.306	0.176
1618994108.75356	231.072	0.045	4.967	318.145	0.177
1618994108.79151	231.064	0.045	4.932	318.226	0.176
1618994108.79315	231.123	0.044	4.952	318.467	0.169
1618994108.83151	231.100	0.044	4.972	318.226	0.176
1618994108.84531	231.123	0.044	4.938	318.226	0.173
1618994108.88354	231.105	0.044	4.950	318.306	0.177
1618994108.89946	231.073	0.044	4.931	318.226	0.171
1618994108.93631	231.076	0.044	4.962	318.145	0.174
1618994108.93819	231.115	0.044	4.976	318.306	0.170
1618994108.95151	231.143	0.044	4.945	318.387	0.173
1618994108.99052	231.106	0.044	4.962	318.226	0.176
1618994109.00153	231.085	0.044	4.970	318.306	0.169
1618994109.01153	231.066	0.044	4.958	318.306	0.168
1618994109.04964	231.080	0.044	4.928	318.387	0.167
1618994109.05110	231.052	0.044	4.962	318.226	0.166
1618994109.09155	231.050	0.044	4.982	318.226	0.176
1618994109.10129	231.077	0.044	4.898	318.226	0.174
1618994109.11120	231.033	0.044	4.918	318.145	0.165
1618994109.15053	230.994	0.044	4.868	318.226	0.166
1618994109.16553	231.048	0.044	4.994	318.145	0.174
1618994109.17320	231.052	0.044	4.964	318.226	0.174
1618994109.21151	231.073	0.044	4.953	318.145	0.170
1618994109.21317	231.100	0.044	5.010	318.145	0.175
1618994109.25055	231.129	0.044	4.972	318.145	0.175
1618994109.29055	231.116	0.044	4.959	318.306	0.176
1618994109.29118	231.084	0.044	4.913	318.145	0.173
1618994109.30113	231.029	0.044	4.969	318.145	0.174
1618994109.33931	231.017	0.044	4.961	318.065	0.177
1618994109.34010	231.062	0.044	4.986	318.226	0.174
1618994109.36152	231.069	0.044	4.963	318.226	0.176
1618994109.37119	231.095	0.044	4.994	318.226	0.177
1618994109.40954	231.083	0.044	4.972	318.226	0.170
1618994109.44657	231.024	0.044	4.956	318.226	0.177
1618994109.44819	231.022	0.044	4.935	318.065	0.169
1618994109.46354	230.996	0.045	4.961	317.985	0.173
1618994109.47319	231.015	0.044	4.947	318.065	0.174
1618994109.51457	231.041	0.044	4.961	318.065	0.169
1618994109.52114	231.052	0.044	4.956	318.145	0.175
1618994109.53308	231.054	0.044	4.925	318.145	0.173
1618994109.57054	231.074	0.044	4.941	317.985	0.169
1618994109.58153	231.035	0.044	4.997	318.065	0.170
1618994109.59354	231.043	0.044	4.961	318.145	0.174
1618994109.63153	231.042	0.044	4.947	318.065	0.170
1618994109.64311	231.030	0.044	4.942	317.985	0.170
1618994109.65411	231.049	0.045	5.013	318.065	0.176
1618994109.69158	231.055	0.044	4.893	318.226	0.170
1618994109.69320	231.074	0.045	4.975	318.145	0.171
1618994109.73032	231.050	0.044	4.913	318.145	0.170
1618994109.75332	231.058	0.044	4.918	318.145	0.169
1618994109.75610	231.049	0.044	4.918	317.985	0.176
1618994109.79655	231.054	0.044	4.932	318.065	0.174
1618994109.80456	231.072	0.044	4.918	318.065	0.170
1618994109.81319	231.045	0.044	4.943	318.065	0.170
1618994109.85056	231.021	0.044	4.934	318.065	0.169
1618994109.86355	231.026	0.044	4.919	318.065	0.171
1618994109.90033	231.040	0.044	4.952	317.985	0.170
1618994109.90322	231.070	0.044	4.955	318.145	0.170
1618994109.94060	231.084	0.044	4.957	318.226	0.169
1618994109.94355	231.068	0.044	4.960	318.226	0.171
1618994109.95656	231.054	0.044	4.937	318.226	0.168
1618994109.99458	231.040	0.044	4.934	318.065	0.173
1618994110.01115	231.012	0.044	4.933	318.065	0.173
1618994110.04962	231.082	0.044	4.956	318.306	0.171
1618994110.06135	231.099	0.044	4.976	318.145	0.170
1618994110.07158	231.080	0.044	4.961	318.226	0.174
1618994110.11156	231.081	0.044	4.957	318.226	0.170
1618994110.12156	231.052	0.044	4.974	318.145	0.167
1618994110.13457	231.076	0.044	5.003	318.145	0.174
1618994110.17157	231.100	0.044	4.883	318.145	0.170
1618994110.17320	231.081	0.044	4.954	318.226	0.174
1618994110.21058	231.080	0.044	4.923	318.387	0.175
1618994110.25660	231.088	0.044	4.933	318.306	0.171
1618994110.25920	231.087	0.044	4.976	318.226	0.176
1618994110.29858	231.059	0.044	4.929	318.306	0.168
1618994110.30422	231.056	0.044	5.013	318.306	0.171
1618994110.34135	231.069	0.044	4.968	318.145	0.170
1618994110.34315	231.125	0.044	4.963	318.306	0.175
1618994110.38067	231.102	0.044	4.915	318.145	0.171
1618994110.38220	231.058	0.044	4.931	318.145	0.170
1618994110.39527	231.037	0.044	4.925	318.145	0.169
1618994110.43384	231.048	0.044	4.970	318.065	0.169
1618994110.45359	231.049	0.044	4.929	318.145	0.173
1618994110.49059	231.052	0.044	4.957	318.306	0.171
1618994110.49423	231.055	0.044	4.955	318.065	0.175
1618994110.53160	231.050	0.044	4.937	318.145	0.175
1618994110.57734	230.997	0.044	4.949	318.145	0.168
1618994110.57925	231.018	0.044	4.928	318.145	0.171
1618994110.58117	231.030	0.044	4.933	318.065	0.173
1618994110.61959	231.048	0.044	4.978	318.145	0.171
1618994110.62022	231.050	0.044	4.949	318.065	0.170
1618994110.63157	231.079	0.044	4.952	318.065	0.176
1618994110.67036	231.057	0.044	4.954	318.226	0.170
1618994110.67115	231.033	0.044	4.934	318.145	0.169
1618994110.70937	231.047	0.044	4.939	318.065	0.169
1618994110.71920	231.036	0.044	4.948	318.226	0.175
1618994110.73127	231.065	0.044	4.977	318.145	0.174
1618994110.76960	231.128	0.044	4.986	318.226	0.176
1618994110.80636	231.107	0.044	4.968	318.226	0.175
1618994110.80826	231.089	0.044	4.951	318.145	0.168
1618994110.81013	231.085	0.044	4.938	318.145	0.169
1618994110.84862	231.035	0.044	4.950	318.065	0.173
1618994110.87365	231.087	0.045	5.003	318.226	0.175
1618994110.91659	231.082	0.044	4.976	318.065	0.171
1618994110.92116	231.090	0.044	4.973	318.145	0.177
1618994110.93121	231.046	0.044	4.934	318.226	0.169
1618994110.96950	231.024	0.044	4.910	318.226	0.168
1618994110.97022	231.054	0.044	4.988	318.145	0.170
1618994111.00861	231.048	0.044	4.949	318.065	0.170
1618994111.03661	231.064	0.044	4.960	318.145	0.169
1618994111.04625	231.074	0.044	4.950	318.145	0.173
1618994111.09667	231.059	0.044	4.960	318.145	0.175
1618994111.09825	231.081	0.044	4.987	318.065	0.170
1618994111.09920	231.093	0.044	4.949	318.145	0.171
1618994111.13663	231.111	0.044	4.964	318.226	0.169
1618994111.13824	231.115	0.044	4.971	318.226	0.170
1618994111.17562	231.129	0.044	4.977	318.226	0.169
1618994111.17721	231.111	0.044	4.960	318.145	0.173
1618994111.21663	231.132	0.044	4.958	318.145	0.173
1618994111.22923	231.081	0.044	4.869	318.145	0.169
1618994111.23826	231.075	0.044	4.969	318.145	0.169
1618994111.27562	231.083	0.044	4.997	318.226	0.169
1618994111.31464	231.112	0.044	4.954	318.226	0.173
1618994111.31525	231.148	0.044	4.972	318.306	0.170
1618994111.31619	231.156	0.044	4.995	318.306	0.173
1618994111.35467	231.180	0.044	4.996	318.387	0.168
1618994111.35527	231.156	0.044	4.986	318.387	0.169
1618994111.39541	231.133	0.044	4.977	318.387	0.167
1618994111.40162	231.116	0.044	4.939	318.306	0.169
1618994111.43965	231.110	0.044	4.954	318.387	0.168
1618994111.45363	231.105	0.044	4.929	318.306	0.167
1618994111.49063	231.122	0.044	4.997	318.387	0.171
1618994111.49126	231.116	0.044	4.959	318.226	0.171
1618994111.52966	231.140	0.044	4.938	318.306	0.174
1618994111.55164	231.153	0.044	4.975	318.387	0.170
1618994111.57440	231.194	0.044	4.943	318.387	0.167
1618994111.61160	231.178	0.044	4.975	318.467	0.170
1618994111.61425	231.153	0.044	4.925	318.387	0.173
1618994111.65353	231.162	0.044	4.975	318.226	0.171
1618994111.65426	231.180	0.044	4.992	318.306	0.175
1618994111.69163	231.176	0.044	4.981	318.306	0.171
1618994111.73042	231.193	0.044	4.958	318.467	0.168
1618994111.73224	231.232	0.044	5.014	318.467	0.173
1618994111.73434	231.208	0.044	4.992	318.387	0.173
1618994111.77261	231.192	0.044	4.952	318.467	0.168
1618994111.77426	231.156	0.044	4.971	318.387	0.170
1618994111.81167	231.151	0.044	4.982	318.306	0.170
1618994111.81964	231.160	0.045	5.011	318.387	0.173
1618994111.83226	231.219	0.045	5.032	318.548	0.173
1618994111.87262	231.230	0.044	4.957	318.467	0.169
1618994111.87928	231.213	0.044	4.968	318.548	0.173
1618994111.91664	231.213	0.044	4.967	318.467	0.171
1618994111.91923	231.192	0.044	4.986	318.467	0.171
1618994111.95867	231.178	0.044	4.950	318.306	0.170
1618994111.95929	231.196	0.044	4.976	318.306	0.171
1618994112.00961	231.207	0.044	4.965	318.467	0.173
1618994112.01028	231.230	0.044	4.981	318.387	0.171
1618994112.02266	231.300	0.044	5.004	318.467	0.169
1618994112.03128	231.305	0.044	5.006	318.467	0.170
1618994112.06942	231.283	0.044	4.940	318.467	0.175
1618994112.07020	231.273	0.044	4.982	318.628	0.169
1618994112.10841	231.331	0.044	4.988	318.709	0.173
1618994112.11766	231.267	0.044	4.875	318.387	0.174
1618994112.15664	231.300	0.044	4.941	318.387	0.170
1618994112.15729	231.305	0.044	4.978	318.467	0.169
1618994112.19664	231.262	0.044	4.934	318.467	0.175
1618994112.19829	231.271	0.045	5.034	318.548	0.170
1618994112.23566	231.242	0.044	4.950	318.467	0.175
1618994112.23628	231.264	0.044	4.982	318.467	0.174
1618994112.27445	231.266	0.044	4.917	318.548	0.170
1618994112.27528	231.247	0.044	4.954	318.467	0.173
1618994112.31441	231.219	0.044	4.891	318.467	0.174
1618994112.31521	231.208	0.044	4.934	318.467	0.169
1618994112.35533	231.184	0.044	4.913	318.467	0.167
1618994112.36227	231.167	0.043	4.885	318.387	0.165
1618994112.37246	231.180	0.044	5.001	318.467	0.170
1618994112.42266	231.234	0.044	4.992	318.387	0.175
1618994112.46069	231.242	0.044	4.971	318.548	0.174
1618994112.46130	231.255	0.044	4.973	318.467	0.173
1618994112.47219	231.222	0.044	4.949	318.548	0.173
1618994112.51265	231.217	0.044	4.953	318.387	0.171
1618994112.51431	231.230	0.044	4.973	318.387	0.173
1618994112.55262	231.264	0.045	5.023	318.467	0.174
1618994112.55430	231.312	0.044	4.960	318.467	0.173
1618994112.59167	231.311	0.044	4.962	318.548	0.177
1618994112.59230	231.281	0.044	4.967	318.548	0.177
1618994112.63069	231.234	0.044	4.928	318.387	0.178
1618994112.63227	231.204	0.044	4.974	318.306	0.174
1618994112.67265	231.223	0.044	4.958	318.387	0.170
1618994112.68566	231.246	0.044	4.998	318.628	0.173
1618994112.72268	231.269	0.044	4.980	318.709	0.168
1618994112.73166	231.263	0.044	4.935	318.387	0.170
1618994112.73966	231.219	0.044	4.963	318.548	0.168
1618994112.77662	231.231	0.044	4.950	318.387	0.167
1618994112.77936	231.199	0.044	4.960	318.387	0.176
1618994112.82023	231.195	0.044	4.980	318.387	0.170
1618994112.82309	231.205	0.045	5.009	318.387	0.173
1618994112.83211	231.181	0.044	4.969	318.306	0.177
1618994112.87049	231.167	0.044	4.919	318.226	0.177
1618994112.88242	231.165	0.044	4.976	318.467	0.170
1618994112.89233	231.172	0.044	4.950	318.306	0.169
1618994112.93046	231.185	0.044	4.986	318.306	0.170
1618994112.93129	231.207	0.044	4.991	318.226	0.169
1618994112.96972	231.250	0.044	4.985	318.226	0.173
1618994113.01770	231.255	0.045	5.009	318.387	0.177
1618994113.02028	231.236	0.044	4.965	318.467	0.176
1618994113.02132	231.247	0.044	4.959	318.467	0.176
1618994113.06132	231.210	0.044	4.980	318.387	0.175
1618994113.09933	231.208	0.044	4.984	318.387	0.175
1618994113.10007	231.256	0.044	4.999	318.387	0.176
1618994113.11213	231.288	0.044	4.948	318.387	0.168
1618994113.15112	231.288	0.044	5.003	318.387	0.173
1618994113.16013	231.279	0.044	4.914	318.387	0.169
1618994113.19813	231.261	0.044	4.940	318.467	0.178
1618994113.19912	231.242	0.044	4.954	318.306	0.176
1618994113.23613	231.262	0.044	4.987	318.387	0.175
1618994113.23713	231.270	0.044	4.979	318.387	0.171
1618994113.27575	231.278	0.045	5.055	318.387	0.175
1618994113.27869	231.292	0.044	4.960	318.387	0.177
1618994113.31769	231.273	0.044	4.967	318.387	0.173
1618994113.32045	231.270	0.044	4.989	318.387	0.171
1618994113.35771	231.262	0.044	4.950	318.387	0.168
1618994113.36433	231.270	0.044	4.904	318.467	0.174
1618994113.40170	231.250	0.044	4.934	318.387	0.175
1618994113.40233	231.246	0.044	4.929	318.387	0.173
1618994113.44071	231.237	0.044	4.931	318.387	0.176
1618994113.44231	231.237	0.045	4.982	318.306	0.173
1618994113.46669	231.242	0.045	4.972	318.387	0.176
1618994113.50448	231.276	0.041	4.484	318.306	0.166
1618994113.50526	231.266	0.038	4.090	318.226	0.161
1618994113.55245	231.267	0.035	3.642	318.306	0.147
1618994113.55438	231.259	0.030	3.086	318.226	0.130
1618994113.55526	231.227	0.030	3.033	318.306	0.134
1618994113.57831	231.189	0.030	3.026	318.065	0.130
1618994113.61673	231.181	0.028	2.812	318.065	0.128
1618994113.61870	231.191	0.025	2.508	317.985	0.110
1618994113.65672	231.263	0.026	2.499	318.306	0.114
1618994113.66141	231.321	0.025	2.466	318.467	0.111
1618994113.68234	231.299	0.025	2.463	318.467	0.112
1618994113.69238	231.297	0.025	2.460	318.467	0.110
1618994113.73472	231.238	0.025	2.463	318.387	0.112
1618994113.74370	231.232	0.025	2.479	318.387	0.112
1618994113.75255	231.237	0.025	2.483	318.387	0.110
1618994113.80057	231.263	0.025	2.487	318.306	0.116
1618994113.83774	231.265	0.026	2.484	318.387	0.116
1618994113.83936	231.266	0.025	2.470	318.387	0.116
1618994113.87771	231.234	0.025	2.477	318.306	0.110
1618994113.87932	231.248	0.025	2.443	318.226	0.114
1618994113.91771	231.226	0.025	2.474	318.306	0.115
1618994113.91935	231.231	0.025	2.483	318.306	0.112
1618994113.95770	231.285	0.025	2.480	318.709	0.109
1618994113.96027	231.282	0.025	2.476	318.467	0.115
1618994113.99772	231.290	0.025	2.444	318.548	0.110
1618994114.00032	231.296	0.025	2.476	318.306	0.110
1618994114.01230	231.301	0.025	2.448	318.467	0.116
1618994114.05172	231.273	0.025	2.476	318.387	0.112
1618994114.06060	231.303	0.025	2.424	318.467	0.107
1618994114.07325	231.312	0.026	2.533	318.548	0.112
1618994114.11721	231.317	0.025	2.474	318.467	0.112
1618994114.15672	231.272	0.025	2.482	318.628	0.111
1618994114.15838	231.262	0.025	2.433	318.628	0.110
1618994114.17972	231.302	0.025	2.485	318.467	0.111
1618994114.21652	231.330	0.025	2.471	318.628	0.112
1618994114.21835	231.304	0.025	2.463	318.548	0.111
1618994114.25673	231.295	0.025	2.453	318.467	0.115
1618994114.25831	231.250	0.025	2.456	318.467	0.114
1618994114.29653	231.216	0.025	2.466	318.387	0.112
1618994114.29735	231.228	0.025	2.435	318.387	0.111
1618994114.33675	231.229	0.026	2.503	318.467	0.118
1618994114.33737	231.271	0.025	2.440	318.548	0.112
1618994114.37552	231.277	0.025	2.463	318.467	0.112
1618994114.41375	231.260	0.026	2.494	318.628	0.114
1618994114.41537	231.228	0.025	2.459	318.467	0.116
1618994114.43381	231.238	0.029	2.871	318.387	0.134
1618994114.44244	231.230	0.026	2.445	318.306	0.115
1618994114.45569	231.227	0.025	2.432	318.306	0.116
1618994114.49574	231.255	0.025	2.454	318.226	0.114
1618994114.49637	231.270	0.026	2.473	318.387	0.117
1618994114.53473	231.267	0.026	2.470	318.467	0.116
1618994114.57974	231.278	0.025	2.461	318.387	0.112
1618994114.58038	231.287	0.026	2.496	318.548	0.114
1618994114.58451	231.267	0.025	2.430	318.467	0.116
1618994114.62248	231.281	0.025	2.464	318.387	0.112
1618994114.62576	231.243	0.026	2.477	318.387	0.116
1618994114.64478	231.258	0.025	2.469	318.387	0.111
1618994114.68179	231.273	0.025	2.415	318.548	0.110
1618994114.68238	231.274	0.025	2.473	318.467	0.114
1618994114.70257	231.269	0.025	2.435	318.467	0.111
1618994114.71263	231.270	0.025	2.431	318.467	0.109
1618994114.76053	231.291	0.026	2.487	318.387	0.114
1618994114.76627	231.282	0.025	2.439	318.467	0.109
1618994114.77565	231.281	0.025	2.450	318.467	0.112
1618994114.81457	231.251	0.025	2.446	318.306	0.114
1618994114.85271	231.254	0.025	2.438	318.387	0.112
1618994114.86475	231.248	0.026	2.477	318.387	0.112
1618994114.87450	231.266	0.025	2.456	318.467	0.115
1618994114.91256	231.286	0.025	2.467	318.548	0.115
1618994114.92457	231.293	0.025	2.496	318.387	0.111
1618994114.93449	231.300	0.025	2.448	318.467	0.112
1618994114.99045	231.268	0.025	2.420	318.548	0.112
1618994114.99120	231.238	0.025	2.452	318.467	0.117
1618994114.99220	231.242	0.025	2.462	318.387	0.112
1618994115.03084	231.275	0.025	2.478	318.387	0.112
1618994115.07280	231.306	0.025	2.484	318.548	0.114
1618994115.11257	231.281	0.025	2.452	318.467	0.115
1618994115.11475	231.268	0.025	2.453	318.628	0.111
1618994115.12681	231.231	0.025	2.435	318.306	0.109
1618994115.16478	231.235	0.025	2.443	318.387	0.112
1618994115.16536	231.256	0.025	2.464	318.387	0.111
1618994115.18385	231.244	0.025	2.423	318.387	0.114
1618994115.19480	231.276	0.025	2.473	318.548	0.111
1618994115.23275	231.263	0.025	2.475	318.467	0.114
1618994115.24475	231.285	0.025	2.440	318.548	0.112
1618994115.25476	231.257	0.025	2.456	318.628	0.111
1618994115.29179	231.255	0.025	2.456	318.548	0.111
1618994115.29240	231.253	0.025	2.461	318.387	0.112
1618994115.33034	231.244	0.025	2.479	318.387	0.111
1618994115.37949	231.243	0.025	2.436	318.467	0.108
1618994115.38461	231.198	0.025	2.423	317.985	0.109
1618994115.40148	231.215	0.025	2.502	318.548	0.112
1618994115.44040	231.209	0.025	2.432	318.387	0.112
1618994115.44733	231.235	0.029	2.896	318.548	0.129
1618994115.48682	231.250	0.025	2.485	318.467	0.111
1618994115.48741	231.251	0.025	2.441	318.387	0.111
1618994115.50978	231.243	0.025	2.443	318.548	0.112
1618994115.52076	231.183	0.025	2.445	318.548	0.109
1618994115.55979	231.174	0.025	2.446	318.387	0.109
1618994115.56139	231.205	0.025	2.480	318.548	0.110
1618994115.57658	231.190	0.026	2.478	318.548	0.114
1618994115.61478	231.213	0.025	2.448	318.467	0.110
1618994115.61542	231.238	0.025	2.480	318.709	0.111
1618994115.65278	231.226	0.025	2.483	318.709	0.111
1618994115.69778	231.196	0.025	2.445	318.628	0.110
1618994115.70043	231.220	0.025	2.473	318.709	0.110
1618994115.70277	231.185	0.025	2.437	318.548	0.115
1618994115.74074	231.216	0.025	2.430	318.628	0.110
1618994115.74235	231.278	0.025	2.484	318.548	0.110
1618994115.75279	231.326	0.025	2.487	318.628	0.111
1618994115.79035	231.312	0.025	2.473	318.548	0.110
1618994115.79123	231.304	0.025	2.477	318.306	0.110
1618994115.82980	231.304	0.025	2.430	318.548	0.112
1618994115.84054	231.314	0.025	2.450	318.628	0.112
1618994115.87977	231.307	0.026	2.500	318.628	0.117
1618994115.91978	231.242	0.025	2.435	318.548	0.111
1618994115.93657	231.240	0.025	2.452	318.628	0.115
1618994115.97480	231.249	0.025	2.435	318.548	0.114
1618994115.99579	231.240	0.025	2.432	318.467	0.110
1618994116.03472	231.241	0.025	2.426	318.467	0.110
1618994116.04436	231.261	0.025	2.465	318.467	0.112
1618994116.05442	231.235	0.025	2.461	318.387	0.114
1618994116.09180	231.211	0.025	2.430	318.387	0.111
1618994116.09244	231.182	0.025	2.475	318.467	0.112
1618994116.13080	231.172	0.025	2.445	318.306	0.114
1618994116.17279	231.203	0.025	2.461	318.306	0.112
1618994116.17441	231.249	0.026	2.497	318.387	0.114
1618994116.21180	231.235	0.025	2.446	318.387	0.112
1618994116.21244	231.184	0.025	2.453	318.306	0.112
1618994116.21440	231.199	0.025	2.440	318.306	0.112
1618994116.25158	231.175	0.025	2.449	318.226	0.110
1618994116.25243	231.197	0.025	2.457	318.387	0.111
1618994116.29155	231.228	0.026	2.483	318.306	0.114
1618994116.30256	231.241	0.025	2.445	318.387	0.112
1618994116.31259	231.241	0.025	2.400	318.467	0.110
1618994116.35179	231.248	0.025	2.465	318.467	0.112
1618994116.36281	231.212	0.025	2.462	318.306	0.112
1618994116.37285	231.206	0.025	2.423	318.387	0.110
1618994116.41589	231.239	0.025	2.464	318.387	0.114
1618994116.41643	231.232	0.025	2.470	318.226	0.114
1618994116.45483	231.242	0.028	2.720	318.548	0.124
1618994116.47582	231.251	0.027	2.604	318.467	0.121
1618994116.49248	231.261	0.025	2.471	318.387	0.112
1618994116.50680	231.231	0.025	2.425	318.226	0.111
1618994116.54478	231.254	0.026	2.525	318.387	0.114
1618994116.54543	231.259	0.025	2.475	318.306	0.111
1618994116.56279	231.290	0.025	2.485	318.628	0.112
1618994116.60090	231.293	0.025	2.447	318.467	0.112
1618994116.60142	231.268	0.025	2.461	318.467	0.114
1618994116.61288	231.255	0.025	2.422	318.467	0.110
1618994116.65083	231.242	0.025	2.468	318.467	0.116
1618994116.66045	231.231	0.025	2.469	318.387	0.114
1618994116.69963	231.258	0.025	2.452	318.387	0.112
1618994116.70049	231.279	0.025	2.485	318.548	0.114
1618994116.72581	231.244	0.025	2.427	318.467	0.110
1618994116.76282	231.235	0.025	2.453	318.467	0.109
1618994116.76445	231.246	0.025	2.450	318.467	0.114
1618994116.80978	231.218	0.025	2.450	318.467	0.111
1618994116.81145	231.211	0.025	2.447	318.387	0.112
1618994116.82341	231.256	0.025	2.492	318.548	0.112
1618994116.83480	231.259	0.025	2.488	318.387	0.111
1618994116.87183	231.268	0.025	2.420	318.467	0.110
1618994116.88242	231.278	0.025	2.473	318.467	0.112
1618994116.89435	231.244	0.025	2.448	318.548	0.111
1618994116.93184	231.216	0.025	2.433	318.467	0.109
1618994116.94282	231.227	0.025	2.488	318.628	0.112
1618994116.95485	231.226	0.025	2.479	318.548	0.112
1618994116.99184	231.235	0.025	2.444	318.467	0.112
1618994116.99247	231.260	0.025	2.477	318.548	0.112
1618994117.03085	231.252	0.025	2.472	318.628	0.110
1618994117.05184	231.246	0.025	2.414	318.548	0.110
1618994117.05947	231.210	0.025	2.435	318.467	0.110
1618994117.09689	231.194	0.025	2.478	318.467	0.111
1618994117.10145	231.202	0.025	2.474	318.628	0.110
1618994117.11293	231.218	0.025	2.462	318.709	0.108
1618994117.15084	231.156	0.025	2.436	318.387	0.111
1618994117.15148	231.163	0.025	2.444	318.467	0.112
1618994117.18987	231.170	0.025	2.464	318.548	0.109
1618994117.22984	231.184	0.025	2.454	318.548	0.111
1618994117.23143	231.219	0.025	2.482	318.548	0.110
1618994117.26965	231.221	0.025	2.494	318.467	0.108
1618994117.27048	231.236	0.025	2.432	318.628	0.111
1618994117.30891	231.192	0.025	2.424	318.387	0.108
1618994117.31045	231.162	0.025	2.431	318.467	0.111
1618994117.34963	231.169	0.025	2.465	318.467	0.112
1618994117.37462	231.202	0.025	2.498	318.467	0.114
1618994117.41185	231.223	0.026	2.505	318.387	0.112
1618994117.44951	231.224	0.025	2.477	318.467	0.112
1618994117.45131	231.177	0.025	2.466	318.387	0.112
1618994117.49767	230.988	0.028	2.763	318.226	0.129
1618994117.49947	230.948	0.025	2.429	318.145	0.111
1618994117.50038	230.916	0.025	2.437	318.065	0.108
1618994117.53766	230.925	0.025	2.464	318.145	0.114
1618994117.53961	230.965	0.025	2.441	318.065	0.110
1618994117.57690	230.973	0.025	2.466	318.065	0.111
1618994117.57945	230.980	0.025	2.433	318.145	0.111
1618994117.59239	230.957	0.025	2.437	318.145	0.111
1618994117.63084	230.946	0.025	2.449	318.065	0.111
1618994117.63148	231.011	0.026	2.488	318.145	0.116
1618994117.66986	231.038	0.026	2.511	318.226	0.112
1618994117.71789	231.076	0.026	2.498	318.387	0.114
1618994117.71950	231.066	0.026	2.484	318.306	0.115
1618994117.75693	231.044	0.025	2.414	318.226	0.115
1618994117.76250	231.059	0.025	2.477	318.306	0.114
1618994117.80094	231.073	0.025	2.459	318.306	0.115
1618994117.80148	231.048	0.025	2.443	318.306	0.118
1618994117.84284	231.105	0.025	2.459	318.387	0.111
1618994117.84685	231.097	0.025	2.461	318.306	0.112
1618994117.85450	231.079	0.025	2.435	318.387	0.114
1618994117.89178	231.075	0.025	2.473	318.306	0.112
1618994117.89252	231.080	0.026	2.486	318.306	0.115
1618994117.93089	231.085	0.025	2.422	318.226	0.114
1618994117.94244	231.114	0.026	2.499	318.387	0.114
1618994117.95295	231.166	0.025	2.463	318.306	0.119
1618994117.99087	231.181	0.025	2.461	318.548	0.112
1618994118.01454	231.099	0.025	2.478	318.387	0.112
1618994118.05166	231.133	0.025	2.457	318.467	0.112
1618994118.06263	231.153	0.025	2.457	318.387	0.116
1618994118.07587	231.160	0.025	2.450	318.387	0.115
1618994118.11294	231.159	0.025	2.455	318.467	0.111
1618994118.11453	231.178	0.025	2.469	318.467	0.115
1618994118.15190	231.184	0.025	2.453	318.467	0.111
1618994118.19766	231.152	0.025	2.452	318.306	0.112
1618994118.19951	231.163	0.026	2.466	318.387	0.114
1618994118.23698	231.138	0.025	2.446	318.306	0.112
1618994118.23747	231.201	0.026	2.487	318.467	0.114
1618994118.27693	231.226	0.025	2.472	318.467	0.114
1618994118.29045	231.212	0.025	2.483	318.467	0.111
1618994118.30647	231.205	0.025	2.443	318.548	0.112
1618994118.31697	231.175	0.025	2.442	318.467	0.115
1618994118.35487	231.181	0.025	2.454	318.628	0.112
1618994118.39296	231.222	0.025	2.417	318.628	0.110
1618994118.43088	231.184	0.025	2.437	318.467	0.111
1618994118.43249	231.205	0.025	2.446	318.467	0.112
1618994118.44456	231.228	0.025	2.484	318.628	0.117
1618994118.48190	231.225	0.025	2.455	318.548	0.112
1618994118.48349	231.219	0.029	2.855	318.548	0.130
1618994118.49488	231.268	0.025	2.390	318.548	0.112
1618994118.53166	231.243	0.025	2.419	318.467	0.112
1618994118.54493	231.223	0.025	2.438	318.548	0.111
1618994118.55489	231.229	0.025	2.446	318.548	0.114
1618994118.59991	231.186	0.025	2.434	318.548	0.114
1618994118.63892	231.228	0.025	2.467	318.628	0.114
1618994118.64149	231.236	0.026	2.491	318.548	0.112
1618994118.65242	231.235	0.025	2.447	318.628	0.111
1618994118.67790	231.205	0.025	2.429	318.467	0.109
1618994118.71756	231.171	0.025	2.430	318.467	0.111
1618994118.71944	231.120	0.025	2.441	318.548	0.110
1618994118.75644	231.124	0.025	2.468	318.467	0.112
1618994118.75748	231.131	0.025	2.451	318.548	0.114
1618994118.79991	231.186	0.025	2.474	318.548	0.110
1618994118.81299	231.214	0.025	2.450	318.628	0.115
1618994118.85046	231.191	0.025	2.427	318.628	0.110
1618994118.86235	231.195	0.025	2.451	318.467	0.109
1618994118.87292	231.166	0.025	2.423	318.467	0.110
1618994118.91069	231.172	0.025	2.455	318.548	0.110
1618994118.91148	231.203	0.025	2.476	318.548	0.111
1618994118.94893	231.225	0.025	2.459	318.628	0.114
1618994118.98898	231.194	0.025	2.438	318.548	0.110
1618994118.99456	231.154	0.025	2.443	318.467	0.114
1618994119.03196	231.173	0.025	2.452	318.548	0.114
1618994119.03255	231.215	0.025	2.449	318.628	0.112
1618994119.07044	231.202	0.025	2.459	318.548	0.114
1618994119.07135	231.175	0.025	2.434	318.548	0.112
1618994119.10948	231.180	0.025	2.414	318.467	0.109
1618994119.12231	231.133	0.025	2.423	318.387	0.110
1618994119.16036	231.136	0.025	2.444	318.387	0.110
1618994119.16136	231.151	0.025	2.446	318.548	0.111
1618994119.17236	231.166	0.025	2.485	318.467	0.111
1618994119.21164	231.166	0.025	2.481	318.467	0.111
1618994119.22291	231.177	0.025	2.428	318.548	0.109
1618994119.23486	231.124	0.025	2.497	318.387	0.116
1618994119.27297	231.123	0.025	2.471	318.548	0.112
1618994119.28594	231.119	0.025	2.472	318.467	0.110
1618994119.29491	231.102	0.025	2.434	318.548	0.115
1618994119.33169	231.127	0.025	2.466	318.548	0.110
1618994119.34257	231.164	0.025	2.472	318.548	0.112
1618994119.35300	231.156	0.025	2.470	318.628	0.114
1618994119.39093	231.110	0.025	2.428	318.467	0.112
1618994119.39156	231.092	0.025	2.413	318.548	0.115
1618994119.42992	231.099	0.026	2.492	318.467	0.114
1618994119.47301	231.107	0.025	2.435	318.548	0.110
1618994119.47458	231.116	0.025	2.457	318.467	0.114
1618994119.47549	231.167	0.028	2.727	318.548	0.132
1618994119.51298	231.177	0.027	2.649	318.548	0.121
1618994119.51457	231.180	0.025	2.423	318.628	0.112
1618994119.55194	231.141	0.025	2.471	318.548	0.111
1618994119.55256	231.154	0.025	2.429	318.628	0.112
1618994119.59095	231.162	0.025	2.443	318.628	0.112
1618994119.61494	231.160	0.025	2.465	318.548	0.114
1618994119.65194	231.188	0.025	2.452	318.548	0.112
1618994119.66293	231.196	0.025	2.457	318.628	0.114
1618994119.67494	231.180	0.025	2.449	318.467	0.111
1618994119.71172	231.163	0.025	2.423	318.548	0.111
1618994119.71250	231.168	0.025	2.426	318.628	0.111
1618994119.75095	231.189	0.025	2.442	318.548	0.112
1618994119.77198	231.302	0.026	2.492	318.789	0.110
1618994119.77992	231.308	0.025	2.479	318.709	0.112
1618994119.81700	231.282	0.025	2.440	318.709	0.117
1618994119.82255	231.282	0.025	2.430	318.628	0.114
1618994119.83494	231.267	0.025	2.463	318.709	0.115
1618994119.87194	231.293	0.025	2.460	318.709	0.111
1618994119.87257	231.311	0.025	2.448	318.709	0.112
1618994119.91198	231.304	0.025	2.483	318.709	0.114
1618994119.95270	231.282	0.025	2.446	318.709	0.116
1618994119.95452	231.282	0.025	2.494	318.628	0.115
1618994119.95549	231.269	0.025	2.400	318.789	0.110
1618994119.99300	231.261	0.025	2.468	318.628	0.114
1618994119.99459	231.287	0.025	2.416	318.709	0.112
1618994120.03299	231.281	0.025	2.453	318.709	0.118
1618994120.07173	231.294	0.025	2.479	318.709	0.110
1618994120.07653	231.305	0.025	2.450	318.709	0.111
1618994120.12396	231.270	0.025	2.463	318.628	0.112
1618994120.12556	231.306	0.025	2.457	318.628	0.111
1618994120.14294	231.271	0.025	2.451	318.628	0.114
1618994120.15494	231.260	0.025	2.438	318.628	0.111
1618994120.19298	231.297	0.025	2.452	318.789	0.111
1618994120.20395	231.282	0.025	2.456	318.709	0.111
1618994120.21501	231.263	0.025	2.447	318.628	0.110
1618994120.25796	231.268	0.025	2.437	318.548	0.117
1618994120.25960	231.243	0.025	2.426	318.628	0.110
1618994120.29699	231.270	0.025	2.449	318.628	0.114
1618994120.30955	231.286	0.025	2.461	318.628	0.112
1618994120.32173	231.304	0.025	2.452	318.548	0.115
1618994120.34272	231.240	0.025	2.437	318.467	0.114
1618994120.35595	231.231	0.025	2.445	318.548	0.116
1618994120.39301	231.211	0.025	2.442	318.548	0.115
1618994120.40265	231.202	0.025	2.439	318.467	0.111
1618994120.41298	231.208	0.025	2.465	318.467	0.115
1618994120.45084	231.247	0.025	2.474	318.467	0.114
1618994120.46297	231.238	0.025	2.461	318.467	0.111
1618994120.47497	231.247	0.026	2.463	318.467	0.115
1618994120.51206	231.215	0.029	2.835	318.628	0.129
1618994120.52502	231.167	0.026	2.473	318.467	0.112
1618994120.56197	231.183	0.025	2.430	318.467	0.114
1618994120.56998	231.216	0.025	2.463	318.467	0.114
1618994120.58162	231.218	0.025	2.424	318.467	0.112
1618994120.59395	231.259	0.026	2.510	318.387	0.115
1618994120.63201	231.238	0.025	2.435	318.467	0.114
1618994120.63260	231.197	0.025	2.428	318.467	0.114
1618994120.67251	231.179	0.025	2.466	318.387	0.114
1618994120.67796	231.177	0.025	2.430	318.467	0.114
1618994120.71804	231.189	0.025	2.466	318.467	0.112
1618994120.72105	231.239	0.026	2.496	318.709	0.118
1618994120.75898	231.242	0.025	2.454	318.709	0.118
1618994120.76061	231.255	0.026	2.456	318.548	0.120
1618994120.77261	231.290	0.025	2.476	318.709	0.114
1618994120.81097	231.239	0.025	2.469	318.628	0.114
1618994120.85798	231.228	0.025	2.379	318.628	0.112
1618994120.85907	231.252	0.025	2.435	318.628	0.114
1618994120.89679	231.248	0.025	2.482	318.628	0.112
1618994120.89745	231.232	0.025	2.452	318.628	0.112
1618994120.93547	231.203	0.025	2.439	318.467	0.112
1618994120.94655	231.253	0.025	2.451	318.628	0.112
1618994120.98399	231.267	0.025	2.470	318.628	0.111
1618994120.98661	231.273	0.025	2.447	318.709	0.115
1618994121.02401	231.293	0.025	2.421	318.709	0.115
1618994121.02563	231.291	0.025	2.449	318.789	0.110
1618994121.03598	231.263	0.025	2.441	318.628	0.111
1618994121.07376	231.260	0.025	2.440	318.709	0.112
1618994121.07557	231.250	0.025	2.463	318.789	0.114
1618994121.11306	231.194	0.025	2.427	318.628	0.110
1618994121.12065	231.140	0.025	2.435	318.548	0.111
1618994121.15800	231.140	0.025	2.464	318.548	0.116
1618994121.16103	231.154	0.025	2.431	318.548	0.114
1618994121.19776	231.151	0.025	2.439	318.548	0.112
1618994121.20108	231.127	0.025	2.427	318.548	0.110
1618994121.22799	231.139	0.025	2.415	318.387	0.114
1618994121.26601	231.127	0.025	2.453	318.387	0.115
1618994121.30476	231.183	0.025	2.455	318.548	0.115
1618994121.30903	231.270	0.026	2.491	318.709	0.114
1618994121.32104	231.266	0.025	2.444	318.709	0.115
1618994121.35802	231.248	0.025	2.440	318.709	0.111
1618994121.39706	231.238	0.025	2.450	318.548	0.112
1618994121.39765	231.266	0.025	2.472	318.628	0.114
1618994121.39856	231.249	0.025	2.423	318.709	0.112
1618994121.43715	231.272	0.025	2.453	318.709	0.114
1618994121.43761	231.323	0.025	2.474	318.709	0.109
1618994121.47704	231.277	0.025	2.388	318.709	0.111
1618994121.48857	231.261	0.025	2.452	318.628	0.112
1618994121.50265	231.258	0.025	2.442	318.628	0.110
1618994121.51305	231.271	0.029	2.838	318.628	0.124
1618994121.55102	231.270	0.026	2.513	318.548	0.119
1618994121.55165	231.280	0.025	2.465	318.709	0.114
1618994121.58903	231.263	0.025	2.444	318.628	0.112
1618994121.59865	231.236	0.025	2.451	318.548	0.114
1618994121.63778	231.202	0.025	2.440	318.387	0.114
1618994121.65269	231.227	0.025	2.430	318.467	0.115
1618994121.69106	231.242	0.025	2.440	318.548	0.114
1618994121.69167	231.276	0.026	2.488	318.628	0.112
1618994121.69258	231.272	0.025	2.420	318.628	0.112
1618994121.73259	231.326	0.025	2.483	318.628	0.111
1618994121.74301	231.671	0.027	2.665	319.192	0.116
1618994121.75401	231.707	0.025	2.462	319.192	0.111
1618994121.79304	231.667	0.025	2.504	319.272	0.112
1618994121.80364	231.683	0.025	2.469	319.192	0.112
1618994121.81367	231.684	0.025	2.454	319.111	0.109
1618994121.85304	231.722	0.025	2.462	319.272	0.111
1618994121.85357	231.741	0.025	2.448	319.272	0.112
1618994121.89176	231.698	0.025	2.434	319.272	0.114
1618994121.93756	231.698	0.025	2.427	319.272	0.114
1618994121.93950	231.676	0.025	2.480	319.192	0.112
1618994121.97755	231.681	0.025	2.428	319.031	0.109
1618994121.97842	231.691	0.025	2.496	318.789	0.109
1618994122.00258	231.703	0.025	2.421	318.870	0.108
1618994122.04107	231.723	0.025	2.500	319.192	0.112
1618994122.04167	231.749	0.025	2.429	319.272	0.111
1618994122.08002	231.746	0.025	2.468	319.192	0.114
1618994122.08167	231.740	0.025	2.425	319.192	0.112
1618994122.12112	231.757	0.025	2.460	319.272	0.116
1618994122.12265	231.766	0.025	2.460	319.272	0.114
1618994122.13707	231.785	0.025	2.459	319.272	0.110
1618994122.17603	231.679	0.025	2.406	319.272	0.109
1618994122.17666	231.673	0.025	2.469	319.272	0.117
1618994122.21404	231.702	0.025	2.432	319.192	0.115
1618994122.25309	231.745	0.026	2.482	319.192	0.111
1618994122.25367	231.742	0.025	2.478	319.353	0.114
1618994122.26409	231.749	0.025	2.441	319.272	0.111
1618994122.30303	231.742	0.025	2.427	319.272	0.112
1618994122.30367	231.714	0.025	2.422	319.353	0.112
1618994122.32282	231.679	0.025	2.453	319.272	0.115
1618994122.33310	231.682	0.025	2.437	319.272	0.114
1618994122.37105	231.678	0.025	2.451	319.272	0.112
1618994122.38271	231.725	0.026	2.474	319.272	0.115
1618994122.39307	231.745	0.025	2.462	319.192	0.114
1618994122.43202	231.712	0.025	2.454	319.272	0.114
1618994122.44268	231.719	0.025	2.428	319.433	0.114
1618994122.45268	231.663	0.025	2.401	319.192	0.110
1618994122.50374	231.660	0.025	2.466	319.192	0.112
1618994122.50564	231.697	0.025	2.445	319.272	0.114
1618994122.51606	231.746	0.027	2.660	319.353	0.126
1618994122.55289	231.753	0.027	2.731	319.192	0.122
1618994122.55362	231.752	0.025	2.454	319.111	0.107
1618994122.59309	231.728	0.025	2.411	319.192	0.112
1618994122.60910	231.700	0.025	2.455	319.111	0.112
1618994122.61709	231.680	0.025	2.457	319.192	0.114
1618994122.65781	231.709	0.025	2.454	319.192	0.111
1618994122.66910	231.684	0.025	2.425	319.031	0.115
1618994122.70681	231.699	0.025	2.406	319.111	0.115
1618994122.70763	231.662	0.025	2.391	319.031	0.110
1618994122.71172	231.670	0.026	2.475	319.031	0.118
1618994122.75069	231.682	0.026	2.493	319.111	0.116
1618994122.76363	231.677	0.027	2.558	319.111	0.127
1618994122.77405	231.684	0.025	2.462	319.111	0.114
1618994122.81405	231.714	0.025	2.460	319.192	0.112
1618994122.81569	231.734	0.025	2.468	319.272	0.114
1618994122.85313	231.714	0.025	2.474	319.192	0.112
1618994122.86509	231.694	0.025	2.410	319.192	0.110
1618994122.87309	231.695	0.026	2.491	319.192	0.116
1618994122.91205	231.669	0.025	2.430	319.111	0.112
1618994122.94905	231.693	0.025	2.480	319.111	0.112
1618994122.95065	231.737	0.025	2.430	319.272	0.114
1618994122.96804	231.708	0.025	2.455	319.272	0.110
1618994122.97570	231.702	0.025	2.473	319.192	0.114
1618994123.01310	231.669	0.025	2.428	319.192	0.112
1618994123.02266	231.642	0.025	2.437	319.111	0.109
1618994123.03260	231.667	0.025	2.460	319.192	0.115
1618994123.07309	231.662	0.025	2.482	319.192	0.112
1618994123.08365	231.693	0.025	2.431	319.192	0.114
1618994123.09261	231.722	0.025	2.468	319.272	0.111
1618994123.13206	231.686	0.025	2.419	319.192	0.111
1618994123.13271	231.647	0.025	2.450	319.192	0.111
1618994123.17083	231.673	0.025	2.449	319.111	0.112
1618994123.18406	231.670	0.025	2.438	319.111	0.116
1618994123.19406	231.677	0.025	2.461	319.192	0.110
1618994123.23690	231.685	0.025	2.461	319.192	0.111
1618994123.24566	231.727	0.025	2.479	319.272	0.116
1618994123.28309	231.732	0.025	2.463	319.192	0.112
1618994123.28369	231.735	0.025	2.471	319.353	0.111
1618994123.29369	231.728	0.025	2.442	319.192	0.112
1618994123.33209	231.706	0.025	2.480	319.272	0.115
1618994123.34285	231.720	0.025	2.445	319.192	0.116
1618994123.35409	231.739	0.025	2.436	319.272	0.112
1618994123.39507	231.703	0.025	2.460	319.111	0.114
1618994123.40808	231.756	0.025	2.454	319.192	0.112
1618994123.41575	231.774	0.025	2.454	319.272	0.112
1618994123.45405	231.783	0.025	2.423	319.272	0.116
1618994123.45563	231.771	0.025	2.437	319.192	0.112
1618994123.49312	231.739	0.025	2.433	319.192	0.115
1618994123.51312	231.726	0.025	2.439	319.272	0.111
1618994123.52073	231.713	0.025	2.465	319.192	0.110
1618994123.54310	231.688	0.028	2.788	319.111	0.131
1618994123.58098	231.673	0.026	2.501	319.111	0.116
1618994123.58174	231.674	0.025	2.480	319.031	0.114
1618994123.60261	231.680	0.025	2.465	319.111	0.115
1618994123.61264	231.662	0.025	2.426	319.031	0.111
1618994123.65211	231.677	0.025	2.489	319.031	0.112
1618994123.65273	231.706	0.025	2.474	319.192	0.112
1618994123.69110	231.678	0.025	2.416	319.111	0.110
1618994123.73609	231.660	0.025	2.414	319.111	0.111
1618994123.73774	231.660	0.025	2.470	319.111	0.111
1618994123.77906	231.679	0.025	2.442	319.111	0.114
1618994123.78075	231.681	0.025	2.471	319.031	0.112
1618994123.79312	231.694	0.025	2.441	319.031	0.109
1618994123.83210	231.675	0.025	2.443	319.031	0.112
1618994123.83275	231.678	0.025	2.463	319.192	0.114
1618994123.87358	231.687	0.025	2.434	319.111	0.112
1618994123.87554	231.712	0.025	2.469	319.192	0.115
1618994123.91314	231.688	0.025	2.441	319.031	0.115
1618994123.91375	231.680	0.025	2.453	319.111	0.114
1618994123.95211	231.714	0.025	2.427	319.192	0.110
1618994123.95274	231.689	0.025	2.438	319.111	0.114
1618994123.99206	231.668	0.025	2.458	319.111	0.108
1618994123.99775	231.672	0.025	2.454	319.192	0.111
1618994124.03609	231.688	0.025	2.476	319.111	0.114
1618994124.03774	231.704	0.025	2.437	319.111	0.114
1618994124.07612	231.690	0.025	2.452	319.192	0.114
1618994124.07675	231.674	0.025	2.465	319.111	0.115
1618994124.11413	231.665	0.025	2.409	319.031	0.110
1618994124.12211	231.643	0.025	2.470	319.031	0.115
1618994124.16059	231.643	0.025	2.453	319.111	0.115
1618994124.20856	231.658	0.025	2.470	319.031	0.109
1618994124.21210	231.677	0.025	2.484	319.192	0.112
1618994124.21375	231.679	0.025	2.419	319.192	0.109
1618994124.25213	231.664	0.025	2.494	319.192	0.114
1618994124.25885	231.647	0.025	2.432	319.111	0.114
1618994124.29721	231.656	0.025	2.466	319.192	0.110
1618994124.29773	231.681	0.025	2.461	319.192	0.110
1618994124.35189	231.671	0.025	2.462	319.272	0.112
1618994124.35368	231.724	0.025	2.458	319.192	0.111
1618994124.35610	231.722	0.025	2.439	319.272	0.112
1618994124.39389	231.703	0.025	2.431	319.192	0.111
1618994124.39564	231.679	0.025	2.387	319.111	0.110
1618994124.43314	231.637	0.025	2.454	319.192	0.114
1618994124.43367	231.679	0.025	2.457	319.111	0.112
1618994124.47214	231.678	0.025	2.418	319.111	0.112
1618994124.48177	231.706	0.026	2.502	319.192	0.112
1618994124.52010	231.698	0.025	2.462	319.111	0.117
1618994124.52177	231.678	0.025	2.435	319.272	0.116
1618994124.53266	231.669	0.025	2.433	319.111	0.115
1618994124.57211	231.662	0.029	2.830	319.111	0.127
1618994124.57377	231.661	0.025	2.464	319.111	0.110
1618994124.61212	231.661	0.025	2.444	319.111	0.112
1618994124.61780	231.637	0.025	2.451	318.950	0.112
1618994124.65611	231.669	0.025	2.426	319.111	0.114
1618994124.66915	231.646	0.025	2.426	319.111	0.112
1618994124.70810	231.640	0.025	2.463	319.031	0.114
1618994124.70871	231.656	0.025	2.437	319.111	0.114
1618994124.71079	231.675	0.025	2.475	319.192	0.114
1618994124.74816	231.675	0.025	2.426	319.192	0.114
1618994124.74880	231.688	0.025	2.405	319.031	0.110
1618994124.79081	231.669	0.025	2.428	319.111	0.111
1618994124.80076	231.680	0.025	2.439	319.111	0.112
1618994124.82313	231.661	0.025	2.454	319.031	0.112
1618994124.83315	231.693	0.026	2.490	319.192	0.114
1618994124.87113	231.693	0.025	2.400	319.111	0.111
1618994124.87174	231.753	0.025	2.483	319.272	0.112
1618994124.90877	231.757	0.025	2.472	319.192	0.114
1618994124.91074	231.734	0.025	2.416	319.111	0.111
1618994124.94815	231.707	0.025	2.474	319.192	0.112
1618994124.94875	231.678	0.025	2.433	319.272	0.112
1618994124.98814	231.669	0.025	2.424	319.031	0.110
1618994124.98878	231.692	0.025	2.458	319.272	0.115
1618994125.02716	231.718	0.026	2.482	319.111	0.112
1618994125.05413	231.738	0.025	2.466	319.192	0.112
1618994125.09190	231.708	0.025	2.450	319.353	0.117
1618994125.09270	231.701	0.025	2.404	319.192	0.111
1618994125.13116	231.688	0.025	2.450	319.192	0.111
1618994125.17612	231.690	0.025	2.444	319.272	0.114
1618994125.17778	231.692	0.025	2.450	319.031	0.114
1618994125.21620	231.691	0.025	2.456	319.031	0.112
1618994125.21814	231.672	0.025	2.434	319.031	0.114
1618994125.25620	231.658	0.025	2.455	319.192	0.114
1618994125.25679	231.695	0.025	2.471	319.031	0.115
1618994125.27317	231.708	0.025	2.425	319.111	0.111
1618994125.31118	231.696	0.025	2.464	319.192	0.115
1618994125.32414	231.704	0.025	2.484	319.192	0.115
1618994125.36219	231.697	0.025	2.435	319.272	0.116
1618994125.37319	231.703	0.025	2.482	319.111	0.115
1618994125.41121	231.708	0.025	2.418	319.192	0.112
1618994125.43318	231.709	0.025	2.487	319.111	0.115
1618994125.47120	231.717	0.025	2.458	319.111	0.111
1618994125.49319	231.709	0.025	2.462	319.111	0.111
1618994125.53115	231.664	0.025	2.381	318.950	0.114
1618994125.53180	231.664	0.026	2.495	318.950	0.115
1618994125.57117	231.707	0.026	2.555	319.031	0.120
1618994125.58520	231.689	0.028	2.773	319.031	0.127
1618994125.59316	231.686	0.025	2.470	319.111	0.115
1618994125.63118	231.669	0.025	2.434	319.111	0.114
1618994125.65298	231.665	0.025	2.452	319.111	0.109
1618994125.69094	231.668	0.025	2.466	319.031	0.112
1618994125.69173	231.676	0.025	2.452	318.950	0.111
1618994125.72919	231.692	0.025	2.466	318.950	0.114
1618994125.77823	231.727	0.025	2.454	319.031	0.111
1618994125.77876	231.705	0.025	2.435	319.192	0.112
1618994125.78216	231.690	0.025	2.440	319.111	0.110
1618994125.79181	231.686	0.025	2.455	319.031	0.112
1618994125.82919	231.708	0.025	2.474	319.111	0.114
1618994125.84217	231.710	0.025	2.477	319.111	0.111
