[    0.000000] Booting Linux on physical CPU 0x0
[    0.000000] Linux version 4.19.118-v7+ (dom@buildbot) (gcc version 4.9.3 (crosstool-NG crosstool-ng-1.22.0-88-g8460611)) #1311 SMP Mon Apr 27 14:21:24 BST 2020
[    0.000000] CPU: ARMv7 Processor [410fd034] revision 4 (ARMv7), cr=10c5383d
[    0.000000] CPU: div instructions available: patching division code
[    0.000000] CPU: PIPT / VIPT nonaliasing data cache, VIPT aliasing instruction cache
[    0.000000] OF: fdt: Machine model: Raspberry Pi 3 Model B Plus Rev 1.3
[    0.000000] Memory policy: Data cache writealloc
[    0.000000] cma: Reserved 8 MiB at 0x3ac00000
[    0.000000] random: get_random_bytes called from start_kernel+0xac/0x4b4 with crng_init=0
[    0.000000] percpu: Embedded 16 pages/cpu s36864 r8192 d20480 u65536
[    0.000000] Built 1 zonelists, mobility grouping on.  Total pages: 240555
[    0.000000] Kernel command line: coherent_pool=1M 8250.nr_uarts=1 snd_bcm2835.enable_compat_alsa=0 snd_bcm2835.enable_hdmi=1 snd_bcm2835.enable_headphones=1 bcm2708_fb.fbwidth=
656 bcm2708_fb.fbheight=416 bcm2708_fb.fbswap=1 vc_mem.mem_base=0x3ec00000 vc_mem.mem_size=0x40000000  dwc_otg.lpm_enable=0 console=ttyAMA0,115200 console=tty1 root=PARTUUID=4c999
877-02 rootfstype=ext4 elevator=deadline fsck.repair=yes rootwait
[    0.000000] Dentry cache hash table entries: 131072 (order: 7, 524288 bytes)
[    0.000000] Inode-cache hash table entries: 65536 (order: 6, 262144 bytes)
[    0.000000] Memory: 939064K/970752K available (8192K kernel code, 656K rwdata, 2232K rodata, 1024K init, 831K bss, 23496K reserved, 8192K cma-reserved)
[    0.000000] Virtual kernel memory layout:
[    0.000000]     vector  : 0xffff0000 - 0xffff1000   (   4 kB)
[    0.000000]     fixmap  : 0xffc00000 - 0xfff00000   (3072 kB)
[    0.000000]     vmalloc : 0xbb800000 - 0xff800000   (1088 MB)
[    0.000000]     lowmem  : 0x80000000 - 0xbb400000   ( 948 MB)
[    0.000000]     modules : 0x7f000000 - 0x80000000   (  16 MB)
[    0.000000]       .text : 0x(ptrval) - 0x(ptrval)   (9184 kB)
[    0.000000]       .init : 0x(ptrval) - 0x(ptrval)   (1024 kB)
[    0.000000]       .data : 0x(ptrval) - 0x(ptrval)   ( 657 kB)
[    0.000000]        .bss : 0x(ptrval) - 0x(ptrval)   ( 832 kB)
[    0.000000] SLUB: HWalign=64, Order=0-3, MinObjects=0, CPUs=4, Nodes=1
[    0.000000] ftrace: allocating 27093 entries in 80 pages
[    0.000000] rcu: Hierarchical RCU implementation.
[    0.000000] NR_IRQS: 16, nr_irqs: 16, preallocated irqs: 16
[    0.000000] arch_timer: cp15 timer(s) running at 19.20MHz (phys).
[    0.000000] clocksource: arch_sys_counter: mask: 0xffffffffffffff max_cycles: 0x46d987e47, max_idle_ns: 440795202767 ns
[    0.000007] sched_clock: 56 bits at 19MHz, resolution 52ns, wraps every 4398046511078ns
[    0.000023] Switching to timer-based delay loop, resolution 52ns
[    0.000276] Console: colour dummy device 80x30
[    0.000912] console [tty1] enabled
[    0.000970] Calibrating delay loop (skipped), value calculated using timer frequency.. 38.40 BogoMIPS (lpj=192000)
[    0.001013] pid_max: default: 32768 minimum: 301
[    0.001378] Mount-cache hash table entries: 2048 (order: 1, 8192 bytes)
[    0.001414] Mountpoint-cache hash table entries: 2048 (order: 1, 8192 bytes)
[    0.002368] CPU: Testing write buffer coherency: ok
[    0.002853] CPU0: thread -1, cpu 0, socket 0, mpidr 80000000
[    0.003535] Setting up static identity map for 0x100000 - 0x10003c
[    0.003704] rcu: Hierarchical SRCU implementation.
[    0.004532] smp: Bringing up secondary CPUs ...
[    0.005444] CPU1: thread -1, cpu 1, socket 0, mpidr 80000001
[    0.006422] CPU2: thread -1, cpu 2, socket 0, mpidr 80000002
[    0.007342] CPU3: thread -1, cpu 3, socket 0, mpidr 80000003
[    0.007456] smp: Brought up 1 node, 4 CPUs
[    0.007537] SMP: Total of 4 processors activated (153.60 BogoMIPS).
[    0.007561] CPU: All CPU(s) started in HYP mode.
[    0.007582] CPU: Virtualization extensions available.
[    0.008575] devtmpfs: initialized
[    0.022021] VFP support v0.3: implementor 41 architecture 3 part 40 variant 3 rev 4
[    0.022296] clocksource: jiffies: mask: 0xffffffff max_cycles: 0xffffffff, max_idle_ns: 19112604462750000 ns
[    0.022346] futex hash table entries: 1024 (order: 4, 65536 bytes)
[    0.022957] pinctrl core: initialized pinctrl subsystem
[    0.023823] NET: Registered protocol family 16
[    0.027066] DMA: preallocated 1024 KiB pool for atomic coherent allocations
[    0.032974] hw-breakpoint: found 5 (+1 reserved) breakpoint and 4 watchpoint registers.
[    0.033010] hw-breakpoint: maximum watchpoint size is 8 bytes.
[    0.033229] Serial: AMBA PL011 UART driver
[    0.035582] bcm2835-mbox 3f00b880.mailbox: mailbox enabled
[    0.050028] raspberrypi-firmware soc:firmware: Attached to firmware from 2020-04-15 11:43, variant start
[    0.060041] raspberrypi-firmware soc:firmware: Firmware hash is 82f9bb929ce2186eb1824178c1ae82902ad6275c
[    0.103084] bcm2835-dma 3f007000.dma: DMA legacy API manager at (ptrval), dmachans=0x1
[    0.104738] SCSI subsystem initialized
[    0.104985] usbcore: registered new interface driver usbfs
[    0.105066] usbcore: registered new interface driver hub
[    0.105178] usbcore: registered new device driver usb
[    0.106904] clocksource: Switched to clocksource arch_sys_counter
[    0.197457] VFS: Disk quotas dquot_6.6.0
[    0.197568] VFS: Dquot-cache hash table entries: 1024 (order 0, 4096 bytes)
[    0.197739] FS-Cache: Loaded
[    0.197967] CacheFiles: Loaded
[    0.207960] NET: Registered protocol family 2
[    0.208829] tcp_listen_portaddr_hash hash table entries: 512 (order: 0, 6144 bytes)
[    0.208893] TCP established hash table entries: 8192 (order: 3, 32768 bytes)
[    0.209023] TCP bind hash table entries: 8192 (order: 4, 65536 bytes)
[    0.209227] TCP: Hash tables configured (established 8192 bind 8192)
[    0.209390] UDP hash table entries: 512 (order: 2, 16384 bytes)
[    0.209460] UDP-Lite hash table entries: 512 (order: 2, 16384 bytes)
[    0.209720] NET: Registered protocol family 1
[    0.210307] RPC: Registered named UNIX socket transport module.
[    0.210334] RPC: Registered udp transport module.
[    0.210355] RPC: Registered tcp transport module.
[    0.210376] RPC: Registered tcp NFSv4.1 backchannel transport module.
[    0.212222] hw perfevents: enabled with armv7_cortex_a7 PMU driver, 7 counters available
[    0.215331] Initialise system trusted keyrings
[    0.215546] workingset: timestamp_bits=14 max_order=18 bucket_order=4
[    0.225517] FS-Cache: Netfs 'nfs' registered for caching
[    0.226098] NFS: Registering the id_resolver key type
[    0.226159] Key type id_resolver registered
[    0.226181] Key type id_legacy registered
[    0.226212] nfs4filelayout_init: NFSv4 File Layout Driver Registering...
[    0.231660] Key type asymmetric registered
[    0.231696] Asymmetric key parser 'x509' registered
[    0.231770] Block layer SCSI generic (bsg) driver version 0.4 loaded (major 250)
[    0.231965] io scheduler noop registered
[    0.231990] io scheduler deadline registered (default)
[    0.232207] io scheduler cfq registered
[    0.232232] io scheduler mq-deadline registered (default)
[    0.232256] io scheduler kyber registered
[    0.234466] bcm2708_fb soc:fb: FB found 1 display(s)
[    0.243824] Console: switching to colour frame buffer device 82x26
[    0.250680] bcm2708_fb soc:fb: Registered framebuffer for display 0, size 656x416
[    0.256322] Serial: 8250/16550 driver, 1 ports, IRQ sharing enabled
[    0.260167] bcm2835-rng 3f104000.rng: hwrng registered
[    0.262851] vc-mem: phys_addr:0x00000000 mem_base=0x3ec00000 mem_size:0x40000000(1024 MiB)
[    0.268253] vc-sm: Videocore shared memory driver
[    0.271061] gpiomem-bcm2835 3f200000.gpiomem: Initialised: Registers at 0x3f200000
[    0.286983] brd: module loaded
[    0.299717] loop: module loaded
[    0.302812] Loading iSCSI transport class v2.0-870.
[    0.305992] libphy: Fixed MDIO Bus: probed
[    0.308551] usbcore: registered new interface driver lan78xx
[    0.311072] usbcore: registered new interface driver smsc95xx
[    0.313510] dwc_otg: version 3.00a 10-AUG-2012 (platform bus)
[    0.343816] dwc_otg 3f980000.usb: base=(ptrval)
[    0.546515] Core Release: 2.80a
[    0.548997] Setting default values for core params
[    0.551497] Finished setting default values for core params
[    0.754271] Using Buffer DMA mode
[    0.756672] Periodic Transfer Interrupt Enhancement - disabled
[    0.759100] Multiprocessor Interrupt Enhancement - disabled
[    0.761482] OTG VER PARAM: 0, OTG VER FLAG: 0
[    0.763822] Dedicated Tx FIFOs mode
[    0.766505] WARN::dwc_otg_hcd_init:1074: FIQ DMA bounce buffers: virt = bad14000 dma = 0xfad14000 len=9024
[    0.771099] FIQ FSM acceleration enabled for :
[    0.771099] Non-periodic Split Transactions
[    0.771099] Periodic Split Transactions
[    0.771099] High-Speed Isochronous Endpoints
[    0.771099] Interrupt/Control Split Transaction hack enabled
[    0.782028] WARN::hcd_init_fiq:457: FIQ on core 1
[    0.784252] WARN::hcd_init_fiq:458: FIQ ASM at 8068fda0 length 36
[    0.786460] WARN::hcd_init_fiq:497: MPHI regs_base at bb810000
[    0.788713] dwc_otg 3f980000.usb: DWC OTG Controller
[    0.790970] dwc_otg 3f980000.usb: new USB bus registered, assigned bus number 1
[    0.793288] dwc_otg 3f980000.usb: irq 56, io mem 0x00000000
[    0.795589] Init: Port Power? op_state=1
[    0.797843] Init: Power Port (0)
[    0.800264] usb usb1: New USB device found, idVendor=1d6b, idProduct=0002, bcdDevice= 4.19
[    0.804777] usb usb1: New USB device strings: Mfr=3, Product=2, SerialNumber=1
[    0.807214] usb usb1: Product: DWC OTG Controller
[    0.809582] usb usb1: Manufacturer: Linux 4.19.118-v7+ dwc_otg_hcd
[    0.812012] usb usb1: SerialNumber: 3f980000.usb
[    0.814970] hub 1-0:1.0: USB hub found
[    0.817277] hub 1-0:1.0: 1 port detected
[    0.820316] usbcore: registered new interface driver usb-storage
[    0.822779] mousedev: PS/2 mouse device common for all mice
[    0.825919] bcm2835-wdt bcm2835-wdt: Broadcom BCM2835 watchdog timer
[    0.828570] bcm2835-cpufreq: min=600000 max=1400000
[    0.831386] sdhci: Secure Digital Host Controller Interface driver
[    0.833802] sdhci: Copyright(c) Pierre Ossman
[    0.836610] sdhost-bcm2835 3f202000.mmc: could not get clk, deferring probe
[    0.839300] sdhci-pltfm: SDHCI platform and OF driver helper
[    0.843355] ledtrig-cpu: registered to indicate activity on CPUs
[    0.846048] hidraw: raw HID events driver (C) Jiri Kosina
[    0.848819] usbcore: registered new interface driver usbhid
[    0.851366] usbhid: USB HID core driver
[    0.854699] vchiq: vchiq_init_state: slot_zero = (ptrval), is_master = 0
[    0.858861] [vc_sm_connected_init]: start
[    0.868579] [vc_sm_connected_init]: end - returning 0
[    0.872108] Initializing XFRM netlink socket
[    0.874494] NET: Registered protocol family 17
[    0.876976] Key type dns_resolver registered
[    0.879949] Registering SWP/SWPB emulation handler
[    0.882950] registered taskstats version 1
[    0.885327] Loading compiled-in X.509 certificates
[    0.894364] uart-pl011 3f201000.serial: cts_event_workaround enabled
[    0.896867] 3f201000.serial: ttyAMA0 at MMIO 0x3f201000 (irq = 81, base_baud = 0) is a PL011 rev2
[    1.900592] console [ttyAMA0] enabled
[    1.908676] sdhost: log_buf @ (ptrval) (fad13000)
[    1.964149] mmc0: sdhost-bcm2835 loaded - DMA enabled (>1)
[    1.973328] of_cfs_init
[    1.978178] of_cfs_init: OK
[    1.983744] Waiting for root device PARTUUID=4c999877-02...
[    2.017025] Indeed it is in host mode hprt0 = 00021501
[    2.112072] random: fast init done
[    2.122716] mmc0: host does not support reading read-only switch, assuming write-enable
[    2.141867] mmc0: new high speed SDHC card at address aaaa
[    2.150897] mmcblk0: mmc0:aaaa SL16G 14.8 GiB
[    2.164104]  mmcblk0: p1 p2
[    2.210920] EXT4-fs (mmcblk0p2): mounted filesystem with ordered data mode. Opts: (null)
[    2.224020] VFS: Mounted root (ext4 filesystem) readonly on device 179:2.
[    2.226944] usb 1-1: new high-speed USB device number 2 using dwc_otg
[    2.242665] Indeed it is in host mode hprt0 = 00001101
[    2.244835] devtmpfs: mounted
[    2.312264] Freeing unused kernel memory: 1024K
[    2.319720] Run /sbin/init as init process
[    2.487242] usb 1-1: New USB device found, idVendor=0424, idProduct=2514, bcdDevice= b.b3
[    2.500621] usb 1-1: New USB device strings: Mfr=0, Product=0, SerialNumber=0
[    2.511143] hub 1-1:1.0: USB hub found
[    2.517771] hub 1-1:1.0: 4 ports detected
[    2.836955] usb 1-1.1: new high-speed USB device number 3 using dwc_otg
[    2.956700] systemd[1]: System time before build time, advancing clock.
[    2.967302] usb 1-1.1: New USB device found, idVendor=0424, idProduct=2514, bcdDevice= b.b3
[    2.981181] usb 1-1.1: New USB device strings: Mfr=0, Product=0, SerialNumber=0
[    2.992039] hub 1-1.1:1.0: USB hub found
[    2.998927] hub 1-1.1:1.0: 3 ports detected
[    3.025639] systemd[1]: systemd 241 running in system mode. (+PAM +AUDIT +SELINUX +IMA +APPARMOR +SMACK +SYSVINIT +UTMP +LIBCRYPTSETUP +GCRYPT +GNUTLS +ACL +XZ +LZ4 +SECCOMP +B
LKID +ELFUTILS +KMOD -IDN2 +IDN -PCRE2 default-hierarchy=hybrid)
[    3.056560] systemd[1]: Detected architecture arm.
[    3.085304] systemd[1]: Set hostname to <raspberrypi>.
[    3.303114] uart-pl011 3f201000.serial: no DMA platform data
[    3.666967] usb 1-1.1.1: new high-speed USB device number 4 using dwc_otg
[    3.797393] usb 1-1.1.1: New USB device found, idVendor=0424, idProduct=7800, bcdDevice= 3.00
[    3.811483] usb 1-1.1.1: New USB device strings: Mfr=0, Product=0, SerialNumber=0
[    4.029856] random: systemd: uninitialized urandom read (16 bytes read)
[    4.051008] random: systemd: uninitialized urandom read (16 bytes read)
[    4.060984] systemd[1]: Listening on initctl Compatibility Named Pipe.
[    4.074344] random: systemd: uninitialized urandom read (16 bytes read)
[    4.084216] systemd[1]: Started Dispatch Password Requests to Console Directory Watch.
[    4.088849] lan78xx 1-1.1.1:1.0 (unnamed net_device) (uninitialized): No External EEPROM. Setting MAC Speed
[    4.114473] libphy: lan78xx-mdiobus: probed
[    4.125625] systemd[1]: Listening on udev Control Socket.
[    4.139238] systemd[1]: Listening on Syslog Socket.
[    4.141762] lan78xx 1-1.1.1:1.0 (unnamed net_device) (uninitialized): int urb period 64
[    4.164950] systemd[1]: Reached target Swap.
[    4.176281] systemd[1]: Listening on Journal Socket.
[    4.187598] systemd[1]: Condition check resulted in Kernel Module supporting RPCSEC_GSS being skipped.
[    8.541063] Unable to handle kernel paging request at virtual address 80900000
[    8.549206] pgd = 03164a06
[    8.549212] [80900000] *pgd=0081940e(bad)
[    8.557773] Internal error: Oops: 8000000d [#1] SMP ARM
[    8.557779] Modules linked in:
[    8.557788] CPU: 1 PID: 287 Comm: dbus-daemon Not tainted 4.19.118-v7+ #1311
[    8.557790] Hardware name: BCM2835
[    8.557803] PC is at _etext+0x0/0x10
[    8.557811] LR is at __kprobes_text_end+0x3ebc/0x89d78
[    8.557816] pc : [<80900000>]    lr : [<8087a144>]    psr: 80000013
[    8.557819] sp : b70fdb60  ip : b70fdb60  fp : b70fdba4
[    8.557822] r10: bab41534  r9 : 80842454  r8 : 006080c0
[    8.557825] r7 : b70fdc48  r6 : 00000100  r5 : 00000100  r4 : 006080c0
[    8.557828] r3 : 80ae92b8  r2 : ffffffff  r1 : 006080c0  r0 : b9c01c00
[    8.557836] Flags: Nzcv  IRQs on  FIQs on  Mode SVC_32  ISA ARM  Segment user
[    8.557842] Control: 10c5383d  Table: 3715806a  DAC: 00000055
[    8.557848] Process dbus-daemon (pid: 287, stack limit = 0x3104726c)
[    8.557853] Stack: (0xb70fdb60 to 0xb70fe000)
[    8.557867] db60: b70fdbf4 b70fdb70 00000000 00000000 b7c28800 b706c000 b7c28800 006080c0
[    8.557876] db80: 00000100 80873f0c b70fdc48 b70fdc44 b6425778 bab41534 b70fdbcc b70fdba8
[    8.557882] dba0: 80842454 8087a120 b5c50000 ba365400 b949ad00 b6425000 bab41548 000001de
[    8.557888] dbc0: b70fdbf4 b70fdbd0 80873f0c 8084241c b6425000 bab41548 000001de b70fdc48
[    8.557893] dbe0: b70fdc44 b6425778 b70fdc3c b70fdbf8 805301e0 80873eec bab41548 bab41548
[    8.557898] dc00: 805301e0 80873ee4 b70fdc24 00000000 8086ef7c 005def80 00000000 00000309
[    8.557903] dc20: 80d04d48 b644f800 b70fc000 b70fdf4c b70fdc7c b70fdc40 80530444 80530154
[    8.557910] dc40: 80191a14 80191930 b70fdc64 01c22cd2 80126db0 00000309 b70fde3c 00000309
[    8.557916] dc60: 00000000 00000309 00000000 b70fdf4c b70fdc8c b70fdc80 80530818 805303a4
[    8.557921] dc80: b70fdc9c b70fdc90 805362c0 805307d4 b70fdcec b70fdca0 8053637c 80536294
[    8.557926] dca0: b70fc000 00000309 80d04d48 b644fb09 80203680 80204884 8072f480 01c22cd2
[    8.557931] dcc0: ffffffff 00000309 00000000 00000309 00000800 00000309 b7ef2900 b70fdf4c
[    8.557936] dce0: b70fdd24 b70fdcf0 8072f4e0 805362d8 00000000 00000800 00000309 00000309
[    8.557944] dd00: 80810f20 b70fdde8 00000800 00000309 00000000 b874219c b70fdd3c b70fdd28
[    8.557949] dd20: 80810f50 8072f488 b70fdde8 b7ef2900 b70fdde4 b70fdd40 80812704 80810f2c
[    8.557954] dd40: 8014b638 b8458f00 ba365400 8086e570 00000001 80dcad48 b70fc000 00000000
[    8.557960] dd60: 00000001 b8742314 80d04d48 b59b6540 b8742100 00000000 00000000 b70fdd88
[    8.557965] dd80: b874234c 00000000 80d04d48 00000000 00000000 00000000 00000000 00000000
[    8.557970] dda0: b70fdde4 b70fddb0 80539c98 802d145c b70fde3c 01c22cd2 b70fde3c 80d04d48
[    8.557976] ddc0: b59b6540 80d04d48 40000040 b70fde7c 7efd8840 7efd87d8 b70fde1c b70fdde8
[    8.557990] dde0: 80812dc8 80812478 80810f20 b59b6540 b70fdf44 00000000 00000800 40000040
[    8.557997] de00: 00000000 01c22cd2 00000000 b70fdf44 b70fde2c b70fde20 8071bdfc 80812d78
[    8.558007] de20: b70fdf2c b70fde30 8071e1d8 8071bde0 8032151c 00000000 00000000 005def80
[    8.558016] de40: 00000800 80d04d48 b717cf14 00000000 00000000 80c93ad8 803213cc 80d04d48
[    8.558021] de60: b717cf14 00000000 00000000 b717cf2c b70fde9c b70fde80 80203680 80204884
[    8.558026] de80: b717cf00 80321418 40000093 b717cf00 b70fdee4 b70fdea0 80321418 8086fdc8
[    8.558031] dea0: 80321cb8 b70fdf40 7efd8508 b70fdeac b70fdeac 01c22cd2 b70fdee4 80d04d48
[    8.558036] dec0: b6422240 00000040 7efd8508 00000001 80d04d48 00000000 b70fdf94 b70fdee8
[    8.558041] dee0: 80321cf0 8032121c 00000000 b70fdef8 80102538 802f16d4 b70fdf14 01c22cd2
[    8.558046] df00: 802f16d4 80d04d48 b59b6540 40000000 7efd8840 801011c4 b70fc000 00000129
[    8.558051] df20: b70fdf94 b70fdf30 8071f454 8071e134 00000000 00000000 80c94fa8 00000000
[    8.558056] df40: fffffff7 00000000 00000000 00000000 00000000 00000800 b70fde3c 00000001
[    8.558061] df60: 80101f24 7efd87d8 0000004c 40000000 00000000 01c22cd2 7efd8840 00000009
[    8.558066] df80: 0000004c 00000129 b70fdfa4 b70fdf98 8071f4b0 8071f404 00000000 b70fdfa8
[    8.558071] dfa0: 80101000 8071f4a0 7efd8840 00000009 00000009 7efd8840 40000000 00000000
[    8.558076] dfc0: 7efd8840 00000009 0000004c 00000129 00000800 00000000 7efd88a8 7efd8884
[    8.558082] dfe0: 76f0de64 7efd87c0 76ef2018 76d2a6e0 60000010 00000009 00000000 00000000
[    8.558095] Code: 00000000 00000000 00000000 00000000 (74696e69)
[    8.558103] ---[ end trace 81b8512d1e8da094 ]---
[    8.607706] Unable to handle kernel paging request at virtual address bfefdffc
[    8.979234] Unable to handle kernel paging request at virtual address f7318f28
[    8.987407] pgd = fab37f0c
[    8.998604] pgd = 9d2b0609
[    9.009779] [bfefdffc] *pgd=00000000
[    9.020960] [f7318f28] *pgd=00000000
[    9.032137] Internal error: Oops: 5 [#2] SMP ARM
[    9.120290] Modules linked in:
[    9.120298] CPU: 3 PID: 295 Comm: avahi-daemon Tainted: G      D           4.19.118-v7+ #1311
[    9.120300] Hardware name: BCM2835
[    9.120312] PC is at select_task_rq_fair+0x5b4/0xf0c
[    9.120318] LR is at try_to_wake_up+0x114/0x48c
[    9.120323] pc : [<8015b7b4>]    lr : [<8014e52c>]    psr: a0000093
[    9.158787] sp : b66d9b10  ip : b66d8010  fp : b66d9bac
[    9.158790] r10: 00000001  r9 : b9f26900  r8 : b9ef5400
[    9.158793] r7 : 80d04e68  r6 : b9c09000  r5 : 00000000  r4 : 00000003
[    9.158796] r3 : 0000000f  r2 : bfefdfe8  r1 : b9ce4680  r0 : ffffffff
[    9.158801] Flags: NzCv  IRQs off  FIQs on  Mode SVC_32  ISA ARM  Segment user
[    9.194283] Control: 10c5383d  Table: 3644006a  DAC: 00000055
[    9.194286] Process avahi-daemon (pid: 295, stack limit = 0x5cb9a8df)
[    9.194290] Stack: (0xb66d9b10 to 0xb66da000)
[    9.194294] 9b00:                                     51eb851f 00000008 00000070 00000000
[    9.223661] 9b20: ffffffff ffffffff 00000000 b66d8010 ffffffff 00000000 00000000 00000100
[    9.223666] 9b40: f01a09b0 ffffffff 00000010 b9c09000 00000010 80d04d73 00000003 b9ce4680
[    9.223671] 9b60: 00000000 ba385400 00000000 8015546c 80c95400 b66d9b80 80d054c4 b9f26e44
[    9.223676] 9b80: 40000093 b9f26900 8015b200 b9f26e44 80d04d48 80c95400 00000001 b9f26bdc
[    9.223681] 9ba0: b66d9bf4 b66d9bb0 8014e52c 8015b20c 80d054c4 40000093 ba385480 00000000
[    9.276009] 9bc0: 010bd213 01c22cd2 b66d9c5c b654fdd0 00000000 b64cc784 00000000 b66d9c68
[    9.276014] 9be0: 00000001 00000001 b66d9c04 b66d9bf8 8014e988 8014e424 b66d9c1c b66d9c08
[    9.276019] 9c00: 80169ab4 8014e978 00000304 b64cc778 b66d9c54 b66d9c20 80169088 80169aa4
[    9.276024] 9c20: 00000000 00000001 a0000013 b64cc780 00000001 b66d9c68 00000304 00000001
[    9.276029] 9c40: 00000001 b655409c b66d9cac b66d9c58 8016938c 80168ff4 00000304 b66d9c68
[    9.276035] 9c60: a0000013 80d04d48 00000000 00000000 00000000 b66d9c74 b66d9c74 01c22cd2
[    9.342171] 9c80: 80874454 b6554300 b65543f0 b66d9e18 00000000 00000001 00000000 b655409c
[    9.342178] 9ca0: b66d9cc4 b66d9cb0 80169654 80169314 00000304 b66d9cc0 b66d9cdc b66d9cc8
[    9.364533] 9cc0: 80811d30 8016962c 80811ccc b6554300 b66d9cf4 b66d9ce0 807236ec 80811cd8
[    9.364538] 9ce0: 80d04d48 b6646cc0 b66d9d24 b66d9cf8 808115dc 80723690 00000000 00000000
[    9.364543] 9d00: 00000000 00000000 00000000 01c22cd2 b6646cc0 00000000 b66d9d3c b66d9d28
[    9.398078] 9d20: 80729b88 8081155c b6646cc0 b6646cc0 b66d9d54 b66d9d40 80729c38 80729b10
[    9.398085] 9d40: 00000001 b6646cc0 b66d9d6c b66d9d58 8072a3c8 80729c28 b6646cc0 b6554000
[    9.420437] 9d60: b66d9e14 b66d9d70 8081298c 8072a39c 80203680 b6554300 b655454c b6646cc0
[    9.420444] 9d80: 00000001 80dcad48 b66d8000 7fffffff 00000001 b6554214 80d04d48 b598c000
[    9.442801] 9da0: b6554000 00000000 00000000 00000001 b655424c 00000001 00000001 00000000
[    9.442806] 9dc0: 00000000 00000000 00000000 00000000 b66d9df4 00000003 00000001 80155d60
[    9.442811] 9de0: 00000000 01c22cd2 b6554000 80d04d48 00000000 80d04d48 b66d9ed8 b6645240
[    9.442816] 9e00: 00000001 00000000 b66d9e4c b66d9e18 80812dc8 80812478 80810f20 b598c000
[    9.442821] 9e20: b66d9e54 00000000 00000001 00000000 00000000 01c22cd2 80158f5c b66d9ec0
[    9.442826] 9e40: b66d9eac b66d9e50 8071beb8 80812d78 b598c560 00000000 00000000 00000000
[    9.442830] 9e60: 00000000 00000000 b66d9ec0 00000000 b5c53c00 00000000 00000000 00000000
[    9.442835] 9e80: b66d9ed8 01c22cd2 ba385400 80d04d48 b6645240 00000000 00000000 b66d9f60
[    9.442840] 9ea0: b66d9f2c b66d9eb0 802d09e8 8071be0c 00000001 ba385400 7ef4bbbe 00000001
[    9.442845] 9ec0: 00000000 00000000 00000001 b66d9eb8 00000001 b5c53c00 b6645240 00000000
[    9.442850] 9ee0: 00000000 00000000 00000000 00000000 00000000 00000000 b5c53c00 01c22cd2
[    9.442855] 9f00: b66d9f74 00000001 b6645240 7ef4bbbe b66d9f60 7ef4bbbe b66d8000 00000003
[    9.442860] 9f20: b66d9f5c b66d9f30 802d0ae4 802d08e8 8086ebdc 802f20fc b6645240 80d04d48
[    9.442865] 9f40: b6645240 00000001 7ef4bbbe b66d8000 b66d9f94 b66d9f60 802d112c 802d0a54
[    9.442870] 9f60: 00000000 00000000 80101068 01c22cd2 00000004 0000000d 00025d74 000238f4
[    9.442875] 9f80: 00000003 801011c4 b66d9fa4 b66d9f98 802d11b8 802d10c4 00000000 b66d9fa8
[    9.442880] 9fa0: 80101000 802d11ac 0000000d 00025d74 00000005 7ef4bbbe 00000001 00000000
[    9.632633] 9fc0: 0000000d 00025d74 000238f4 00000003 00000005 0003a430 0076d2f0 00000000
[    9.632639] 9fe0: 0003a178 7ef4bba0 0001bf3c 76d7d238 60000010 00000005 00000000 00000000
[    9.632651] [<8015b7b4>] (select_task_rq_fair) from [<8014e52c>] (try_to_wake_up+0x114/0x48c)
[    9.666528] [<8014e52c>] (try_to_wake_up) from [<8014e988>] (default_wake_function+0x1c/0x20)
[    9.666538] [<8014e988>] (default_wake_function) from [<80169ab4>] (autoremove_wake_function+0x1c/0x44)
[    9.690500] [<80169ab4>] (autoremove_wake_function) from [<80169088>] (__wake_up_common+0xa0/0x144)
[    9.690509] [<80169088>] (__wake_up_common) from [<8016938c>] (__wake_up_common_lock+0x84/0x108)
[    9.714409] [<8016938c>] (__wake_up_common_lock) from [<80169654>] (__wake_up_sync_key+0x34/0x3c)
[    9.714419] [<80169654>] (__wake_up_sync_key) from [<80811d30>] (unix_write_space+0x64/0x84)
[    9.737825] [<80811d30>] (unix_write_space) from [<807236ec>] (sock_wfree+0x68/0x84)
[    9.737832] [<807236ec>] (sock_wfree) from [<808115dc>] (unix_destruct_scm+0x8c/0xa8)
[    9.737839] [<808115dc>] (unix_destruct_scm) from [<80729b88>] (skb_release_head_state+0x84/0x118)
[    9.737846] [<80729b88>] (skb_release_head_state) from [<80729c38>] (skb_release_all+0x1c/0x34)
[    9.737852] [<80729c38>] (skb_release_all) from [<8072a3c8>] (consume_skb+0x38/0xc8)
[    9.737858] [<8072a3c8>] (consume_skb) from [<8081298c>] (unix_stream_read_generic+0x520/0x84c)
[    9.737864] [<8081298c>] (unix_stream_read_generic) from [<80812dc8>] (unix_stream_recvmsg+0x5c/0x78)
[    9.737871] [<80812dc8>] (unix_stream_recvmsg) from [<8071beb8>] (sock_read_iter+0xb8/0x108)
[    9.737880] [<8071beb8>] (sock_read_iter) from [<802d09e8>] (__vfs_read+0x10c/0x16c)
[    9.737888] [<802d09e8>] (__vfs_read) from [<802d0ae4>] (vfs_read+0x9c/0x168)
[    9.737894] [<802d0ae4>] (vfs_read) from [<802d112c>] (ksys_read+0x74/0xe8)
[    9.737900] [<802d112c>] (ksys_read) from [<802d11b8>] (sys_read+0x18/0x1c)
[    9.737907] [<802d11b8>] (sys_read) from [<80101000>] (ret_fast_syscall+0x0/0x28)
[    9.737909] Exception stack(0xb66d9fa8 to 0xb66d9ff0)
[    9.737914] 9fa0:                   0000000d 00025d74 00000005 7ef4bbbe 00000001 00000000
[    9.737919] 9fc0: 0000000d 00025d74 000238f4 00000003 00000005 0003a430 0076d2f0 00000000
[    9.737922] 9fe0: 0003a178 7ef4bba0 0001bf3c 76d7d238
[    9.737928] Code: e50b306c e50b0068 e51b2050 e59932dc (e5922014)
[    9.737933] ---[ end trace 81b8512d1e8da095 ]---
[    9.737935] Internal error: Oops: 5 [#3] SMP ARM
[    9.737938] Modules linked in:
[    9.737944] CPU: 1 PID: 299 Comm: dhcpcd Tainted: G      D           4.19.118-v7+ #1311
[    9.737946] Hardware name: BCM2835
[    9.737953] PC is at touch_atime+0x2c/0xe4
[    9.737959] LR is at generic_file_read_iter+0x8ec/0xa78
[    9.737962] pc : [<802f0094>]    lr : [<8025e09c>]    psr: 40000013
[    9.737964] sp : b667dde8  ip : b667de30  fp : b667de2c
[    9.737967] r10: 00000000  r9 : 80d04d48  r8 : b667dec0
[    9.737969] r7 : b667ded8  r6 : b7310030  r5 : 00000000  r4 : 80d04d48
[    9.737972] r3 : 00000000  r2 : 01c22cd2  r1 : f7318f00  r0 : b7318d88
[    9.737975] Flags: nZcv  IRQs on  FIQs on  Mode SVC_32  ISA ARM  Segment user
[    9.737978] Control: 10c5383d  Table: 364f406a  DAC: 00000055
[    9.737981] Process dhcpcd (pid: 299, stack limit = 0xa0b791d2)
[    9.737984] Stack: (0xb667dde8 to 0xb667e000)
[    9.737988] dde0:                   b667de2c b667ddf8 80537934 80536294 b667ddf4 00eb2c88
[    9.737993] de00: 8026ee5c 00000ffe bab4ead0 b59c0a6c 00000ffe 00000000 b59c0a6c b667ded8
[    9.737999] de20: b667de9c b667de30 8025e09c 802f0074 00000001 26be3675 00080001 00000001
[    9.738004] de40: 00000000 80d0e368 00000133 80d0e468 b7318d40 00000133 b7318d80 00000028
[    9.738009] de60: b667e031 b667ded8 80147ea8 80138258 00000000 80147d14 00000000 b667de88
[    9.738014] de80: 00000000 b667df60 00000131 00000000 b667deac b667dea0 803806d4 8025d7bc
[    9.738019] dea0: b667df2c b667deb0 802d09e8 8038069c 00000131 202fbefb 00eb2c88 00000131
[    9.738024] dec0: 00000000 00000000 00000000 b667dec0 00000000 80d04d48 b669f240 00000000
[    9.738028] dee0: 00000133 00000000 00000000 00000000 00000000 00000000 802d6988 01c22cd2
[    9.738033] df00: 00000fff 00000131 b669f240 00eb2c88 b667df60 00eb2c88 b667c000 00000003
[    9.738041] df20: b667df5c b667df30 802d0ae4 802d08e8 00000000 802f20fc b669f240 80d04d48
[    9.738047] df40: b669f240 00000131 00eb2c88 b667c000 b667df94 b667df60 802d112c 802d0a54
[    9.738053] df60: 00000000 00000000 202fbefb 01c22cd2 5f64d4d6 0005dca0 0000000d 7ec728fc
[    9.738058] df80: 00000003 801011c4 b667dfa4 b667df98 802d11b8 802d10c4 00000000 b667dfa8
[    9.738064] dfa0: 80101000 802d11ac 0005dca0 0000000d 0000000d 00eb2c88 00000131 00000000
[    9.738070] dfc0: 0005dca0 0000000d 7ec728fc 00000003 00000131 00000000 00000007 00eae210
[    9.738075] dfe0: 0000006c 7ec72840 00025178 76e80880 60000010 0000000d 00000000 00000000
[    9.738085] [<802f0094>] (touch_atime) from [<8025e09c>] (generic_file_read_iter+0x8ec/0xa78)
[    9.738097] [<8025e09c>] (generic_file_read_iter) from [<803806d4>] (ext4_file_read_iter+0x44/0x5c)
[    9.738104] [<803806d4>] (ext4_file_read_iter) from [<802d09e8>] (__vfs_read+0x10c/0x16c)
[    9.738110] [<802d09e8>] (__vfs_read) from [<802d0ae4>] (vfs_read+0x9c/0x168)
[    9.738117] [<802d0ae4>] (vfs_read) from [<802d112c>] (ksys_read+0x74/0xe8)
[    9.738123] [<802d112c>] (ksys_read) from [<802d11b8>] (sys_read+0x18/0x1c)
[    9.738130] [<802d11b8>] (sys_read) from [<80101000>] (ret_fast_syscall+0x0/0x28)
[    9.738134] Exception stack(0xb667dfa8 to 0xb667dff0)
[    9.738139] dfa0:                   0005dca0 0000000d 0000000d 00eb2c88 00000131 00000000
[    9.738145] dfc0: 0005dca0 0000000d 7ec728fc 00000003 00000131 00000000 00000007 00eae210
[    9.738148] dfe0: 0000006c 7ec72840 00025178 76e80880
[    9.738154] Code: e3044d48 e34840d0 e5906000 e5942000 (e5915028)
[    9.738157] ---[ end trace 81b8512d1e8da096 ]---
[   10.344399] Internal error: Oops - undefined instruction: 0 [#4] SMP ARM
[   10.344407] Modules linked in:
[   10.344416] CPU: 1 PID: 372 Comm: (requtils) Tainted: G      D           4.19.118-v7+ #1311
[   10.344418] Hardware name: BCM2835
[   10.344430] PC is at copy_page+0x60/0x80
[   10.344434] LR is at 0x6f1
[   10.344437] pc : [<80853500>]    lr : [<000006f1>]    psr: 20000113
[   10.344441] sp : b5d29d78  ip : 00000000  fp : b5d29d8c
[   10.344444] r10: b8445200  r9 : b9c21000  r8 : b8eb3ea0
[   10.344446] r7 : 80d04d48  r6 : bab1ca3c  r5 : bab94568  r4 : 65006563
[   10.344449] r3 : 69767265  r2 : 0000000f  r1 : b890a810  r0 : b53d7800
[   10.344453] Flags: nzCv  IRQs on  FIQs on  Mode SVC_32  ISA ARM  Segment user
[   10.344456] Control: 10c5383d  Table: 3644006a  DAC: 00000055
[   10.344461] Process (requtils) (pid: 372, stack limit = 0x10823424)
[   10.344464] Stack: (0xb5d29d78 to 0xb5d2a000)
[   10.344468] 9d60:                                                       b5d29e34 8011b16c
[   10.344473] 9d80: b5d29de4 b5d29d90 802969e4 8011b0b8 00000000 802a3aec 00000000 80d07b44
[   10.344478] 9da0: 80e1c4a0 0000019e 80e1c4a0 80d07b44 b9c21000 01c22cd2 802a3aec b5d29e34
[   10.344483] 9dc0: 80d04d48 b8eb3ea0 00000055 00000040 b9c21000 00000800 b5d29e1c b5d29de8
[   10.344488] 9de0: 8029979c 80296950 b9c21000 00000800 00000002 01c22cd2 b8eb3ea0 00000dba
[   10.344493] 9e00: 80d04d48 00000055 00000040 b9c21000 b5d29e9c b5d29e20 8029af40 802996e0
[   10.344498] 9e20: 00000000 00000001 b7c3620c b7e7e40c b5d29e64 b8eb3ea0 00000055 006000c0
[   10.344504] 9e40: 00000dba 00dba000 b6440030 b6440030 3890a7df 00000000 00000000 bab94568
[   10.344509] 9e60: b5d586e8 bab32074 00000000 01c22cd2 b5d29e9c b5d29fb0 b947e900 00dba0fc
[   10.344514] 9e80: b8445200 0000080f b844523c 00000800 b5d29ef4 b5d29ea0 80874a7c 8029aa18
[   10.344519] 9ea0: 00000000 b7e7e400 ba365400 80d04d48 00000006 20000093 ba365400 00000000
[   10.344524] 9ec0: 00000000 00000055 b9702240 80d0a6c4 80d04d48 0000080f 80874738 00dba0fc
[   10.344529] 9ee0: b5d29fb0 00000000 b5d29fac b5d29ef8 801167fc 80874744 b8ffe3cc b8ffdfc0
[   10.344534] 9f00: b5d29f1c b5d29f10 8053e058 8053df94 b5d29f4c b5d29f20 8016de78 8053e04c
[   10.344539] 9f20: a0000013 01c22cd2 01c22cd2 b7318d40 b5d29f4c b5d29f40 8053e058 8053df94
[   10.344544] 9f40: b5d29f74 b5d29f50 8016dfbc 8053e04c 40000093 b9cefa80 b947e900 00000174
[   10.344549] 9f60: b947e900 80101c9c 80000010 ffffffff 10c5383d 10c5387d 00000000 00000000
[   10.344554] 9f80: b5d29fac 01c22cd2 76e34248 80000010 ffffffff 10c5383d 10c5387d 00000000
[   10.344559] 9fa0: 00000000 b5d29fb0 80101ca4 801167b0 7629ffd0 00000000 00000004 00d60008
[   10.344563] 9fc0: 00000007 7629fff8 76f0b000 0000000c 00d60008 00000000 00000000 00000000
[   10.344569] 9fe0: 00dba0f8 7ec004a8 76e34128 76e34248 80000010 ffffffff 00000000 00000000
[   10.344578] Code: e8b15018 e2522001 e8a05018 c8b15018 (caffffeb)
[   10.344583] ---[ end trace 81b8512d1e8da097 ]---
[   11.087415] Unable to handle kernel paging request at virtual address 1b0dc00d
[   11.096147] pgd = 4f4b56b4
[   11.100328] [1b0dc00d] *pgd=00000000
[   11.105284] Internal error: Oops: 5 [#5] SMP ARM
[   11.111253] Modules linked in:
[   11.115609] CPU: 1 PID: 155 Comm: systemd-udevd Tainted: G      D           4.19.118-v7+ #1311
[   11.126805] Hardware name: BCM2835
[   11.131444] PC is at vprintk_func+0x34/0x11c
[   11.136929] LR is at printk+0x48/0x5c
[   11.141751] pc : [<8017fac8>]    lr : [<8017f374>]    psr: 40000093
[   11.149188] sp : b7d71dc8  ip : 396d0000  fp : b7d71dec
[   11.155553] r10: 000000f8  r9 : 00000000  r8 : b7d71eb4
[   11.161874] r7 : b90c9324  r6 : 8029d9dc  r5 : b7d71e14  r4 : e1a0c00d
[   11.169475] r3 : e1a0c00d  r2 : 01c22cd2  r1 : b7d71e14  r0 : 8029d9dc
[   11.177043] Flags: nZcv  IRQs off  FIQs on  Mode SVC_32  ISA ARM  Segment user
[   11.185301] Control: 10c5383d  Table: 37ec806a  DAC: 00000055
[   11.192077] Process systemd-udevd (pid: 155, stack limit = 0xf3c259e1)
[   11.199650] Stack: (0xb7d71dc8 to 0xb7d72000)
[   11.205034] 1dc0:                   000001e2 00000200 80d04d48 8029d9dc b90c9340 b90c9324
[   11.215272] 1de0: b7d71e0c b7d71df0 8017f374 8017faa8 b7d71e14 01c22cd2 b7d71eb4 80c93ad8
[   11.225553] 1e00: b7d71e3c b7d71e20 8020487c 8017f344 8029d9dc 00000000 396d0000 00000000
[   11.235969] 1e20: b90c9324 b7fe1060 b90c9340 b90c9324 b7d71e54 b7d71e40 8029d9dc 8020363c
[   11.246485] 1e40: b848b600 b7fe1060 b7d71e74 b7d71e58 8029e1c0 8029d948 b7fe1060 b7fe10c0
[   11.257121] 1e60: 004df000 00002000 b7d71ea4 b7d71e78 80297514 8029e188 00000000 80266ec4
[   11.267901] 1e80: b7fdef60 80d04d48 00000000 b7e8c400 00000001 b7e8c43c b7d71f1c b7d71ea8
[   11.278785] 1ea0: 8029f6b4 80297490 00000000 80874280 00000000 b7e8c400 00000001 00000000
[   11.289804] 1ec0: 00000000 ffffffff 00000000 8011db14 00000254 00000400 b5d59000 b70a0f00
[   11.300893] 1ee0: 00000000 00000544 b7e8c400 01c22cd2 b7d70000 b7e8c400 00000000 01c22cd2
[   11.312028] 1f00: b7e8c400 b7e8c400 00000000 00000544 b7d71f34 b7d71f20 8011db1c 8029f5d0
[   11.323201] 1f20: b70a0f00 00000000 b7d71f74 b7d71f38 801252c0 8011dad0 00000006 802cc854
[   11.334395] 1f40: 01c22cd2 01c22cd2 b7d71f74 00000000 b7c5c2c0 00000001 000000f8 801011c4
[   11.345585] 1f60: b7d70000 000000f8 b7d71f94 b7d71f78 80125b80 80124ee0 00579068 0077f890
[   11.356772] 1f80: 00000000 00000001 b7d71fa4 b7d71f98 80125c38 80125b40 00000000 b7d71fa8
[   11.367962] 1fa0: 801011a4 80125c24 0077f890 00000000 00000000 76f59808 00000000 00579068
[   11.379152] 1fc0: 0077f890 00000000 00000001 000000f8 76fa2968 005465b8 00776cd8 007674f8
[   11.390336] 1fe0: 00578ee0 7ea3b920 004f0e40 76eae944 a0000010 00000000 00000000 00000000
[   11.401530] [<8017fac8>] (vprintk_func) from [<8017f374>] (printk+0x48/0x5c)
[   11.410118] [<8017f374>] (printk) from [<8020487c>] (tracer_hardirqs_on+0x4/0x138)
[   11.420653] Code: ee1dcf90 e1a03004 e79c3003 e3130101 (1a000017)
[   11.428247] ---[ end trace 81b8512d1e8da098 ]---
[   11.434319] Fixing recursive fault but reboot is needed!
[   16.806896] Unable to handle kernel paging request at virtual address 229adfcc
[   16.815617] pgd = 4f4b56b4
[   16.819718] [229adfcc] *pgd=00000000
[   16.824665] Internal error: Oops: 5 [#6] SMP ARM
[   16.830630] Modules linked in:
[   16.834982] CPU: 1 PID: 0 Comm: swapper/1 Tainted: G      D           4.19.118-v7+ #1311
[   16.845632] Hardware name: BCM2835
[   16.850267] PC is at perf_event_task_tick+0x28/0x290
[   16.856443] LR is at scheduler_tick+0xa0/0xe8
[   16.861971] pc : [<8024d488>]    lr : [<8014fab4>]    psr: a0000193
[   16.869410] sp : b9d4dd1c  ip : b9d4dd80  fp : b9d4dd7c
[   16.875776] r10: 801ad2f4  r9 : b9d43c00  r8 : 396d0000
[   16.882104] r7 : 00000001  r6 : 80d054c4  r5 : ba365400  r4 : 80c95400
[   16.889713] r3 : e92ddff0  r2 : e92ddfd4  r1 : e92ddfcc  r0 : 396d0000
[   16.897297] Flags: NzCv  IRQs off  FIQs on  Mode SVC_32  ISA ARM  Segment user
[   16.905591] Control: 10c5383d  Table: 37e4c06a  DAC: 00000055
[   16.912385] Process swapper/1 (pid: 0, stack limit = 0xb71512ea)
[   16.919436] Stack: (0xb9d4dd1c to 0xb9d4e000)
[   16.924817] dd00:                                                                80158d10
[   16.934979] dd20: ba365400 ffffffff 80d054c4 80d04d48 ba365400 00000000 00000001 396d0000
[   16.945151] dd40: b9d43c00 801ad2f4 b9d4dd7c b9d4dd58 8015c3d4 80c95400 ba365400 80d054c4
[   16.955471] dd60: 00000001 396d0000 b9d43c00 801ad2f4 b9d4dda4 b9d4dd80 8014fab4 8024d46c
[   16.965881] dd80: b9d43c00 00000000 e95bad42 00000003 ba362540 ba3625f0 b9d4ddbc b9d4dda8
[   16.976399] dda0: 8019a8fc 8014fa20 ba362840 b9d4df38 b9d4ddcc b9d4ddc0 801ad0dc 8019a8a8
[   16.987049] ddc0: b9d4ddf4 b9d4ddd0 801ad350 801ad084 b9d4ddf4 b9d4dde0 ba362840 ba362580
[   16.997791] dde0: ba362540 b9d4c000 b9d4de4c b9d4ddf8 8019b464 801ad300 8019fdd4 80d04d48
[   17.008656] de00: e95babd6 00000003 00000004 80d04d70 e95babd6 00000003 3376083e 01c22cd2
[   17.019579] de20: 20000193 20000193 00000003 7fffffff ffffffff ba362540 ba3625f0 ba3625c8
[   17.030572] de40: b9d4deac b9d4de50 8019c084 8019b30c 20000193 0000000f e95babd6 00000003
[   17.041700] de60: 00003083 ba362670 ba362690 ba362618 ba3626c0 ba36254c e95babd6 00000003
[   17.052890] de80: 801ac94c b9c02dc0 00000000 b9cc0d00 80d5d66c 000000a2 b9d4c000 00000000
[   17.064077] dea0: b9d4debc b9d4deb0 806e798c 8019bf60 b9d4dee4 b9d4dec0 80185b8c 806e7958
[   17.075257] dec0: 80c94fa8 00000000 00000000 00000001 b9c33000 b9d4c000 b9d4def4 b9d4dee8
[   17.086446] dee0: 8017fc6c 80185b10 b9d4df1c b9d4def8 801803bc 8017fc44 b9d4df38 00000001
[   17.097634] df00: 40000013 ffffffff b9d4df6c 80d8fb3e b9d4df34 b9d4df20 801021b4 8018035c
[   17.108814] df20: 00000000 80109ae8 b9d4df94 b9d4df38 801019bc 80102160 80109ae4 00000000
[   17.120001] df40: 40000093 40000093 80d04d70 b9d4c000 80d04db8 00000002 80d8fb3e 410fd034
[   17.131192] df60: 00000000 b9d4df94 80d0517c b9d4df88 00000000 80109ae8 40000013 ffffffff
[   17.142372] df80: 80109ae4 00000000 b9d4dfa4 b9d4df98 80873e74 80109ac0 b9d4dfcc b9d4dfa8
[   17.153561] dfa0: 80152eb8 80873e4c 01c22cd2 00000087 00000001 10c0387d 80da45b8 0000406a
[   17.164752] dfc0: b9d4dfdc b9d4dfd0 801531f8 80152dd8 b9d4dff4 b9d4dfe0 8010fee4 801531dc
[   17.175932] dfe0: 39d3806a 00000055 00000000 b9d4dff8 0010270c 8010fdbc 00000000 00000000
[   17.187128] [<8024d488>] (perf_event_task_tick) from [<8014fab4>] (scheduler_tick+0xa0/0xe8)
[   17.198594] [<8014fab4>] (scheduler_tick) from [<8019a8fc>] (update_process_times+0x60/0x6c)
[   17.210049] [<8019a8fc>] (update_process_times) from [<801ad0dc>] (tick_sched_handle+0x64/0x70)
[   17.221791] [<801ad0dc>] (tick_sched_handle) from [<801ad350>] (tick_sched_timer+0x5c/0xb8)
[   17.233186] [<801ad350>] (tick_sched_timer) from [<8019b464>] (__hrtimer_run_queues+0x164/0x320)
[   17.245017] [<8019b464>] (__hrtimer_run_queues) from [<8019c084>] (hrtimer_interrupt+0x130/0x2a4)
[   17.256960] [<8019c084>] (hrtimer_interrupt) from [<806e798c>] (arch_timer_handler_phys+0x40/0x48)
[   17.268998] [<806e798c>] (arch_timer_handler_phys) from [<80185b8c>] (handle_percpu_devid_irq+0x88/0x23c)
[   17.281653] [<80185b8c>] (handle_percpu_devid_irq) from [<8017fc6c>] (generic_handle_irq+0x34/0x44)
[   17.293773] [<8017fc6c>] (generic_handle_irq) from [<801803bc>] (__handle_domain_irq+0x6c/0xc4)
[   17.305570] [<801803bc>] (__handle_domain_irq) from [<801021b4>] (bcm2836_arm_irqchip_handle_irq+0x60/0xa4)
[   17.318419] [<801021b4>] (bcm2836_arm_irqchip_handle_irq) from [<801019bc>] (__irq_svc+0x5c/0x7c)
[   17.330384] Exception stack(0xb9d4df38 to 0xb9d4df80)
[   17.336966] df20:                                                       80109ae4 00000000
[   17.348091] df40: 40000093 40000093 80d04d70 b9d4c000 80d04db8 00000002 80d8fb3e 410fd034
[   17.359151] df60: 00000000 b9d4df94 80d0517c b9d4df88 00000000 80109ae8 40000013 ffffffff
[   17.370220] [<801019bc>] (__irq_svc) from [<80109ae8>] (arch_cpu_idle+0x34/0x4c)
[   17.380496] [<80109ae8>] (arch_cpu_idle) from [<80873e74>] (default_idle_call+0x34/0x48)
[   17.391464] [<80873e74>] (default_idle_call) from [<80152eb8>] (do_idle+0xec/0x16c)
[   17.401996] [<80152eb8>] (do_idle) from [<801531f8>] (cpu_startup_entry+0x28/0x2c)
[   17.412438] [<801531f8>] (cpu_startup_entry) from [<8010fee4>] (secondary_start_kernel+0x134/0x140)
[   17.424374] [<8010fee4>] (secondary_start_kernel) from [<0010270c>] (0x10270c)
[   17.433068] Code: e2431024 e243201c e18040d1 e3a0c000 (e2944001)
[   17.440600] ---[ end trace 81b8512d1e8da099 ]---
[   17.446628] Kernel panic - not syncing: Fatal exception in interrupt
[   17.454415] CPU2: stopping
[   17.458524] CPU: 2 PID: 0 Comm: swapper/2 Tainted: G      D           4.19.118-v7+ #1311
[   17.469466] Hardware name: BCM2835
[   17.474245] [<801120c8>] (unwind_backtrace) from [<8010d5fc>] (show_stack+0x20/0x24)
[   17.484736] [<8010d5fc>] (show_stack) from [<80856da8>] (dump_stack+0xe0/0x124)
[   17.493450] [<80856da8>] (dump_stack) from [<801104e0>] (handle_IPI+0x388/0x3a8)
[   17.503532] [<801104e0>] (handle_IPI) from [<801021f4>] (bcm2836_arm_irqchip_handle_irq+0xa0/0xa4)
[   17.515190] [<801021f4>] (bcm2836_arm_irqchip_handle_irq) from [<801019bc>] (__irq_svc+0x5c/0x7c)
[   17.526747] Exception stack(0xb9d4ff38 to 0xb9d4ff80)
[   17.533129] ff20:                                                       80109ae4 00000000
[   17.543845] ff40: 40000093 40000093 80d04d70 b9d4e000 80d04db8 00000004 80d8fb3e 410fd034
[   17.554533] ff60: 00000000 b9d4ff94 80d0517c b9d4ff88 00000000 80109ae8 40000013 ffffffff
[   17.565288] [<801019bc>] (__irq_svc) from [<80109ae8>] (arch_cpu_idle+0x34/0x4c)
[   17.575317] [<80109ae8>] (arch_cpu_idle) from [<80873e74>] (default_idle_call+0x34/0x48)
[   17.586153] [<80873e74>] (default_idle_call) from [<80152eb8>] (do_idle+0xec/0x16c)
[   17.586155] Unable to handle kernel NULL pointer dereference at virtual address 00000000
[   17.586158] pgd = 4f4b56b4
[   17.596602] [<80152eb8>] (do_idle) from [<801531f8>] (cpu_startup_entry+0x28/0x2c)
[   17.607512] [00000000] *pgd=00000000
[   17.611582] [<801531f8>] (cpu_startup_entry) from [<8010fee4>] (secondary_start_kernel+0x134/0x140)
[   17.621899] Internal error: Oops: 80000005 [#7] SMP ARM
[   17.626802] [<8010fee4>] (secondary_start_kernel) from [<0010270c>] (0x10270c)
[   17.638539] Modules linked in:
[   17.658195] CPU: 1 PID: 0 Comm: swapper/1 Tainted: G      D           4.19.118-v7+ #1311
[   17.669005] Hardware name: BCM2835
[   17.673709] PC is at   (null)
[   17.677932] LR is at arch_timer_read_counter_long+0x24/0x28
[   17.684756] pc : [<00000000>]    lr : [<80110d1c>]    psr: a0000193
[   17.692259] sp : b9d4da80  ip : b9d4da90  fp : b9d4da8c
[   17.698694] r10: b9d43c00  r9 : 80da4738  r8 : 00000005
[   17.705087] r7 : 80d04d48  r6 : 142924d8  r5 : 00000013  r4 : 80e73f98
[   17.712763] r3 : 00000000  r2 : 99988800  r1 : 00000000  r0 : 142924dc
[   17.720407] Flags: NzCv  IRQs off  FIQs on  Mode SVC_32  ISA ARM  Segment user
[   17.728748] Control: 10c5383d  Table: 37e4c06a  DAC: 00000055
[   17.735631] Process swapper/1 (pid: 0, stack limit = 0xb71512ea)
[   17.742757] Stack: (0xb9d4da80 to 0xb9d4e000)
[   17.748205] da80: b9d4dabc b9d4da90 80854398 80110d0c 142924dc 142924dc 80854398 80110d04
[   17.758621] daa0: 00000009 000d5e7d 80d04d70 80ae9768 b9d4dacc b9d4dac0 808543d8 80854348
[   17.769067] dac0: b9d4daf4 b9d4dad0 801105c8 808543b4 0000000d 01c22cd2 00000000 80a71214
[   17.779550] dae0: 0000000b 7f000000 b9d4db34 b9d4daf8 80120ef8 80110548 b9d4db1c 01c22cd2
[   17.790097] db00: b9d4db3c 01c22cd2 01c22cd2 80da4544 60000193 0000000b 7f000000 00000005
[   17.800778] db20: 80d09cb4 b9d43c00 b9d4db7c b9d4db48 8010d95c 80120df4 80a71214 00000000
[   17.811566] db40: 00010000 00010000 b9d4c210 0000000b 80a72874 229adfcc 00000005 b9d4dcc8
[   17.822460] db60: 00000000 00000005 b9d4dcc8 801ad2f4 b9d4db94 b9d4db80 801169e4 8010d60c
[   17.833486] db80: b9d4dcc8 00000000 b9d4dbec b9d4db98 80874920 8011697c 00000ddc 60000193
[   17.844559] dba0: 00000001 b8459444 b9d4dbcc b9d4dbb8 80874454 802038f8 00003029 b8458f00
[   17.855709] dbc0: b9d4dc14 00000005 80d04d48 00000005 80874af0 229adfcc b9d4dcc8 801ad2f4
[   17.866896] dbe0: b9d4dc0c b9d4dbf0 80874bac 80874744 01c22cd2 80d0a624 80d04d48 00000005
[   17.878069] dc00: b9d4dcc4 b9d4dc10 801167fc 80874afc 8014e988 8014e424 b9d4dc5c b9d4dc28
[   17.889259] dc20: 80169088 8014e978 80874454 00000000 80901ee4 b7e2005c 00000000 b7c52180
[   17.900448] dc40: 00000a2d 40000193 00000000 b7c52180 b9d4dc74 b9d4dc60 80874454 802038f8
[   17.911623] dc60: b7ceba24 b7e2005c b9d4dcb4 b9d4dc78 80321068 808743f4 00000001 40000193
[   17.922814] dc80: b9d4dc9c 01c22cd2 8014e988 80d102ec 00000000 80d102f8 00000001 01c22cd2
[   17.934004] dca0: 8024d488 a0000193 ffffffff b9d4dcfc 396d0000 b9d4c000 b9d4dd7c b9d4dcc8
[   17.945182] dcc0: 80101934 801167b0 396d0000 e92ddfcc e92ddfd4 e92ddff0 80c95400 ba365400
[   17.956374] dce0: 80d054c4 00000001 396d0000 b9d43c00 801ad2f4 b9d4dd7c b9d4dd80 b9d4dd1c
[   17.967568] dd00: 8014fab4 8024d488 a0000193 ffffffff b9d4dd54 7f000000 80158dd0 80158d10
[   17.978749] dd20: ba365400 ffffffff 80d054c4 80d04d48 ba365400 00000000 00000001 396d0000
[   17.989942] dd40: b9d43c00 801ad2f4 b9d4dd7c b9d4dd58 8015c3d4 80c95400 ba365400 80d054c4
[   18.001134] dd60: 00000001 396d0000 b9d43c00 801ad2f4 b9d4dda4 b9d4dd80 8014fab4 8024d46c
[   18.012317] dd80: b9d43c00 00000000 e95bad42 00000003 ba362540 ba3625f0 b9d4ddbc b9d4dda8
[   18.023515] dda0: 8019a8fc 8014fa20 ba362840 b9d4df38 b9d4ddcc b9d4ddc0 801ad0dc 8019a8a8
[   18.034710] ddc0: b9d4ddf4 b9d4ddd0 801ad350 801ad084 b9d4ddf4 b9d4dde0 ba362840 ba362580
[   18.045896] dde0: ba362540 b9d4c000 b9d4de4c b9d4ddf8 8019b464 801ad300 8019fdd4 80d04d48
[   18.057092] de00: e95babd6 00000003 00000004 80d04d70 e95babd6 00000003 3376083e 01c22cd2
[   18.068288] de20: 20000193 20000193 00000003 7fffffff ffffffff ba362540 ba3625f0 ba3625c8
[   18.079472] de40: b9d4deac b9d4de50 8019c084 8019b30c 20000193 0000000f e95babd6 00000003
[   18.090668] de60: 00003083 ba362670 ba362690 ba362618 ba3626c0 ba36254c e95babd6 00000003
[   18.101859] de80: 801ac94c b9c02dc0 00000000 b9cc0d00 80d5d66c 000000a2 b9d4c000 00000000
[   18.113041] dea0: b9d4debc b9d4deb0 806e798c 8019bf60 b9d4dee4 b9d4dec0 80185b8c 806e7958
[   18.124228] dec0: 80c94fa8 00000000 00000000 00000001 b9c33000 b9d4c000 b9d4def4 b9d4dee8
[   18.135414] dee0: 8017fc6c 80185b10 b9d4df1c b9d4def8 801803bc 8017fc44 b9d4df38 00000001
[   18.146598] df00: 40000013 ffffffff b9d4df6c 80d8fb3e b9d4df34 b9d4df20 801021b4 8018035c
[   18.157788] df20: 00000000 80109ae8 b9d4df94 b9d4df38 801019bc 80102160 80109ae4 00000000
[   18.168974] df40: 40000093 40000093 80d04d70 b9d4c000 80d04db8 00000002 80d8fb3e 410fd034
[   18.180153] df60: 00000000 b9d4df94 80d0517c b9d4df88 00000000 80109ae8 40000013 ffffffff
[   18.191341] df80: 80109ae4 00000000 b9d4dfa4 b9d4df98 80873e74 80109ac0 b9d4dfcc b9d4dfa8
[   18.202529] dfa0: 80152eb8 80873e4c 01c22cd2 00000087 00000001 10c0387d 80da45b8 0000406a
[   18.213713] dfc0: b9d4dfdc b9d4dfd0 801531f8 80152dd8 b9d4dff4 b9d4dfe0 8010fee4 801531dc
[   18.224902] dfe0: 39d3806a 00000055 00000000 b9d4dff8 0010270c 8010fdbc 00000000 00000000
[   18.236094] [<80110d1c>] (arch_timer_read_counter_long) from [<80854398>] (__timer_delay+0x5c/0x6c)
[   18.248169] [<80854398>] (__timer_delay) from [<808543d8>] (__timer_const_udelay+0x30/0x34)
[   18.259543] [<808543d8>] (__timer_const_udelay) from [<801105c8>] (smp_send_stop+0x8c/0xf0)
[   18.270934] [<801105c8>] (smp_send_stop) from [<80120ef8>] (panic+0x114/0x288)
[   18.279713] [<80120ef8>] (panic) from [<8010d95c>] (arm_notify_die+0x0/0x64)
[   18.288299] [<8010d95c>] (arm_notify_die) from [<801169e4>] (__do_kernel_fault.part.0+0x74/0x84)
[   18.300076] [<801169e4>] (__do_kernel_fault.part.0) from [<80874920>] (do_page_fault+0x1e8/0x3b8)
[   18.311930] [<80874920>] (do_page_fault) from [<80874bac>] (do_translation_fault+0xbc/0xc0)
[   18.323282] [<80874bac>] (do_translation_fault) from [<801167fc>] (do_DataAbort+0x58/0xf4)
[   18.334551] [<801167fc>] (do_DataAbort) from [<80101934>] (__dabt_svc+0x54/0x80)
[   18.344931] Exception stack(0xb9d4dcc8 to 0xb9d4dd10)
[   18.351473] dcc0:                   396d0000 e92ddfcc e92ddfd4 e92ddff0 80c95400 ba365400
[   18.362568] dce0: 80d054c4 00000001 396d0000 b9d43c00 801ad2f4 b9d4dd7c b9d4dd80 b9d4dd1c
[   18.373655] dd00: 8014fab4 8024d488 a0000193 ffffffff
[   18.380148] [<80101934>] (__dabt_svc) from [<8024d488>] (perf_event_task_tick+0x28/0x290)
[   18.391175] [<8024d488>] (perf_event_task_tick) from [<8014fab4>] (scheduler_tick+0xa0/0xe8)
[   18.402482] [<8014fab4>] (scheduler_tick) from [<8019a8fc>] (update_process_times+0x60/0x6c)
[   18.413829] [<8019a8fc>] (update_process_times) from [<801ad0dc>] (tick_sched_handle+0x64/0x70)
[   18.425443] [<801ad0dc>] (tick_sched_handle) from [<801ad350>] (tick_sched_timer+0x5c/0xb8)
[   18.436708] [<801ad350>] (tick_sched_timer) from [<8019b464>] (__hrtimer_run_queues+0x164/0x320)
[   18.448411] [<8019b464>] (__hrtimer_run_queues) from [<8019c084>] (hrtimer_interrupt+0x130/0x2a4)
[   18.460199] [<8019c084>] (hrtimer_interrupt) from [<806e798c>] (arch_timer_handler_phys+0x40/0x48)
[   18.472145] [<806e798c>] (arch_timer_handler_phys) from [<80185b8c>] (handle_percpu_devid_irq+0x88/0x23c)
[   18.484750] [<80185b8c>] (handle_percpu_devid_irq) from [<8017fc6c>] (generic_handle_irq+0x34/0x44)
[   18.496839] [<8017fc6c>] (generic_handle_irq) from [<801803bc>] (__handle_domain_irq+0x6c/0xc4)
[   18.508634] [<801803bc>] (__handle_domain_irq) from [<801021b4>] (bcm2836_arm_irqchip_handle_irq+0x60/0xa4)
[   18.521480] [<801021b4>] (bcm2836_arm_irqchip_handle_irq) from [<801019bc>] (__irq_svc+0x5c/0x7c)
[   18.533447] Exception stack(0xb9d4df38 to 0xb9d4df80)
[   18.540018] df20:                                                       80109ae4 00000000
[   18.551144] df40: 40000093 40000093 80d04d70 b9d4c000 80d04db8 00000002 80d8fb3e 410fd034
[   18.562201] df60: 00000000 b9d4df94 80d0517c b9d4df88 00000000 80109ae8 40000013 ffffffff
[   18.573270] [<801019bc>] (__irq_svc) from [<80109ae8>] (arch_cpu_idle+0x34/0x4c)
[   18.583544] [<80109ae8>] (arch_cpu_idle) from [<80873e74>] (default_idle_call+0x34/0x48)
[   18.594498] [<80873e74>] (default_idle_call) from [<80152eb8>] (do_idle+0xec/0x16c)
[   18.605031] [<80152eb8>] (do_idle) from [<801531f8>] (cpu_startup_entry+0x28/0x2c)
[   18.615476] [<801531f8>] (cpu_startup_entry) from [<8010fee4>] (secondary_start_kernel+0x134/0x140)
[   18.627402] [<8010fee4>] (secondary_start_kernel) from [<0010270c>] (0x10270c)
[   18.636093] Code: bad PC value
[   18.640555] ---[ end trace 81b8512d1e8da09a ]---
[   18.646568] Kernel panic - not syncing: Fatal exception in interrupt
[   19.718528] SMP: failed to stop secondary CPUs
[   19.724373] ---[ end Kernel panic - not syncing: Fatal exception in interrupt ]---
