1619260191
temp=42.9'C
1619260192
temp=45.1'C
1619260193
temp=46.7'C
1619260195
temp=48.3'C
1619260196
temp=48.9'C
1619260197
temp=49.9'C
1619260198
temp=50.5'C
1619260199
temp=51.0'C
1619260200
temp=51.5'C
1619260201
temp=52.1'C
1619260202
temp=52.6'C
1619260203
temp=52.6'C
1619260204
temp=53.7'C
1619260205
temp=53.7'C
1619260206
temp=53.7'C
1619260207
temp=53.7'C
1619260208
temp=54.2'C
1619260209
temp=54.2'C
1619260210
temp=54.8'C
1619260211
temp=55.8'C
1619260213
temp=55.3'C
1619260214
temp=55.8'C
1619260215
temp=55.8'C
1619260216
temp=55.8'C
1619260217
temp=55.8'C
1619260218
temp=55.8'C
1619260219
temp=56.9'C
1619260220
temp=56.4'C
1619260221
temp=56.9'C
1619260222
temp=56.9'C
1619260223
temp=56.9'C
1619260224
temp=56.9'C
1619260225
temp=56.9'C
1619260226
temp=57.5'C
1619260227
temp=57.5'C
1619260228
temp=58.0'C
1619260230
temp=58.0'C
1619260231
temp=58.0'C
1619260232
temp=58.0'C
1619260233
temp=58.0'C
1619260234
temp=58.5'C
1619260235
temp=58.5'C
1619260236
temp=58.5'C
1619260237
temp=58.5'C
1619260238
temp=58.5'C
1619260239
temp=59.1'C
1619260240
temp=59.1'C
1619260241
temp=59.1'C
1619260242
temp=59.1'C
1619260243
temp=59.1'C
1619260244
temp=59.1'C
1619260245
temp=59.1'C
1619260247
temp=59.1'C
1619260248
temp=59.1'C
1619260249
temp=59.1'C
1619260250
temp=59.1'C
1619260251
temp=60.1'C
1619260252
temp=60.1'C
1619260253
temp=60.1'C
1619260254
temp=59.1'C
1619260255
temp=60.1'C
1619260256
temp=60.7'C
1619260257
temp=60.7'C
1619260258
temp=60.1'C
1619260259
temp=60.1'C
1619260260
temp=60.1'C
1619260261
temp=60.1'C
1619260262
temp=60.1'C
1619260263
temp=60.1'C
1619260265
temp=60.7'C
1619260266
temp=60.7'C
1619260267
temp=60.7'C
1619260268
temp=60.7'C
1619260269
temp=61.2'C
1619260270
temp=61.2'C
1619260271
temp=60.7'C
1619260272
temp=61.2'C
1619260273
temp=61.2'C
1619260274
temp=61.2'C
1619260275
temp=61.2'C
1619260276
temp=61.2'C
1619260277
temp=61.2'C
1619260278
temp=61.2'C
1619260279
temp=61.2'C
1619260280
temp=61.8'C
1619260282
temp=61.2'C
1619260283
temp=61.2'C
1619260284
temp=61.2'C
1619260285
temp=61.8'C
1619260286
temp=61.8'C
1619260287
temp=61.2'C
1619260288
temp=61.8'C
1619260289
temp=62.3'C
1619260290
temp=61.8'C
1619260291
temp=62.3'C
1619260292
temp=62.3'C
1619260293
temp=62.3'C
1619260294
temp=62.3'C
1619260295
temp=62.3'C
1619260296
temp=62.3'C
1619260297
temp=62.3'C
1619260298
temp=62.3'C
1619260300
temp=62.3'C
1619260301
temp=62.3'C
1619260302
temp=62.3'C
1619260303
temp=62.3'C
1619260304
temp=62.3'C
1619260305
temp=62.3'C
1619260306
temp=62.3'C
1619260307
temp=62.3'C
1619260308
temp=62.3'C
1619260309
temp=62.3'C
1619260310
temp=62.3'C
1619260311
temp=62.8'C
1619260312
temp=62.8'C
1619260313
temp=62.3'C
1619260314
temp=62.8'C
1619260316
temp=62.8'C
1619260317
temp=62.3'C
1619260318
temp=62.8'C
1619260319
temp=62.8'C
1619260320
temp=63.4'C
1619260321
temp=63.4'C
1619260322
temp=62.3'C
1619260323
temp=62.3'C
1619260324
temp=63.4'C
1619260325
temp=62.8'C
1619260326
temp=63.4'C
1619260327
temp=62.8'C
1619260328
temp=63.4'C
1619260329
temp=62.8'C
1619260330
temp=63.4'C
1619260331
temp=63.4'C
1619260333
temp=62.8'C
1619260334
temp=63.4'C
1619260335
temp=63.4'C
1619260336
temp=63.4'C
1619260337
temp=63.4'C
1619260338
temp=63.4'C
1619260339
temp=63.4'C
1619260340
temp=63.9'C
1619260341
temp=63.4'C
1619260342
temp=63.4'C
1619260343
temp=63.4'C
1619260344
temp=63.9'C
1619260345
temp=63.4'C
1619260346
temp=63.9'C
1619260347
temp=63.4'C
1619260349
temp=63.4'C
1619260350
temp=64.5'C
1619260351
temp=63.9'C
1619260352
temp=63.9'C
1619260353
temp=63.4'C
1619260354
temp=63.9'C
1619260355
temp=63.4'C
1619260356
temp=63.4'C
1619260357
temp=63.9'C
