1619262055
temp=46.7'C
1619262057
temp=49.4'C
1619262058
temp=50.5'C
1619262059
temp=52.1'C
1619262060
temp=52.6'C
1619262061
temp=54.2'C
1619262062
temp=53.7'C
1619262063
temp=54.8'C
1619262064
temp=55.8'C
1619262065
temp=55.8'C
1619262066
temp=56.4'C
1619262067
temp=56.9'C
1619262068
temp=57.5'C
1619262069
temp=57.5'C
1619262071
temp=58.0'C
1619262072
temp=58.0'C
1619262073
temp=58.5'C
1619262074
temp=59.1'C
1619262075
temp=59.1'C
1619262076
temp=59.1'C
1619262077
temp=59.1'C
1619262078
temp=59.1'C
1619262079
temp=60.1'C
1619262080
temp=60.1'C
1619262081
temp=60.1'C
1619262082
temp=60.1'C
1619262083
temp=59.6'C
1619262084
temp=60.1'C
1619262086
temp=60.1'C
1619262087
temp=60.1'C
1619262088
temp=60.7'C
1619262089
temp=60.7'C
1619262090
temp=61.2'C
1619262091
temp=61.2'C
1619262092
temp=60.7'C
1619262093
temp=60.7'C
1619262094
temp=61.2'C
1619262095
temp=61.2'C
1619262096
temp=61.2'C
1619262097
temp=61.2'C
1619262098
temp=61.8'C
1619262099
temp=61.8'C
1619262100
temp=61.8'C
1619262102
temp=62.3'C
1619262103
temp=62.3'C
1619262104
temp=62.3'C
1619262105
temp=61.8'C
1619262106
temp=62.3'C
1619262107
temp=62.3'C
1619262108
temp=62.3'C
1619262109
temp=62.3'C
1619262110
temp=62.3'C
1619262111
temp=62.3'C
1619262112
temp=62.3'C
1619262113
temp=62.3'C
1619262114
temp=62.8'C
1619262115
temp=62.3'C
1619262116
temp=63.4'C
1619262118
temp=62.3'C
1619262119
temp=62.3'C
1619262120
temp=62.3'C
1619262121
temp=62.8'C
1619262122
temp=62.3'C
1619262123
temp=62.3'C
1619262124
temp=62.3'C
1619262125
temp=62.8'C
1619262126
temp=62.3'C
1619262127
temp=63.4'C
1619262128
temp=62.8'C
1619262129
temp=62.8'C
1619262130
temp=63.4'C
1619262131
temp=63.4'C
1619262132
temp=63.4'C
1619262134
temp=63.4'C
1619262135
temp=63.4'C
1619262136
temp=62.8'C
1619262137
temp=63.4'C
1619262138
temp=62.3'C
1619262139
temp=63.4'C
1619262140
temp=63.9'C
1619262141
temp=63.4'C
1619262142
temp=63.4'C
1619262143
temp=63.9'C
1619262144
temp=63.4'C
1619262145
temp=63.4'C
1619262146
temp=63.4'C
1619262147
temp=63.9'C
1619262148
temp=63.4'C
1619262150
temp=63.4'C
1619262151
temp=63.4'C
1619262152
temp=63.9'C
1619262153
temp=64.5'C
1619262154
temp=64.5'C
1619262155
temp=63.4'C
1619262156
temp=64.5'C
1619262157
temp=64.5'C
1619262158
temp=64.5'C
1619262159
temp=64.5'C
1619262160
temp=64.5'C
1619262161
temp=64.5'C
1619262162
temp=64.5'C
1619262163
temp=64.5'C
1619262165
temp=65.0'C
1619262166
temp=63.9'C
1619262167
temp=64.5'C
1619262168
temp=64.5'C
1619262169
temp=64.5'C
1619262170
temp=64.5'C
1619262171
temp=65.0'C
1619262172
temp=64.5'C
1619262173
temp=65.0'C
1619262174
temp=64.5'C
1619262175
temp=65.0'C
1619262176
temp=65.0'C
1619262177
temp=65.0'C
1619262178
temp=65.0'C
1619262179
temp=65.0'C
1619262181
temp=65.0'C
1619262182
temp=64.5'C
1619262183
temp=65.0'C
1619262184
temp=64.5'C
1619262185
temp=65.0'C
1619262186
temp=64.5'C
1619262187
temp=64.5'C
1619262188
temp=65.0'C
1619262189
temp=65.0'C
1619262190
temp=64.5'C
1619262191
temp=65.0'C
1619262192
temp=65.0'C
1619262193
temp=65.5'C
1619262194
temp=65.5'C
1619262196
temp=65.0'C
1619262197
temp=65.5'C
1619262198
temp=65.0'C
1619262199
temp=65.5'C
1619262200
temp=65.5'C
1619262201
temp=65.5'C
1619262202
temp=65.0'C
1619262203
temp=65.5'C
1619262204
temp=65.5'C
1619262205
temp=65.5'C
1619262206
temp=65.5'C
1619262207
temp=65.5'C
1619262208
temp=65.5'C
1619262209
temp=65.5'C
1619262210
temp=65.5'C
1619262211
temp=65.5'C
1619262213
temp=65.5'C
1619262214
temp=65.5'C
1619262215
temp=65.5'C
1619262216
temp=65.5'C
1619262217
temp=65.5'C
1619262218
temp=65.5'C
1619262219
temp=66.1'C
1619262220
temp=65.5'C
1619262221
temp=65.5'C
1619262222
temp=66.1'C
1619262223
temp=66.1'C
1619262224
temp=65.5'C
1619262225
temp=66.6'C
1619262226
temp=65.5'C
1619262227
temp=65.5'C
1619262228
temp=65.5'C
1619262230
temp=65.5'C
1619262231
temp=65.5'C
1619262232
temp=66.1'C
1619262233
temp=66.6'C
1619262234
temp=66.6'C
1619262235
temp=65.5'C
1619262236
temp=65.5'C
1619262237
temp=66.1'C
1619262238
temp=65.5'C
1619262239
temp=66.1'C
1619262240
temp=65.5'C
1619262241
temp=65.5'C
1619262242
temp=66.6'C
1619262243
temp=66.1'C
1619262244
temp=66.6'C
1619262245
temp=65.5'C
1619262247
temp=66.1'C
1619262248
temp=66.1'C
1619262249
temp=66.1'C
1619262250
temp=66.6'C
1619262251
temp=66.6'C
1619262252
temp=66.1'C
1619262253
temp=66.6'C
1619262254
temp=65.5'C
1619262255
temp=66.6'C
1619262256
temp=65.5'C
1619262257
temp=66.6'C
1619262258
temp=66.6'C
1619262259
temp=66.6'C
1619262260
temp=66.6'C
1619262261
temp=66.6'C
1619262262
temp=66.6'C
1619262264
temp=66.6'C
1619262265
temp=66.6'C
1619262266
temp=66.6'C
1619262267
temp=66.6'C
1619262268
temp=66.6'C
1619262269
temp=66.6'C
1619262270
temp=66.6'C
1619262271
temp=66.6'C
1619262272
temp=66.6'C
1619262273
temp=66.6'C
1619262274
temp=66.6'C
1619262275
temp=66.6'C
1619262276
temp=66.6'C
1619262278
temp=66.6'C
1619262279
temp=66.1'C
1619262280
temp=66.6'C
1619262281
temp=66.6'C
1619262282
temp=67.1'C
1619262283
temp=66.6'C
1619262284
temp=66.6'C
1619262285
temp=66.6'C
1619262286
temp=66.6'C
1619262287
temp=66.6'C
1619262288
temp=66.6'C
1619262289
temp=66.6'C
1619262290
temp=66.6'C
1619262291
temp=66.6'C
1619262292
temp=66.6'C
1619262294
temp=67.1'C
1619262295
temp=66.6'C
1619262296
temp=66.6'C
1619262297
temp=66.6'C
1619262298
temp=66.6'C
1619262299
temp=66.6'C
1619262300
temp=66.6'C
1619262301
temp=67.1'C
1619262302
temp=67.1'C
1619262303
temp=67.1'C
1619262304
temp=66.6'C
1619262305
temp=66.6'C
1619262306
temp=66.6'C
1619262307
temp=66.6'C
1619262308
temp=67.1'C
1619262309
temp=67.1'C
1619262311
temp=67.1'C
1619262312
temp=67.7'C
1619262313
temp=66.6'C
1619262314
temp=67.1'C
1619262315
temp=67.1'C
1619262316
temp=67.1'C
1619262317
temp=67.1'C
1619262318
temp=67.1'C
1619262319
temp=66.6'C
1619262320
temp=66.6'C
1619262321
temp=67.1'C
1619262322
temp=67.1'C
1619262323
temp=67.1'C
1619262324
temp=66.6'C
1619262325
temp=67.1'C
1619262327
temp=66.6'C
1619262328
temp=67.1'C
1619262329
temp=67.7'C
1619262330
temp=66.6'C
1619262331
temp=67.1'C
1619262332
temp=67.1'C
1619262333
temp=66.6'C
1619262334
temp=66.6'C
1619262335
temp=67.1'C
1619262336
temp=67.1'C
1619262337
temp=67.1'C
1619262338
temp=67.1'C
1619262339
temp=67.1'C
1619262340
temp=66.6'C
1619262341
temp=67.1'C
1619262342
temp=67.7'C
1619262344
temp=67.1'C
1619262345
temp=67.1'C
1619262346
temp=67.7'C
1619262347
temp=67.1'C
1619262348
temp=67.7'C
1619262349
temp=66.6'C
1619262350
temp=67.1'C
1619262351
temp=66.6'C
1619262352
temp=67.1'C
1619262353
temp=67.1'C
1619262354
temp=67.1'C
1619262355
temp=67.1'C
1619262356
temp=66.6'C
1619262357
temp=67.1'C
1619262358
temp=67.1'C
1619262359
temp=67.1'C
1619262361
temp=67.7'C
1619262362
temp=67.7'C
1619262363
temp=67.1'C
1619262364
temp=67.7'C
1619262365
temp=66.6'C
1619262366
temp=67.1'C
1619262367
temp=67.1'C
1619262368
temp=67.1'C
1619262369
temp=66.6'C
1619262370
temp=67.1'C
1619262371
temp=67.1'C
1619262372
temp=67.1'C
1619262373
temp=67.1'C
1619262374
temp=67.7'C
1619262375
temp=67.1'C
1619262377
temp=67.7'C
1619262378
temp=67.7'C
1619262379
temp=67.1'C
1619262380
temp=67.1'C
1619262381
temp=67.1'C
1619262382
temp=67.7'C
1619262383
temp=67.1'C
1619262384
temp=67.7'C
1619262385
temp=67.7'C
1619262386
temp=67.7'C
1619262387
temp=67.1'C
1619262388
temp=67.7'C
1619262389
temp=67.1'C
1619262390
temp=67.1'C
1619262391
temp=67.1'C
1619262393
temp=67.1'C
1619262394
temp=67.7'C
1619262395
temp=67.7'C
1619262396
temp=67.7'C
1619262397
temp=67.1'C
1619262398
temp=67.7'C
1619262399
temp=67.7'C
1619262400
temp=67.1'C
1619262401
temp=67.7'C
1619262402
temp=67.1'C
1619262403
temp=67.7'C
1619262404
temp=67.7'C
1619262405
temp=67.7'C
1619262406
temp=67.7'C
1619262407
temp=67.7'C
1619262408
temp=67.7'C
1619262410
temp=68.2'C
1619262411
temp=68.2'C
1619262412
temp=67.7'C
1619262413
temp=67.1'C
1619262414
temp=67.7'C
1619262415
temp=67.7'C
1619262416
temp=67.7'C
1619262417
temp=67.7'C
1619262418
temp=67.7'C
1619262419
temp=67.7'C
1619262420
temp=67.7'C
1619262421
temp=67.1'C
1619262422
temp=67.7'C
1619262423
temp=67.7'C
1619262424
temp=67.7'C
1619262425
temp=67.1'C
1619262427
temp=67.7'C
1619262428
temp=67.7'C
1619262429
temp=67.7'C
1619262430
temp=68.2'C
1619262431
temp=68.8'C
1619262432
temp=67.7'C
1619262433
temp=68.2'C
1619262434
temp=68.2'C
1619262435
temp=68.2'C
1619262436
temp=68.8'C
1619262437
temp=68.8'C
1619262438
temp=68.2'C
1619262439
temp=68.2'C
1619262440
temp=68.8'C
1619262442
temp=68.8'C
1619262443
temp=68.8'C
1619262444
temp=68.2'C
1619262445
temp=68.8'C
1619262446
temp=68.8'C
1619262447
temp=68.8'C
1619262448
temp=69.3'C
1619262449
temp=68.8'C
1619262450
temp=68.8'C
1619262451
temp=68.8'C
1619262452
temp=68.8'C
1619262453
temp=68.8'C
1619262454
temp=69.3'C
1619262455
temp=68.8'C
1619262457
temp=68.8'C
1619262458
temp=68.8'C
1619262459
temp=69.3'C
1619262460
temp=69.3'C
1619262461
temp=68.8'C
1619262462
temp=68.8'C
1619262463
temp=68.8'C
1619262464
temp=69.3'C
1619262465
temp=69.3'C
1619262466
temp=68.8'C
1619262467
temp=68.8'C
1619262468
temp=69.3'C
1619262469
temp=68.8'C
1619262471
temp=68.8'C
1619262472
temp=69.3'C
1619262473
temp=69.3'C
1619262474
temp=69.3'C
1619262475
temp=68.8'C
1619262476
temp=68.8'C
1619262477
temp=69.3'C
1619262478
temp=69.3'C
1619262479
temp=69.3'C
1619262480
temp=68.8'C
1619262481
temp=69.8'C
1619262482
temp=68.8'C
1619262483
temp=69.3'C
1619262484
temp=68.8'C
1619262486
temp=68.8'C
1619262487
temp=69.3'C
1619262488
temp=69.3'C
1619262489
temp=69.3'C
1619262490
temp=68.8'C
1619262491
temp=68.8'C
1619262492
temp=68.8'C
1619262493
temp=69.8'C
1619262494
temp=69.3'C
1619262495
temp=69.3'C
1619262496
temp=69.3'C
1619262497
temp=69.3'C
1619262498
temp=69.3'C
1619262500
temp=69.3'C
1619262501
temp=69.8'C
1619262502
temp=69.3'C
1619262503
temp=68.8'C
1619262504
temp=68.8'C
1619262505
temp=69.3'C
1619262506
temp=69.8'C
1619262507
temp=68.8'C
1619262508
temp=69.3'C
1619262509
temp=69.3'C
1619262510
temp=69.3'C
1619262511
temp=69.3'C
1619262512
temp=69.3'C
1619262513
temp=69.3'C
1619262515
temp=68.8'C
1619262516
temp=69.8'C
1619262517
temp=69.3'C
1619262518
temp=69.3'C
1619262519
temp=69.3'C
1619262520
temp=69.3'C
1619262521
temp=69.3'C
1619262522
temp=68.8'C
1619262523
temp=69.3'C
1619262524
temp=69.3'C
1619262525
temp=69.3'C
1619262526
temp=69.3'C
1619262527
temp=69.3'C
1619262528
temp=69.8'C
1619262530
temp=69.3'C
1619262531
temp=69.3'C
1619262532
temp=69.3'C
1619262533
temp=69.8'C
1619262534
temp=69.3'C
1619262535
temp=69.3'C
1619262536
temp=69.8'C
1619262537
temp=68.8'C
1619262538
temp=69.8'C
1619262539
temp=69.3'C
1619262540
temp=69.8'C
1619262541
temp=69.8'C
1619262542
temp=69.3'C
1619262544
temp=69.3'C
1619262545
temp=69.3'C
1619262546
temp=69.8'C
1619262547
temp=69.3'C
1619262548
temp=69.3'C
1619262549
temp=69.8'C
1619262550
temp=69.3'C
1619262551
temp=69.3'C
1619262552
temp=69.8'C
1619262553
temp=69.3'C
1619262554
temp=69.3'C
1619262555
temp=69.3'C
1619262556
temp=69.8'C
1619262557
temp=69.3'C
1619262558
temp=69.8'C
1619262560
temp=69.8'C
1619262561
temp=69.8'C
1619262562
temp=69.3'C
1619262563
temp=69.8'C
1619262564
temp=69.3'C
1619262565
temp=69.3'C
1619262566
temp=69.8'C
1619262567
temp=69.8'C
1619262568
temp=69.8'C
1619262569
temp=69.3'C
1619262570
temp=69.8'C
1619262571
temp=69.8'C
1619262572
temp=69.8'C
1619262573
temp=69.8'C
1619262575
temp=69.8'C
1619262576
temp=69.3'C
1619262577
temp=69.3'C
1619262578
temp=70.4'C
1619262579
temp=68.8'C
1619262580
temp=69.3'C
1619262581
temp=69.8'C
1619262582
temp=69.8'C
1619262583
temp=69.3'C
1619262584
temp=69.8'C
1619262585
temp=69.8'C
1619262586
temp=68.8'C
1619262587
temp=69.8'C
1619262588
temp=69.8'C
1619262590
temp=69.8'C
1619262591
temp=69.8'C
1619262592
temp=69.3'C
1619262593
temp=69.8'C
1619262594
temp=69.8'C
1619262595
temp=69.8'C
1619262596
temp=69.3'C
1619262597
temp=70.4'C
1619262598
temp=69.3'C
1619262599
temp=69.8'C
1619262600
temp=69.8'C
1619262601
temp=69.3'C
1619262602
temp=69.8'C
1619262603
temp=69.8'C
1619262605
temp=69.8'C
1619262606
temp=69.3'C
1619262607
temp=69.3'C
1619262608
temp=69.8'C
1619262609
temp=69.3'C
1619262610
temp=69.3'C
1619262611
temp=69.8'C
1619262612
temp=69.8'C
1619262613
temp=69.3'C
1619262614
temp=69.8'C
1619262615
temp=69.8'C
1619262616
temp=69.8'C
1619262617
temp=69.8'C
1619262619
temp=69.8'C
1619262620
temp=69.3'C
1619262621
temp=70.4'C
1619262622
temp=69.8'C
1619262623
temp=69.8'C
1619262624
temp=69.3'C
1619262625
temp=69.3'C
1619262626
temp=69.8'C
1619262627
temp=69.8'C
1619262628
temp=69.8'C
1619262629
temp=69.8'C
1619262630
temp=70.4'C
1619262631
temp=70.4'C
1619262632
temp=69.8'C
1619262634
temp=69.8'C
1619262635
temp=69.8'C
1619262636
temp=70.4'C
1619262637
temp=69.8'C
1619262638
temp=69.8'C
1619262639
temp=69.8'C
1619262640
temp=69.8'C
1619262641
temp=69.8'C
1619262642
temp=70.4'C
1619262643
temp=69.8'C
1619262644
temp=69.8'C
1619262645
temp=69.3'C
1619262646
temp=69.8'C
1619262647
temp=69.3'C
1619262649
temp=69.8'C
1619262650
temp=69.8'C
1619262651
temp=69.8'C
1619262652
temp=69.8'C
1619262653
temp=70.4'C
1619262654
temp=69.8'C
1619262655
temp=69.8'C
1619262656
temp=69.8'C
1619262657
temp=70.4'C
1619262658
temp=69.8'C
1619262659
temp=69.8'C
1619262660
temp=69.8'C
1619262661
temp=70.4'C
1619262663
temp=69.8'C
1619262664
temp=69.8'C
1619262665
temp=69.8'C
1619262666
temp=70.4'C
1619262667
temp=69.8'C
1619262668
temp=69.8'C
1619262669
temp=69.8'C
1619262670
temp=69.8'C
1619262671
temp=69.8'C
1619262672
temp=69.8'C
1619262673
temp=69.8'C
1619262674
temp=70.4'C
1619262675
temp=69.8'C
1619262676
temp=69.8'C
1619262677
temp=70.4'C
1619262679
temp=70.4'C
1619262680
temp=69.8'C
1619262681
temp=69.8'C
1619262682
temp=70.4'C
1619262683
temp=69.8'C
1619262684
temp=69.8'C
1619262685
temp=69.8'C
1619262686
temp=69.8'C
1619262687
temp=70.4'C
1619262688
temp=69.8'C
1619262689
temp=69.8'C
1619262690
temp=69.8'C
1619262691
temp=69.8'C
1619262692
temp=69.8'C
1619262694
temp=70.4'C
1619262695
temp=69.8'C
1619262696
temp=69.8'C
1619262697
temp=70.4'C
1619262698
temp=70.4'C
1619262699
temp=69.8'C
1619262700
temp=70.4'C
1619262701
temp=70.4'C
1619262702
temp=69.8'C
1619262703
temp=69.8'C
1619262704
temp=69.8'C
1619262705
temp=70.4'C
1619262706
temp=70.4'C
1619262707
temp=69.8'C
1619262708
temp=69.8'C
1619262710
temp=70.4'C
1619262711
temp=69.8'C
1619262712
temp=69.8'C
1619262713
temp=69.8'C
1619262714
temp=69.3'C
1619262715
temp=70.4'C
1619262716
temp=69.8'C
1619262717
temp=70.4'C
1619262718
temp=69.8'C
1619262719
temp=69.8'C
1619262720
temp=70.9'C
1619262721
temp=69.8'C
1619262722
temp=69.8'C
1619262724
temp=70.4'C
1619262725
temp=69.8'C
1619262726
temp=69.8'C
1619262727
temp=69.8'C
1619262728
temp=69.8'C
1619262729
temp=69.8'C
1619262730
temp=69.8'C
1619262731
temp=70.4'C
1619262732
temp=69.8'C
1619262733
temp=69.8'C
1619262734
temp=70.4'C
1619262735
temp=70.4'C
1619262736
temp=69.8'C
1619262738
temp=69.8'C
1619262739
temp=69.8'C
1619262740
temp=69.8'C
1619262741
temp=69.8'C
1619262742
temp=70.4'C
1619262743
temp=69.8'C
1619262744
temp=70.4'C
1619262745
temp=69.8'C
1619262746
temp=69.8'C
1619262747
temp=69.8'C
1619262748
temp=70.9'C
1619262749
temp=70.9'C
1619262750
temp=70.4'C
1619262751
temp=70.4'C
1619262753
temp=70.4'C
1619262754
temp=70.4'C
1619262755
temp=69.8'C
1619262756
temp=70.4'C
1619262757
temp=70.4'C
1619262758
temp=69.8'C
1619262759
temp=69.8'C
1619262760
temp=70.9'C
1619262761
temp=70.4'C
1619262762
temp=69.8'C
1619262763
temp=70.4'C
1619262764
temp=70.4'C
1619262765
temp=70.4'C
1619262766
temp=69.8'C
1619262767
temp=69.8'C
1619262769
temp=69.8'C
1619262770
temp=70.4'C
1619262771
temp=70.4'C
1619262772
temp=70.4'C
1619262773
temp=70.4'C
1619262774
temp=70.9'C
1619262775
temp=70.4'C
1619262776
temp=69.8'C
1619262777
temp=69.8'C
1619262778
temp=69.8'C
1619262779
temp=69.8'C
1619262780
temp=69.8'C
1619262781
temp=69.8'C
1619262782
temp=70.4'C
1619262784
temp=69.8'C
1619262785
temp=70.4'C
1619262786
temp=69.8'C
1619262787
temp=69.8'C
1619262788
temp=70.4'C
1619262789
temp=69.8'C
1619262790
temp=70.4'C
1619262791
temp=69.8'C
1619262792
temp=69.8'C
1619262793
temp=70.9'C
1619262794
temp=69.8'C
1619262795
temp=69.8'C
1619262796
temp=69.8'C
1619262797
temp=69.8'C
1619262798
temp=70.4'C
