1619259560
temp=42.4'C
1619259561
temp=45.1'C
1619259563
temp=46.2'C
1619259564
temp=47.8'C
1619259565
temp=48.3'C
1619259566
temp=49.4'C
1619259567
temp=49.9'C
1619259568
temp=51.0'C
1619259569
temp=51.5'C
1619259570
temp=52.1'C
1619259571
temp=52.6'C
1619259572
temp=52.6'C
1619259573
temp=52.6'C
1619259574
temp=53.7'C
1619259575
temp=54.2'C
1619259576
temp=54.2'C
1619259577
temp=54.2'C
1619259578
temp=54.8'C
1619259580
temp=54.8'C
1619259581
temp=55.3'C
1619259582
temp=55.3'C
1619259583
temp=55.8'C
1619259584
temp=55.8'C
1619259585
temp=56.4'C
1619259586
temp=55.8'C
1619259587
temp=56.4'C
1619259588
temp=56.4'C
1619259589
temp=55.8'C
1619259590
temp=56.4'C
1619259591
temp=56.4'C
1619259592
temp=56.9'C
1619259593
temp=56.9'C
1619259594
temp=57.5'C
1619259595
temp=58.0'C
1619259597
temp=56.9'C
1619259598
temp=58.0'C
1619259599
temp=57.5'C
1619259600
temp=58.0'C
1619259601
temp=57.5'C
1619259602
temp=58.0'C
1619259603
temp=58.0'C
1619259604
temp=58.5'C
1619259605
temp=58.0'C
1619259606
temp=58.5'C
1619259607
temp=58.0'C
1619259608
temp=58.0'C
1619259609
temp=58.5'C
1619259610
temp=59.1'C
1619259611
temp=58.5'C
1619259613
temp=58.5'C
1619259614
temp=59.1'C
1619259615
temp=59.1'C
1619259616
temp=59.1'C
1619259617
temp=59.1'C
1619259618
temp=59.1'C
1619259619
temp=59.1'C
1619259620
temp=59.1'C
1619259621
temp=59.6'C
1619259622
temp=59.6'C
1619259623
temp=59.6'C
1619259624
temp=59.6'C
1619259625
temp=60.1'C
1619259626
temp=60.1'C
1619259627
temp=60.1'C
