1619247676
temp=45.1'C
1619247677
temp=47.2'C
1619247678
temp=49.4'C
1619247679
temp=50.5'C
1619247680
temp=51.5'C
1619247681
temp=52.1'C
1619247682
temp=52.6'C
1619247683
temp=53.7'C
1619247685
temp=54.2'C
1619247686
temp=54.2'C
1619247687
temp=55.3'C
1619247688
temp=55.8'C
1619247689
temp=55.8'C
1619247690
temp=56.4'C
1619247691
temp=56.4'C
1619247692
temp=56.9'C
1619247693
temp=56.9'C
1619247694
temp=56.9'C
1619247695
temp=56.9'C
1619247696
temp=58.0'C
1619247697
temp=58.0'C
1619247698
temp=58.0'C
1619247699
temp=58.0'C
1619247700
temp=58.0'C
1619247702
temp=58.5'C
1619247703
temp=58.0'C
1619247704
temp=58.5'C
1619247705
temp=59.1'C
1619247706
temp=59.1'C
1619247707
temp=59.1'C
1619247708
temp=59.1'C
1619247709
temp=60.1'C
1619247710
temp=60.1'C
1619247711
temp=60.1'C
1619247712
temp=60.1'C
1619247713
temp=60.1'C
1619247714
temp=60.7'C
1619247715
temp=60.7'C
1619247716
temp=61.2'C
1619247718
temp=60.1'C
1619247719
temp=61.2'C
1619247720
temp=60.7'C
1619247721
temp=61.2'C
1619247722
temp=61.2'C
1619247723
temp=62.3'C
1619247724
temp=61.8'C
1619247725
temp=61.2'C
1619247726
temp=61.8'C
1619247727
temp=62.3'C
1619247728
temp=61.2'C
1619247729
temp=62.3'C
1619247730
temp=62.3'C
1619247731
temp=62.3'C
1619247733
temp=62.3'C
1619247734
temp=62.3'C
1619247735
temp=62.8'C
1619247736
temp=62.3'C
1619247737
temp=62.3'C
1619247738
temp=62.8'C
1619247739
temp=62.8'C
1619247740
temp=62.3'C
