# timestamp	V	A	W	V	A
1618905338.40242	1396.641	0.145	85.743	320.882	0.115
1618905338.40432	232.621	0.024	2.321	320.640	0.107
1618905338.40499	232.607	0.024	2.349	320.640	0.110
1618905338.45911	232.616	0.024	2.369	320.801	0.107
1618905338.46194	232.581	0.026	2.659	320.640	0.111
1618905338.46279	232.615	0.025	2.442	320.801	0.111
1618905338.50242	232.613	0.024	2.355	320.640	0.108
1618905338.50300	232.635	0.025	2.379	320.640	0.114
1618905338.54035	232.678	0.024	2.386	320.640	0.108
1618905338.54199	232.717	0.024	2.400	320.801	0.107
1618905338.57915	232.713	0.024	2.437	320.882	0.105
1618905338.59234	232.675	0.024	2.371	320.721	0.103
1618905338.63931	232.608	0.024	2.363	320.640	0.106
1618905338.63998	232.598	0.024	2.448	320.721	0.107
1618905338.65214	232.629	0.024	2.428	320.801	0.114
1618905338.68891	232.666	0.024	2.369	320.721	0.114
1618905338.68980	232.687	0.024	2.333	320.721	0.111
1618905338.73199	232.708	0.024	2.352	320.721	0.106
1618905338.73293	232.690	0.024	2.358	320.721	0.103
1618905338.74312	232.683	0.024	2.349	320.721	0.103
1618905338.78241	232.671	0.024	2.396	320.721	0.103
1618905338.78297	232.689	0.024	2.352	320.721	0.108
1618905338.82189	232.689	0.024	2.398	320.721	0.108
1618905338.82279	232.711	0.024	2.437	320.721	0.106
1618905338.86015	232.731	0.024	2.411	320.560	0.099
1618905338.86206	232.727	0.024	2.432	320.721	0.104
1618905338.90337	232.724	0.024	2.387	320.882	0.102
1618905338.91737	232.748	0.024	2.366	320.882	0.107
1618905338.91901	232.740	0.024	2.404	320.882	0.107
1618905338.95843	232.763	0.024	2.445	320.801	0.110
1618905338.95903	232.784	0.024	2.403	320.801	0.109
1618905338.99739	232.767	0.024	2.362	320.882	0.111
1618905339.00400	232.733	0.024	2.271	320.801	0.107
1618905339.04243	232.734	0.023	2.317	320.962	0.102
1618905339.05216	232.723	0.024	2.393	320.801	0.102
1618905339.09140	232.716	0.024	2.419	320.882	0.104
1618905339.09305	232.713	0.024	2.393	320.801	0.106
1618905339.10539	232.744	0.024	2.358	320.962	0.109
1618905339.14438	232.720	0.025	2.406	320.801	0.110
1618905339.14504	232.692	0.024	2.306	320.882	0.104
1618905339.18336	232.703	0.024	2.409	320.962	0.104
1618905339.18404	232.699	0.025	2.385	320.801	0.109
1618905339.22242	232.711	0.025	2.404	320.962	0.109
1618905339.25999	232.725	0.024	2.409	320.882	0.111
1618905339.26315	232.689	0.024	2.387	320.801	0.115
1618905339.26419	232.709	0.024	2.350	320.640	0.115
1618905339.30306	232.618	0.024	2.321	320.640	0.112
1618905339.30837	232.573	0.024	2.317	320.721	0.110
1618905339.32339	232.595	0.024	2.336	320.721	0.107
1618905339.36242	232.599	0.024	2.324	320.721	0.105
1618905339.36296	232.636	0.024	2.422	320.801	0.106
1618905339.40244	232.661	0.024	2.401	320.882	0.110
1618905339.41444	232.684	0.025	2.374	320.801	0.114
1618905339.45219	232.626	0.024	2.295	320.882	0.106
1618905339.46311	232.586	0.026	2.565	320.801	0.112
1618905339.50008	232.571	0.026	2.551	320.882	0.111
1618905339.50249	232.567	0.025	2.383	320.962	0.108
1618905339.54022	232.590	0.025	2.450	320.882	0.109
1618905339.55239	232.597	0.024	2.404	320.962	0.110
1618905339.56306	232.593	0.024	2.364	320.801	0.114
1618905339.60042	232.570	0.024	2.305	320.801	0.111
1618905339.61446	232.513	0.024	2.299	320.882	0.110
1618905339.62341	232.551	0.024	2.348	320.882	0.107
1618905339.66029	232.563	0.024	2.387	320.801	0.105
1618905339.66707	232.563	0.024	2.381	320.962	0.107
1618905339.70440	232.531	0.024	2.369	320.801	0.107
1618905339.74943	232.503	0.024	2.312	320.882	0.108
1618905339.75007	232.495	0.024	2.398	320.801	0.107
1618905339.76248	232.516	0.025	2.461	320.962	0.109
1618905339.80442	232.514	0.024	2.353	320.962	0.106
1618905339.80507	232.503	0.024	2.388	320.962	0.107
1618905339.84344	232.453	0.024	2.375	321.043	0.107
1618905339.84400	232.419	0.024	2.400	320.882	0.116
1618905339.88196	232.407	0.024	2.335	320.721	0.109
1618905339.88285	232.427	0.024	2.368	320.560	0.106
1618905339.92040	232.467	0.024	2.365	320.479	0.099
1618905339.93243	232.466	0.024	2.324	320.801	0.104
1618905339.94343	232.507	0.024	2.312	320.962	0.102
1618905339.98044	232.520	0.023	2.335	321.204	0.102
1618905339.99143	232.478	0.024	2.384	321.123	0.106
1618905340.00227	232.460	0.024	2.315	320.962	0.109
1618905340.03912	232.433	0.024	2.369	320.882	0.106
1618905340.04007	232.473	0.024	2.446	320.640	0.103
1618905340.07798	232.509	0.024	2.411	321.043	0.099
1618905340.09489	232.516	0.024	2.408	321.043	0.104
1618905340.10389	232.519	0.024	2.355	321.123	0.106
1618905340.14189	232.468	0.024	2.392	320.882	0.108
1618905340.15085	232.466	0.024	2.403	320.801	0.109
1618905340.16344	232.453	0.024	2.346	320.801	0.110
1618905340.20249	232.503	0.024	2.344	320.721	0.111
1618905340.22323	232.550	0.024	2.319	320.801	0.106
1618905340.26026	232.575	0.024	2.312	320.882	0.102
1618905340.26126	232.550	0.024	2.398	320.801	0.102
1618905340.30228	232.580	0.024	2.379	320.560	0.104
1618905340.34649	232.604	0.024	2.332	320.882	0.108
1618905340.34811	232.621	0.025	2.418	320.721	0.107
1618905340.34907	232.595	0.024	2.295	320.640	0.105
1618905340.37244	232.546	0.024	2.371	320.721	0.106
1618905340.40944	232.570	0.024	2.378	320.721	0.104
1618905340.41207	232.554	0.024	2.372	320.882	0.105
1618905340.44944	232.565	0.024	2.423	320.801	0.109
1618905340.45007	232.557	0.025	2.443	320.560	0.115
1618905340.46216	232.599	0.024	2.411	320.640	0.112
1618905340.49890	232.640	0.025	2.421	320.640	0.118
1618905340.51189	232.641	0.026	2.592	320.640	0.116
1618905340.52247	232.587	0.024	2.335	320.560	0.104
1618905340.55927	232.556	0.024	2.345	320.479	0.104
1618905340.57144	232.560	0.024	2.387	320.560	0.107
1618905340.58247	232.553	0.024	2.392	320.640	0.108
1618905340.61944	232.598	0.024	2.370	320.560	0.111
1618905340.63143	232.644	0.024	2.424	320.721	0.110
1618905340.64207	232.674	0.025	2.423	320.560	0.109
1618905340.68044	232.658	0.024	2.407	320.721	0.105
1618905340.69247	232.599	0.024	2.318	320.560	0.105
1618905340.70442	232.566	0.025	2.380	320.640	0.108
1618905340.74199	232.572	0.025	2.396	320.640	0.116
1618905340.74890	232.612	0.025	2.451	320.319	0.111
1618905340.78689	232.696	0.025	2.433	320.640	0.115
1618905340.80043	232.687	0.024	2.350	320.560	0.115
1618905340.81244	232.699	0.024	2.294	320.560	0.112
1618905340.83244	232.672	0.024	2.270	320.560	0.108
1618905340.84543	232.650	0.025	2.354	320.479	0.108
1618905340.88325	232.649	0.024	2.337	320.640	0.105
1618905340.89427	232.698	0.025	2.410	320.560	0.107
1618905340.90300	232.756	0.024	2.395	320.640	0.110
1618905340.94004	232.661	0.024	2.316	320.158	0.106
1618905340.95099	232.661	0.024	2.335	320.479	0.105
1618905340.96213	232.660	0.024	2.324	320.399	0.105
1618905341.00046	232.614	0.024	2.373	320.399	0.103
1618905341.01207	232.627	0.024	2.357	320.640	0.105
1618905341.02310	232.632	0.024	2.404	320.560	0.107
1618905341.06196	232.649	0.024	2.441	320.479	0.108
1618905341.06293	232.652	0.024	2.409	320.399	0.111
1618905341.10028	232.642	0.024	2.362	320.319	0.111
1618905341.11128	232.606	0.024	2.289	320.479	0.109
1618905341.12450	232.615	0.024	2.333	320.479	0.106
1618905341.17853	232.603	0.024	2.339	320.479	0.103
1618905341.17908	232.667	0.024	2.430	320.560	0.104
1618905341.21746	232.695	0.024	2.373	320.560	0.108
1618905341.21810	232.700	0.024	2.355	320.479	0.109
1618905341.23241	232.656	0.024	2.370	320.479	0.109
1618905341.26899	232.637	0.024	2.327	320.399	0.106
1618905341.27089	232.618	0.025	2.433	320.319	0.108
1618905341.30890	232.624	0.025	2.395	320.399	0.107
1618905341.31088	232.673	0.024	2.383	320.560	0.105
1618905341.32189	232.666	0.025	2.401	320.560	0.108
1618905341.36007	232.664	0.024	2.402	320.640	0.111
1618905341.38251	232.596	0.026	2.642	320.077	0.118
1618905341.41943	232.574	0.027	2.636	320.399	0.119
1618905341.43147	232.562	0.026	2.585	320.319	0.110
1618905341.44251	232.626	0.027	2.731	320.399	0.112
1618905341.49411	232.666	0.026	2.639	320.640	0.109
1618905341.50326	232.645	0.026	2.640	320.560	0.114
1618905341.54254	232.645	0.028	2.867	320.479	0.119
1618905341.54313	232.668	0.026	2.658	320.479	0.115
1618905341.58051	232.636	0.024	2.420	320.399	0.103
1618905341.62551	232.641	0.024	2.395	320.721	0.105
1618905341.62713	232.597	0.026	2.646	320.640	0.114
1618905341.66504	232.565	0.026	2.647	320.640	0.115
1618905341.66694	232.527	0.026	2.608	320.479	0.117
1618905341.70493	232.552	0.026	2.500	320.238	0.112
1618905341.70634	232.563	0.026	2.519	320.319	0.117
1618905341.74450	232.625	0.026	2.595	320.560	0.109
1618905341.75119	232.648	0.026	2.643	320.560	0.112
1618905341.78903	232.658	0.026	2.642	320.560	0.110
1618905341.79191	232.622	0.027	2.737	320.640	0.116
1618905341.80192	232.570	0.026	2.608	320.399	0.115
1618905341.83926	232.582	0.026	2.538	320.399	0.118
1618905341.85227	232.595	0.027	2.717	320.479	0.117
1618905341.86202	232.620	0.027	2.698	320.479	0.112
1618905341.90007	232.594	0.026	2.598	320.479	0.111
1618905341.91004	232.615	0.030	3.153	320.721	0.132
1618905341.94825	232.580	0.032	3.458	320.479	0.135
1618905341.98939	232.514	0.032	3.380	320.479	0.136
1618905341.99013	232.551	0.033	3.374	320.399	0.144
1618905342.01248	232.625	0.032	3.338	320.399	0.135
1618905342.04951	232.588	0.032	3.346	320.479	0.138
1618905342.05014	232.615	0.032	3.327	320.560	0.131
1618905342.06502	232.599	0.032	3.290	320.560	0.129
1618905342.10396	232.560	0.032	3.336	320.479	0.130
1618905342.10995	232.575	0.032	3.382	320.479	0.132
1618905342.12193	232.585	0.032	3.422	320.560	0.135
1618905342.16950	232.606	0.031	3.335	320.560	0.129
1618905342.17108	232.620	0.031	3.234	320.479	0.127
1618905342.18253	232.631	0.039	4.343	320.721	0.167
1618905342.21950	232.613	0.047	5.475	320.640	0.177
1618905342.22013	232.556	0.046	5.460	320.721	0.174
1618905342.25829	232.571	0.046	5.444	320.560	0.177
1618905342.28049	232.534	0.047	5.439	320.399	0.185
1618905342.31856	232.592	0.046	5.359	320.560	0.179
1618905342.31907	232.609	0.046	5.334	320.479	0.173
1618905342.35854	232.603	0.046	5.322	320.560	0.173
1618905342.35915	232.614	0.046	5.393	320.560	0.165
1618905342.36205	232.464	0.046	5.358	320.560	0.166
1618905342.39931	232.412	0.046	5.402	320.319	0.175
1618905342.40515	232.465	0.046	5.422	320.479	0.171
1618905342.44326	232.605	0.047	5.411	320.560	0.170
1618905342.44503	232.657	0.046	5.441	320.640	0.170
1618905342.48351	232.664	0.046	5.454	320.560	0.174
1618905342.48417	232.652	0.047	5.493	320.479	0.174
1618905342.52259	232.599	0.046	5.361	320.560	0.173
1618905342.56518	232.596	0.047	5.469	320.560	0.175
1618905342.56707	232.629	0.047	5.416	320.560	0.182
1618905342.60549	232.685	0.047	5.364	320.640	0.180
1618905342.60715	232.690	0.046	5.351	320.640	0.173
1618905342.64450	232.651	0.046	5.318	320.560	0.174
1618905342.64514	232.630	0.046	5.329	320.801	0.174
1618905342.68353	232.619	0.046	5.418	320.721	0.174
1618905342.69752	232.629	0.047	5.409	320.399	0.176
1618905342.74352	232.701	0.047	5.460	320.640	0.179
1618905342.74415	232.687	0.047	5.412	320.479	0.175
1618905342.75649	232.739	0.046	5.363	320.560	0.176
1618905342.77152	232.699	0.047	5.475	320.560	0.174
1618905342.78215	232.659	0.047	5.408	320.560	0.171
1618905342.82148	232.660	0.047	5.371	320.721	0.169
1618905342.82316	232.682	0.047	5.423	320.721	0.175
1618905342.86060	232.744	0.047	5.494	320.801	0.180
1618905342.86199	232.706	0.047	5.459	320.721	0.174
1618905342.89898	232.732	0.047	5.345	320.560	0.182
1618905342.93799	232.705	0.047	5.337	320.560	0.177
1618905342.93898	232.676	0.046	5.302	320.640	0.178
1618905342.93997	232.683	0.046	5.376	320.560	0.176
1618905342.97959	232.742	0.047	5.418	320.560	0.173
1618905342.98949	232.785	0.047	5.443	320.560	0.175
1618905343.00255	232.800	0.047	5.408	320.479	0.176
1618905343.03906	232.791	0.047	5.367	320.479	0.177
1618905343.03996	232.820	0.047	5.416	320.560	0.177
1618905343.07856	232.783	0.047	5.462	320.479	0.176
1618905343.08015	232.812	0.047	5.415	320.479	0.176
1618905343.11858	232.814	0.047	5.427	320.560	0.179
1618905343.14053	232.887	0.047	5.479	320.560	0.180
1618905343.17856	232.916	0.047	5.444	320.640	0.182
1618905343.21554	232.879	0.047	5.353	320.560	0.182
1618905343.21717	232.855	0.046	5.314	320.319	0.178
1618905343.26064	232.751	0.047	5.341	320.319	0.176
1618905343.26212	232.775	0.047	5.337	320.238	0.174
1618905343.26299	232.856	0.047	5.435	320.319	0.171
1618905343.30002	232.885	0.047	5.473	320.319	0.178
1618905343.30228	232.884	0.047	5.453	320.319	0.177
1618905343.33958	232.913	0.047	5.378	320.399	0.178
1618905343.35060	232.823	0.047	5.377	320.158	0.175
1618905343.36249	232.880	0.047	5.455	320.399	0.174
1618905343.39960	232.835	0.047	5.406	320.238	0.175
1618905343.40021	232.902	0.047	5.413	320.399	0.171
1618905343.43957	232.870	0.047	5.426	320.399	0.180
1618905343.48510	232.855	0.047	5.459	320.399	0.180
1618905343.48707	232.700	0.047	5.388	319.997	0.186
1618905343.50311	232.674	0.047	5.382	319.755	0.182
1618905343.54201	232.746	0.047	5.359	320.158	0.179
1618905343.55099	232.810	0.047	5.457	320.319	0.180
1618905343.56200	232.839	0.047	5.430	320.479	0.177
1618905343.59899	232.792	0.047	5.464	320.319	0.176
1618905343.61001	232.790	0.047	5.421	320.479	0.178
1618905343.62200	232.753	0.047	5.330	320.238	0.176
1618905343.65981	232.749	0.047	5.343	320.158	0.177
1618905343.67058	232.761	0.048	5.489	320.238	0.177
1618905343.68305	232.831	0.048	5.474	320.319	0.179
1618905343.72055	232.817	0.047	5.412	320.238	0.178
1618905343.73135	232.864	0.047	5.431	320.560	0.174
1618905343.74357	232.846	0.047	5.471	320.399	0.185
1618905343.78957	232.823	0.047	5.385	320.479	0.178
1618905343.80237	232.853	0.047	5.361	320.238	0.185
1618905343.83939	232.903	0.047	5.392	320.399	0.179
1618905343.84021	232.947	0.047	5.395	320.560	0.175
1618905343.87907	232.943	0.047	5.402	320.640	0.180
1618905343.89560	232.923	0.047	5.439	320.560	0.175
1618905343.90322	232.855	0.047	5.438	320.479	0.177
1618905343.94157	232.893	0.047	5.352	320.399	0.181
1618905343.94327	232.883	0.047	5.468	320.399	0.179
1618905343.98457	232.943	0.048	5.516	320.399	0.182
1618905343.99657	232.955	0.048	5.447	320.560	0.183
1618905344.01757	232.956	0.047	5.393	320.721	0.176
1618905344.04329	232.925	0.047	5.447	320.640	0.180
1618905344.08060	232.919	0.047	5.450	320.560	0.186
1618905344.09259	232.985	0.047	5.472	320.721	0.180
1618905344.10260	233.001	0.048	5.474	320.721	0.183
1618905344.13955	233.037	0.047	5.323	320.801	0.176
1618905344.15058	232.967	0.047	5.344	320.560	0.178
1618905344.16019	232.994	0.047	5.430	320.721	0.178
1618905344.19933	232.994	0.047	5.483	320.721	0.174
1618905344.21057	233.073	0.047	5.459	320.962	0.178
1618905344.22055	233.078	0.047	5.448	320.721	0.175
1618905344.25958	233.190	0.047	5.484	320.882	0.177
1618905344.26003	233.216	0.047	5.490	320.962	0.178
1618905344.30058	233.255	0.047	5.465	320.801	0.180
1618905344.31059	233.188	0.047	5.425	320.882	0.175
1618905344.32119	233.173	0.047	5.419	320.801	0.180
1618905344.36155	233.219	0.048	5.520	320.962	0.181
1618905344.37148	233.273	0.047	5.465	321.043	0.183
1618905344.38454	233.262	0.047	5.456	320.882	0.182
1618905344.42956	233.318	0.047	5.429	320.962	0.178
1618905344.46659	233.308	0.047	5.396	321.043	0.174
1618905344.46802	233.228	0.046	5.394	320.962	0.168
1618905344.50638	233.267	0.047	5.437	320.962	0.175
1618905344.50922	233.254	0.048	5.483	320.640	0.180
1618905344.52056	233.325	0.047	5.409	320.882	0.180
1618905344.55863	233.273	0.047	5.424	320.882	0.178
1618905344.57059	233.243	0.047	5.451	320.882	0.177
1618905344.58055	233.199	0.048	5.515	320.801	0.179
1618905344.61860	233.221	0.047	5.402	320.801	0.177
1618905344.63060	233.171	0.047	5.418	320.962	0.177
1618905344.64021	233.218	0.048	5.508	320.962	0.180
1618905344.67957	233.187	0.048	5.482	321.043	0.182
1618905344.69157	233.208	0.047	5.426	320.801	0.179
1618905344.70117	233.156	0.047	5.341	320.721	0.181
1618905344.74031	233.170	0.047	5.383	320.721	0.180
1618905344.74116	233.130	0.047	5.325	320.801	0.180
1618905344.77959	233.186	0.047	5.370	320.962	0.176
1618905344.82561	233.188	0.047	5.397	320.962	0.174
1618905344.82630	233.293	0.049	5.580	321.043	0.193
1618905344.82820	233.271	0.048	5.437	321.043	0.207
1618905344.86853	233.260	0.047	5.364	321.445	0.195
1618905344.86910	233.244	0.046	5.411	321.526	0.169
1618905344.89005	233.304	0.047	5.518	321.526	0.176
1618905344.90105	233.332	0.047	5.433	321.123	0.178
1618905344.93961	233.376	0.047	5.407	321.204	0.180
1618905344.95060	233.367	0.047	5.463	321.445	0.177
1618905344.96023	233.375	0.047	5.447	321.123	0.177
1618905344.99960	233.290	0.047	5.449	320.882	0.186
1618905345.01059	233.305	0.047	5.349	320.962	0.185
1618905345.02023	233.213	0.047	5.363	320.801	0.180
1618905345.05936	233.250	0.047	5.337	320.962	0.176
1618905345.06018	233.187	0.047	5.430	320.640	0.176
1618905345.09859	233.273	0.048	5.488	320.640	0.183
1618905345.11561	233.271	0.047	5.461	320.962	0.179
1618905345.12358	233.324	0.048	5.373	321.043	0.182
1618905345.16160	233.260	0.048	5.452	320.721	0.186
1618905345.17152	233.248	0.047	5.452	320.801	0.180
1618905345.18160	233.270	0.047	5.524	320.962	0.176
1618905345.23793	233.280	0.047	5.506	320.962	0.175
1618905345.23920	233.250	0.048	5.540	321.365	0.178
1618905345.24029	233.245	0.048	5.459	320.962	0.189
1618905345.29210	233.197	0.047	5.392	320.962	0.185
1618905345.29407	233.294	0.048	5.498	321.043	0.186
1618905345.31008	233.274	0.048	5.435	320.962	0.183
1618905345.32061	233.300	0.047	5.377	320.801	0.182
1618905345.35867	233.290	0.048	5.396	320.801	0.178
1618905345.37064	233.325	0.047	5.473	321.123	0.176
1618905345.38064	233.284	0.047	5.465	320.962	0.179
1618905345.41865	233.312	0.047	5.444	321.123	0.179
1618905345.41929	233.308	0.047	5.383	321.043	0.175
1618905345.45640	233.306	0.047	5.421	321.043	0.178
1618905345.46832	233.276	0.048	5.493	320.882	0.174
1618905345.50668	233.337	0.048	5.485	320.882	0.182
1618905345.50828	233.310	0.048	5.452	320.962	0.177
1618905345.54666	233.283	0.048	5.392	320.962	0.180
1618905345.54833	233.235	0.048	5.455	320.721	0.186
1618905345.56065	233.235	0.047	5.498	320.882	0.179
1618905345.59931	233.245	0.047	5.458	320.962	0.178
1618905345.60021	233.313	0.048	5.438	321.043	0.180
1618905345.63962	233.304	0.048	5.420	320.882	0.183
1618905345.64422	233.397	0.047	5.421	321.123	0.180
1618905345.68121	233.361	0.047	5.344	321.204	0.176
1618905345.69034	233.318	0.047	5.387	321.123	0.174
1618905345.72877	233.295	0.047	5.466	321.043	0.176
1618905345.72926	233.327	0.047	5.480	321.123	0.180
1618905345.73963	233.340	0.047	5.380	321.284	0.178
1618905345.77620	233.412	0.048	5.478	321.043	0.181
1618905345.82464	233.405	0.048	5.538	321.043	0.190
1618905345.82527	233.397	0.047	5.350	321.123	0.182
1618905345.82626	233.366	0.047	5.413	321.204	0.180
1618905345.86443	233.365	0.047	5.392	321.204	0.182
1618905345.86520	233.260	0.047	5.466	321.043	0.178
1618905345.90364	233.320	0.048	5.471	320.962	0.187
1618905345.90429	233.349	0.047	5.434	321.123	0.176
1618905345.94163	233.371	0.047	5.401	321.204	0.183
1618905345.98065	233.339	0.047	5.432	320.962	0.187
1618905345.98129	233.376	0.047	5.407	321.204	0.179
1618905345.98325	233.340	0.047	5.443	321.123	0.171
1618905346.02063	233.350	0.048	5.484	321.123	0.179
1618905346.02129	233.368	0.048	5.524	321.204	0.178
1618905346.05918	233.373	0.047	5.387	321.123	0.176
1618905346.10069	233.384	0.047	5.418	321.365	0.177
1618905346.10132	233.386	0.047	5.424	321.123	0.179
1618905346.11032	233.345	0.047	5.423	321.284	0.174
1618905346.14867	233.366	0.048	5.428	321.123	0.182
1618905346.14932	233.233	0.047	5.438	321.123	0.179
1618905346.17166	233.300	0.048	5.535	321.204	0.182
1618905346.18165	233.297	0.048	5.501	321.204	0.187
1618905346.21967	233.360	0.048	5.447	321.204	0.188
1618905346.23166	233.315	0.047	5.368	321.204	0.186
1618905346.24454	233.297	0.047	5.366	321.123	0.180
1618905346.28346	233.237	0.047	5.355	321.123	0.183
1618905346.32066	233.254	0.048	5.486	321.123	0.183
1618905346.33066	233.304	0.048	5.514	321.123	0.185
1618905346.34065	233.354	0.048	5.410	321.204	0.179
1618905346.37863	233.398	0.048	5.469	321.365	0.186
1618905346.37927	233.307	0.048	5.448	321.123	0.182
1618905346.41662	233.333	0.048	5.433	321.204	0.181
1618905346.45542	233.285	0.048	5.473	321.284	0.183
1618905346.45618	233.341	0.048	5.448	321.365	0.183
1618905346.45819	233.315	0.047	5.495	321.526	0.185
1618905346.49515	233.320	0.047	5.445	321.204	0.182
1618905346.49610	233.325	0.047	5.467	321.123	0.182
1618905346.53409	233.304	0.047	5.389	321.123	0.182
1618905346.54610	233.305	0.047	5.383	321.043	0.180
1618905346.56664	233.308	0.047	5.347	321.043	0.177
1618905346.57942	233.310	0.047	5.502	321.204	0.176
1618905346.61666	233.314	0.047	5.448	321.123	0.179
1618905346.61833	233.321	0.047	5.482	321.284	0.178
1618905346.65520	233.327	0.047	5.351	321.284	0.175
1618905346.66617	233.279	0.047	5.483	321.123	0.176
1618905346.70465	233.315	0.047	5.460	321.204	0.177
1618905346.70630	233.285	0.047	5.478	321.043	0.177
1618905346.74668	233.333	0.047	5.428	321.204	0.178
1618905346.74925	233.287	0.047	5.466	321.204	0.182
1618905346.76064	233.304	0.047	5.500	321.365	0.177
1618905346.79871	233.299	0.047	5.480	321.123	0.180
1618905346.82066	233.223	0.047	5.432	321.043	0.181
1618905346.85841	233.230	0.047	5.357	321.123	0.174
1618905346.86947	233.252	0.046	5.321	321.123	0.178
1618905346.87949	233.286	0.047	5.449	321.284	0.178
1618905346.91970	233.291	0.047	5.470	321.284	0.178
1618905346.92033	233.284	0.047	5.453	321.284	0.175
1618905346.95871	233.235	0.047	5.349	321.204	0.176
1618905346.97667	233.281	0.047	5.401	321.365	0.173
1618905346.98533	233.242	0.047	5.481	320.962	0.179
1618905347.02366	233.281	0.047	5.450	321.123	0.177
1618905347.02632	233.250	0.048	5.501	321.204	0.176
1618905347.06518	233.295	0.047	5.457	321.365	0.177
1618905347.10328	233.247	0.048	5.466	321.204	0.179
1618905347.10516	233.224	0.047	5.464	321.043	0.187
1618905347.10616	233.215	0.048	5.520	320.721	0.192
1618905347.11916	233.184	0.047	5.392	320.882	0.193
1618905347.15617	233.174	0.047	5.384	320.962	0.182
1618905347.15815	233.137	0.047	5.375	320.962	0.177
1618905347.19852	233.140	0.047	5.402	321.123	0.178
1618905347.19922	233.149	0.047	5.457	321.123	0.177
1618905347.23833	233.133	0.047	5.482	321.043	0.177
1618905347.24967	233.183	0.047	5.430	321.123	0.176
1618905347.25941	233.133	0.047	5.407	320.962	0.174
1618905347.29671	233.175	0.047	5.444	320.962	0.181
1618905347.30035	233.168	0.048	5.522	320.962	0.181
1618905347.33870	233.195	0.047	5.471	321.043	0.176
1618905347.34969	233.182	0.047	5.453	321.123	0.179
1618905347.35969	233.163	0.048	5.530	321.123	0.181
1618905347.40679	233.138	0.047	5.502	321.123	0.187
1618905347.41312	233.203	0.047	5.417	321.043	0.178
1618905347.45079	233.158	0.047	5.413	321.123	0.186
1618905347.45127	233.168	0.047	5.373	320.882	0.178
1618905347.46042	233.185	0.047	5.375	320.882	0.179
1618905347.49873	233.195	0.047	5.361	320.962	0.174
1618905347.50872	233.158	0.047	5.514	320.962	0.174
1618905347.51936	233.185	0.047	5.516	321.123	0.177
1618905347.55873	233.159	0.048	5.483	320.962	0.177
1618905347.56972	233.195	0.047	5.410	321.043	0.180
1618905347.57937	233.210	0.047	5.444	321.043	0.177
1618905347.61772	233.222	0.047	5.517	321.043	0.178
1618905347.61970	233.168	0.047	5.471	320.962	0.173
1618905347.65853	233.175	0.047	5.420	320.962	0.173
1618905347.66820	233.094	0.047	5.465	320.962	0.174
1618905347.67970	233.033	0.047	5.439	320.801	0.185
1618905347.71871	233.065	0.048	5.492	320.721	0.178
1618905347.72971	233.001	0.047	5.363	320.721	0.182
1618905347.73970	232.985	0.047	5.431	320.640	0.181
1618905347.77739	233.020	0.047	5.436	320.721	0.181
1618905347.77929	233.037	0.047	5.462	321.043	0.179
1618905347.81672	233.047	0.047	5.501	321.123	0.176
1618905347.84358	233.047	0.047	5.469	321.043	0.175
1618905347.88221	233.058	0.047	5.394	320.882	0.177
1618905347.88917	233.104	0.048	5.436	320.882	0.181
1618905347.89918	233.079	0.048	5.546	320.882	0.185
1618905347.93771	233.109	0.048	5.458	321.123	0.183
1618905347.94337	233.103	0.048	5.444	321.204	0.177
1618905347.98072	233.094	0.047	5.439	321.123	0.185
1618905348.01873	233.074	0.047	5.450	321.043	0.177
1618905348.02032	233.042	0.047	5.397	320.882	0.179
1618905348.03077	232.970	0.047	5.388	320.721	0.179
1618905348.06830	232.967	0.046	5.351	320.721	0.179
1618905348.06919	232.929	0.047	5.410	320.721	0.173
1618905348.09020	232.997	0.047	5.370	320.801	0.171
1618905348.10120	232.986	0.047	5.523	320.801	0.175
1618905348.13976	233.061	0.047	5.452	320.801	0.178
1618905348.15076	233.049	0.047	5.481	320.882	0.176
1618905348.16074	233.067	0.047	5.440	320.801	0.178
1618905348.19975	232.997	0.047	5.474	320.801	0.177
1618905348.20977	233.014	0.048	5.484	320.962	0.177
1618905348.22041	233.032	0.048	5.492	320.882	0.178
1618905348.25943	233.063	0.047	5.438	320.962	0.175
1618905348.26475	233.045	0.047	5.489	320.882	0.181
1618905348.30177	233.060	0.047	5.509	320.882	0.181
1618905348.30874	233.051	0.048	5.520	320.801	0.186
1618905348.34677	233.078	0.047	5.367	320.801	0.176
1618905348.34840	233.036	0.047	5.379	320.721	0.181
1618905348.38677	233.057	0.047	5.377	320.721	0.174
1618905348.38839	232.988	0.047	5.323	320.801	0.179
1618905348.40877	232.996	0.047	5.440	320.721	0.171
1618905348.41939	233.002	0.047	5.469	320.640	0.178
1618905348.45653	233.051	0.047	5.455	320.721	0.177
1618905348.47074	232.966	0.047	5.449	320.721	0.175
1618905348.48024	232.993	0.047	5.462	320.640	0.176
1618905348.51853	233.010	0.048	5.545	320.560	0.179
1618905348.52952	233.011	0.047	5.457	320.560	0.174
1618905348.53952	232.962	0.047	5.435	320.640	0.177
1618905348.57752	232.927	0.047	5.395	320.560	0.179
1618905348.57963	232.931	0.048	5.548	320.640	0.181
1618905348.61674	232.938	0.047	5.465	320.479	0.179
1618905348.63071	232.860	0.047	5.448	320.319	0.181
1618905348.64038	232.882	0.047	5.370	320.319	0.177
1618905348.67922	232.828	0.047	5.404	320.238	0.178
1618905348.68918	232.877	0.047	5.447	320.319	0.180
1618905348.70019	232.849	0.047	5.465	320.238	0.174
1618905348.74619	232.905	0.047	5.470	320.640	0.178
1618905348.78475	232.905	0.047	5.418	320.399	0.176
1618905348.78538	232.892	0.047	5.495	320.238	0.177
1618905348.82475	232.906	0.047	5.486	320.319	0.175
1618905348.82638	232.908	0.047	5.542	320.479	0.170
1618905348.84955	232.932	0.047	5.503	320.560	0.175
1618905348.88655	232.913	0.047	5.479	320.560	0.179
1618905348.88854	232.912	0.048	5.529	320.479	0.185
1618905348.90350	232.914	0.047	5.526	320.560	0.186
1618905348.94076	232.942	0.047	5.437	320.560	0.186
1618905348.94140	232.912	0.047	5.387	320.640	0.178
1618905348.97955	232.960	0.047	5.396	320.640	0.180
1618905349.01834	232.949	0.047	5.444	320.640	0.181
1618905349.02022	233.000	0.047	5.448	320.721	0.174
1618905349.02120	232.966	0.047	5.502	320.801	0.178
1618905349.06026	232.975	0.047	5.441	320.560	0.188
1618905349.06120	232.975	0.047	5.376	320.801	0.174
1618905349.09977	232.976	0.047	5.415	320.721	0.179
1618905349.11857	232.934	0.047	5.446	320.640	0.176
1618905349.12434	232.965	0.047	5.422	320.801	0.171
1618905349.16374	232.961	0.047	5.426	320.721	0.176
1618905349.20175	232.929	0.047	5.504	320.640	0.179
1618905349.20338	233.013	0.047	5.468	320.721	0.181
1618905349.24067	232.979	0.047	5.392	320.721	0.187
1618905349.24636	233.002	0.047	5.423	320.560	0.179
1618905349.25935	232.929	0.047	5.389	320.560	0.187
1618905349.29681	232.909	0.047	5.386	320.319	0.185
1618905349.34081	232.927	0.047	5.468	320.479	0.175
1618905349.34144	232.983	0.047	5.506	320.640	0.176
1618905349.34339	232.998	0.047	5.526	320.801	0.175
1618905349.38084	233.053	0.047	5.431	320.882	0.176
1618905349.38143	233.055	0.047	5.424	320.640	0.176
1618905349.42179	233.024	0.047	5.454	320.721	0.178
1618905349.42553	232.985	0.047	5.524	320.721	0.176
1618905349.46348	233.013	0.047	5.440	320.721	0.171
1618905349.47535	232.980	0.047	5.492	320.640	0.180
1618905349.48880	233.007	0.048	5.535	320.560	0.180
1618905349.49979	232.993	0.048	5.515	320.640	0.182
1618905349.53635	233.029	0.048	5.459	320.560	0.186
1618905349.54325	233.024	0.047	5.363	320.479	0.182
1618905349.58148	233.008	0.047	5.403	320.479	0.186
1618905349.58577	233.018	0.047	5.406	320.560	0.176
1618905349.62478	233.065	0.047	5.416	320.640	0.174
1618905349.62644	233.021	0.048	5.546	320.640	0.177
1618905349.63877	233.032	0.047	5.443	320.721	0.178
1618905349.67533	233.037	0.048	5.446	320.479	0.182
1618905349.68823	233.069	0.047	5.439	320.640	0.178
1618905349.69822	233.072	0.048	5.505	320.640	0.180
1618905349.73524	233.048	0.047	5.435	320.801	0.180
1618905349.74780	233.009	0.048	5.426	320.640	0.178
1618905349.75849	233.000	0.048	5.464	320.640	0.177
1618905349.79576	232.984	0.048	5.522	320.640	0.180
1618905349.79641	233.024	0.047	5.467	320.640	0.178
1618905349.83480	233.037	0.048	5.474	320.640	0.185
1618905349.88580	233.047	0.047	5.405	320.721	0.183
1618905349.88644	233.017	0.047	5.452	320.560	0.180
1618905349.89175	233.060	0.047	5.407	320.560	0.175
1618905349.92977	233.085	0.047	5.505	320.721	0.176
1618905349.93044	233.086	0.047	5.461	320.882	0.176
1618905349.94946	233.081	0.047	5.509	320.721	0.177
1618905349.95928	233.119	0.047	5.450	320.882	0.177
1618905349.99679	233.058	0.047	5.433	320.560	0.178
1618905350.00780	233.085	0.047	5.463	320.721	0.180
1618905350.01982	233.073	0.047	5.445	320.801	0.176
1618905350.05654	233.086	0.047	5.452	320.882	0.176
1618905350.06728	233.039	0.047	5.478	320.801	0.179
1618905350.07831	233.062	0.047	5.484	320.560	0.190
1618905350.11534	233.022	0.048	5.516	320.640	0.181
1618905350.11645	233.051	0.048	5.436	320.640	0.187
1618905350.15481	233.040	0.047	5.405	320.640	0.187
1618905350.16981	233.085	0.047	5.397	320.640	0.181
1618905350.17980	233.095	0.047	5.430	320.560	0.178
1618905350.21679	233.090	0.048	5.393	320.721	0.181
1618905350.26236	233.070	0.048	5.492	320.801	0.178
1618905350.26523	233.114	0.048	5.464	320.882	0.183
1618905350.30337	233.104	0.047	5.419	320.479	0.186
1618905350.30426	233.084	0.048	5.492	320.479	0.183
1618905350.32028	233.081	0.048	5.499	320.479	0.185
1618905350.35882	233.009	0.047	5.440	320.801	0.177
1618905350.39682	232.987	0.048	5.544	320.640	0.186
1618905350.40349	232.986	0.048	5.477	320.721	0.183
1618905350.44181	233.012	0.048	5.457	320.640	0.185
1618905350.44648	233.063	0.047	5.447	320.721	0.177
1618905350.48485	233.063	0.047	5.458	320.721	0.179
1618905350.49881	233.058	0.047	5.409	320.801	0.177
1618905350.53581	233.028	0.047	5.466	320.882	0.175
1618905350.54781	232.989	0.047	5.523	320.721	0.178
1618905350.55880	233.059	0.048	5.506	320.721	0.180
1618905350.59646	233.061	0.048	5.480	320.801	0.179
1618905350.60878	233.120	0.047	5.486	320.721	0.180
1618905350.61945	233.062	0.048	5.547	320.721	0.179
1618905350.65637	233.077	0.048	5.467	320.801	0.177
1618905350.65828	233.011	0.048	5.456	320.721	0.183
1618905350.69582	233.026	0.048	5.525	320.721	0.188
1618905350.73862	232.968	0.048	5.539	320.640	0.189
1618905350.74037	233.000	0.048	5.455	320.640	0.185
1618905350.75283	233.011	0.048	5.486	320.640	0.185
1618905350.79482	233.029	0.047	5.416	320.721	0.186
1618905350.79545	232.996	0.047	5.392	320.479	0.177
1618905350.80781	233.010	0.047	5.447	320.640	0.175
1618905350.84582	232.999	0.048	5.519	320.721	0.178
1618905350.84649	233.038	0.047	5.495	320.721	0.178
1618905350.85652	233.021	0.048	5.440	320.721	0.178
1618905350.89450	232.979	0.047	5.447	320.640	0.180
1618905350.90736	232.941	0.048	5.517	320.238	0.183
1618905350.91831	232.963	0.048	5.468	320.399	0.182
1618905350.95556	232.950	0.048	5.473	320.640	0.177
1618905350.96484	232.999	0.048	5.448	320.640	0.180
1618905351.00386	232.949	0.048	5.507	320.721	0.179
1618905351.02383	233.012	0.048	5.549	320.801	0.181
1618905351.04365	233.023	0.047	5.429	320.721	0.182
1618905351.08164	232.997	0.048	5.420	320.560	0.183
1618905351.08661	233.015	0.047	5.365	320.640	0.182
1618905351.09843	233.002	0.047	5.452	320.721	0.180
1618905351.13686	233.024	0.048	5.526	320.721	0.178
1618905351.13854	233.065	0.047	5.516	320.721	0.179
1618905351.17588	233.093	0.048	5.501	320.801	0.178
1618905351.21982	233.046	0.047	5.435	320.801	0.179
1618905351.22052	233.060	0.048	5.439	320.721	0.181
1618905351.22143	233.039	0.048	5.500	320.640	0.183
1618905351.26255	233.032	0.048	5.512	320.721	0.179
1618905351.30187	233.047	0.048	5.539	320.640	0.185
1618905351.30352	232.834	0.048	5.490	320.640	0.179
1618905351.34087	232.838	0.047	5.367	320.479	0.180
1618905351.34787	232.822	0.047	5.431	320.479	0.180
1618905351.35852	232.842	0.047	5.396	320.560	0.179
1618905351.39652	232.810	0.047	5.458	320.399	0.183
1618905351.39846	232.856	0.047	5.422	320.640	0.178
1618905351.41885	232.833	0.047	5.469	320.640	0.174
1618905351.45631	232.892	0.048	5.542	320.640	0.180
1618905351.45835	232.871	0.048	5.519	320.479	0.181
1618905351.49690	232.892	0.048	5.434	320.479	0.182
1618905351.49852	232.878	0.047	5.449	320.399	0.181
1618905351.51989	232.932	0.048	5.507	320.721	0.180
1618905351.55788	232.913	0.048	5.467	320.640	0.175
1618905351.55952	232.925	0.048	5.450	320.721	0.179
1618905351.59691	232.898	0.048	5.493	320.560	0.181
1618905351.63569	232.911	0.048	5.516	320.560	0.188
1618905351.63655	232.887	0.048	5.496	320.560	0.185
1618905351.63849	232.925	0.047	5.430	320.560	0.185
1618905351.68567	232.941	0.048	5.433	320.560	0.182
1618905351.70788	232.964	0.048	5.456	320.479	0.180
1618905351.71888	232.999	0.048	5.494	320.640	0.179
1618905351.75587	232.982	0.047	5.496	320.801	0.176
1618905351.76787	232.962	0.047	5.455	320.801	0.177
1618905351.77851	232.885	0.047	5.478	320.560	0.176
1618905351.81587	232.909	0.048	5.445	320.399	0.180
1618905351.82787	232.915	0.048	5.459	320.479	0.176
1618905351.83852	232.963	0.048	5.492	320.640	0.177
1618905351.87770	232.925	0.047	5.466	320.801	0.175
1618905351.88769	232.942	0.048	5.531	320.801	0.182
1618905351.89891	232.885	0.048	5.479	320.640	0.183
1618905351.93690	232.861	0.047	5.393	320.479	0.181
1618905351.93854	232.861	0.048	5.496	320.399	0.190
1618905351.97566	232.900	0.047	5.401	320.479	0.186
1618905351.98589	232.857	0.047	5.457	320.479	0.180
1618905352.02391	232.935	0.047	5.428	320.479	0.176
1618905352.02551	232.931	0.047	5.478	320.721	0.176
1618905352.06457	232.959	0.048	5.532	320.882	0.177
1618905352.06551	232.940	0.048	5.493	320.640	0.177
1618905352.08990	232.942	0.048	5.442	320.560	0.182
1618905352.10190	232.914	0.048	5.435	320.640	0.185
1618905352.13991	233.010	0.048	5.547	320.721	0.183
1618905352.14055	233.014	0.048	5.470	320.721	0.183
1618905352.17901	232.993	0.048	5.448	320.882	0.183
1618905352.20991	232.970	0.048	5.525	320.640	0.188
1618905352.22158	232.957	0.048	5.525	320.801	0.186
1618905352.25988	233.017	0.048	5.451	320.882	0.192
1618905352.26136	232.976	0.047	5.420	320.640	0.183
1618905352.29993	233.006	0.047	5.418	320.560	0.183
1618905352.30055	232.950	0.047	5.380	320.640	0.176
1618905352.33890	232.989	0.047	5.460	320.721	0.177
1618905352.37990	232.946	0.047	5.454	320.882	0.179
1618905352.38055	232.915	0.047	5.382	320.640	0.177
1618905352.41992	232.955	0.047	5.430	320.560	0.185
1618905352.42056	232.914	0.047	5.493	320.560	0.177
1618905352.45868	232.918	0.047	5.450	320.560	0.175
1618905352.46891	232.898	0.048	5.439	320.399	0.185
1618905352.50593	232.864	0.048	5.479	320.479	0.180
1618905352.50758	232.893	0.048	5.579	320.640	0.181
1618905352.51994	232.955	0.048	5.524	320.640	0.185
1618905352.55692	232.978	0.048	5.475	320.640	0.186
1618905352.56771	233.009	0.047	5.459	320.640	0.183
1618905352.57860	232.970	0.047	5.412	320.479	0.176
1618905352.61594	232.977	0.047	5.398	320.479	0.176
1618905352.61656	232.926	0.047	5.464	320.479	0.174
1618905352.65458	232.965	0.048	5.534	320.560	0.181
1618905352.66737	232.963	0.048	5.525	320.640	0.179
1618905352.67859	232.975	0.048	5.410	320.640	0.181
1618905352.71589	232.960	0.048	5.470	320.560	0.180
1618905352.72690	232.962	0.047	5.482	320.640	0.178
1618905352.73891	232.958	0.048	5.520	320.479	0.179
1618905352.77588	232.953	0.048	5.477	320.721	0.175
1618905352.78553	232.963	0.048	5.486	320.721	0.177
1618905352.82291	232.981	0.048	5.533	320.721	0.183
1618905352.83487	232.984	0.047	5.527	320.721	0.178
1618905352.87146	233.024	0.047	5.489	320.801	0.182
1618905352.87335	232.942	0.047	5.429	320.560	0.180
1618905352.91189	232.960	0.047	5.422	320.479	0.178
1618905352.91253	232.935	0.047	5.435	320.560	0.179
1618905352.91748	232.776	0.046	5.267	320.479	0.177
1618905352.94190	232.777	0.047	5.528	320.319	0.180
1618905352.97972	232.823	0.048	5.533	320.479	0.182
1618905352.98657	232.814	0.048	5.477	320.399	0.179
1618905353.00389	232.787	0.047	5.401	320.479	0.178
1618905353.04088	232.738	0.047	5.467	320.238	0.178
1618905353.04490	232.714	0.047	5.445	320.399	0.176
1618905353.05649	232.725	0.048	5.504	320.399	0.179
1618905353.09495	232.774	0.048	5.491	320.319	0.182
1618905353.10694	232.771	0.048	5.564	320.479	0.183
1618905353.11792	232.823	0.047	5.492	320.479	0.180
1618905353.15690	232.747	0.047	5.452	320.319	0.181
1618905353.16668	232.736	0.047	5.400	320.238	0.185
1618905353.17756	232.685	0.047	5.394	320.238	0.175
1618905353.21589	232.691	0.047	5.384	320.238	0.175
1618905353.21654	232.669	0.047	5.464	320.319	0.178
1618905353.25452	232.731	0.048	5.529	320.238	0.177
1618905353.26639	232.734	0.048	5.510	320.238	0.178
1618905353.27672	232.725	0.047	5.430	320.238	0.181
1618905353.31595	232.691	0.048	5.430	320.238	0.178
1618905353.32677	232.690	0.048	5.470	320.158	0.177
1618905353.33660	232.682	0.048	5.539	320.077	0.179
1618905353.37477	232.712	0.048	5.436	320.319	0.178
1618905353.37557	232.733	0.048	5.525	320.238	0.178
1618905353.41270	232.741	0.048	5.527	320.158	0.185
1618905353.46270	232.673	0.048	5.447	320.238	0.186
1618905353.46462	232.704	0.047	5.395	320.238	0.179
1618905353.46640	232.699	0.047	5.434	320.158	0.187
1618905353.50439	232.755	0.047	5.396	320.238	0.187
1618905353.50539	232.764	0.048	5.466	320.238	0.182
1618905353.51655	232.788	0.047	5.410	320.319	0.178
1618905353.55495	232.762	0.047	5.513	320.319	0.177
1618905353.55553	232.735	0.047	5.464	320.399	0.178
1618905353.59295	232.649	0.048	5.457	320.158	0.179
1618905353.60594	232.675	0.047	5.385	320.238	0.179
1618905353.65107	232.626	0.048	5.544	320.158	0.178
1618905353.66670	232.735	0.048	5.517	320.399	0.181
1618905353.70495	232.746	0.048	5.481	320.399	0.186
1618905353.70558	232.678	0.047	5.516	320.399	0.180
1618905353.71760	232.684	0.047	5.496	320.399	0.178
1618905353.75594	232.667	0.048	5.472	320.158	0.187
1618905353.75658	232.720	0.048	5.456	320.238	0.185
1618905353.79559	232.720	0.048	5.485	320.077	0.181
1618905353.81177	232.776	0.047	5.435	320.319	0.182
1618905353.81962	232.786	0.047	5.412	320.319	0.180
1618905353.85647	232.780	0.047	5.496	320.479	0.176
1618905353.85743	232.777	0.047	5.528	320.399	0.177
1618905353.89600	232.786	0.048	5.502	320.479	0.181
1618905353.93399	232.756	0.048	5.404	320.319	0.180
1618905353.93562	232.780	0.048	5.483	320.399	0.177
1618905353.94799	232.804	0.048	5.501	320.399	0.180
1618905353.96099	232.812	0.048	5.478	320.479	0.178
1618905353.99799	232.755	0.048	5.468	320.560	0.185
1618905354.00799	232.754	0.048	5.515	320.399	0.181
1618905354.01773	232.723	0.048	5.516	320.319	0.179
1618905354.05570	232.717	0.047	5.474	320.238	0.192
1618905354.06645	232.698	0.048	5.477	320.238	0.185
1618905354.07740	232.734	0.047	5.369	320.158	0.188
1618905354.12468	232.736	0.047	5.391	320.077	0.180
1618905354.16193	232.686	0.047	5.508	320.158	0.177
1618905354.17252	232.710	0.047	5.493	320.158	0.179
1618905354.18093	232.720	0.047	5.487	320.158	0.177
1618905354.21795	232.780	0.047	5.487	320.238	0.177
1618905354.22808	232.774	0.048	5.562	320.238	0.176
1618905354.23728	232.793	0.048	5.578	320.238	0.180
1618905354.27598	232.697	0.047	5.441	320.158	0.178
1618905354.28799	232.672	0.048	5.460	320.077	0.186
1618905354.29764	232.640	0.048	5.542	320.077	0.188
1618905354.33699	232.697	0.048	5.544	320.158	0.181
1618905354.33763	232.673	0.048	5.526	320.238	0.188
1618905354.37583	232.724	0.048	5.482	320.238	0.192
1618905354.41700	232.753	0.048	5.440	320.399	0.183
1618905354.41764	232.753	0.048	5.376	320.319	0.181
1618905354.42799	232.695	0.047	5.507	320.319	0.178
1618905354.46555	232.694	0.048	5.455	320.399	0.182
1618905354.46644	232.716	0.048	5.563	320.319	0.185
1618905354.50600	232.760	0.048	5.439	320.560	0.186
1618905354.50665	232.735	0.048	5.440	320.319	0.189
1618905354.54502	232.763	0.048	5.513	320.319	0.181
1618905354.54662	232.689	0.047	5.447	320.238	0.179
1618905354.55655	232.693	0.048	5.404	320.238	0.181
1618905354.59580	232.663	0.048	5.479	320.238	0.180
1618905354.60681	232.695	0.048	5.562	320.319	0.183
1618905354.61664	232.693	0.048	5.569	320.399	0.183
1618905354.65559	232.706	0.048	5.503	320.399	0.186
1618905354.65652	232.703	0.048	5.455	320.158	0.192
1618905354.69557	232.703	0.048	5.438	320.319	0.186
1618905354.70548	232.659	0.048	5.488	319.916	0.192
1618905354.74246	232.723	0.048	5.405	319.997	0.187
1618905354.74545	232.764	0.048	5.481	320.319	0.182
1618905354.78467	232.802	0.048	5.509	320.479	0.183
1618905354.78560	232.773	0.048	5.509	320.319	0.182
1618905354.80799	232.773	0.048	5.416	320.560	0.179
1618905354.84604	232.718	0.048	5.421	320.238	0.180
1618905354.84658	232.713	0.048	5.456	320.319	0.178
1618905354.88454	232.703	0.048	5.483	320.399	0.179
1618905354.88546	232.762	0.048	5.494	320.399	0.186
1618905354.92367	232.788	0.048	5.526	320.319	0.181
1618905354.92560	232.774	0.048	5.501	320.319	0.179
1618905354.93699	232.761	0.048	5.510	320.319	0.182
1618905354.97565	232.745	0.047	5.393	320.158	0.181
1618905354.97754	232.712	0.047	5.412	320.077	0.182
1618905355.01597	232.714	0.047	5.420	320.158	0.177
1618905355.01663	232.738	0.048	5.475	320.077	0.178
1618905355.05462	232.767	0.047	5.469	320.158	0.177
1618905355.09299	232.777	0.048	5.536	320.319	0.176
1618905355.09557	232.790	0.048	5.493	320.319	0.182
1618905355.09694	232.728	0.047	5.386	320.158	0.179
1618905355.13562	232.665	0.047	5.423	320.158	0.178
1618905355.13757	232.659	0.047	5.577	320.158	0.175
1618905355.17599	232.697	0.048	5.564	320.319	0.179
1618905355.17662	232.707	0.048	5.492	320.399	0.176
1618905355.21597	232.717	0.048	5.526	320.319	0.179
1618905355.21664	232.671	0.048	5.544	320.077	0.190
1618905355.26600	232.589	0.048	5.449	320.158	0.185
1618905355.29000	232.672	0.048	5.437	320.158	0.189
1618905355.29797	232.694	0.048	5.465	320.319	0.183
1618905355.33599	232.737	0.047	5.420	320.319	0.179
1618905355.37299	232.681	0.048	5.508	320.399	0.179
1618905355.37464	232.682	0.048	5.495	320.399	0.181
1618905355.39077	232.629	0.048	5.470	320.158	0.180
1618905355.40676	232.652	0.048	5.454	320.238	0.183
1618905355.41663	232.644	0.048	5.500	320.238	0.176
1618905355.45560	232.701	0.048	5.565	320.319	0.181
1618905355.45664	232.721	0.048	5.555	320.399	0.181
1618905355.49478	232.741	0.048	5.468	320.319	0.185
1618905355.49598	232.699	0.049	5.576	320.399	0.187
1618905355.53303	232.663	0.048	5.507	320.319	0.182
1618905355.57180	232.664	0.048	5.519	320.238	0.183
1618905355.57266	232.688	0.048	5.465	320.238	0.190
1618905355.57463	232.728	0.047	5.430	320.319	0.187
1618905355.61201	232.790	0.048	5.444	320.479	0.181
1618905355.61265	232.776	0.048	5.497	320.319	0.185
1618905355.65074	232.782	0.047	5.438	320.479	0.180
1618905355.66254	232.709	0.047	5.456	320.319	0.177
1618905355.70049	232.705	0.048	5.508	320.399	0.185
1618905355.70249	232.706	0.048	5.401	320.238	0.180
1618905355.74049	232.748	0.048	5.493	320.238	0.181
1618905355.74147	232.775	0.048	5.533	320.399	0.180
1618905355.78402	232.800	0.048	5.497	320.399	0.177
1618905355.79802	232.736	0.047	5.422	320.399	0.179
1618905355.83603	232.700	0.047	5.434	320.238	0.178
1618905355.83766	232.728	0.047	5.492	320.399	0.181
1618905355.87668	232.710	0.048	5.512	320.158	0.185
1618905355.87766	232.748	0.048	5.440	320.158	0.190
1618905355.91605	232.747	0.047	5.457	320.238	0.182
1618905355.93600	232.723	0.047	5.526	320.399	0.177
1618905355.97275	232.753	0.047	5.478	320.479	0.178
1618905355.97451	232.739	0.048	5.518	320.399	0.178
1618905356.01202	232.785	0.048	5.441	320.319	0.181
1618905356.03200	232.778	0.048	5.575	320.238	0.179
1618905356.03966	232.773	0.048	5.511	320.238	0.176
1618905356.07658	232.726	0.048	5.501	320.238	0.178
1618905356.08701	232.693	0.048	5.461	320.158	0.182
1618905356.09701	232.647	0.048	5.535	320.158	0.185
1618905356.13502	232.700	0.048	5.541	320.399	0.183
1618905356.14703	232.750	0.048	5.583	320.319	0.182
1618905356.15767	232.801	0.047	5.478	320.399	0.180
1618905356.19609	232.756	0.047	5.446	320.238	0.181
1618905356.19671	232.744	0.047	5.391	320.399	0.176
1618905356.24007	232.647	0.047	5.483	320.319	0.177
1618905356.29083	232.657	0.047	5.518	320.319	0.177
1618905356.29203	232.696	0.047	5.464	320.319	0.178
1618905356.34205	232.731	0.048	5.548	320.319	0.176
1618905356.34271	232.741	0.047	5.480	320.238	0.179
1618905356.34565	232.727	0.048	5.560	320.399	0.176
1618905356.38503	232.690	0.047	5.478	320.399	0.175
1618905356.38568	232.663	0.048	5.481	320.399	0.177
1618905356.39602	232.693	0.048	5.568	320.319	0.185
1618905356.43305	232.685	0.048	5.560	320.399	0.180
1618905356.43465	232.732	0.048	5.515	320.319	0.181
1618905356.47161	232.721	0.047	5.440	320.319	0.187
1618905356.48282	232.744	0.047	5.437	320.238	0.189
1618905356.50603	232.643	0.047	5.439	320.077	0.174
1618905356.51565	232.711	0.047	5.398	320.399	0.173
1618905356.55279	232.684	0.047	5.513	320.158	0.175
1618905356.56602	232.744	0.048	5.551	320.238	0.181
1618905356.57605	232.724	0.048	5.544	320.238	0.177
1618905356.61303	232.763	0.047	5.439	320.399	0.176
1618905356.62505	232.713	0.047	5.438	320.158	0.177
1618905356.63668	232.696	0.048	5.473	320.238	0.177
1618905356.68356	232.701	0.047	5.483	320.399	0.175
1618905356.72706	232.770	0.048	5.549	320.399	0.177
1618905356.72770	232.771	0.047	5.529	320.399	0.181
1618905356.74507	232.739	0.048	5.516	320.319	0.185
1618905356.76707	232.730	0.047	5.409	320.238	0.180
1618905356.80506	232.640	0.047	5.406	320.158	0.179
1618905356.80670	232.681	0.047	5.451	320.158	0.179
1618905356.82606	232.662	0.047	5.386	320.319	0.175
1618905356.83585	232.735	0.048	5.508	320.319	0.179
1618905356.87263	232.743	0.047	5.514	320.238	0.178
1618905356.88476	232.778	0.048	5.491	320.560	0.178
1618905356.89609	232.712	0.048	5.445	320.319	0.179
1618905356.93308	232.691	0.048	5.474	320.238	0.183
1618905356.94507	232.674	0.047	5.537	320.158	0.176
1618905356.95607	232.691	0.048	5.557	320.319	0.176
1618905356.99503	232.718	0.048	5.534	320.319	0.175
1618905357.00589	232.733	0.048	5.507	320.319	0.179
1618905357.01570	232.690	0.048	5.553	320.319	0.187
1618905357.05466	232.664	0.048	5.490	320.077	0.180
1618905357.09213	232.619	0.048	5.420	319.916	0.188
1618905357.10516	232.602	0.047	5.412	320.077	0.175
1618905357.11708	232.693	0.047	5.447	320.238	0.175
1618905357.16296	232.632	0.048	5.519	320.158	0.178
1618905357.18511	232.642	0.048	5.502	320.077	0.177
1618905357.19275	232.657	0.048	5.579	320.158	0.177
1618905357.21894	232.648	0.047	5.417	320.158	0.179
1618905357.25990	232.563	0.048	5.566	320.077	0.180
1618905357.26163	232.642	0.048	5.567	320.238	0.181
1618905357.29995	232.672	0.048	5.528	320.319	0.189
1618905357.34006	232.653	0.049	5.740	320.158	0.190
1618905357.34070	232.595	0.049	5.711	320.158	0.192
1618905357.37988	232.663	0.049	5.554	319.997	0.186
1618905357.38062	232.657	0.048	5.527	320.158	0.189
1618905357.41786	232.736	0.048	5.470	320.238	0.179
1618905357.42512	232.709	0.048	5.399	319.916	0.176
1618905357.46187	232.677	0.048	5.503	320.158	0.176
1618905357.46380	232.692	0.047	5.490	320.158	0.175
1618905357.50218	232.694	0.048	5.507	320.158	0.177
1618905357.50273	232.664	0.048	5.457	320.238	0.177
1618905357.52613	232.723	0.048	5.492	320.077	0.176
1618905357.53776	232.769	0.048	5.554	320.158	0.177
1618905357.57617	232.790	0.048	5.532	320.319	0.177
1618905357.58789	232.790	0.048	5.482	320.399	0.175
1618905357.59775	232.772	0.048	5.505	320.319	0.177
1618905357.63709	232.692	0.048	5.556	320.319	0.186
1618905357.64709	232.732	0.048	5.481	320.158	0.179
1618905357.65678	232.706	0.048	5.438	320.158	0.179
1618905357.69558	232.740	0.048	5.476	320.238	0.186
1618905357.69658	232.781	0.048	5.457	320.158	0.180
1618905357.73519	232.799	0.048	5.389	320.319	0.180
1618905357.74711	232.772	0.048	5.493	320.158	0.177
1618905357.75710	232.777	0.048	5.491	320.399	0.180
1618905357.79712	232.785	0.048	5.478	320.319	0.179
1618905357.80713	232.802	0.047	5.403	320.560	0.173
1618905357.81680	232.790	0.048	5.516	320.238	0.173
1618905357.85472	232.742	0.048	5.465	320.158	0.176
1618905357.86263	232.677	0.048	5.482	320.238	0.174
1618905357.90116	232.702	0.048	5.465	320.319	0.177
1618905357.90578	232.643	0.048	5.528	320.319	0.180
1618905357.94315	232.699	0.047	5.558	320.238	0.177
1618905357.94574	232.706	0.048	5.560	320.238	0.185
1618905357.96579	232.764	0.048	5.472	320.319	0.185
1618905358.00687	232.748	0.047	5.435	320.399	0.182
1618905358.00976	232.740	0.047	5.454	320.238	0.178
1618905358.01686	232.677	0.047	5.414	320.238	0.180
1618905358.04211	232.673	0.047	5.443	320.399	0.179
1618905358.08015	232.673	0.047	5.531	320.319	0.179
1618905358.08174	232.732	0.048	5.534	320.399	0.181
1618905358.12012	232.726	0.048	5.482	320.158	0.181
1618905358.12309	232.773	0.047	5.488	320.399	0.176
1618905358.13614	232.729	0.048	5.545	320.238	0.178
1618905358.18314	232.738	0.047	5.510	320.560	0.177
1618905358.19179	232.662	0.047	5.493	320.560	0.178
1618905358.23015	232.675	0.048	5.496	320.399	0.182
1618905358.23077	232.646	0.047	5.556	320.479	0.180
1618905358.23267	232.714	0.047	5.549	320.399	0.185
1618905358.27071	232.695	0.048	5.554	320.399	0.182
1618905358.28560	232.709	0.047	5.406	320.399	0.187
1618905358.29660	232.681	0.048	5.459	320.238	0.181
1618905358.33516	232.658	0.047	5.413	320.479	0.179
1618905358.33678	232.663	0.047	5.537	320.479	0.175
1618905358.37519	232.685	0.048	5.529	320.399	0.183
1618905358.41320	232.736	0.047	5.460	320.560	0.177
1618905358.45488	232.720	0.047	5.506	320.399	0.177
1618905358.45566	232.737	0.048	5.553	320.399	0.176
1618905358.45669	232.674	0.047	5.522	320.479	0.175
1618905358.49680	232.728	0.048	5.493	320.399	0.179
1618905358.49964	232.652	0.048	5.541	320.238	0.191
1618905358.53661	232.722	0.048	5.603	320.158	0.197
1618905358.53761	232.712	0.047	5.434	320.479	0.181
1618905358.57617	232.703	0.048	5.431	320.238	0.191
1618905358.59516	232.682	0.048	5.470	320.399	0.177
1618905358.63314	232.713	0.047	5.432	320.479	0.177
1618905358.64513	232.754	0.047	5.526	320.560	0.177
1618905358.65462	232.790	0.048	5.564	320.560	0.181
1618905358.69216	232.819	0.048	5.516	320.721	0.179
1618905358.70513	232.784	0.048	5.478	320.640	0.178
1618905358.71579	232.679	0.047	5.426	320.560	0.177
1618905358.75316	232.664	0.048	5.452	320.319	0.175
1618905358.75478	232.682	0.048	5.490	320.319	0.181
1618905358.79215	232.699	0.048	5.513	320.479	0.180
1618905358.80512	232.755	0.048	5.489	320.640	0.185
1618905358.81480	232.699	0.048	5.526	320.479	0.180
1618905358.85265	232.671	0.048	5.498	320.319	0.186
1618905358.89120	232.788	0.047	5.407	320.399	0.186
1618905358.92984	232.820	0.048	5.438	320.399	0.180
1618905358.93070	232.874	0.047	5.447	320.640	0.175
1618905358.94220	232.923	0.047	5.522	320.721	0.175
1618905358.99215	232.890	0.048	5.497	320.801	0.179
1618905358.99279	232.837	0.047	5.410	320.560	0.177
1618905358.99472	232.854	0.048	5.460	320.640	0.177
1618905359.03188	232.854	0.048	5.522	320.479	0.178
1618905359.03756	232.920	0.048	5.527	320.721	0.178
1618905359.07600	232.915	0.048	5.573	320.479	0.187
1618905359.07797	232.956	0.048	5.552	320.479	0.190
1618905359.11621	232.886	0.048	5.473	320.882	0.185
1618905359.13615	232.875	0.048	5.581	320.640	0.191
1618905359.17316	232.883	0.048	5.427	320.640	0.185
1618905359.17680	232.887	0.048	5.473	320.640	0.187
1618905359.21519	232.957	0.047	5.424	320.640	0.185
1618905359.23595	232.946	0.047	5.489	320.801	0.179
1618905359.27282	232.892	0.048	5.516	320.882	0.181
1618905359.28414	232.886	0.048	5.487	320.721	0.186
1618905359.29589	232.842	0.048	5.480	320.560	0.182
1618905359.32013	232.881	0.048	5.478	320.560	0.182
1618905359.35715	232.936	0.048	5.552	320.721	0.180
1618905359.35785	232.986	0.048	5.561	320.801	0.179
1618905359.39991	232.950	0.048	5.513	320.640	0.181
1618905359.41013	232.922	0.048	5.512	320.721	0.185
1618905359.44715	232.845	0.048	5.553	320.721	0.186
1618905359.44874	232.824	0.048	5.506	320.721	0.183
1618905359.48716	232.733	0.048	5.448	320.479	0.187
1618905359.48777	232.778	0.048	5.439	320.238	0.192
1618905359.53218	232.823	0.048	5.464	320.399	0.182
1618905359.53280	232.888	0.047	5.457	320.640	0.177
1618905359.54517	232.887	0.048	5.510	320.721	0.179
1618905359.55519	232.930	0.048	5.500	320.882	0.180
1618905359.59320	232.867	0.048	5.564	320.801	0.178
1618905359.60415	232.898	0.048	5.465	320.560	0.179
1618905359.61582	232.894	0.048	5.472	320.640	0.178
1618905359.65296	232.910	0.048	5.565	320.640	0.180
1618905359.69173	232.915	0.048	5.532	320.560	0.178
1618905359.69298	232.872	0.048	5.482	320.560	0.187
1618905359.74020	232.852	0.048	5.532	320.640	0.181
1618905359.74182	232.865	0.048	5.566	320.560	0.182
1618905359.78019	232.876	0.048	5.484	320.560	0.185
1618905359.78083	232.905	0.048	5.450	320.640	0.180
1618905359.82120	232.897	0.048	5.403	320.399	0.180
1618905359.82295	232.847	0.048	5.476	320.399	0.182
1618905359.84618	232.865	0.047	5.480	320.479	0.177
1618905359.89274	232.878	0.048	5.534	320.640	0.179
1618905359.89462	232.894	0.048	5.460	320.479	0.180
1618905359.89561	232.904	0.048	5.443	320.479	0.179
1618905359.93263	232.929	0.048	5.482	320.399	0.182
1618905359.93962	232.874	0.048	5.533	320.479	0.181
1618905359.97717	232.874	0.048	5.540	320.560	0.186
1618905359.99016	232.817	0.048	5.509	320.479	0.182
1618905360.00515	232.809	0.048	5.423	320.479	0.179
1618905360.04217	232.786	0.048	5.574	320.560	0.185
1618905360.04478	232.853	0.048	5.507	320.479	0.179
1618905360.08220	232.663	0.047	5.405	320.319	0.182
1618905360.08374	232.643	0.048	5.391	320.238	0.191
1618905360.09468	232.583	0.048	5.425	320.158	0.181
1618905360.13199	232.580	0.048	5.393	320.077	0.181
1618905360.14399	232.546	0.048	5.514	320.158	0.178
1618905360.15479	232.596	0.048	5.555	320.077	0.181
1618905360.19319	232.599	0.048	5.547	320.158	0.181
1618905360.20318	232.633	0.048	5.446	320.238	0.182
1618905360.21519	232.585	0.048	5.488	320.319	0.178
1618905360.25282	232.606	0.048	5.528	320.077	0.180
1618905360.25472	232.611	0.048	5.559	320.077	0.179
1618905360.29520	232.622	0.048	5.497	320.158	0.181
1618905360.31318	232.598	0.049	5.558	320.158	0.187
1618905360.32182	232.629	0.048	5.558	320.238	0.187
1618905360.37145	232.603	0.048	5.540	320.158	0.187
1618905360.37194	232.634	0.048	5.455	320.158	0.188
1618905360.37275	232.631	0.048	5.510	320.238	0.182
1618905360.41185	232.683	0.048	5.491	320.077	0.186
1618905360.42321	232.685	0.048	5.426	320.238	0.177
1618905360.46094	232.768	0.048	5.536	320.399	0.182
1618905360.46175	232.764	0.048	5.521	320.319	0.180
1618905360.49971	232.801	0.049	5.586	320.399	0.185
1618905360.50165	232.781	0.049	5.480	320.238	0.190
1618905360.51464	232.787	0.049	5.507	320.238	0.185
1618905360.55220	232.772	0.049	5.566	320.238	0.186
1618905360.56419	232.806	0.048	5.506	320.319	0.186
1618905360.57521	232.814	0.048	5.543	320.560	0.185
1618905360.59719	232.841	0.048	5.527	320.479	0.183
1618905360.63519	232.836	0.048	5.619	320.479	0.187
1618905360.63683	232.813	0.048	5.536	320.479	0.185
1618905360.67670	232.776	0.048	5.473	320.399	0.183
1618905360.68568	232.776	0.048	5.438	320.238	0.191
1618905360.69720	232.756	0.048	5.487	320.238	0.187
1618905360.73597	232.803	0.048	5.455	320.399	0.180
1618905360.73685	232.808	0.048	5.533	320.479	0.181
1618905360.77621	232.885	0.048	5.562	320.479	0.181
1618905360.79498	232.849	0.048	5.519	320.479	0.178
1618905360.83366	232.814	0.048	5.556	320.319	0.183
1618905360.84672	232.849	0.048	5.552	320.560	0.180
1618905360.88522	232.819	0.048	5.602	320.238	0.189
1618905360.88585	232.852	0.048	5.503	320.479	0.187
1618905360.89589	232.848	0.049	5.550	320.560	0.183
1618905360.93276	232.840	0.048	5.529	320.319	0.185
1618905360.94378	232.783	0.049	5.558	320.238	0.197
1618905360.95506	232.839	0.048	5.487	320.399	0.192
1618905360.99305	232.812	0.048	5.450	320.479	0.187
1618905361.00424	232.844	0.048	5.427	320.399	0.188
1618905361.01526	232.818	0.048	5.374	320.399	0.187
1618905361.05484	232.791	0.048	5.464	320.560	0.181
1618905361.05676	232.762	0.048	5.461	320.399	0.182
1618905361.09504	232.796	0.048	5.475	320.399	0.185
1618905361.10401	232.788	0.048	5.475	320.399	0.187
1618905361.11502	232.816	0.048	5.505	320.399	0.186
1618905361.15271	232.829	0.048	5.533	320.319	0.187
1618905361.16767	232.862	0.048	5.526	320.479	0.181
1618905361.17691	232.839	0.049	5.525	320.479	0.185
1618905361.22321	232.865	0.048	5.482	320.399	0.185
1618905361.26082	232.844	0.036	3.812	320.319	0.150
1618905361.26202	232.791	0.032	3.303	320.158	0.146
1618905361.29994	232.844	0.032	3.329	319.997	0.139
1618905361.30175	232.857	0.032	3.316	320.238	0.138
1618905361.32384	232.907	0.030	3.115	320.319	0.129
1618905361.33580	232.892	0.027	2.671	320.158	0.115
1618905361.37524	232.910	0.027	2.657	320.158	0.115
1618905361.37594	232.906	0.027	2.712	320.560	0.119
1618905361.41330	232.906	0.027	2.636	320.560	0.116
1618905361.41393	232.880	0.027	2.678	320.319	0.119
1618905361.43528	232.921	0.027	2.666	320.399	0.120
1618905361.47276	232.883	0.027	2.699	320.399	0.117
1618905361.48329	232.921	0.027	2.631	320.319	0.115
1618905361.49529	232.893	0.027	2.678	320.479	0.116
1618905361.53298	232.914	0.027	2.750	320.479	0.122
1618905361.53527	232.881	0.027	2.697	320.399	0.123
1618905361.57228	232.896	0.027	2.571	320.479	0.121
1618905361.57797	232.882	0.027	2.628	320.479	0.121
1618905361.62003	232.915	0.026	2.601	320.399	0.118
1618905361.62189	232.861	0.027	2.615	320.319	0.119
1618905361.66179	232.886	0.026	2.605	320.479	0.114
1618905361.66271	232.864	0.027	2.683	320.479	0.115
1618905361.68271	232.865	0.027	2.675	320.479	0.118
1618905361.72130	232.852	0.027	2.607	320.319	0.117
1618905361.72260	232.876	0.027	2.634	320.399	0.119
1618905361.74609	232.875	0.027	2.695	320.479	0.118
1618905361.75708	232.879	0.027	2.690	320.399	0.116
1618905361.79628	232.847	0.027	2.674	320.479	0.114
1618905361.79693	232.889	0.027	2.648	320.640	0.119
1618905361.83630	232.801	0.027	2.713	320.479	0.123
1618905361.83797	232.861	0.027	2.721	320.399	0.123
1618905361.87584	232.864	0.027	2.622	320.479	0.124
1618905361.87674	232.881	0.027	2.576	320.238	0.124
1618905361.91629	232.826	0.027	2.586	320.158	0.123
1618905361.91693	232.780	0.026	2.550	320.319	0.116
1618905361.95628	232.748	0.027	2.621	320.319	0.115
1618905361.96195	232.790	0.027	2.641	320.479	0.116
1618905362.00031	232.833	0.027	2.698	320.640	0.118
1618905362.01834	232.905	0.027	2.685	320.319	0.123
1618905362.05608	232.926	0.027	2.621	320.479	0.119
1618905362.06401	232.906	0.027	2.613	320.479	0.115
1618905362.10231	232.927	0.031	3.167	320.399	0.130
1618905362.10387	232.874	0.027	2.703	320.560	0.119
1618905362.11423	232.895	0.027	2.693	320.479	0.122
1618905362.15326	232.862	0.027	2.655	320.560	0.126
1618905362.16330	232.904	0.027	2.681	320.479	0.124
1618905362.17396	232.904	0.027	2.639	320.479	0.129
1618905362.21227	232.930	0.027	2.553	320.479	0.122
1618905362.22327	232.946	0.027	2.611	320.479	0.122
1618905362.23327	232.960	0.027	2.636	320.560	0.121
1618905362.27079	232.966	0.027	2.670	320.721	0.120
1618905362.28288	232.991	0.026	2.609	320.560	0.119
1618905362.29287	232.944	0.027	2.631	320.238	0.116
1618905362.33078	232.936	0.026	2.626	320.238	0.117
1618905362.33176	232.877	0.027	2.678	320.319	0.119
1618905362.36934	232.938	0.027	2.726	320.479	0.118
1618905362.38734	232.975	0.027	2.686	320.640	0.119
1618905362.39588	233.016	0.027	2.661	320.801	0.121
1618905362.43436	233.009	0.027	2.707	320.721	0.122
1618905362.44576	233.023	0.027	2.671	320.721	0.121
1618905362.45685	232.922	0.027	2.666	320.479	0.123
1618905362.49440	232.952	0.026	2.657	320.238	0.121
1618905362.50235	232.965	0.027	2.661	320.479	0.123
1618905362.53903	233.017	0.027	2.629	320.560	0.119
1618905362.54093	233.012	0.027	2.657	320.721	0.119
1618905362.55629	233.055	0.026	2.626	320.801	0.117
1618905362.59435	233.033	0.027	2.709	320.721	0.122
1618905362.59593	233.037	0.027	2.539	320.882	0.121
1618905362.63327	233.010	0.027	2.708	320.721	0.122
1618905362.64306	233.079	0.027	2.666	320.801	0.120
1618905362.65294	233.012	0.027	2.689	320.721	0.115
1618905362.69133	233.028	0.027	2.654	320.640	0.116
1618905362.70326	232.944	0.027	2.633	320.560	0.119
1618905362.71327	232.972	0.027	2.702	320.721	0.122
1618905362.75128	232.910	0.027	2.714	320.721	0.126
1618905362.76329	232.953	0.027	2.677	320.801	0.124
1618905362.77327	232.940	0.027	2.625	320.560	0.126
1618905362.81229	232.986	0.026	2.567	320.640	0.120
1618905362.81292	233.007	0.029	2.731	320.640	0.133
1618905362.85707	233.058	0.027	2.638	320.721	0.115
1618905362.87734	233.126	0.026	2.646	321.687	0.119
1618905362.91580	233.114	0.027	2.699	320.962	0.124
1618905362.92678	233.178	0.026	2.548	320.962	0.121
1618905362.93636	233.175	0.027	2.638	320.962	0.116
1618905362.97809	233.183	0.027	2.604	320.801	0.118
1618905362.97888	233.159	0.027	2.600	320.801	0.117
1618905363.01732	233.162	0.027	2.635	320.882	0.117
1618905363.01893	233.123	0.027	2.676	320.801	0.123
1618905363.05707	233.070	0.027	2.650	320.882	0.124
1618905363.06082	233.048	0.027	2.668	320.721	0.126
1618905363.07276	233.068	0.027	2.638	320.721	0.121
1618905363.11078	233.055	0.030	3.050	320.721	0.127
1618905363.12277	233.055	0.026	2.610	320.721	0.117
1618905363.14234	233.047	0.026	2.652	320.801	0.115
1618905363.17930	233.056	0.026	2.607	320.882	0.112
1618905363.18094	233.029	0.027	2.651	320.801	0.115
1618905363.19331	233.038	0.026	2.659	320.801	0.118
1618905363.23194	232.972	0.027	2.592	320.721	0.119
1618905363.24404	232.972	0.027	2.656	320.721	0.119
1618905363.25582	232.931	0.027	2.639	320.479	0.115
1618905363.29332	232.925	0.027	2.681	320.479	0.118
1618905363.30431	232.913	0.027	2.643	320.640	0.119
1618905363.34211	232.907	0.027	2.627	320.721	0.117
1618905363.34391	232.878	0.027	2.717	320.560	0.124
1618905363.38211	232.888	0.027	2.645	320.560	0.122
1618905363.38389	232.874	0.026	2.590	320.560	0.122
1618905363.39594	232.872	0.027	2.580	320.479	0.123
1618905363.43332	232.865	0.027	2.573	320.319	0.119
1618905363.44330	232.900	0.027	2.629	320.479	0.115
1618905363.45301	232.892	0.027	2.682	320.640	0.116
1618905363.49117	232.928	0.026	2.650	320.721	0.118
1618905363.50315	232.877	0.027	2.651	320.479	0.119
1618905363.51335	232.915	0.026	2.540	320.479	0.122
1618905363.55199	232.848	0.027	2.704	320.319	0.120
1618905363.56337	232.863	0.027	2.641	320.399	0.118
1618905363.57398	232.844	0.027	2.717	320.479	0.121
1618905363.61439	232.877	0.027	2.632	320.640	0.116
1618905363.61600	232.857	0.027	2.724	320.640	0.123
1618905363.65326	232.886	0.027	2.668	320.640	0.121
1618905363.69883	232.887	0.027	2.633	320.640	0.129
1618905363.70081	232.850	0.027	2.564	320.399	0.123
1618905363.70281	232.854	0.027	2.645	320.560	0.122
1618905363.74078	232.861	0.026	2.576	320.479	0.117
1618905363.74202	232.865	0.026	2.598	320.640	0.114
1618905363.76317	232.911	0.026	2.652	320.721	0.112
1618905363.80137	232.899	0.026	2.664	320.640	0.112
1618905363.80200	232.909	0.026	2.646	320.801	0.119
1618905363.82437	232.889	0.027	2.623	320.560	0.115
1618905363.84334	232.914	0.027	2.641	320.560	0.116
1618905363.88242	232.880	0.027	2.689	320.479	0.116
1618905363.88301	232.907	0.026	2.645	320.479	0.112
1618905363.89394	232.882	0.027	2.646	320.640	0.116
1618905363.93239	232.855	0.027	2.652	320.560	0.116
1618905363.93402	232.860	0.027	2.720	320.560	0.128
1618905363.97238	232.864	0.027	2.685	320.560	0.126
1618905363.97702	232.870	0.027	2.652	320.560	0.126
1618905364.01636	232.913	0.027	2.583	320.640	0.123
1618905364.02240	232.912	0.027	2.558	320.399	0.118
1618905364.06096	232.940	0.027	2.648	320.399	0.116
1618905364.06177	232.901	0.026	2.599	320.560	0.111
1618905364.08288	232.921	0.026	2.653	320.801	0.118
1618905364.09406	232.888	0.029	2.990	320.319	0.126
1618905364.13235	232.918	0.027	2.757	320.560	0.124
1618905364.14201	232.897	0.027	2.622	320.560	0.115
1618905364.15400	232.937	0.027	2.675	320.721	0.116
1618905364.19608	232.929	0.027	2.741	320.801	0.117
1618905364.19692	232.936	0.026	2.582	320.801	0.111
1618905364.23413	232.873	0.027	2.652	320.560	0.116
1618905364.23755	232.862	0.027	2.699	320.721	0.118
1618905364.25215	232.849	0.027	2.686	320.479	0.120
1618905364.28940	232.861	0.026	2.583	320.399	0.118
1618905364.29100	232.867	0.027	2.639	320.479	0.119
1618905364.32840	232.926	0.026	2.571	320.479	0.118
1618905364.33401	232.912	0.026	2.567	320.640	0.115
1618905364.37402	232.934	0.026	2.585	320.721	0.111
1618905364.37600	232.891	0.026	2.653	320.640	0.116
1618905364.41741	232.929	0.027	2.651	320.479	0.120
1618905364.41901	232.884	0.027	2.629	320.399	0.119
1618905364.45714	232.920	0.027	2.629	320.479	0.118
1618905364.45790	232.906	0.027	2.675	320.479	0.119
1618905364.49640	232.909	0.026	2.613	320.399	0.115
1618905364.50336	232.576	0.022	1.899	320.479	0.110
1618905364.54138	232.756	0.032	3.315	320.238	0.148
1618905364.54300	232.836	0.028	2.755	320.479	0.124
1618905364.55310	232.823	0.027	2.599	320.479	0.122
1618905364.57302	232.872	0.027	2.732	320.560	0.122
1618905364.61142	232.915	0.026	2.622	320.560	0.117
1618905364.61195	232.847	0.026	2.550	320.479	0.120
1618905364.64937	232.866	0.026	2.609	320.479	0.115
1618905364.66190	232.858	0.027	2.666	320.560	0.115
1618905364.68342	232.880	0.027	2.694	320.560	0.117
1618905364.69938	232.862	0.027	2.666	320.640	0.117
1618905364.73806	232.907	0.027	2.563	320.479	0.123
1618905364.73897	232.925	0.027	2.697	320.479	0.118
1618905364.77738	232.903	0.026	2.624	320.479	0.116
1618905364.77802	232.903	0.027	2.730	320.560	0.117
1618905364.81639	232.893	0.027	2.616	320.560	0.117
1618905364.82938	232.878	0.027	2.694	320.560	0.120
1618905364.86841	232.904	0.027	2.663	320.560	0.120
1618905364.86891	232.898	0.027	2.721	320.721	0.124
1618905364.87085	232.930	0.026	2.576	320.560	0.118
1618905364.90844	232.884	0.027	2.573	320.479	0.124
1618905364.91105	232.914	0.026	2.612	320.560	0.117
1618905364.94840	232.853	0.026	2.554	320.399	0.120
1618905364.98647	232.885	0.026	2.551	320.640	0.112
1618905364.99288	232.895	0.026	2.607	320.640	0.121
1618905365.03120	232.905	0.027	2.695	320.399	0.121
1618905365.05320	232.884	0.027	2.655	320.640	0.118
1618905365.09124	232.904	0.027	2.669	320.479	0.120
1618905365.09208	232.893	0.027	2.639	320.640	0.117
1618905365.12943	232.900	0.031	3.096	320.560	0.128
1618905365.14901	232.856	0.027	2.708	320.560	0.121
1618905365.15740	232.888	0.027	2.654	320.721	0.120
1618905365.19444	232.819	0.027	2.673	320.560	0.122
1618905365.20339	232.861	0.026	2.553	320.640	0.123
1618905365.21407	232.831	0.027	2.561	320.479	0.116
1618905365.25219	232.867	0.026	2.641	320.640	0.111
1618905365.26293	232.861	0.026	2.654	320.640	0.112
1618905365.27288	232.866	0.026	2.633	320.962	0.110
1618905365.31120	232.872	0.027	2.659	320.479	0.119
1618905365.31199	232.875	0.026	2.526	320.640	0.118
1618905365.34943	232.821	0.026	2.649	320.479	0.115
1618905365.39341	232.843	0.026	2.648	320.560	0.117
1618905365.39404	232.814	0.027	2.736	320.479	0.116
1618905365.39599	232.844	0.027	2.667	320.640	0.116
1618905365.43341	232.816	0.027	2.688	320.560	0.118
1618905365.43405	232.874	0.026	2.664	320.721	0.117
1618905365.47219	232.831	0.027	2.690	320.801	0.123
1618905365.47399	232.832	0.026	2.548	320.560	0.118
1618905365.51241	232.779	0.026	2.591	320.479	0.121
1618905365.53241	232.807	0.026	2.581	320.560	0.116
1618905365.56941	232.852	0.026	2.585	320.640	0.111
1618905365.58341	232.857	0.027	2.704	320.640	0.112
1618905365.59305	232.868	0.026	2.587	320.721	0.114
1618905365.63940	232.830	0.027	2.627	320.640	0.119
1618905365.67810	232.803	0.027	2.692	320.399	0.118
1618905365.69243	232.823	0.026	2.590	320.479	0.115
1618905365.69403	232.805	0.027	2.650	320.479	0.117
1618905365.73196	232.764	0.027	2.617	320.399	0.118
1618905365.74311	232.742	0.027	2.681	320.319	0.122
1618905365.75341	232.787	0.027	2.659	320.479	0.122
1618905365.79240	232.746	0.027	2.647	320.560	0.119
1618905365.80742	232.768	0.027	2.599	320.399	0.120
1618905365.81340	232.761	0.026	2.597	320.319	0.117
1618905365.85222	232.814	0.026	2.572	320.399	0.114
1618905365.85295	232.803	0.026	2.664	320.479	0.114
1618905365.89098	232.792	0.026	2.614	320.479	0.115
1618905365.89901	232.763	0.026	2.699	320.238	0.112
1618905365.93746	232.764	0.026	2.677	320.238	0.112
1618905365.93808	232.801	0.027	2.574	320.479	0.118
1618905365.97646	232.854	0.027	2.659	320.479	0.119
1618905365.97709	232.853	0.027	2.782	320.560	0.116
1618905366.01546	232.909	0.027	2.610	320.801	0.119
1618905366.03644	232.831	0.027	2.656	320.640	0.119
1618905366.03709	232.847	0.027	2.696	320.479	0.120
1618905366.06098	232.801	0.027	2.654	320.399	0.121
1618905366.09892	232.858	0.026	2.549	320.399	0.118
1618905366.10191	232.828	0.027	2.611	320.399	0.121
1618905366.11288	232.861	0.027	2.701	320.399	0.124
1618905366.15145	232.804	0.028	2.928	320.319	0.121
1618905366.17221	232.778	0.026	2.661	320.399	0.112
1618905366.20952	232.785	0.026	2.596	320.399	0.115
1618905366.22148	232.790	0.027	2.624	320.399	0.118
1618905366.23247	232.813	0.027	2.697	320.399	0.118
1618905366.27123	232.839	0.027	2.703	320.319	0.117
1618905366.28207	232.802	0.027	2.665	320.319	0.116
1618905366.29743	232.789	0.027	2.580	320.319	0.114
1618905366.33643	232.788	0.027	2.602	320.399	0.115
1618905366.37646	232.742	0.027	2.681	320.319	0.122
1618905366.39832	232.769	0.026	2.583	320.238	0.120
1618905366.42143	232.766	0.027	2.595	320.158	0.120
1618905366.45820	232.759	0.026	2.520	320.158	0.117
1618905366.45907	232.718	0.026	2.610	320.077	0.114
1618905366.48241	232.760	0.026	2.613	320.158	0.116
1618905366.51895	232.793	0.027	2.674	320.238	0.117
1618905366.52112	232.818	0.027	2.587	320.238	0.121
1618905366.54152	232.755	0.026	2.624	320.077	0.116
1618905366.55321	232.643	0.026	2.608	319.916	0.118
1618905366.59245	232.582	0.027	2.615	319.836	0.117
1618905366.60344	232.590	0.026	2.548	319.836	0.114
1618905366.61344	232.522	0.027	2.668	319.916	0.115
1618905366.65892	232.584	0.027	2.711	319.916	0.117
1618905366.69128	232.650	0.027	2.684	319.755	0.124
1618905366.70128	232.652	0.026	2.603	319.916	0.122
1618905366.71328	232.623	0.026	2.508	319.916	0.116
1618905366.75116	232.319	0.025	2.386	319.433	0.118
1618905366.76450	232.309	0.026	2.567	319.353	0.114
1618905366.77452	232.316	0.027	2.665	319.353	0.115
1618905366.82147	232.397	0.027	2.637	319.514	0.121
1618905366.82913	232.443	0.027	2.631	319.514	0.122
1618905366.86715	232.486	0.027	2.644	319.514	0.122
1618905366.86794	232.469	0.027	2.641	319.353	0.120
1618905366.86893	232.507	0.027	2.650	319.433	0.117
1618905366.90794	232.467	0.027	2.616	319.594	0.114
1618905366.92194	232.516	0.027	2.661	319.675	0.116
1618905366.93349	232.472	0.027	2.734	319.675	0.120
1618905366.97154	232.558	0.027	2.707	319.755	0.122
1618905366.97313	232.545	0.027	2.667	319.755	0.121
1618905367.01348	232.549	0.026	2.577	319.675	0.122
1618905367.01413	232.551	0.026	2.604	319.836	0.116
1618905367.03349	232.597	0.026	2.573	319.836	0.119
1618905367.07197	232.612	0.026	2.624	319.836	0.115
1618905367.07294	232.631	0.027	2.623	319.836	0.118
1618905367.09451	232.638	0.027	2.680	319.997	0.117
1618905367.13253	232.648	0.026	2.627	319.997	0.117
1618905367.13432	232.585	0.030	2.975	319.916	0.126
1618905367.17249	232.624	0.027	2.701	319.916	0.120
1618905367.17313	232.627	0.027	2.645	319.755	0.117
1618905367.21152	232.667	0.027	2.642	320.158	0.118
1618905367.24426	232.635	0.027	2.697	320.077	0.119
1618905367.28205	232.592	0.027	2.678	319.755	0.123
1618905367.28296	232.559	0.027	2.535	319.755	0.123
1618905367.29295	232.521	0.027	2.573	319.594	0.122
1618905367.33121	232.564	0.026	2.598	319.675	0.120
1618905367.33212	232.577	0.027	2.614	319.755	0.116
1618905367.36952	232.627	0.027	2.660	319.836	0.118
1618905367.38853	232.610	0.027	2.696	319.755	0.114
1618905367.40357	232.658	0.027	2.682	319.836	0.117
1618905367.41349	232.586	0.027	2.651	319.836	0.117
1618905367.45103	232.594	0.026	2.558	319.916	0.118
1618905367.45187	232.560	0.027	2.640	319.836	0.116
1618905367.48933	232.589	0.027	2.673	319.594	0.112
1618905367.50032	232.638	0.027	2.657	319.997	0.117
1618905367.51231	232.663	0.027	2.640	320.077	0.117
1618905367.54952	232.646	0.027	2.725	319.916	0.120
1618905367.55854	232.606	0.026	2.655	319.916	0.121
1618905367.59653	232.578	0.026	2.600	319.997	0.126
1618905367.63648	232.596	0.027	2.617	319.836	0.120
1618905367.63713	232.638	0.026	2.550	319.836	0.118
1618905367.67452	232.628	0.026	2.540	319.836	0.114
1618905367.67614	232.659	0.026	2.622	319.916	0.112
1618905367.71352	232.562	0.027	2.662	319.755	0.116
1618905367.71413	232.601	0.026	2.644	319.836	0.121
1618905367.75251	232.560	0.027	2.638	319.836	0.118
1618905367.77249	232.652	0.027	2.685	319.836	0.117
1618905367.80950	232.654	0.027	2.606	319.755	0.117
1618905367.82109	232.627	0.027	2.687	319.836	0.118
1618905367.83250	232.569	0.027	2.639	319.755	0.118
1618905367.86920	232.544	0.027	2.696	319.675	0.124
1618905367.88150	232.533	0.027	2.571	319.755	0.122
1618905367.89114	232.549	0.027	2.642	319.594	0.130
1618905367.93250	232.615	0.027	2.600	319.755	0.122
1618905367.93313	232.624	0.027	2.608	319.755	0.114
1618905367.97126	232.642	0.026	2.599	319.836	0.114
1618905368.01654	232.608	0.026	2.631	319.916	0.112
1618905368.02652	232.556	0.026	2.604	319.836	0.115
1618905368.06407	232.614	0.026	2.604	319.836	0.117
1618905368.06595	232.634	0.027	2.710	319.755	0.115
1618905368.10451	232.682	0.026	2.638	319.836	0.116
1618905368.10614	232.638	0.027	2.623	319.916	0.114
1618905368.11210	232.623	0.026	2.583	319.997	0.120
1618905368.14953	232.566	0.027	2.676	319.916	0.119
1618905368.15617	232.578	0.030	3.078	319.997	0.126
1618905368.19353	232.577	0.027	2.697	319.836	0.126
1618905368.19417	232.598	0.026	2.590	319.836	0.123
1618905368.24255	232.594	0.027	2.593	319.755	0.120
1618905368.25231	232.618	0.026	2.634	319.755	0.110
1618905368.29106	232.607	0.026	2.636	319.836	0.112
1618905368.30099	232.570	0.027	2.667	319.755	0.120
1618905368.31255	232.624	0.026	2.653	319.836	0.120
1618905368.35038	232.602	0.027	2.579	319.675	0.120
1618905368.36257	232.634	0.027	2.660	319.675	0.118
1618905368.37255	232.615	0.027	2.668	319.675	0.116
1618905368.41360	232.599	0.027	2.567	319.594	0.115
1618905368.42353	232.562	0.027	2.630	319.755	0.119
1618905368.46129	232.591	0.027	2.686	319.675	0.120
1618905368.46900	232.592	0.027	2.713	319.836	0.122
1618905368.47798	232.631	0.027	2.650	319.836	0.123
1618905368.50098	232.617	0.026	2.590	319.594	0.120
1618905368.53856	232.617	0.026	2.546	319.514	0.115
1618905368.53916	232.551	0.026	2.561	319.675	0.112
1618905368.55152	232.595	0.026	2.581	319.675	0.111
1618905368.58854	232.565	0.026	2.660	319.755	0.110
1618905368.58918	232.639	0.026	2.648	319.916	0.118
1618905368.62856	232.645	0.027	2.579	319.755	0.118
1618905368.66646	232.684	0.027	2.661	319.675	0.121
1618905368.68101	232.642	0.027	2.635	319.675	0.117
1618905368.71839	232.599	0.027	2.621	319.594	0.115
1618905368.72016	232.614	0.027	2.597	319.755	0.118
1618905368.73125	232.600	0.027	2.726	319.836	0.123
1618905368.76878	232.678	0.027	2.670	319.836	0.124
1618905368.77719	232.637	0.027	2.660	319.916	0.123
1618905368.81622	232.658	0.027	2.560	319.675	0.121
1618905368.81817	232.627	0.026	2.564	319.675	0.118
1618905368.83260	232.604	0.026	2.547	319.675	0.114
1618905368.87412	232.602	0.027	2.659	319.755	0.111
1618905368.87857	232.665	0.027	2.672	319.916	0.114
1618905368.89158	232.684	0.026	2.671	319.836	0.111
1618905368.93258	232.656	0.026	2.540	319.836	0.119
1618905368.94121	232.604	0.027	2.600	319.675	0.117
1618905368.95258	232.591	0.026	2.599	319.675	0.119
1618905368.99043	232.570	0.027	2.700	319.594	0.117
1618905369.00220	232.585	0.027	2.588	319.675	0.115
1618905369.01258	232.574	0.027	2.660	319.594	0.120
1618905369.05057	232.596	0.027	2.686	319.755	0.122
1618905369.05218	232.546	0.027	2.684	319.755	0.123
1618905369.08959	232.572	0.026	2.636	319.675	0.120
1618905369.10057	232.489	0.027	2.582	319.594	0.121
1618905369.11257	232.512	0.026	2.545	319.594	0.119
1618905369.15437	232.520	0.027	2.593	319.675	0.121
1618905369.16296	232.585	0.029	2.873	319.755	0.130
1618905369.20161	232.611	0.029	2.903	319.836	0.124
1618905369.21258	232.639	0.027	2.655	319.675	0.119
1618905369.24933	232.425	0.025	2.358	319.594	0.118
1618905369.25127	232.068	0.026	2.592	319.111	0.117
1618905369.27214	232.114	0.027	2.660	319.031	0.116
1618905369.31458	232.097	0.027	2.625	319.031	0.117
1618905369.31620	232.179	0.027	2.641	319.192	0.120
1618905369.35355	232.171	0.027	2.705	319.031	0.126
1618905369.35419	232.182	0.027	2.640	319.192	0.120
1618905369.39257	232.136	0.027	2.625	319.111	0.121
1618905369.39323	232.171	0.027	2.554	319.111	0.119
1618905369.43255	232.155	0.027	2.641	319.031	0.119
1618905369.43320	232.220	0.026	2.634	319.192	0.115
1618905369.47305	232.224	0.026	2.647	319.192	0.111
1618905369.47831	232.279	0.026	2.637	319.433	0.112
1618905369.51755	232.269	0.027	2.681	319.111	0.114
1618905369.51814	232.268	0.026	2.631	319.272	0.118
1618905369.55656	232.250	0.027	2.652	319.192	0.119
1618905369.57930	232.318	0.027	2.733	319.272	0.120
1618905369.61934	232.368	0.027	2.609	319.433	0.114
1618905369.63557	232.350	0.027	2.651	319.433	0.119
1618905369.64420	232.371	0.027	2.703	319.433	0.120
1618905369.65731	232.338	0.027	2.684	319.353	0.122
1618905369.69618	232.412	0.027	2.664	319.433	0.119
1618905369.73361	232.478	0.026	2.623	319.272	0.115
1618905369.73423	232.523	0.027	2.586	319.353	0.116
1618905369.77258	232.612	0.027	2.666	319.836	0.115
1618905369.77323	232.585	0.027	2.669	319.755	0.117
1618905369.82260	232.556	0.026	2.594	319.755	0.115
1618905369.82321	232.549	0.027	2.662	319.594	0.116
1618905369.83018	232.571	0.027	2.628	319.675	0.126
1618905369.85236	232.633	0.027	2.667	319.755	0.117
1618905369.88961	232.626	0.026	2.667	319.755	0.117
1618905369.89124	232.607	0.027	2.707	319.755	0.115
1618905369.92860	232.613	0.027	2.604	319.755	0.118
1618905369.93958	232.542	0.026	2.658	319.836	0.118
1618905369.95958	232.553	0.027	2.671	319.755	0.120
1618905369.97140	232.532	0.026	2.656	319.675	0.119
1618905370.00961	232.584	0.027	2.618	319.836	0.120
1618905370.01125	232.530	0.026	2.584	319.675	0.123
1618905370.04861	232.565	0.026	2.526	319.594	0.112
1618905370.04924	232.529	0.026	2.632	319.755	0.115
1618905370.08766	232.508	0.026	2.569	319.755	0.114
1618905370.12565	232.503	0.027	2.663	319.514	0.117
1618905370.12726	232.513	0.027	2.627	319.675	0.117
1618905370.12817	232.522	0.027	2.622	319.594	0.116
1618905370.16843	232.583	0.027	2.713	319.675	0.120
1618905370.16938	232.547	0.030	3.107	319.675	0.130
1618905370.20743	232.594	0.027	2.687	319.836	0.115
1618905370.20841	232.526	0.027	2.683	319.755	0.118
1618905370.24643	232.543	0.027	2.702	319.514	0.122
1618905370.30064	232.573	0.027	2.667	319.594	0.123
1618905370.30223	232.553	0.027	2.595	319.514	0.127
1618905370.31063	232.563	0.027	2.547	319.594	0.120
1618905370.34861	232.529	0.026	2.543	319.594	0.121
1618905370.35960	232.522	0.026	2.603	319.594	0.117
1618905370.39762	232.515	0.027	2.661	319.675	0.116
1618905370.39823	232.574	0.026	2.630	319.675	0.116
1618905370.43661	232.567	0.027	2.712	319.675	0.116
1618905370.44227	232.608	0.027	2.588	319.836	0.121
1618905370.45225	232.597	0.027	2.619	319.675	0.119
1618905370.49209	232.576	0.027	2.638	319.675	0.121
1618905370.49306	232.494	0.027	2.600	319.675	0.119
1618905370.53030	232.516	0.027	2.607	319.514	0.116
1618905370.53257	232.486	0.027	2.713	319.594	0.124
1618905370.56961	232.567	0.027	2.694	319.675	0.123
1618905370.58060	232.578	0.027	2.646	319.675	0.124
1618905370.61861	232.600	0.027	2.574	319.594	0.123
1618905370.61922	232.550	0.026	2.571	319.514	0.121
1618905370.65838	232.501	0.026	2.561	319.755	0.118
1618905370.65915	232.473	0.027	2.621	319.514	0.117
1618905370.69764	232.529	0.026	2.589	319.675	0.118
1618905370.69924	232.543	0.027	2.695	319.514	0.120
1618905370.73738	232.605	0.027	2.619	319.594	0.124
1618905370.73930	232.563	0.027	2.591	319.675	0.119
1618905370.75060	232.598	0.027	2.656	319.675	0.121
1618905370.79262	232.554	0.027	2.656	319.594	0.121
1618905370.80962	232.577	0.027	2.707	319.675	0.120
1618905370.84830	232.566	0.027	2.683	319.755	0.122
1618905370.87014	232.559	0.027	2.548	319.594	0.122
1618905370.90808	232.510	0.027	2.567	319.514	0.126
1618905370.92033	232.540	0.026	2.586	319.514	0.124
1618905370.93063	232.562	0.027	2.601	319.594	0.119
1618905370.96860	232.623	0.027	2.644	319.675	0.118
1618905370.96924	232.658	0.027	2.695	319.675	0.119
1618905371.00762	232.687	0.027	2.634	319.836	0.121
1618905371.05441	232.619	0.027	2.647	319.836	0.120
1618905371.05502	232.647	0.027	2.542	319.755	0.122
1618905371.05711	232.607	0.027	2.651	319.514	0.120
1618905371.09560	232.658	0.027	2.582	319.675	0.119
1618905371.09724	232.648	0.027	2.658	319.916	0.116
1618905371.11961	232.736	0.027	2.626	319.916	0.119
1618905371.12960	232.643	0.027	2.697	319.755	0.124
1618905371.16760	232.634	0.027	2.606	319.836	0.122
1618905371.17962	232.592	0.027	2.659	319.675	0.126
1618905371.18963	232.565	0.030	3.048	319.755	0.131
1618905371.23259	232.566	0.027	2.576	319.675	0.124
1618905371.24038	232.588	0.026	2.550	319.594	0.116
1618905371.25035	232.638	0.027	2.708	319.755	0.116
1618905371.28911	232.668	0.027	2.631	319.836	0.115
1618905371.29006	232.651	0.027	2.668	319.755	0.116
1618905371.32880	232.650	0.026	2.598	319.916	0.118
1618905371.34560	232.594	0.026	2.564	319.594	0.117
1618905371.35328	232.620	0.027	2.604	319.514	0.118
1618905371.39337	232.606	0.027	2.607	319.755	0.119
1618905371.40263	232.662	0.027	2.653	319.836	0.112
1618905371.43968	232.576	0.027	2.727	319.836	0.123
1618905371.44031	232.592	0.027	2.640	319.675	0.126
1618905371.45345	232.544	0.027	2.639	319.755	0.121
1618905371.49018	232.540	0.026	2.555	319.675	0.120
1618905371.52946	232.538	0.027	2.647	319.594	0.124
1618905371.53023	232.577	0.026	2.608	319.675	0.120
1618905371.53946	232.606	0.027	2.637	319.755	0.120
1618905371.54932	232.637	0.026	2.571	319.916	0.116
1618905371.58771	232.572	0.027	2.650	319.675	0.117
1618905371.60965	232.511	0.027	2.659	319.594	0.118
1618905371.64767	232.565	0.027	2.641	319.594	0.119
1618905371.66117	232.579	0.027	2.604	319.675	0.123
1618905371.67312	232.651	0.027	2.653	319.675	0.122
1618905371.71465	232.607	0.027	2.643	319.755	0.118
1618905371.75265	232.542	0.027	2.697	319.755	0.123
1618905371.79067	232.556	0.027	2.602	319.675	0.129
1618905371.79231	232.565	0.027	2.618	319.675	0.124
1618905371.79321	232.576	0.027	2.591	319.755	0.124
1618905371.83068	232.629	0.028	2.755	319.594	0.121
1618905371.83227	232.696	0.028	2.706	319.916	0.127
1618905371.87243	232.668	0.027	2.632	319.836	0.117
1618905371.91770	232.687	0.027	2.606	319.997	0.118
1618905371.92027	232.620	0.027	2.650	319.836	0.120
1618905371.95864	232.630	0.027	2.608	319.755	0.118
1618905371.95928	232.681	0.027	2.628	319.997	0.121
1618905372.00664	232.674	0.027	2.678	319.916	0.120
1618905372.00828	232.706	0.027	2.590	319.997	0.115
1618905372.01942	232.649	0.027	2.671	319.997	0.123
1618905372.02931	232.631	0.027	2.642	319.916	0.122
1618905372.06715	232.596	0.027	2.627	319.755	0.126
1618905372.10666	232.626	0.027	2.555	319.675	0.120
1618905372.10832	232.597	0.027	2.644	319.675	0.128
1618905372.11866	232.630	0.027	2.602	319.594	0.126
1618905372.13965	232.589	0.027	2.590	319.675	0.118
1618905372.14963	232.554	0.026	2.582	319.675	0.115
1618905372.19764	232.565	0.027	2.631	319.675	0.117
1618905372.21070	232.608	0.028	2.830	319.675	0.130
1618905372.24916	232.627	0.027	2.669	319.675	0.119
1618905372.25010	232.612	0.027	2.609	319.675	0.122
1618905372.28871	232.600	0.027	2.574	319.594	0.118
1618905372.29968	232.569	0.027	2.613	319.675	0.119
1618905372.30932	232.558	0.027	2.645	319.594	0.119
1618905372.34871	232.564	0.027	2.721	319.836	0.126
1618905372.35968	232.593	0.027	2.667	319.755	0.122
1618905372.36966	232.570	0.027	2.636	319.755	0.126
1618905372.40769	232.617	0.027	2.574	319.755	0.124
1618905372.40930	232.566	0.028	2.695	319.594	0.123
1618905372.44768	232.559	0.027	2.605	319.594	0.124
1618905372.45828	232.529	0.026	2.506	319.514	0.123
1618905372.49766	232.557	0.027	2.634	319.755	0.120
1618905372.49927	232.568	0.027	2.680	319.433	0.121
1618905372.53874	232.604	0.027	2.649	319.675	0.121
1618905372.53934	232.541	0.026	2.559	319.675	0.117
1618905372.59070	232.608	0.027	2.661	319.675	0.119
1618905372.59233	232.606	0.027	2.717	319.836	0.118
1618905372.59323	232.605	0.027	2.618	319.916	0.118
1618905372.63167	232.557	0.027	2.654	319.916	0.119
1618905372.63333	232.626	0.027	2.682	320.077	0.118
1618905372.67117	232.475	0.026	2.581	319.916	0.116
1618905372.67314	232.424	0.027	2.671	319.514	0.124
1618905372.71849	232.325	0.027	2.573	319.192	0.132
1618905372.71926	232.446	0.027	2.556	319.433	0.121
1618905372.72969	232.349	0.027	2.607	319.353	0.122
1618905372.76869	232.431	0.027	2.640	319.433	0.117
1618905372.76931	232.450	0.027	2.652	319.433	0.118
1618905372.80768	232.504	0.027	2.653	319.594	0.123
1618905372.85078	232.456	0.027	2.664	319.755	0.122
1618905372.85325	232.442	0.026	2.594	319.594	0.119
1618905372.85423	232.409	0.027	2.637	319.353	0.120
1618905372.89275	232.409	0.027	2.581	319.433	0.117
1618905372.89336	232.383	0.027	2.615	319.433	0.117
1618905372.93074	232.459	0.027	2.677	319.594	0.117
1618905372.93734	232.468	0.027	2.743	319.514	0.124
1618905372.94973	232.463	0.027	2.652	319.594	0.126
1618905372.98773	232.409	0.027	2.593	319.433	0.128
1618905372.99777	232.433	0.027	2.600	319.353	0.124
1618905373.03972	232.367	0.027	2.609	319.353	0.127
1618905373.04345	232.454	0.027	2.656	319.353	0.122
1618905373.05335	232.470	0.027	2.604	319.514	0.120
1618905373.09081	232.527	0.027	2.616	319.675	0.117
1618905373.09934	232.501	0.027	2.647	319.514	0.119
1618905373.10971	232.497	0.027	2.637	319.755	0.120
1618905373.14771	232.463	0.027	2.627	319.514	0.121
1618905373.14834	232.453	0.027	2.576	319.594	0.120
1618905373.18748	232.626	0.028	2.701	319.594	0.120
1618905373.20571	232.729	0.027	2.638	319.836	0.121
1618905373.20735	232.719	0.031	3.083	319.997	0.135
1618905373.24441	232.732	0.027	2.709	319.836	0.122
1618905373.25819	232.662	0.027	2.676	319.836	0.128
1618905373.26816	232.688	0.026	2.556	319.755	0.120
1618905373.30870	232.567	0.027	2.540	319.594	0.129
1618905373.30934	232.629	0.027	2.651	319.755	0.122
1618905373.34772	232.647	0.027	2.569	319.755	0.120
1618905373.39368	232.677	0.026	2.530	319.916	0.114
1618905373.39437	232.638	0.027	2.653	319.836	0.117
1618905373.39528	232.703	0.026	2.650	320.077	0.117
1618905373.40870	232.662	0.027	2.676	319.836	0.118
1618905373.44568	232.662	0.026	2.521	319.675	0.121
1618905373.45851	232.690	0.027	2.618	319.755	0.119
1618905373.46833	232.713	0.027	2.687	319.755	0.123
1618905373.50931	232.618	0.027	2.755	319.514	0.115
1618905373.51920	232.654	0.026	2.612	319.675	0.111
1618905373.52917	232.624	0.027	2.647	319.755	0.121
1618905373.56775	232.671	0.027	2.664	319.916	0.122
1618905373.56838	232.640	0.027	2.627	319.836	0.121
1618905373.60576	232.701	0.027	2.664	319.916	0.121
1618905373.64975	232.678	0.027	2.617	319.836	0.122
1618905373.65039	232.743	0.026	2.551	319.836	0.121
1618905373.65230	232.664	0.026	2.596	319.836	0.117
1618905373.68927	232.682	0.026	2.610	319.916	0.117
1618905373.69020	232.639	0.026	2.611	319.836	0.115
1618905373.72877	232.640	0.026	2.642	319.755	0.118
1618905373.73775	232.618	0.027	2.591	319.675	0.119
1618905373.74974	232.684	0.027	2.639	319.836	0.116
1618905373.78979	232.712	0.027	2.728	319.836	0.118
1618905373.79876	232.717	0.027	2.655	319.916	0.114
1618905373.83576	232.679	0.027	2.618	319.916	0.118
1618905373.84177	232.699	0.027	2.660	319.916	0.119
1618905373.85252	232.647	0.027	2.668	319.755	0.127
1618905373.89054	232.677	0.027	2.647	319.675	0.119
1618905373.90076	232.660	0.027	2.598	319.836	0.121
1618905373.92277	232.706	0.027	2.587	319.836	0.123
1618905373.95977	232.708	0.027	2.611	319.836	0.120
1618905373.96246	232.723	0.026	2.514	319.755	0.115
1618905373.97278	232.692	0.027	2.667	319.836	0.117
1618905374.00977	232.722	0.026	2.606	319.836	0.117
1618905374.01044	232.692	0.027	2.653	320.077	0.119
1618905374.04876	232.715	0.026	2.562	319.997	0.119
1618905374.09230	232.732	0.027	2.642	319.836	0.119
1618905374.09422	232.718	0.026	2.650	319.916	0.116
1618905374.09922	232.649	0.027	2.613	319.755	0.115
1618905374.11243	232.654	0.027	2.601	319.916	0.115
1618905374.14977	232.614	0.027	2.658	319.675	0.122
1618905374.16047	232.678	0.027	2.668	319.836	0.122
1618905374.17225	232.649	0.027	2.668	319.675	0.126
1618905374.20979	232.681	0.027	2.604	319.514	0.120
1618905374.21977	232.659	0.027	2.558	319.594	0.123
1618905374.22976	232.642	0.030	2.981	319.514	0.128
1618905374.27524	232.615	0.026	2.610	319.514	0.117
1618905374.28978	232.630	0.027	2.700	319.514	0.116
1618905374.32879	232.703	0.027	2.663	319.836	0.120
1618905374.32943	232.691	0.027	2.635	319.675	0.119
1618905374.36779	232.693	0.027	2.641	319.836	0.119
1618905374.38877	232.672	0.027	2.623	319.755	0.121
1618905374.42771	232.627	0.027	2.629	319.755	0.120
1618905374.44274	232.667	0.027	2.647	319.755	0.119
1618905374.45081	232.667	0.027	2.680	319.755	0.120
1618905374.48878	232.708	0.027	2.658	319.755	0.122
1618905374.48934	232.670	0.027	2.684	319.514	0.127
1618905374.52781	232.680	0.026	2.594	319.675	0.121
1618905374.57453	232.650	0.027	2.631	319.594	0.121
1618905374.57530	232.669	0.026	2.590	319.675	0.115
1618905374.57924	232.644	0.027	2.640	319.594	0.115
1618905374.61741	232.655	0.026	2.623	319.755	0.119
1618905374.61817	232.636	0.027	2.702	319.594	0.123
1618905374.62832	232.668	0.027	2.555	319.836	0.120
1618905374.66557	232.664	0.027	2.625	319.594	0.117
1618905374.66775	232.706	0.027	2.598	319.433	0.116
1618905374.70556	232.684	0.027	2.608	319.675	0.116
1618905374.71560	232.715	0.027	2.660	319.755	0.117
1618905374.73854	232.676	0.027	2.710	319.755	0.122
1618905374.74853	232.720	0.027	2.684	319.755	0.124
1618905374.78531	232.671	0.027	2.658	319.755	0.122
1618905374.79857	232.655	0.027	2.593	319.594	0.124
1618905374.83553	232.653	0.027	2.636	319.675	0.128
1618905374.83732	232.671	0.026	2.546	319.836	0.121
1618905374.85736	232.693	0.027	2.605	319.836	0.115
1618905374.86827	232.707	0.026	2.622	319.755	0.121
1618905374.90659	232.697	0.027	2.659	319.755	0.115
1618905374.92234	232.705	0.027	2.615	319.836	0.119
1618905374.93033	232.660	0.027	2.614	319.675	0.119
1618905374.97148	232.668	0.026	2.656	319.755	0.121
1618905374.97339	232.644	0.027	2.666	319.594	0.117
1618905375.01037	232.675	0.027	2.628	319.755	0.115
1618905375.01936	232.658	0.027	2.592	319.755	0.121
1618905375.02926	232.701	0.027	2.662	319.997	0.122
1618905375.06727	232.676	0.027	2.698	319.755	0.126
1618905375.08048	232.661	0.026	2.598	319.836	0.122
1618905375.11861	232.590	0.027	2.633	319.594	0.124
