# timestamp	V	A	W	V	A
1594987176.02366	1336.336	0.021	377421.311	325.469	0.008
1594987176.04361	229.470	0.003	377421.580	325.469	0.007
1594987176.08063	229.474	0.004	377421.582	325.389	0.008
1594987176.08127	229.403	0.003	377421.560	325.228	0.007
1594987176.09664	229.413	0.003	377421.584	325.308	0.007
1594987176.13462	229.404	0.003	377421.561	325.308	0.007
1594987176.13529	229.412	0.003	377421.590	325.389	0.007
1594987176.15316	229.415	0.004	0.014	325.469	0.008
1594987176.19024	229.450	0.003	0.008	325.389	0.007
1594987176.19131	229.447	0.003	377421.579	325.389	0.008
1594987176.21316	229.501	0.003	377421.572	325.469	0.008
1594987176.25361	229.564	0.003	0.007	325.630	0.007
1594987176.26661	229.591	0.003	377421.586	325.630	0.008
1594987176.27534	229.578	0.003	377421.560	325.550	0.007
1594987176.32119	229.563	0.003	0.015	325.630	0.008
1594987176.35963	229.564	0.003	377421.566	325.469	0.007
1594987176.36028	229.540	0.003	377421.590	325.630	0.007
1594987176.39821	229.548	0.003	377421.561	325.550	0.008
1594987176.40019	229.549	0.003	0.004	325.469	0.008
1594987176.42361	229.556	0.003	377421.576	325.389	0.007
1594987176.46063	229.572	0.003	0.005	325.389	0.008
1594987176.46329	229.508	0.003	377421.550	325.550	0.008
1594987176.47319	229.489	0.003	377421.583	325.389	0.008
1594987176.51025	229.549	0.003	0.000	325.469	0.007
1594987176.52674	229.544	0.004	377421.570	325.389	0.008
1594987176.53533	229.539	0.003	377421.587	325.389	0.007
1594987176.57364	229.541	0.003	377421.593	325.469	0.007
1594987176.58463	229.533	0.003	377421.593	325.308	0.008
1594987176.59428	229.520	0.003	377421.583	325.308	0.008
1594987176.63325	229.514	0.003	377421.581	325.469	0.008
1594987176.65141	229.480	0.003	0.017	325.469	0.008
1594987176.65322	229.523	0.004	377421.591	325.469	0.008
1594987176.69063	229.534	0.003	377421.572	325.469	0.008
1594987176.69828	229.521	0.003	377421.585	325.550	0.008
1594987176.73666	229.550	0.003	0.010	325.630	0.008
1594987176.74966	229.512	0.003	377421.584	325.469	0.008
1594987176.78632	229.502	0.003	0.000	325.550	0.008
1594987176.78826	229.530	0.003	0.005	325.469	0.007
1594987176.79945	229.485	0.003	377421.566	325.469	0.008
1594987176.83668	229.497	0.003	377421.571	325.308	0.008
1594987176.84027	229.517	0.003	377421.579	325.469	0.007
1594987176.85339	229.522	0.003	377421.578	325.308	0.007
1594987176.89127	229.553	0.003	0.008	325.389	0.008
1594987176.90346	229.552	0.003	377421.570	325.469	0.007
1594987176.91567	229.535	0.003	0.013	325.228	0.007
1594987176.95369	229.513	0.003	377421.579	325.308	0.007
1594987176.99136	229.463	0.003	0.001	325.228	0.007
1594987177.03826	229.422	0.003	377421.591	325.308	0.008
1594987177.04026	229.429	0.003	377421.577	325.228	0.008
1594987177.04265	229.416	0.003	0.001	325.147	0.008
1594987177.08069	229.444	0.003	377421.579	325.228	0.008
1594987177.08132	229.464	0.003	0.013	325.228	0.008
1594987177.09329	229.468	0.003	377421.586	325.469	0.007
1594987177.13030	229.464	0.003	0.013	325.228	0.008
1594987177.13138	229.452	0.003	377421.581	325.308	0.008
1594987177.16968	229.467	0.003	377421.591	325.389	0.007
1594987177.17941	229.473	0.003	377421.593	325.228	0.007
1594987177.21833	229.432	0.003	0.011	325.228	0.008
1594987177.23033	229.462	0.003	377421.587	325.389	0.008
1594987177.26868	229.454	0.003	377421.593	325.228	0.008
1594987177.27569	229.455	0.003	0.000	325.228	0.008
1594987177.31370	229.506	0.003	377421.577	325.308	0.008
1594987177.33469	229.460	0.003	0.008	325.147	0.008
1594987177.38076	229.449	0.003	377421.578	325.308	0.008
1594987177.42370	229.497	0.003	0.015	325.389	0.008
1594987177.44469	229.517	0.003	377421.582	325.389	0.007
1594987177.45469	229.503	0.004	377421.575	325.469	0.008
1594987177.49170	229.488	0.003	0.004	325.630	0.007
1594987177.49334	229.512	0.003	377421.582	325.389	0.007
1594987177.53169	229.520	0.004	377421.589	325.389	0.009
1594987177.57670	229.551	0.003	377421.587	325.550	0.008
1594987177.57836	229.537	0.003	377421.574	325.550	0.008
1594987177.62873	229.463	0.003	377421.592	325.550	0.008
1594987177.62935	229.460	0.003	0.012	325.389	0.007
1594987177.66772	229.456	0.003	377421.588	325.308	0.008
1594987177.66929	229.335	0.003	377421.592	325.308	0.008
1594987177.68948	229.392	0.003	0.010	325.308	0.008
1594987177.69325	229.429	0.003	0.001	325.308	0.008
1594987177.73022	229.391	0.003	377421.579	325.228	0.008
1594987177.76841	229.391	0.003	377421.568	325.389	0.007
1594987177.77028	229.415	0.003	377421.577	325.308	0.007
1594987177.78372	229.430	0.004	377421.566	325.228	0.007
1594987177.82051	229.432	0.003	377421.590	325.147	0.008
1594987177.82130	229.394	0.003	377421.590	325.228	0.007
1594987177.86373	229.397	0.003	0.000	325.308	0.007
1594987177.86670	229.437	0.003	0.018	325.389	0.007
1594987177.87872	229.440	0.003	377421.579	325.469	0.007
1594987177.92573	229.423	0.003	377421.584	325.389	0.008
1594987177.92637	229.434	0.003	377421.589	325.389	0.007
1594987177.93535	229.426	0.003	377421.579	325.228	0.008
1594987177.97373	229.413	0.003	377421.568	325.228	0.007
1594987178.01374	229.373	0.004	377421.582	325.389	0.008
1594987178.02530	229.436	0.003	377421.575	325.389	0.008
1594987178.03430	229.461	0.003	377421.583	325.308	0.008
1594987178.07171	229.437	0.003	377421.582	325.389	0.007
1594987178.08074	229.542	0.004	0.002	325.389	0.008
1594987178.11874	229.546	0.003	377421.588	325.469	0.008
1594987178.15873	229.540	0.003	0.007	325.469	0.007
1594987178.17372	229.561	0.003	377421.577	325.469	0.008
1594987178.21074	229.575	0.003	377421.570	325.469	0.007
1594987178.22273	229.534	0.003	377421.566	325.389	0.007
1594987178.23339	229.546	0.003	377421.593	325.389	0.008
1594987178.27073	229.525	0.003	377421.569	325.389	0.008
1594987178.28368	229.537	0.003	0.006	325.389	0.007
1594987178.29440	229.556	0.003	0.001	325.550	0.008
1594987178.33174	229.549	0.003	377421.578	325.550	0.007
1594987178.33338	229.500	0.003	377421.582	325.389	0.007
1594987178.37074	229.525	0.003	0.002	325.469	0.007
1594987178.41576	229.523	0.003	0.007	325.550	0.007
1594987178.41640	229.503	0.004	377421.580	325.550	0.008
1594987178.41833	229.502	0.003	377421.569	325.308	0.007
1594987178.45534	229.501	0.003	0.004	325.550	0.008
1594987178.45636	229.479	0.003	377421.574	325.550	0.008
1594987178.49477	229.471	0.003	0.005	325.469	0.007
1594987178.49541	229.540	0.004	0.003	325.550	0.007
1594987178.53479	229.567	0.003	377421.589	325.630	0.008
1594987178.58154	229.582	0.003	377421.567	325.469	0.007
1594987178.58341	229.568	0.003	0.003	325.469	0.008
1594987178.59374	229.593	0.003	377421.591	325.469	0.008
1594987178.63077	229.595	0.003	0.026	325.630	0.007
1594987178.64239	229.609	0.003	377421.578	325.630	0.008
1594987178.65348	229.662	0.003	377421.571	325.630	0.008
1594987178.69053	229.688	0.003	377421.564	325.711	0.008
1594987178.70276	229.670	0.003	377421.586	325.711	0.007
1594987178.71343	229.667	0.003	377421.589	325.630	0.007
1594987178.75080	229.624	0.003	377421.575	325.550	0.007
1594987178.75140	229.424	0.003	377421.592	325.550	0.007
1594987178.79080	229.357	0.003	0.014	325.389	0.008
1594987178.81178	229.345	0.003	377421.566	325.308	0.007
1594987178.82043	229.346	0.003	0.016	325.308	0.007
1594987178.85879	229.351	0.003	0.007	325.308	0.008
1594987178.87779	229.510	0.003	377421.592	325.389	0.007
1594987178.91579	229.587	0.003	377421.570	325.711	0.008
1594987178.91643	229.567	0.003	377421.572	325.630	0.008
1594987178.95441	229.548	0.003	377421.589	325.630	0.007
1594987178.96549	229.531	0.003	377421.590	325.630	0.008
1594987178.97636	229.545	0.003	377421.582	325.711	0.007
1594987179.01482	229.572	0.003	0.001	325.711	0.008
1594987179.03477	229.610	0.003	0.002	325.630	0.008
1594987179.07180	229.608	0.003	377421.577	325.630	0.008
1594987179.07343	229.621	0.004	377421.568	325.791	0.008
1594987179.11080	229.608	0.003	377421.588	325.630	0.008
1594987179.13380	229.548	0.003	0.019	325.469	0.007
1594987179.15478	229.555	0.004	0.019	325.469	0.008
1594987179.20158	229.557	0.003	377421.551	325.469	0.008
1594987179.20347	229.537	0.003	377421.568	325.630	0.008
1594987179.21437	229.549	0.003	377421.576	325.469	0.007
1594987179.25182	229.565	0.003	377421.582	325.550	0.007
1594987179.25479	229.540	0.003	377421.571	325.630	0.008
1594987179.29576	229.544	0.003	377421.584	325.711	0.008
1594987179.29685	229.554	0.003	377421.587	325.550	0.007
1594987179.33438	229.569	0.003	0.004	325.630	0.007
1594987179.37227	229.577	0.003	377421.575	325.791	0.008
1594987179.37427	229.574	0.003	377421.563	325.630	0.008
1594987179.38527	229.590	0.003	0.019	325.872	0.008
1594987179.40480	229.505	0.004	0.004	325.469	0.007
1594987179.41480	229.504	0.004	0.006	325.630	0.008
1594987179.45280	229.506	0.004	0.002	325.630	0.008
1594987179.45446	229.503	0.003	377421.580	325.550	0.008
1594987179.49186	229.546	0.003	377421.584	325.550	0.008
1594987179.49247	229.531	0.003	377421.579	325.469	0.008
1594987179.53083	229.532	0.004	377421.584	325.550	0.008
1594987179.53147	229.573	0.003	377421.576	325.550	0.008
1594987179.56982	229.593	0.003	377421.589	325.550	0.008
1594987179.57047	229.629	0.003	377421.576	325.630	0.008
1594987179.60883	229.626	0.003	0.019	325.550	0.007
1594987179.61482	229.646	0.003	377421.588	325.550	0.007
1594987179.65186	229.639	0.003	0.005	325.711	0.007
1594987179.69584	229.705	0.003	377421.571	325.711	0.008
1594987179.69648	229.699	0.003	377421.582	325.711	0.008
1594987179.69742	229.687	0.003	377421.552	325.872	0.008
1594987179.73587	229.705	0.003	377421.580	325.711	0.008
1594987179.73649	229.702	0.003	0.000	325.791	0.007
1594987179.77685	229.693	0.003	377421.582	325.711	0.007
1594987179.77748	229.718	0.004	0.002	325.630	0.007
1594987179.81586	229.695	0.003	377421.563	325.711	0.008
1594987179.86184	229.710	0.003	377421.593	325.711	0.008
1594987179.86249	229.758	0.003	377421.576	325.791	0.007
1594987179.87446	229.734	0.003	377421.583	325.711	0.007
1594987179.89453	229.705	0.003	377421.574	325.630	0.007
1594987179.93186	229.691	0.003	0.008	325.711	0.007
1594987179.93446	229.701	0.003	377421.567	325.630	0.007
1594987179.97158	229.699	0.003	377421.588	325.550	0.007
1594987179.98342	229.706	0.003	0.010	325.630	0.007
1594987179.99487	229.684	0.003	0.001	325.550	0.008
1594987180.03183	229.700	0.003	377421.583	325.711	0.008
1594987180.03247	229.716	0.003	377421.568	325.711	0.007
1594987180.07085	229.695	0.003	0.012	325.550	0.008
1594987180.11284	229.656	0.003	377421.583	325.791	0.007
1594987180.12087	229.676	0.003	377421.593	325.550	0.007
1594987180.16086	229.701	0.004	0.007	325.630	0.007
1594987180.19786	229.719	0.003	377421.592	325.791	0.007
1594987180.19951	229.710	0.003	0.001	325.630	0.007
1594987180.24087	229.607	0.003	377421.581	325.711	0.007
1594987180.24248	229.601	0.003	0.000	325.630	0.008
1594987180.26443	229.638	0.003	377421.588	325.791	0.007
1594987180.30186	229.649	0.003	377421.576	325.791	0.007
1594987180.30250	229.664	0.003	377421.567	325.630	0.008
1594987180.31448	229.671	0.003	377421.591	325.711	0.008
1594987180.35188	229.653	0.003	377421.578	325.630	0.008
1594987180.35251	229.684	0.003	377421.586	325.630	0.007
1594987180.37589	229.673	0.003	377421.588	325.711	0.007
1594987180.42187	229.647	0.003	377421.574	325.711	0.007
1594987180.45988	229.628	0.003	0.004	325.791	0.007
1594987180.46052	229.640	0.003	377421.570	325.711	0.008
1594987180.47648	229.677	0.003	377421.580	325.791	0.007
1594987180.51487	229.725	0.004	0.005	325.791	0.007
1594987180.52486	229.707	0.003	0.002	325.630	0.008
1594987180.53687	229.705	0.003	0.014	325.872	0.007
1594987180.57688	229.693	0.004	377421.585	325.872	0.008
1594987180.58550	229.716	0.003	377421.592	325.872	0.008
1594987180.59561	229.721	0.003	377421.567	325.711	0.008
1594987180.63392	229.700	0.003	0.010	325.711	0.007
1594987180.63588	229.677	0.003	0.001	325.872	0.008
1594987180.67590	229.676	0.003	377421.583	325.791	0.007
1594987180.68589	229.640	0.003	377421.578	325.872	0.008
1594987180.69554	229.659	0.003	0.000	325.711	0.007
1594987180.74189	229.645	0.004	377421.557	325.791	0.008
1594987180.77991	229.672	0.003	0.007	325.711	0.008
1594987180.78151	229.678	0.003	377421.586	325.791	0.008
1594987180.81991	229.660	0.003	377421.583	325.630	0.008
1594987180.82054	229.663	0.003	377421.593	325.711	0.007
1594987180.84384	229.642	0.003	0.001	325.872	0.008
1594987180.89192	229.678	0.003	377421.571	325.711	0.008
1594987180.89352	229.633	0.003	377421.575	325.711	0.008
1594987180.90491	229.631	0.003	377421.585	325.711	0.007
1594987180.91455	229.647	0.004	377421.593	325.630	0.008
1594987180.95291	229.647	0.003	0.009	325.711	0.007
1594987180.95456	229.705	0.003	0.006	325.791	0.007
1594987180.99153	229.657	0.003	377421.585	325.711	0.007
1594987181.00758	229.692	0.004	377421.567	325.711	0.008
1594987181.01552	229.704	0.003	377421.589	325.791	0.008
1594987181.05394	229.706	0.003	377421.566	325.872	0.007
1594987181.06692	229.699	0.003	377421.577	325.711	0.008
1594987181.07657	229.633	0.003	377421.584	325.791	0.008
1594987181.12254	229.643	0.003	377421.579	325.630	0.008
1594987181.16093	229.643	0.003	377421.580	325.872	0.008
1594987181.16154	229.649	0.003	377421.580	325.711	0.008
1594987181.19993	229.632	0.003	377421.570	325.791	0.007
1594987181.20153	229.616	0.003	377421.583	325.630	0.007
1594987181.21465	229.630	0.003	0.011	325.711	0.007
1594987181.25184	229.656	0.003	377421.585	325.469	0.007
1594987181.26393	229.690	0.003	377421.580	325.711	0.007
1594987181.27492	229.663	0.003	0.001	325.469	0.007
1594987181.31192	229.626	0.003	0.017	325.630	0.007
1594987181.32355	229.556	0.003	377421.573	325.630	0.007
1594987181.33451	229.514	0.003	0.005	325.711	0.008
1594987181.37291	229.529	0.003	377421.569	325.469	0.008
1594987181.38447	229.587	0.003	377421.571	325.550	0.007
1594987181.39551	229.560	0.003	377421.585	325.550	0.007
1594987181.43391	229.547	0.003	377421.590	325.308	0.007
1594987181.43558	229.528	0.003	377421.591	325.389	0.008
1594987181.47294	229.529	0.003	0.009	325.469	0.008
1594987181.48461	229.573	0.003	377421.584	325.469	0.008
1594987181.49649	229.568	0.003	377421.593	325.469	0.007
1594987181.53494	229.563	0.003	377421.561	325.550	0.008
1594987181.54472	229.568	0.003	377421.563	325.550	0.007
1594987181.55495	229.576	0.003	377421.552	325.630	0.008
1594987181.60095	229.577	0.003	377421.568	325.550	0.008
1594987181.60860	229.595	0.003	0.012	325.630	0.008
1594987181.64557	229.530	0.003	377421.564	325.550	0.007
1594987181.64668	229.548	0.003	0.001	325.630	0.008
1594987181.65590	229.540	0.003	377421.588	325.711	0.007
1594987181.69394	229.561	0.003	377421.582	325.469	0.008
1594987181.70457	229.568	0.003	0.004	325.550	0.007
1594987181.71465	229.574	0.003	0.005	325.469	0.008
1594987181.75295	229.551	0.003	377421.575	325.389	0.007
1594987181.75460	229.595	0.003	377421.571	325.469	0.008
1594987181.79195	229.569	0.003	0.000	325.389	0.008
1594987181.80458	229.570	0.003	377421.574	325.469	0.008
1594987181.81465	229.574	0.003	377421.592	325.469	0.008
1594987181.85392	229.546	0.003	0.012	325.469	0.008
1594987181.86495	229.549	0.003	0.001	325.389	0.008
1594987181.87494	229.582	0.003	377421.582	325.469	0.007
1594987181.91260	229.554	0.003	377421.585	325.469	0.007
1594987181.91461	229.546	0.003	0.001	325.550	0.007
1594987181.95298	229.563	0.003	377421.583	325.550	0.008
1594987181.99597	229.563	0.003	0.000	325.469	0.008
1594987181.99662	229.536	0.003	377421.592	325.469	0.008
1594987182.00556	229.537	0.003	377421.589	325.711	0.007
1594987182.01796	229.534	0.003	377421.565	325.469	0.008
1594987182.05670	229.546	0.004	0.006	325.469	0.008
1594987182.06389	229.538	0.003	0.024	325.389	0.007
1594987182.07591	229.486	0.003	377421.587	325.389	0.008
1594987182.11296	229.529	0.003	377421.570	325.469	0.007
1594987182.12360	229.569	0.003	377421.590	325.550	0.008
1594987182.13453	229.540	0.003	377421.562	325.469	0.008
1594987182.17261	229.560	0.004	0.018	325.550	0.009
1594987182.18496	229.518	0.003	377421.589	325.630	0.007
1594987182.19496	229.541	0.003	377421.588	325.389	0.007
1594987182.23492	229.549	0.003	377421.585	325.469	0.008
1594987182.23553	229.542	0.003	377421.574	325.469	0.008
1594987182.27296	229.528	0.003	0.002	325.469	0.007
1594987182.28398	229.536	0.003	377421.571	325.469	0.008
1594987182.29563	229.626	0.004	377421.590	325.469	0.008
1594987182.33503	229.628	0.003	377421.580	325.630	0.008
1594987182.34798	229.626	0.003	377421.586	325.469	0.007
1594987182.35898	229.597	0.004	377421.591	325.550	0.008
1594987182.39599	229.626	0.003	377421.570	325.550	0.007
1594987182.39663	229.632	0.003	377421.566	325.550	0.007
1594987182.43461	229.642	0.003	377421.572	325.630	0.007
1594987182.44750	229.578	0.003	377421.590	325.711	0.007
1594987182.48603	229.559	0.003	0.003	325.630	0.007
1594987182.50101	229.590	0.003	377421.589	325.711	0.008
1594987182.54003	229.596	0.003	0.003	325.791	0.008
1594987182.57988	229.601	0.003	0.004	325.630	0.007
1594987182.58065	229.520	0.003	0.000	325.630	0.008
1594987182.61802	229.516	0.003	377421.591	325.469	0.007
1594987182.61966	229.502	0.003	377421.590	325.550	0.008
1594987182.66001	229.418	0.003	377421.566	325.711	0.008
1594987182.66161	229.419	0.003	377421.578	325.308	0.007
1594987182.69991	229.455	0.003	377421.563	325.389	0.008
1594987182.71502	229.441	0.003	377421.562	325.469	0.008
1594987182.75169	229.500	0.003	0.006	325.389	0.008
1594987182.79190	229.493	0.003	0.013	325.550	0.008
1594987182.79268	229.440	0.003	0.008	325.630	0.007
1594987182.83502	229.469	0.003	377421.586	325.550	0.007
1594987182.83567	229.483	0.003	0.019	325.389	0.008
1594987182.83760	229.466	0.003	377421.584	325.550	0.007
1594987182.87701	229.498	0.003	377421.593	325.469	0.008
1594987182.87761	229.496	0.004	377421.577	325.389	0.008
1594987182.91603	229.490	0.003	377421.589	325.550	0.007
1594987182.95403	229.482	0.003	377421.565	325.550	0.008
1594987182.95564	229.479	0.003	377421.585	325.550	0.007
1594987182.96601	229.461	0.003	377421.574	325.550	0.007
1594987182.98213	229.442	0.003	377421.580	325.389	0.007
1594987183.02556	229.457	0.003	377421.579	325.308	0.007
1594987183.02745	229.447	0.003	377421.575	325.389	0.007
1594987183.03949	229.454	0.003	377421.584	325.147	0.008
1594987183.07803	229.454	0.003	377421.584	325.469	0.007
1594987183.08163	229.440	0.003	0.003	325.308	0.007
1594987183.10503	229.447	0.003	377421.584	325.308	0.007
1594987183.14502	229.413	0.003	0.010	325.389	0.008
1594987183.14960	229.409	0.003	0.003	325.308	0.008
1594987183.15258	229.444	0.003	377421.540	325.308	0.007
1594987183.19204	229.431	0.003	377421.590	325.308	0.007
1594987183.19269	229.450	0.003	377421.583	325.389	0.007
1594987183.23582	229.457	0.003	0.005	325.308	0.008
1594987183.24161	229.443	0.003	377421.588	325.550	0.007
1594987183.28306	229.427	0.003	377421.564	325.389	0.007
1594987183.28466	229.463	0.003	0.007	325.308	0.008
1594987183.29608	229.460	0.004	377421.576	325.469	0.008
1594987183.33505	229.449	0.003	377421.582	325.389	0.007
1594987183.35504	229.424	0.003	377421.588	325.469	0.007
1594987183.39207	229.449	0.003	377421.592	325.469	0.007
1594987183.40406	229.442	0.003	377421.574	325.389	0.007
1594987183.41671	229.431	0.004	377421.579	325.389	0.008
1594987183.45705	229.439	0.004	377421.571	325.469	0.007
1594987183.46568	229.454	0.003	377421.577	325.228	0.007
1594987183.47778	229.451	0.003	377421.593	325.308	0.008
1594987183.51708	229.487	0.003	377421.566	325.389	0.007
1594987183.52071	229.523	0.003	377421.567	325.550	0.007
1594987183.56208	229.531	0.003	0.024	325.469	0.008
1594987183.57969	229.527	0.003	377421.582	325.469	0.007
1594987183.63108	229.512	0.003	377421.575	325.469	0.008
1594987183.63270	229.507	0.003	377421.586	325.469	0.008
1594987183.64667	229.585	0.003	377421.574	325.630	0.008
1594987183.66706	229.571	0.003	377421.558	325.389	0.007
1594987183.70506	229.577	0.003	377421.585	325.550	0.007
1594987183.70571	229.598	0.004	377421.577	325.550	0.008
1594987183.71569	229.556	0.003	377421.570	325.791	0.007
1594987183.75478	229.493	0.003	377421.566	325.550	0.007
1594987183.77508	229.512	0.003	0.001	325.550	0.008
1594987183.81308	229.496	0.004	0.008	325.630	0.008
1594987183.82509	229.514	0.003	377421.587	325.630	0.008
1594987183.83574	229.497	0.003	377421.579	325.469	0.007
1594987183.87310	229.509	0.003	377421.583	325.550	0.007
1594987183.88387	229.514	0.003	377421.568	325.550	0.008
1594987183.89573	229.503	0.003	0.011	325.711	0.008
1594987183.93609	229.516	0.003	0.009	325.550	0.007
1594987183.94274	229.521	0.003	377421.563	325.550	0.007
1594987183.98208	229.511	0.003	377421.585	325.630	0.007
1594987183.98471	229.499	0.004	0.006	325.389	0.008
1594987184.02209	229.506	0.003	377421.590	325.389	0.008
1594987184.02273	229.514	0.003	0.003	325.389	0.008
1594987184.03571	229.553	0.003	377421.568	325.469	0.008
1594987184.07266	229.487	0.003	0.000	325.389	0.007
1594987184.08790	229.522	0.003	377421.584	325.469	0.008
1594987184.09689	229.560	0.003	377421.587	325.389	0.008
1594987184.13610	229.493	0.003	377421.579	325.389	0.007
1594987184.14610	229.516	0.003	0.020	325.469	0.008
1594987184.15674	229.551	0.003	377421.581	325.550	0.007
1594987184.19474	229.505	0.003	377421.577	325.630	0.008
1594987184.19575	229.486	0.004	0.003	325.550	0.008
1594987184.23310	229.457	0.003	0.019	325.389	0.007
1594987184.28110	229.468	0.003	377421.577	325.308	0.007
1594987184.28175	229.492	0.003	0.006	325.389	0.008
1594987184.28672	229.489	0.003	0.007	325.389	0.007
1594987184.31772	229.481	0.003	0.006	325.469	0.007
1594987184.35611	229.493	0.003	377421.591	325.308	0.008
1594987184.35676	229.475	0.003	0.000	325.389	0.007
1594987184.39513	229.459	0.003	377421.579	325.469	0.007
1594987184.41813	229.474	0.003	377421.579	325.389	0.007
1594987184.45614	229.478	0.003	377421.571	325.308	0.007
1594987184.47613	229.437	0.003	377421.593	325.389	0.008
1594987184.51313	229.472	0.003	377421.559	325.389	0.008
1594987184.51477	229.490	0.003	0.011	325.308	0.008
1594987184.55212	229.424	0.003	377421.571	325.389	0.007
1594987184.56474	229.459	0.003	377421.579	325.389	0.008
1594987184.57585	229.486	0.003	0.006	325.550	0.007
1594987184.61312	229.448	0.003	0.017	325.389	0.007
1594987184.65927	229.475	0.003	377421.590	325.308	0.008
1594987184.66513	229.495	0.003	0.011	325.711	0.008
1594987184.70179	229.542	0.003	377421.585	325.550	0.007
1594987184.70476	229.345	1.745	97.621	325.630	15.870
1594987184.72391	229.539	0.117	3.814	325.389	0.412
1594987184.73271	229.604	0.064	1.205	325.550	0.182
1594987184.77114	229.595	0.039	0.680	325.469	0.108
1594987184.78475	229.580	0.024	0.485	325.550	0.080
1594987184.79580	229.571	0.015	0.366	325.469	0.058
1594987184.83315	229.602	0.010	0.284	325.550	0.045
1594987184.83478	229.612	0.007	0.234	325.711	0.039
1594987184.87217	229.592	0.006	0.273	325.630	0.036
1594987184.88512	229.635	0.005	0.193	325.469	0.026
1594987184.89480	229.645	0.004	0.100	325.550	0.019
1594987184.91569	229.625	0.004	0.195	325.630	0.035
1594987184.95314	229.649	0.004	0.145	325.711	0.022
1594987184.95577	229.651	0.004	0.098	325.630	0.016
1594987184.99269	229.610	0.004	0.106	325.630	0.019
1594987184.99469	229.588	0.004	0.100	325.791	0.017
1594987185.03216	229.561	0.004	0.074	325.711	0.013
1594987185.07116	229.660	0.004	0.112	325.550	0.014
1594987185.07176	229.663	0.004	0.112	325.630	0.019
1594987185.07275	229.649	0.004	0.111	325.791	0.015
1594987185.11076	229.671	0.004	0.089	325.711	0.016
1594987185.11176	229.675	0.004	0.090	325.711	0.011
1594987185.15216	229.672	0.004	0.101	325.630	0.015
1594987185.19915	229.682	0.032	2.365	325.791	0.224
1594987185.20077	229.653	0.009	0.562	325.791	0.061
1594987185.20270	229.685	0.008	0.533	325.791	0.059
1594987185.24118	229.721	0.008	0.547	325.711	0.054
1594987185.24181	229.737	0.009	0.586	325.711	0.058
1594987185.25478	229.726	0.009	0.625	325.872	0.058
1594987185.29218	229.755	0.009	0.574	325.711	0.059
1594987185.29281	229.720	0.008	0.509	325.791	0.059
1594987185.33078	229.727	0.008	0.548	325.872	0.058
1594987185.34326	229.740	0.008	0.470	325.952	0.047
1594987185.38118	229.722	0.007	0.419	325.872	0.044
1594987185.38181	229.748	0.007	0.435	325.711	0.052
1594987185.41979	229.729	0.008	0.573	325.791	0.056
1594987185.42183	229.737	0.010	0.665	325.791	0.062
1594987185.43473	229.722	0.010	0.685	325.711	0.061
1594987185.47190	229.695	0.010	0.660	325.791	0.063
1594987185.47284	229.678	0.009	0.665	325.791	0.063
1594987185.51126	229.710	0.010	0.652	325.711	0.070
1594987185.55180	229.691	0.009	0.609	325.630	0.062
1594987185.55285	229.698	0.008	0.519	325.952	0.048
1594987185.55475	229.740	0.009	0.565	325.791	0.059
1594987185.61318	229.713	0.008	0.557	325.711	0.057
1594987185.61487	229.735	0.008	0.522	325.872	0.056
1594987185.61577	229.728	0.009	0.657	325.791	0.066
1594987185.65620	229.645	0.009	0.626	325.711	0.058
1594987185.65783	229.664	0.009	0.630	325.872	0.066
1594987185.69718	229.660	0.009	0.616	325.791	0.061
1594987185.70685	229.666	0.010	0.643	325.711	0.071
1594987185.74499	229.651	0.009	0.588	325.711	0.062
1594987185.74598	229.694	0.008	0.535	325.791	0.056
1594987185.75592	229.689	0.009	0.587	325.711	0.056
1594987185.79278	229.664	0.010	0.699	325.711	0.075
1594987185.79524	229.690	0.010	0.676	325.791	0.067
1594987185.83177	229.719	0.011	0.731	325.952	0.068
1594987185.84529	229.704	0.010	0.694	325.791	0.070
1594987185.86623	229.741	0.011	0.734	325.791	0.074
1594987185.87688	229.735	0.010	0.713	325.872	0.074
1594987185.92818	229.736	0.011	0.718	325.791	0.070
1594987185.92985	229.701	0.010	0.708	325.872	0.070
1594987185.93680	229.695	0.010	0.723	325.872	0.069
1594987185.97529	229.686	0.010	0.718	325.630	0.071
1594987185.97685	229.697	0.010	0.681	325.711	0.067
1594987186.01526	229.721	0.011	0.755	325.791	0.064
1594987186.02486	229.730	0.010	0.720	325.711	0.068
1594987186.06330	229.662	0.010	0.689	325.791	0.071
1594987186.06484	229.681	0.010	0.694	325.630	0.064
1594987186.10328	229.599	0.010	0.705	325.872	0.066
1594987186.11087	229.586	0.010	0.676	325.630	0.068
1594987186.14821	229.556	0.011	0.776	325.711	0.070
1594987186.14986	229.582	0.011	0.735	325.630	0.076
1594987186.16727	229.575	0.011	0.776	325.469	0.078
1594987186.18622	229.553	0.011	0.794	325.469	0.072
1594987186.22287	229.552	0.011	0.732	325.550	0.064
1594987186.22585	229.566	0.011	0.819	325.630	0.085
1594987186.23624	229.574	0.012	0.834	325.630	0.078
1594987186.27323	229.509	0.011	0.748	325.550	0.080
1594987186.27486	229.491	0.009	0.566	325.469	0.057
1594987186.29622	229.347	0.008	0.556	325.389	0.063
1594987186.33379	229.318	0.008	0.518	325.308	0.054
1594987186.34623	229.325	0.009	0.592	325.308	0.066
1594987186.35688	229.353	0.009	0.584	325.389	0.058
1594987186.39531	229.335	0.010	0.661	325.228	0.070
1594987186.39683	229.347	0.009	0.637	325.228	0.061
1594987186.43478	229.394	0.010	0.740	324.986	0.071
1594987186.47994	229.353	0.009	0.589	325.308	0.063
1594987186.48622	229.375	0.010	0.694	325.308	0.071
1594987186.52523	229.374	0.010	0.712	325.147	0.068
1594987186.56403	229.381	0.010	0.722	325.228	0.070
1594987186.56589	229.381	0.010	0.699	325.389	0.068
1594987186.60331	229.406	0.010	0.747	325.147	0.074
1594987186.60586	229.367	0.010	0.677	325.389	0.066
1594987186.61583	229.318	0.010	0.680	325.147	0.066
1594987186.65424	229.316	0.012	0.825	325.308	0.072
1594987186.66625	229.354	0.015	1.090	325.469	0.093
1594987186.67623	229.325	0.012	0.785	325.228	0.086
1594987186.71423	229.318	0.010	0.653	325.228	0.068
1594987186.71590	229.318	0.012	0.843	325.228	0.074
1594987186.75327	229.325	0.012	0.868	325.147	0.074
1594987186.80126	229.320	0.012	0.896	325.228	0.083
1594987186.80190	229.347	0.012	0.896	325.147	0.078
1594987186.80781	229.338	0.012	0.850	325.067	0.076
1594987186.85131	229.347	0.013	0.919	325.067	0.081
1594987186.85191	229.358	0.012	0.900	325.147	0.074
1594987186.86582	229.392	0.012	0.886	325.228	0.076
1594987186.90334	229.377	0.013	0.934	325.147	0.083
1594987186.90492	229.391	0.012	0.869	325.147	0.080
1594987186.91990	229.357	0.012	0.837	325.147	0.078
1594987186.95693	229.351	0.012	0.872	325.228	0.076
1594987186.99728	229.349	0.013	0.961	325.308	0.085
1594987186.99989	229.345	0.013	0.895	325.147	0.081
1594987187.03885	229.303	0.012	0.894	325.308	0.079
1594987187.04125	229.297	0.012	0.850	325.228	0.079
1594987187.07827	229.321	0.013	0.917	325.067	0.088
1594987187.07993	229.386	0.013	0.899	325.228	0.086
1594987187.11729	229.349	0.012	0.854	325.308	0.076
1594987187.12732	229.320	0.013	0.898	325.067	0.082
1594987187.16828	229.355	0.013	0.913	325.308	0.082
1594987187.16992	229.350	0.012	0.895	325.147	0.094
1594987187.18528	229.321	0.012	0.797	325.389	0.079
1594987187.19592	229.335	0.010	0.725	325.228	0.070
1594987187.23310	229.331	0.010	0.629	325.147	0.063
1594987187.23507	229.350	0.010	0.686	325.228	0.078
1594987187.25729	229.374	0.010	0.676	325.147	0.069
1594987187.29533	229.322	0.010	0.667	325.228	0.064
1594987187.29694	229.316	0.010	0.673	325.147	0.062
1594987187.31595	229.327	0.010	0.690	325.067	0.075
1594987187.35828	229.318	0.010	0.671	325.147	0.068
1594987187.35994	229.289	0.010	0.682	325.147	0.074
1594987187.39686	229.319	0.010	0.675	325.228	0.063
1594987187.40275	229.333	0.009	0.650	325.067	0.063
1594987187.44075	229.351	0.010	0.714	325.147	0.068
1594987187.44375	229.321	0.010	0.672	325.147	0.069
1594987187.45575	229.305	0.010	0.681	325.067	0.071
1594987187.49333	229.307	0.010	0.666	325.147	0.066
1594987187.50485	229.328	0.010	0.697	325.147	0.064
1594987187.51588	229.253	0.009	0.648	325.147	0.067
1594987187.55292	229.259	0.010	0.680	325.067	0.066
1594987187.56489	229.275	0.010	0.681	324.986	0.061
1594987187.57598	229.240	0.009	0.633	325.067	0.057
1594987187.61429	229.260	0.010	0.690	324.906	0.067
1594987187.62587	229.282	0.010	0.677	325.147	0.062
1594987187.63593	229.222	0.010	0.659	325.067	0.066
1594987187.67398	229.170	0.010	0.679	324.986	0.064
1594987187.67586	229.191	0.010	0.715	324.906	0.066
1594987187.71332	229.186	0.010	0.644	324.906	0.063
1594987187.75830	229.181	0.010	0.641	324.906	0.067
1594987187.75995	229.215	0.010	0.712	325.067	0.069
1594987187.76887	229.203	0.010	0.667	324.825	0.059
1594987187.80736	229.212	0.010	0.661	325.067	0.063
1594987187.80796	229.262	0.010	0.682	324.906	0.073
1594987187.82593	229.234	0.010	0.693	325.067	0.068
1594987187.86308	229.200	0.009	0.683	324.906	0.062
1594987187.86490	229.215	0.010	0.686	324.986	0.068
1594987187.87590	229.299	0.010	0.703	325.228	0.070
1594987187.91332	229.297	0.010	0.683	325.147	0.069
1594987187.92495	229.274	0.010	0.657	325.147	0.070
1594987187.93687	229.297	0.010	0.720	325.147	0.068
1594987187.97539	229.290	0.010	0.653	325.067	0.060
1594987187.98396	229.271	0.010	0.664	325.228	0.067
1594987187.99732	229.256	0.010	0.672	325.147	0.066
1594987188.03434	229.228	0.009	0.653	325.067	0.067
1594987188.04699	229.305	0.010	0.691	325.067	0.072
1594987188.05690	229.265	0.010	0.661	325.067	0.068
1594987188.09633	229.272	0.010	0.650	325.067	0.071
1594987188.10737	229.297	0.010	0.686	325.147	0.073
1594987188.12600	229.259	0.010	0.662	324.986	0.066
1594987188.16398	229.241	0.010	0.692	324.986	0.062
1594987188.16591	229.256	0.010	0.656	325.067	0.071
1594987188.17596	229.223	0.010	0.627	324.986	0.062
1594987188.21335	229.253	0.010	0.680	325.067	0.071
1594987188.21398	229.245	0.010	0.697	324.986	0.063
1594987188.25701	229.262	0.010	0.665	324.986	0.066
1594987188.29734	229.240	0.010	0.673	325.067	0.066
1594987188.29798	229.269	0.010	0.660	324.986	0.071
1594987188.30741	229.229	0.010	0.668	324.825	0.058
1594987188.34401	229.227	0.010	0.660	324.906	0.060
1594987188.34597	229.213	0.010	0.734	324.986	0.067
1594987188.35634	229.266	0.010	0.682	325.067	0.063
1594987188.39299	229.228	0.010	0.677	325.147	0.069
1594987188.40738	229.250	0.010	0.670	325.067	0.061
1594987188.41735	229.250	0.010	0.676	325.147	0.061
1594987188.45401	229.218	0.010	0.652	325.067	0.070
1594987188.49237	229.228	0.010	0.683	325.067	0.067
1594987188.49301	229.241	0.010	0.703	325.067	0.070
1594987188.49395	229.272	0.010	0.705	325.067	0.061
1594987188.53236	229.299	0.010	0.703	325.067	0.068
1594987188.53300	229.317	0.010	0.680	325.228	0.069
1594987188.57192	229.267	0.010	0.673	325.228	0.069
1594987188.59335	229.296	0.010	0.669	325.147	0.063
1594987188.60102	229.290	0.010	0.690	325.147	0.064
1594987188.63235	229.247	0.009	0.622	325.308	0.063
1594987188.64935	229.281	0.010	0.704	325.067	0.073
1594987188.65601	229.315	0.010	0.682	325.147	0.066
1594987188.69299	229.310	0.010	0.672	325.147	0.058
1594987188.69413	229.319	0.010	0.690	325.228	0.070
1594987188.73735	229.295	0.010	0.705	325.147	0.068
1594987188.77605	229.231	0.010	0.640	325.147	0.069
1594987188.77700	229.263	0.010	0.672	325.067	0.067
1594987188.78694	229.248	0.010	0.663	325.147	0.062
1594987188.82439	229.200	0.010	0.667	325.147	0.060
1594987188.82603	229.223	0.010	0.679	325.067	0.073
1594987188.84501	229.224	0.010	0.674	325.067	0.064
1594987188.85593	229.237	0.010	0.687	325.228	0.069
1594987188.90438	229.255	0.010	0.693	325.147	0.062
1594987188.91704	229.233	0.010	0.668	325.308	0.074
1594987188.95637	229.234	0.010	0.649	325.147	0.064
1594987188.95802	229.233	0.010	0.711	325.147	0.069
1594987188.99639	229.235	0.010	0.640	325.228	0.068
1594987189.00400	229.194	0.010	0.690	325.067	0.073
1594987189.01687	229.175	0.010	0.675	325.228	0.070
1594987189.05589	229.158	0.010	0.685	325.147	0.069
1594987189.06688	229.147	0.010	0.636	324.986	0.062
1594987189.07710	229.181	0.010	0.742	324.986	0.069
1594987189.11640	229.163	0.010	0.650	325.067	0.071
1594987189.11706	229.173	0.011	0.711	325.067	0.067
1594987189.15841	229.152	0.012	0.843	325.147	0.075
1594987189.17239	229.136	0.012	0.843	324.906	0.073
1594987189.18405	229.117	0.012	0.878	324.986	0.083
1594987189.20695	229.117	0.012	0.892	324.986	0.087
1594987189.24442	229.141	0.012	0.852	324.825	0.073
1594987189.24604	229.160	0.012	0.856	325.067	0.082
1594987189.25602	229.180	0.012	0.864	324.906	0.076
1594987189.29337	229.169	0.012	0.864	325.067	0.082
1594987189.29406	229.165	0.012	0.873	324.906	0.085
1594987189.33242	229.177	0.012	0.885	324.906	0.072
1594987189.34406	229.169	0.012	0.903	324.986	0.079
1594987189.40243	229.126	0.012	0.894	324.986	0.078
1594987189.40403	229.152	0.012	0.864	324.986	0.082
1594987189.44241	229.169	0.012	0.894	325.067	0.080
1594987189.44306	229.137	0.012	0.883	325.067	0.075
1594987189.48141	229.136	0.012	0.832	325.067	0.078
1594987189.48302	229.160	0.012	0.827	324.906	0.083
1594987189.49619	229.148	0.012	0.822	324.986	0.081
1594987189.53442	229.116	0.011	0.753	325.147	0.069
1594987189.54641	229.101	0.011	0.780	324.986	0.071
1594987189.55608	229.088	0.011	0.755	324.745	0.080
1594987189.59303	229.090	0.011	0.761	324.825	0.076
1594987189.59420	229.099	0.012	0.814	324.745	0.082
1594987189.63645	229.134	0.011	0.786	324.745	0.074
1594987189.68244	229.133	0.011	0.802	324.906	0.080
1594987189.68307	229.127	0.011	0.761	324.825	0.075
1594987189.69603	229.139	0.011	0.810	324.825	0.082
1594987189.73344	229.126	0.012	0.815	324.745	0.074
1594987189.73408	229.087	0.011	0.757	324.745	0.072
1594987189.74645	229.129	0.011	0.823	324.825	0.079
1594987189.75642	229.128	0.011	0.768	324.825	0.079
1594987189.79309	229.186	0.012	0.815	325.067	0.081
1594987189.80699	229.245	0.011	0.791	324.986	0.075
1594987189.81704	229.217	0.012	0.820	324.825	0.071
1594987189.85644	229.217	0.012	0.841	324.986	0.085
1594987189.86701	229.257	0.012	0.815	324.986	0.082
1594987189.87702	229.253	0.011	0.806	325.067	0.072
1594987189.91406	229.281	0.012	0.798	325.067	0.071
1594987189.91610	229.293	0.011	0.807	325.147	0.076
1594987189.95344	229.300	0.011	0.767	325.147	0.071
1594987190.00044	229.306	0.011	0.799	324.986	0.073
1594987190.00209	229.316	0.012	0.811	324.986	0.073
1594987190.00899	229.278	0.012	0.805	325.067	0.071
1594987190.01803	229.292	0.011	0.792	325.067	0.076
1594987190.05648	229.279	0.011	0.823	324.986	0.078
1594987190.07845	229.286	0.011	0.799	325.067	0.067
1594987190.11610	229.301	0.011	0.793	324.986	0.070
1594987190.12711	229.315	0.012	0.847	324.986	0.078
1594987190.13701	229.326	0.011	0.794	324.986	0.075
1594987190.17447	229.342	0.012	0.811	325.228	0.076
1594987190.18644	229.320	0.011	0.839	325.308	0.069
1594987190.19611	229.277	0.011	0.768	325.147	0.076
1594987190.23345	229.301	0.011	0.796	325.147	0.080
1594987190.23410	229.276	0.011	0.780	325.147	0.071
1594987190.27349	229.302	0.012	0.810	325.147	0.070
1594987190.28709	229.360	0.012	0.812	325.228	0.074
1594987190.29716	229.331	0.011	0.795	325.228	0.082
1594987190.33447	229.319	0.011	0.767	325.147	0.072
1594987190.34709	229.352	0.012	0.820	325.147	0.082
1594987190.35719	229.308	0.012	0.834	325.228	0.072
1594987190.39447	229.330	0.014	1.050	325.308	0.094
1594987190.39612	229.341	0.015	1.083	325.228	0.098
1594987190.43308	229.338	0.015	1.137	325.147	0.100
1594987190.47850	229.325	0.018	1.375	325.228	0.115
1594987190.47912	229.346	0.013	0.928	325.228	0.081
1594987190.48647	229.358	0.013	0.970	325.147	0.090
1594987190.52314	229.364	0.014	0.981	325.228	0.092
1594987190.52410	229.346	0.013	0.937	325.228	0.087
1594987190.53750	229.342	0.013	0.935	325.308	0.084
1594987190.57449	229.337	0.010	0.753	325.228	0.072
1594987190.57613	229.385	0.010	0.743	325.228	0.073
1594987190.61350	229.375	0.010	0.746	325.147	0.076
1594987190.62415	229.350	0.010	0.704	325.308	0.061
1594987190.67749	229.293	0.010	0.719	325.308	0.069
1594987190.67910	229.222	0.010	0.686	325.228	0.063
1594987190.68113	229.237	0.011	0.755	324.986	0.078
1594987190.73131	229.231	0.014	1.003	325.228	0.094
1594987190.73208	229.208	0.014	0.987	325.147	0.084
1594987190.76953	229.196	0.011	0.765	324.986	0.068
1594987190.77212	229.245	0.014	0.960	325.067	0.090
1594987190.77907	229.235	0.013	0.891	324.906	0.088
1594987190.81813	229.224	0.013	0.941	324.986	0.085
1594987190.83213	229.209	0.014	1.015	324.906	0.091
1594987190.83916	229.219	0.014	1.024	325.067	0.085
1594987190.87750	229.229	0.014	0.964	325.067	0.093
1594987190.87815	229.282	0.013	0.976	325.067	0.091
1594987190.91611	229.254	0.013	0.935	325.067	0.079
1594987190.95450	229.230	0.013	0.956	324.906	0.082
1594987190.95615	229.214	0.014	1.020	324.906	0.091
1594987190.96652	229.201	0.014	1.060	324.986	0.094
1594987190.97751	229.210	0.014	1.009	325.067	0.091
1594987191.01416	229.224	0.014	1.013	325.067	0.090
1594987191.02714	229.241	0.014	1.034	324.986	0.084
1594987191.03709	229.276	0.014	1.053	325.067	0.097
1594987191.07452	229.210	0.013	0.984	324.986	0.090
1594987191.08550	229.155	0.011	0.813	324.906	0.084
1594987191.09715	229.128	0.011	0.760	324.825	0.067
1594987191.13452	229.142	0.011	0.741	325.067	0.074
1594987191.17254	229.136	0.010	0.751	324.825	0.071
1594987191.17317	229.111	0.010	0.706	324.745	0.068
1594987191.22131	229.108	0.010	0.716	324.986	0.072
1594987191.22210	229.153	0.011	0.713	324.906	0.071
1594987191.22309	229.146	0.011	0.775	324.906	0.076
1594987191.26153	229.123	0.010	0.736	324.906	0.070
1594987191.26217	229.078	0.010	0.732	324.906	0.076
1594987191.29933	229.071	0.011	0.726	324.906	0.070
1594987191.30109	229.034	0.010	0.714	324.906	0.070
1594987191.33853	229.046	0.012	0.836	324.906	0.074
1594987191.37854	229.062	0.011	0.781	324.906	0.083
1594987191.37922	229.052	0.011	0.735	324.906	0.071
1594987191.38109	229.105	0.011	0.745	324.906	0.070
1594987191.41854	229.124	0.010	0.740	324.825	0.070
1594987191.41921	229.081	0.010	0.735	324.986	0.072
1594987191.45754	229.081	0.010	0.743	325.067	0.071
1594987191.45818	229.122	0.011	0.757	324.745	0.071
1594987191.49657	229.165	0.011	0.740	324.825	0.067
1594987191.51356	229.155	0.010	0.723	325.067	0.070
1594987191.52220	229.158	0.011	0.726	324.825	0.072
1594987191.55916	229.178	0.012	0.875	324.906	0.083
1594987191.56118	229.174	0.014	1.040	324.986	0.093
1594987191.59854	229.192	0.014	1.053	325.067	0.090
1594987191.63755	229.188	0.014	1.045	324.906	0.091
1594987191.63819	229.141	0.014	1.044	324.906	0.094
1594987191.63913	229.132	0.014	1.037	324.825	0.093
1594987191.67716	229.129	0.015	1.099	325.067	0.095
1594987191.67829	229.157	0.014	0.993	324.986	0.090
1594987191.71655	229.166	0.012	0.890	325.067	0.085
1594987191.72119	229.138	0.012	0.856	324.906	0.078
1594987191.75822	229.154	0.012	0.853	324.906	0.084
1594987191.76618	229.138	0.012	0.876	324.986	0.074
1594987191.80359	229.115	0.012	0.859	324.986	0.078
1594987191.80420	229.139	0.012	0.833	324.825	0.076
1594987191.84217	229.148	0.012	0.871	324.906	0.083
1594987191.84331	229.130	0.012	0.863	324.825	0.075
1594987191.88124	229.160	0.012	0.854	324.986	0.072
1594987191.88212	229.148	0.012	0.884	324.906	0.083
1594987191.91959	229.156	0.012	0.871	324.825	0.079
1594987191.92218	229.147	0.012	0.870	324.825	0.079
1594987191.95914	229.147	0.012	0.903	324.906	0.078
1594987191.96114	229.165	0.012	0.877	324.906	0.069
1594987191.99855	229.146	0.012	0.892	324.906	0.085
1594987191.99928	229.156	0.012	0.899	324.825	0.084
1594987192.03716	229.197	0.012	0.895	324.825	0.079
1594987192.03815	229.201	0.012	0.874	324.825	0.074
1594987192.07857	229.273	0.013	0.943	324.906	0.086
1594987192.08919	229.283	0.012	0.875	324.986	0.076
1594987192.12760	229.235	0.012	0.855	324.986	0.084
1594987192.12821	229.234	0.012	0.868	324.906	0.080
1594987192.16612	229.243	0.012	0.849	324.986	0.073
1594987192.16712	229.260	0.012	0.904	325.067	0.081
1594987192.17715	229.280	0.012	0.880	324.986	0.080
1594987192.21458	229.249	0.012	0.838	325.147	0.081
1594987192.22728	229.252	0.013	0.877	325.067	0.080
1594987192.26460	229.249	0.012	0.860	325.067	0.073
1594987192.26616	229.255	0.012	0.880	325.228	0.085
1594987192.30342	229.227	0.012	0.815	325.147	0.080
1594987192.30629	229.289	0.012	0.892	325.067	0.084
1594987192.31616	229.281	0.012	0.884	325.228	0.078
1594987192.35458	229.261	0.012	0.877	325.067	0.075
1594987192.36558	229.281	0.012	0.880	324.986	0.081
1594987192.37724	229.326	0.012	0.889	325.228	0.091
1594987192.41459	229.265	0.012	0.825	325.147	0.074
1594987192.41625	229.280	0.012	0.870	325.147	0.075
1594987192.45359	229.244	0.012	0.878	325.067	0.079
1594987192.49258	229.225	0.012	0.825	324.986	0.076
1594987192.49323	229.233	0.012	0.858	324.986	0.081
1594987192.53156	229.265	0.012	0.910	325.067	0.074
1594987192.53225	229.229	0.012	0.873	325.067	0.080
1594987192.54326	229.257	0.012	0.877	325.067	0.076
1594987192.56160	229.253	0.012	0.891	325.147	0.084
1594987192.59826	229.170	0.012	0.818	324.986	0.070
1594987192.59927	229.154	0.012	0.832	325.147	0.078
1594987192.63760	229.204	0.012	0.856	325.228	0.073
1594987192.63825	229.127	0.012	0.823	324.986	0.083
1594987192.67622	229.128	0.012	0.914	324.986	0.085
1594987192.68859	229.178	0.013	0.962	325.067	0.088
1594987192.72663	229.187	0.012	0.828	324.986	0.079
1594987192.73864	229.189	0.011	0.758	325.147	0.078
1594987192.77629	229.154	0.013	0.919	325.147	0.091
1594987192.79662	229.174	0.014	1.053	324.906	0.090
1594987192.83363	229.202	0.016	1.248	324.906	0.106
1594987192.84562	229.232	0.017	1.274	324.986	0.104
1594987192.85628	229.280	0.017	1.286	325.067	0.109
1594987192.89461	229.263	0.016	1.169	325.067	0.095
1594987192.93263	229.300	0.019	1.438	325.067	0.120
1594987192.94428	229.292	0.017	1.286	325.228	0.108
1594987192.98225	229.253	0.017	1.272	325.067	0.108
1594987192.98335	229.268	0.017	1.271	325.147	0.106
1594987193.02164	229.265	0.017	1.313	325.067	0.104
1594987193.02331	229.272	0.017	1.343	325.147	0.114
1594987193.05362	229.277	0.017	1.301	325.228	0.108
1594987193.09166	229.302	0.018	1.364	325.228	0.114
1594987193.09327	229.267	0.018	1.314	324.986	0.105
1594987193.09428	229.289	0.018	1.320	325.067	0.115
1594987193.13264	229.283	0.017	1.309	325.067	0.109
1594987193.13328	229.280	0.017	1.268	324.986	0.107
1594987193.17129	229.252	0.017	1.290	324.986	0.107
1594987193.18364	229.268	0.018	1.343	325.147	0.115
1594987193.22739	229.261	0.017	1.277	324.986	0.105
1594987193.22819	229.262	0.017	1.280	324.986	0.116
1594987193.26628	229.273	0.018	1.348	324.986	0.118
1594987193.26725	229.262	0.018	1.370	324.986	0.110
1594987193.27727	229.297	0.021	1.558	325.067	0.133
1594987193.31465	229.327	0.020	1.435	324.986	0.127
1594987193.31630	229.335	0.019	1.466	325.067	0.122
1594987193.35365	229.288	0.019	1.425	324.986	0.116
1594987193.40166	229.254	0.019	1.433	325.147	0.119
1594987193.40333	229.250	0.019	1.441	325.067	0.118
1594987193.45366	229.280	0.019	1.467	324.986	0.123
1594987193.45430	229.280	0.018	1.408	325.147	0.121
1594987193.46125	229.271	0.019	1.433	324.986	0.112
1594987193.50165	229.274	0.019	1.434	325.067	0.117
1594987193.50230	229.323	0.020	1.494	325.147	0.126
1594987193.54167	229.315	0.019	1.442	325.147	0.118
1594987193.54232	229.334	0.019	1.444	325.228	0.119
1594987193.58367	229.333	0.020	1.495	325.308	0.120
1594987193.58431	229.321	0.020	1.506	325.067	0.122
1594987193.59726	229.352	0.019	1.424	325.228	0.118
1594987193.63468	229.372	0.019	1.475	325.308	0.127
1594987193.63632	229.310	0.018	1.385	325.228	0.117
1594987193.67365	229.275	0.019	1.389	325.308	0.110
1594987193.71767	229.278	0.019	1.460	325.147	0.124
1594987193.71831	229.316	0.020	1.552	325.067	0.126
1594987193.75669	229.277	0.021	1.623	325.147	0.126
1594987193.75829	229.263	0.020	1.562	324.906	0.121
1594987193.75926	229.271	0.022	1.693	325.067	0.136
1594987193.79767	229.303	0.023	1.800	325.067	0.138
1594987193.79832	229.320	0.021	1.634	324.906	0.134
1594987193.83627	229.330	0.022	1.712	325.067	0.133
1594987193.84768	229.284	0.021	1.635	325.067	0.126
1594987193.85733	229.267	0.021	1.638	324.986	0.136
1594987193.90468	229.283	0.022	1.702	325.067	0.133
1594987193.90633	229.267	0.021	1.659	325.147	0.135
1594987193.91729	229.296	0.021	1.620	325.147	0.128
1594987193.95426	229.316	0.022	1.691	325.067	0.134
1594987193.95614	229.258	0.021	1.593	324.986	0.123
1594987193.99314	229.261	0.021	1.667	325.067	0.133
1594987194.03870	229.256	0.022	1.675	324.986	0.135
1594987194.04167	229.261	0.021	1.629	324.986	0.129
1594987194.04232	229.253	0.021	1.617	324.986	0.133
1594987194.08173	229.275	0.022	1.712	324.906	0.132
1594987194.08336	229.327	0.022	1.757	324.986	0.138
1594987194.12133	229.293	0.020	1.581	325.147	0.122
1594987194.12734	229.335	0.022	1.702	325.147	0.130
1594987194.16471	229.252	0.022	1.662	325.147	0.139
1594987194.16734	229.240	0.022	1.695	325.147	0.135
1594987194.17728	229.242	0.022	1.682	324.986	0.132
1594987194.21470	229.247	0.027	2.157	324.986	0.176
1594987194.22734	229.255	0.030	2.489	324.906	0.178
1594987194.23771	229.233	0.030	2.474	325.067	0.176
1594987194.27471	229.280	0.031	2.481	324.906	0.178
1594987194.27637	229.297	0.030	2.348	324.906	0.170
1594987194.31370	229.273	0.029	2.372	324.825	0.167
1594987194.33233	229.301	0.030	2.394	324.906	0.175
1594987194.34126	229.247	0.030	2.373	324.745	0.173
1594987194.37871	229.258	0.030	2.458	324.825	0.173
1594987194.38735	229.264	0.028	2.252	324.825	0.174
1594987194.39726	229.266	0.023	1.814	324.745	0.136
1594987194.43470	229.296	0.022	1.745	324.986	0.133
1594987194.44335	229.280	0.022	1.700	324.906	0.133
1594987194.48171	229.276	0.022	1.724	325.147	0.134
1594987194.50272	229.230	0.021	1.677	324.906	0.131
1594987194.53972	229.234	0.022	1.695	324.825	0.135
1594987194.54337	229.238	0.022	1.649	324.906	0.139
1594987194.58172	229.242	0.022	1.700	324.906	0.134
1594987194.58234	229.268	0.022	1.704	324.825	0.131
1594987194.61935	229.235	0.021	1.666	324.825	0.129
1594987194.62141	229.253	0.022	1.688	324.825	0.132
1594987194.65872	229.255	0.022	1.705	324.906	0.135
1594987194.65937	229.239	0.022	1.665	324.665	0.131
1594987194.69772	229.245	0.022	1.705	324.745	0.131
1594987194.69836	229.208	0.021	1.683	324.745	0.127
1594987194.73637	229.227	0.022	1.721	324.745	0.132
1594987194.74640	229.261	0.022	1.690	324.825	0.135
1594987194.78472	229.273	0.022	1.725	324.745	0.129
1594987194.78638	229.253	0.021	1.681	325.067	0.129
1594987194.80874	229.259	0.022	1.703	324.745	0.129
1594987194.84738	229.295	0.022	1.715	324.906	0.128
1594987194.84838	229.308	0.022	1.671	324.906	0.131
1594987194.85776	229.302	0.022	1.693	324.986	0.135
1594987194.89474	229.338	0.021	1.686	324.906	0.131
1594987194.89638	229.347	0.022	1.682	325.067	0.128
1594987194.93473	229.397	0.022	1.690	325.147	0.132
1594987194.94340	229.414	0.022	1.726	325.147	0.133
1594987194.98179	229.404	0.022	1.677	325.067	0.136
1594987194.98342	229.393	0.022	1.670	325.228	0.134
1594987195.02374	229.365	0.022	1.704	325.067	0.131
1594987195.02440	229.369	0.022	1.645	325.067	0.134
1594987195.03737	229.390	0.022	1.716	325.067	0.133
1594987195.07473	229.395	0.022	1.676	325.147	0.132
1594987195.11241	229.396	0.022	1.684	325.228	0.133
1594987195.11339	229.403	0.021	1.664	325.147	0.136
1594987195.12733	229.412	0.022	1.694	324.986	0.134
1594987195.17775	229.379	0.022	1.689	325.067	0.133
1594987195.17840	229.396	0.022	1.705	324.906	0.139
1594987195.17939	229.370	0.021	1.641	324.906	0.129
1594987195.21838	229.369	0.022	1.754	324.986	0.133
1594987195.21937	229.382	0.022	1.743	324.906	0.133
1594987195.25780	229.376	0.021	1.591	325.147	0.124
1594987195.26341	229.359	0.023	1.820	324.906	0.138
1594987195.30275	229.385	0.024	1.861	324.986	0.139
1594987195.30342	229.381	0.023	1.787	324.986	0.141
1594987195.34181	229.367	0.024	1.839	324.986	0.142
1594987195.37979	229.382	0.027	2.215	324.986	0.155
1594987195.38642	229.436	0.031	2.506	324.906	0.180
1594987195.42379	229.464	0.033	2.660	325.147	0.187
1594987195.42641	229.453	0.030	2.442	325.228	0.176
1594987195.46480	229.450	0.029	2.316	325.228	0.174
1594987195.46641	229.467	0.028	2.255	325.308	0.168
1594987195.50678	229.461	0.029	2.310	325.308	0.170
1594987195.50742	229.504	0.033	2.612	325.308	0.192
1594987195.51740	229.487	0.033	2.754	325.147	0.187
1594987195.55451	229.531	0.033	2.701	325.228	0.179
1594987195.56637	229.566	0.032	2.622	325.308	0.179
1594987195.60351	229.546	0.032	2.569	325.228	0.181
1594987195.60440	229.503	0.032	2.602	325.389	0.185
1594987195.64478	229.497	0.033	2.610	325.308	0.182
1594987195.64643	229.445	0.032	2.599	325.067	0.179
1594987195.66635	229.437	0.031	2.518	325.308	0.181
1594987195.70679	229.432	0.032	2.592	325.308	0.179
1594987195.70746	229.435	0.032	2.573	325.147	0.185
1594987195.72833	229.428	0.033	2.715	325.228	0.182
1594987195.73836	229.417	0.032	2.617	325.147	0.181
1594987195.77677	229.385	0.032	2.655	325.228	0.183
1594987195.77837	229.434	0.032	2.623	325.147	0.185
1594987195.79878	229.426	0.032	2.582	325.067	0.182
1594987195.84578	229.437	0.031	2.519	325.147	0.177
1594987195.88380	229.420	0.029	2.344	325.147	0.171
1594987195.88443	229.426	0.029	2.298	325.308	0.167
1594987195.89740	229.480	0.030	2.420	325.147	0.176
1594987195.93537	229.469	0.028	2.291	325.228	0.166
1594987195.94376	229.497	0.029	2.352	325.308	0.169
1594987195.98179	229.456	0.029	2.350	325.308	0.170
1594987196.03157	229.486	0.029	2.362	325.228	0.177
1594987196.03237	229.471	0.029	2.296	325.228	0.166
1594987196.04347	229.476	0.032	2.580	325.147	0.179
1594987196.08181	229.431	0.031	2.428	325.147	0.181
1594987196.12183	229.360	0.030	2.404	324.986	0.185
1594987196.12247	229.353	0.029	2.344	324.986	0.168
1594987196.16081	229.371	0.026	2.090	325.228	0.152
1594987196.16246	229.353	0.026	2.061	325.067	0.161
1594987196.19982	229.370	0.027	2.132	325.067	0.157
1594987196.20146	229.364	0.028	2.236	324.986	0.158
1594987196.23844	229.320	0.028	2.240	324.986	0.158
1594987196.24551	229.295	0.029	2.369	325.067	0.169
1594987196.25743	229.278	0.032	2.598	324.745	0.190
1594987196.29459	229.234	0.030	2.387	325.067	0.177
1594987196.33381	229.304	0.030	2.409	325.067	0.174
1594987196.33447	229.371	0.028	2.251	325.067	0.162
1594987196.33643	229.397	0.027	2.140	325.228	0.176
1594987196.37481	229.387	0.025	1.938	325.228	0.150
1594987196.37652	229.407	0.026	2.076	325.228	0.154
1594987196.41881	229.363	0.025	1.950	325.147	0.151
1594987196.42448	229.351	0.024	1.887	325.228	0.147
1594987196.46247	229.309	0.024	1.873	325.147	0.142
1594987196.46350	229.285	0.024	1.860	325.067	0.150
1594987196.50183	229.327	0.025	1.949	325.067	0.147
1594987196.50248	229.401	0.027	2.103	324.986	0.155
1594987196.54083	229.416	0.025	2.004	325.147	0.148
1594987196.54248	229.384	0.024	1.932	325.228	0.144
1594987196.58043	229.385	0.023	1.840	325.147	0.143
1594987196.58883	229.389	0.025	1.935	325.067	0.150
1594987196.62587	229.349	0.024	1.897	325.067	0.147
1594987196.62847	229.329	0.024	1.889	324.986	0.139
1594987196.63840	229.369	0.024	1.946	325.067	0.147
1594987196.67582	229.356	0.023	1.821	324.986	0.141
1594987196.68349	229.375	0.024	1.906	325.147	0.146
1594987196.72067	229.385	0.027	2.134	325.067	0.157
1594987196.72353	229.356	0.032	2.534	324.986	0.181
1594987196.76243	229.361	0.031	2.517	325.067	0.185
1594987196.76383	229.377	0.030	2.476	324.825	0.176
1594987196.78644	229.390	0.030	2.511	324.986	0.176
1594987196.79885	229.369	0.031	2.491	325.067	0.177
1594987196.83591	229.390	0.031	2.499	325.067	0.177
1594987196.84887	229.406	0.031	2.467	325.067	0.182
1594987196.85884	229.408	0.031	2.518	325.147	0.180
1594987196.89685	229.411	0.031	2.526	325.147	0.185
1594987196.90871	229.434	0.031	2.517	325.147	0.173
1594987196.91851	229.425	0.031	2.531	325.147	0.178
1594987196.95684	229.390	0.031	2.508	325.228	0.182
1594987196.95851	229.399	0.032	2.534	325.308	0.188
1594987196.99550	229.373	0.032	2.567	325.147	0.187
1594987197.00888	229.352	0.033	2.615	325.147	0.186
1594987197.01851	229.369	0.033	2.592	325.067	0.185
1594987197.05886	229.376	0.031	2.542	325.067	0.185
1594987197.06887	229.425	0.032	2.585	325.228	0.180
1594987197.07852	229.456	0.032	2.619	325.308	0.177
1594987197.12587	229.445	0.033	2.722	325.228	0.180
1594987197.16388	229.440	0.033	2.758	325.228	0.191
1594987197.16548	229.470	0.033	2.775	325.067	0.192
1594987197.17765	229.441	0.034	2.756	325.228	0.190
1594987197.21587	229.429	0.033	2.682	324.986	0.186
1594987197.22596	229.456	0.033	2.742	325.067	0.185
1594987197.26794	229.405	0.034	2.794	325.228	0.198
1594987197.26944	229.403	0.033	2.735	325.147	0.197
1594987197.27847	229.432	0.034	2.808	325.067	0.195
1594987197.31541	229.426	0.034	2.796	325.228	0.192
1594987197.32735	229.411	0.033	2.739	325.308	0.190
1594987197.33735	229.384	0.033	2.680	325.067	0.185
1594987197.37590	229.380	0.032	2.585	325.067	0.187
1594987197.38852	229.413	0.031	2.557	325.067	0.179
1594987197.39858	229.433	0.032	2.568	325.067	0.182
1594987197.44489	229.440	0.033	2.658	325.147	0.179
1594987197.48255	229.351	0.031	2.579	324.906	0.182
1594987197.48450	229.392	0.031	2.498	324.986	0.176
1594987197.49766	229.368	0.031	2.524	325.147	0.181
1594987197.53590	229.388	0.031	2.507	324.986	0.180
1594987197.54789	229.439	0.032	2.591	325.147	0.188
1594987197.55856	229.413	0.031	2.559	324.986	0.181
1594987197.59650	229.304	0.030	2.431	324.986	0.171
1594987197.59872	229.338	0.032	2.590	324.906	0.185
1594987197.63663	229.337	0.032	2.589	324.986	0.180
1594987197.67496	229.339	0.031	2.489	325.067	0.181
1594987197.67557	229.323	0.031	2.495	324.986	0.177
1594987197.71591	229.356	0.031	2.557	324.986	0.180
1594987197.72991	229.338	0.031	2.520	325.067	0.176
1594987197.76792	229.334	0.031	2.562	325.067	0.183
1594987197.76855	229.335	0.032	2.570	324.986	0.181
1594987197.80553	229.377	0.032	2.582	324.906	0.183
1594987197.80765	229.377	0.032	2.559	325.147	0.182
1594987197.81749	229.333	0.029	2.330	324.906	0.175
1594987197.85592	229.368	0.024	1.920	325.147	0.151
1594987197.85756	229.380	0.024	1.836	325.067	0.142
1594987197.89493	229.373	0.024	1.865	325.067	0.140
1594987197.89558	229.368	0.023	1.846	325.228	0.143
1594987197.93392	229.391	0.023	1.832	325.228	0.141
1594987197.93457	229.385	0.024	1.820	325.228	0.143
1594987197.97255	229.371	0.023	1.816	325.067	0.139
1594987197.97363	229.372	0.023	1.790	325.067	0.142
1594987198.01292	229.367	0.023	1.797	325.067	0.139
1594987198.04970	229.339	0.023	1.790	325.067	0.136
1594987198.05051	229.357	0.023	1.805	325.147	0.141
1594987198.05584	229.347	0.023	1.789	325.067	0.141
1594987198.09393	229.332	0.023	1.811	325.067	0.139
1594987198.09457	229.388	0.023	1.856	325.067	0.138
1594987198.13292	229.450	0.023	1.789	325.067	0.142
1594987198.14381	229.440	0.023	1.782	324.906	0.145
1594987198.18096	229.426	0.023	1.835	324.906	0.139
1594987198.18261	229.424	0.023	1.830	325.067	0.138
1594987198.22395	229.429	0.023	1.835	325.067	0.139
1594987198.22459	229.413	0.023	1.805	325.067	0.140
1594987198.23757	229.410	0.023	1.845	325.067	0.140
1594987198.27495	229.384	0.023	1.802	325.067	0.136
1594987198.27559	229.412	0.023	1.783	325.147	0.140
1594987198.32593	229.434	0.023	1.810	325.228	0.136
1594987198.32856	229.405	0.023	1.804	325.228	0.141
1594987198.34852	229.402	0.023	1.781	325.147	0.138
1594987198.35753	229.387	0.023	1.786	325.228	0.135
1594987198.39595	229.383	0.023	1.836	325.067	0.142
1594987198.39760	229.375	0.025	2.004	325.147	0.158
1594987198.43455	229.349	0.023	1.845	325.067	0.144
1594987198.44795	229.365	0.024	1.842	325.147	0.139
1594987198.45760	229.361	0.024	1.861	324.986	0.143
1594987198.49596	229.364	0.023	1.819	325.067	0.139
1594987198.50895	229.409	0.023	1.822	325.147	0.133
1594987198.51961	229.472	0.023	1.817	325.228	0.135
1594987198.57898	229.433	0.024	1.885	325.067	0.142
1594987198.57961	229.436	0.023	1.857	325.067	0.138
1594987198.59255	229.443	0.024	1.878	325.147	0.142
1594987198.63099	229.430	0.023	1.762	325.228	0.136
1594987198.63260	229.415	0.023	1.804	325.067	0.139
1594987198.67395	229.456	0.024	1.884	325.067	0.144
1594987198.67558	229.469	0.023	1.829	325.147	0.142
1594987198.71564	229.467	0.023	1.868	325.147	0.141
1594987198.71756	229.453	0.024	1.835	325.147	0.148
1594987198.75456	229.354	0.026	2.013	325.147	0.158
1594987198.76798	229.382	0.025	1.940	325.067	0.148
1594987198.77763	229.400	0.023	1.837	325.147	0.143
1594987198.81596	229.397	0.023	1.808	325.228	0.142
1594987198.82759	229.405	0.024	1.840	325.147	0.138
1594987198.83756	229.388	0.024	1.863	325.067	0.142
1594987198.87697	229.371	0.023	1.816	325.147	0.143
1594987198.87862	229.391	0.024	1.852	325.147	0.144
1594987198.91560	229.412	0.024	1.881	325.147	0.142
1594987198.95499	229.438	0.024	1.881	325.228	0.146
1594987198.95609	229.422	0.024	1.871	325.228	0.141
1594987198.96359	229.392	0.023	1.846	325.147	0.136
1594987199.00056	229.384	0.023	1.827	325.067	0.140
1594987199.00245	229.568	0.024	1.912	325.147	0.139
1594987199.04098	229.607	0.024	1.959	325.389	0.145
1594987199.04267	229.628	0.027	2.213	325.469	0.155
1594987199.08501	229.623	0.026	2.060	325.469	0.152
1594987199.08659	229.611	0.027	2.194	325.469	0.166
1594987199.09852	229.623	0.025	1.947	325.711	0.150
1594987199.13798	229.633	0.025	1.982	325.389	0.152
1594987199.14856	229.591	0.027	2.167	325.469	0.163
1594987199.15861	229.584	0.031	2.508	325.308	0.178
1594987199.22023	229.587	0.032	2.683	325.389	0.185
1594987199.22059	229.580	0.033	2.718	325.469	0.190
1594987199.22256	229.616	0.030	2.394	325.469	0.175
1594987199.26077	229.581	0.032	2.593	325.469	0.188
1594987199.26257	229.618	0.029	2.327	325.550	0.169
1594987199.30299	229.621	0.029	2.394	325.630	0.174
1594987199.31557	229.612	0.029	2.398	325.550	0.171
1594987199.35400	229.616	0.029	2.393	325.550	0.166
1594987199.35760	229.596	0.029	2.270	325.711	0.165
1594987199.39502	229.553	0.026	2.060	325.469	0.155
1594987199.40701	229.536	0.027	2.089	325.469	0.164
1594987199.41867	229.519	0.027	2.176	325.469	0.158
1594987199.46702	229.492	0.029	2.376	325.469	0.174
1594987199.50501	229.466	0.027	2.156	325.469	0.161
1594987199.50566	229.455	0.027	2.200	325.308	0.162
1594987199.51763	229.451	0.029	2.343	325.308	0.165
1594987199.55476	229.478	0.027	2.154	325.308	0.151
1594987199.60104	229.456	0.028	2.263	325.308	0.164
1594987199.60267	229.485	0.029	2.315	325.228	0.170
1594987199.60462	229.479	0.028	2.292	325.147	0.159
1594987199.64402	229.492	0.027	2.159	325.308	0.162
1594987199.64467	229.514	0.025	2.030	325.389	0.150
1594987199.66661	229.474	0.024	1.939	325.469	0.146
1594987199.70504	229.466	0.023	1.837	325.469	0.145
1594987199.70567	229.500	0.024	1.867	325.389	0.145
1594987199.72657	229.499	0.023	1.829	325.389	0.134
1594987199.77502	229.531	0.023	1.830	325.469	0.138
1594987199.77664	229.496	0.023	1.814	325.389	0.140
1594987199.77858	229.517	0.023	1.836	325.469	0.146
1594987199.79802	229.507	0.024	1.889	325.469	0.140
1594987199.83560	229.534	0.024	1.879	325.308	0.140
1594987199.83760	229.527	0.023	1.809	325.550	0.142
1594987199.87484	229.508	0.024	1.873	325.469	0.144
1594987199.92004	229.493	0.027	2.136	325.550	0.158
1594987199.92068	229.590	0.028	2.263	325.469	0.162
1594987199.96003	229.586	0.031	2.519	325.550	0.175
1594987199.96068	229.594	0.032	2.624	325.550	0.183
1594987199.99905	229.583	0.032	2.611	325.469	0.177
1594987200.00069	229.508	0.032	2.621	325.550	0.185
1594987200.03884	229.521	0.029	2.362	325.469	0.170
1594987200.07777	229.574	0.029	2.357	325.469	0.183
1594987200.07863	229.567	0.030	2.402	325.308	0.173
1594987200.08910	229.578	0.032	2.571	325.469	0.183
1594987200.13508	229.611	0.033	2.747	325.630	0.189
1594987200.13569	229.575	0.033	2.682	325.469	0.186
1594987200.13765	229.568	0.032	2.559	325.630	0.181
1594987200.15806	229.559	0.030	2.445	325.469	0.182
1594987200.19506	229.575	0.029	2.350	325.630	0.173
1594987200.20667	229.590	0.028	2.266	325.308	0.156
1594987200.21880	229.568	0.030	2.413	325.469	0.171
1594987200.25806	229.597	0.031	2.473	325.630	0.179
1594987200.26869	229.594	0.033	2.706	325.550	0.195
1594987200.27878	229.634	0.034	2.680	325.550	0.195
1594987200.32306	229.623	0.030	2.378	325.630	0.189
1594987200.36071	229.581	0.024	1.876	325.550	0.141
1594987200.36470	229.572	0.025	1.958	325.469	0.148
1594987200.40308	229.566	0.024	1.837	325.550	0.145
1594987200.40467	229.644	0.024	1.881	325.469	0.145
1594987200.44284	229.653	0.024	1.871	325.469	0.146
1594987200.44364	229.665	0.026	2.087	325.630	0.153
1594987200.48307	229.635	0.026	2.138	325.550	0.154
1594987200.48370	229.641	0.026	2.114	325.630	0.152
1594987200.52110	229.652	0.028	2.273	325.469	0.161
1594987200.52371	229.660	0.030	2.408	325.630	0.179
1594987200.56063	229.689	0.030	2.452	325.630	0.178
1594987200.57507	229.663	0.028	2.321	325.550	0.171
1594987200.58571	229.672	0.030	2.434	325.308	0.173
1594987200.59908	229.653	0.029	2.382	325.550	0.162
1594987200.63758	229.627	0.031	2.501	325.550	0.174
1594987200.63855	229.567	0.032	2.533	325.550	0.185
1594987200.67555	229.555	0.032	2.584	325.469	0.191
1594987200.72286	229.593	0.040	3.467	325.550	0.222
1594987200.72467	229.581	0.036	2.952	325.389	0.207
1594987200.72671	229.564	0.027	2.203	325.550	0.161
1594987200.76910	229.599	0.027	2.151	325.389	0.165
1594987200.76973	229.551	0.027	2.187	325.711	0.163
1594987200.80908	229.588	0.027	2.153	325.550	0.158
1594987200.80973	229.569	0.027	2.174	325.469	0.154
1594987200.84768	229.559	0.027	2.149	325.469	0.156
1594987200.85007	229.597	0.027	2.171	325.389	0.161
1594987200.85872	229.605	0.027	2.154	325.389	0.156
1594987200.89111	229.639	0.028	2.206	325.469	0.157
1594987200.89988	229.613	0.027	2.133	325.389	0.154
1594987200.93776	229.601	0.027	2.154	325.389	0.156
1594987200.94710	229.615	0.027	2.138	325.469	0.157
1594987200.95774	229.612	0.027	2.171	325.630	0.166
1594987200.99476	229.606	0.027	2.157	325.469	0.161
1594987201.00711	229.662	0.027	2.177	325.630	0.162
1594987201.01811	229.596	0.026	2.087	325.550	0.158
1594987201.05910	229.625	0.027	2.171	325.550	0.163
1594987201.07010	229.633	0.027	2.129	325.469	0.156
1594987201.07978	229.563	0.026	2.085	325.389	0.161
1594987201.11910	229.516	0.027	2.117	325.228	0.156
1594987201.11974	229.505	0.027	2.142	325.228	0.157
1594987201.15773	229.506	0.027	2.185	325.308	0.155
1594987201.20600	229.488	0.027	2.165	325.228	0.152
1594987201.20777	229.518	0.027	2.139	325.308	0.157
1594987201.20971	229.504	0.027	2.164	325.308	0.154
1594987201.24790	229.495	0.027	2.153	325.308	0.159
1594987201.24873	229.503	0.027	2.172	325.389	0.162
1594987201.26687	229.408	0.027	2.105	325.308	0.159
1594987201.30515	229.446	0.027	2.104	325.389	0.154
1594987201.30576	229.429	0.027	2.161	325.389	0.162
1594987201.31815	229.447	0.027	2.149	325.389	0.162
1594987201.35614	229.403	0.027	2.115	325.228	0.165
1594987201.36715	229.433	0.027	2.097	325.308	0.158
1594987201.37775	229.444	0.027	2.155	325.308	0.157
1594987201.41514	229.319	0.026	2.108	325.147	0.155
1594987201.42709	229.282	0.026	2.088	324.986	0.152
1594987201.43768	229.307	0.027	2.167	325.147	0.163
1594987201.47513	229.280	0.026	2.108	324.986	0.158
1594987201.48775	229.328	0.027	2.146	325.067	0.155
1594987201.49768	229.362	0.027	2.155	325.228	0.158
1594987201.53613	229.378	0.027	2.118	325.067	0.155
1594987201.54771	229.403	0.027	2.130	325.147	0.154
1594987201.55771	229.388	0.027	2.116	325.228	0.157
1594987201.59618	229.380	0.027	2.134	325.228	0.155
1594987201.59779	229.414	0.027	2.153	325.067	0.163
1594987201.63815	229.422	0.027	2.138	325.067	0.163
1594987201.64479	229.406	0.027	2.148	325.147	0.154
1594987201.68275	229.422	0.027	2.113	325.308	0.162
1594987201.68475	229.470	0.026	2.139	325.228	0.158
1594987201.69792	229.449	0.027	2.141	325.147	0.164
1594987201.73516	229.444	0.027	2.148	325.228	0.161
1594987201.74816	229.449	0.027	2.152	325.308	0.158
1594987201.75780	229.447	0.027	2.182	325.228	0.158
1594987201.79477	229.435	0.027	2.117	325.308	0.161
1594987201.80715	229.468	0.026	2.139	325.228	0.157
1594987201.81778	229.457	0.027	2.155	325.308	0.157
1594987201.85558	229.476	0.027	2.143	325.308	0.159
1594987201.86779	229.477	0.026	2.099	325.389	0.155
1594987201.87883	229.461	0.027	2.190	325.389	0.165
1594987201.91715	229.454	0.027	2.118	325.228	0.159
1594987201.91879	229.479	0.027	2.152	325.308	0.157
1594987201.95617	229.476	0.027	2.158	325.389	0.156
1594987201.97318	229.481	0.026	2.130	325.228	0.155
1594987201.98383	229.496	0.027	2.129	325.228	0.162
1594987202.03419	229.478	0.027	2.129	325.550	0.158
1594987202.03483	229.479	0.027	2.134	325.469	0.156
1594987202.07592	229.529	0.027	2.132	325.389	0.164
1594987202.07783	229.476	0.027	2.159	325.228	0.157
1594987202.07876	229.490	0.026	2.132	325.308	0.158
1594987202.11616	229.492	0.027	2.157	325.228	0.159
1594987202.12818	229.515	0.027	2.144	325.228	0.156
1594987202.15116	229.529	0.027	2.147	325.308	0.156
1594987202.20117	229.533	0.026	2.110	325.389	0.154
1594987202.20281	229.591	0.027	2.148	325.308	0.164
1594987202.20378	229.501	0.027	2.185	325.308	0.157
1594987202.24074	229.457	0.026	2.086	325.147	0.154
1594987202.24264	229.494	0.027	2.178	325.308	0.159
1594987202.27966	229.466	0.027	2.117	325.550	0.154
1594987202.28664	229.491	0.027	2.092	325.147	0.159
1594987202.29818	229.533	0.027	2.152	325.469	0.154
1594987202.33619	229.478	0.027	2.128	325.469	0.155
1594987202.34881	229.513	0.027	2.114	325.389	0.156
1594987202.35922	229.502	0.027	2.178	325.550	0.162
1594987202.39580	229.483	0.027	2.112	325.308	0.158
1594987202.39779	229.639	0.027	2.189	325.228	0.162
1594987202.43478	229.629	0.027	2.161	325.469	0.156
1594987202.47819	229.608	0.027	2.128	325.469	0.155
1594987202.47983	229.660	0.026	2.146	325.550	0.161
1594987202.49280	229.664	0.027	2.152	325.469	0.155
1594987202.52981	229.642	0.026	2.131	325.469	0.152
1594987202.53080	229.656	0.026	2.116	325.469	0.155
1594987202.54920	229.663	0.027	2.168	325.389	0.155
1594987202.55885	229.618	0.026	2.136	325.550	0.161
1594987202.59585	229.612	0.027	2.119	325.630	0.166
1594987202.60727	229.595	0.027	2.182	325.389	0.155
1594987202.61877	229.551	0.026	2.118	325.469	0.156
1594987202.65819	229.629	0.027	2.116	325.550	0.163
1594987202.66878	229.579	0.027	2.147	325.711	0.159
1594987202.67978	229.591	0.027	2.140	325.550	0.153
1594987202.71899	229.636	0.027	2.100	325.630	0.157
1594987202.71978	229.608	0.027	2.118	325.469	0.155
1594987202.75824	229.620	0.027	2.161	325.469	0.157
1594987202.77184	229.625	0.027	2.134	325.630	0.163
1594987202.77990	229.635	0.027	2.149	325.550	0.155
1594987202.81825	229.656	0.026	2.149	325.630	0.156
1594987202.85823	229.618	0.026	2.104	325.630	0.151
1594987202.85886	229.610	0.026	2.111	325.389	0.157
1594987202.90329	229.601	0.026	2.123	325.469	0.154
1594987202.90487	229.567	0.026	2.125	325.308	0.154
1594987202.91783	229.614	0.027	2.181	325.469	0.158
1594987202.95499	229.641	0.027	2.162	325.469	0.159
1594987202.97132	229.616	0.027	2.117	325.630	0.156
1594987202.97983	229.584	0.027	2.166	325.469	0.155
1594987203.01825	229.589	0.027	2.164	325.469	0.154
1594987203.03929	229.581	0.027	2.180	325.308	0.158
1594987203.07826	229.627	0.027	2.140	325.469	0.159
1594987203.09928	229.651	0.027	2.167	325.550	0.155
1594987203.13823	229.637	0.027	2.163	325.550	0.161
1594987203.15929	229.676	0.027	2.151	325.711	0.151
1594987203.19603	229.702	0.027	2.140	325.550	0.156
1594987203.19788	229.681	0.027	2.143	325.872	0.154
1594987203.23483	229.686	0.026	2.100	325.711	0.153
1594987203.25202	229.717	0.027	2.146	325.630	0.162
1594987203.26086	229.693	0.027	2.120	325.711	0.155
1594987203.30024	229.695	0.027	2.107	325.630	0.161
1594987203.31484	229.764	0.027	2.149	325.630	0.159
1594987203.32287	229.724	0.027	2.119	325.872	0.161
1594987203.36122	229.745	0.027	2.163	325.872	0.159
1594987203.37424	229.760	0.027	2.158	325.791	0.158
1594987203.41093	229.743	0.026	2.093	325.711	0.159
1594987203.41289	229.750	0.027	2.175	325.630	0.166
1594987203.42597	229.727	0.026	2.101	325.630	0.156
1594987203.46473	229.705	0.027	2.139	325.630	0.159
1594987203.46770	229.723	0.027	2.175	325.630	0.159
1594987203.47771	229.654	0.026	2.095	325.550	0.158
1594987203.51571	229.701	0.027	2.141	325.630	0.161
1594987203.51771	229.730	0.027	2.174	325.469	0.159
1594987203.55471	229.725	0.027	2.112	325.550	0.154
1594987203.56671	229.721	0.027	2.127	325.630	0.158
1594987203.57895	229.729	0.027	2.143	325.791	0.162
1594987203.63828	229.735	0.027	2.138	325.630	0.158
1594987203.65292	229.733	0.027	2.120	325.711	0.159
1594987203.69133	229.723	0.027	2.152	325.711	0.157
1594987203.69291	229.700	0.026	2.108	325.630	0.156
1594987203.69888	229.708	0.027	2.150	325.711	0.162
1594987203.73581	229.716	0.027	2.141	325.630	0.154
1594987203.73783	229.669	0.027	2.132	325.630	0.152
1594987203.77614	229.692	0.027	2.137	325.469	0.151
1594987203.78691	229.675	0.026	2.105	325.630	0.157
1594987203.79796	229.690	0.027	2.132	325.630	0.161
1594987203.83489	229.669	0.027	2.121	325.469	0.152
1594987203.83603	229.686	0.026	2.116	325.469	0.154
1594987203.87826	229.708	0.027	2.166	325.469	0.153
1594987203.89933	229.721	0.027	2.123	325.469	0.158
1594987203.93594	229.747	0.026	2.152	325.630	0.155
1594987203.94793	229.737	0.027	2.197	325.630	0.155
1594987203.95890	229.714	0.027	2.117	325.711	0.163
1594987203.99598	229.693	0.027	2.121	325.550	0.162
1594987203.99892	229.678	0.027	2.131	325.791	0.161
1594987204.03603	229.638	0.026	2.100	325.469	0.154
1594987204.08230	229.726	0.027	2.101	325.550	0.163
1594987204.08490	229.707	0.027	2.141	325.630	0.161
1594987204.12334	229.759	0.027	2.139	325.630	0.161
1594987204.12393	229.755	0.027	2.128	325.630	0.163
1594987204.16085	229.593	0.026	2.078	325.550	0.150
1594987204.16284	229.642	0.026	2.086	325.469	0.157
1594987204.20029	229.698	0.028	2.239	325.630	0.165
1594987204.20829	229.639	0.026	2.120	325.469	0.147
1594987204.24595	229.633	0.026	2.088	325.469	0.151
1594987204.24884	229.656	0.027	2.183	325.550	0.162
1594987204.25991	229.602	0.027	2.142	325.469	0.161
1594987204.29831	229.659	0.027	2.126	325.389	0.155
1594987204.32034	229.554	0.026	2.113	325.389	0.157
1594987204.36130	229.630	0.027	2.145	325.389	0.163
1594987204.36793	229.663	0.027	2.167	325.389	0.155
1594987204.37885	229.596	0.026	2.106	325.469	0.153
1594987204.41631	229.660	0.027	2.159	325.469	0.153
1594987204.42596	229.587	0.027	2.148	325.469	0.157
1594987204.46431	229.552	0.027	2.116	325.389	0.158
1594987204.50434	229.592	0.027	2.141	325.469	0.157
1594987204.50497	229.578	0.026	2.064	325.389	0.153
1594987204.51795	229.642	0.027	2.151	325.630	0.164
1594987204.55536	229.644	0.027	2.159	325.550	0.164
1594987204.56694	229.661	0.030	2.342	325.550	0.175
1594987204.57800	229.658	0.027	2.147	325.389	0.157
1594987204.61538	229.652	0.027	2.127	325.469	0.157
1594987204.62696	229.604	0.027	2.144	325.308	0.165
1594987204.63801	229.656	0.027	2.153	325.550	0.164
1594987204.67499	229.644	0.027	2.171	325.630	0.162
1594987204.70533	229.644	0.026	2.120	325.469	0.156
1594987204.71497	229.690	0.027	2.146	325.469	0.158
1594987204.75300	229.660	0.027	2.160	325.308	0.158
1594987204.75391	229.669	0.026	2.127	325.389	0.158
1594987204.75895	229.660	0.027	2.165	325.469	0.161
1594987204.79633	229.669	0.027	2.142	325.389	0.158
1594987204.79798	229.675	0.026	2.140	325.550	0.158
1594987204.83543	229.678	0.027	2.151	325.469	0.162
1594987204.88135	229.666	0.027	2.183	325.469	0.155
1594987204.88395	229.676	0.027	2.144	325.469	0.157
1594987204.92135	229.722	0.026	2.136	325.550	0.155
1594987204.92298	229.694	0.027	2.167	325.469	0.162
1594987204.95996	229.679	0.027	2.185	325.711	0.158
1594987204.96606	229.677	0.027	2.121	325.469	0.153
1594987204.97891	229.714	0.027	2.153	325.630	0.155
1594987205.01636	229.694	0.027	2.137	325.469	0.157
1594987205.02400	229.725	0.027	2.131	325.469	0.155
1594987205.06134	229.699	0.027	2.109	325.630	0.157
1594987205.06296	229.692	0.027	2.168	325.630	0.156
1594987205.10042	229.677	0.027	2.125	325.630	0.158
1594987205.11001	229.691	0.027	2.150	325.469	0.161
1594987205.12092	229.712	0.027	2.111	325.630	0.162
1594987205.15889	229.718	0.026	2.052	325.550	0.156
1594987205.16834	229.762	0.026	2.150	325.630	0.155
1594987205.17900	229.745	0.027	2.124	325.630	0.161
1594987205.21744	229.718	0.026	2.089	325.550	0.159
1594987205.22903	229.781	0.026	2.085	325.469	0.152
1594987205.24035	229.772	0.027	2.215	325.550	0.154
1594987205.27737	229.727	0.026	2.147	325.550	0.151
1594987205.27901	229.790	0.027	2.132	325.550	0.162
1594987205.31737	229.773	0.027	2.184	325.550	0.162
1594987205.36243	229.757	0.026	2.115	325.630	0.158
1594987205.36403	229.834	0.027	2.174	325.630	0.158
1594987205.36599	229.751	0.027	2.176	325.711	0.158
1594987205.40393	229.780	0.026	2.100	325.630	0.157
1594987205.40595	229.829	0.027	2.141	325.791	0.159
1594987205.41736	229.740	0.027	2.145	325.630	0.152
1594987205.45542	229.733	0.027	2.125	325.711	0.157
1594987205.46602	229.828	0.027	2.175	326.033	0.163
1594987205.50399	229.748	0.027	2.169	325.791	0.156
1594987205.50511	229.783	0.026	2.101	325.791	0.156
1594987205.51737	229.870	0.027	2.195	325.952	0.158
1594987205.55503	229.808	0.027	2.145	325.711	0.158
1594987205.55602	229.851	0.026	2.105	325.872	0.163
1594987205.59401	229.849	0.027	2.150	325.791	0.157
1594987205.59506	229.783	0.027	2.145	325.711	0.150
1594987205.63241	229.803	0.026	2.096	325.791	0.154
1594987205.63397	229.752	0.026	2.135	325.711	0.156
1594987205.67095	229.677	0.027	2.147	325.711	0.158
1594987205.68710	229.717	0.026	2.115	325.630	0.156
1594987205.69738	229.796	0.027	2.142	325.791	0.156
1594987205.73640	229.698	0.027	2.110	325.550	0.158
1594987205.77403	229.717	0.027	2.145	325.550	0.159
1594987205.77503	229.731	0.027	2.135	325.630	0.158
1594987205.78500	229.746	0.026	2.120	325.630	0.152
1594987205.82240	229.737	0.027	2.128	325.630	0.158
1594987205.82355	229.761	0.026	2.112	325.630	0.155
1594987205.86141	229.733	0.026	2.130	325.711	0.154
1594987205.86203	229.744	0.027	2.176	325.711	0.157
1594987205.90004	229.751	0.028	2.265	325.630	0.161
1594987205.90941	229.728	0.027	2.103	325.711	0.154
1594987205.92105	229.762	0.027	2.161	325.791	0.163
1594987205.97640	229.797	0.027	2.198	325.872	0.161
1594987205.97704	229.773	0.027	2.170	325.791	0.153
1594987205.97900	229.775	0.027	2.093	325.791	0.159
1594987206.01901	229.760	0.027	2.193	325.872	0.161
1594987206.02217	229.757	0.026	2.094	325.711	0.155
1594987206.06241	229.661	0.027	2.132	325.872	0.166
1594987206.07944	229.637	0.027	2.137	325.791	0.158
1594987206.08106	229.533	0.027	2.106	325.711	0.159
1594987206.12043	229.567	0.027	2.193	325.550	0.163
1594987206.12100	229.547	0.026	2.100	325.630	0.156
1594987206.15947	229.580	0.027	2.108	325.630	0.153
1594987206.19945	229.596	0.026	2.100	325.550	0.156
1594987206.20107	229.562	0.027	2.136	325.630	0.155
1594987206.24542	229.506	0.026	2.090	325.550	0.156
1594987206.24703	229.540	0.027	2.133	325.469	0.163
1594987206.28517	229.482	0.026	2.079	325.308	0.151
1594987206.28599	229.459	0.026	2.157	325.308	0.156
1594987206.29901	229.287	0.027	2.097	325.308	0.168
1594987206.33946	229.222	0.026	2.098	325.147	0.155
1594987206.34007	229.283	0.028	2.198	325.228	0.162
1594987206.37707	229.216	0.027	2.149	325.147	0.159
1594987206.37902	229.230	0.026	2.062	325.067	0.161
1594987206.41948	229.266	0.028	2.175	325.308	0.166
1594987206.42008	229.209	0.027	2.137	325.228	0.157
1594987206.46145	229.191	0.026	2.114	325.067	0.159
1594987206.46208	229.261	0.027	2.159	325.067	0.163
1594987206.50541	229.167	0.027	2.175	325.228	0.166
1594987206.50608	229.192	0.026	2.077	324.906	0.156
1594987206.51699	229.230	0.027	2.132	325.067	0.156
1594987206.56143	229.181	0.027	2.134	324.906	0.153
1594987206.56209	229.247	0.026	2.107	324.825	0.153
1594987206.57898	229.278	0.027	2.190	325.067	0.159
1594987206.62145	229.230	0.027	2.147	325.147	0.148
1594987206.62209	229.274	0.026	2.109	324.986	0.153
1594987206.66144	229.282	0.027	2.236	324.986	0.159
1594987206.66209	229.246	0.026	2.144	324.986	0.155
1594987206.70545	229.271	0.026	2.112	324.906	0.156
1594987206.70609	229.283	0.027	2.180	324.986	0.153
1594987206.74448	229.247	0.027	2.105	324.986	0.152
1594987206.74510	229.286	0.027	2.128	324.986	0.155
1594987206.78445	229.319	0.027	2.187	325.147	0.163
1594987206.78509	229.280	0.027	2.130	325.308	0.158
1594987206.82347	229.319	0.027	2.120	324.986	0.158
1594987206.82509	229.357	0.027	2.190	325.147	0.158
1594987206.86251	229.279	0.027	2.132	325.147	0.161
1594987206.86545	229.307	0.026	2.091	325.147	0.156
1594987206.90412	229.303	0.027	2.193	325.067	0.158
1594987206.90509	229.293	0.028	2.250	325.067	0.162
1594987206.94210	229.354	0.027	2.144	325.067	0.161
1594987206.94413	229.316	0.027	2.142	325.228	0.164
1594987206.98147	229.320	0.028	2.162	325.067	0.166
1594987206.98211	229.304	0.026	2.095	325.067	0.157
1594987207.02009	229.279	0.027	2.127	325.067	0.159
1594987207.05948	229.282	0.026	2.117	324.986	0.157
1594987207.06003	229.300	0.027	2.137	324.906	0.159
1594987207.06110	229.315	0.027	2.153	325.067	0.157
1594987207.09950	229.261	0.027	2.137	324.906	0.154
1594987207.10412	229.226	0.026	2.118	324.906	0.155
1594987207.14150	229.248	0.027	2.131	324.986	0.165
1594987207.14410	229.244	0.027	2.163	324.825	0.159
1594987207.18148	229.289	0.027	2.155	324.906	0.159
1594987207.18710	229.281	0.027	2.151	324.986	0.154
1594987207.19903	229.297	0.027	2.108	325.067	0.159
1594987207.23651	229.261	0.027	2.131	324.906	0.161
1594987207.25114	229.269	0.027	2.164	324.825	0.162
1594987207.26211	229.267	0.027	2.147	324.906	0.153
1594987207.30006	229.239	0.027	2.122	325.067	0.155
1594987207.30194	229.265	0.027	2.102	324.986	0.159
1594987207.33995	229.226	0.027	2.151	325.147	0.167
1594987207.37955	229.203	0.027	2.141	324.986	0.154
1594987207.38016	229.204	0.027	2.148	324.986	0.157
1594987207.38107	229.215	0.027	2.119	324.986	0.155
1594987207.42107	229.261	0.027	2.168	324.986	0.161
1594987207.42548	229.234	0.027	2.138	324.906	0.161
1594987207.45008	229.237	0.027	2.140	325.147	0.157
1594987207.50249	229.232	0.027	2.128	324.906	0.156
1594987207.50416	229.214	0.027	2.112	324.906	0.159
1594987207.52149	229.217	0.027	2.165	324.906	0.158
1594987207.55915	229.153	0.027	2.130	324.986	0.158
1594987207.59648	229.216	0.027	2.129	325.067	0.159
1594987207.59715	229.156	0.027	2.177	324.986	0.161
1594987207.59908	229.078	0.027	2.106	324.745	0.155
1594987207.62952	229.177	0.027	2.129	324.745	0.159
1594987207.64017	229.151	0.027	2.155	324.906	0.155
1594987207.67849	229.106	0.027	2.118	324.986	0.156
1594987207.68016	229.141	0.026	2.148	324.906	0.156
1594987207.71910	229.211	0.028	2.195	324.906	0.158
1594987207.72952	229.172	0.027	2.109	324.825	0.157
1594987207.73916	229.192	0.027	2.066	325.147	0.155
1594987207.77714	229.208	0.027	2.182	324.986	0.163
1594987207.79048	229.219	0.027	2.137	325.147	0.157
1594987207.80051	229.266	0.027	2.120	324.986	0.156
1594987207.83850	229.237	0.027	2.162	324.986	0.158
1594987207.84015	229.185	0.026	2.071	324.906	0.159
1594987207.87753	229.240	0.027	2.118	324.745	0.164
1594987207.91652	229.217	0.027	2.162	324.825	0.157
1594987207.91717	229.167	0.026	2.121	324.986	0.152
1594987207.92907	229.215	0.026	2.088	324.825	0.157
1594987207.96952	229.208	0.028	2.239	324.906	0.167
1594987207.97015	229.195	0.027	2.145	324.986	0.162
1594987207.98905	229.192	0.027	2.128	324.825	0.158
1594987208.02655	229.091	0.027	2.174	324.906	0.155
1594987208.02721	229.131	0.026	2.141	324.906	0.153
1594987208.06555	229.238	0.026	2.112	324.986	0.159
1594987208.06754	229.190	0.027	2.170	324.986	0.155
1594987208.10651	229.182	0.026	2.091	324.986	0.157
1594987208.10915	229.270	0.027	2.177	324.906	0.155
1594987208.11913	229.211	0.027	2.185	325.147	0.156
1594987208.15752	229.232	0.027	2.148	324.986	0.156
1594987208.15922	229.248	0.027	2.109	325.067	0.157
1594987208.19655	229.192	0.027	2.162	325.147	0.153
1594987208.22654	229.225	0.026	2.098	324.906	0.155
1594987208.23123	229.246	0.027	2.146	324.986	0.163
1594987208.25254	229.206	0.027	2.185	324.906	0.155
1594987208.29454	229.240	0.027	2.108	324.986	0.154
1594987208.29523	229.281	0.027	2.148	324.906	0.157
1594987208.30854	229.239	0.027	2.146	324.986	0.157
1594987208.34621	229.254	0.027	2.094	324.825	0.158
1594987208.34711	229.250	0.027	2.166	324.906	0.158
1594987208.36854	229.225	0.027	2.144	324.825	0.152
1594987208.38055	229.244	0.026	2.083	324.745	0.154
1594987208.42755	229.273	0.027	2.149	324.825	0.159
1594987208.43925	229.246	0.027	2.111	324.825	0.157
1594987208.47755	229.238	0.027	2.174	324.906	0.159
1594987208.48421	229.169	0.027	2.137	324.906	0.165
1594987208.52658	229.269	0.027	2.176	324.825	0.161
1594987208.52817	229.289	0.027	2.148	324.986	0.157
1594987208.53948	229.234	0.027	2.108	324.825	0.157
1594987208.57955	229.274	0.027	2.126	324.745	0.158
1594987208.59056	229.281	0.027	2.178	324.906	0.163
1594987208.60058	229.241	0.027	2.101	324.986	0.154
1594987208.63964	229.295	0.026	2.076	324.986	0.151
1594987208.64022	229.283	0.027	2.154	325.067	0.155
1594987208.68138	229.252	0.026	2.109	324.986	0.157
1594987208.69461	229.302	0.027	2.157	325.067	0.163
1594987208.70726	229.283	0.027	2.156	324.986	0.153
1594987208.72817	229.275	0.027	2.143	324.986	0.156
1594987208.76757	229.254	0.026	2.058	324.906	0.156
1594987208.77022	229.283	0.027	2.156	324.745	0.162
1594987208.78857	229.303	0.027	2.147	324.986	0.156
1594987208.79995	229.286	0.026	2.113	324.825	0.157
1594987208.83720	229.325	0.027	2.178	324.906	0.159
1594987208.85021	229.308	0.026	2.110	325.147	0.159
1594987208.86121	229.264	0.027	2.164	324.825	0.163
1594987208.90857	229.257	0.027	2.157	324.906	0.156
1594987208.92224	229.313	0.027	2.149	325.067	0.153
1594987208.96808	229.311	0.027	2.181	324.986	0.161
1594987208.97004	229.302	0.027	2.146	325.067	0.155
1594987208.98000	229.273	0.027	2.114	325.067	0.153
1594987209.02258	229.215	0.026	2.104	325.067	0.154
1594987209.02524	229.236	0.026	2.108	324.906	0.162
1594987209.04857	229.251	0.027	2.109	324.906	0.159
1594987209.08661	229.286	0.027	2.165	325.147	0.156
1594987209.08730	229.272	0.027	2.115	324.986	0.157
1594987209.10960	229.292	0.027	2.122	324.906	0.162
1594987209.11928	229.234	0.027	2.143	324.906	0.159
1594987209.15658	229.177	0.027	2.095	324.825	0.158
1594987209.16923	229.196	0.027	2.135	324.745	0.157
1594987209.17915	229.185	0.027	2.129	324.906	0.159
1594987209.21738	229.197	0.026	2.120	324.745	0.153
1594987209.22924	229.215	0.027	2.136	324.825	0.161
1594987209.23933	229.199	0.027	2.160	324.986	0.162
1594987209.27759	229.200	0.027	2.114	324.825	0.156
1594987209.27928	229.193	0.027	2.154	324.825	0.163
1594987209.31662	229.190	0.027	2.120	324.825	0.156
1594987209.33361	229.233	0.027	2.153	324.825	0.156
1594987209.34125	229.278	0.027	2.174	324.906	0.155
1594987209.38021	229.297	0.027	2.169	324.906	0.158
1594987209.39260	229.274	0.026	2.122	324.986	0.157
1594987209.40125	229.326	0.027	2.117	324.825	0.157
1594987209.44123	229.295	0.027	2.155	324.986	0.162
1594987209.44230	229.275	0.027	2.151	324.986	0.162
1594987209.48219	229.252	0.027	2.131	324.825	0.152
1594987209.49667	229.255	0.027	2.124	325.067	0.157
1594987209.51161	229.248	0.027	2.163	324.906	0.156
1594987209.53062	229.235	0.027	2.135	324.906	0.157
1594987209.54228	229.239	0.026	2.113	324.825	0.154
1594987209.58040	229.206	0.027	2.124	324.825	0.158
1594987209.59124	229.240	0.027	2.163	324.825	0.157
1594987209.60037	229.271	0.027	2.118	324.825	0.158
1594987209.63763	229.274	0.027	2.129	324.825	0.155
1594987209.67563	229.286	0.027	2.141	324.825	0.158
1594987209.67627	229.270	0.026	2.135	324.906	0.159
1594987209.72466	229.212	0.027	2.115	324.825	0.159
1594987209.72528	229.252	0.027	2.168	324.906	0.158
1594987209.72621	229.238	0.027	2.125	324.745	0.155
1594987209.76420	229.244	0.027	2.149	324.906	0.164
1594987209.76523	229.230	0.027	2.151	324.906	0.159
1594987209.80265	229.209	0.027	2.134	324.745	0.156
1594987209.80430	229.164	0.027	2.087	324.745	0.155
1594987209.84265	229.166	0.027	2.172	324.745	0.162
1594987209.85618	229.161	0.027	2.148	324.665	0.161
1594987209.86611	229.149	0.027	2.131	324.825	0.163
1594987209.90466	229.176	0.027	2.198	324.745	0.159
1594987209.92564	229.167	0.027	2.145	324.825	0.156
1594987209.96230	229.157	0.027	2.125	324.986	0.158
1594987209.96663	229.186	0.028	2.193	324.986	0.166
1594987209.98030	229.175	0.027	2.120	324.906	0.159
1594987210.01964	229.201	0.027	2.124	324.906	0.155
1594987210.03464	229.267	0.027	2.159	324.906	0.161
1594987210.04228	229.354	0.027	2.200	324.906	0.154
1594987210.08066	229.366	0.027	2.184	324.906	0.156
1594987210.08734	229.362	0.027	2.117	325.067	0.154
1594987210.12566	229.346	0.027	2.173	324.825	0.159
1594987210.12730	229.366	0.027	2.157	325.228	0.155
1594987210.13926	229.384	0.027	2.127	324.906	0.158
1594987210.17764	229.426	0.027	2.188	325.147	0.159
1594987210.18929	229.455	0.027	2.135	325.147	0.156
1594987210.19933	229.468	0.027	2.166	325.228	0.159
1594987210.23732	229.462	0.027	2.135	325.147	0.164
1594987210.23932	229.446	0.027	2.155	325.228	0.156
1594987210.27665	229.430	0.027	2.137	325.067	0.158
1594987210.28863	229.434	0.027	2.161	325.067	0.159
1594987210.30031	229.383	0.027	2.150	324.986	0.162
1594987210.33965	229.434	0.027	2.141	325.067	0.158
1594987210.35027	229.474	0.027	2.166	325.228	0.158
1594987210.36129	229.489	0.027	2.149	325.308	0.159
1594987210.39973	229.454	0.026	2.103	325.228	0.155
1594987210.40033	229.493	0.027	2.157	325.308	0.158
1594987210.44168	229.471	0.027	2.167	325.228	0.155
1594987210.48467	229.476	0.027	2.084	325.147	0.154
1594987210.48532	229.452	0.027	2.107	325.308	0.157
1594987210.49623	229.453	0.027	2.103	325.308	0.158
1594987210.53469	229.443	0.027	2.146	325.147	0.158
1594987210.53538	229.501	0.027	2.115	325.147	0.154
