stress-ng: 21:17:29.60 debug: [52430] 8 processors online, 8 processors configured
stress-ng: 21:17:29.60 info:  [52430] bad_ioctl stressor will be skipped, need to be running without root privilege for this stressor
stress-ng: 21:17:29.60 info:  [52430] efivar stressor will be skipped, need to have access to EFI vars in /sys/firmware/efi/vars
stress-ng: 21:17:29.60 info:  [52430] exec stressor must not run as root, skipping the stressor
stress-ng: 21:17:29.61 info:  [52430] rdrand stressor will be skipped, CPU does not support the rdrand instruction
stress-ng: 21:17:29.61 info:  [52430] spawn stressor must not run as root, skipping the stressor
stress-ng: 21:17:29.61 info:  [52430] disabled 'bind-mount' as it may hang or reboot the machine (enable it with the --pathological option)
stress-ng: 21:17:29.61 info:  [52430] disabled 'cpu-online' as it may hang or reboot the machine (enable it with the --pathological option)
stress-ng: 21:17:29.61 info:  [52430] disabled 'mlockmany' as it may hang or reboot the machine (enable it with the --pathological option)
stress-ng: 21:17:29.61 info:  [52430] disabled 'oom-pipe' as it may hang or reboot the machine (enable it with the --pathological option)
stress-ng: 21:17:29.61 info:  [52430] disabled 'sysinval' as it may hang or reboot the machine (enable it with the --pathological option)
stress-ng: 21:17:29.61 info:  [52430] disabled 'watchdog' as it may hang or reboot the machine (enable it with the --pathological option)
stress-ng: 21:17:29.61 info:  [52430] defaulting to a 60 second run per stressor
stress-ng: 21:17:29.61 info:  [52430] dispatching hogs: 8 crypt, 8 malloc
stress-ng: 21:17:29.61 debug: [52430] cache allocate: reducing cache level from L3 (too high) to L2
stress-ng: 21:17:29.61 debug: [52430] cache allocate: default cache size: 6144K
stress-ng: 21:17:29.61 debug: [52430] starting stressors
stress-ng: 21:17:29.62 debug: [52432] stress-ng-crypt: started [52432] (instance 0)
stress-ng: 21:17:29.62 debug: [52433] stress-ng-crypt: started [52433] (instance 1)
stress-ng: 21:17:29.62 debug: [52434] stress-ng-crypt: started [52434] (instance 2)
stress-ng: 21:17:29.62 debug: [52435] stress-ng-crypt: started [52435] (instance 3)
stress-ng: 21:17:29.62 debug: [52437] stress-ng-crypt: started [52437] (instance 5)
stress-ng: 21:17:29.62 debug: [52438] stress-ng-crypt: started [52438] (instance 6)
stress-ng: 21:17:29.62 debug: [52430] 8 stressors started
stress-ng: 21:17:29.62 debug: [52436] stress-ng-crypt: started [52436] (instance 4)
stress-ng: 21:17:29.62 debug: [52439] stress-ng-crypt: started [52439] (instance 7)
stress-ng: 21:18:29.62 debug: [52436] stress-ng-crypt: exited [52436] (instance 4)
stress-ng: 21:18:29.62 debug: [52432] stress-ng-crypt: exited [52432] (instance 0)
stress-ng: 21:18:29.62 debug: [52439] stress-ng-crypt: exited [52439] (instance 7)
stress-ng: 21:18:29.62 debug: [52430] process [52432] terminated
stress-ng: 21:18:29.62 debug: [52433] stress-ng-crypt: exited [52433] (instance 1)
stress-ng: 21:18:29.62 debug: [52430] process [52433] terminated
stress-ng: 21:18:29.63 debug: [52438] stress-ng-crypt: exited [52438] (instance 6)
stress-ng: 21:18:29.63 debug: [52437] stress-ng-crypt: exited [52437] (instance 5)
stress-ng: 21:18:29.63 debug: [52434] stress-ng-crypt: exited [52434] (instance 2)
stress-ng: 21:18:29.63 debug: [52430] process [52434] terminated
stress-ng: 21:18:29.63 debug: [52435] stress-ng-crypt: exited [52435] (instance 3)
stress-ng: 21:18:29.63 debug: [52430] process [52435] terminated
stress-ng: 21:18:29.63 debug: [52430] process [52437] terminated
stress-ng: 21:18:29.63 debug: [52430] process [52438] terminated
stress-ng: 21:18:29.63 debug: [52430] process [52439] terminated
stress-ng: 21:18:29.64 debug: [52430] starting stressors
stress-ng: 21:18:29.64 debug: [52440] stress-ng-malloc: started [52440] (instance 0)
stress-ng: 21:18:29.64 debug: [52441] stress-ng-malloc: started [52441] (instance 1)
stress-ng: 21:18:29.64 debug: [52442] stress-ng-malloc: started [52442] (instance 2)
stress-ng: 21:18:29.64 debug: [52443] stress-ng-malloc: started [52443] (instance 3)
stress-ng: 21:18:29.64 debug: [52446] stress-ng-malloc: started [52446] (instance 5)
stress-ng: 21:18:29.64 debug: [52444] stress-ng-malloc: started [52444] (instance 4)
stress-ng: 21:18:29.64 debug: [52430] 8 stressors started
stress-ng: 21:18:29.64 debug: [52449] stress-ng-malloc: started [52449] (instance 6)
stress-ng: 21:18:29.64 debug: [52451] stress-ng-malloc: started [52451] (instance 7)
stress-ng: 21:19:30.33 debug: [52446] stress-ng-malloc: exited [52446] (instance 5)
stress-ng: 21:19:30.10 debug: [52440] stress-ng-malloc: exited [52440] (instance 0)
stress-ng: 21:19:30.38 debug: [52451] stress-ng-malloc: exited [52451] (instance 7)
stress-ng: 21:19:30.12 debug: [52441] stress-ng-malloc: exited [52441] (instance 1)
stress-ng: 21:19:30.27 debug: [52444] stress-ng-malloc: exited [52444] (instance 4)
stress-ng: 21:19:30.12 debug: [52449] stress-ng-malloc: exited [52449] (instance 6)
stress-ng: 21:19:30.37 debug: [52443] stress-ng-malloc: exited [52443] (instance 3)
stress-ng: 21:19:30.10 debug: [52442] stress-ng-malloc: exited [52442] (instance 2)
stress-ng: 21:19:30.88 debug: [52430] process [52440] terminated
stress-ng: 21:19:30.90 debug: [52430] process [52441] terminated
stress-ng: 21:19:30.90 debug: [52430] process [52442] terminated
stress-ng: 21:19:30.90 debug: [52430] process [52443] terminated
stress-ng: 21:19:30.90 debug: [52430] process [52444] terminated
stress-ng: 21:19:30.90 debug: [52430] process [52446] terminated
stress-ng: 21:19:30.90 debug: [52430] process [52449] terminated
stress-ng: 21:19:30.90 debug: [52430] process [52451] terminated
stress-ng: 21:19:31.15 info:  [52430] successful run completed in 121.28s (2 mins, 1.28 secs)
stress-ng: 21:19:31.15 info:  [52430] stressor       bogo ops real time  usr time  sys time   bogo ops/s   bogo ops/s
stress-ng: 21:19:31.15 info:  [52430]                           (secs)    (secs)    (secs)   (real time) (usr+sys time)
stress-ng: 21:19:31.17 info:  [52430] crypt             30751     60.01    312.07      0.80       512.44        98.29
stress-ng: 21:19:31.17 info:  [52430] malloc               51     60.58      1.95     19.79         0.84         2.35
stress-ng: 21:19:31.17 debug: [52430] metrics-check: all stressor metrics validated and sane
stress-ng: 21:19:31.17 info:  [52430] for a 121.28s run time:
stress-ng: 21:19:31.17 info:  [52430]     970.26s available CPU time
stress-ng: 21:19:31.17 info:  [52430]     314.11s user time   ( 32.37%)
stress-ng: 21:19:31.17 info:  [52430]      20.68s system time (  2.13%)
stress-ng: 21:19:31.17 info:  [52430]     334.79s total time  ( 34.51%)
stress-ng: 21:19:31.17 info:  [52430] load average: 10.70 5.33 2.57
