# timestamp	V	A	W	V	A
1596460634.43771	1336.992	0.202	103.528	325.228	0.191
1596460634.44870	229.206	0.034	3.093	324.906	0.177
1596460634.49068	229.157	0.035	3.018	324.986	0.183
1596460634.49829	229.201	0.035	3.077	324.906	0.183
1596460634.50824	229.240	0.035	3.075	324.986	0.185
1596460634.54574	229.217	0.035	3.078	324.986	0.180
1596460634.55328	229.219	0.035	3.067	324.906	0.182
1596460634.59026	229.220	0.035	3.051	325.067	0.176
1596460634.59227	229.163	0.035	3.050	324.906	0.189
1596460634.63032	229.200	0.035	3.090	324.986	0.178
1596460634.63626	229.208	0.035	3.044	325.067	0.179
1596460634.64755	229.227	0.035	3.063	324.906	0.179
1596460634.68432	229.212	0.035	3.036	324.906	0.180
1596460634.69622	229.221	0.035	3.065	324.986	0.183
1596460634.70732	229.173	0.034	3.043	324.906	0.180
1596460634.74427	229.220	0.034	3.026	324.906	0.178
1596460634.75675	229.205	0.034	3.035	325.067	0.176
1596460634.76739	229.242	0.035	3.026	324.986	0.181
1596460634.80574	229.186	0.034	3.008	324.906	0.181
1596460634.81875	229.205	0.035	3.064	324.986	0.181
1596460634.82833	229.258	0.035	3.044	324.986	0.179
1596460634.86576	229.225	0.035	3.060	325.067	0.182
1596460634.86732	229.225	0.035	3.011	324.986	0.182
1596460634.90433	229.200	0.035	3.047	325.067	0.183
1596460634.94670	229.256	0.035	3.066	325.067	0.180
1596460634.94834	229.220	0.034	3.030	324.906	0.177
1596460634.95864	229.178	0.034	3.020	324.906	0.177
1596460634.96831	229.159	0.034	3.043	324.986	0.177
1596460635.00566	229.256	0.035	3.080	325.067	0.185
1596460635.01628	229.233	0.034	3.064	325.067	0.178
1596460635.02830	229.212	0.035	3.062	324.986	0.179
1596460635.07065	229.214	0.035	3.075	324.906	0.177
1596460635.07428	229.214	0.035	3.032	324.986	0.183
1596460635.09764	229.164	0.034	3.001	325.067	0.182
1596460635.13429	229.194	0.035	3.035	324.986	0.183
1596460635.13528	229.207	0.034	3.035	325.067	0.178
1596460635.14828	229.148	0.035	3.053	324.986	0.177
1596460635.18567	229.199	0.035	3.039	325.067	0.186
1596460635.18731	229.196	0.035	3.071	325.147	0.185
1596460635.22426	229.133	0.034	3.060	325.147	0.177
1596460635.26067	229.164	0.034	3.040	324.986	0.173
1596460635.30044	229.124	0.035	3.038	324.906	0.182
1596460635.30225	229.230	0.035	3.107	324.986	0.182
1596460635.30823	229.311	0.034	3.065	324.986	0.178
1596460635.34566	229.261	0.035	3.071	325.147	0.180
1596460635.35231	229.204	0.034	3.039	325.067	0.183
1596460635.38972	229.229	0.035	3.062	324.986	0.183
1596460635.40567	229.243	0.035	3.053	324.906	0.180
1596460635.44367	229.233	0.035	3.097	324.986	0.179
1596460635.44430	229.189	0.035	3.037	324.986	0.180
1596460635.44530	229.181	0.035	3.040	324.986	0.179
1596460635.48369	229.167	0.035	3.061	324.986	0.185
1596460635.50725	229.193	0.035	3.057	324.986	0.178
1596460635.54466	229.184	0.034	3.033	324.986	0.179
1596460635.55631	229.131	0.034	3.029	324.986	0.176
1596460635.56836	229.054	0.035	3.044	324.906	0.180
1596460635.60526	229.010	0.034	3.017	324.665	0.179
1596460635.60743	229.061	0.034	3.071	324.745	0.175
1596460635.64438	229.095	0.034	3.059	324.825	0.178
1596460635.68266	229.099	0.034	3.062	324.745	0.178
1596460635.68432	229.090	0.034	3.070	324.745	0.180
1596460635.68529	229.080	0.035	3.051	324.825	0.182
1596460635.72328	229.053	0.034	3.036	324.745	0.178
1596460635.73539	229.076	0.035	3.063	324.745	0.179
1596460635.77359	229.060	0.035	3.038	324.745	0.185
1596460635.77431	229.055	0.035	3.058	324.745	0.188
1596460635.81229	229.132	0.034	3.069	324.986	0.179
1596460635.81435	229.176	0.035	3.126	325.067	0.178
1596460635.85228	229.176	0.035	3.093	324.906	0.177
1596460635.85341	229.160	0.035	3.031	324.825	0.183
1596460635.89073	229.165	0.035	3.073	324.906	0.183
1596460635.89232	229.196	0.035	3.090	324.986	0.183
1596460635.93270	229.193	0.034	3.043	324.906	0.174
1596460635.97069	229.135	0.035	3.066	324.906	0.182
1596460635.97468	229.195	0.035	3.077	324.986	0.180
1596460635.98768	229.238	0.034	3.075	325.147	0.179
1596460636.02471	229.159	0.034	3.060	325.067	0.178
1596460636.03672	229.204	0.035	3.070	324.986	0.183
1596460636.04834	229.211	0.035	3.045	325.067	0.181
1596460636.08566	229.131	0.035	3.071	325.067	0.181
1596460636.08727	229.196	0.034	3.069	324.906	0.175
1596460636.12424	229.202	0.035	3.095	324.986	0.176
1596460636.16715	229.184	0.035	3.075	324.906	0.183
1596460636.16914	229.218	0.035	3.055	324.986	0.181
1596460636.17015	229.220	0.034	3.022	324.906	0.178
1596460636.20815	229.157	0.034	3.046	324.825	0.175
1596460636.20913	229.198	0.034	3.024	324.906	0.181
1596460636.24814	229.161	0.035	3.096	324.825	0.178
1596460636.28670	229.201	0.035	3.073	324.825	0.185
1596460636.28836	229.218	0.034	3.053	324.986	0.179
1596460636.30869	229.207	0.035	3.082	325.067	0.174
1596460636.34572	229.202	0.034	3.036	324.906	0.180
1596460636.35970	229.212	0.035	3.089	324.906	0.180
1596460636.36936	229.236	0.035	3.067	325.067	0.185
1596460636.40871	229.140	0.034	2.993	324.825	0.171
1596460636.41832	229.118	0.035	3.073	324.906	0.181
1596460636.42838	229.105	0.034	3.006	324.906	0.178
1596460636.46570	229.125	0.035	3.066	324.745	0.179
1596460636.46733	229.143	0.035	3.063	324.825	0.181
1596460636.50471	229.101	0.035	3.069	324.825	0.178
1596460636.51772	229.078	0.034	3.028	324.906	0.176
1596460636.53138	229.040	0.034	3.024	324.665	0.185
1596460636.57073	229.084	0.035	3.085	324.745	0.185
1596460636.57832	229.094	0.034	3.062	324.986	0.177
1596460636.58831	229.091	0.034	3.051	324.825	0.178
1596460636.62572	229.138	0.035	3.085	324.745	0.176
1596460636.62636	229.127	0.035	3.081	324.986	0.181
1596460636.66433	229.077	0.040	3.588	324.825	0.209
1596460636.70772	229.109	0.043	3.921	324.986	0.217
1596460636.70937	229.128	0.043	3.943	324.906	0.216
1596460636.71771	229.118	0.041	3.750	324.825	0.206
1596460636.75537	229.086	0.049	4.536	324.745	0.250
1596460636.75629	229.105	0.052	4.900	324.986	0.248
1596460636.79473	229.166	0.052	5.000	324.825	0.241
1596460636.79538	229.133	0.056	5.454	324.986	0.260
1596460636.83672	229.071	0.059	5.853	324.745	0.271
1596460636.83839	229.054	0.058	5.818	324.745	0.265
1596460636.84934	229.049	0.060	5.969	324.584	0.269
1596460636.88672	228.983	0.058	5.687	324.745	0.268
1596460636.88836	229.010	0.048	4.389	324.745	0.239
1596460636.92575	229.028	0.048	4.384	324.665	0.236
1596460636.93971	229.022	0.046	4.285	324.665	0.225
1596460636.94838	229.048	0.046	4.242	324.745	0.231
1596460636.98535	228.989	0.043	3.918	324.745	0.218
1596460636.99672	228.970	0.048	4.376	324.745	0.246
1596460637.00873	229.002	0.047	4.407	324.665	0.236
1596460637.04538	228.979	0.056	5.372	324.665	0.259
1596460637.04635	228.954	0.055	5.360	324.665	0.254
1596460637.08476	228.926	0.049	4.575	324.665	0.236
1596460637.12574	228.913	0.041	3.709	324.423	0.205
1596460637.12638	228.885	0.039	3.550	324.504	0.207
1596460637.16434	228.879	0.045	4.136	324.665	0.225
1596460637.16545	228.863	0.043	3.923	324.504	0.214
1596460637.20341	228.869	0.052	4.927	324.423	0.250
1596460637.21573	228.818	0.051	4.822	324.423	0.249
1596460637.25375	228.868	0.043	3.981	324.504	0.212
1596460637.26851	228.892	0.041	3.659	324.423	0.213
1596460637.30577	228.866	0.038	3.384	324.504	0.193
1596460637.32075	228.909	0.045	4.190	324.504	0.225
1596460637.32939	228.869	0.047	4.441	324.504	0.229
1596460637.36674	228.863	0.055	5.259	324.504	0.255
1596460637.36837	228.864	0.048	4.528	324.504	0.238
1596460637.40574	228.882	0.045	4.140	324.423	0.226
1596460637.41974	228.925	0.037	3.387	324.504	0.193
1596460637.42840	228.938	0.045	4.127	324.423	0.219
1596460637.46534	228.866	0.049	4.600	324.504	0.241
1596460637.47645	228.889	0.040	3.658	324.584	0.217
1596460637.48831	228.870	0.035	3.125	324.665	0.186
1596460637.52576	228.963	0.037	3.257	324.584	0.193
1596460637.53441	228.923	0.038	3.352	324.504	0.198
1596460637.57136	228.961	0.042	3.816	324.665	0.207
1596460637.61673	228.959	0.039	3.552	324.665	0.205
1596460637.61841	229.132	0.039	3.443	324.665	0.195
1596460637.62833	229.156	0.038	3.452	324.745	0.199
1596460637.66536	229.085	0.038	3.471	324.745	0.200
1596460637.67875	229.018	0.038	3.415	324.504	0.199
1596460637.68841	228.953	0.036	3.213	324.665	0.183
1596460637.72576	228.993	0.042	3.797	324.504	0.214
1596460637.73738	229.051	0.042	3.804	324.665	0.206
1596460637.74840	229.084	0.040	3.570	324.584	0.202
1596460637.78539	229.099	0.025	1.978	324.745	0.166
1596460637.80629	229.106	0.012	0.942	324.745	0.064
1596460637.80818	229.060	0.012	0.904	324.745	0.066
1596460637.84529	229.126	0.012	0.907	324.745	0.062
1596460637.84621	229.111	0.011	0.798	324.906	0.058
1596460637.88421	229.111	0.011	0.804	324.906	0.058
1596460637.90048	229.199	0.012	0.919	324.986	0.064
1596460637.90976	229.178	0.012	0.959	324.986	0.068
1596460637.94677	229.129	0.012	0.864	324.906	0.064
1596460637.95739	229.080	0.011	0.880	325.067	0.062
1596460637.96841	229.120	0.012	0.948	325.067	0.070
1596460638.00675	229.098	0.012	0.935	324.825	0.067
1596460638.02679	229.175	0.012	0.934	325.067	0.062
1596460638.03378	229.191	0.012	0.906	325.067	0.070
1596460638.07077	229.177	0.012	0.923	324.986	0.067
1596460638.07642	229.156	0.012	0.908	324.986	0.071
1596460638.11478	229.134	0.012	0.894	324.986	0.068
1596460638.11638	229.090	0.012	0.868	324.986	0.070
1596460638.15478	229.079	0.012	0.934	324.986	0.067
1596460638.16678	229.095	0.012	0.923	324.906	0.072
1596460638.20478	229.067	0.012	0.925	324.745	0.073
1596460638.22682	229.133	0.011	0.852	324.986	0.063
1596460638.26880	229.153	0.012	0.954	324.986	0.066
1596460638.27735	229.118	0.013	0.995	324.986	0.073
1596460638.28934	229.124	0.013	0.998	324.906	0.073
1596460638.32877	229.118	0.012	0.977	324.906	0.067
1596460638.33876	229.128	0.013	0.991	324.906	0.073
1596460638.34843	229.163	0.013	1.009	324.986	0.072
1596460638.38542	229.179	0.013	1.002	325.067	0.072
1596460638.38641	229.206	0.013	0.988	325.067	0.072
1596460638.42581	229.210	0.013	1.024	324.986	0.072
1596460638.44479	229.149	0.012	0.960	324.906	0.063
1596460638.45342	229.180	0.012	0.993	324.986	0.075
1596460638.49178	229.093	0.012	0.961	324.986	0.067
1596460638.49840	229.041	0.012	0.948	324.745	0.068
1596460638.50846	229.118	0.013	1.007	324.825	0.069
1596460638.54580	229.146	0.012	0.986	324.906	0.071
1596460638.54643	229.082	0.012	0.977	324.825	0.068
1596460638.58440	229.119	0.013	1.004	324.906	0.067
1596460638.62579	229.125	0.013	0.936	324.825	0.070
1596460638.62644	229.158	0.013	1.056	324.986	0.073
1596460638.63880	229.160	0.013	0.949	324.986	0.069
1596460638.67545	229.111	0.013	0.991	324.745	0.069
1596460638.67646	229.027	0.013	0.960	325.067	0.069
1596460638.68855	229.130	0.013	0.973	324.986	0.069
1596460638.72528	229.189	0.013	0.968	324.986	0.071
1596460638.72817	229.156	0.013	1.087	325.067	0.076
1596460638.76525	229.198	0.012	0.906	325.067	0.068
1596460638.77625	229.244	0.012	0.919	325.147	0.069
1596460638.81426	229.237	0.011	0.840	325.067	0.068
1596460638.81548	229.308	0.012	0.899	325.228	0.064
1596460638.82837	229.302	0.011	0.849	325.067	0.062
1596460638.86580	229.328	0.012	0.920	325.228	0.066
1596460638.86643	229.340	0.012	0.974	325.389	0.068
1596460638.90439	229.356	0.012	0.945	325.308	0.069
1596460638.92040	229.263	0.013	1.025	325.228	0.075
1596460638.92845	229.297	0.013	1.047	325.228	0.073
1596460638.96581	229.295	0.013	1.017	325.147	0.079
1596460638.96645	229.291	0.013	1.042	325.228	0.076
1596460639.00441	229.283	0.013	1.035	325.147	0.074
1596460639.04385	229.341	0.013	1.029	325.228	0.076
1596460639.04445	229.268	0.013	0.957	325.067	0.069
1596460639.04538	229.217	0.013	1.025	325.067	0.073
1596460639.08340	229.248	0.013	1.054	325.067	0.074
1596460639.08447	229.224	0.013	1.039	324.986	0.072
1596460639.12281	229.249	0.014	1.067	325.067	0.074
1596460639.16080	229.193	0.013	0.997	325.147	0.071
1596460639.16145	229.248	0.013	1.001	324.986	0.072
1596460639.20082	229.253	0.012	0.942	325.067	0.068
1596460639.20148	229.219	0.012	0.855	324.986	0.064
1596460639.21680	229.240	0.012	0.907	325.067	0.064
1596460639.25490	229.256	0.012	0.917	324.906	0.071
1596460639.25545	229.228	0.012	0.873	325.147	0.066
1596460639.29483	229.313	0.012	0.890	325.147	0.069
1596460639.29642	229.331	0.012	0.912	325.147	0.067
1596460639.30951	229.332	0.012	0.874	325.228	0.061
1596460639.34682	229.294	0.012	0.922	325.228	0.063
1596460639.34846	229.286	0.012	0.881	325.147	0.070
1596460639.38681	229.272	0.011	0.897	325.067	0.062
1596460639.43186	229.298	0.013	1.036	324.986	0.072
1596460639.43348	229.281	0.019	1.550	325.067	0.105
1596460639.43947	229.257	0.020	1.641	325.067	0.111
1596460639.47639	229.256	0.014	1.094	325.308	0.075
1596460639.47827	229.209	0.014	1.036	325.147	0.079
1596460639.49827	229.197	0.016	1.267	325.067	0.086
1596460639.50828	229.227	0.015	1.245	324.906	0.084
1596460639.54682	229.204	0.016	1.214	325.067	0.085
1596460639.55786	229.196	0.016	1.204	325.067	0.085
1596460639.56848	229.198	0.015	1.175	324.825	0.083
1596460639.60583	229.225	0.016	1.239	325.067	0.085
1596460639.61845	229.180	0.016	1.201	324.986	0.081
1596460639.62848	229.213	0.015	1.199	325.067	0.080
1596460639.66583	229.178	0.016	1.250	324.906	0.088
1596460639.66649	229.158	0.015	1.242	324.986	0.091
1596460639.70883	229.171	0.015	1.250	324.986	0.087
1596460639.75084	229.253	0.016	1.291	325.147	0.087
1596460639.75148	229.201	0.016	1.275	325.067	0.085
1596460639.76483	229.177	0.015	1.260	325.308	0.085
1596460639.80185	229.204	0.015	1.210	325.067	0.085
1596460639.80348	229.134	0.015	1.221	324.986	0.083
1596460639.81645	229.126	0.016	1.258	324.986	0.088
1596460639.85484	229.175	0.016	1.276	325.067	0.092
1596460639.85548	229.162	0.016	1.277	324.986	0.086
1596460639.89384	229.161	0.015	1.240	325.147	0.086
1596460639.89446	229.153	0.016	1.269	325.147	0.087
1596460639.93385	229.215	0.016	1.294	324.986	0.086
1596460639.93544	229.178	0.016	1.252	325.147	0.084
1596460639.94638	229.216	0.016	1.269	325.067	0.088
1596460639.98556	229.222	0.015	1.216	325.308	0.087
1596460639.98642	229.200	0.014	1.081	325.067	0.079
1596460640.02480	229.154	0.014	1.090	325.067	0.078
1596460640.03686	229.157	0.014	1.072	324.986	0.073
1596460640.04849	229.101	0.014	1.094	325.067	0.081
1596460640.08684	229.209	0.014	1.136	325.147	0.080
1596460640.09888	229.196	0.014	1.081	325.228	0.079
1596460640.11087	229.239	0.014	1.070	325.228	0.075
1596460640.14986	229.227	0.014	1.116	325.147	0.081
1596460640.15049	229.167	0.014	1.101	325.147	0.075
1596460640.18882	229.178	0.014	1.052	325.147	0.081
1596460640.23995	229.171	0.014	1.097	325.147	0.082
1596460640.25486	229.176	0.014	1.069	325.147	0.079
1596460640.29386	229.157	0.014	1.035	325.147	0.075
1596460640.29450	229.209	0.014	1.054	325.147	0.078
1596460640.30642	229.291	0.014	1.081	325.067	0.078
1596460640.35683	229.232	0.013	1.028	325.147	0.074
1596460640.35985	229.193	0.014	1.042	325.067	0.078
1596460640.36851	229.139	0.014	1.016	324.986	0.078
1596460640.40655	229.097	0.014	1.034	325.067	0.078
1596460640.41886	229.176	0.014	1.044	324.986	0.076
1596460640.42853	229.216	0.014	1.093	325.067	0.075
1596460640.46586	229.225	0.014	1.073	324.986	0.076
1596460640.46650	229.192	0.014	1.093	325.067	0.079
1596460640.50487	229.207	0.014	1.025	325.067	0.078
1596460640.52548	229.163	0.014	1.073	324.986	0.076
1596460640.53346	229.144	0.014	1.102	325.147	0.082
1596460640.56087	229.162	0.014	1.135	325.067	0.073
1596460640.59890	229.183	0.014	1.090	324.986	0.081
1596460640.60353	229.176	0.014	1.047	325.067	0.079
1596460640.64045	229.224	0.014	1.053	324.986	0.079
1596460640.64143	229.231	0.014	1.099	325.067	0.081
1596460640.65044	229.258	0.014	1.023	325.067	0.076
1596460640.68880	229.188	0.014	1.044	325.067	0.078
1596460640.68945	229.226	0.014	1.076	325.147	0.076
1596460640.72887	229.211	0.014	1.119	325.147	0.076
1596460640.73848	229.174	0.014	1.062	325.067	0.078
1596460640.77556	229.202	0.014	1.066	325.147	0.073
1596460640.77842	229.257	0.014	1.097	325.228	0.081
1596460640.78883	229.292	0.014	1.124	325.147	0.080
1596460640.82588	229.314	0.014	1.050	325.228	0.076
1596460640.83649	229.314	0.014	1.049	325.147	0.078
1596460640.84853	229.327	0.014	1.139	325.308	0.078
1596460640.88687	229.259	0.014	1.106	325.147	0.073
1596460640.89887	229.345	0.014	1.076	325.147	0.074
1596460640.90852	229.262	0.014	1.048	325.228	0.074
1596460640.94548	229.332	0.014	1.031	325.228	0.078
1596460640.94659	229.331	0.014	1.045	325.228	0.076
1596460640.98488	229.338	0.014	1.071	325.228	0.076
1596460641.03690	229.308	0.014	1.030	325.228	0.079
1596460641.03854	229.303	0.014	1.026	325.228	0.075
1596460641.07890	229.243	0.014	1.091	325.147	0.076
1596460641.07953	229.260	0.014	1.040	325.147	0.073
1596460641.10058	229.268	0.014	1.075	325.228	0.076
1596460641.13844	229.391	0.014	1.131	325.389	0.074
1596460641.13934	229.397	0.014	1.147	325.308	0.080
1596460641.14832	229.428	0.014	1.116	325.389	0.075
1596460641.18528	229.305	0.014	1.091	325.389	0.079
1596460641.19637	229.319	0.014	1.089	325.469	0.075
1596460641.20637	229.298	0.014	1.088	325.469	0.075
1596460641.24430	229.314	0.014	1.095	325.228	0.074
1596460641.25629	229.343	0.014	1.090	325.389	0.079
1596460641.26634	229.391	0.014	1.125	325.308	0.079
1596460641.30440	229.412	0.014	1.094	325.228	0.078
1596460641.31630	229.390	0.014	1.107	325.389	0.076
1596460641.32836	229.381	0.013	1.082	325.308	0.074
1596460641.36686	229.362	0.014	1.095	325.389	0.083
1596460641.37890	229.409	0.014	1.097	325.389	0.079
1596460641.38855	229.367	0.014	1.085	325.389	0.079
1596460641.42575	229.248	0.014	1.065	325.389	0.081
1596460641.46394	229.303	0.014	1.147	325.228	0.083
1596460641.46457	229.217	0.014	1.059	325.228	0.079
1596460641.50566	229.253	0.014	1.084	325.067	0.076
1596460641.50646	229.242	0.014	1.115	325.147	0.084
1596460641.51685	229.260	0.014	1.130	325.228	0.076
1596460641.52853	229.221	0.014	1.079	325.308	0.074
1596460641.56578	229.218	0.014	1.089	325.067	0.075
1596460641.57653	229.155	0.014	1.079	325.228	0.075
1596460641.58655	229.202	0.014	1.099	324.906	0.075
1596460641.63192	229.210	0.014	1.136	325.147	0.076
1596460641.63356	229.256	0.014	1.104	325.228	0.078
1596460641.64652	229.297	0.014	1.131	325.308	0.079
1596460641.68592	229.328	0.014	1.111	325.147	0.074
1596460641.69650	229.310	0.014	1.032	325.228	0.075
1596460641.70651	229.328	0.014	1.088	325.228	0.081
1596460641.74574	229.294	0.014	1.092	325.228	0.075
1596460641.74656	229.281	0.014	1.124	325.308	0.078
1596460641.78492	229.311	0.014	1.103	325.147	0.078
1596460641.79355	229.286	0.015	1.165	325.469	0.078
1596460641.83091	229.176	0.015	1.162	325.308	0.075
1596460641.83653	229.135	0.015	1.212	324.906	0.079
1596460641.84657	229.200	0.016	1.284	325.067	0.087
1596460641.88459	229.244	0.016	1.266	325.067	0.087
1596460641.90093	229.261	0.015	1.242	325.067	0.084
1596460641.90854	229.196	0.015	1.242	325.228	0.085
1596460641.94575	229.177	0.016	1.218	325.147	0.083
1596460641.95754	229.228	0.016	1.215	325.067	0.084
1596460641.96857	229.235	0.015	1.243	325.067	0.084
1596460642.00691	229.206	0.015	1.158	324.986	0.087
1596460642.01891	229.204	0.015	1.233	325.067	0.086
1596460642.02792	229.168	0.015	1.219	325.067	0.082
1596460642.07693	229.133	0.015	1.208	324.906	0.086
1596460642.08457	229.164	0.016	1.244	324.986	0.087
1596460642.12172	229.134	0.016	1.252	325.067	0.087
1596460642.12356	229.185	0.015	1.246	325.067	0.084
1596460642.13393	229.147	0.015	1.203	324.986	0.085
1596460642.17193	229.164	0.014	1.069	325.067	0.079
1596460642.18455	229.145	0.014	1.040	325.067	0.074
1596460642.22176	229.178	0.014	1.041	324.986	0.075
1596460642.22353	229.138	0.014	1.034	324.986	0.074
1596460642.22563	229.188	0.014	1.135	324.825	0.082
1596460642.26396	229.179	0.014	1.114	324.986	0.080
1596460642.28895	229.214	0.014	1.119	324.906	0.078
1596460642.32694	229.111	0.014	1.075	324.906	0.080
1596460642.33893	229.065	0.014	1.047	324.745	0.080
1596460642.34958	229.002	0.014	1.054	324.745	0.078
1596460642.38888	229.052	0.014	1.077	324.906	0.078
1596460642.38953	229.068	0.014	1.087	324.906	0.081
1596460642.42693	228.965	0.013	1.013	324.745	0.075
1596460642.43492	228.908	0.014	1.042	324.665	0.074
1596460642.47194	228.937	0.014	1.071	324.584	0.076
1596460642.47358	228.940	0.014	1.065	324.665	0.073
1596460642.51055	228.922	0.014	1.090	324.584	0.078
1596460642.51163	228.972	0.014	1.131	324.745	0.075
1596460642.55063	229.026	0.014	1.076	324.665	0.078
1596460642.55151	229.027	0.014	1.079	324.745	0.074
1596460642.58995	229.168	0.015	1.135	324.745	0.075
1596460642.59656	229.162	0.014	1.071	324.986	0.079
1596460642.63492	229.123	0.014	1.112	324.825	0.078
1596460642.63656	229.055	0.014	1.085	324.825	0.074
1596460642.64695	229.223	0.015	1.187	325.067	0.087
1596460642.68460	229.176	0.014	1.093	324.986	0.084
1596460642.69659	229.246	0.014	1.083	325.067	0.078
1596460642.70657	229.306	0.014	1.106	325.067	0.078
1596460642.74454	229.278	0.014	1.096	325.147	0.079
1596460642.76077	229.314	0.014	1.098	325.147	0.079
1596460642.76976	229.310	0.014	1.054	325.228	0.075
1596460642.80794	229.288	0.014	1.090	325.067	0.076
1596460642.81857	229.394	0.015	1.121	325.147	0.079
1596460642.82859	229.400	0.014	1.085	325.308	0.078
1596460642.86694	229.385	0.014	1.062	325.308	0.079
1596460642.86859	229.357	0.014	1.069	325.389	0.082
1596460642.90698	229.397	0.014	1.090	325.228	0.076
1596460642.91461	229.364	0.014	1.078	325.308	0.074
1596460642.95195	229.402	0.014	1.084	325.308	0.079
1596460642.95358	229.390	0.014	1.067	325.469	0.076
1596460642.96660	229.376	0.014	1.032	325.308	0.079
1596460643.00495	229.319	0.014	1.025	325.147	0.075
1596460643.01697	229.340	0.015	1.143	325.308	0.079
1596460643.02695	229.299	0.014	1.028	325.389	0.074
1596460643.06497	229.312	0.017	1.311	325.228	0.091
1596460643.07659	229.363	0.017	1.383	325.308	0.094
1596460643.08857	229.288	0.017	1.364	325.389	0.098
1596460643.12696	229.281	0.019	1.513	325.147	0.108
1596460643.13894	229.259	0.016	1.250	325.228	0.091
1596460643.14895	229.309	0.016	1.267	325.228	0.085
1596460643.19196	229.297	0.016	1.237	325.228	0.088
1596460643.19363	229.256	0.016	1.250	325.147	0.093
1596460643.23095	229.294	0.015	1.225	325.147	0.093
1596460643.23562	229.351	0.014	1.015	325.228	0.075
1596460643.27378	229.352	0.013	1.015	325.228	0.076
1596460643.27464	229.327	0.013	0.997	325.308	0.069
1596460643.31197	229.335	0.013	1.013	325.147	0.072
1596460643.31359	229.336	0.014	1.017	325.308	0.076
1596460643.33697	229.399	0.014	1.039	325.389	0.075
1596460643.34695	229.361	0.014	1.037	325.389	0.075
1596460643.38497	229.415	0.016	1.301	325.308	0.091
1596460643.39654	229.420	0.016	1.260	325.228	0.090
1596460643.40660	229.408	0.014	1.109	325.308	0.081
1596460643.44574	229.419	0.016	1.232	325.308	0.082
1596460643.44661	229.423	0.015	1.211	325.389	0.084
1596460643.49498	229.350	0.016	1.271	325.308	0.084
1596460643.49560	229.353	0.016	1.291	325.228	0.088
1596460643.50696	229.352	0.016	1.294	325.228	0.087
1596460643.54461	229.362	0.016	1.283	325.147	0.088
1596460643.54567	229.353	0.016	1.250	325.147	0.083
1596460643.58400	229.340	0.016	1.210	325.228	0.085
1596460643.62401	229.389	0.016	1.343	325.308	0.091
1596460643.62563	229.424	0.016	1.316	325.228	0.090
1596460643.66697	229.422	0.016	1.307	325.308	0.090
1596460643.67400	229.436	0.016	1.284	325.308	0.085
1596460643.71060	229.445	0.016	1.292	325.469	0.087
1596460643.71159	229.414	0.016	1.307	325.308	0.088
1596460643.76093	229.447	0.016	1.309	325.228	0.092
1596460643.76155	229.484	0.014	1.034	325.389	0.078
1596460643.80099	229.510	0.014	1.118	325.389	0.081
1596460643.80160	229.480	0.013	1.038	325.550	0.072
1596460643.80358	229.486	0.013	1.036	325.469	0.076
1596460643.84059	229.447	0.013	0.989	325.308	0.070
1596460643.85374	229.485	0.013	1.076	325.550	0.074
1596460643.89293	229.491	0.013	1.019	325.630	0.072
1596460643.93163	229.594	0.013	1.042	325.550	0.073
1596460643.93367	229.591	0.013	1.050	325.630	0.072
1596460643.97098	229.555	0.013	1.028	325.711	0.075
1596460643.97163	229.607	0.013	1.046	325.550	0.074
1596460644.00997	229.579	0.015	1.181	325.630	0.082
1596460644.01052	229.560	0.013	0.991	325.550	0.075
1596460644.04899	229.495	0.013	1.033	325.550	0.080
1596460644.05060	229.460	0.013	1.006	325.469	0.070
1596460644.08899	229.384	0.013	1.014	325.469	0.072
1596460644.10701	229.381	0.013	0.964	325.469	0.072
1596460644.14507	229.367	0.013	0.990	325.228	0.075
1596460644.15200	229.437	0.013	0.985	325.389	0.072
1596460644.19000	229.389	0.013	0.940	325.389	0.071
1596460644.19669	229.397	0.013	1.010	325.389	0.073
1596460644.23468	229.413	0.015	1.227	325.389	0.082
1596460644.23657	229.401	0.016	1.275	325.228	0.086
1596460644.28702	229.376	0.016	1.328	325.308	0.091
1596460644.28866	229.378	0.016	1.263	325.228	0.092
1596460644.30801	229.345	0.020	1.661	325.308	0.117
1596460644.31565	229.380	0.025	2.093	325.147	0.136
1596460644.32865	229.333	0.021	1.652	325.147	0.114
1596460644.36705	229.361	0.020	1.673	325.147	0.111
1596460644.36865	229.461	0.020	1.678	325.308	0.112
1596460644.40650	229.366	0.020	1.635	325.228	0.106
1596460644.42047	229.268	0.020	1.644	325.067	0.106
1596460644.42946	229.286	0.020	1.654	325.147	0.106
1596460644.46759	229.310	0.020	1.656	325.147	0.109
1596460644.46966	229.309	0.020	1.645	325.067	0.107
1596460644.50701	229.330	0.020	1.689	325.147	0.111
1596460644.55002	229.332	0.020	1.642	325.228	0.108
1596460644.55066	229.333	0.020	1.683	325.067	0.110
1596460644.55663	229.393	0.020	1.700	325.228	0.109
1596460644.60502	229.401	0.020	1.661	325.228	0.107
1596460644.60562	229.395	0.020	1.656	325.147	0.107
1596460644.61656	229.346	0.020	1.669	325.147	0.108
1596460644.62660	229.308	0.020	1.663	325.067	0.107
1596460644.66508	229.275	0.020	1.659	324.986	0.106
1596460644.67063	229.356	0.020	1.646	325.067	0.109
1596460644.70908	229.305	0.020	1.653	325.147	0.114
1596460644.71464	229.343	0.020	1.703	325.147	0.109
1596460644.75301	229.316	0.020	1.674	325.147	0.106
1596460644.75563	229.357	0.020	1.640	325.067	0.108
1596460644.80404	229.330	0.020	1.649	325.067	0.109
1596460644.80568	229.354	0.020	1.659	325.147	0.110
1596460644.80659	229.375	0.020	1.629	324.986	0.111
1596460644.84502	229.257	0.020	1.602	324.986	0.110
1596460644.85464	229.257	0.020	1.616	324.986	0.105
1596460644.87716	229.240	0.020	1.643	324.986	0.109
1596460644.92506	229.142	0.020	1.644	324.906	0.110
1596460644.92563	229.199	0.020	1.674	324.906	0.111
1596460644.92666	229.288	0.020	1.681	325.147	0.108
1596460644.95000	229.286	0.020	1.671	324.986	0.107
1596460644.98702	229.287	0.020	1.660	325.067	0.106
1596460644.98766	229.322	0.021	1.677	324.986	0.112
1596460645.00871	229.363	0.020	1.719	325.147	0.109
1596460645.05605	229.370	0.020	1.667	324.986	0.109
1596460645.09297	229.446	0.021	1.722	325.147	0.110
1596460645.09468	229.498	0.020	1.695	325.308	0.110
1596460645.13204	229.504	0.020	1.681	325.228	0.112
1596460645.13269	229.485	0.020	1.671	325.308	0.106
1596460645.15711	229.454	0.020	1.649	325.308	0.105
1596460645.20508	229.507	0.020	1.670	325.228	0.111
1596460645.20664	229.435	0.020	1.653	325.228	0.110
1596460645.20756	229.566	0.020	1.705	325.389	0.110
1596460645.24604	229.561	0.020	1.686	325.308	0.110
1596460645.25470	229.538	0.020	1.677	325.308	0.109
1596460645.26704	229.588	0.020	1.708	325.389	0.109
1596460645.30501	229.598	0.021	1.689	325.308	0.111
1596460645.30561	229.638	0.021	1.685	325.469	0.111
1596460645.34304	229.607	0.021	1.728	325.469	0.115
1596460645.38167	229.569	0.017	1.339	325.550	0.091
1596460645.38268	229.610	0.017	1.328	325.389	0.090
1596460645.38463	229.664	0.019	1.515	325.469	0.106
1596460645.42211	229.658	0.020	1.653	325.389	0.116
1596460645.43005	229.643	0.021	1.733	325.389	0.109
1596460645.46670	229.639	0.021	1.777	325.550	0.116
1596460645.46768	229.603	0.023	1.944	325.469	0.129
1596460645.50584	229.606	0.023	1.873	325.550	0.133
1596460645.51709	229.585	0.023	1.899	325.469	0.130
1596460645.52668	229.598	0.024	1.987	325.550	0.133
1596460645.56512	229.523	0.023	1.938	325.389	0.139
1596460645.58705	229.480	0.024	1.977	325.308	0.131
1596460645.62502	229.526	0.025	2.091	325.308	0.134
1596460645.62562	229.517	0.024	1.983	325.389	0.129
1596460645.66308	229.586	0.024	2.037	325.389	0.130
1596460645.68069	229.564	0.024	1.930	325.389	0.131
1596460645.68884	229.540	0.023	1.925	325.389	0.120
1596460645.70671	229.413	0.023	1.910	325.308	0.126
1596460645.74456	229.461	0.024	1.963	325.308	0.129
1596460645.75253	229.458	0.023	1.921	325.147	0.128
1596460645.79107	229.427	0.023	1.891	325.228	0.126
1596460645.79170	229.503	0.023	1.900	325.228	0.127
1596460645.83008	229.580	0.024	1.971	325.469	0.127
1596460645.84069	229.482	0.023	1.896	325.389	0.128
1596460645.88007	229.531	0.024	1.946	325.308	0.127
1596460645.88071	229.528	0.024	2.002	325.389	0.128
1596460645.89809	229.564	0.026	2.194	325.389	0.139
1596460645.93607	229.520	0.027	2.301	325.389	0.157
1596460645.93670	229.480	0.025	2.057	325.469	0.133
1596460645.94667	229.521	0.024	2.055	325.389	0.130
1596460645.96807	229.597	0.025	2.102	325.308	0.134
1596460646.00706	229.597	0.025	2.136	325.389	0.135
1596460646.00771	229.594	0.025	2.107	325.469	0.140
1596460646.04588	229.606	0.025	2.052	325.550	0.133
1596460646.04665	229.544	0.027	2.262	325.469	0.145
1596460646.08515	229.588	0.025	2.141	325.469	0.138
1596460646.08573	229.581	0.025	2.122	325.389	0.132
1596460646.12515	229.519	0.026	2.221	325.389	0.142
1596460646.13173	229.545	0.027	2.284	325.389	0.144
1596460646.17107	229.583	0.027	2.307	325.389	0.140
1596460646.17172	229.522	0.026	2.208	325.308	0.140
1596460646.20986	229.551	0.028	2.343	325.389	0.144
1596460646.21073	229.517	0.027	2.294	325.308	0.143
1596460646.24809	229.555	0.027	2.309	325.469	0.144
1596460646.24973	229.574	0.028	2.373	325.630	0.145
1596460646.28806	229.637	0.028	2.428	325.630	0.150
1596460646.28973	229.571	0.027	2.239	325.469	0.144
1596460646.32808	229.632	0.030	2.557	325.711	0.158
1596460646.33473	229.623	0.031	2.659	325.550	0.169
1596460646.37175	229.592	0.028	2.420	325.630	0.157
1596460646.37269	229.627	0.028	2.352	325.711	0.151
1596460646.41323	229.536	0.032	2.719	325.469	0.179
1596460646.41476	229.460	0.033	2.830	325.389	0.177
1596460646.43715	229.491	0.030	2.556	325.550	0.157
1596460646.47474	229.535	0.030	2.596	325.550	0.157
1596460646.48710	229.511	0.031	2.637	325.308	0.162
1596460646.50771	229.550	0.032	2.805	325.469	0.177
1596460646.54709	229.619	0.031	2.680	325.550	0.173
1596460646.54773	229.662	0.042	3.862	325.469	0.214
1596460646.58610	229.746	0.044	4.115	325.630	0.218
1596460646.58674	229.727	0.052	5.056	325.550	0.249
1596460646.62471	229.706	0.053	5.076	325.550	0.247
1596460646.66310	229.709	0.053	5.078	325.630	0.251
1596460646.66474	229.645	0.050	4.667	325.711	0.234
1596460646.70209	229.719	0.036	3.232	325.630	0.199
1596460646.70274	229.670	0.031	2.707	325.630	0.166
1596460646.70466	229.686	0.030	2.600	325.550	0.159
1596460646.74211	229.731	0.030	2.632	325.550	0.161
1596460646.74274	229.668	0.030	2.619	325.550	0.158
1596460646.78117	229.649	0.030	2.607	325.550	0.155
1596460646.79772	229.646	0.030	2.616	325.469	0.158
1596460646.80678	229.642	0.030	2.597	325.389	0.155
1596460646.84520	229.590	0.030	2.582	325.550	0.163
1596460646.84577	229.578	0.031	2.659	325.550	0.167
1596460646.88611	229.557	0.035	3.058	325.550	0.198
1596460646.89176	229.488	0.030	2.595	325.389	0.163
1596460646.93109	229.565	0.035	3.049	325.308	0.185
1596460646.93175	229.606	0.037	3.236	325.389	0.190
1596460646.97078	229.591	0.036	3.189	325.308	0.185
1596460646.97167	229.610	0.036	3.251	325.469	0.186
1596460647.00973	229.618	0.036	3.224	325.389	0.189
1596460647.01578	229.539	0.035	3.052	325.389	0.187
1596460647.05413	229.470	0.030	2.608	325.308	0.161
1596460647.05476	229.484	0.030	2.602	325.228	0.159
1596460647.06771	229.506	0.030	2.617	325.308	0.155
1596460647.11012	229.471	0.030	2.609	325.228	0.159
1596460647.11173	229.426	0.030	2.595	325.308	0.158
1596460647.15013	229.473	0.030	2.595	325.389	0.158
1596460647.15076	229.489	0.030	2.620	325.308	0.161
1596460647.18770	229.505	0.030	2.594	325.147	0.154
1596460647.18965	229.449	0.030	2.628	325.308	0.152
1596460647.22712	229.448	0.030	2.579	325.147	0.156
1596460647.22776	229.388	0.030	2.576	325.308	0.162
1596460647.26588	229.473	0.030	2.620	325.067	0.154
1596460647.28013	229.496	0.030	2.601	325.308	0.158
1596460647.28677	229.568	0.031	2.760	325.389	0.165
1596460647.32518	229.475	0.036	3.161	325.469	0.186
1596460647.34813	229.391	0.036	3.159	325.308	0.191
1596460647.38614	229.406	0.037	3.220	325.147	0.190
1596460647.38677	229.500	0.036	3.124	325.228	0.183
1596460647.42475	229.515	0.030	2.635	325.389	0.163
1596460647.44612	229.566	0.030	2.646	325.147	0.161
1596460647.48313	229.557	0.030	2.615	325.389	0.164
1596460647.48478	229.515	0.040	3.607	325.308	0.217
1596460647.53114	229.512	0.043	3.999	325.228	0.213
1596460647.53178	229.552	0.044	4.019	325.228	0.213
1596460647.53271	229.550	0.044	4.091	325.308	0.225
1596460647.54614	229.562	0.044	4.004	325.550	0.219
1596460647.58313	229.553	0.044	3.993	325.389	0.222
1596460647.59576	229.489	0.044	3.979	325.308	0.216
1596460647.60678	229.569	0.044	3.974	325.308	0.215
1596460647.64518	229.395	0.044	3.980	325.228	0.221
1596460647.64578	229.415	0.044	3.974	325.389	0.218
1596460647.68274	229.403	0.044	3.991	325.147	0.222
1596460647.69174	229.395	0.044	4.039	325.228	0.225
1596460647.73063	229.383	0.044	4.026	325.228	0.219
1596460647.73159	229.437	0.044	4.030	325.308	0.221
1596460647.77081	229.483	0.044	4.025	325.389	0.221
1596460647.77772	229.440	0.044	4.005	325.469	0.219
1596460647.78772	229.473	0.044	3.974	325.469	0.215
1596460647.83218	229.483	0.044	4.037	325.469	0.218
1596460647.84815	229.516	0.044	4.022	325.308	0.217
1596460647.88713	229.534	0.044	4.046	325.550	0.225
1596460647.88779	229.559	0.044	3.985	325.550	0.223
1596460647.92713	229.603	0.044	4.007	325.389	0.218
1596460647.92779	229.631	0.044	3.996	325.469	0.221
1596460647.96615	229.547	0.044	3.973	325.550	0.225
1596460647.96679	229.512	0.044	3.946	325.308	0.218
1596460648.00676	229.465	0.044	4.004	325.308	0.223
1596460648.00783	229.514	0.044	4.052	325.389	0.217
1596460648.04715	229.543	0.044	3.983	325.389	0.218
1596460648.05480	229.442	0.044	3.997	325.308	0.219
1596460648.07615	229.450	0.044	4.033	325.389	0.217
1596460648.12316	229.431	0.044	4.026	325.308	0.217
1596460648.12480	229.394	0.044	3.965	325.228	0.221
1596460648.16216	229.331	0.044	3.995	325.147	0.218
1596460648.16280	229.362	0.044	4.022	325.308	0.229
1596460648.16976	229.336	0.044	3.981	325.228	0.224
1596460648.20779	229.405	0.044	3.956	325.308	0.217
1596460648.20973	229.379	0.043	3.974	325.147	0.211
1596460648.24815	229.337	0.043	3.954	325.147	0.216
1596460648.24981	229.292	0.044	4.022	324.986	0.223
1596460648.28696	229.285	0.044	4.025	324.986	0.224
1596460648.28778	229.282	0.044	3.979	325.067	0.224
1596460648.33018	229.361	0.044	4.033	325.228	0.219
1596460648.33082	229.379	0.044	3.998	325.067	0.217
1596460648.36993	229.333	0.044	4.028	325.147	0.222
1596460648.37073	229.323	0.044	4.011	325.228	0.223
1596460648.41017	229.329	0.044	4.066	325.147	0.225
1596460648.41477	229.286	0.044	4.018	325.067	0.221
1596460648.45179	229.340	0.044	4.037	325.147	0.221
1596460648.45282	229.290	0.044	4.009	325.067	0.218
1596460648.49117	229.328	0.044	4.031	325.147	0.221
1596460648.49180	229.292	0.044	4.027	324.986	0.224
1596460648.53117	229.281	0.044	3.952	325.067	0.218
1596460648.53683	229.265	0.044	3.967	325.147	0.219
1596460648.57517	229.318	0.044	4.019	325.067	0.217
1596460648.57581	229.299	0.043	3.824	325.067	0.218
1596460648.58676	229.311	0.039	3.507	325.067	0.205
1596460648.62618	229.311	0.038	3.350	324.986	0.189
1596460648.62783	229.284	0.038	3.369	325.067	0.191
1596460648.66615	229.221	0.038	3.339	325.067	0.195
1596460648.66684	229.295	0.038	3.373	325.067	0.198
1596460648.70518	229.292	0.037	3.311	325.067	0.193
1596460648.74319	229.302	0.038	3.310	324.986	0.193
1596460648.74580	229.365	0.038	3.369	325.067	0.199
1596460648.74682	229.406	0.038	3.352	325.228	0.199
1596460648.78588	229.448	0.038	3.355	325.228	0.200
1596460648.79322	229.508	0.038	3.346	325.228	0.201
1596460648.83084	229.523	0.037	3.321	325.308	0.194
1596460648.83180	229.460	0.038	3.305	325.228	0.197
1596460648.86981	229.514	0.038	3.357	325.308	0.200
1596460648.87178	229.533	0.037	3.326	325.308	0.195
1596460648.91020	229.506	0.037	3.326	325.469	0.191
1596460648.91182	229.531	0.037	3.284	325.308	0.189
1596460648.94981	229.544	0.038	3.365	325.389	0.197
1596460648.95083	229.595	0.038	3.324	325.389	0.200
1596460648.98818	229.518	0.038	3.335	325.469	0.198
1596460648.99780	229.543	0.038	3.335	325.308	0.191
1596460649.03622	229.470	0.037	3.277	325.389	0.187
1596460649.03780	229.518	0.038	3.344	325.389	0.199
1596460649.04777	229.543	0.038	3.342	325.550	0.202
1596460649.08598	229.412	0.038	3.344	325.469	0.200
1596460649.09590	229.442	0.038	3.354	325.308	0.193
1596460649.10619	229.404	0.037	3.313	325.308	0.192
1596460649.14283	229.407	0.038	3.361	325.308	0.200
1596460649.15723	229.457	0.038	3.344	325.308	0.203
1596460649.16785	229.383	0.037	3.320	325.389	0.192
1596460649.20619	229.325	0.037	3.310	325.147	0.192
1596460649.20681	229.305	0.038	3.340	325.147	0.190
1596460649.24529	229.313	0.038	3.368	325.228	0.197
1596460649.28820	229.410	0.038	3.370	325.308	0.193
1596460649.30085	229.403	0.038	3.367	325.147	0.193
1596460649.33820	229.387	0.038	3.299	325.308	0.199
1596460649.33977	229.391	0.038	3.319	325.228	0.194
1596460649.35684	229.376	0.038	3.335	325.308	0.195
1596460649.36659	229.381	0.038	3.323	325.228	0.193
1596460649.40527	229.384	0.038	3.319	325.228	0.198
1596460649.42578	229.371	0.038	3.322	325.389	0.194
1596460649.46280	229.326	0.038	3.332	325.389	0.200
1596460649.46591	229.323	0.037	3.319	325.067	0.193
1596460649.50321	229.354	0.038	3.372	325.067	0.195
1596460649.54720	229.372	0.038	3.329	325.228	0.191
1596460649.54785	229.371	0.038	3.312	325.228	0.197
1596460649.58579	229.382	0.038	3.344	325.228	0.197
1596460649.58820	229.334	0.038	3.289	325.147	0.195
1596460649.59985	229.264	0.038	3.309	325.147	0.191
1596460649.61185	229.227	0.038	3.324	325.067	0.195
1596460649.65120	229.227	0.038	3.308	325.147	0.194
1596460649.65185	229.220	0.038	3.333	325.228	0.197
1596460649.69121	229.225	0.038	3.334	325.067	0.199
1596460649.69187	229.210	0.038	3.363	325.228	0.195
1596460649.73327	229.217	0.038	3.301	325.067	0.191
1596460649.73486	229.216	0.038	3.345	325.067	0.198
1596460649.74679	229.265	0.038	3.377	325.147	0.194
1596460649.78527	229.308	0.038	3.367	325.228	0.194
1596460649.78586	229.289	0.038	3.362	324.986	0.193
1596460649.82284	229.310	0.038	3.363	325.147	0.190
1596460649.84221	229.234	0.038	3.313	325.067	0.195
1596460649.85784	229.283	0.038	3.317	325.067	0.198
1596460649.86688	229.341	0.038	3.334	325.147	0.193
1596460649.91891	229.311	0.038	3.283	325.147	0.194
1596460649.93180	229.361	0.038	3.325	325.308	0.198
1596460649.97223	229.331	0.038	3.335	325.308	0.198
1596460650.01023	229.381	0.038	3.335	325.147	0.194
1596460650.01187	229.354	0.038	3.337	325.147	0.195
1596460650.05023	229.347	0.038	3.317	325.147	0.197
1596460650.05087	229.347	0.038	3.307	325.389	0.198
1596460650.08823	229.339	0.038	3.319	325.228	0.194
1596460650.09088	229.351	0.038	3.311	325.228	0.190
1596460650.13024	229.379	0.038	3.351	325.308	0.200
1596460650.13088	229.381	0.038	3.340	325.147	0.198
1596460650.16927	229.341	0.038	3.346	325.147	0.192
1596460650.17092	229.296	0.038	3.319	325.147	0.195
1596460650.21217	229.283	0.038	3.322	325.308	0.195
1596460650.21289	229.278	0.038	3.341	325.308	0.198
1596460650.25125	229.279	0.038	3.322	325.067	0.194
1596460650.25587	229.298	0.038	3.325	325.228	0.198
1596460650.29499	229.284	0.038	3.342	325.067	0.197
1596460650.34529	229.295	0.038	3.364	325.067	0.200
1596460650.34786	229.287	0.038	3.322	324.986	0.198
1596460650.34989	229.256	0.038	3.326	325.067	0.193
1596460650.38822	229.342	0.038	3.389	325.228	0.189
1596460650.39488	229.299	0.038	3.331	325.067	0.193
1596460650.43227	229.249	0.038	3.354	325.067	0.200
1596460650.43286	229.267	0.038	3.340	324.986	0.195
1596460650.47087	229.293	0.037	3.355	324.986	0.189
1596460650.47281	229.302	0.037	3.298	324.986	0.192
1596460650.49726	229.306	0.038	3.358	325.147	0.190
1596460650.53624	229.288	0.038	3.318	325.067	0.197
1596460650.55689	229.298	0.038	3.351	325.147	0.193
1596460650.56788	229.272	0.037	3.303	324.986	0.190
1596460650.60686	229.319	0.038	3.366	325.067	0.195
1596460650.60793	229.352	0.038	3.327	325.067	0.197
1596460650.64632	229.366	0.038	3.316	324.986	0.197
1596460650.64789	229.289	0.038	3.325	325.067	0.192
1596460650.68726	229.328	0.038	3.342	325.067	0.194
1596460650.68790	229.342	0.038	3.355	325.308	0.197
1596460650.72626	229.222	0.037	3.293	325.147	0.200
1596460650.72690	229.179	0.038	3.305	324.986	0.198
1596460650.76487	229.209	0.037	3.331	324.906	0.193
1596460650.77493	229.098	0.037	3.282	324.906	0.191
1596460650.79628	229.128	0.038	3.334	324.906	0.198
1596460650.80591	229.147	0.038	3.303	324.986	0.197
1596460650.84532	229.163	0.038	3.334	324.906	0.193
1596460650.86625	229.243	0.038	3.343	325.067	0.195
1596460650.90290	229.190	0.038	3.371	325.147	0.203
1596460650.90789	229.296	0.038	3.395	325.228	0.200
1596460650.94625	229.298	0.038	3.347	325.147	0.193
1596460650.99025	229.309	0.038	3.347	325.228	0.192
1596460650.99191	229.398	0.038	3.305	325.147	0.197
1596460651.03028	229.351	0.037	3.324	325.228	0.197
1596460651.03221	229.359	0.037	3.327	325.228	0.191
1596460651.07027	229.411	0.038	3.366	325.308	0.192
1596460651.07128	229.398	0.038	3.338	325.389	0.198
1596460651.10798	229.407	0.038	3.371	325.308	0.197
1596460651.11733	229.361	0.037	3.337	325.228	0.191
1596460651.15829	229.397	0.038	3.355	325.228	0.195
1596460651.15989	229.344	0.038	3.324	325.228	0.191
1596460651.17730	229.383	0.038	3.357	325.228	0.198
1596460651.18693	229.387	0.038	3.372	325.389	0.199
1596460651.22483	229.351	0.038	3.331	325.308	0.194
1596460651.22583	229.340	0.038	3.303	325.228	0.198
1596460651.26305	229.412	0.038	3.378	325.469	0.202
1596460651.27694	229.474	0.038	3.303	325.389	0.201
1596460651.29711	229.473	0.038	3.381	325.389	0.200
1596460651.30686	229.481	0.038	3.321	325.469	0.197
1596460651.34531	229.493	0.038	3.342	325.389	0.194
1596460651.34693	229.459	0.038	3.362	325.550	0.193
1596460651.38486	229.526	0.038	3.407	325.550	0.201
1596460651.40588	229.488	0.037	3.324	325.469	0.198
1596460651.41501	229.416	0.038	3.313	325.469	0.191
1596460651.46328	229.455	0.038	3.318	325.469	0.195
1596460651.46589	229.366	0.038	3.326	325.389	0.200
1596460651.46695	229.296	0.038	3.318	325.389	0.200
1596460651.50527	229.300	0.037	3.288	325.389	0.200
1596460651.51485	229.253	0.038	3.345	325.147	0.197
1596460651.52693	229.290	0.038	3.291	325.228	0.198
1596460651.56533	229.330	0.038	3.311	325.147	0.195
1596460651.57228	229.337	0.038	3.359	325.308	0.201
1596460651.60990	229.317	0.038	3.322	325.308	0.197
1596460651.62429	229.336	0.038	3.394	325.228	0.195
1596460651.66229	229.350	0.038	3.364	325.308	0.193
1596460651.66490	229.323	0.038	3.361	325.228	0.194
1596460651.67296	229.428	0.038	3.392	325.308	0.198
1596460651.71086	229.429	0.038	3.369	325.228	0.192
1596460651.71331	229.403	0.038	3.365	325.228	0.193
1596460651.75129	229.475	0.038	3.414	325.308	0.199
1596460651.75290	229.460	0.038	3.345	325.389	0.197
1596460651.79229	229.431	0.038	3.376	325.389	0.193
1596460651.79294	229.453	0.037	3.347	325.389	0.190
1596460651.83330	229.413	0.037	3.305	325.228	0.191
1596460651.83495	229.398	0.038	3.335	325.389	0.198
1596460651.87229	229.516	0.038	3.380	325.469	0.197
1596460651.87295	229.479	0.038	3.320	325.550	0.192
1596460651.91091	229.453	0.038	3.345	325.389	0.189
1596460651.91295	229.440	0.038	3.322	325.550	0.199
1596460651.95129	229.429	0.038	3.316	325.308	0.199
1596460651.95192	229.367	0.038	3.290	325.308	0.199
1596460651.99101	229.468	0.038	3.400	325.308	0.198
1596460651.99187	229.587	0.038	3.384	325.389	0.192
1596460652.03132	229.564	0.038	3.357	325.469	0.197
1596460652.03291	229.601	0.038	3.325	325.550	0.199
1596460652.07131	229.585	0.037	3.312	325.550	0.193
1596460652.07292	229.529	0.037	3.305	325.469	0.193
1596460652.11132	229.564	0.038	3.328	325.469	0.193
1596460652.11196	229.536	0.038	3.328	325.550	0.197
1596460652.15031	229.559	0.038	3.346	325.550	0.197
1596460652.15196	229.588	0.037	3.324	325.389	0.192
1596460652.19032	229.493	0.038	3.274	325.550	0.195
1596460652.19697	229.537	0.038	3.337	325.469	0.197
1596460652.23531	229.543	0.038	3.331	325.469	0.201
1596460652.23792	229.572	0.038	3.342	325.630	0.198
1596460652.27731	229.552	0.037	3.329	325.550	0.193
1596460652.27788	229.493	0.038	3.328	325.389	0.195
1596460652.29832	229.444	0.037	3.288	325.308	0.200
1596460652.33631	229.473	0.038	3.337	325.308	0.201
1596460652.33695	229.532	0.038	3.344	325.308	0.197
1596460652.35734	229.596	0.038	3.337	325.389	0.192
1596460652.36696	229.583	0.038	3.376	325.469	0.197
1596460652.40536	229.601	0.038	3.364	325.469	0.195
1596460652.41831	229.500	0.038	3.298	325.550	0.194
1596460652.42997	229.517	0.038	3.335	325.389	0.192
1596460652.47532	229.486	0.037	3.344	325.308	0.191
1596460652.51297	229.462	0.038	3.370	325.630	0.198
1596460652.51488	229.515	0.037	3.354	325.469	0.191
1596460652.52692	229.505	0.038	3.347	325.389	0.191
1596460652.56731	229.506	0.038	3.328	325.389	0.197
1596460652.56996	229.495	0.038	3.341	325.389	0.195
1596460652.60696	229.525	0.038	3.342	325.389	0.195
1596460652.60790	229.533	0.037	3.338	325.389	0.189
1596460652.64732	229.500	0.038	3.356	325.308	0.194
1596460652.64796	229.424	0.038	3.290	325.308	0.197
1596460652.68833	229.468	0.038	3.376	325.469	0.200
1596460652.68990	229.539	0.038	3.350	325.469	0.194
1596460652.72782	229.528	0.038	3.306	325.630	0.194
1596460652.74132	229.541	0.038	3.350	325.469	0.194
1596460652.77834	229.542	0.038	3.349	325.630	0.199
1596460652.78094	229.537	0.038	3.310	325.550	0.199
1596460652.78802	229.516	0.038	3.329	325.389	0.195
1596460652.82633	229.563	0.038	3.350	325.550	0.195
1596460652.83299	229.525	0.038	3.333	325.389	0.200
1596460652.87137	229.559	0.038	3.349	325.550	0.201
1596460652.87199	229.525	0.038	3.335	325.630	0.192
1596460652.91336	229.547	0.038	3.327	325.550	0.193
1596460652.91497	229.635	0.038	3.335	325.550	0.194
1596460652.96333	229.676	0.038	3.319	325.630	0.198
1596460652.96498	229.621	0.038	3.337	325.630	0.194
1596460652.96589	229.648	0.037	3.314	325.630	0.193
1596460653.00537	229.561	0.038	3.355	325.550	0.197
1596460653.01500	229.586	0.038	3.316	325.550	0.193
1596460653.03536	229.592	0.038	3.333	325.630	0.195
1596460653.04696	229.524	0.038	3.362	325.550	0.199
1596460653.08536	229.480	0.038	3.363	325.469	0.193
1596460653.10835	229.471	0.038	3.365	325.469	0.201
1596460653.14599	229.499	0.038	3.371	325.469	0.204
1596460653.15698	229.575	0.038	3.369	325.550	0.197
1596460653.16792	229.578	0.038	3.366	325.711	0.191
1596460653.20734	229.546	0.038	3.375	325.791	0.202
1596460653.21798	229.598	0.038	3.388	325.550	0.198
1596460653.22799	229.516	0.038	3.337	325.550	0.195
1596460653.26698	229.524	0.038	3.361	325.469	0.194
1596460653.26792	229.640	0.038	3.354	325.630	0.201
1596460653.31037	229.661	0.038	3.329	325.630	0.193
1596460653.31800	229.669	0.038	3.338	325.550	0.193
1596460653.36336	229.635	0.038	3.370	325.872	0.192
1596460653.36597	229.602	0.038	3.308	325.711	0.190
1596460653.37737	229.654	0.038	3.342	325.550	0.198
1596460653.41539	229.611	0.038	3.311	325.711	0.200
1596460653.42694	229.565	0.038	3.301	325.550	0.195
1596460653.46489	229.561	0.038	3.339	325.630	0.197
1596460653.47737	229.605	0.038	3.311	325.791	0.197
1596460653.48803	229.609	0.038	3.344	325.550	0.200
1596460653.52735	229.583	0.037	3.294	325.791	0.197
1596460653.53798	229.352	0.037	3.271	325.308	0.194
1596460653.54801	229.366	0.038	3.327	325.308	0.202
1596460653.58736	229.330	0.038	3.340	325.389	0.203
1596460653.58801	229.412	0.038	3.347	325.308	0.200
1596460653.62636	229.357	0.037	3.314	325.228	0.195
1596460653.67336	229.335	0.038	3.301	325.228	0.195
1596460653.67502	229.360	0.038	3.313	325.228	0.199
1596460653.67800	229.308	0.038	3.337	325.228	0.202
1596460653.72033	229.314	0.038	3.336	325.389	0.195
1596460653.72089	229.359	0.038	3.339	325.308	0.192
1596460653.75936	229.360	0.038	3.363	325.228	0.198
1596460653.76101	229.472	0.038	3.362	325.550	0.197
1596460653.77194	229.468	0.038	3.310	325.389	0.202
1596460653.80937	229.465	0.038	3.359	325.550	0.193
1596460653.81102	229.469	0.038	3.334	325.630	0.197
1596460653.84891	229.449	0.038	3.334	325.469	0.199
1596460653.85896	229.488	0.038	3.333	325.630	0.204
1596460653.89740	229.501	0.038	3.350	325.550	0.194
1596460653.90809	229.418	0.038	3.316	325.550	0.193
1596460653.94603	229.373	0.038	3.311	325.308	0.201
1596460653.95700	229.410	0.038	3.340	325.550	0.198
1596460653.96805	229.430	0.038	3.330	325.469	0.195
1596460654.00737	229.473	0.038	3.357	325.469	0.194
1596460654.01800	229.446	0.038	3.335	325.389	0.198
1596460654.02838	229.473	0.038	3.329	325.550	0.198
1596460654.06603	229.420	0.038	3.317	325.550	0.192
1596460654.06694	229.512	0.038	3.314	325.550	0.194
1596460654.10435	229.470	0.038	3.335	325.550	0.200
1596460654.15444	229.538	0.038	3.336	325.630	0.197
1596460654.15741	229.533	0.038	3.369	325.550	0.198
1596460654.19637	229.500	0.038	3.309	325.630	0.197
1596460654.19706	229.481	0.038	3.366	325.550	0.193
1596460654.20700	229.516	0.038	3.357	325.550	0.200
1596460654.24439	229.494	0.038	3.351	325.630	0.197
1596460654.24603	229.486	0.038	3.331	325.469	0.198
1596460654.28302	229.460	0.038	3.332	325.550	0.199
1596460654.29399	229.416	0.038	3.350	325.550	0.200
1596460654.31741	229.422	0.038	3.367	325.469	0.199
1596460654.32805	229.357	0.038	3.335	325.469	0.198
1596460654.36601	229.477	0.038	3.359	325.550	0.193
1596460654.38203	229.418	0.038	3.347	325.308	0.195
1596460654.38291	229.487	0.038	3.395	325.389	0.202
1596460654.42101	229.403	0.037	3.347	325.389	0.195
1596460654.45891	229.424	0.038	3.375	325.308	0.191
1596460654.46119	229.418	0.038	3.373	325.389	0.195
1596460654.47440	229.453	0.038	3.361	325.308	0.198
1596460654.52441	229.433	0.038	3.388	325.228	0.197
1596460654.52605	229.480	0.038	3.358	325.308	0.192
1596460654.56436	229.404	0.038	3.297	325.308	0.193
1596460654.56606	229.450	0.038	3.324	325.389	0.198
1596460654.56697	229.413	0.037	3.287	325.228	0.195
1596460654.60442	229.384	0.037	3.325	325.308	0.192
1596460654.60604	229.430	0.038	3.335	325.308	0.194
1596460654.64840	229.407	0.038	3.312	325.389	0.194
1596460654.68705	229.389	0.038	3.348	325.228	0.194
1596460654.68804	229.416	0.038	3.313	325.228	0.200
1596460654.69840	229.414	0.038	3.368	325.228	0.195
1596460654.73643	229.454	0.037	3.322	325.389	0.190
1596460654.73709	229.285	0.037	3.297	325.308	0.194
1596460654.74691	229.186	0.037	3.269	325.147	0.197
1596460654.78444	229.261	0.038	3.350	325.147	0.194
1596460654.82842	229.244	0.037	3.335	325.067	0.194
1596460654.82910	229.225	0.038	3.336	325.147	0.195
1596460654.83097	229.174	0.038	3.291	325.067	0.201
1596460654.86841	229.193	0.038	3.365	325.147	0.194
1596460654.86910	229.178	0.038	3.315	325.228	0.193
1596460654.90703	229.202	0.038	3.342	325.067	0.193
1596460654.94743	229.287	0.038	3.330	325.147	0.192
1596460654.94806	229.276	0.038	3.316	324.986	0.199
1596460654.95841	229.318	0.038	3.348	325.147	0.194
1596460654.97107	229.300	0.037	3.324	325.228	0.192
1596460655.00842	229.272	0.038	3.343	325.147	0.193
1596460655.01841	229.307	0.038	3.373	325.228	0.200
1596460655.02842	229.296	0.038	3.346	325.228	0.200
1596460655.06607	229.236	0.038	3.298	325.228	0.195
1596460655.07820	229.300	0.038	3.343	325.147	0.197
1596460655.08800	229.322	0.038	3.367	325.308	0.198
1596460655.12599	229.352	0.038	3.347	325.308	0.199
1596460655.12684	229.390	0.038	3.338	325.389	0.201
1596460655.16443	229.376	0.038	3.355	325.308	0.194
1596460655.17805	229.403	0.038	3.404	325.228	0.192
1596460655.18807	229.386	0.038	3.396	325.389	0.199
1596460655.22643	229.371	0.038	3.385	325.228	0.198
1596460655.27220	229.449	0.037	3.372	325.308	0.188
1596460655.27409	229.428	0.038	3.376	325.228	0.194
1596460655.28706	229.400	0.038	3.354	325.308	0.197
1596460655.32443	229.403	0.038	3.367	325.469	0.192
1596460655.33712	229.395	0.038	3.372	325.308	0.192
1596460655.34802	229.447	0.038	3.378	325.308	0.194
1596460655.38643	229.449	0.038	3.378	325.389	0.198
1596460655.39721	229.459	0.038	3.353	325.389	0.195
1596460655.40703	229.441	0.038	3.365	325.308	0.192
1596460655.44444	229.334	0.038	3.338	325.228	0.195
1596460655.44608	229.365	0.038	3.358	325.228	0.199
1596460655.48344	229.333	0.038	3.353	325.228	0.195
1596460655.49906	229.327	0.038	3.351	325.228	0.195
1596460655.50810	229.337	0.037	3.300	325.147	0.186
1596460655.54622	229.242	0.038	3.316	325.067	0.199
1596460655.54704	229.263	0.038	3.304	325.067	0.195
1596460655.58846	229.229	0.038	3.297	325.067	0.199
1596460655.60246	229.308	0.038	3.403	325.067	0.194
1596460655.63924	229.250	0.038	3.358	325.147	0.194
1596460655.64117	229.231	0.038	3.331	324.906	0.195
1596460655.66745	229.251	0.038	3.378	325.147	0.194
1596460655.67409	229.250	0.037	3.288	325.067	0.193
1596460655.71245	229.226	0.038	3.358	325.067	0.191
1596460655.71808	229.239	0.038	3.324	324.986	0.194
1596460655.75646	229.260	0.038	3.357	324.986	0.193
1596460655.76821	229.224	0.037	3.322	324.986	0.189
1596460655.80651	229.271	0.038	3.350	325.067	0.195
1596460655.82802	229.244	0.038	3.341	325.067	0.199
1596460655.86647	229.283	0.038	3.326	325.147	0.192
1596460655.86711	229.221	0.038	3.359	324.986	0.195
1596460655.90447	229.325	0.038	3.370	324.986	0.197
1596460655.91809	229.346	0.038	3.358	325.147	0.198
1596460655.92810	229.287	0.038	3.385	324.986	0.190
1596460655.96647	229.294	0.037	3.358	325.147	0.189
1596460655.98805	229.142	0.038	3.352	324.825	0.194
1596460656.02647	229.222	0.038	3.381	324.986	0.191
1596460656.02712	229.257	0.038	3.334	324.986	0.194
