stress-ng: 21:23:02.15 debug: [543] 4 processors online, 4 processors configured
stress-ng: 21:23:02.15 info:  [543] apparmor: stressor will be skipped, AppArmor is not available
stress-ng: 21:23:02.15 info:  [543] bad_ioctl stressor will be skipped, need to be running without root privilege for this stressor
stress-ng: 21:23:02.15 info:  [543] cpu_online stressor will be skipped, cannot write to cpu1 online sysfs control file
stress-ng: 21:23:02.15 info:  [543] efivar stressor will be skipped, need to have access to EFI vars in /sys/firmware/efi/vars
stress-ng: 21:23:02.15 info:  [543] exec stressor must not run as root, skipping the stressor
stress-ng: 21:23:02.15 info:  [543] /sys/kernel/mm/page_idle/bitmap stressor will be skipped, cannot access file idle_page
stress-ng: 21:23:02.15 info:  [543] ipsec_mb: stressor will be skipped, CPU needs to be an x86-64 and a recent IPSec MB library is required.
stress-ng: 21:23:02.15 info:  [543] pidfd: stressor will be skipped, system call not supported at build time
stress-ng: 21:23:02.15 info:  [543] rdrand stressor will be skipped, CPU does not support the rdrand instruction.
stress-ng: 21:23:02.16 info:  [543] spawn stressor must not run as root, skipping the stressor
stress-ng: 21:23:02.16 info:  [543] tsc stressor will be skipped, CPU does not support the rdtsc instruction.
stress-ng: 21:23:02.18 info:  [543] vdso stressor will be skipped, failed to find relevant vDSO ifunctions
stress-ng: 21:23:02.18 info:  [543] disabled 'bind-mount' as it may hang or reboot the machine (enable it with the --pathological option)
stress-ng: 21:23:02.18 info:  [543] disabled 'mlockmany' as it may hang or reboot the machine (enable it with the --pathological option)
stress-ng: 21:23:02.18 info:  [543] disabled 'oom-pipe' as it may hang or reboot the machine (enable it with the --pathological option)
stress-ng: 21:23:02.18 info:  [543] disabled 'watchdog' as it may hang or reboot the machine (enable it with the --pathological option)
stress-ng: 21:23:02.18 info:  [543] defaulting to a 60 second run per stressor
stress-ng: 21:23:02.19 info:  [543] dispatching hogs: 4 aio, 4 aiol, 4 atomic, 4 bad-altstack, 4 bigheap, 4 branch, 4 brk, 4 bsearch, 4 cache, 4 cap, 4 chroot, 4 clock, 4 clone, 4 close, 4 context, 4 cpu, 4 crypt, 4 daemon, 4 dev, 4 dev-shm, 4 dynlib, 4 enosys, 4 env, 4 epoll, 4 fault, 4 fifo, 4 fork, 4 fp-error, 4 full, 4 funccall, 4 funcret, 4 futex, 4 get, 4 getrandom, 4 hdd, 4 heapsort, 4 hrtimers, 4 hsearch, 4 icache, 4 icmp-flood, 4 itimer, 4 judy, 4 kcmp, 4 key, 4 kill, 4 klog, 4 lockbus, 4 longjmp, 4 loop, 4 lsearch, 4 madvise, 4 malloc, 4 matrix, 4 matrix-3d, 4 mcontend, 4 membarrier, 4 memcpy, 4 memfd, 4 memrate, 4 memthrash, 4 mergesort, 4 mincore, 4 mmap, 4 mmapaddr, 4 mmapfixed, 4 mmapfork, 4 mmapmany, 4 mq, 4 mremap, 4 msg, 4 msync, 4 nanosleep, 4 netdev, 4 netlink-task, 4 nice, 4 nop, 4 null, 4 opcode, 4 personality, 4 physpage, 4 pipe, 4 pipeherd, 4 poll, 4 prctl, 4 pthread, 4 ptrace, 4 pty, 4 qsort, 4 quota, 4 radixsort, 4 ramfs, 4 rawdev, 4 rawpkt, 4 rawsock, 4 rawudp, 4 readahead, 4 reboot, 4 remap, 4 resources, 4 revio, 4 rlimit, 4 rmap, 4 rtc, 4 schedpolicy, 4 seal, 4 seccomp, 4 seek, 4 sem, 4 sem-sysv, 4 sendfile, 4 session, 4 set, 4 shellsort, 4 shm, 4 shm-sysv, 4 sigabrt, 4 sigchld, 4 sigfd, 4 sigfpe, 4 sigio, 4 sigpending, 4 sigpipe, 4 sigq, 4 sigrt, 4 sigsegv, 4 sigsuspend, 4 sigtrap, 4 skiplist, 4 sleep, 4 sock, 4 sockabuse, 4 sockdiag, 4 sockfd, 4 sockpair, 4 sockmany, 4 softlockup, 4 splice, 4 stack, 4 stackmmap, 4 str, 4 stream, 4 swap, 4 switch, 4 sysbadaddr, 4 sysinval, 4 sysfs, 4 tee, 4 timer, 4 timerfd, 4 tlb-shootdown, 4 tmpfs, 4 tsearch, 4 tun, 4 udp, 4 udp-flood, 4 unshare, 4 urandom, 4 vecmath, 4 vfork, 4 vforkmany, 4 vm, 4 vm-addr, 4 vm-rw, 4 vm-segv, 4 vm-splice, 4 wait, 4 wcs, 4 x86syscall, 4 yield, 4 zero, 4 zlib, 4 zombie
stress-ng: 21:23:02.22 debug: [543] cache allocate: using defaults, can't determine cache details from sysfs
stress-ng: 21:23:02.22 debug: [543] cache allocate: default cache size: 2048K
stress-ng: 21:23:02.22 debug: [543] starting stressors
stress-ng: 21:23:02.22 debug: [549] stress-ng-aio: started [549] (instance 0)
stress-ng: 21:23:02.22 debug: [543] 4 stressors started
stress-ng: 21:23:02.22 debug: [550] stress-ng-aio: started [550] (instance 1)
stress-ng: 21:23:02.23 debug: [551] stress-ng-aio: started [551] (instance 2)
stress-ng: 21:23:02.23 debug: [552] stress-ng-aio: started [552] (instance 3)
stress-ng: 21:24:02.23 debug: [550] stress-ng-aio: total of 371694 async I/O signals caught (instance 1)
stress-ng: 21:24:02.23 debug: [552] stress-ng-aio: async I/O request 255 not cancelled
stress-ng: 21:24:02.23 debug: [550] stress-ng-aio: exited [550] (instance 1)
stress-ng: 21:24:02.24 debug: [549] stress-ng-aio: total of 377338 async I/O signals caught (instance 0)
stress-ng: 21:24:02.24 debug: [549] stress-ng-aio: exited [549] (instance 0)
stress-ng: 21:24:02.24 debug: [551] stress-ng-aio: total of 319586 async I/O signals caught (instance 2)
stress-ng: 21:24:02.24 debug: [551] stress-ng-aio: exited [551] (instance 2)
stress-ng: 21:24:02.24 debug: [543] process [549] terminated
stress-ng: 21:24:02.24 debug: [543] process [550] terminated
stress-ng: 21:24:02.24 debug: [552] stress-ng-aio: total of 302439 async I/O signals caught (instance 3)
stress-ng: 21:24:02.24 debug: [552] stress-ng-aio: exited [552] (instance 3)
stress-ng: 21:24:02.24 debug: [543] process [551] terminated
stress-ng: 21:24:02.24 debug: [543] process [552] terminated
stress-ng: 21:24:02.24 debug: [543] starting stressors
stress-ng: 21:24:02.25 debug: [543] 4 stressors started
stress-ng: 21:24:02.25 debug: [558] stress-ng-aiol: started [558] (instance 1)
stress-ng: 21:24:02.25 debug: [559] stress-ng-aiol: started [559] (instance 2)
stress-ng: 21:24:02.25 debug: [560] stress-ng-aiol: started [560] (instance 3)
stress-ng: 21:24:02.25 debug: [557] stress-ng-aiol: started [557] (instance 0)
stress-ng: 21:25:44.70 debug: [557] stress-ng-aiol: exited [557] (instance 0)
stress-ng: 21:25:44.70 debug: [543] process [557] terminated
stress-ng: 21:26:25.27 debug: [559] stress-ng-aiol: exited [559] (instance 2)
stress-ng: 21:26:25.65 debug: [560] stress-ng-aiol: exited [560] (instance 3)
stress-ng: 21:26:25.80 debug: [558] stress-ng-aiol: exited [558] (instance 1)
stress-ng: 21:26:25.81 debug: [543] process [558] terminated
stress-ng: 21:26:25.81 debug: [543] process [559] terminated
stress-ng: 21:26:25.81 debug: [543] process [560] terminated
stress-ng: 21:26:25.81 debug: [543] starting stressors
stress-ng: 21:26:25.81 debug: [543] 4 stressors started
stress-ng: 21:26:25.81 debug: [866] stress-ng-atomic: started [866] (instance 1)
stress-ng: 21:26:25.81 debug: [868] stress-ng-atomic: started [868] (instance 3)
stress-ng: 21:26:25.83 debug: [865] stress-ng-atomic: started [865] (instance 0)
stress-ng: 21:26:25.82 debug: [867] stress-ng-atomic: started [867] (instance 2)
stress-ng: 21:27:25.81 debug: [868] stress-ng-atomic: exited [868] (instance 3)
stress-ng: 21:27:25.82 debug: [865] stress-ng-atomic: exited [865] (instance 0)
stress-ng: 21:27:25.82 debug: [866] stress-ng-atomic: exited [866] (instance 1)
stress-ng: 21:27:25.82 debug: [543] process [865] terminated
stress-ng: 21:27:25.82 debug: [867] stress-ng-atomic: exited [867] (instance 2)
stress-ng: 21:27:25.82 debug: [543] process [866] terminated
stress-ng: 21:27:25.82 debug: [543] process [867] terminated
stress-ng: 21:27:25.82 debug: [543] process [868] terminated
stress-ng: 21:27:25.82 debug: [543] starting stressors
stress-ng: 21:27:25.83 debug: [869] stress-ng-bad-altstack: started [869] (instance 0)
stress-ng: 21:27:25.83 debug: [543] 4 stressors started
stress-ng: 21:27:25.83 debug: [870] stress-ng-bad-altstack: started [870] (instance 1)
stress-ng: 21:27:25.83 debug: [871] stress-ng-bad-altstack: started [871] (instance 2)
stress-ng: 21:27:25.83 debug: [872] stress-ng-bad-altstack: started [872] (instance 3)
stress-ng: 21:28:25.83 debug: [869] stress-ng-bad-altstack: exited [869] (instance 0)
stress-ng: 21:28:25.83 debug: [543] process [869] terminated
stress-ng: 21:28:25.83 debug: [870] stress-ng-bad-altstack: exited [870] (instance 1)
stress-ng: 21:28:25.84 debug: [871] stress-ng-bad-altstack: exited [871] (instance 2)
stress-ng: 21:28:25.84 debug: [543] process [870] terminated
stress-ng: 21:28:25.84 debug: [543] process [871] terminated
stress-ng: 21:28:25.84 debug: [872] stress-ng-bad-altstack: exited [872] (instance 3)
stress-ng: 21:28:25.84 debug: [543] process [872] terminated
stress-ng: 21:28:25.84 debug: [543] starting stressors
stress-ng: 21:28:25.84 debug: [418] stress-ng-bigheap: started [418] (instance 0)
stress-ng: 21:28:25.85 debug: [419] stress-ng-bigheap: started [419] (instance 1)
stress-ng: 21:28:25.85 debug: [543] 4 stressors started
stress-ng: 21:28:25.85 debug: [420] stress-ng-bigheap: started [420] (instance 2)
stress-ng: 21:28:25.85 debug: [421] stress-ng-bigheap: started [421] (instance 3)
stress-ng: 21:28:46.05 debug: [423] stress-ng-bigheap: out of memory at 4718592 MB (instance 1)
stress-ng: 21:30:32.10 debug: [418] stress-ng-bigheap: exited [418] (instance 0)
stress-ng: 21:30:32.10 debug: [420] stress-ng-bigheap: exited [420] (instance 2)
stress-ng: 21:30:32.97 debug: [421] stress-ng-bigheap: exited [421] (instance 3)
stress-ng: 21:30:33.09 debug: [419] stress-ng-bigheap: exited [419] (instance 1)
stress-ng: 21:30:50.84 debug: [543] process [418] terminated
stress-ng: 21:30:55.25 debug: [543] process [419] terminated
stress-ng: 21:30:55.25 debug: [543] process [420] terminated
stress-ng: 21:30:55.25 debug: [543] process [421] terminated
stress-ng: 21:30:55.26 debug: [543] starting stressors
stress-ng: 21:30:56.34 debug: [543] 4 stressors started
stress-ng: 21:30:56.35 debug: [431] stress-ng-branch: started [431] (instance 3)
stress-ng: 21:30:56.35 debug: [429] stress-ng-branch: started [429] (instance 1)
stress-ng: 21:30:56.35 debug: [430] stress-ng-branch: started [430] (instance 2)
stress-ng: 21:30:56.35 debug: [428] stress-ng-branch: started [428] (instance 0)
stress-ng: 21:31:56.34 debug: [431] stress-ng-branch: exited [431] (instance 3)
stress-ng: 21:31:56.35 debug: [428] stress-ng-branch: exited [428] (instance 0)
stress-ng: 21:31:56.35 debug: [430] stress-ng-branch: exited [430] (instance 2)
stress-ng: 21:31:56.35 debug: [543] process [428] terminated
stress-ng: 21:31:56.35 debug: [429] stress-ng-branch: exited [429] (instance 1)
stress-ng: 21:31:56.35 debug: [543] process [429] terminated
stress-ng: 21:31:56.35 debug: [543] process [430] terminated
stress-ng: 21:31:56.35 debug: [543] process [431] terminated
stress-ng: 21:31:56.35 debug: [543] starting stressors
stress-ng: 21:31:56.36 debug: [435] stress-ng-brk: started [435] (instance 0)
stress-ng: 21:31:56.36 debug: [436] stress-ng-brk: started [436] (instance 1)
stress-ng: 21:31:56.36 debug: [543] 4 stressors started
stress-ng: 21:31:56.36 debug: [437] stress-ng-brk: started [437] (instance 2)
stress-ng: 21:31:56.37 debug: [438] stress-ng-brk: started [438] (instance 3)
stress-ng: 21:33:05.06 debug: [435] stress-ng-brk: exited [435] (instance 0)
stress-ng: 21:33:05.19 debug: [436] stress-ng-brk: exited [436] (instance 1)
stress-ng: 21:33:05.31 debug: [543] process [435] terminated
stress-ng: 21:33:05.36 debug: [543] process [436] terminated
stress-ng: 21:33:05.41 debug: [438] stress-ng-brk: exited [438] (instance 3)
stress-ng: 21:33:05.42 debug: [437] stress-ng-brk: exited [437] (instance 2)
stress-ng: 21:33:05.51 debug: [543] process [437] terminated
stress-ng: 21:33:05.51 debug: [543] process [438] terminated
stress-ng: 21:33:05.52 debug: [543] starting stressors
stress-ng: 21:33:05.53 debug: [543] 4 stressors started
stress-ng: 21:33:05.55 debug: [445] stress-ng-bsearch: started [445] (instance 0)
stress-ng: 21:33:05.55 debug: [448] stress-ng-bsearch: started [448] (instance 2)
stress-ng: 21:33:05.55 debug: [449] stress-ng-bsearch: started [449] (instance 3)
stress-ng: 21:33:05.55 debug: [446] stress-ng-bsearch: started [446] (instance 1)
stress-ng: 21:34:06.27 debug: [449] stress-ng-bsearch: exited [449] (instance 3)
stress-ng: 21:34:06.41 debug: [446] stress-ng-bsearch: exited [446] (instance 1)
stress-ng: 21:34:06.60 debug: [448] stress-ng-bsearch: exited [448] (instance 2)
stress-ng: 21:34:07.37 debug: [445] stress-ng-bsearch: exited [445] (instance 0)
stress-ng: 21:34:07.37 debug: [543] process [445] terminated
stress-ng: 21:34:07.37 debug: [543] process [446] terminated
stress-ng: 21:34:07.37 debug: [543] process [448] terminated
stress-ng: 21:34:07.37 debug: [543] process [449] terminated
stress-ng: 21:34:07.37 debug: [543] starting stressors
stress-ng: 21:34:07.38 debug: [455] stress-ng-cache: started [455] (instance 0)
stress-ng: 21:34:07.38 debug: [457] stress-ng-cache: started [457] (instance 1)
stress-ng: 21:34:07.38 debug: [543] 4 stressors started
stress-ng: 21:34:07.38 debug: [455] stress-ng-cache: using cache buffer size of 2048K
stress-ng: 21:34:07.38 debug: [458] stress-ng-cache: started [458] (instance 2)
stress-ng: 21:34:07.39 debug: [459] stress-ng-cache: started [459] (instance 3)
stress-ng: 21:35:07.38 debug: [455] stress-ng-cache: exited [455] (instance 0)
stress-ng: 21:35:07.38 debug: [457] stress-ng-cache: exited [457] (instance 1)
stress-ng: 21:35:07.38 debug: [543] process [457] terminated
stress-ng: 21:35:07.38 debug: [458] stress-ng-cache: exited [458] (instance 2)
stress-ng: 21:35:07.38 debug: [459] stress-ng-cache: exited [459] (instance 3)
stress-ng: 21:35:07.38 debug: [543] process [458] terminated
stress-ng: 21:35:07.39 debug: [543] process [459] terminated
stress-ng: 21:35:07.39 debug: [543] starting stressors
stress-ng: 21:35:07.39 debug: [460] stress-ng-cap: started [460] (instance 0)
stress-ng: 21:35:07.39 debug: [543] 4 stressors started
stress-ng: 21:35:07.39 debug: [462] stress-ng-cap: started [462] (instance 2)
stress-ng: 21:35:07.39 debug: [461] stress-ng-cap: started [461] (instance 1)
stress-ng: 21:35:07.39 debug: [463] stress-ng-cap: started [463] (instance 3)
stress-ng: 21:36:07.39 debug: [462] stress-ng-cap: exited [462] (instance 2)
stress-ng: 21:36:07.39 debug: [461] stress-ng-cap: exited [461] (instance 1)
stress-ng: 21:36:07.39 debug: [463] stress-ng-cap: exited [463] (instance 3)
stress-ng: 21:36:07.40 debug: [460] stress-ng-cap: exited [460] (instance 0)
stress-ng: 21:36:07.40 debug: [543] process [460] terminated
stress-ng: 21:36:07.40 debug: [543] process [461] terminated
stress-ng: 21:36:07.40 debug: [543] process [462] terminated
stress-ng: 21:36:07.40 debug: [543] process [463] terminated
stress-ng: 21:36:07.40 debug: [543] starting stressors
stress-ng: 21:36:07.40 debug: [464] stress-ng-chroot: started [464] (instance 0)
stress-ng: 21:36:07.40 debug: [465] stress-ng-chroot: started [465] (instance 1)
stress-ng: 21:36:07.41 debug: [543] 4 stressors started
stress-ng: 21:36:07.41 debug: [466] stress-ng-chroot: started [466] (instance 2)
stress-ng: 21:36:07.41 debug: [467] stress-ng-chroot: started [467] (instance 3)
stress-ng: 21:37:07.40 debug: [464] stress-ng-chroot: exited [464] (instance 0)
stress-ng: 21:37:07.41 debug: [465] stress-ng-chroot: exited [465] (instance 1)
stress-ng: 21:37:07.41 debug: [543] process [465] terminated
stress-ng: 21:37:07.41 debug: [467] stress-ng-chroot: exited [467] (instance 3)
stress-ng: 21:37:07.41 debug: [466] stress-ng-chroot: exited [466] (instance 2)
stress-ng: 21:37:07.41 debug: [543] process [466] terminated
stress-ng: 21:37:07.41 debug: [543] process [467] terminated
stress-ng: 21:37:07.41 debug: [543] starting stressors
stress-ng: 21:37:07.42 debug: [6678] stress-ng-clock: started [6678] (instance 0)
stress-ng: 21:37:07.42 debug: [543] 4 stressors started
stress-ng: 21:37:07.42 debug: [6680] stress-ng-clock: started [6680] (instance 2)
stress-ng: 21:37:07.42 debug: [6679] stress-ng-clock: started [6679] (instance 1)
stress-ng: 21:37:07.42 debug: [6681] stress-ng-clock: started [6681] (instance 3)
stress-ng: 21:38:07.42 debug: [6678] stress-ng-clock: exited [6678] (instance 0)
stress-ng: 21:38:07.42 debug: [6680] stress-ng-clock: exited [6680] (instance 2)
stress-ng: 21:38:07.42 debug: [6681] stress-ng-clock: exited [6681] (instance 3)
stress-ng: 21:38:07.42 debug: [6679] stress-ng-clock: exited [6679] (instance 1)
stress-ng: 21:38:07.42 debug: [543] process [6679] terminated
stress-ng: 21:38:07.42 debug: [543] process [6680] terminated
stress-ng: 21:38:07.42 debug: [543] process [6681] terminated
stress-ng: 21:38:07.42 debug: [543] starting stressors
stress-ng: 21:38:07.43 debug: [6683] stress-ng-clone: started [6683] (instance 0)
stress-ng: 21:38:07.43 debug: [543] 4 stressors started
stress-ng: 21:38:07.43 debug: [6684] stress-ng-clone: started [6684] (instance 1)
stress-ng: 21:38:07.44 debug: [6685] stress-ng-clone: started [6685] (instance 2)
stress-ng: 21:38:07.44 debug: [6686] stress-ng-clone: started [6686] (instance 3)
stress-ng: 21:39:07.51 debug: [6684] stress-ng-clone: exited [6684] (instance 1)
stress-ng: 21:39:07.51 debug: [6685] stress-ng-clone: exited [6685] (instance 2)
stress-ng: 21:39:07.52 debug: [6686] stress-ng-clone: exited [6686] (instance 3)
stress-ng: 21:39:07.53 debug: [6683] stress-ng-clone: exited [6683] (instance 0)
stress-ng: 21:39:07.53 debug: [543] process [6683] terminated
stress-ng: 21:39:07.53 debug: [543] process [6684] terminated
stress-ng: 21:39:07.53 debug: [543] process [6685] terminated
stress-ng: 21:39:07.53 debug: [543] process [6686] terminated
stress-ng: 21:39:07.53 debug: [543] starting stressors
stress-ng: 21:39:07.54 debug: [543] 4 stressors started
stress-ng: 21:39:07.54 debug: [11940] stress-ng-close: started [11940] (instance 1)
stress-ng: 21:39:07.54 debug: [11941] stress-ng-close: started [11941] (instance 2)
stress-ng: 21:39:07.54 debug: [11939] stress-ng-close: started [11939] (instance 0)
stress-ng: 21:39:07.54 debug: [11942] stress-ng-close: started [11942] (instance 3)
stress-ng: 21:40:07.54 debug: [11940] stress-ng-close: exited [11940] (instance 1)
stress-ng: 21:40:07.55 debug: [11941] stress-ng-close: exited [11941] (instance 2)
stress-ng: 21:40:07.57 debug: [11942] stress-ng-close: exited [11942] (instance 3)
stress-ng: 21:40:07.58 debug: [11939] stress-ng-close: exited [11939] (instance 0)
stress-ng: 21:40:07.58 debug: [543] process [11939] terminated
stress-ng: 21:40:07.58 debug: [543] process [11940] terminated
stress-ng: 21:40:07.58 debug: [543] process [11941] terminated
stress-ng: 21:40:07.58 debug: [543] process [11942] terminated
stress-ng: 21:40:07.58 debug: [543] starting stressors
stress-ng: 21:40:07.59 debug: [23285] stress-ng-context: started [23285] (instance 0)
stress-ng: 21:40:07.59 debug: [543] 4 stressors started
stress-ng: 21:40:07.59 debug: [23287] stress-ng-context: started [23287] (instance 2)
stress-ng: 21:40:07.59 debug: [23288] stress-ng-context: started [23288] (instance 3)
stress-ng: 21:40:07.59 debug: [23286] stress-ng-context: started [23286] (instance 1)
stress-ng: 21:41:07.59 debug: [23285] stress-ng-context: exited [23285] (instance 0)
stress-ng: 21:41:07.59 debug: [23287] stress-ng-context: exited [23287] (instance 2)
stress-ng: 21:41:07.59 debug: [23288] stress-ng-context: exited [23288] (instance 3)
stress-ng: 21:41:07.59 debug: [543] process [23285] terminated
stress-ng: 21:41:07.59 debug: [23286] stress-ng-context: exited [23286] (instance 1)
stress-ng: 21:41:07.59 debug: [543] process [23286] terminated
stress-ng: 21:41:07.59 debug: [543] process [23287] terminated
stress-ng: 21:41:07.59 debug: [543] process [23288] terminated
stress-ng: 21:41:07.60 debug: [543] starting stressors
stress-ng: 21:41:07.60 debug: [23289] stress-ng-cpu: started [23289] (instance 0)
stress-ng: 21:41:07.60 debug: [23290] stress-ng-cpu: started [23290] (instance 1)
stress-ng: 21:41:07.60 debug: [23289] stress-ng-cpu using method 'all'
stress-ng: 21:41:07.60 debug: [23290] stress-ng-cpu using method 'all'
stress-ng: 21:41:07.61 debug: [543] 4 stressors started
stress-ng: 21:41:07.61 debug: [23291] stress-ng-cpu: started [23291] (instance 2)
stress-ng: 21:41:07.61 debug: [23291] stress-ng-cpu using method 'all'
stress-ng: 21:41:07.61 debug: [23292] stress-ng-cpu: started [23292] (instance 3)
stress-ng: 21:41:07.61 debug: [23292] stress-ng-cpu using method 'all'
stress-ng: 21:42:07.93 debug: [23291] stress-ng-cpu: exited [23291] (instance 2)
stress-ng: 21:42:08.14 debug: [23292] stress-ng-cpu: exited [23292] (instance 3)
stress-ng: 21:42:08.45 debug: [23290] stress-ng-cpu: exited [23290] (instance 1)
stress-ng: 21:42:08.67 debug: [23289] stress-ng-cpu: exited [23289] (instance 0)
stress-ng: 21:42:08.67 debug: [543] process [23289] terminated
stress-ng: 21:42:08.67 debug: [543] process [23290] terminated
stress-ng: 21:42:08.67 debug: [543] process [23291] terminated
stress-ng: 21:42:08.67 debug: [543] process [23292] terminated
stress-ng: 21:42:08.67 debug: [543] starting stressors
stress-ng: 21:42:08.67 debug: [23293] stress-ng-crypt: started [23293] (instance 0)
stress-ng: 21:42:08.68 debug: [23294] stress-ng-crypt: started [23294] (instance 1)
stress-ng: 21:42:08.68 debug: [543] 4 stressors started
stress-ng: 21:42:08.68 debug: [23296] stress-ng-crypt: started [23296] (instance 3)
stress-ng: 21:42:08.68 debug: [23295] stress-ng-crypt: started [23295] (instance 2)
stress-ng: 21:43:08.73 debug: [23296] stress-ng-crypt: exited [23296] (instance 3)
stress-ng: 21:43:08.74 debug: [23295] stress-ng-crypt: exited [23295] (instance 2)
stress-ng: 21:43:08.74 debug: [23294] stress-ng-crypt: exited [23294] (instance 1)
stress-ng: 21:43:08.77 debug: [23293] stress-ng-crypt: exited [23293] (instance 0)
stress-ng: 21:43:08.77 debug: [543] process [23293] terminated
stress-ng: 21:43:08.77 debug: [543] process [23294] terminated
stress-ng: 21:43:08.77 debug: [543] process [23295] terminated
stress-ng: 21:43:08.77 debug: [543] process [23296] terminated
stress-ng: 21:43:08.77 debug: [543] starting stressors
stress-ng: 21:43:08.77 debug: [23297] stress-ng-daemon: started [23297] (instance 0)
stress-ng: 21:43:08.78 debug: [23299] stress-ng-daemon: started [23299] (instance 1)
stress-ng: 21:43:08.78 debug: [543] 4 stressors started
stress-ng: 21:43:08.78 debug: [23300] stress-ng-daemon: started [23300] (instance 2)
stress-ng: 21:43:08.79 debug: [23301] stress-ng-daemon: started [23301] (instance 3)
stress-ng: 21:44:08.78 debug: [23297] stress-ng-daemon: exited [23297] (instance 0)
stress-ng: 21:44:08.78 debug: [23299] stress-ng-daemon: exited [23299] (instance 1)
stress-ng: 21:44:08.78 debug: [543] process [23299] terminated
stress-ng: 21:44:08.78 debug: [23300] stress-ng-daemon: exited [23300] (instance 2)
stress-ng: 21:44:08.79 debug: [543] process [23300] terminated
stress-ng: 21:44:08.79 debug: [23301] stress-ng-daemon: exited [23301] (instance 3)
stress-ng: 21:44:08.80 debug: [543] process [23301] terminated
stress-ng: 21:44:08.80 debug: [543] starting stressors
stress-ng: 21:44:08.80 debug: [543] 4 stressors started
stress-ng: 21:44:08.80 debug: [23380] stress-ng-dev: started [23380] (instance 1)
stress-ng: 21:44:08.80 debug: [23381] stress-ng-dev: started [23381] (instance 2)
stress-ng: 21:44:08.80 debug: [23379] stress-ng-dev: started [23379] (instance 0)
stress-ng: 21:44:08.81 debug: [23382] stress-ng-dev: started [23382] (instance 3)
