1619189941
temp=40.8'C
1619189942
temp=41.9'C
1619189943
temp=41.9'C
1619189944
temp=44.0'C
1619189945
temp=45.1'C
1619189946
temp=46.2'C
1619189947
temp=46.2'C
1619189948
temp=47.2'C
1619189949
temp=48.3'C
1619189950
temp=48.3'C
1619189951
temp=49.4'C
1619189952
temp=49.4'C
1619189953
temp=49.9'C
1619189954
temp=50.5'C
1619189955
temp=51.0'C
1619189956
temp=51.5'C
1619189957
temp=51.5'C
1619189958
temp=52.1'C
1619189960
temp=52.1'C
1619189961
temp=52.6'C
1619189962
temp=53.2'C
1619189963
temp=53.2'C
1619189964
temp=53.7'C
1619189965
temp=53.7'C
1619189966
temp=54.2'C
1619189967
temp=54.2'C
1619189968
temp=54.8'C
1619189969
temp=54.8'C
1619189970
temp=54.8'C
1619189971
temp=55.3'C
1619189972
temp=55.8'C
1619189973
temp=55.8'C
1619189974
temp=55.8'C
1619189975
temp=56.4'C
1619189976
temp=55.8'C
1619189977
temp=55.8'C
1619189978
temp=56.4'C
1619189979
temp=56.4'C
1619189980
temp=56.9'C
1619189981
temp=56.9'C
1619189982
temp=56.9'C
1619189983
temp=56.9'C
1619189984
temp=56.9'C
1619189985
temp=58.0'C
1619189986
temp=56.9'C
1619189987
temp=58.0'C
1619189988
temp=58.0'C
1619189990
temp=58.0'C
1619189991
temp=58.0'C
1619189992
temp=58.0'C
1619189993
temp=58.0'C
1619189994
temp=58.0'C
1619189995
temp=58.5'C
1619189996
temp=59.1'C
1619189997
temp=58.0'C
1619189998
temp=58.5'C
1619189999
temp=58.5'C
1619190000
temp=59.1'C
1619190001
temp=58.5'C
1619190002
temp=59.1'C
1619190003
temp=59.1'C
1619190004
temp=59.1'C
1619190005
temp=59.1'C
1619190006
temp=60.1'C
1619190007
temp=59.6'C
1619190008
temp=59.6'C
1619190009
temp=60.1'C
1619190010
temp=60.1'C
1619190011
temp=60.1'C
1619190012
temp=60.1'C
1619190013
temp=60.1'C
1619190014
temp=60.7'C
1619190015
temp=60.1'C
1619190016
temp=60.1'C
1619190017
temp=60.7'C
1619190018
temp=60.7'C
1619190020
temp=60.7'C
1619190021
temp=61.2'C
1619190022
temp=60.7'C
1619190023
temp=61.2'C
1619190024
temp=61.8'C
1619190025
temp=61.2'C
1619190026
temp=61.2'C
1619190027
temp=61.2'C
1619190028
temp=62.3'C
