1619182826
temp=40.8'C
1619182827
temp=40.8'C
1619182828
temp=41.9'C
1619182829
temp=43.5'C
1619182831
temp=44.0'C
1619182832
temp=45.1'C
1619182833
temp=45.6'C
1619182834
temp=47.2'C
1619182835
temp=47.8'C
1619182836
temp=48.3'C
1619182837
temp=48.3'C
1619182838
temp=49.4'C
1619182839
temp=49.4'C
1619182840
temp=49.4'C
1619182841
temp=50.5'C
1619182842
temp=50.5'C
1619182843
temp=51.0'C
1619182844
temp=51.5'C
1619182845
temp=52.1'C
1619182846
temp=51.5'C
1619182847
temp=52.1'C
1619182848
temp=52.6'C
1619182849
temp=52.1'C
1619182850
temp=53.2'C
1619182851
temp=53.7'C
1619182852
temp=53.7'C
1619182853
temp=53.7'C
1619182854
temp=53.7'C
1619182855
temp=53.7'C
1619182856
temp=54.2'C
1619182858
temp=54.2'C
1619182859
temp=54.2'C
1619182860
temp=53.7'C
1619182861
temp=54.8'C
1619182862
temp=54.8'C
1619182863
temp=55.8'C
1619182864
temp=55.3'C
1619182865
temp=55.8'C
1619182866
temp=55.8'C
1619182867
temp=55.8'C
1619182868
temp=55.8'C
1619182869
temp=55.8'C
1619182870
temp=56.4'C
1619182871
temp=56.4'C
1619182872
temp=56.4'C
1619182873
temp=56.9'C
1619182874
temp=56.4'C
1619182875
