1619181775
temp=39.7'C
1619181776
temp=40.8'C
1619181777
temp=40.8'C
1619181778
temp=42.9'C
1619181779
temp=44.0'C
1619181780
temp=44.5'C
1619181781
temp=45.6'C
1619181782
temp=46.2'C
1619181783
temp=47.2'C
1619181784
temp=47.8'C
1619181786
temp=48.3'C
1619181787
temp=48.3'C
1619181788
temp=48.9'C
1619181789
temp=49.4'C
1619181790
temp=49.9'C
1619181791
temp=49.9'C
1619181792
temp=50.5'C
1619181793
temp=51.5'C
1619181794
temp=50.5'C
1619181795
temp=51.5'C
1619181796
temp=52.1'C
1619181797
temp=52.1'C
1619181798
temp=52.6'C
1619181799
temp=52.6'C
1619181800
temp=52.6'C
1619181801
temp=52.6'C
1619181802
temp=53.7'C
1619181803
temp=53.7'C
1619181804
temp=54.2'C
1619181805
temp=53.7'C
1619181806
temp=53.7'C
1619181807
temp=54.8'C
1619181808
temp=54.8'C
1619181809
temp=54.8'C
1619181810
temp=54.8'C
1619181811
temp=54.8'C
1619181812
temp=55.3'C
1619181814
temp=55.3'C
1619181815
temp=55.8'C
1619181816
temp=55.8'C
1619181817
temp=55.8'C
1619181818
temp=55.8'C
1619181819
temp=56.4'C
1619181820
temp=56.9'C
1619181821
temp=56.4'C
1619181822
temp=56.4'C
