1619196598
temp=37.0'C
1619196599
temp=37.0'C
1619196600
temp=37.6'C
1619196601
temp=38.1'C
1619196602
temp=38.6'C
1619196603
temp=39.7'C
1619196604
temp=40.8'C
1619196606
temp=41.9'C
1619196607
temp=41.9'C
1619196608
temp=42.9'C
1619196609
temp=42.9'C
1619196610
temp=43.5'C
1619196611
temp=43.5'C
1619196612
temp=44.0'C
1619196613
temp=44.5'C
1619196614
temp=44.5'C
1619196615
temp=45.1'C
1619196616
temp=45.1'C
1619196617
temp=45.1'C
1619196618
temp=45.1'C
1619196619
temp=46.2'C
1619196620
temp=46.2'C
1619196621
temp=46.7'C
1619196622
temp=47.2'C
1619196623
temp=47.8'C
1619196624
temp=47.2'C
1619196625
temp=47.2'C
1619196626
temp=47.2'C
1619196627
temp=47.2'C
1619196628
temp=48.3'C
1619196629
temp=47.8'C
1619196630
temp=48.3'C
1619196631
temp=48.3'C
1619196632
temp=48.3'C
1619196634
temp=48.3'C
1619196635
temp=48.9'C
1619196636
temp=48.9'C
1619196637
temp=48.9'C
1619196638
temp=49.4'C
1619196639
temp=49.4'C
1619196640
temp=49.4'C
1619196641
temp=49.4'C
1619196642
temp=49.4'C
1619196643
temp=49.9'C
1619196644
temp=49.9'C
1619196645
temp=49.9'C
1619196646
temp=50.5'C
1619196647
temp=50.5'C
1619196648
temp=50.5'C
1619196649
temp=50.5'C
1619196650
temp=50.5'C
1619196651
temp=51.0'C
1619196652
temp=51.5'C
1619196653
temp=51.5'C
1619196654
temp=51.5'C
1619196655
temp=51.5'C
1619196656
temp=52.1'C
1619196657
temp=52.1'C
1619196658
temp=51.5'C
1619196659
temp=52.1'C
1619196660
temp=52.1'C
1619196661
temp=52.1'C
1619196663
temp=52.1'C
1619196664
temp=52.1'C
1619196665
temp=52.1'C
1619196666
temp=52.6'C
1619196667
temp=52.6'C
1619196668
temp=52.6'C
1619196669
temp=52.6'C
1619196670
temp=52.6'C
1619196671
temp=53.2'C
1619196672
temp=53.2'C
1619196673
temp=53.7'C
1619196674
temp=53.7'C
1619196675
temp=53.7'C
1619196676
temp=53.7'C
1619196677
temp=53.7'C
1619196678
temp=53.7'C
1619196679
temp=53.7'C
1619196680
temp=53.7'C
1619196681
temp=53.7'C
1619196682
temp=53.7'C
1619196683
temp=54.2'C
1619196684
temp=53.7'C
1619196685
temp=54.2'C
1619196686
temp=54.8'C
1619196687
temp=53.7'C
1619196688
temp=54.8'C
1619196689
temp=55.3'C
1619196690
temp=54.8'C
1619196692
temp=54.8'C
1619196693
temp=54.8'C
1619196694
temp=55.8'C
1619196695
temp=55.8'C
1619196696
temp=55.8'C
1619196697
temp=55.8'C
1619196698
temp=55.3'C
1619196699
temp=55.3'C
1619196700
temp=55.8'C
1619196701
temp=55.8'C
1619196702
temp=55.8'C
1619196703
temp=55.8'C
1619196704
temp=55.8'C
1619196705
temp=56.4'C
1619196706
temp=55.8'C
1619196707
temp=56.4'C
1619196708
temp=56.4'C
1619196709
temp=56.4'C
1619196710
temp=56.4'C
1619196711
temp=56.9'C
1619196712
temp=56.4'C
1619196713
temp=56.9'C
1619196714
temp=56.4'C
1619196715
temp=56.4'C
1619196716
temp=56.4'C
1619196717
temp=57.5'C
1619196719
temp=56.9'C
1619196720
temp=56.9'C
1619196721
temp=56.9'C
1619196722
temp=58.0'C
1619196723
temp=56.9'C
1619196724
temp=56.9'C
1619196725
temp=57.5'C
1619196726
temp=58.0'C
1619196727
temp=57.5'C
1619196728
temp=58.0'C
1619196729
temp=58.0'C
1619196730
temp=56.9'C
1619196731
temp=57.5'C
1619196732
temp=58.0'C
1619196733
temp=58.0'C
1619196734
temp=58.0'C
1619196735
temp=57.5'C
1619196736
temp=58.0'C
1619196737
temp=58.0'C
1619196738
temp=58.0'C
1619196739
temp=58.0'C
1619196740
temp=58.0'C
1619196741
temp=58.0'C
1619196742
temp=58.0'C
1619196743
temp=58.5'C
1619196744
temp=58.0'C
1619196745
temp=58.0'C
1619196746
temp=59.1'C
1619196747
temp=59.1'C
1619196748
temp=59.1'C
1619196749
temp=59.6'C
1619196751
temp=58.5'C
1619196752
temp=59.1'C
1619196753
temp=59.1'C
1619196754
temp=59.6'C
1619196755
temp=59.1'C
1619196756
temp=59.1'C
1619196757
temp=59.6'C
1619196758
temp=59.1'C
1619196759
temp=59.1'C
1619196760
temp=59.6'C
1619196761
temp=59.1'C
1619196762
temp=60.1'C
1619196763
temp=59.1'C
1619196764
temp=60.1'C
1619196765
temp=60.1'C
1619196766
temp=59.1'C
1619196767
temp=60.1'C
1619196768
temp=60.1'C
1619196769
temp=60.1'C
1619196770
temp=60.7'C
1619196771
temp=60.1'C
1619196772
temp=60.1'C
1619196773
temp=60.1'C
1619196774
temp=60.1'C
1619196775
temp=60.7'C
1619196776
temp=60.7'C
1619196777
temp=61.2'C
1619196778
temp=60.7'C
1619196779
temp=60.7'C
1619196780
temp=60.1'C
1619196782
temp=60.7'C
1619196783
temp=60.7'C
1619196784
temp=61.2'C
1619196785
temp=61.2'C
1619196786
temp=60.7'C
1619196787
temp=60.7'C
1619196788
temp=60.7'C
1619196789
temp=61.2'C
1619196790
temp=60.7'C
1619196791
temp=60.7'C
1619196792
temp=61.2'C
1619196793
temp=61.2'C
1619196794
temp=61.2'C
1619196795
temp=61.2'C
1619196796
temp=61.8'C
1619196797
temp=61.2'C
1619196798
temp=61.8'C
1619196799
temp=61.2'C
1619196800
temp=62.3'C
1619196801
temp=61.2'C
1619196802
temp=61.8'C
1619196803
temp=61.8'C
1619196804
temp=62.3'C
1619196805
temp=61.8'C
1619196806
temp=62.3'C
1619196807
temp=61.2'C
1619196808
temp=62.3'C
1619196810
temp=62.3'C
1619196811
temp=61.8'C
1619196812
temp=61.8'C
1619196813
temp=62.3'C
1619196814
temp=62.3'C
1619196815
temp=62.3'C
1619196816
temp=62.8'C
1619196817
temp=62.8'C
1619196818
temp=62.8'C
1619196819
temp=62.3'C
1619196820
temp=62.3'C
1619196821
temp=62.8'C
1619196822
temp=62.8'C
1619196823
temp=62.3'C
1619196824
temp=62.8'C
1619196825
temp=62.8'C
1619196826
temp=62.3'C
1619196827
temp=62.8'C
1619196828
temp=62.8'C
1619196829
temp=62.8'C
1619196830
temp=62.8'C
1619196831
temp=62.8'C
1619196832
temp=63.4'C
1619196833
temp=63.4'C
1619196834
temp=62.8'C
1619196835
temp=63.4'C
1619196836
temp=63.4'C
1619196837
temp=63.4'C
1619196838
temp=63.4'C
1619196839
temp=63.4'C
1619196840
temp=63.9'C
1619196842
temp=63.9'C
1619196843
temp=63.4'C
1619196844
temp=63.9'C
1619196845
temp=63.4'C
1619196846
temp=63.4'C
1619196847
temp=64.5'C
1619196848
temp=63.4'C
