1619172129
temp=35.4'C
1619172130
temp=35.9'C
1619172131
temp=36.5'C
1619172132
temp=37.6'C
1619172133
temp=38.6'C
1619172134
temp=39.7'C
1619172135
temp=39.7'C
1619172136
temp=39.7'C
1619172137
temp=40.8'C
1619172138
temp=41.3'C
1619172139
temp=41.9'C
1619172140
temp=41.3'C
1619172141
temp=42.4'C
1619172142
temp=42.4'C
1619172143
temp=42.9'C
1619172144
temp=42.9'C
1619172145
temp=43.5'C
1619172146
temp=42.9'C
1619172147
temp=42.9'C
1619172148
temp=42.9'C
1619172149
temp=43.5'C
1619172150
temp=44.0'C
1619172151
temp=43.5'C
1619172152
temp=43.5'C
1619172153
temp=44.0'C
1619172155
temp=44.0'C
1619172156
temp=44.0'C
1619172157
temp=43.5'C
1619172158
temp=43.5'C
1619172159
temp=45.1'C
1619172160
temp=44.0'C
1619172161
temp=44.5'C
1619172162
temp=44.0'C
1619172163
temp=45.1'C
1619172164
temp=44.0'C
1619172165
temp=44.0'C
1619172166
temp=45.1'C
1619172167
temp=45.1'C
1619172168
temp=45.1'C
1619172169
temp=45.1'C
1619172170
temp=45.1'C
1619172171
temp=45.1'C
1619172172
temp=45.1'C
1619172173
temp=45.1'C
1619172174
temp=44.0'C
1619172175
temp=45.1'C
1619172176
temp=45.1'C
1619172177
temp=45.1'C
1619172178
temp=45.1'C
1619172179
temp=45.6'C
1619172180
temp=45.1'C
1619172181
temp=45.1'C
1619172182
temp=46.2'C
1619172183
temp=45.6'C
1619172184
temp=45.6'C
1619172185
temp=45.6'C
1619172187
temp=45.1'C
1619172188
temp=45.1'C
1619172189
temp=45.6'C
1619172190
temp=45.6'C
1619172191
temp=46.2'C
1619172192
temp=45.6'C
1619172193
temp=45.6'C
1619172194
temp=45.6'C
1619172195
temp=45.6'C
1619172196
temp=45.6'C
1619172197
temp=45.6'C
1619172198
temp=45.1'C
1619172199
temp=45.6'C
1619172200
temp=46.2'C
1619172201
temp=46.2'C
1619172202
temp=45.6'C
1619172203
temp=46.2'C
1619172204
temp=46.2'C
1619172205
temp=46.2'C
1619172206
temp=45.6'C
1619172207
temp=46.2'C
1619172208
temp=45.6'C
1619172209
temp=46.2'C
1619172210
temp=46.2'C
1619172211
temp=46.2'C
1619172212
temp=45.6'C
1619172214
temp=46.2'C
1619172215
temp=46.2'C
1619172216
temp=46.7'C
1619172217
temp=47.2'C
1619172218
temp=46.7'C
1619172219
temp=47.2'C
1619172220
temp=47.2'C
1619172221
temp=47.8'C
1619172222
temp=47.2'C
1619172223
temp=48.3'C
1619172224
temp=47.8'C
1619172225
temp=47.8'C
1619172226
temp=48.3'C
1619172227
temp=48.3'C
1619172228
temp=48.3'C
1619172229
temp=48.9'C
1619172230
temp=48.3'C
1619172231
temp=48.3'C
1619172232
temp=49.4'C
1619172233
temp=48.9'C
1619172234
temp=49.4'C
1619172235
temp=49.4'C
1619172236
temp=49.4'C
1619172237
temp=49.4'C
1619172238
temp=49.4'C
1619172239
temp=49.9'C
1619172240
temp=49.9'C
1619172241
temp=50.5'C
1619172243
temp=50.5'C
1619172244
temp=50.5'C
1619172245
temp=50.5'C
1619172246
temp=50.5'C
1619172247
temp=50.5'C
1619172248
temp=50.5'C
1619172249
temp=51.5'C
1619172250
temp=51.0'C
1619172251
temp=51.5'C
1619172252
temp=51.5'C
1619172253
temp=52.1'C
1619172254
temp=51.5'C
1619172255
temp=51.5'C
1619172256
temp=52.1'C
1619172257
temp=51.5'C
1619172258
temp=51.5'C
1619172259
temp=52.1'C
1619172260
temp=52.6'C
1619172261
temp=52.6'C
1619172262
temp=52.6'C
1619172263
temp=52.6'C
1619172264
temp=53.2'C
1619172265
temp=52.6'C
1619172266
temp=52.6'C
1619172267
temp=52.6'C
1619172268
temp=53.2'C
1619172269
temp=53.2'C
1619172270
temp=53.2'C
1619172271
temp=53.7'C
1619172272
temp=53.2'C
1619172273
temp=53.7'C
1619172274
temp=53.7'C
1619172275
temp=53.7'C
1619172277
temp=53.7'C
1619172278
temp=53.7'C
1619172279
temp=53.7'C
1619172280
temp=54.2'C
1619172281
temp=54.2'C
1619172282
temp=54.2'C
1619172283
temp=53.7'C
1619172284
temp=54.8'C
1619172285
temp=54.2'C
1619172286
temp=54.8'C
1619172287
temp=54.8'C
1619172288
temp=54.8'C
1619172289
temp=54.8'C
1619172290
temp=54.8'C
1619172291
temp=54.8'C
1619172292
temp=55.3'C
1619172293
temp=55.3'C
1619172294
temp=55.3'C
1619172295
temp=55.8'C
1619172296
temp=55.8'C
1619172297
temp=55.3'C
1619172298
temp=54.8'C
1619172299
temp=55.8'C
1619172300
temp=55.8'C
1619172301
temp=55.8'C
1619172302
temp=56.4'C
1619172303
temp=56.4'C
1619172304
temp=56.4'C
1619172306
temp=55.8'C
1619172307
temp=55.8'C
1619172308
temp=56.4'C
1619172309
temp=56.4'C
1619172310
temp=56.4'C
1619172311
temp=56.4'C
1619172312
temp=56.9'C
1619172313
temp=56.9'C
1619172314
temp=56.9'C
1619172315
temp=56.9'C
1619172316
temp=56.9'C
1619172317
temp=56.9'C
1619172318
temp=56.9'C
1619172319
temp=56.9'C
1619172320
temp=57.5'C
1619172321
temp=57.5'C
1619172322
temp=56.9'C
1619172323
temp=57.5'C
1619172324
temp=58.0'C
1619172325
temp=56.9'C
1619172326
temp=56.9'C
1619172327
temp=58.0'C
1619172328
temp=58.0'C
1619172329
temp=58.0'C
1619172330
temp=58.0'C
1619172331
temp=58.0'C
1619172332
temp=58.0'C
1619172333
temp=58.0'C
1619172335
temp=58.0'C
1619172336
temp=58.0'C
1619172337
temp=58.0'C
1619172338
temp=58.0'C
1619172339
temp=58.0'C
1619172340
temp=58.0'C
1619172341
temp=58.5'C
1619172342
temp=58.0'C
1619172343
temp=58.5'C
1619172344
temp=58.5'C
1619172345
temp=58.5'C
1619172346
temp=59.1'C
1619172347
temp=58.5'C
1619172348
temp=58.5'C
1619172349
temp=59.1'C
1619172350
temp=59.1'C
1619172351
temp=58.5'C
1619172352
temp=59.1'C
1619172353
temp=59.1'C
1619172354
temp=59.1'C
1619172355
temp=59.1'C
1619172356
temp=58.5'C
1619172357
temp=59.1'C
1619172358
temp=59.1'C
1619172359
temp=59.1'C
1619172360
temp=59.6'C
1619172361
temp=59.1'C
1619172362
temp=59.6'C
1619172363
temp=59.1'C
1619172365
temp=59.1'C
1619172366
temp=60.1'C
1619172367
temp=60.1'C
1619172368
temp=60.1'C
1619172369
temp=60.1'C
1619172370
temp=60.1'C
1619172371
temp=60.1'C
1619172372
temp=60.1'C
1619172373
temp=59.6'C
1619172374
temp=60.7'C
1619172375
temp=60.7'C
1619172376
temp=60.1'C
1619172377
temp=60.1'C
1619172378
temp=60.7'C
1619172379
temp=60.1'C
1619172380
temp=60.7'C
1619172381
temp=60.7'C
1619172382
temp=60.7'C
1619172383
temp=60.7'C
1619172384
temp=60.7'C
1619172385
temp=61.2'C
1619172386
temp=60.7'C
1619172387
temp=61.2'C
1619172388
temp=61.2'C
1619172389
temp=61.2'C
1619172390
temp=60.7'C
1619172391
temp=61.2'C
1619172392
temp=61.2'C
1619172393
temp=61.2'C
1619172394
temp=61.2'C
1619172395
temp=61.2'C
1619172396
temp=61.2'C
1619172398
temp=61.2'C
1619172399
temp=61.8'C
1619172400
temp=61.2'C
1619172401
temp=61.2'C
1619172402
temp=61.2'C
1619172403
temp=61.2'C
1619172404
temp=61.2'C
1619172405
temp=61.8'C
1619172406
temp=61.2'C
1619172407
temp=61.8'C
1619172408
temp=61.8'C
1619172409
temp=61.8'C
1619172410
temp=61.8'C
1619172411
temp=61.8'C
1619172412
temp=62.3'C
1619172413
temp=61.2'C
1619172414
temp=61.2'C
1619172415
temp=62.3'C
1619172416
temp=61.8'C
1619172417
temp=62.3'C
1619172418
temp=62.3'C
1619172419
temp=62.3'C
1619172420
temp=62.8'C
1619172421
temp=62.3'C
1619172422
temp=62.8'C
1619172423
temp=62.3'C
1619172424
temp=62.3'C
1619172425
temp=63.4'C
1619172426
temp=62.3'C
1619172427
temp=62.3'C
1619172428
temp=62.3'C
1619172430
temp=62.8'C
1619172431
temp=62.3'C
1619172432
temp=62.8'C
1619172433
temp=62.8'C
1619172434
temp=62.8'C
1619172435
temp=62.8'C
1619172436
temp=62.3'C
1619172437
temp=63.4'C
1619172438
temp=63.4'C
1619172439
temp=62.3'C
1619172440
temp=62.8'C
1619172441
temp=63.4'C
1619172442
temp=62.8'C
1619172443
temp=63.4'C
1619172444
temp=62.8'C
1619172445
temp=63.4'C
1619172446
temp=63.4'C
1619172447
temp=63.4'C
1619172448
temp=63.4'C
1619172449
temp=62.8'C
1619172450
temp=63.4'C
1619172451
temp=63.4'C
1619172452
temp=63.4'C
1619172453
temp=63.4'C
1619172454
temp=63.9'C
1619172455
temp=63.4'C
1619172456
temp=63.4'C
1619172457
temp=63.4'C
1619172459
temp=63.4'C
1619172460
temp=62.8'C
1619172461
temp=63.9'C
1619172462
temp=63.9'C
1619172463
temp=63.9'C
1619172464
temp=63.4'C
1619172465
temp=63.9'C
1619172466
temp=63.9'C
1619172467
temp=63.4'C
1619172468
temp=63.4'C
1619172469
temp=64.5'C
1619172470
temp=64.5'C
1619172471
temp=63.9'C
1619172472
temp=64.5'C
1619172473
temp=64.5'C
1619172474
temp=64.5'C
1619172475
temp=64.5'C
1619172476
temp=65.0'C
1619172477
temp=64.5'C
1619172478
temp=64.5'C
1619172479
temp=64.5'C
1619172480
temp=64.5'C
1619172481
temp=64.5'C
1619172482
temp=64.5'C
1619172483
temp=65.0'C
1619172484
temp=65.0'C
1619172485
temp=65.0'C
1619172486
temp=64.5'C
1619172487
temp=64.5'C
1619172488
temp=64.5'C
1619172489
temp=65.0'C
1619172490
temp=64.5'C
1619172491
temp=65.5'C
1619172493
temp=65.0'C
1619172494
temp=65.0'C
1619172495
temp=65.0'C
1619172496
temp=65.0'C
1619172497
temp=65.0'C
1619172498
temp=65.0'C
1619172499
temp=65.0'C
1619172500
temp=65.0'C
1619172501
temp=65.0'C
1619172502
temp=65.5'C
1619172503
temp=65.5'C
1619172504
temp=65.5'C
1619172505
temp=65.5'C
1619172506
temp=65.5'C
1619172507
temp=65.5'C
1619172508
temp=65.5'C
1619172509
temp=65.5'C
1619172510
temp=65.5'C
1619172511
temp=65.0'C
1619172512
temp=65.5'C
1619172513
temp=65.5'C
1619172514
temp=65.5'C
1619172515
temp=65.5'C
1619172516
temp=65.5'C
1619172517
temp=65.5'C
1619172518
temp=66.1'C
1619172519
temp=65.5'C
1619172520
temp=66.1'C
1619172522
temp=65.5'C
1619172523
temp=66.1'C
1619172524
temp=65.5'C
1619172525
temp=65.5'C
1619172526
temp=66.1'C
1619172527
temp=65.5'C
1619172528
temp=66.6'C
1619172529
temp=66.1'C
1619172530
temp=66.1'C
1619172531
temp=66.1'C
1619172532
temp=66.6'C
1619172533
temp=66.1'C
1619172534
temp=65.5'C
1619172535
temp=66.6'C
1619172536
temp=65.5'C
1619172537
temp=66.6'C
1619172538
temp=66.6'C
1619172539
temp=65.5'C
1619172540
temp=66.1'C
1619172541
temp=66.1'C
1619172542
temp=65.5'C
1619172543
temp=66.6'C
1619172544
temp=66.6'C
1619172545
temp=66.6'C
1619172546
temp=66.1'C
1619172547
temp=66.1'C
1619172548
temp=66.6'C
1619172549
temp=66.6'C
1619172550
temp=66.6'C
1619172552
temp=66.6'C
1619172553
temp=66.6'C
1619172554
temp=66.6'C
1619172555
temp=66.6'C
1619172556
temp=66.6'C
1619172557
temp=66.6'C
1619172558
temp=66.6'C
1619172559
temp=66.6'C
1619172560
temp=66.6'C
1619172561
temp=67.1'C
1619172562
temp=66.6'C
1619172563
temp=66.6'C
1619172564
temp=67.1'C
1619172565
temp=66.6'C
1619172566
temp=67.1'C
1619172567
temp=67.1'C
1619172568
temp=66.6'C
1619172569
temp=66.6'C
1619172570
temp=66.6'C
1619172571
temp=67.1'C
1619172572
temp=66.6'C
1619172573
temp=67.1'C
1619172574
temp=67.1'C
1619172575
temp=67.1'C
1619172576
temp=66.6'C
1619172577
temp=66.6'C
1619172578
temp=66.6'C
1619172579
temp=67.1'C
1619172580
temp=67.7'C
1619172582
temp=67.1'C
1619172583
temp=67.1'C
1619172584
temp=67.7'C
1619172585
temp=66.6'C
1619172586
temp=67.1'C
1619172587
temp=67.7'C
1619172588
temp=67.7'C
1619172589
temp=67.7'C
1619172590
temp=67.7'C
1619172591
temp=67.1'C
1619172592
temp=67.7'C
1619172593
temp=66.6'C
1619172594
temp=67.7'C
1619172595
temp=67.7'C
1619172596
temp=67.7'C
1619172597
temp=68.2'C
1619172598
temp=67.7'C
1619172599
temp=67.7'C
1619172600
temp=67.7'C
