1619170849
temp=35.4'C
1619170850
temp=35.4'C
1619170851
temp=36.5'C
1619170853
temp=37.6'C
1619170854
temp=38.6'C
1619170855
temp=39.7'C
1619170856
temp=39.7'C
1619170857
temp=40.8'C
1619170858
temp=40.8'C
1619170859
temp=40.8'C
1619170860
temp=41.3'C
1619170861
temp=41.9'C
1619170862
temp=41.9'C
1619170863
temp=41.9'C
1619170864
temp=42.4'C
1619170865
temp=42.9'C
1619170866
temp=42.9'C
1619170867
temp=42.9'C
1619170868
temp=43.5'C
1619170869
temp=42.9'C
1619170870
temp=43.5'C
1619170871
temp=43.5'C
1619170872
temp=44.0'C
1619170873
temp=44.0'C
1619170874
temp=44.5'C
1619170875
temp=45.1'C
1619170876
temp=45.1'C
1619170877
temp=45.1'C
1619170878
temp=45.1'C
1619170879
temp=45.1'C
1619170880
temp=46.2'C
1619170881
temp=45.6'C
1619170882
temp=45.6'C
1619170883
temp=46.2'C
1619170885
temp=46.7'C
1619170886
temp=46.7'C
1619170887
temp=46.7'C
1619170888
temp=46.7'C
1619170889
temp=46.7'C
1619170890
temp=47.2'C
1619170891
temp=47.2'C
1619170892
temp=47.2'C
1619170893
temp=47.2'C
1619170894
temp=47.8'C
1619170895
temp=47.8'C
1619170896
temp=47.8'C
1619170897
temp=48.3'C
1619170898
temp=48.3'C
1619170899
temp=48.3'C
1619170900
temp=48.3'C
1619170901
temp=48.3'C
1619170902
temp=48.9'C
1619170903
temp=48.9'C
1619170904
temp=48.9'C
1619170905
temp=49.4'C
1619170906
temp=49.9'C
1619170907
temp=49.9'C
1619170908
temp=49.4'C
1619170909
temp=49.4'C
1619170910
temp=49.4'C
1619170911
temp=49.4'C
1619170912
temp=49.4'C
1619170913
temp=49.9'C
1619170914
temp=50.5'C
1619170916
temp=49.9'C
1619170917
temp=50.5'C
1619170918
temp=50.5'C
1619170919
temp=50.5'C
1619170920
temp=50.5'C
1619170921
temp=51.5'C
1619170922
temp=51.0'C
1619170923
temp=52.1'C
1619170924
temp=51.5'C
1619170925
temp=51.5'C
1619170926
temp=51.5'C
1619170927
temp=52.1'C
1619170928
temp=52.1'C
1619170929
temp=52.1'C
1619170930
temp=52.6'C
1619170931
temp=52.6'C
1619170932
temp=52.1'C
1619170933
temp=52.1'C
1619170934
temp=52.6'C
1619170935
temp=52.1'C
1619170936
temp=52.6'C
1619170937
temp=52.6'C
1619170938
temp=52.6'C
1619170939
temp=52.1'C
1619170940
temp=52.6'C
1619170941
temp=52.6'C
1619170942
temp=52.6'C
1619170943
temp=53.7'C
1619170944
temp=53.7'C
1619170946
temp=53.7'C
1619170947
temp=53.2'C
1619170948
temp=53.7'C
1619170949
temp=53.7'C
1619170950
temp=53.7'C
1619170951
temp=53.7'C
1619170952
temp=53.7'C
1619170953
temp=53.7'C
1619170954
temp=54.2'C
1619170955
temp=54.2'C
1619170956
temp=53.7'C
1619170957
temp=54.2'C
1619170958
temp=54.2'C
1619170959
temp=54.2'C
1619170960
temp=54.8'C
1619170961
temp=54.8'C
1619170962
temp=54.8'C
1619170963
temp=54.8'C
1619170964
temp=54.8'C
1619170965
temp=55.3'C
1619170966
temp=54.8'C
1619170967
temp=55.3'C
1619170968
temp=55.3'C
1619170969
temp=55.3'C
1619170970
temp=54.8'C
1619170971
temp=55.8'C
1619170972
temp=55.3'C
1619170974
temp=55.8'C
1619170975
temp=55.8'C
1619170976
temp=55.8'C
1619170977
temp=56.4'C
1619170978
temp=55.8'C
1619170979
temp=56.4'C
1619170980
temp=56.4'C
1619170981
temp=55.8'C
1619170982
temp=56.4'C
1619170983
temp=56.4'C
1619170984
temp=55.8'C
1619170985
temp=56.4'C
1619170986
temp=56.4'C
1619170987
temp=56.9'C
1619170988
temp=56.4'C
1619170989
temp=56.4'C
1619170990
temp=56.9'C
1619170991
temp=56.9'C
1619170992
temp=56.9'C
1619170993
temp=56.9'C
1619170994
temp=57.5'C
1619170995
temp=56.9'C
1619170996
temp=56.9'C
1619170997
temp=57.5'C
1619170998
temp=57.5'C
1619170999
temp=57.5'C
1619171001
temp=56.9'C
1619171002
temp=56.9'C
1619171003
temp=58.0'C
1619171004
temp=56.9'C
1619171005
temp=58.0'C
1619171006
temp=58.0'C
1619171007
temp=57.5'C
1619171008
temp=58.0'C
1619171009
temp=58.0'C
1619171010
temp=58.5'C
1619171011
temp=58.0'C
1619171012
temp=58.0'C
1619171013
temp=58.0'C
1619171014
temp=58.0'C
1619171015
temp=58.0'C
1619171016
temp=59.1'C
1619171017
temp=58.5'C
1619171018
temp=58.5'C
1619171019
temp=58.5'C
1619171020
temp=58.0'C
1619171021
temp=58.5'C
1619171022
temp=59.1'C
1619171023
temp=59.1'C
1619171024
temp=59.1'C
1619171025
temp=58.5'C
1619171026
temp=59.1'C
1619171027
temp=59.1'C
1619171028
temp=58.5'C
1619171029
temp=59.6'C
1619171030
temp=58.5'C
1619171031
temp=59.1'C
1619171033
temp=59.1'C
1619171034
temp=59.1'C
1619171035
temp=59.1'C
1619171036
temp=59.6'C
1619171037
temp=59.1'C
1619171038
temp=59.1'C
1619171039
temp=60.1'C
1619171040
temp=59.6'C
1619171041
temp=60.1'C
1619171042
temp=60.1'C
1619171043
temp=60.1'C
1619171044
temp=60.1'C
1619171045
temp=60.1'C
1619171046
temp=60.1'C
1619171047
temp=60.1'C
1619171048
temp=60.1'C
1619171049
temp=60.1'C
1619171050
temp=60.1'C
1619171051
temp=60.1'C
1619171052
temp=60.1'C
1619171053
temp=60.1'C
1619171054
temp=60.7'C
1619171055
temp=60.1'C
1619171056
temp=60.7'C
1619171057
temp=60.7'C
1619171058
temp=60.1'C
1619171059
temp=60.7'C
1619171060
temp=60.7'C
1619171062
temp=60.7'C
1619171063
temp=60.7'C
1619171064
temp=61.2'C
1619171065
temp=60.7'C
1619171066
temp=60.7'C
1619171067
temp=61.2'C
1619171068
temp=60.1'C
1619171069
temp=60.7'C
1619171070
temp=61.2'C
1619171071
temp=60.7'C
1619171072
temp=61.8'C
1619171073
temp=61.2'C
1619171074
temp=61.2'C
1619171075
temp=61.2'C
1619171076
temp=61.2'C
1619171077
temp=61.2'C
1619171078
temp=61.2'C
1619171079
temp=61.2'C
1619171080
temp=61.2'C
1619171081
temp=61.2'C
1619171082
temp=61.8'C
1619171083
temp=61.2'C
1619171084
temp=61.8'C
1619171085
temp=61.8'C
1619171086
temp=62.3'C
1619171087
temp=62.3'C
1619171088
temp=61.8'C
1619171089
temp=61.8'C
1619171090
temp=62.3'C
1619171091
temp=61.8'C
1619171093
temp=62.3'C
1619171094
temp=62.3'C
1619171095
temp=62.3'C
1619171096
temp=62.3'C
1619171097
temp=62.3'C
1619171098
temp=62.3'C
1619171099
temp=62.3'C
1619171100
temp=62.8'C
1619171101
temp=62.3'C
1619171102
temp=62.3'C
1619171103
temp=62.3'C
1619171104
temp=62.3'C
1619171105
temp=62.3'C
