1619177044
temp=37.6'C
1619177045
temp=38.6'C
1619177046
temp=39.7'C
1619177047
temp=39.7'C
1619177048
temp=40.8'C
1619177049
temp=41.3'C
1619177050
temp=41.3'C
1619177051
temp=41.9'C
1619177052
temp=41.9'C
1619177053
temp=42.9'C
1619177054
temp=42.9'C
1619177055
temp=43.5'C
1619177056
temp=44.0'C
1619177057
temp=44.0'C
1619177058
temp=43.5'C
1619177059
temp=44.0'C
1619177061
temp=44.5'C
1619177062
temp=45.1'C
1619177063
temp=45.1'C
1619177064
temp=45.6'C
1619177065
temp=45.1'C
1619177066
temp=45.6'C
1619177067
temp=45.6'C
1619177068
temp=45.1'C
1619177069
temp=46.2'C
1619177070
temp=46.2'C
1619177071
temp=47.2'C
1619177072
temp=47.2'C
1619177073
temp=47.2'C
1619177074
temp=47.2'C
1619177075
temp=47.8'C
1619177076
temp=47.8'C
1619177077
temp=47.8'C
1619177078
temp=47.8'C
1619177079
temp=48.3'C
1619177080
temp=47.8'C
1619177081
temp=47.8'C
1619177082
temp=48.3'C
1619177083
temp=48.9'C
1619177084
temp=48.3'C
1619177085
temp=48.3'C
1619177086
temp=49.4'C
1619177087
temp=49.4'C
1619177088
temp=49.4'C
1619177089
temp=49.4'C
1619177090
temp=49.4'C
1619177091
temp=49.4'C
1619177093
temp=49.4'C
1619177094
temp=49.4'C
1619177095
temp=49.4'C
1619177096
temp=49.9'C
1619177097
temp=50.5'C
1619177098
temp=50.5'C
1619177099
temp=50.5'C
1619177100
temp=50.5'C
1619177101
temp=50.5'C
1619177102
temp=50.5'C
1619177103
temp=50.5'C
1619177104
temp=51.0'C
1619177105
temp=51.0'C
1619177106
temp=51.5'C
1619177107
temp=51.5'C
1619177108
temp=51.5'C
1619177109
temp=51.5'C
1619177110
temp=51.5'C
1619177111
temp=51.5'C
1619177112
temp=51.5'C
1619177113
temp=52.1'C
1619177114
temp=52.1'C
1619177115
temp=52.1'C
1619177116
temp=52.6'C
1619177117
temp=52.1'C
1619177118
temp=52.6'C
1619177119
temp=52.6'C
1619177120
temp=52.6'C
1619177121
temp=53.2'C
1619177123
temp=53.2'C
1619177124
temp=53.2'C
1619177125
temp=52.6'C
1619177126
temp=52.1'C
1619177127
temp=53.7'C
1619177128
temp=53.2'C
1619177129
temp=53.2'C
1619177130
temp=53.2'C
1619177131
temp=53.7'C
1619177132
temp=53.7'C
1619177133
temp=53.2'C
1619177134
temp=53.7'C
1619177135
temp=53.7'C
1619177136
temp=53.7'C
1619177137
temp=53.7'C
1619177138
temp=53.7'C
1619177139
temp=54.2'C
1619177140
temp=54.2'C
1619177141
temp=54.2'C
1619177142
temp=54.8'C
1619177143
temp=54.2'C
1619177144
temp=54.8'C
1619177145
temp=54.8'C
1619177146
temp=54.8'C
1619177147
temp=54.2'C
1619177148
temp=54.8'C
1619177149
temp=54.8'C
1619177151
temp=54.8'C
1619177152
temp=54.8'C
1619177153
temp=55.3'C
1619177154
temp=55.3'C
1619177155
temp=55.8'C
1619177156
temp=55.8'C
1619177157
temp=54.8'C
1619177158
temp=55.8'C
1619177159
temp=55.3'C
1619177160
temp=56.4'C
1619177161
temp=55.8'C
1619177162
temp=55.8'C
1619177163
temp=56.4'C
1619177164
temp=56.4'C
1619177165
temp=56.4'C
1619177166
temp=55.8'C
1619177167
temp=56.4'C
1619177168
temp=56.4'C
1619177169
temp=56.4'C
1619177170
temp=56.4'C
1619177171
temp=56.9'C
1619177172
temp=56.9'C
1619177173
temp=56.9'C
1619177174
temp=56.9'C
1619177175
temp=56.4'C
1619177176
temp=56.9'C
1619177177
temp=56.9'C
1619177178
temp=56.9'C
1619177179
temp=56.9'C
1619177180
temp=56.9'C
1619177181
temp=58.0'C
1619177183
temp=57.5'C
1619177184
temp=58.0'C
1619177185
temp=56.9'C
1619177186
temp=57.5'C
1619177187
temp=58.0'C
1619177188
temp=58.0'C
1619177189
temp=57.5'C
1619177190
temp=58.0'C
1619177191
temp=58.0'C
1619177192
temp=58.0'C
1619177193
temp=58.0'C
1619177194
temp=58.0'C
1619177195
temp=58.5'C
1619177196
temp=58.0'C
1619177197
temp=58.0'C
1619177198
temp=58.0'C
1619177199
temp=58.0'C
1619177200
temp=58.5'C
1619177201
temp=58.0'C
1619177202
temp=58.5'C
1619177203
temp=58.0'C
1619177204
temp=58.0'C
1619177205
temp=58.5'C
1619177206
temp=58.5'C
1619177207
temp=58.5'C
1619177208
temp=58.5'C
1619177209
temp=58.5'C
1619177210
temp=59.1'C
1619177211
temp=58.5'C
1619177212
temp=59.1'C
1619177213
temp=59.1'C
1619177214
temp=59.1'C
1619177215
temp=59.6'C
1619177216
temp=59.1'C
1619177217
temp=59.6'C
1619177219
temp=59.1'C
1619177220
temp=59.6'C
1619177221
temp=59.1'C
1619177222
temp=59.1'C
1619177223
temp=59.6'C
1619177224
temp=59.6'C
1619177225
temp=59.1'C
1619177226
temp=59.1'C
1619177227
temp=60.1'C
1619177228
temp=60.7'C
1619177229
temp=60.1'C
1619177230
temp=60.1'C
1619177231
temp=60.1'C
1619177232
temp=60.1'C
1619177233
temp=60.1'C
1619177234
temp=60.7'C
1619177235
temp=60.1'C
1619177236
temp=60.1'C
1619177237
temp=60.1'C
1619177238
temp=60.1'C
1619177239
temp=60.1'C
1619177240
temp=60.1'C
1619177241
temp=60.7'C
1619177242
temp=60.7'C
1619177243
temp=60.7'C
1619177244
temp=61.2'C
1619177245
temp=60.7'C
1619177246
temp=60.7'C
1619177247
temp=61.2'C
1619177248
temp=61.2'C
1619177250
temp=61.2'C
1619177251
temp=60.7'C
1619177252
temp=61.2'C
1619177253
temp=61.2'C
1619177254
temp=61.2'C
1619177255
temp=61.2'C
1619177256
temp=61.2'C
1619177257
temp=61.2'C
1619177258
temp=61.8'C
1619177259
temp=61.2'C
