1619215272
temp=35.4'C
1619215274
temp=35.9'C
1619215275
temp=36.5'C
1619215276
temp=38.6'C
1619215277
temp=38.6'C
1619215278
temp=39.7'C
1619215279
temp=40.8'C
1619215280
temp=40.8'C
1619215281
temp=41.9'C
1619215282
temp=41.9'C
1619215283
temp=41.9'C
1619215284
temp=42.9'C
1619215285
temp=42.4'C
1619215286
temp=44.0'C
1619215287
temp=43.5'C
1619215288
temp=44.0'C
1619215289
temp=44.0'C
1619215290
temp=44.0'C
1619215291
temp=45.1'C
1619215292
temp=45.1'C
1619215293
temp=45.1'C
1619215294
temp=45.1'C
1619215295
temp=45.1'C
1619215296
temp=46.2'C
1619215297
temp=46.2'C
1619215298
temp=46.2'C
1619215299
temp=46.2'C
1619215300
temp=47.2'C
1619215301
temp=46.2'C
1619215303
temp=46.7'C
1619215304
temp=47.2'C
1619215305
temp=47.2'C
1619215306
temp=47.8'C
1619215307
temp=47.2'C
1619215308
temp=47.8'C
1619215309
temp=47.8'C
1619215310
temp=48.3'C
1619215311
temp=48.3'C
1619215312
temp=47.8'C
1619215313
temp=48.3'C
1619215314
temp=48.3'C
1619215315
temp=48.3'C
1619215316
temp=48.3'C
1619215317
temp=49.4'C
1619215318
temp=49.4'C
1619215319
temp=49.4'C
1619215320
temp=49.4'C
1619215321
temp=49.4'C
1619215322
temp=49.4'C
1619215323
temp=49.9'C
1619215324
temp=49.9'C
1619215325
temp=49.9'C
1619215326
temp=50.5'C
1619215327
temp=49.9'C
1619215328
temp=50.5'C
1619215329
temp=50.5'C
1619215330
temp=50.5'C
1619215331
temp=50.5'C
1619215332
temp=51.0'C
1619215333
temp=50.5'C
1619215334
temp=51.0'C
1619215336
temp=51.5'C
1619215337
temp=51.0'C
1619215338
temp=51.5'C
1619215339
temp=52.1'C
1619215340
temp=52.1'C
1619215341
temp=51.5'C
1619215342
temp=52.1'C
1619215343
temp=51.5'C
1619215344
temp=52.6'C
1619215345
temp=52.6'C
1619215346
temp=52.1'C
1619215347
temp=52.6'C
1619215348
temp=52.1'C
1619215349
temp=52.6'C
1619215350
temp=53.2'C
1619215351
temp=53.2'C
1619215352
temp=52.6'C
1619215353
temp=53.2'C
1619215354
temp=53.2'C
1619215355
temp=53.2'C
1619215356
temp=52.6'C
1619215357
temp=52.6'C
1619215358
temp=53.2'C
1619215359
temp=53.7'C
1619215360
temp=53.2'C
1619215361
temp=53.7'C
1619215362
temp=53.7'C
1619215364
temp=53.7'C
1619215365
temp=53.7'C
1619215366
temp=54.8'C
1619215367
temp=54.2'C
1619215368
temp=54.2'C
1619215369
temp=53.7'C
1619215370
temp=54.8'C
1619215371
temp=54.2'C
1619215372
temp=54.8'C
1619215373
temp=54.8'C
1619215374
temp=55.3'C
1619215375
temp=54.8'C
1619215376
temp=54.8'C
1619215377
temp=55.3'C
1619215378
temp=55.3'C
1619215379
temp=54.8'C
1619215380
temp=54.8'C
1619215381
temp=54.8'C
1619215382
temp=55.8'C
1619215383
temp=55.3'C
1619215384
temp=55.8'C
1619215385
temp=55.8'C
1619215386
temp=55.8'C
1619215387
temp=55.8'C
1619215388
temp=55.8'C
1619215389
temp=56.4'C
1619215391
temp=55.8'C
1619215392
temp=55.8'C
1619215393
temp=56.4'C
1619215394
temp=56.4'C
1619215395
temp=56.4'C
1619215396
temp=56.4'C
1619215397
temp=56.4'C
1619215398
temp=56.4'C
1619215399
temp=56.4'C
1619215400
temp=56.9'C
1619215401
temp=56.4'C
1619215402
temp=56.9'C
1619215403
temp=56.9'C
1619215404
temp=56.9'C
1619215405
temp=56.9'C
1619215406
temp=56.9'C
1619215407
temp=56.9'C
1619215408
temp=56.9'C
1619215409
temp=57.5'C
1619215410
temp=58.0'C
1619215411
temp=58.0'C
1619215412
temp=57.5'C
1619215413
temp=58.0'C
1619215414
temp=58.0'C
1619215415
temp=58.5'C
1619215416
temp=58.0'C
1619215418
temp=58.0'C
1619215419
temp=58.0'C
1619215420
temp=58.0'C
1619215421
temp=58.0'C
1619215422
temp=58.0'C
1619215423
temp=58.0'C
1619215424
temp=58.0'C
1619215425
temp=58.0'C
1619215426
temp=58.0'C
1619215427
temp=58.0'C
1619215428
temp=58.5'C
1619215429
temp=58.5'C
1619215430
temp=58.5'C
1619215431
temp=58.5'C
1619215432
temp=59.1'C
1619215433
temp=58.5'C
1619215434
temp=58.5'C
1619215435
temp=58.5'C
1619215436
temp=59.1'C
1619215437
temp=59.1'C
1619215438
temp=58.5'C
1619215439
temp=59.1'C
1619215440
temp=59.1'C
1619215441
temp=59.1'C
1619215442
temp=59.1'C
1619215443
temp=59.1'C
1619215444
temp=60.1'C
1619215445
temp=59.1'C
1619215446
temp=59.1'C
1619215447
temp=59.1'C
1619215448
temp=60.1'C
1619215449
temp=60.1'C
1619215451
temp=59.6'C
1619215452
temp=60.1'C
1619215453
temp=59.1'C
1619215454
temp=59.6'C
1619215455
temp=59.1'C
1619215456
temp=60.7'C
1619215457
temp=59.6'C
1619215458
temp=60.1'C
1619215459
temp=60.1'C
1619215460
temp=60.1'C
1619215461
temp=60.7'C
1619215462
temp=60.7'C
1619215463
temp=60.1'C
1619215464
temp=60.1'C
1619215465
temp=60.1'C
1619215466
temp=60.7'C
1619215467
temp=60.1'C
1619215468
temp=60.7'C
1619215469
temp=60.1'C
1619215470
temp=61.2'C
1619215471
temp=60.1'C
1619215472
temp=60.7'C
1619215473
temp=61.8'C
1619215474
temp=61.2'C
1619215475
temp=61.2'C
1619215476
temp=60.7'C
1619215477
temp=61.2'C
1619215478
temp=61.2'C
1619215479
temp=60.7'C
1619215480
temp=61.2'C
1619215481
temp=61.2'C
1619215483
temp=61.2'C
1619215484
temp=61.2'C
1619215485
temp=61.2'C
1619215486
temp=61.2'C
1619215487
temp=61.2'C
1619215488
temp=61.2'C
1619215489
temp=61.8'C
1619215490
temp=61.8'C
1619215491
temp=61.2'C
1619215492
temp=61.8'C
1619215493
temp=62.3'C
1619215494
temp=61.8'C
1619215495
temp=62.3'C
1619215496
temp=61.2'C
1619215497
temp=61.8'C
1619215498
temp=62.3'C
1619215499
temp=61.8'C
1619215500
temp=62.3'C
1619215501
temp=62.3'C
1619215502
temp=62.3'C
1619215503
temp=62.3'C
1619215504
temp=62.3'C
1619215505
temp=61.8'C
1619215506
temp=62.3'C
1619215507
temp=62.3'C
1619215508
temp=62.3'C
1619215509
temp=62.3'C
1619215511
temp=62.3'C
1619215512
temp=61.8'C
1619215513
temp=62.3'C
1619215514
temp=62.8'C
1619215515
temp=62.8'C
1619215516
temp=62.3'C
1619215517
temp=62.3'C
1619215518
temp=62.3'C
1619215519
temp=62.3'C
1619215520
temp=62.3'C
1619215521
temp=62.8'C
1619215522
temp=62.3'C
1619215523
temp=62.8'C
1619215524
temp=62.8'C
1619215525
temp=63.4'C
1619215526
temp=63.4'C
1619215527
temp=63.4'C
1619215528
temp=62.8'C
1619215529
temp=63.4'C
1619215530
temp=62.8'C
1619215531
temp=62.8'C
1619215532
temp=62.8'C
1619215533
temp=63.4'C
1619215534
temp=63.4'C
1619215535
temp=63.4'C
1619215536
temp=62.8'C
1619215537
temp=62.8'C
1619215539
temp=63.4'C
1619215540
temp=63.9'C
1619215541
temp=63.4'C
1619215542
temp=63.4'C
1619215543
temp=63.4'C
1619215544
temp=64.5'C
1619215545
temp=63.4'C
1619215546
temp=63.4'C
1619215547
temp=63.4'C
1619215548
temp=63.4'C
1619215549
temp=64.5'C
1619215550
temp=63.4'C
1619215551
temp=63.4'C
1619215552
temp=63.9'C
1619215553
temp=63.9'C
1619215554
temp=63.4'C
1619215555
temp=64.5'C
1619215556
temp=63.4'C
1619215557
temp=63.9'C
1619215558
temp=64.5'C
1619215559
temp=64.5'C
1619215560
temp=64.5'C
1619215561
temp=64.5'C
1619215562
temp=63.9'C
1619215563
temp=64.5'C
1619215564
temp=64.5'C
1619215565
temp=64.5'C
1619215567
temp=63.9'C
1619215568
temp=64.5'C
1619215569
temp=64.5'C
1619215570
temp=65.0'C
1619215571
temp=64.5'C
1619215572
temp=64.5'C
1619215573
temp=65.0'C
1619215574
temp=64.5'C
1619215575
temp=65.0'C
1619215576
temp=65.0'C
1619215577
temp=65.0'C
1619215578
temp=65.0'C
1619215579
temp=64.5'C
1619215580
temp=65.0'C
1619215581
temp=65.0'C
1619215582
temp=65.0'C
1619215583
temp=64.5'C
1619215584
temp=64.5'C
1619215585
temp=65.0'C
1619215586
temp=65.0'C
1619215587
temp=65.5'C
1619215588
temp=65.0'C
1619215589
temp=65.0'C
1619215590
temp=65.0'C
1619215591
temp=65.5'C
1619215592
temp=65.0'C
1619215593
temp=65.5'C
1619215594
temp=65.5'C
1619215596
temp=65.5'C
1619215597
temp=65.0'C
1619215598
temp=65.0'C
1619215599
temp=65.5'C
1619215600
temp=65.5'C
1619215601
temp=65.0'C
1619215602
temp=65.5'C
1619215603
temp=65.5'C
1619215604
temp=65.5'C
1619215605
temp=65.5'C
1619215606
temp=65.5'C
1619215607
temp=65.5'C
1619215608
temp=65.5'C
1619215609
temp=65.5'C
1619215610
temp=65.5'C
1619215611
temp=65.5'C
1619215612
temp=66.1'C
1619215613
temp=66.6'C
1619215614
temp=66.1'C
1619215615
temp=65.5'C
1619215616
temp=66.1'C
1619215617
temp=65.5'C
1619215618
temp=65.5'C
1619215619
temp=66.1'C
1619215620
temp=66.1'C
1619215621
temp=66.6'C
1619215622
temp=66.1'C
1619215623
temp=66.6'C
1619215624
temp=65.5'C
1619215625
temp=66.1'C
1619215627
temp=66.6'C
1619215628
temp=66.1'C
1619215629
temp=66.6'C
1619215630
temp=65.5'C
1619215631
temp=65.5'C
1619215632
temp=66.6'C
1619215633
temp=66.6'C
1619215634
temp=65.5'C
1619215635
temp=66.6'C
1619215636
temp=66.6'C
1619215637
temp=67.1'C
1619215638
temp=66.6'C
1619215639
temp=66.6'C
1619215640
temp=66.1'C
1619215641
temp=66.6'C
1619215642
temp=66.6'C
1619215643
temp=66.6'C
1619215644
temp=67.1'C
1619215645
temp=66.6'C
1619215646
temp=66.6'C
1619215647
temp=66.6'C
1619215648
temp=66.6'C
1619215649
temp=66.6'C
1619215650
temp=66.6'C
1619215651
temp=66.6'C
1619215652
temp=67.1'C
1619215653
temp=66.6'C
1619215654
temp=66.6'C
1619215656
temp=66.6'C
1619215657
temp=66.6'C
1619215658
temp=66.6'C
1619215659
temp=66.6'C
1619215660
temp=67.7'C
1619215661
temp=66.6'C
1619215662
temp=67.1'C
1619215663
temp=66.6'C
1619215664
temp=67.1'C
1619215665
temp=67.1'C
1619215666
temp=67.1'C
1619215667
temp=67.1'C
1619215668
temp=67.1'C
1619215669
temp=66.6'C
1619215670
temp=66.6'C
1619215671
temp=66.6'C
1619215672
temp=66.6'C
1619215673
temp=67.7'C
1619215674
temp=67.7'C
1619215675
temp=67.7'C
1619215676
temp=67.1'C
1619215677
temp=67.7'C
1619215678
temp=67.1'C
1619215679
temp=67.7'C
1619215680
temp=67.7'C
1619215681
temp=67.7'C
1619215682
temp=68.2'C
1619215683
temp=67.7'C
1619215684
temp=67.7'C
1619215686
temp=67.7'C
1619215687
temp=67.1'C
1619215688
temp=67.7'C
1619215689
temp=67.7'C
