1619170249
temp=34.9'C
1619170250
temp=35.4'C
1619170251
temp=35.9'C
1619170252
temp=35.4'C
1619170253
temp=35.4'C
1619170254
temp=35.9'C
1619170255
temp=36.5'C
1619170256
temp=36.5'C
1619170257
temp=36.5'C
1619170258
temp=36.5'C
1619170259
temp=36.5'C
1619170260
temp=37.0'C
1619170261
temp=37.0'C
1619170262
temp=36.5'C
1619170263
temp=37.6'C
1619170265
temp=37.6'C
1619170266
temp=37.6'C
1619170267
temp=37.6'C
1619170268
temp=38.1'C
1619170269
temp=39.2'C
1619170270
temp=39.7'C
1619170271
temp=40.2'C
1619170272
temp=40.8'C
1619170273
temp=41.3'C
1619170274
temp=41.9'C
1619170275
temp=41.9'C
1619170276
temp=41.9'C
1619170277
temp=41.9'C
1619170278
temp=42.9'C
1619170279
temp=42.9'C
1619170280
temp=41.9'C
1619170281
temp=42.9'C
1619170282
temp=42.4'C
1619170283
temp=43.5'C
1619170284
temp=43.5'C
1619170285
temp=43.5'C
1619170286
temp=43.5'C
1619170287
temp=43.5'C
1619170288
temp=44.0'C
1619170289
temp=43.5'C
1619170290
temp=44.0'C
1619170291
temp=44.5'C
1619170292
temp=43.5'C
1619170293
temp=44.0'C
1619170294
temp=44.0'C
1619170295
temp=44.0'C
1619170296
temp=45.1'C
1619170297
temp=44.0'C
1619170298
temp=44.0'C
1619170299
temp=44.5'C
1619170301
temp=44.5'C
1619170302
temp=44.5'C
1619170303
temp=44.5'C
1619170304
temp=44.5'C
1619170305
temp=44.5'C
1619170306
temp=45.1'C
1619170307
temp=45.1'C
1619170308
temp=45.1'C
1619170309
temp=45.1'C
1619170310
temp=44.5'C
1619170311
temp=44.5'C
1619170312
temp=45.1'C
1619170313
temp=45.1'C
1619170314
temp=45.1'C
1619170315
temp=45.1'C
1619170316
temp=45.1'C
1619170317
temp=45.1'C
1619170318
temp=45.1'C
1619170319
temp=45.1'C
1619170320
temp=45.1'C
1619170321
temp=45.1'C
1619170322
temp=45.1'C
1619170323
temp=45.6'C
1619170324
temp=45.1'C
1619170325
temp=45.1'C
1619170326
temp=45.1'C
1619170327
temp=45.1'C
1619170328
temp=45.1'C
1619170329
temp=45.6'C
1619170330
temp=46.2'C
1619170331
temp=45.1'C
1619170333
temp=45.6'C
1619170334
temp=45.1'C
1619170335
temp=45.1'C
1619170336
temp=45.6'C
1619170337
temp=45.1'C
1619170338
temp=45.1'C
1619170339
temp=45.6'C
1619170340
temp=45.1'C
1619170341
temp=45.1'C
1619170342
temp=45.1'C
1619170343
temp=46.2'C
1619170344
temp=45.1'C
1619170345
temp=45.6'C
1619170346
temp=45.6'C
1619170347
temp=45.1'C
1619170348
temp=45.6'C
1619170349
temp=45.6'C
1619170350
temp=45.6'C
1619170351
temp=45.1'C
1619170352
temp=45.6'C
1619170353
temp=45.1'C
1619170354
temp=45.6'C
1619170355
temp=46.2'C
1619170356
temp=46.2'C
1619170357
temp=45.1'C
1619170358
temp=45.6'C
1619170359
temp=46.2'C
1619170360
temp=46.2'C
1619170361
temp=45.6'C
1619170362
temp=46.2'C
1619170364
temp=46.2'C
1619170365
temp=46.2'C
1619170366
temp=45.6'C
1619170367
temp=46.2'C
1619170368
temp=46.2'C
1619170369
temp=46.2'C
1619170370
temp=46.2'C
1619170371
temp=46.2'C
1619170372
temp=47.2'C
1619170373
temp=47.2'C
1619170374
temp=47.8'C
1619170375
temp=47.8'C
1619170376
temp=47.8'C
1619170377
temp=47.8'C
1619170378
temp=48.3'C
1619170379
temp=48.3'C
1619170380
temp=47.8'C
1619170381
temp=48.3'C
1619170382
temp=48.9'C
1619170383
temp=48.9'C
1619170384
temp=49.4'C
1619170385
temp=48.3'C
1619170386
temp=49.4'C
1619170387
temp=49.4'C
1619170388
temp=49.4'C
1619170389
temp=50.5'C
1619170390
temp=49.4'C
1619170391
temp=49.9'C
1619170393
temp=49.9'C
1619170394
temp=50.5'C
1619170395
temp=50.5'C
1619170396
temp=50.5'C
1619170397
temp=50.5'C
1619170398
temp=51.0'C
1619170399
temp=50.5'C
1619170400
temp=50.5'C
1619170401
temp=50.5'C
1619170402
temp=51.5'C
1619170403
temp=51.5'C
1619170404
temp=51.5'C
1619170405
temp=51.5'C
