1619193746
temp=37.6'C
1619193747
temp=37.6'C
1619193748
temp=39.7'C
1619193749
temp=40.2'C
1619193750
temp=40.8'C
1619193751
temp=41.3'C
1619193752
temp=42.4'C
1619193753
temp=42.9'C
1619193754
temp=42.9'C
1619193755
temp=42.9'C
1619193756
temp=43.5'C
1619193757
temp=44.0'C
1619193758
temp=44.0'C
1619193759
temp=44.0'C
1619193760
temp=45.1'C
1619193761
temp=44.0'C
1619193762
temp=44.5'C
1619193763
temp=45.1'C
1619193764
temp=45.1'C
1619193765
temp=45.1'C
1619193766
temp=45.1'C
1619193767
temp=45.1'C
1619193769
temp=45.1'C
1619193770
temp=45.1'C
1619193771
temp=45.1'C
1619193772
temp=45.6'C
1619193773
temp=45.1'C
1619193774
temp=46.2'C
1619193775
temp=45.6'C
1619193776
temp=45.6'C
1619193777
temp=45.6'C
1619193778
temp=45.6'C
1619193779
temp=46.2'C
1619193780
temp=46.2'C
1619193781
temp=46.2'C
1619193782
temp=46.7'C
1619193783
temp=46.2'C
1619193784
temp=46.2'C
1619193785
temp=46.7'C
1619193786
temp=46.2'C
1619193787
temp=46.7'C
1619193788
temp=46.2'C
1619193789
temp=46.2'C
1619193790
temp=46.2'C
1619193791
temp=46.2'C
1619193792
temp=46.2'C
1619193793
temp=46.7'C
1619193794
temp=46.7'C
1619193795
temp=47.2'C
1619193796
temp=47.2'C
1619193797
temp=47.8'C
1619193798
temp=47.8'C
1619193799
temp=47.8'C
1619193800
temp=47.8'C
1619193802
temp=47.8'C
1619193803
temp=47.8'C
1619193804
temp=48.3'C
1619193805
temp=48.9'C
1619193806
temp=48.3'C
1619193807
temp=48.3'C
1619193808
temp=48.3'C
1619193809
temp=48.9'C
1619193810
temp=49.4'C
1619193811
temp=49.4'C
1619193812
temp=49.9'C
