1619212379
temp=34.3'C
1619212380
temp=35.4'C
1619212381
temp=35.9'C
1619212382
temp=37.0'C
1619212383
temp=38.1'C
1619212384
temp=39.2'C
1619212385
temp=40.2'C
1619212386
temp=40.8'C
1619212387
temp=40.8'C
1619212388
temp=41.9'C
1619212389
temp=41.9'C
1619212390
temp=41.9'C
1619212391
temp=42.4'C
1619212392
temp=42.9'C
1619212393
temp=42.9'C
1619212394
temp=43.5'C
1619212395
temp=44.0'C
1619212396
temp=44.5'C
1619212398
temp=44.0'C
1619212399
temp=44.5'C
1619212400
temp=44.5'C
1619212401
temp=44.5'C
1619212402
temp=45.1'C
1619212403
temp=45.1'C
1619212404
temp=45.6'C
1619212405
temp=45.6'C
1619212406
temp=45.6'C
1619212407
temp=46.2'C
1619212408
temp=46.2'C
1619212409
temp=46.2'C
1619212410
temp=47.2'C
1619212411
temp=46.7'C
1619212412
temp=47.2'C
1619212413
temp=47.2'C
1619212414
temp=47.2'C
1619212415
temp=47.2'C
1619212416
temp=47.2'C
1619212417
temp=47.8'C
1619212418
temp=47.8'C
1619212419
temp=47.8'C
1619212420
temp=48.3'C
1619212421
temp=47.8'C
1619212422
temp=48.3'C
1619212423
temp=48.3'C
1619212424
temp=48.3'C
1619212425
temp=48.9'C
1619212426
temp=49.4'C
1619212427
temp=49.4'C
1619212428
temp=49.4'C
1619212429
temp=49.4'C
1619212431
temp=49.4'C
1619212432
temp=49.9'C
1619212433
temp=49.9'C
1619212434
temp=49.9'C
1619212435
temp=49.9'C
1619212436
temp=49.4'C
1619212437
temp=50.5'C
1619212438
temp=49.9'C
1619212439
temp=50.5'C
1619212440
temp=51.0'C
1619212441
temp=50.5'C
1619212442
temp=50.5'C
1619212443
temp=51.5'C
1619212444
temp=51.0'C
1619212445
temp=51.0'C
1619212446
temp=51.5'C
1619212447
temp=51.5'C
1619212448
temp=51.5'C
1619212449
temp=52.1'C
1619212450
temp=51.0'C
1619212451
temp=51.5'C
1619212452
temp=52.1'C
1619212453
temp=52.1'C
1619212454
temp=52.6'C
1619212455
temp=52.1'C
1619212456
temp=52.6'C
1619212457
temp=52.1'C
1619212458
temp=52.1'C
1619212460
temp=52.6'C
1619212461
temp=52.6'C
1619212462
temp=52.6'C
1619212463
temp=52.6'C
1619212464
temp=53.2'C
1619212465
temp=53.7'C
1619212466
temp=52.6'C
1619212467
temp=53.7'C
1619212468
temp=52.6'C
1619212469
temp=53.7'C
1619212470
temp=53.7'C
1619212471
temp=53.7'C
1619212472
temp=53.7'C
1619212473
temp=53.7'C
1619212474
temp=53.7'C
1619212475
temp=53.7'C
1619212476
temp=53.7'C
1619212477
temp=54.2'C
1619212478
temp=54.2'C
1619212479
temp=54.2'C
1619212480
temp=54.2'C
1619212481
temp=53.7'C
1619212482
temp=54.8'C
1619212483
temp=54.2'C
1619212484
temp=54.2'C
1619212485
temp=54.8'C
1619212486
temp=54.8'C
1619212487
temp=54.8'C
1619212488
temp=55.8'C
1619212489
temp=54.8'C
1619212490
temp=54.8'C
1619212491
temp=54.8'C
1619212492
temp=55.3'C
1619212493
temp=55.3'C
1619212495
temp=55.8'C
1619212496
temp=55.8'C
1619212497
temp=55.8'C
1619212498
temp=55.3'C
1619212499
temp=55.8'C
1619212500
temp=56.4'C
1619212501
temp=55.8'C
1619212502
temp=55.8'C
1619212503
temp=55.8'C
1619212504
temp=55.8'C
1619212505
temp=56.4'C
1619212506
temp=55.8'C
1619212507
temp=56.4'C
1619212508
temp=56.9'C
1619212509
temp=56.4'C
1619212510
temp=56.9'C
1619212511
temp=56.9'C
1619212512
temp=56.4'C
1619212513
temp=56.9'C
1619212514
temp=56.9'C
1619212515
temp=56.4'C
1619212516
temp=56.9'C
1619212517
temp=56.4'C
1619212518
temp=55.8'C
1619212519
temp=57.5'C
1619212520
temp=56.9'C
1619212521
temp=56.9'C
1619212522
temp=56.9'C
1619212523
temp=57.5'C
1619212524
temp=56.9'C
1619212525
temp=57.5'C
1619212526
temp=56.9'C
1619212528
temp=56.9'C
1619212529
temp=58.0'C
1619212530
temp=57.5'C
1619212531
temp=58.0'C
1619212532
temp=58.0'C
1619212533
temp=58.0'C
1619212534
temp=58.0'C
1619212535
temp=58.0'C
1619212536
temp=58.0'C
1619212537
temp=58.5'C
1619212538
temp=58.0'C
1619212539
temp=58.5'C
1619212540
temp=58.0'C
1619212541
temp=58.5'C
1619212542
temp=58.5'C
1619212543
temp=58.0'C
1619212544
temp=59.1'C
1619212545
temp=58.5'C
1619212546
temp=58.5'C
1619212547
temp=58.0'C
1619212548
temp=58.5'C
1619212549
temp=59.1'C
1619212550
temp=58.0'C
1619212551
temp=58.5'C
1619212552
temp=58.5'C
1619212553
temp=59.1'C
1619212555
temp=59.1'C
1619212556
temp=59.1'C
1619212557
temp=59.1'C
1619212558
temp=59.6'C
1619212559
temp=59.1'C
1619212560
temp=59.1'C
1619212561
temp=59.1'C
1619212562
temp=59.6'C
1619212563
temp=59.1'C
1619212564
temp=59.1'C
1619212565
temp=59.6'C
1619212566
temp=60.1'C
1619212567
temp=59.1'C
1619212568
temp=60.1'C
1619212569
temp=60.1'C
1619212570
temp=59.6'C
1619212571
temp=60.1'C
1619212572
temp=60.1'C
1619212573
temp=60.1'C
1619212574
temp=59.6'C
1619212575
temp=60.7'C
1619212576
temp=60.1'C
1619212577
temp=60.1'C
1619212578
temp=60.1'C
1619212579
temp=60.7'C
1619212580
temp=60.1'C
1619212581
temp=60.1'C
1619212583
temp=60.7'C
1619212584
temp=60.7'C
1619212585
temp=60.1'C
1619212586
temp=60.1'C
1619212587
temp=60.7'C
1619212588
temp=60.7'C
1619212589
temp=60.7'C
1619212590
temp=60.7'C
1619212591
temp=61.2'C
1619212592
temp=60.7'C
1619212593
temp=60.7'C
1619212594
temp=60.7'C
1619212595
temp=60.7'C
1619212596
temp=60.7'C
1619212597
temp=61.2'C
1619212598
temp=60.7'C
1619212599
temp=61.2'C
1619212600
temp=61.2'C
1619212601
temp=61.2'C
1619212602
temp=61.8'C
1619212603
temp=61.2'C
1619212604
temp=61.2'C
1619212605
temp=61.2'C
1619212606
temp=61.2'C
1619212607
temp=61.2'C
1619212608
temp=61.2'C
1619212609
temp=61.8'C
1619212610
temp=61.8'C
1619212611
temp=61.2'C
1619212612
temp=61.2'C
1619212613
temp=62.3'C
1619212615
temp=61.8'C
1619212616
temp=61.8'C
1619212617
temp=62.3'C
1619212618
temp=62.3'C
1619212619
temp=61.8'C
1619212620
temp=62.3'C
1619212621
temp=61.8'C
1619212622
temp=62.3'C
1619212623
temp=62.3'C
1619212624
temp=62.3'C
1619212625
temp=62.3'C
1619212626
temp=62.3'C
1619212627
temp=62.3'C
1619212628
temp=62.3'C
1619212629
temp=61.8'C
1619212630
temp=62.3'C
1619212631
temp=62.3'C
1619212632
temp=62.3'C
1619212633
temp=62.3'C
1619212634
temp=62.3'C
1619212635
temp=62.8'C
1619212636
temp=62.3'C
1619212637
temp=62.8'C
1619212638
temp=62.8'C
1619212639
temp=62.8'C
1619212640
temp=62.3'C
1619212641
temp=63.4'C
1619212642
temp=62.3'C
1619212643
temp=62.8'C
1619212644
temp=62.3'C
1619212646
temp=63.4'C
1619212647
temp=62.8'C
1619212648
temp=62.8'C
1619212649
temp=62.8'C
1619212650
temp=63.4'C
1619212651
temp=62.8'C
1619212652
temp=62.8'C
1619212653
temp=63.4'C
1619212654
temp=63.4'C
1619212655
temp=63.4'C
1619212656
temp=63.4'C
1619212657
temp=63.4'C
1619212658
temp=63.4'C
1619212659
temp=62.8'C
1619212660
temp=63.4'C
1619212661
temp=63.4'C
1619212662
temp=62.8'C
1619212663
temp=63.4'C
1619212664
temp=63.4'C
1619212665
temp=63.4'C
1619212666
temp=63.4'C
1619212667
temp=63.4'C
1619212668
temp=63.9'C
1619212669
temp=64.5'C
1619212670
temp=64.5'C
1619212671
temp=64.5'C
1619212672
temp=63.9'C
1619212673
temp=64.5'C
1619212674
temp=63.4'C
1619212676
temp=63.4'C
1619212677
temp=64.5'C
1619212678
temp=64.5'C
1619212679
temp=64.5'C
1619212680
temp=64.5'C
1619212681
temp=64.5'C
1619212682
temp=64.5'C
1619212683
temp=64.5'C
1619212684
temp=64.5'C
1619212685
temp=64.5'C
1619212686
temp=64.5'C
1619212687
temp=64.5'C
1619212688
temp=64.5'C
1619212689
temp=64.5'C
1619212690
temp=65.0'C
1619212691
temp=64.5'C
1619212692
temp=64.5'C
1619212693
temp=64.5'C
1619212694
temp=64.5'C
1619212695
temp=65.0'C
1619212696
temp=65.0'C
1619212697
temp=64.5'C
1619212698
temp=65.0'C
1619212699
temp=65.0'C
1619212700
temp=65.0'C
1619212701
temp=65.0'C
1619212702
temp=65.0'C
1619212703
temp=65.0'C
1619212704
temp=65.0'C
1619212705
temp=65.5'C
1619212706
temp=65.0'C
1619212708
temp=64.5'C
1619212709
temp=65.0'C
1619212710
temp=64.5'C
1619212711
temp=65.5'C
1619212712
temp=65.0'C
1619212713
temp=65.5'C
1619212714
temp=65.0'C
1619212715
temp=65.5'C
1619212716
temp=65.0'C
1619212717
temp=65.0'C
1619212718
temp=65.0'C
1619212719
temp=65.0'C
1619212720
temp=65.5'C
1619212721
temp=65.0'C
1619212722
temp=65.5'C
1619212723
temp=65.0'C
1619212724
temp=65.5'C
1619212725
temp=65.5'C
1619212726
temp=65.5'C
1619212727
temp=65.5'C
1619212728
temp=65.0'C
1619212729
temp=65.0'C
1619212730
temp=65.5'C
1619212731
temp=65.5'C
1619212732
temp=65.5'C
1619212733
temp=65.5'C
1619212734
temp=66.6'C
1619212735
temp=65.5'C
1619212736
temp=66.1'C
1619212737
temp=65.5'C
1619212739
temp=65.5'C
1619212740
temp=66.1'C
1619212741
temp=66.6'C
1619212742
temp=66.1'C
1619212743
temp=65.5'C
1619212744
temp=66.1'C
1619212745
temp=65.5'C
1619212746
temp=65.5'C
1619212747
temp=65.5'C
1619212748
temp=66.6'C
1619212749
temp=66.6'C
1619212750
temp=66.6'C
1619212751
temp=66.6'C
1619212752
temp=66.6'C
1619212753
temp=66.6'C
1619212754
temp=66.1'C
1619212755
temp=66.1'C
1619212756
temp=66.6'C
1619212757
temp=66.1'C
1619212758
temp=66.6'C
1619212759
temp=65.5'C
1619212760
temp=66.6'C
1619212761
temp=66.6'C
1619212762
temp=66.6'C
1619212763
temp=66.6'C
1619212764
temp=66.6'C
1619212765
temp=66.6'C
1619212766
temp=66.6'C
1619212767
temp=66.6'C
1619212768
temp=66.6'C
1619212770
temp=66.6'C
1619212771
temp=67.1'C
1619212772
temp=66.6'C
1619212773
temp=66.6'C
1619212774
temp=66.6'C
1619212775
temp=66.6'C
1619212776
temp=66.6'C
1619212777
temp=66.6'C
1619212778
temp=66.6'C
1619212779
temp=66.6'C
1619212780
temp=66.6'C
1619212781
temp=66.6'C
1619212782
temp=67.1'C
1619212783
temp=66.6'C
1619212784
temp=66.6'C
1619212785
temp=66.6'C
1619212786
temp=66.6'C
1619212787
temp=67.1'C
1619212788
temp=67.1'C
1619212789
temp=67.1'C
1619212790
temp=67.1'C
1619212791
temp=67.1'C
1619212792
temp=67.1'C
1619212793
temp=67.7'C
1619212794
temp=67.1'C
1619212795
temp=67.7'C
1619212796
temp=67.7'C
1619212797
temp=67.1'C
1619212798
temp=66.6'C
1619212799
temp=67.7'C
1619212800
temp=66.6'C
1619212802
temp=67.1'C
1619212803
temp=67.7'C
1619212804
temp=67.7'C
1619212805
temp=67.7'C
1619212806
temp=67.7'C
1619212807
temp=67.7'C
1619212808
temp=67.7'C
1619212809
temp=67.1'C
1619212810
temp=67.7'C
1619212811
temp=67.7'C
1619212812
temp=67.7'C
1619212813
temp=67.1'C
1619212814
temp=67.7'C
1619212815
temp=67.7'C
1619212816
temp=67.7'C
1619212817
temp=67.7'C
1619212818
temp=67.7'C
1619212819
temp=68.2'C
1619212820
temp=67.7'C
1619212821
temp=67.1'C
1619212822
temp=67.7'C
1619212823
temp=67.7'C
1619212824
temp=67.7'C
1619212825
temp=67.7'C
1619212826
temp=67.7'C
1619212827
temp=67.7'C
1619212828
temp=67.7'C
