1619176434
temp=36.5'C
1619176435
temp=35.9'C
1619176436
temp=38.1'C
1619176437
temp=38.6'C
1619176438
temp=38.6'C
1619176439
temp=40.2'C
1619176440
temp=40.8'C
1619176441
temp=40.8'C
1619176443
temp=41.9'C
1619176444
temp=41.9'C
1619176445
temp=41.9'C
1619176446
temp=41.9'C
1619176447
temp=41.9'C
1619176448
temp=42.9'C
1619176449
temp=42.9'C
1619176450
temp=42.9'C
1619176451
temp=43.5'C
1619176452
temp=43.5'C
1619176453
temp=43.5'C
1619176454
temp=44.0'C
1619176455
temp=43.5'C
1619176456
temp=44.0'C
1619176457
temp=44.5'C
1619176458
temp=45.1'C
1619176459
temp=45.1'C
1619176460
temp=45.1'C
1619176461
temp=45.1'C
1619176462
temp=45.6'C
1619176463
temp=45.1'C
1619176464
temp=45.6'C
1619176465
temp=46.2'C
1619176466
temp=46.2'C
1619176467
temp=46.2'C
1619176468
temp=47.2'C
1619176470
temp=46.2'C
1619176471
temp=47.2'C
1619176472
temp=46.7'C
1619176473
temp=47.8'C
1619176474
temp=47.8'C
1619176475
temp=47.8'C
1619176476
temp=47.8'C
1619176477
temp=48.3'C
1619176478
temp=48.3'C
1619176479
temp=48.3'C
1619176480
temp=48.3'C
1619176481
temp=48.3'C
1619176482
temp=48.9'C
1619176483
temp=49.4'C
1619176484
temp=48.3'C
1619176485
temp=49.4'C
1619176486
temp=49.4'C
1619176487
temp=49.4'C
1619176488
temp=49.9'C
1619176489
temp=49.4'C
1619176490
temp=49.4'C
1619176491
temp=49.4'C
1619176492
temp=49.9'C
1619176493
temp=49.9'C
1619176494
temp=50.5'C
1619176495
temp=50.5'C
1619176496
temp=51.0'C
1619176497
temp=49.9'C
1619176498
temp=50.5'C
1619176499
temp=50.5'C
1619176500
temp=51.0'C
1619176501
temp=50.5'C
1619176502
temp=50.5'C
1619176503
temp=51.5'C
1619176505
temp=51.5'C
1619176506
temp=51.5'C
1619176507
temp=51.5'C
1619176508
temp=52.1'C
1619176509
temp=51.5'C
1619176510
temp=51.5'C
1619176511
temp=52.1'C
1619176512
temp=52.6'C
1619176513
temp=52.1'C
1619176514
temp=52.6'C
1619176515
temp=52.6'C
1619176516
temp=52.6'C
1619176517
temp=52.6'C
1619176518
temp=53.2'C
1619176519
temp=52.6'C
1619176520
temp=53.2'C
1619176521
temp=52.6'C
1619176522
temp=53.2'C
1619176523
temp=52.6'C
1619176524
temp=53.7'C
1619176525
temp=53.7'C
1619176526
temp=53.7'C
1619176527
temp=53.7'C
1619176528
temp=53.7'C
1619176529
temp=54.2'C
1619176530
temp=53.7'C
1619176531
temp=53.7'C
1619176533
temp=54.2'C
1619176534
temp=53.7'C
1619176535
temp=54.8'C
1619176536
temp=53.7'C
1619176537
temp=54.2'C
1619176538
temp=54.2'C
1619176539
temp=53.7'C
1619176540
temp=54.8'C
1619176541
temp=54.8'C
1619176542
temp=54.8'C
1619176543
temp=54.8'C
1619176544
temp=54.8'C
1619176545
temp=54.8'C
1619176546
temp=54.8'C
1619176547
temp=54.8'C
1619176548
temp=55.3'C
1619176549
temp=54.8'C
1619176550
temp=55.8'C
1619176551
temp=55.8'C
1619176552
temp=54.8'C
1619176553
temp=55.8'C
1619176554
temp=56.4'C
1619176555
temp=55.8'C
1619176556
temp=55.8'C
1619176557
temp=55.8'C
1619176558
temp=55.8'C
1619176559
temp=56.4'C
1619176560
temp=55.8'C
1619176561
temp=55.8'C
1619176562
temp=56.4'C
1619176564
temp=55.8'C
1619176565
temp=56.4'C
1619176566
temp=56.9'C
1619176567
temp=56.4'C
1619176568
temp=56.9'C
1619176569
temp=56.9'C
1619176570
temp=56.9'C
1619176571
temp=56.9'C
1619176572
temp=56.9'C
1619176573
temp=56.9'C
1619176574
temp=57.5'C
1619176575
temp=56.9'C
1619176576
temp=56.9'C
1619176577
temp=56.9'C
1619176578
temp=56.9'C
1619176579
temp=57.5'C
1619176580
temp=56.9'C
1619176581
temp=58.0'C
1619176582
temp=57.5'C
1619176583
temp=58.0'C
1619176584
temp=57.5'C
1619176585
temp=58.0'C
1619176586
temp=58.0'C
1619176587
temp=58.0'C
1619176588
temp=58.0'C
1619176589
temp=58.0'C
1619176590
temp=58.0'C
1619176591
temp=58.0'C
1619176592
temp=58.0'C
1619176593
temp=58.0'C
1619176594
temp=58.5'C
1619176596
temp=58.0'C
1619176597
temp=58.0'C
1619176598
temp=58.5'C
1619176599
temp=58.0'C
1619176600
temp=59.1'C
1619176601
temp=58.5'C
1619176602
temp=58.5'C
1619176603
temp=59.1'C
1619176604
temp=58.5'C
1619176605
temp=59.1'C
1619176606
temp=59.1'C
1619176607
temp=59.1'C
1619176608
temp=59.1'C
1619176609
temp=59.1'C
1619176610
temp=59.1'C
1619176611
temp=59.6'C
1619176612
temp=59.1'C
1619176613
temp=59.1'C
1619176614
temp=59.1'C
1619176615
temp=59.6'C
1619176616
temp=59.1'C
1619176617
temp=59.6'C
1619176618
temp=59.6'C
1619176619
temp=60.1'C
1619176620
temp=60.1'C
1619176621
temp=60.1'C
1619176622
temp=60.1'C
1619176623
temp=59.1'C
1619176624
temp=60.1'C
1619176626
temp=60.1'C
1619176627
temp=59.6'C
1619176628
temp=60.7'C
1619176629
temp=60.1'C
1619176630
temp=60.1'C
1619176631
temp=60.1'C
1619176632
temp=60.1'C
1619176633
temp=60.1'C
1619176634
temp=60.1'C
1619176635
temp=60.1'C
1619176636
temp=60.7'C
1619176637
temp=60.1'C
1619176638
temp=60.7'C
1619176639
temp=61.2'C
1619176640
temp=61.2'C
1619176641
temp=61.2'C
1619176642
temp=60.7'C
1619176643
temp=60.7'C
1619176644
temp=60.7'C
1619176645
temp=60.7'C
1619176646
temp=60.7'C
1619176647
temp=60.7'C
1619176648
temp=61.2'C
1619176649
temp=61.2'C
1619176650
temp=61.2'C
1619176651
temp=61.2'C
1619176652
temp=61.2'C
1619176653
temp=61.2'C
1619176654
temp=61.2'C
1619176655
temp=61.2'C
1619176656
temp=61.2'C
1619176658
temp=61.8'C
1619176659
temp=61.8'C
1619176660
temp=61.8'C
1619176661
temp=62.3'C
1619176662
temp=61.8'C
1619176663
temp=62.3'C
1619176664
temp=61.8'C
1619176665
temp=62.3'C
1619176666
temp=61.8'C
1619176667
temp=62.3'C
1619176668
temp=62.3'C
1619176669
temp=62.3'C
1619176670
temp=62.3'C
1619176671
temp=62.3'C
1619176672
temp=62.3'C
1619176673
temp=62.3'C
1619176674
temp=62.3'C
1619176675
temp=62.3'C
1619176676
temp=62.3'C
1619176677
temp=62.8'C
1619176678
temp=62.3'C
1619176679
temp=62.8'C
1619176680
temp=62.3'C
1619176681
temp=62.3'C
1619176682
temp=63.4'C
1619176683
temp=62.3'C
1619176684
temp=62.8'C
1619176685
temp=62.8'C
1619176686
temp=62.3'C
1619176688
temp=62.8'C
1619176689
temp=62.3'C
1619176690
temp=62.8'C
1619176691
temp=62.8'C
1619176692
temp=63.4'C
1619176693
temp=62.8'C
1619176694
temp=62.3'C
1619176695
temp=62.3'C
1619176696
temp=62.3'C
1619176697
temp=62.8'C
1619176698
temp=63.4'C
1619176699
temp=63.4'C
1619176700
temp=62.3'C
1619176701
temp=63.4'C
1619176702
temp=63.4'C
1619176703
temp=63.4'C
1619176704
temp=63.4'C
1619176705
temp=63.4'C
1619176706
temp=63.4'C
1619176707
temp=63.4'C
1619176708
temp=63.4'C
1619176709
temp=63.4'C
1619176710
temp=63.4'C
1619176711
temp=63.4'C
