1619213213
temp=34.9'C
1619213214
temp=35.4'C
1619213215
temp=35.9'C
1619213216
temp=37.0'C
1619213217
temp=38.6'C
1619213218
temp=39.2'C
1619213219
temp=39.7'C
1619213220
temp=40.2'C
1619213221
temp=40.8'C
1619213222
temp=40.8'C
1619213223
temp=42.4'C
1619213224
temp=42.4'C
1619213225
temp=42.9'C
1619213226
temp=42.9'C
1619213227
temp=44.0'C
1619213228
temp=43.5'C
1619213230
temp=44.0'C
1619213231
temp=44.5'C
1619213232
temp=44.5'C
1619213233
temp=45.1'C
1619213234
temp=45.1'C
1619213235
temp=45.1'C
1619213236
temp=45.6'C
1619213237
temp=45.1'C
1619213238
temp=45.6'C
1619213239
temp=46.2'C
1619213240
temp=46.2'C
1619213241
temp=46.2'C
1619213242
temp=46.7'C
1619213243
temp=46.7'C
1619213244
temp=46.2'C
1619213245
temp=46.2'C
1619213246
temp=47.2'C
1619213247
temp=47.2'C
1619213248
temp=47.2'C
1619213249
temp=47.8'C
1619213250
temp=47.8'C
1619213251
temp=47.8'C
1619213252
temp=47.8'C
1619213253
temp=48.3'C
1619213254
temp=48.3'C
1619213255
temp=48.3'C
1619213256
temp=48.9'C
1619213258
temp=49.4'C
1619213259
temp=49.4'C
1619213260
temp=49.4'C
1619213261
temp=48.9'C
1619213262
temp=49.4'C
1619213263
temp=49.4'C
1619213264
temp=49.4'C
1619213265
temp=49.9'C
1619213266
temp=49.9'C
1619213267
temp=49.9'C
1619213268
temp=49.9'C
1619213269
temp=49.9'C
1619213270
temp=50.5'C
1619213271
temp=51.0'C
1619213272
temp=51.0'C
1619213273
temp=50.5'C
1619213274
temp=51.0'C
1619213275
temp=51.0'C
1619213276
temp=50.5'C
1619213277
temp=51.0'C
1619213278
temp=50.5'C
1619213279
temp=51.5'C
1619213280
temp=51.5'C
1619213281
temp=51.5'C
1619213282
temp=52.1'C
1619213283
temp=51.5'C
1619213284
temp=52.1'C
1619213285
temp=52.6'C
1619213286
temp=52.6'C
1619213288
temp=52.6'C
1619213289
temp=52.1'C
1619213290
temp=52.1'C
1619213291
temp=52.6'C
1619213292
temp=52.6'C
1619213293
temp=52.6'C
1619213294
temp=52.6'C
1619213295
temp=53.2'C
1619213296
temp=53.2'C
1619213297
temp=53.2'C
1619213298
temp=53.2'C
1619213299
temp=53.2'C
1619213300
temp=53.2'C
1619213301
temp=53.7'C
1619213302
temp=53.7'C
1619213303
temp=53.7'C
1619213304
temp=53.7'C
1619213305
temp=53.7'C
1619213306
temp=54.2'C
1619213307
temp=54.2'C
1619213308
temp=53.7'C
1619213309
temp=54.2'C
1619213310
temp=53.7'C
1619213311
temp=54.8'C
1619213312
temp=54.8'C
1619213313
temp=54.2'C
1619213314
temp=54.2'C
1619213315
temp=54.8'C
1619213316
temp=54.8'C
1619213317
temp=54.8'C
1619213319
temp=54.8'C
1619213320
temp=55.3'C
1619213321
temp=54.8'C
1619213322
temp=55.3'C
1619213323
temp=55.3'C
1619213324
temp=55.8'C
1619213325
temp=55.8'C
1619213326
temp=55.8'C
1619213327
temp=55.3'C
1619213328
temp=55.8'C
1619213329
temp=55.8'C
1619213330
temp=55.8'C
1619213331
temp=55.8'C
1619213332
temp=55.8'C
1619213333
temp=56.4'C
1619213334
temp=56.4'C
1619213335
temp=55.8'C
1619213336
temp=56.4'C
1619213337
temp=55.8'C
1619213338
temp=55.8'C
1619213339
temp=56.4'C
1619213340
temp=56.9'C
1619213341
temp=56.9'C
1619213342
temp=56.4'C
1619213343
temp=56.4'C
1619213344
temp=56.9'C
1619213345
temp=56.4'C
1619213346
temp=56.4'C
1619213347
temp=56.9'C
1619213348
temp=56.9'C
1619213349
temp=56.9'C
1619213351
temp=56.9'C
1619213352
temp=56.9'C
1619213353
temp=56.9'C
1619213354
temp=56.9'C
1619213355
temp=58.0'C
1619213356
temp=58.0'C
1619213357
temp=57.5'C
1619213358
temp=58.0'C
1619213359
temp=58.0'C
1619213360
temp=58.5'C
1619213361
temp=58.0'C
1619213362
temp=58.0'C
1619213363
temp=58.0'C
1619213364
temp=58.5'C
1619213365
temp=58.0'C
1619213366
temp=58.5'C
1619213367
temp=58.0'C
1619213368
temp=58.5'C
1619213369
temp=58.5'C
1619213370
temp=58.5'C
1619213371
temp=58.0'C
1619213372
temp=59.1'C
1619213373
temp=58.0'C
1619213374
temp=58.0'C
1619213375
temp=58.0'C
1619213376
temp=58.0'C
1619213377
temp=58.5'C
1619213378
temp=59.1'C
1619213379
temp=59.1'C
1619213380
temp=58.5'C
1619213381
temp=59.1'C
1619213382
temp=59.1'C
1619213384
temp=58.5'C
1619213385
temp=59.1'C
1619213386
temp=59.1'C
1619213387
temp=59.1'C
1619213388
temp=59.1'C
1619213389
temp=59.6'C
1619213390
temp=59.1'C
1619213391
temp=59.1'C
1619213392
temp=60.1'C
1619213393
temp=59.1'C
1619213394
temp=59.1'C
1619213395
temp=60.1'C
1619213396
temp=60.1'C
1619213397
temp=59.6'C
1619213398
temp=60.1'C
1619213399
temp=60.1'C
1619213400
temp=60.1'C
1619213401
temp=60.1'C
1619213402
temp=59.1'C
1619213403
temp=60.1'C
1619213404
temp=60.7'C
1619213405
temp=60.1'C
1619213406
temp=60.1'C
1619213407
temp=60.1'C
1619213408
temp=60.1'C
1619213409
temp=60.1'C
1619213410
temp=60.1'C
1619213411
temp=60.1'C
1619213413
temp=60.7'C
1619213414
temp=60.1'C
1619213415
temp=60.1'C
1619213416
temp=61.2'C
1619213417
temp=61.2'C
1619213418
temp=60.7'C
1619213419
temp=60.7'C
1619213420
temp=60.7'C
1619213421
temp=60.7'C
1619213422
temp=61.2'C
1619213423
temp=61.2'C
1619213424
temp=61.2'C
1619213425
temp=61.2'C
1619213426
temp=61.2'C
1619213427
temp=60.7'C
1619213428
temp=61.2'C
1619213429
temp=60.7'C
1619213430
temp=61.2'C
1619213431
temp=61.2'C
1619213432
temp=61.2'C
1619213433
temp=60.7'C
1619213434
temp=61.2'C
1619213435
temp=61.8'C
1619213436
temp=61.2'C
1619213437
temp=61.2'C
1619213438
temp=61.2'C
1619213439
temp=61.8'C
1619213440
temp=62.3'C
1619213441
temp=61.8'C
1619213442
temp=62.3'C
1619213443
temp=61.8'C
1619213445
temp=62.3'C
1619213446
temp=61.2'C
1619213447
temp=61.8'C
1619213448
temp=62.3'C
1619213449
temp=62.3'C
1619213450
temp=62.3'C
1619213451
temp=62.8'C
1619213452
temp=62.3'C
1619213453
temp=62.3'C
1619213454
temp=62.3'C
1619213455
temp=62.3'C
1619213456
temp=62.3'C
1619213457
temp=62.3'C
1619213458
temp=62.3'C
1619213459
temp=62.3'C
1619213460
temp=62.3'C
1619213461
temp=62.3'C
1619213462
temp=62.3'C
1619213463
temp=62.3'C
1619213464
temp=62.8'C
1619213465
temp=62.8'C
1619213466
temp=62.8'C
1619213467
temp=62.8'C
1619213468
temp=62.3'C
1619213469
temp=62.8'C
1619213470
temp=62.3'C
1619213471
temp=62.3'C
1619213472
temp=62.8'C
1619213474
temp=62.8'C
1619213475
temp=62.8'C
1619213476
temp=63.4'C
1619213477
temp=63.4'C
1619213478
temp=63.4'C
1619213479
temp=63.4'C
1619213480
temp=62.8'C
1619213481
temp=62.3'C
1619213482
temp=63.4'C
1619213483
temp=63.4'C
1619213484
temp=62.8'C
1619213485
temp=63.4'C
1619213486
temp=62.8'C
1619213487
temp=63.4'C
1619213488
temp=62.8'C
1619213489
temp=63.4'C
1619213490
temp=63.4'C
1619213491
temp=63.9'C
1619213492
temp=63.4'C
1619213493
temp=63.4'C
1619213494
temp=63.4'C
1619213495
temp=63.4'C
1619213496
temp=63.4'C
1619213497
temp=63.4'C
1619213498
temp=63.9'C
1619213499
temp=63.9'C
1619213500
temp=64.5'C
1619213501
temp=63.9'C
1619213502
temp=63.4'C
1619213503
temp=64.5'C
1619213505
temp=64.5'C
1619213506
temp=63.4'C
1619213507
temp=63.9'C
1619213508
temp=64.5'C
1619213509
temp=63.9'C
1619213510
temp=64.5'C
1619213511
temp=64.5'C
1619213512
temp=64.5'C
1619213513
temp=64.5'C
1619213514
temp=64.5'C
1619213515
temp=64.5'C
1619213516
temp=63.4'C
1619213517
temp=64.5'C
1619213518
temp=64.5'C
1619213519
temp=64.5'C
1619213520
temp=64.5'C
1619213521
temp=64.5'C
1619213522
temp=64.5'C
1619213523
temp=65.0'C
1619213524
temp=64.5'C
1619213525
temp=64.5'C
1619213526
temp=65.0'C
1619213527
temp=64.5'C
1619213528
temp=64.5'C
1619213529
temp=65.0'C
1619213530
temp=65.0'C
1619213532
temp=64.5'C
1619213533
temp=64.5'C
1619213534
temp=65.0'C
1619213535
temp=65.0'C
1619213536
temp=65.5'C
1619213537
temp=64.5'C
1619213538
temp=65.0'C
1619213539
temp=65.0'C
1619213540
temp=65.0'C
1619213541
temp=65.5'C
1619213542
temp=65.0'C
1619213543
temp=65.5'C
1619213544
temp=65.0'C
1619213545
temp=65.0'C
1619213546
temp=65.0'C
1619213547
temp=65.5'C
1619213548
temp=65.5'C
1619213549
temp=65.5'C
1619213550
temp=65.5'C
1619213551
temp=65.5'C
1619213552
temp=65.5'C
1619213553
temp=65.5'C
1619213554
temp=65.5'C
1619213555
temp=65.5'C
1619213556
temp=65.5'C
1619213557
temp=65.5'C
1619213558
temp=65.5'C
1619213559
temp=66.1'C
1619213560
temp=65.5'C
1619213562
temp=65.5'C
1619213563
temp=65.5'C
1619213564
temp=65.5'C
1619213565
temp=65.5'C
1619213566
temp=65.5'C
1619213567
temp=65.5'C
1619213568
temp=66.1'C
1619213569
temp=65.5'C
1619213570
temp=65.5'C
1619213571
temp=65.5'C
1619213572
temp=66.1'C
1619213573
temp=65.5'C
1619213574
temp=66.6'C
1619213575
temp=66.1'C
1619213576
temp=66.1'C
1619213577
temp=66.1'C
1619213578
temp=65.5'C
1619213579
temp=66.6'C
1619213580
temp=65.5'C
1619213581
temp=66.6'C
1619213582
temp=66.6'C
1619213583
temp=66.1'C
1619213584
temp=66.6'C
1619213585
temp=66.6'C
1619213586
temp=66.1'C
1619213587
temp=66.6'C
1619213588
temp=66.1'C
1619213589
temp=66.6'C
1619213590
temp=66.6'C
1619213591
temp=66.6'C
1619213592
temp=66.6'C
1619213594
temp=66.1'C
1619213595
temp=66.6'C
1619213596
temp=66.6'C
1619213597
temp=67.1'C
1619213598
temp=66.6'C
1619213599
temp=66.6'C
1619213600
temp=66.6'C
1619213601
temp=66.6'C
1619213602
temp=66.6'C
1619213603
temp=66.6'C
1619213604
temp=67.1'C
1619213605
temp=66.1'C
1619213606
temp=66.6'C
1619213607
temp=66.6'C
1619213608
temp=67.1'C
1619213609
temp=66.6'C
1619213610
temp=66.6'C
1619213611
temp=66.6'C
1619213612
temp=67.1'C
1619213613
temp=67.1'C
1619213614
temp=67.1'C
1619213615
temp=67.1'C
1619213616
temp=67.7'C
1619213617
temp=67.7'C
1619213618
temp=67.1'C
1619213619
temp=66.6'C
1619213620
temp=67.1'C
1619213621
temp=67.1'C
1619213622
temp=67.1'C
1619213624
temp=67.7'C
1619213625
temp=67.1'C
1619213626
temp=66.6'C
1619213627
temp=67.1'C
1619213628
temp=67.7'C
1619213629
temp=66.6'C
1619213630
temp=67.7'C
1619213631
temp=67.7'C
1619213632
temp=67.7'C
1619213633
temp=67.1'C
1619213634
temp=67.1'C
1619213635
temp=67.1'C
1619213636
temp=67.7'C
1619213637
temp=67.1'C
1619213638
temp=67.7'C
1619213639
temp=67.7'C
1619213640
temp=67.7'C
1619213641
temp=67.7'C
1619213642
temp=67.1'C
1619213643
temp=67.7'C
1619213644
temp=68.2'C
1619213645
temp=67.7'C
1619213646
temp=67.7'C
1619213647
temp=67.7'C
1619213648
temp=67.7'C
1619213649
temp=67.7'C
1619213650
temp=67.7'C
1619213651
temp=67.7'C
1619213652
temp=67.7'C
1619213653
temp=67.7'C
1619213654
temp=67.7'C
1619213656
temp=67.7'C
1619213657
temp=67.7'C
1619213658
temp=67.7'C
1619213659
temp=67.7'C
1619213660
temp=67.7'C
1619213661
temp=67.7'C
1619213662
temp=67.7'C
1619213663
temp=67.7'C
1619213664
temp=67.7'C
1619213665
temp=68.8'C
1619213666
temp=67.7'C
1619213667
temp=67.7'C
1619213668
temp=68.2'C
1619213669
temp=68.8'C
1619213670
temp=67.7'C
1619213671
temp=68.8'C
1619213672
temp=68.8'C
1619213673
temp=68.8'C
1619213674
temp=68.8'C
1619213675
temp=68.8'C
1619213676
temp=68.8'C
1619213677
temp=67.7'C
1619213678
temp=68.8'C
1619213679
temp=68.8'C
1619213680
temp=67.7'C
1619213681
temp=68.8'C
1619213682
temp=68.8'C
1619213683
temp=68.8'C
1619213685
temp=69.3'C
1619213686
temp=67.7'C
1619213687
temp=68.8'C
1619213688
temp=68.8'C
1619213689
temp=68.8'C
1619213690
temp=68.8'C
1619213691
temp=67.7'C
1619213692
temp=68.8'C
1619213693
temp=68.8'C
1619213694
temp=69.8'C
1619213695
temp=68.8'C
1619213696
temp=69.3'C
1619213697
temp=68.8'C
1619213698
temp=68.8'C
1619213699
temp=68.8'C
1619213700
temp=69.8'C
1619213701
temp=68.8'C
1619213702
temp=68.8'C
1619213703
temp=68.8'C
1619213704
temp=69.3'C
1619213705
temp=69.3'C
1619213706
temp=69.3'C
1619213707
temp=68.8'C
1619213708
temp=68.8'C
1619213709
temp=68.8'C
1619213710
temp=68.8'C
1619213711
temp=69.3'C
1619213713
temp=68.8'C
1619213714
temp=68.8'C
1619213715
temp=69.3'C
1619213716
temp=68.8'C
1619213717
temp=68.8'C
1619213718
temp=68.8'C
1619213719
temp=69.3'C
1619213720
temp=69.8'C
1619213721
temp=69.3'C
1619213722
temp=69.3'C
1619213723
temp=69.3'C
1619213724
temp=69.8'C
1619213725
temp=68.8'C
1619213726
temp=69.3'C
1619213727
temp=69.8'C
1619213728
temp=69.3'C
1619213729
temp=69.3'C
1619213730
temp=69.8'C
1619213731
temp=69.8'C
1619213732
temp=69.3'C
1619213733
temp=69.3'C
1619213734
temp=69.3'C
1619213735
temp=69.3'C
1619213736
temp=69.8'C
1619213737
temp=69.8'C
1619213738
temp=69.8'C
1619213739
temp=69.8'C
1619213740
temp=69.3'C
1619213741
temp=69.8'C
1619213742
temp=69.8'C
1619213744
temp=69.8'C
1619213745
temp=69.8'C
1619213746
temp=69.3'C
1619213747
temp=69.3'C
1619213748
temp=69.3'C
1619213749
temp=70.4'C
1619213750
temp=69.8'C
1619213751
temp=69.8'C
1619213752
temp=69.3'C
1619213753
temp=69.3'C
1619213754
temp=69.3'C
1619213755
temp=69.3'C
1619213756
temp=69.8'C
1619213757
temp=69.8'C
1619213758
temp=69.3'C
1619213759
temp=70.4'C
1619213760
temp=69.8'C
1619213761
temp=69.8'C
1619213762
temp=69.8'C
1619213763
temp=69.8'C
1619213764
temp=69.8'C
1619213765
temp=69.8'C
1619213766
temp=69.3'C
1619213767
temp=69.3'C
1619213768
temp=69.8'C
1619213769
temp=69.8'C
1619213770
temp=69.8'C
1619213771
temp=69.8'C
1619213772
temp=69.3'C
1619213773
temp=69.8'C
1619213774
temp=69.3'C
1619213775
temp=70.4'C
1619213777
temp=69.3'C
1619213778
temp=69.8'C
1619213779
temp=69.8'C
1619213780
temp=69.3'C
1619213781
temp=69.8'C
