1619197225
temp=36.5'C
1619197226
temp=36.5'C
1619197227
temp=37.0'C
1619197228
temp=38.6'C
1619197229
temp=39.7'C
1619197230
temp=40.8'C
1619197231
temp=41.9'C
1619197232
temp=42.4'C
1619197233
temp=42.9'C
1619197234
temp=42.9'C
1619197235
temp=43.5'C
1619197237
temp=44.5'C
1619197238
temp=44.0'C
1619197239
temp=44.5'C
1619197240
temp=44.5'C
1619197241
temp=45.1'C
1619197242
temp=45.6'C
1619197243
temp=45.6'C
1619197244
temp=45.1'C
1619197245
temp=46.2'C
1619197246
temp=45.6'C
1619197247
temp=46.2'C
1619197248
temp=46.2'C
1619197249
temp=46.7'C
1619197250
temp=46.7'C
1619197251
temp=47.8'C
1619197252
temp=47.2'C
1619197253
temp=47.8'C
1619197254
temp=48.3'C
1619197255
temp=47.8'C
1619197256
temp=47.8'C
1619197257
temp=47.8'C
1619197258
temp=48.3'C
1619197259
temp=48.3'C
1619197260
temp=48.3'C
1619197261
temp=49.4'C
1619197262
temp=49.4'C
1619197263
temp=49.4'C
1619197264
temp=49.4'C
1619197265
temp=49.4'C
1619197266
temp=49.9'C
1619197267
temp=49.4'C
1619197268
temp=49.4'C
1619197270
temp=49.9'C
1619197271
temp=49.9'C
1619197272
temp=49.9'C
1619197273
temp=50.5'C
1619197274
temp=50.5'C
1619197275
temp=51.0'C
1619197276
temp=50.5'C
1619197277
temp=50.5'C
1619197278
temp=50.5'C
1619197279
temp=50.5'C
1619197280
temp=51.5'C
1619197281
temp=51.5'C
1619197282
temp=51.5'C
1619197283
temp=51.5'C
1619197284
temp=52.1'C
1619197285
temp=51.5'C
1619197286
temp=52.1'C
1619197287
temp=52.6'C
1619197288
temp=52.1'C
1619197289
temp=52.1'C
1619197290
temp=52.6'C
1619197291
temp=52.6'C
1619197292
temp=52.6'C
1619197293
temp=52.6'C
1619197294
temp=52.6'C
1619197295
temp=52.6'C
1619197296
temp=52.6'C
1619197297
temp=53.7'C
1619197298
temp=53.7'C
1619197300
temp=53.2'C
1619197301
temp=53.7'C
1619197302
temp=53.7'C
1619197303
temp=53.7'C
1619197304
temp=53.7'C
1619197305
temp=53.7'C
1619197306
temp=53.7'C
1619197307
temp=54.2'C
1619197308
temp=53.7'C
1619197309
temp=53.7'C
1619197310
temp=53.7'C
1619197311
temp=54.2'C
1619197312
temp=54.2'C
1619197313
temp=54.8'C
1619197314
temp=54.8'C
1619197315
temp=54.8'C
1619197316
temp=54.8'C
1619197317
temp=54.8'C
1619197318
temp=54.8'C
1619197319
temp=55.3'C
1619197320
temp=55.3'C
1619197321
temp=55.8'C
1619197322
temp=55.8'C
1619197323
temp=55.3'C
1619197324
temp=55.8'C
1619197325
temp=55.8'C
1619197326
temp=55.8'C
1619197327
temp=55.8'C
1619197328
temp=55.8'C
1619197330
temp=55.8'C
1619197331
temp=56.4'C
1619197332
temp=55.8'C
1619197333
temp=56.4'C
1619197334
temp=55.8'C
1619197335
temp=56.4'C
1619197336
temp=56.4'C
1619197337
temp=56.4'C
1619197338
temp=56.9'C
1619197339
temp=56.9'C
1619197340
temp=56.4'C
1619197341
temp=56.9'C
1619197342
temp=56.9'C
1619197343
temp=56.9'C
1619197344
temp=56.9'C
1619197345
temp=57.5'C
1619197346
temp=56.9'C
1619197347
temp=56.9'C
1619197348
temp=56.9'C
1619197349
temp=56.9'C
1619197350
temp=57.5'C
1619197351
temp=58.0'C
1619197352
temp=56.9'C
1619197353
temp=58.0'C
1619197354
temp=57.5'C
1619197355
temp=58.0'C
1619197356
temp=58.0'C
1619197358
temp=58.0'C
1619197359
temp=56.9'C
1619197360
temp=58.0'C
1619197361
temp=58.0'C
1619197362
temp=58.0'C
1619197363
temp=58.0'C
1619197364
temp=58.0'C
1619197365
temp=58.5'C
1619197366
temp=58.0'C
1619197367
temp=58.5'C
1619197368
temp=58.0'C
1619197369
temp=58.5'C
1619197370
temp=59.1'C
1619197371
temp=58.5'C
1619197372
temp=58.0'C
1619197373
temp=58.5'C
1619197374
temp=59.1'C
1619197375
temp=59.1'C
1619197376
temp=59.1'C
1619197377
temp=59.1'C
1619197378
temp=59.1'C
1619197379
temp=59.1'C
1619197380
temp=59.1'C
1619197381
temp=59.6'C
1619197382
temp=59.1'C
1619197383
temp=59.6'C
1619197384
temp=59.6'C
1619197385
temp=59.1'C
1619197387
temp=59.6'C
1619197388
temp=59.6'C
1619197389
temp=60.1'C
1619197390
temp=60.1'C
1619197391
temp=59.6'C
1619197392
temp=60.1'C
1619197393
temp=60.1'C
1619197394
temp=60.1'C
1619197395
temp=60.1'C
1619197396
temp=60.1'C
1619197397
temp=60.1'C
1619197398
temp=60.1'C
1619197399
temp=60.1'C
1619197400
temp=60.1'C
1619197401
temp=60.7'C
1619197402
temp=60.7'C
1619197403
temp=60.1'C
1619197404
temp=60.1'C
1619197405
temp=60.7'C
1619197406
temp=60.1'C
1619197407
temp=60.7'C
1619197408
temp=60.1'C
1619197409
temp=60.7'C
1619197410
temp=61.2'C
1619197411
temp=61.2'C
1619197412
temp=61.2'C
1619197413
temp=60.7'C
1619197414
temp=60.7'C
1619197415
temp=61.2'C
1619197417
temp=61.8'C
1619197418
temp=61.2'C
1619197419
temp=60.7'C
1619197420
temp=60.7'C
1619197421
temp=60.7'C
1619197422
temp=61.2'C
1619197423
temp=61.2'C
1619197424
temp=61.8'C
1619197425
temp=61.2'C
1619197426
temp=61.8'C
1619197427
temp=61.8'C
1619197428
temp=62.3'C
1619197429
temp=61.8'C
1619197430
temp=61.8'C
1619197431
temp=61.2'C
1619197432
temp=61.8'C
1619197433
temp=61.2'C
1619197434
temp=62.3'C
1619197435
temp=62.3'C
1619197436
temp=62.3'C
1619197437
temp=62.3'C
1619197438
temp=62.3'C
1619197439
temp=62.3'C
1619197440
temp=62.3'C
1619197441
temp=62.3'C
1619197442
temp=62.3'C
1619197443
temp=62.3'C
1619197445
temp=62.3'C
1619197446
temp=62.3'C
1619197447
temp=62.3'C
1619197448
temp=62.3'C
1619197449
temp=62.3'C
1619197450
temp=62.8'C
1619197451
temp=62.8'C
1619197452
temp=62.8'C
1619197453
temp=62.3'C
1619197454
temp=62.8'C
1619197455
temp=63.4'C
1619197456
temp=62.8'C
1619197457
temp=62.3'C
1619197458
temp=62.3'C
1619197459
temp=62.8'C
1619197460
temp=62.8'C
1619197461
temp=63.4'C
1619197462
temp=63.4'C
1619197463
temp=63.4'C
1619197464
temp=62.8'C
1619197465
temp=62.8'C
1619197466
temp=62.8'C
1619197467
temp=63.4'C
1619197468
temp=63.4'C
1619197469
temp=63.9'C
1619197470
temp=63.9'C
1619197471
temp=63.4'C
1619197472
temp=63.4'C
1619197473
temp=63.4'C
1619197474
temp=63.4'C
1619197475
temp=63.4'C
1619197477
temp=63.4'C
1619197478
temp=63.9'C
1619197479
temp=63.9'C
1619197480
temp=62.8'C
1619197481
temp=64.5'C
1619197482
temp=63.9'C
1619197483
temp=63.4'C
1619197484
temp=64.5'C
1619197485
temp=63.9'C
1619197486
temp=63.4'C
1619197487
temp=63.4'C
1619197488
temp=63.9'C
1619197489
temp=63.4'C
