# timestamp	V	A	W	V	A
1595599160.10767	564.556	0.009	377421.559	325.791	0.008
1595599160.10923	230.621	0.003	377421.572	325.791	0.008
1595599160.11168	230.592	0.003	377421.588	325.711	0.007
1595599160.15365	230.588	0.003	377421.579	325.711	0.007
1595599160.15530	230.563	0.003	377421.586	325.711	0.008
1595599160.19264	230.594	0.003	377421.576	325.711	0.007
1595599160.19329	230.597	0.003	377421.588	325.791	0.008
1595599160.23166	230.646	0.004	0.001	325.791	0.007
1595599160.23229	230.634	0.003	0.000	325.791	0.008
1595599160.27264	230.629	0.003	377421.570	325.550	0.008
1595599160.28030	230.616	0.003	377421.578	325.630	0.007
1595599160.30240	230.653	0.003	377421.592	325.630	0.007
1595599160.31564	230.651	0.003	377421.581	325.711	0.007
1595599160.35566	230.593	0.003	377421.577	325.630	0.007
1595599160.35730	230.542	0.003	377421.571	325.469	0.008
1595599160.39564	230.506	0.003	0.016	325.550	0.008
1595599160.39630	230.523	0.003	377421.586	325.550	0.008
1595599160.41866	230.533	0.003	0.005	325.630	0.008
1595599160.42831	230.536	0.003	377421.568	325.550	0.008
1595599160.46765	230.522	0.003	377421.586	325.550	0.008
1595599160.47131	230.524	0.003	377421.584	325.550	0.007
1595599160.51066	230.532	0.003	0.001	325.630	0.007
1595599160.52866	230.541	0.003	377421.586	325.630	0.008
1595599160.56765	230.474	0.003	0.009	325.550	0.008
1595599160.56833	230.431	0.003	377421.589	325.469	0.007
1595599160.61068	230.438	0.003	0.001	325.550	0.007
1595599160.65166	230.466	0.003	377421.558	325.389	0.007
1595599160.65231	230.481	0.003	377421.566	325.791	0.008
1595599160.69067	230.475	0.003	377421.585	325.630	0.007
1595599160.69332	230.457	0.003	0.000	325.469	0.008
1595599160.73133	230.479	0.003	377421.583	325.469	0.008
1595599160.73230	230.489	0.003	377421.586	325.630	0.008
1595599160.77031	230.448	0.003	377421.569	325.389	0.007
1595599160.77731	230.400	0.003	0.003	325.389	0.008
1595599160.81568	230.421	0.003	377421.568	325.308	0.007
1595599160.85370	230.416	0.003	0.017	325.389	0.008
1595599160.85730	230.380	0.003	0.007	325.308	0.008
1595599160.89538	230.394	0.003	0.005	325.228	0.008
1595599160.89625	230.422	0.003	377421.587	325.228	0.008
1595599160.93352	230.395	0.003	377421.580	325.308	0.007
1595599160.93630	230.392	0.003	377421.579	325.308	0.007
1595599160.95339	230.432	0.003	377421.588	325.469	0.007
1595599160.97727	230.488	0.003	377421.571	325.469	0.007
1595599161.00069	230.499	0.004	0.001	325.469	0.008
1595599161.00734	230.508	0.004	0.005	325.711	0.008
1595599161.04532	230.558	0.004	0.014	325.469	0.007
1595599161.04630	230.566	0.003	377421.578	325.469	0.007
1595599161.08771	230.548	0.003	377421.565	325.711	0.008
1595599161.10768	230.559	0.003	377421.577	325.630	0.007
1595599161.11734	230.562	0.003	377421.586	325.711	0.007
1595599161.13028	230.573	0.003	377421.583	325.630	0.007
1595599161.16768	230.542	0.003	377421.572	325.469	0.008
1595599161.17033	230.544	0.003	0.007	325.630	0.008
1595599161.20770	230.540	0.003	377421.574	325.550	0.008
1595599161.21234	230.529	0.003	0.005	325.630	0.008
1595599161.25069	230.542	0.003	377421.580	325.630	0.008
1595599161.30271	230.533	0.004	377421.585	325.469	0.007
1595599161.30334	230.510	0.003	377421.587	325.550	0.007
1595599161.34369	230.548	0.003	0.002	325.550	0.008
1595599161.34535	230.804	0.003	0.007	325.872	0.008
1595599161.35229	230.831	0.003	377421.590	326.033	0.007
1595599161.39071	230.840	0.003	377421.579	326.194	0.007
1595599161.43070	230.824	0.003	377421.578	325.952	0.007
1595599161.43135	230.843	0.003	377421.583	325.872	0.008
1595599161.46869	230.815	0.004	0.020	325.872	0.008
1595599161.47832	230.839	0.003	377421.540	325.791	0.008
1595599161.48841	230.819	0.003	0.007	325.872	0.007
1595599161.52672	230.815	0.003	377421.579	325.791	0.008
1595599161.53834	230.811	0.003	377421.578	326.033	0.008
1595599161.54742	230.801	0.003	377421.577	325.952	0.007
1595599161.59073	230.794	0.003	377421.578	325.952	0.008
1595599161.60871	230.783	0.003	377421.577	325.791	0.007
1595599161.64670	230.888	0.003	0.004	326.033	0.007
1595599161.64735	230.881	0.003	377421.588	325.952	0.007
1595599161.68533	230.890	0.003	0.003	326.113	0.007
1595599161.72827	230.872	0.003	377421.582	326.033	0.008
1595599161.73017	230.784	0.003	377421.574	325.952	0.008
1595599161.77043	230.759	0.003	0.006	325.872	0.007
1595599161.77171	230.784	0.003	0.003	325.952	0.007
1595599161.77235	230.774	0.003	377421.585	325.791	0.008
1595599161.81134	230.753	0.003	0.011	325.872	0.008
1595599161.81744	230.766	0.003	377421.585	325.872	0.008
1595599161.85573	230.812	0.003	377421.572	325.952	0.008
1595599161.85737	230.801	0.003	377421.562	325.952	0.008
1595599161.86832	230.765	0.003	0.005	325.952	0.008
1595599161.90871	230.783	0.003	377421.574	325.952	0.008
1595599161.91834	230.773	0.003	0.022	325.872	0.007
1595599161.92844	230.805	0.004	377421.568	325.872	0.008
1595599161.96871	230.796	0.003	0.010	325.872	0.008
1595599161.97035	230.783	0.003	377421.590	325.791	0.008
1595599162.00772	230.715	0.003	377421.590	325.872	0.007
1595599162.01874	230.730	0.003	377421.575	325.791	0.007
1595599162.03237	230.738	0.003	377421.581	325.791	0.008
1595599162.07074	230.718	0.003	377421.577	325.791	0.008
1595599162.07671	230.704	0.003	377421.585	325.872	0.008
1595599162.08838	230.724	0.003	0.014	325.791	0.008
1595599162.12872	230.596	0.003	377421.580	325.630	0.007
1595599162.14173	230.604	0.003	0.005	325.711	0.008
1595599162.15238	230.612	0.003	377421.573	325.630	0.007
1595599162.19273	230.619	0.003	377421.587	325.630	0.007
1595599162.23475	230.597	0.003	377421.593	325.711	0.008
1595599162.23736	230.622	0.003	0.011	325.791	0.007
1595599162.25141	230.592	0.003	0.002	325.630	0.007
1595599162.28972	230.628	0.003	377421.589	325.711	0.007
1595599162.29138	230.633	0.003	377421.579	325.711	0.008
1595599162.32873	230.672	0.003	377421.593	325.872	0.007
1595599162.33974	230.674	0.003	0.017	325.952	0.007
1595599162.34838	230.662	0.003	377421.585	325.791	0.008
1595599162.38872	230.650	0.003	377421.578	325.952	0.007
1595599162.40036	230.657	0.003	377421.568	325.791	0.007
1595599162.40848	230.690	0.004	0.011	325.952	0.007
1595599162.45673	230.705	0.003	377421.591	325.872	0.007
1595599162.45838	230.701	0.003	377421.593	325.791	0.007
1595599162.46835	230.724	0.003	377421.565	325.952	0.007
1595599162.50750	230.771	0.004	377421.550	326.033	0.008
1595599162.51032	230.747	0.003	0.013	325.872	0.008
1595599162.54873	230.741	0.003	377421.573	325.952	0.007
1595599162.56873	230.767	0.003	0.019	325.952	0.008
1595599162.60641	230.756	0.003	377421.574	325.952	0.007
1595599162.61474	230.770	0.003	377421.570	325.952	0.008
1595599162.65376	230.801	0.003	377421.593	326.113	0.008
1595599162.65536	230.811	0.003	0.005	325.952	0.007
1595599162.66749	230.737	0.003	377421.588	325.952	0.008
1595599162.70674	230.726	0.003	377421.585	325.952	0.008
1595599162.71738	230.691	0.003	377421.591	325.872	0.007
1595599162.72745	230.709	0.003	377421.569	325.791	0.008
1595599162.76675	230.742	0.004	377421.585	325.952	0.008
1595599162.76740	230.711	0.003	0.007	325.872	0.007
1595599162.80575	230.747	0.003	377421.572	325.952	0.008
1595599162.82875	230.752	0.003	377421.560	325.872	0.008
1595599162.86775	230.704	0.003	0.015	325.952	0.008
1595599162.88176	230.706	0.003	0.006	325.872	0.008
1595599162.89041	230.703	0.003	377421.593	325.791	0.008
1595599162.92874	230.769	0.003	377421.565	325.952	0.007
1595599162.93039	230.770	0.003	377421.578	325.952	0.007
1595599162.96777	230.748	0.003	0.017	325.952	0.008
1595599163.00677	230.737	0.003	0.004	325.872	0.007
1595599163.00741	230.653	0.003	377421.593	325.872	0.007
1595599163.01737	230.616	0.003	377421.573	325.791	0.008
1595599163.05775	230.626	0.003	377421.568	325.711	0.007
1595599163.06040	230.606	0.003	377421.578	325.791	0.008
1595599163.07779	230.567	0.003	0.015	325.550	0.008
1595599163.08844	230.556	0.003	377421.584	325.711	0.008
1595599163.12776	230.558	0.003	377421.575	325.711	0.008
1595599163.14042	230.577	0.003	377421.593	325.711	0.007
1595599163.15036	230.562	0.004	377421.588	325.550	0.008
1595599163.18877	230.568	0.003	377421.582	325.630	0.008
1595599163.19039	230.519	0.004	377421.593	325.469	0.008
1595599163.22738	230.577	0.003	377421.572	325.550	0.007
1595599163.23538	230.569	0.003	377421.565	325.711	0.008
1595599163.25338	230.561	0.003	377421.576	325.630	0.007
1595599163.29134	230.566	0.003	377421.574	325.711	0.008
1595599163.29323	230.571	0.003	377421.591	325.711	0.008
1595599163.30747	230.537	0.003	377421.568	325.630	0.007
1595599163.34578	230.547	0.003	377421.590	325.550	0.007
1595599163.35144	230.534	0.003	377421.578	325.630	0.007
1595599163.38878	230.516	0.003	0.000	325.630	0.008
1595599163.39040	230.544	0.003	377421.584	325.550	0.008
1595599163.42739	230.472	0.003	377421.587	325.469	0.008
1595599163.42841	230.486	0.003	377421.577	325.550	0.007
1595599163.46878	230.457	0.003	0.006	325.550	0.007
1595599163.47240	230.461	0.003	0.008	325.630	0.008
1595599163.52480	230.340	0.003	377421.592	325.550	0.008
1595599163.52641	230.297	0.003	377421.592	325.550	0.008
1595599163.52838	230.316	0.003	377421.577	325.469	0.008
1595599163.56777	230.306	0.003	377421.580	325.389	0.007
1595599163.57345	230.331	0.003	377421.592	325.550	0.007
1595599163.61143	230.320	0.003	377421.587	325.389	0.007
1595599163.61244	230.240	0.003	377421.588	325.308	0.007
1595599163.65079	230.168	0.003	377421.585	325.228	0.007
1595599163.69082	230.242	0.003	377421.585	325.147	0.008
1595599163.72845	230.323	0.003	377421.589	325.469	0.008
1595599163.73043	230.356	0.003	0.003	325.389	0.008
1595599163.76778	230.349	0.003	377421.583	325.469	0.008
1595599163.77880	230.329	0.003	377421.567	325.389	0.007
1595599163.81681	230.361	0.003	377421.575	325.389	0.008
1595599163.81840	230.326	0.003	0.000	325.308	0.008
1595599163.82733	230.336	0.003	377421.566	325.389	0.008
1595599163.86680	230.340	0.004	377421.577	325.389	0.008
1595599163.88756	230.327	0.003	377421.568	325.389	0.007
1595599163.92580	230.342	0.003	377421.584	325.308	0.007
1595599163.94782	230.378	0.003	377421.594	325.389	0.007
1595599163.98582	230.367	0.003	0.000	325.389	0.007
1595599164.02379	230.384	0.003	377421.586	325.469	0.008
1595599164.02647	230.369	0.003	377421.584	325.550	0.007
1595599164.07679	230.383	0.003	0.009	325.469	0.008
1595599164.07743	230.397	0.003	377421.574	325.469	0.008
1595599164.08741	230.402	0.003	377421.569	325.550	0.008
1595599164.12549	230.388	0.003	377421.585	325.550	0.008
1595599164.13639	230.382	0.003	377421.565	325.711	0.008
1595599164.14680	230.369	0.003	377421.593	325.469	0.007
1595599164.18381	230.383	0.003	377421.587	325.630	0.007
1595599164.19682	230.384	0.003	377421.569	325.469	0.007
1595599164.20747	230.380	0.003	377421.577	325.550	0.007
1595599164.25083	230.366	0.003	0.015	325.389	0.007
1595599164.29481	230.378	0.003	0.002	325.469	0.008
1595599164.30380	230.325	0.003	0.002	325.228	0.007
1595599164.31680	230.327	0.003	0.010	325.308	0.007
1595599164.32844	230.371	0.003	377421.579	325.389	0.008
1595599164.36682	230.374	0.003	377421.585	325.228	0.008
1595599164.36747	230.327	0.003	377421.591	325.389	0.008
1595599164.40488	230.304	0.003	0.019	325.228	0.008
1595599164.44343	230.309	0.003	377421.584	325.308	0.008
1595599164.44545	230.327	0.003	377421.586	325.228	0.007
1595599164.45689	230.310	0.003	377421.583	325.389	0.007
1595599164.49382	230.315	0.003	377421.574	325.469	0.008
1595599164.49447	230.275	0.003	377421.581	325.389	0.007
1595599164.50658	230.314	0.003	377421.587	325.389	0.008
1595599164.54383	230.329	0.003	377421.593	325.308	0.008
1595599164.54447	230.324	0.003	0.012	325.389	0.007
1595599164.58283	230.329	0.003	0.015	325.389	0.007
1595599164.61983	230.331	0.003	377421.591	325.308	0.007
1595599164.63281	230.318	0.003	377421.587	325.308	0.008
1595599164.67185	230.380	0.003	0.008	325.550	0.007
1595599164.68782	230.391	0.003	0.009	325.550	0.008
1595599164.72494	230.413	0.003	0.000	325.469	0.008
1595599164.73782	230.412	0.003	377421.588	325.711	0.008
1595599164.74748	230.408	0.003	377421.585	325.630	0.008
1595599164.78645	230.398	0.003	377421.585	325.630	0.008
1595599164.80184	230.382	0.003	377421.572	325.469	0.007
1595599164.80748	230.398	0.004	377421.589	325.550	0.008
1595599164.84448	230.418	0.003	377421.583	325.469	0.007
1595599164.84643	230.425	0.003	377421.586	325.389	0.008
1595599164.88382	230.410	0.003	377421.582	325.469	0.008
1595599164.93288	230.456	0.003	0.005	325.389	0.007
1595599164.93342	230.483	0.004	377421.573	325.550	0.007
1595599164.94930	230.472	0.003	377421.586	325.550	0.007
1595599164.98741	230.436	0.003	0.008	325.550	0.008
1595599164.98830	230.498	0.003	0.008	325.711	0.007
1595599164.99726	230.537	0.003	0.008	325.550	0.007
1595599165.00730	230.508	0.003	377421.571	325.550	0.008
1595599165.04430	230.505	0.003	377421.577	325.711	0.007
1595599165.05530	230.509	0.003	377421.568	325.550	0.007
1595599165.06730	230.541	0.003	0.001	325.711	0.008
1595599165.10685	230.496	0.003	377421.593	325.550	0.007
1595599165.11688	230.511	0.003	0.003	325.630	0.008
1595599165.12751	230.490	0.004	377421.579	325.550	0.008
1595599165.16985	230.503	0.003	377421.580	325.711	0.008
1595599165.17149	230.499	0.003	0.012	325.872	0.008
1595599165.20889	230.498	0.003	377421.568	325.711	0.008
1595599165.21584	230.561	0.003	377421.586	325.630	0.008
1595599165.22751	230.582	0.003	377421.589	325.711	0.008
1595599165.26686	230.582	0.003	377421.592	325.711	0.008
1595599165.27850	230.595	0.003	0.024	325.952	0.007
1595599165.31689	230.569	0.003	377421.590	325.952	0.007
1595599165.31745	230.541	0.003	0.030	325.791	0.008
1595599165.32787	230.504	0.003	377421.584	325.711	0.007
1595599165.36451	230.536	0.003	377421.581	325.791	0.007
1595599165.37449	230.518	0.003	377421.590	325.791	0.007
1595599165.38652	230.517	0.003	377421.593	325.872	0.007
1595599165.42500	230.471	0.003	0.014	325.711	0.008
1595599165.43787	230.462	0.003	377421.556	325.711	0.007
1595599165.44751	230.477	0.003	377421.586	325.630	0.008
1595599165.48585	230.483	0.003	0.001	325.791	0.008
1595599165.48750	230.484	0.003	377421.578	325.550	0.008
1595599165.52493	230.480	0.003	377421.555	325.630	0.008
1595599165.53648	230.491	0.003	377421.585	325.630	0.007
1595599165.54756	230.487	0.003	377421.567	325.872	0.008
1595599165.58588	230.423	0.003	377421.564	325.630	0.008
1595599165.59889	230.411	0.003	377421.583	325.550	0.008
1595599165.60951	230.357	0.982	67.923	325.630	6.102
1595599165.64789	230.465	0.130	6.521	325.550	0.347
1595599165.64951	230.500	0.073	2.780	325.630	0.139
1595599165.68751	230.487	0.044	1.652	325.711	0.083
1595599165.68851	230.478	0.027	1.078	325.630	0.058
1595599165.72689	230.524	0.017	0.725	325.711	0.038
1595599165.73750	230.521	0.011	0.511	325.711	0.027
1595599165.77986	230.502	0.008	0.370	325.630	0.028
1595599165.82495	230.435	0.005	0.236	325.791	0.016
1595599165.82660	230.422	0.004	0.246	325.711	0.016
1595599165.83245	230.429	0.004	0.146	325.630	0.015
1595599165.87188	230.435	0.004	0.123	325.711	0.015
1595599165.87252	230.427	0.004	0.105	325.711	0.013
1595599165.91048	230.441	0.004	0.137	325.872	0.013
1595599165.91261	230.448	0.004	0.081	325.711	0.011
1595599165.94988	230.416	0.004	0.093	325.550	0.010
1595599165.95153	230.479	0.004	0.109	325.711	0.012
1595599165.98846	230.502	0.004	0.097	325.791	0.011
1595599165.98988	230.508	0.004	0.073	325.630	0.012
1595599166.02792	230.544	0.004	0.071	325.630	0.013
1595599166.02989	230.518	0.004	0.090	325.630	0.010
1595599166.07789	230.517	0.026	1.599	325.630	0.185
1595599166.07950	230.496	0.012	0.938	325.630	0.066
1595599166.11760	230.527	0.011	0.925	325.630	0.057
1595599166.11946	230.519	0.010	0.830	325.711	0.050
1595599166.13188	230.514	0.011	0.879	325.630	0.057
1595599166.16894	230.499	0.011	0.878	325.550	0.055
1595599166.16954	230.521	0.011	0.905	325.630	0.057
1595599166.20791	230.536	0.011	0.893	325.711	0.056
1595599166.21751	230.507	0.011	0.870	325.872	0.060
1595599166.23890	230.504	0.010	0.827	325.711	0.055
1595599166.27655	230.513	0.010	0.820	325.791	0.050
1595599166.27753	230.520	0.009	0.763	325.711	0.049
1595599166.28789	230.528	0.009	0.747	325.872	0.046
1595599166.32500	230.473	0.010	0.857	325.711	0.063
1595599166.32654	230.507	0.011	0.888	325.872	0.054
1595599166.36353	230.520	0.010	0.759	325.791	0.054
1595599166.38991	230.509	0.010	0.836	325.711	0.056
1595599166.43297	230.464	0.010	0.857	325.711	0.058
1595599166.43354	230.483	0.010	0.831	325.630	0.058
1595599166.44791	230.479	0.010	0.830	325.711	0.052
1595599166.48689	230.515	0.010	0.818	325.791	0.054
1595599166.49295	230.528	0.010	0.839	325.711	0.057
1595599166.52948	230.525	0.011	0.862	325.630	0.056
1595599166.54286	230.499	0.011	0.912	325.711	0.056
1595599166.55256	230.459	0.011	0.917	325.550	0.057
1595599166.56855	230.455	0.011	0.937	325.550	0.061
1595599166.61297	230.471	0.011	0.958	325.550	0.062
1595599166.65297	230.433	0.010	0.816	325.630	0.051
1595599166.65356	230.468	0.010	0.876	325.550	0.058
1595599166.69151	230.452	0.011	0.948	325.711	0.061
1595599166.69347	230.449	0.011	0.971	325.711	0.055
1595599166.70500	230.471	0.012	0.978	325.550	0.060
1595599166.74293	230.496	0.012	1.001	325.630	0.058
1595599166.76693	230.532	0.012	0.996	325.711	0.059
1595599166.80356	230.509	0.011	0.965	326.033	0.062
1595599166.80456	230.534	0.011	0.960	325.711	0.061
1595599166.84291	230.545	0.012	0.985	325.791	0.060
1595599166.88992	230.530	0.012	0.964	325.791	0.060
1595599166.89156	230.529	0.011	0.950	325.711	0.059
1595599166.89251	230.495	0.011	0.949	325.630	0.061
1595599166.92992	230.517	0.011	0.974	325.630	0.057
1595599166.93254	230.528	0.012	0.962	325.791	0.059
1595599166.96967	230.536	0.012	0.953	325.872	0.060
1595599166.97152	230.481	0.012	0.955	325.711	0.063
1595599166.98692	230.483	0.012	0.972	325.711	0.057
1595599167.02358	230.464	0.012	0.963	325.791	0.060
1595599167.02455	230.459	0.012	0.989	325.791	0.067
1595599167.06292	230.438	0.012	0.961	325.872	0.060
1595599167.10693	230.471	0.012	1.003	325.711	0.061
1595599167.10756	230.444	0.012	0.954	325.711	0.066
1595599167.10852	230.460	0.012	0.955	325.630	0.061
1595599167.14657	230.489	0.012	0.966	325.872	0.059
1595599167.14766	230.483	0.012	1.035	325.791	0.062
1595599167.18693	230.480	0.011	0.911	325.872	0.057
1595599167.18758	230.441	0.010	0.819	325.791	0.054
1595599167.22471	230.426	0.010	0.826	325.630	0.051
1595599167.23493	230.418	0.010	0.849	325.791	0.057
1595599167.27301	230.440	0.010	0.839	325.630	0.056
1595599167.27358	230.435	0.010	0.863	325.630	0.056
1595599167.28455	230.439	0.011	0.906	325.630	0.051
1595599167.32294	230.429	0.011	0.887	325.630	0.058
1595599167.34993	230.446	0.012	0.974	325.630	0.061
1595599167.36159	230.409	0.012	1.030	325.550	0.067
1595599167.39894	230.390	0.012	0.992	325.550	0.061
1595599167.40157	230.410	0.012	1.010	325.550	0.063
1595599167.40761	230.394	0.012	0.986	325.469	0.064
1595599167.44558	230.400	0.012	0.998	325.469	0.060
1595599167.48698	230.402	0.012	1.049	325.711	0.061
1595599167.48858	230.444	0.012	1.030	325.630	0.062
1595599167.49595	230.470	0.012	0.998	325.791	0.063
1595599167.53397	230.454	0.012	0.993	325.711	0.059
1595599167.53459	230.435	0.012	1.007	325.550	0.063
1595599167.55456	230.441	0.012	0.994	325.630	0.064
1595599167.56695	230.431	0.012	0.974	325.711	0.069
1595599167.60501	230.492	0.012	1.004	325.872	0.059
1595599167.61595	230.477	0.011	0.846	325.791	0.054
1595599167.65359	230.478	0.011	0.902	325.952	0.058
1595599167.65455	230.498	0.011	0.903	325.791	0.060
1595599167.69301	230.452	0.010	0.842	325.711	0.054
1595599167.69356	230.446	0.010	0.828	325.791	0.051
1595599167.73303	230.421	0.010	0.859	325.711	0.055
1595599167.73460	230.436	0.011	0.870	325.630	0.058
1595599167.74854	230.428	0.010	0.840	325.550	0.055
1595599167.78695	230.445	0.011	0.894	325.711	0.049
1595599167.78760	230.441	0.010	0.878	325.630	0.052
1595599167.82657	230.429	0.011	0.927	325.711	0.063
1595599167.83794	230.412	0.015	1.321	325.630	0.088
1595599167.84660	230.402	0.017	1.515	325.711	0.093
1595599167.88397	230.380	0.013	1.107	325.550	0.064
1595599167.88459	230.401	0.012	1.040	325.630	0.061
1595599167.92296	230.381	0.014	1.176	325.469	0.074
1595599167.96703	230.447	0.015	1.241	325.550	0.076
1595599167.96861	230.445	0.014	1.260	325.630	0.079
1595599167.97456	230.431	0.014	1.213	325.711	0.079
1595599168.01301	230.418	0.014	1.173	325.711	0.076
1595599168.01361	230.405	0.014	1.215	325.630	0.074
1595599168.05157	230.426	0.014	1.186	325.630	0.076
1595599168.05250	230.408	0.014	1.183	325.711	0.073
1595599168.08999	230.351	0.014	1.183	325.550	0.075
1595599168.09162	230.358	0.014	1.223	325.630	0.079
1595599168.10458	230.356	0.014	1.207	325.630	0.079
1595599168.14395	230.358	0.014	1.191	325.630	0.076
1595599168.15456	230.369	0.014	1.217	325.711	0.072
1595599168.16447	230.380	0.014	1.204	325.550	0.074
1595599168.20397	230.428	0.014	1.240	325.791	0.078
1595599168.20461	230.414	0.014	1.197	325.630	0.071
1595599168.24697	230.421	0.014	1.200	325.872	0.075
1595599168.25997	230.395	0.015	1.252	325.630	0.081
1595599168.26662	230.391	0.014	1.225	325.550	0.078
1595599168.30501	230.394	0.014	1.199	325.630	0.072
1595599168.31702	230.380	0.014	1.219	325.711	0.076
1595599168.32663	230.353	0.014	1.229	325.550	0.075
1595599168.36506	230.349	0.014	1.168	325.469	0.073
1595599168.36663	230.353	0.014	1.183	325.469	0.072
1595599168.40698	230.376	0.014	1.143	325.630	0.067
1595599168.44698	230.266	0.013	1.089	325.389	0.071
1595599168.45362	230.294	0.013	1.049	325.469	0.067
1595599168.49199	230.263	0.013	1.054	325.308	0.062
1595599168.49262	230.187	0.012	1.005	325.228	0.064
1595599168.51498	230.105	0.012	1.063	325.308	0.064
1595599168.52462	230.130	0.012	1.029	325.147	0.062
1595599168.56300	230.116	0.013	1.039	325.147	0.069
1595599168.57600	230.131	0.013	1.058	325.228	0.064
1595599168.58699	230.112	0.012	1.059	325.228	0.069
1595599168.62906	230.109	0.013	1.082	325.308	0.068
1595599168.63654	230.102	0.013	1.061	325.389	0.066
1595599168.64651	230.150	0.013	1.055	325.308	0.067
1595599168.68798	230.125	0.013	1.042	325.228	0.072
1595599168.68864	230.128	0.013	1.048	325.389	0.068
1595599168.72660	230.185	0.013	1.102	325.389	0.066
1595599168.73900	230.216	0.013	1.081	325.469	0.066
1595599168.74264	230.227	0.013	1.043	325.469	0.067
1595599168.78107	230.216	0.013	1.065	325.469	0.066
1595599168.79703	230.208	0.012	1.031	325.469	0.067
1595599168.80666	230.197	0.013	1.072	325.389	0.066
1595599168.84462	230.214	0.012	1.019	325.550	0.064
1595599168.84669	230.218	0.013	1.072	325.550	0.067
1595599168.88658	230.206	0.013	1.066	325.389	0.063
1595599168.92905	230.196	0.012	1.011	325.469	0.066
1595599168.92965	230.223	0.013	1.052	325.389	0.063
1595599168.93258	230.209	0.012	1.052	325.389	0.072
1595599168.96962	230.189	0.012	1.029	325.228	0.064
1595599168.97170	230.205	0.013	1.092	325.308	0.063
1595599169.01000	230.205	0.012	1.060	325.389	0.066
1595599169.01163	230.182	0.013	1.078	325.308	0.066
1595599169.04962	230.185	0.013	1.049	325.228	0.067
1595599169.05269	230.204	0.013	1.056	325.308	0.073
1595599169.06462	230.214	0.013	1.073	325.308	0.063
1595599169.10399	230.005	0.012	0.968	325.147	0.064
1595599169.10464	229.948	0.012	1.017	324.986	0.066
1595599169.14301	229.943	0.012	1.047	324.986	0.067
1595599169.15166	229.947	0.012	1.058	324.986	0.062
1595599169.16360	229.940	0.013	1.049	324.986	0.069
1595599169.20202	229.950	0.013	1.067	325.147	0.064
1595599169.20266	229.934	0.013	1.044	324.986	0.067
1595599169.24204	229.951	0.013	1.081	325.147	0.068
1595599169.28403	229.947	0.013	1.062	324.986	0.062
1595599169.29400	229.976	0.012	1.036	325.308	0.062
1595599169.30167	229.928	0.012	1.019	324.986	0.072
1595599169.34000	229.941	0.013	1.065	325.067	0.063
1595599169.37767	229.953	0.012	1.028	324.986	0.061
1595599169.37865	229.920	0.012	1.027	324.986	0.069
1595599169.38462	229.895	0.012	1.040	324.825	0.067
1595599169.42401	229.899	0.012	1.046	324.986	0.064
1595599169.42467	229.934	0.013	1.107	324.986	0.069
1595599169.46304	229.923	0.013	1.045	324.906	0.062
1595599169.48506	229.904	0.012	1.043	324.986	0.063
1595599169.52509	229.908	0.012	1.057	324.906	0.061
1595599169.52660	229.927	0.012	1.065	325.067	0.066
1595599169.56468	229.933	0.012	1.035	324.986	0.064
1595599169.60404	229.946	0.012	1.084	325.067	0.064
1595599169.60465	229.966	0.012	1.071	324.906	0.063
1595599169.60664	229.955	0.013	1.069	325.147	0.070
1595599169.64404	229.946	0.013	1.042	325.147	0.066
1595599169.64665	229.964	0.013	1.074	324.986	0.070
1595599169.68372	229.991	0.013	1.090	324.986	0.069
1595599169.68963	229.973	0.013	1.049	324.906	0.062
1595599169.72808	229.959	0.013	1.045	324.825	0.062
1595599169.74003	229.960	0.013	1.045	325.067	0.066
1595599169.78003	229.948	0.012	1.059	324.986	0.064
1595599169.78268	229.954	0.013	1.052	324.906	0.064
1595599169.82012	229.924	0.013	1.031	324.986	0.067
1595599169.83270	229.956	0.013	1.063	325.067	0.067
1595599169.85467	229.981	0.013	1.045	325.147	0.067
1595599169.86461	229.981	0.013	1.053	325.067	0.066
1595599169.90350	229.974	0.012	1.028	324.986	0.067
1595599169.90449	229.992	0.012	1.063	324.986	0.068
1595599169.94250	230.022	0.013	1.032	325.147	0.064
1595599169.94349	230.034	0.012	1.026	325.147	0.060
1595599169.98152	230.055	0.013	1.064	324.986	0.067
1595599169.98274	230.112	0.012	1.063	325.228	0.062
1595599170.02006	230.107	0.013	1.073	325.308	0.072
1595599170.02168	230.116	0.012	1.031	325.147	0.061
1595599170.06003	230.090	0.013	1.068	325.308	0.064
1595599170.06869	230.089	0.013	1.050	325.067	0.062
1595599170.10666	230.116	0.012	1.041	325.067	0.063
1595599170.14511	230.112	0.013	1.108	325.228	0.068
1595599170.14669	230.091	0.012	1.039	325.308	0.069
1595599170.14764	230.099	0.013	1.080	325.147	0.066
1595599170.19004	230.122	0.014	1.145	325.228	0.072
1595599170.22770	230.124	0.014	1.196	325.147	0.070
1595599170.23103	230.126	0.014	1.154	325.308	0.068
1595599170.26911	230.128	0.014	1.227	325.147	0.075
1595599170.27167	230.182	0.014	1.224	325.469	0.078
1595599170.28375	230.179	0.014	1.188	325.308	0.075
1595599170.32305	230.192	0.014	1.194	325.308	0.073
1595599170.32369	230.182	0.014	1.206	325.389	0.078
1595599170.36205	230.204	0.014	1.178	325.550	0.076
1595599170.40869	230.202	0.014	1.185	325.308	0.076
1595599170.40972	230.215	0.014	1.214	325.389	0.075
1595599170.41164	230.169	0.014	1.196	325.389	0.078
1595599170.44911	230.215	0.014	1.211	325.389	0.072
1595599170.44971	230.204	0.014	1.183	325.469	0.074
1595599170.48762	230.182	0.014	1.188	325.308	0.076
1595599170.49260	230.197	0.014	1.171	325.469	0.075
1595599170.53007	230.221	0.014	1.139	325.389	0.072
1595599170.54110	230.233	0.013	1.105	325.308	0.071
1595599170.57908	230.205	0.012	1.047	325.228	0.063
1595599170.57970	230.177	0.012	1.019	325.228	0.063
1595599170.59465	230.182	0.012	1.039	325.228	0.067
1595599170.60662	230.169	0.013	1.063	325.308	0.061
1595599170.64386	230.205	0.013	1.127	325.228	0.071
1595599170.65469	230.233	0.013	1.089	325.308	0.066
1595599170.66476	230.197	0.013	1.078	325.389	0.062
1595599170.70311	230.222	0.013	1.067	325.308	0.068
1595599170.70373	230.222	0.013	1.046	325.308	0.070
1595599170.74406	230.229	0.012	1.043	325.308	0.061
1595599170.75505	230.168	0.012	1.051	325.228	0.061
1595599170.76472	230.131	0.013	1.074	325.228	0.063
1595599170.80267	230.152	0.013	1.063	325.228	0.068
1595599170.84910	230.161	0.013	1.086	325.308	0.066
1595599170.85169	230.161	0.013	1.053	325.228	0.069
1595599170.86379	230.170	0.013	1.076	325.308	0.069
1595599170.90166	230.189	0.013	1.076	325.228	0.064
1595599170.91407	230.187	0.013	1.033	325.308	0.063
1595599170.92373	230.172	0.013	1.105	325.389	0.069
1595599170.96211	230.207	0.013	1.103	325.389	0.064
1595599170.98516	230.259	0.013	1.071	325.469	0.062
1595599171.02408	230.261	0.013	1.103	325.469	0.069
1595599171.06310	230.261	0.013	1.076	325.469	0.067
1595599171.06373	230.247	0.013	1.065	325.308	0.068
1595599171.07469	230.224	0.013	1.079	325.469	0.070
1595599171.08476	230.214	0.013	1.070	325.469	0.063
1595599171.12266	230.233	0.012	1.061	325.389	0.071
1595599171.13414	230.237	0.013	1.076	325.469	0.068
1595599171.14709	230.257	0.013	1.056	325.469	0.060
1595599171.18512	230.265	0.013	1.070	325.469	0.061
1595599171.19510	230.297	0.013	1.071	325.308	0.063
1595599171.20474	230.264	0.012	1.037	325.389	0.062
1595599171.24405	230.242	0.013	1.073	325.308	0.069
1595599171.24474	230.221	0.012	1.047	325.389	0.062
1595599171.28310	230.248	0.013	1.101	325.308	0.064
1595599171.32914	230.276	0.013	1.093	325.550	0.064
1595599171.32975	230.293	0.013	1.060	325.469	0.066
1595599171.37412	230.275	0.012	1.035	325.389	0.062
1595599171.37474	230.296	0.012	1.056	325.469	0.061
1595599171.39371	230.272	0.013	1.064	325.308	0.064
1595599171.43184	230.295	0.013	1.114	325.389	0.070
1595599171.43267	230.315	0.015	1.265	325.469	0.078
1595599171.44369	230.323	0.016	1.332	325.550	0.082
1595599171.48213	230.348	0.016	1.409	325.389	0.090
1595599171.50387	230.376	0.014	1.232	325.630	0.073
1595599171.54169	230.366	0.014	1.240	325.469	0.073
1595599171.55372	230.323	0.014	1.215	325.469	0.073
1595599171.56359	230.343	0.014	1.185	325.389	0.076
1595599171.60172	230.371	0.014	1.205	325.550	0.075
1595599171.64308	230.411	0.012	1.053	325.630	0.062
1595599171.64376	230.426	0.013	1.033	325.630	0.066
1595599171.65389	230.449	0.012	0.987	325.630	0.062
1595599171.69211	230.429	0.012	1.007	325.469	0.062
1595599171.69275	230.420	0.012	1.001	325.630	0.067
1595599171.70372	230.421	0.012	0.971	325.550	0.063
1595599171.74132	230.424	0.013	1.092	325.389	0.071
1595599171.74268	230.433	0.015	1.275	325.469	0.076
1595599171.78011	230.459	0.015	1.249	325.630	0.071
1595599171.81877	230.490	0.013	1.121	325.630	0.073
1595599171.82073	230.490	0.015	1.247	325.630	0.076
1595599171.83414	230.492	0.014	1.171	325.630	0.069
1595599171.87212	230.472	0.015	1.254	325.550	0.075
1595599171.88413	230.449	0.015	1.252	325.469	0.075
1595599171.92177	230.416	0.014	1.244	325.469	0.075
1595599171.93412	230.407	0.014	1.162	325.389	0.069
1595599171.94378	230.371	0.014	1.221	325.389	0.075
1595599171.98311	230.377	0.014	1.241	325.469	0.080
1595599171.99413	230.386	0.015	1.274	325.469	0.078
1595599172.00378	230.379	0.015	1.295	325.389	0.082
1595599172.04918	230.386	0.014	1.232	325.469	0.073
1595599172.09013	230.379	0.015	1.285	325.469	0.082
1595599172.09176	230.377	0.015	1.261	325.550	0.080
1595599172.12876	230.375	0.015	1.261	325.550	0.081
1595599172.13076	230.381	0.012	1.029	325.389	0.061
1595599172.14379	230.375	0.012	1.002	325.469	0.067
1595599172.18215	230.387	0.012	0.988	325.469	0.058
1595599172.20516	230.334	0.012	1.028	325.389	0.061
1595599172.24315	230.353	0.012	0.995	325.469	0.066
1595599172.25476	230.391	0.013	1.030	325.550	0.067
1595599172.26481	230.375	0.012	0.986	325.630	0.059
1595599172.30515	230.369	0.012	0.960	325.389	0.068
1595599172.31512	230.354	0.012	0.997	325.469	0.062
1595599172.32478	230.352	0.012	0.998	325.550	0.060
1595599172.36414	230.349	0.012	0.992	325.389	0.063
1595599172.36478	230.360	0.013	1.120	325.550	0.068
1595599172.40314	230.360	0.012	0.995	325.469	0.061
1595599172.40978	230.394	0.012	1.005	325.389	0.062
1595599172.44976	230.375	0.012	0.988	325.550	0.066
1595599172.45283	230.360	0.012	0.998	325.389	0.059
1595599172.46372	230.422	0.012	1.010	325.469	0.069
1595599172.50314	230.441	0.012	1.012	325.469	0.063
1595599172.51515	230.441	0.012	1.009	325.550	0.059
1595599172.52519	230.430	0.012	1.014	325.630	0.060
1595599172.56315	230.472	0.012	1.009	325.630	0.061
1595599172.57415	230.462	0.012	1.008	325.630	0.064
1595599172.58381	230.450	0.014	1.142	325.711	0.081
1595599172.62215	230.461	0.015	1.275	325.469	0.074
1595599172.63378	230.437	0.015	1.264	325.630	0.076
1595599172.64381	230.436	0.015	1.260	325.550	0.079
1595599172.68487	230.459	0.019	1.634	325.630	0.110
1595599172.68671	230.406	0.023	2.002	325.550	0.122
1595599172.71919	230.427	0.019	1.617	325.630	0.103
1595599172.73816	230.395	0.018	1.604	325.630	0.102
1595599172.74480	230.437	0.018	1.630	325.630	0.103
1595599172.78414	230.423	0.018	1.591	325.630	0.096
1595599172.78480	230.394	0.019	1.594	325.711	0.100
1595599172.82316	230.406	0.018	1.566	325.550	0.098
1595599172.82981	230.401	0.018	1.603	325.630	0.094
1595599172.86778	230.394	0.018	1.565	325.550	0.092
1595599172.86890	230.363	0.018	1.589	325.550	0.095
1595599172.91917	230.383	0.018	1.610	325.469	0.094
1595599172.91980	230.402	0.019	1.615	325.469	0.100
1595599172.93419	230.438	0.018	1.611	325.550	0.097
1595599172.94518	230.424	0.018	1.551	325.389	0.094
1595599172.98283	230.413	0.018	1.593	325.550	0.096
1595599173.00418	230.362	0.018	1.573	325.469	0.099
1595599173.04381	230.349	0.018	1.582	325.308	0.094
1595599173.04479	230.328	0.018	1.603	325.308	0.095
1595599173.08282	230.295	0.018	1.593	325.228	0.100
1595599173.12816	230.295	0.018	1.594	325.389	0.097
1595599173.12881	230.297	0.018	1.561	325.308	0.096
1595599173.12974	230.304	0.018	1.635	325.389	0.102
1595599173.14278	230.276	0.018	1.566	325.389	0.095
1595599173.17989	230.279	0.018	1.581	325.308	0.099
1595599173.18275	230.280	0.019	1.610	325.389	0.100
1595599173.22016	230.304	0.018	1.599	325.389	0.095
1595599173.22075	230.272	0.018	1.581	325.308	0.096
1595599173.25875	230.291	0.018	1.568	325.308	0.095
1595599173.25963	230.279	0.018	1.597	325.389	0.097
1595599173.29763	230.286	0.018	1.577	325.308	0.099
1595599173.29862	230.265	0.018	1.591	325.308	0.097
1595599173.33563	230.241	0.018	1.592	325.147	0.097
1595599173.34363	230.250	0.018	1.583	325.308	0.095
1595599173.38260	230.291	0.018	1.602	325.308	0.100
1595599173.39263	230.275	0.018	1.559	325.228	0.097
1595599173.43117	230.244	0.018	1.553	325.147	0.093
1595599173.43282	230.215	0.018	1.584	325.308	0.098
1595599173.46984	230.263	0.018	1.631	325.228	0.097
1595599173.47318	230.242	0.018	1.586	325.228	0.092
1595599173.48486	230.139	0.018	1.532	325.147	0.096
1595599173.52318	230.119	0.018	1.601	325.067	0.098
1595599173.52382	230.105	0.018	1.580	325.147	0.097
1595599173.56080	230.099	0.018	1.551	324.906	0.093
1595599173.57519	230.070	0.018	1.584	324.906	0.099
1595599173.58384	230.058	0.018	1.607	324.986	0.095
1595599173.62119	230.076	0.018	1.590	325.067	0.097
1595599173.63287	230.050	0.018	1.565	325.067	0.097
1595599173.64378	230.071	0.019	1.607	324.906	0.097
1595599173.68121	230.086	0.019	1.599	325.147	0.100
1595599173.68785	230.111	0.019	1.653	325.067	0.103
1595599173.72527	230.176	0.020	1.732	325.067	0.100
1595599173.73282	230.154	0.015	1.284	325.228	0.084
1595599173.74284	230.158	0.015	1.262	325.147	0.075
1595599173.77977	230.160	0.017	1.434	325.067	0.100
1595599173.79319	230.183	0.016	1.410	325.228	0.091
1595599173.80285	230.136	0.019	1.620	325.147	0.111
1595599173.84020	230.104	0.020	1.711	325.147	0.109
1595599173.84088	230.118	0.020	1.788	325.228	0.105
1595599173.87881	230.121	0.019	1.691	325.067	0.106
1595599173.89519	230.122	0.023	1.963	325.147	0.121
1595599173.90386	230.155	0.022	1.975	325.067	0.119
1595599173.94323	230.144	0.023	1.979	325.067	0.127
1595599173.98697	230.124	0.020	1.759	325.067	0.111
1595599173.98878	230.148	0.023	2.024	324.986	0.121
1595599173.98978	230.153	0.023	2.005	325.067	0.127
1595599174.00321	230.174	0.023	2.052	324.986	0.127
1595599174.04021	230.176	0.022	1.910	324.986	0.115
1595599174.05420	230.162	0.022	1.898	325.067	0.115
1595599174.06387	230.187	0.021	1.864	324.986	0.112
1595599174.10284	230.197	0.022	1.935	324.986	0.114
1595599174.11320	230.200	0.021	1.862	325.067	0.118
1595599174.12285	230.231	0.022	1.908	325.067	0.115
1595599174.15986	230.216	0.021	1.883	324.986	0.114
1595599174.17220	230.227	0.022	1.882	325.147	0.111
1595599174.18287	230.216	0.021	1.864	325.067	0.110
1595599174.22021	230.206	0.021	1.892	324.986	0.112
1595599174.22092	230.236	0.023	2.015	325.147	0.127
1595599174.25983	230.249	0.024	2.140	325.067	0.139
1595599174.30722	230.266	0.026	2.250	325.067	0.153
1595599174.30889	230.225	0.023	2.054	325.067	0.126
1595599174.34623	230.211	0.023	1.993	325.147	0.118
1595599174.34786	230.230	0.023	2.036	325.147	0.129
1595599174.38582	230.191	0.023	2.011	325.067	0.126
1595599174.40023	230.178	0.023	2.025	325.067	0.127
1595599174.41294	230.160	0.023	1.974	324.986	0.126
1595599174.42823	230.164	0.026	2.232	325.147	0.148
1595599174.46524	230.136	0.023	2.040	325.147	0.123
1595599174.46586	230.135	0.025	2.130	325.147	0.138
1595599174.50397	230.162	0.026	2.324	325.067	0.140
1595599174.51021	230.155	0.024	2.174	324.986	0.129
1595599174.55022	230.155	0.025	2.195	325.067	0.132
1595599174.55288	230.191	0.026	2.307	325.067	0.133
1595599174.59125	230.173	0.025	2.270	325.067	0.135
1595599174.59484	230.191	0.024	2.153	325.067	0.124
1595599174.60392	230.163	0.025	2.195	324.986	0.132
1595599174.64123	230.137	0.025	2.237	324.906	0.133
1595599174.67922	230.166	0.027	2.395	324.906	0.141
1595599174.67987	230.153	0.028	2.481	324.906	0.148
1595599174.69183	230.150	0.029	2.548	324.906	0.146
1595599174.70599	230.176	0.026	2.355	324.906	0.138
1595599174.74422	230.186	0.027	2.372	325.067	0.142
1595599174.75386	230.160	0.026	2.327	325.067	0.140
1595599174.76393	230.155	0.028	2.521	324.906	0.159
1595599174.80124	230.123	0.032	2.880	324.906	0.161
1595599174.81185	230.131	0.028	2.536	324.906	0.147
1595599174.82389	230.130	0.027	2.457	324.986	0.143
1595599174.86273	230.147	0.030	2.614	324.986	0.155
1595599174.87518	230.165	0.028	2.467	325.067	0.152
1595599174.88589	230.195	0.030	2.643	325.067	0.158
1595599174.92525	230.196	0.029	2.577	324.986	0.150
1595599174.92588	230.153	0.034	3.051	324.906	0.201
1595599174.96423	230.141	0.052	5.167	325.067	0.245
1595599174.97487	230.179	0.052	5.328	324.906	0.237
1595599174.98391	230.236	0.053	5.388	325.067	0.250
1595599175.00387	230.240	0.050	4.938	325.067	0.233
1595599175.04127	230.243	0.034	3.066	325.067	0.183
1595599175.04988	230.236	0.029	2.667	324.986	0.159
1595599175.10026	230.257	0.029	2.631	325.147	0.152
1595599175.10094	230.255	0.028	2.484	325.228	0.147
1595599175.10281	230.234	0.028	2.440	324.986	0.150
1595599175.14126	230.231	0.029	2.638	324.986	0.154
1595599175.14989	230.248	0.029	2.586	325.147	0.157
1595599175.17322	230.271	0.029	2.554	325.067	0.156
1595599175.18283	230.253	0.031	2.699	324.986	0.165
1595599175.22026	230.244	0.031	2.776	325.147	0.165
1595599175.23224	230.269	0.030	2.717	325.228	0.163
1595599175.24325	230.234	0.031	2.760	325.067	0.162
1595599175.27987	230.211	0.031	2.763	325.147	0.162
1595599175.29225	230.262	0.031	2.895	325.147	0.165
1595599175.30290	230.283	0.030	2.712	325.147	0.150
1595599175.34122	230.291	0.029	2.616	325.147	0.153
1595599175.35626	230.282	0.027	2.429	325.147	0.143
1595599175.36390	230.294	0.030	2.679	325.067	0.163
1595599175.40423	230.276	0.029	2.611	325.067	0.157
1595599175.40503	230.276	0.032	2.759	325.067	0.166
1595599175.44426	230.275	0.033	2.916	325.308	0.171
1595599175.44991	230.283	0.032	2.786	325.147	0.167
1595599175.48827	230.306	0.032	2.870	325.147	0.176
1595599175.48894	230.347	0.032	2.897	325.308	0.167
1595599175.52628	230.363	0.032	2.920	325.228	0.171
1595599175.52791	230.356	0.035	3.185	325.228	0.194
1595599175.56628	230.320	0.035	3.274	325.147	0.201
1595599175.56791	230.240	0.030	2.744	325.067	0.164
1595599175.60529	230.224	0.031	2.687	325.147	0.169
1595599175.61189	230.233	0.030	2.683	325.147	0.161
1595599175.62497	230.241	0.034	3.087	325.147	0.173
1595599175.66425	230.274	0.033	3.088	324.986	0.168
1595599175.67427	230.262	0.039	3.634	325.147	0.197
1595599175.68388	230.236	0.039	3.573	325.147	0.201
1595599175.72227	230.227	0.041	3.884	324.906	0.201
1595599175.72391	230.239	0.044	4.286	324.825	0.209
1595599175.76129	230.190	0.046	4.413	324.986	0.225
1595599175.77428	230.175	0.046	4.580	324.906	0.218
1595599175.78391	230.117	0.052	5.237	324.986	0.241
1595599175.82225	230.120	0.052	5.289	324.825	0.239
1595599175.83293	230.159	0.052	5.308	324.906	0.243
1595599175.84292	230.166	0.051	5.211	324.825	0.234
1595599175.88127	230.128	0.052	5.160	324.906	0.237
1595599175.88292	230.144	0.051	5.086	324.986	0.235
1595599175.91989	230.165	0.045	4.386	324.986	0.229
1595599175.96830	230.163	0.048	4.782	324.986	0.233
1595599175.96895	230.201	0.045	4.329	325.067	0.219
1595599175.97088	230.199	0.039	3.620	325.067	0.198
1595599176.01027	230.180	0.038	3.563	325.067	0.193
1595599176.01092	230.217	0.039	3.615	325.067	0.201
1595599176.03127	230.221	0.039	3.592	325.067	0.200
1595599176.07027	230.200	0.036	3.321	325.147	0.190
1595599176.07093	230.223	0.031	2.773	325.228	0.164
1595599176.09190	230.195	0.031	2.719	324.986	0.162
1595599176.11498	230.203	0.031	2.793	325.067	0.159
1595599176.15528	230.182	0.030	2.699	325.147	0.162
1595599176.16394	230.206	0.042	3.968	324.986	0.213
1595599176.20629	230.206	0.040	3.754	325.147	0.201
1595599176.20793	230.185	0.038	3.556	325.147	0.193
1595599176.24494	230.195	0.033	2.970	325.067	0.171
1595599176.24592	230.166	0.041	3.882	324.986	0.214
1595599176.28429	230.200	0.044	4.274	324.986	0.231
1595599176.29292	230.199	0.040	3.733	325.147	0.203
1595599176.34031	230.206	0.041	3.847	325.067	0.207
1595599176.34100	230.218	0.041	3.959	325.228	0.203
1595599176.34287	230.187	0.042	4.114	324.986	0.214
1595599176.38031	230.197	0.043	4.170	324.986	0.212
1595599176.38595	230.171	0.037	3.483	324.986	0.187
1595599176.42389	230.187	0.036	3.337	324.906	0.181
1595599176.42508	230.218	0.036	3.310	325.067	0.181
1595599176.46330	230.243	0.038	3.572	324.986	0.186
1595599176.46497	230.211	0.038	3.549	324.986	0.209
1595599176.50301	230.218	0.046	4.499	325.067	0.228
1595599176.51302	230.256	0.046	4.544	325.067	0.224
1595599176.52289	230.224	0.034	3.119	325.067	0.177
1595599176.56031	230.215	0.038	3.491	325.067	0.189
1595599176.56930	230.220	0.034	3.085	324.986	0.178
1595599176.60631	230.221	0.033	2.911	325.067	0.173
1595599176.60895	230.242	0.032	2.855	325.067	0.178
1595599176.62098	230.225	0.035	3.227	325.147	0.191
1595599176.65897	230.255	0.032	2.924	325.067	0.178
1595599176.67531	230.263	0.031	2.818	325.147	0.167
1595599176.68395	230.283	0.032	2.900	325.228	0.166
1595599176.72130	230.271	0.034	3.081	325.147	0.177
1595599176.73193	230.250	0.031	2.806	325.147	0.158
1595599176.74299	230.279	0.044	4.114	325.147	0.238
1595599176.78031	230.312	0.052	5.286	325.067	0.236
1595599176.78099	230.307	0.051	5.104	325.228	0.236
1595599176.81930	230.294	0.051	5.060	325.067	0.234
1595599176.83132	230.287	0.053	5.440	325.067	0.243
1595599176.84297	230.261	0.053	5.257	325.147	0.242
1595599176.88031	230.331	0.046	4.525	325.067	0.237
1595599176.89131	230.329	0.030	2.654	325.147	0.167
1595599176.90099	230.361	0.032	2.966	325.147	0.176
1595599176.93994	230.312	0.032	2.890	324.986	0.175
1595599176.94103	230.291	0.033	2.961	325.147	0.176
1595599176.97930	230.285	0.031	2.869	324.986	0.165
1595599177.02633	230.284	0.032	2.900	325.147	0.174
1595599177.02797	230.304	0.032	2.933	325.067	0.161
1595599177.02893	230.312	0.032	2.937	325.147	0.164
1595599177.04095	230.322	0.031	2.792	325.147	0.165
1595599177.07991	230.340	0.033	2.930	325.147	0.177
1595599177.09132	230.323	0.032	2.857	325.308	0.168
1595599177.10297	230.340	0.032	2.832	325.228	0.164
1595599177.14098	230.324	0.032	2.873	325.228	0.165
1595599177.15433	230.329	0.032	2.892	325.228	0.169
1595599177.16297	230.321	0.044	4.165	325.147	0.221
1595599177.20033	230.320	0.047	4.645	325.228	0.227
1595599177.20101	230.316	0.047	4.727	325.228	0.222
1595599177.23894	230.320	0.045	4.413	325.228	0.224
1595599177.25332	230.330	0.043	4.142	325.228	0.212
1595599177.26398	230.331	0.043	4.109	325.308	0.210
1595599177.30126	230.322	0.042	4.106	325.147	0.202
1595599177.34635	230.306	0.042	4.119	325.147	0.211
1595599177.34799	230.283	0.043	4.097	325.389	0.225
1595599177.34903	230.288	0.042	4.098	325.147	0.212
1595599177.36096	230.266	0.043	4.167	325.067	0.215
1595599177.39934	230.277	0.043	4.148	324.986	0.211
1595599177.41096	230.286	0.043	4.100	324.986	0.207
1595599177.42104	230.291	0.043	4.130	325.147	0.206
1595599177.45992	230.282	0.042	4.158	325.147	0.206
1595599177.47135	230.326	0.043	4.190	325.389	0.221
1595599177.48101	230.367	0.043	4.102	325.067	0.212
1595599177.52034	230.381	0.043	4.153	325.147	0.206
1595599177.53333	230.370	0.043	4.147	325.308	0.211
1595599177.55101	230.383	0.043	4.104	325.228	0.210
1595599177.58936	230.404	0.043	4.171	325.308	0.214
1595599177.58999	230.390	0.043	4.122	325.389	0.221
1595599177.60336	230.408	0.043	4.142	325.469	0.210
1595599177.64535	230.397	0.043	4.113	325.308	0.205
1595599177.64599	230.442	0.043	4.126	325.469	0.207
1595599177.68499	230.415	0.043	4.138	325.389	0.204
1595599177.68994	230.421	0.043	4.118	325.389	0.214
1595599177.71135	230.403	0.043	4.129	325.389	0.211
1595599177.71998	230.423	0.043	4.146	325.469	0.214
1595599177.75802	230.394	0.043	4.130	325.308	0.207
1595599177.75898	230.428	0.043	4.159	325.389	0.212
1595599177.79833	230.410	0.042	4.123	325.308	0.207
1595599177.80903	230.386	0.042	4.122	325.308	0.207
1595599177.84635	230.395	0.043	4.109	325.228	0.216
1595599177.85798	230.358	0.043	4.130	325.469	0.210
1595599177.87635	230.377	0.042	4.151	325.389	0.203
1595599177.89301	230.407	0.043	4.130	325.308	0.204
1595599177.90502	230.384	0.043	4.147	325.228	0.211
1595599177.94334	230.381	0.043	4.135	325.308	0.214
1595599177.96337	230.352	0.043	4.144	325.067	0.209
1595599178.00036	230.354	0.043	4.134	325.228	0.207
1595599178.03835	230.368	0.043	4.143	325.147	0.210
1595599178.03999	230.376	0.042	4.135	325.147	0.205
1595599178.09036	230.387	0.042	4.111	325.147	0.213
1595599178.09100	230.325	0.043	4.108	325.147	0.217
1595599178.09297	230.329	0.042	4.109	325.147	0.207
1595599178.13089	230.330	0.042	4.130	325.147	0.205
1595599178.13294	230.338	0.043	4.149	325.067	0.212
1595599178.17017	230.366	0.043	4.145	325.147	0.212
1595599178.17216	230.395	0.043	4.125	325.228	0.209
1595599178.18119	230.377	0.043	4.123	325.147	0.216
1595599178.22017	230.377	0.043	4.113	325.147	0.219
1595599178.23016	230.378	0.043	4.126	325.067	0.207
1595599178.24118	230.374	0.043	4.120	325.147	0.211
1595599178.28018	230.377	0.043	4.135	324.986	0.206
1595599178.28117	230.385	0.043	4.138	325.067	0.206
1595599178.31918	230.398	0.043	4.146	325.228	0.216
1595599178.36618	230.378	0.043	4.134	325.228	0.216
1595599178.36816	230.389	0.043	4.112	325.067	0.217
1595599178.37018	230.387	0.043	4.133	325.228	0.206
1595599178.40819	230.385	0.042	4.114	325.147	0.203
1595599178.40917	230.363	0.043	4.124	325.067	0.207
1595599178.43038	230.321	0.043	4.129	324.986	0.212
1595599178.46839	230.331	0.043	4.130	325.147	0.210
1595599178.46904	230.361	0.042	4.152	324.986	0.201
1595599178.49337	230.318	0.042	4.104	324.906	0.207
1595599178.50605	230.261	0.042	4.117	324.986	0.200
1595599178.54584	230.284	0.042	4.106	324.906	0.210
1595599178.54885	230.365	0.043	4.203	324.986	0.218
1595599178.56085	230.390	0.043	4.156	325.067	0.211
1595599178.59984	230.380	0.043	4.137	325.067	0.213
1595599178.60084	230.364	0.043	4.093	324.906	0.205
1595599178.63977	230.381	0.043	4.160	325.147	0.211
1595599178.65075	230.371	0.043	4.141	325.147	0.209
1595599178.66276	230.383	0.043	4.155	325.147	0.218
1595599178.70075	230.409	0.043	4.156	325.228	0.216
1595599178.71076	230.452	0.044	4.220	325.308	0.218
1595599178.72091	230.443	0.044	4.202	325.308	0.213
1595599178.76037	230.443	0.044	4.208	325.228	0.211
1595599178.76105	230.425	0.044	4.168	325.228	0.216
1595599178.79997	230.426	0.043	4.118	325.389	0.212
1595599178.82536	230.421	0.043	4.146	325.228	0.214
1595599178.83104	230.421	0.043	4.119	325.308	0.213
1595599178.88040	230.405	0.043	4.102	325.147	0.213
1595599178.88107	230.403	0.043	4.159	325.147	0.209
1595599178.89839	230.432	0.043	4.138	325.308	0.206
1595599178.91801	230.429	0.043	4.144	325.308	0.214
1595599178.92917	230.424	0.043	4.133	325.228	0.218
1595599178.96640	230.390	0.043	4.112	325.228	0.218
1595599178.96804	230.399	0.043	4.147	325.147	0.212
1595599178.98101	230.410	0.043	4.099	325.228	0.209
1595599179.02038	230.502	0.043	4.169	325.308	0.205
1595599179.03140	230.529	0.042	4.157	325.389	0.213
1595599179.04105	230.514	0.043	4.131	325.308	0.214
1595599179.08039	230.550	0.043	4.146	325.469	0.214
1595599179.08105	230.513	0.043	4.122	325.228	0.207
1595599179.11902	230.517	0.043	4.157	325.228	0.205
1595599179.13240	230.515	0.043	4.150	325.228	0.212
1595599179.14304	230.489	0.042	4.122	325.389	0.205
1595599179.18140	230.495	0.043	4.101	325.228	0.213
1595599179.19103	230.470	0.043	4.151	325.228	0.213
1595599179.20311	230.496	0.043	4.139	325.228	0.211
1595599179.24140	230.510	0.042	4.126	325.308	0.203
1595599179.24305	230.531	0.043	4.134	325.469	0.207
1595599179.28040	230.508	0.043	4.151	325.308	0.209
1595599179.28907	230.516	0.043	4.133	325.308	0.211
1595599179.33040	230.501	0.043	4.165	325.308	0.216
1595599179.33317	230.518	0.043	4.150	325.389	0.213
1595599179.38142	230.505	0.043	4.145	325.469	0.211
1595599179.38306	230.511	0.043	4.120	325.389	0.205
1595599179.39101	230.551	0.043	4.172	325.630	0.214
1595599179.40113	230.564	0.043	4.149	325.469	0.216
1595599179.43941	230.552	0.043	4.107	325.389	0.214
1595599179.45143	230.497	0.043	4.126	325.308	0.209
1595599179.46307	230.496	0.043	4.131	325.469	0.207
1595599179.50212	230.528	0.043	4.168	325.389	0.212
1595599179.51139	230.510	0.043	4.128	325.389	0.204
1595599179.52141	230.552	0.043	4.134	325.469	0.204
1595599179.55942	230.550	0.043	4.149	325.469	0.213
1595599179.56106	230.555	0.043	4.153	325.389	0.213
1595599179.59907	230.563	0.043	4.152	325.550	0.207
1595599179.61241	230.578	0.043	4.145	325.469	0.213
1595599179.62306	230.577	0.043	4.133	325.308	0.210
1595599179.66143	230.624	0.043	4.174	325.469	0.213
1595599179.69937	230.660	0.042	4.147	325.469	0.216
1595599179.70006	230.645	0.043	4.148	325.389	0.212
1595599179.70331	230.628	0.043	4.167	325.389	0.213
1595599179.72296	230.619	0.043	4.156	325.550	0.209
1595599179.75999	230.620	0.043	4.156	325.389	0.203
1595599179.76089	230.616	0.043	4.120	325.469	0.210
1595599179.79889	230.603	0.043	4.121	325.469	0.214
1595599179.81489	230.591	0.043	4.153	325.469	0.217
1595599179.83089	230.601	0.043	4.137	325.308	0.213
1595599179.84089	230.590	0.043	4.152	325.469	0.205
1595599179.87988	230.603	0.042	4.135	325.308	0.205
1595599179.88090	230.580	0.043	4.148	325.308	0.209
1595599179.92090	230.566	0.043	4.103	325.389	0.221
1595599179.92288	230.580	0.043	4.183	325.550	0.214
1595599179.95989	230.597	0.043	4.136	325.550	0.217
1595599179.99945	230.614	0.043	4.166	325.711	0.216
1595599180.00106	230.674	0.043	4.148	325.630	0.213
1595599180.00312	230.670	0.043	4.136	325.550	0.210
1595599180.04044	230.679	0.043	4.221	325.630	0.214
1595599180.04910	230.677	0.047	4.591	325.791	0.227
1595599180.10143	230.675	0.047	4.602	325.550	0.225
1595599180.10506	230.699	0.047	4.603	325.630	0.222
1595599180.10602	230.702	0.047	4.582	325.630	0.222
1595599180.14404	230.706	0.047	4.735	325.550	0.223
1595599180.14523	230.714	0.048	4.741	325.711	0.235
1595599180.18350	230.721	0.047	4.714	325.711	0.229
1595599180.20345	230.729	0.048	4.779	325.630	0.230
1595599180.24010	230.765	0.048	4.745	325.711	0.228
1595599180.25108	230.760	0.047	4.712	325.630	0.228
1595599180.26112	230.756	0.048	4.765	325.630	0.227
1595599180.30044	230.728	0.048	4.767	325.550	0.230
1595599180.30808	230.730	0.048	4.764	325.630	0.233
1595599180.34647	230.687	0.048	4.763	325.630	0.234
1595599180.35711	230.699	0.048	4.740	325.630	0.226
1595599180.39505	230.697	0.048	4.756	325.550	0.223
1595599180.39604	230.686	0.047	4.777	325.469	0.224
1595599180.43546	230.695	0.048	4.754	325.469	0.231
1595599180.43609	230.681	0.048	4.767	325.550	0.229
1595599180.45044	230.706	0.048	4.777	325.791	0.235
1595599180.46112	230.731	0.048	4.768	325.711	0.234
1595599180.49946	230.748	0.048	4.738	325.630	0.227
1595599180.52045	230.741	0.048	4.764	325.711	0.233
1595599180.55845	230.765	0.048	4.748	325.630	0.231
1595599180.55910	230.721	0.048	4.750	325.711	0.231
1595599180.59647	230.731	0.048	4.769	325.630	0.227
1595599180.61045	230.734	0.048	4.784	325.630	0.225
1595599180.61913	230.743	0.048	4.761	325.952	0.231
1595599180.65908	230.778	0.048	4.753	325.791	0.229
1595599180.67123	230.805	0.048	4.795	325.711	0.230
1595599180.68005	230.818	0.048	4.792	325.872	0.226
1595599180.71845	230.770	0.048	4.721	325.872	0.225
1595599180.75747	230.760	0.048	4.756	325.550	0.222
1595599180.77049	230.658	0.048	4.735	325.630	0.230
1595599180.78011	230.665	0.048	4.780	325.550	0.231
1595599180.82148	230.665	0.047	4.725	325.630	0.230
1595599180.83210	230.623	0.048	4.778	325.550	0.229
1595599180.84014	230.642	0.048	4.748	325.469	0.223
1595599180.87948	230.603	0.048	4.729	325.469	0.226
1595599180.89046	230.610	0.048	4.770	325.469	0.227
1595599180.90113	230.623	0.048	4.787	325.389	0.234
1595599180.94147	230.618	0.047	4.725	325.389	0.225
1595599180.94311	230.595	0.047	4.730	325.389	0.227
1595599180.98048	230.606	0.048	4.748	325.308	0.223
1595599180.99046	230.601	0.049	4.792	325.469	0.231
1595599181.03547	230.623	0.048	4.794	325.550	0.227
1595599181.03612	230.634	0.048	4.774	325.550	0.237
1595599181.04409	230.638	0.048	4.772	325.550	0.235
1595599181.08351	230.626	0.048	4.783	325.469	0.225
1595599181.12448	230.643	0.049	4.795	325.711	0.227
1595599181.12515	230.671	0.048	4.714	325.630	0.238
1595599181.16850	230.663	0.048	4.786	325.630	0.233
1595599181.18150	230.683	0.048	4.754	325.711	0.227
1595599181.22114	230.679	0.048	4.778	325.550	0.234
1595599181.22311	230.660	0.048	4.767	325.711	0.229
1595599181.26149	230.647	0.048	4.753	325.630	0.234
1595599181.30549	230.664	0.048	4.772	325.550	0.233
1595599181.30613	230.673	0.048	4.758	325.630	0.225
1595599181.31008	230.668	0.048	4.791	325.550	0.227
1595599181.32427	230.635	0.048	4.764	325.550	0.222
1595599181.37550	230.604	0.047	4.742	325.550	0.221
1595599181.37710	230.662	0.048	4.778	325.469	0.225
1595599181.40248	230.661	0.048	4.803	325.550	0.235
1595599181.42149	230.668	0.048	4.751	325.711	0.222
1595599181.46007	230.696	0.048	4.747	325.550	0.231
1595599181.49791	230.685	0.048	4.757	325.469	0.224
1595599181.49997	230.658	0.048	4.733	325.630	0.226
1595599181.50819	230.681	0.048	4.753	325.550	0.230
1595599181.54549	230.687	0.048	4.776	325.630	0.236
1595599181.54615	230.680	0.048	4.786	325.550	0.231
1595599181.58546	230.655	0.048	4.746	325.630	0.229
1595599181.58714	230.640	0.048	4.780	325.550	0.229
1595599181.60351	230.735	0.049	4.835	325.711	0.233
1595599181.64016	230.868	0.048	4.799	325.791	0.235
1595599181.64112	230.868	0.048	4.809	325.872	0.230
1595599181.67949	230.876	0.048	4.789	326.113	0.236
1595599181.69350	230.905	0.048	4.759	325.952	0.231
1595599181.70116	230.881	0.048	4.770	325.952	0.233
1595599181.74049	230.864	0.048	4.743	325.872	0.224
1595599181.75113	230.872	0.048	4.737	325.952	0.227
1595599181.76118	230.923	0.048	4.779	325.791	0.230
1595599181.80049	230.956	0.048	4.792	326.033	0.236
1595599181.80112	230.939	0.048	4.786	326.033	0.230
1595599181.83906	230.948	0.048	4.754	326.033	0.229
1595599181.87753	230.919	0.048	4.755	326.033	0.228
1595599181.87916	230.921	0.048	4.780	325.952	0.226
1595599181.88010	230.935	0.048	4.773	325.791	0.225
1595599181.91751	231.021	0.048	4.790	326.113	0.229
1595599181.95516	230.968	0.047	4.699	325.952	0.225
1595599181.95614	230.942	0.048	4.776	325.872	0.227
1595599181.95708	230.943	0.048	4.798	325.952	0.229
1595599181.99570	230.852	0.048	4.765	325.952	0.230
1595599182.03451	230.804	0.047	4.728	325.791	0.225
1595599182.03516	230.816	0.048	4.794	325.952	0.233
1595599182.07354	230.810	0.048	4.780	325.791	0.228
1595599182.07651	230.787	0.048	4.771	325.711	0.228
1595599182.08216	230.826	0.048	4.804	325.872	0.229
1595599182.12052	230.771	0.047	4.716	325.791	0.222
1595599182.12216	230.707	0.048	4.751	325.630	0.233
1595599182.16051	230.702	0.048	4.751	325.711	0.235
1595599182.17414	230.720	0.048	4.796	325.872	0.228
1595599182.18222	230.727	0.048	4.762	325.630	0.228
1595599182.22055	230.710	0.048	4.743	325.711	0.226
1595599182.26052	230.730	0.048	4.824	325.791	0.225
1595599182.26118	230.720	0.048	4.738	325.711	0.226
1595599182.27055	230.711	0.048	4.771	325.791	0.235
1595599182.30751	230.723	0.048	4.761	325.711	0.227
1595599182.30918	230.717	0.048	4.755	325.791	0.226
1595599182.33054	230.720	0.048	4.746	325.791	0.228
1595599182.36952	230.727	0.048	4.758	325.872	0.224
1595599182.37017	230.694	0.048	4.720	325.630	0.225
1595599182.39152	230.715	0.048	4.755	325.711	0.236
1595599182.40219	230.743	0.048	4.782	325.872	0.226
1595599182.44554	230.742	0.048	4.791	326.033	0.223
1595599182.44618	230.722	0.048	4.766	325.711	0.225
1595599182.46152	230.767	0.048	4.785	325.872	0.230
1595599182.50056	230.792	0.048	4.822	325.791	0.224
1595599182.50217	230.793	0.048	4.761	325.952	0.226
1595599182.54255	230.782	0.048	4.767	325.872	0.227
1595599182.55416	230.765	0.048	4.793	325.872	0.216
1595599182.56122	230.792	0.048	4.793	325.791	0.222
1595599182.60052	230.812	0.047	4.749	325.711	0.228
1595599182.60118	230.801	0.048	4.815	325.791	0.229
1595599182.65054	230.787	0.048	4.774	325.791	0.233
1595599182.65360	230.748	0.048	4.774	325.711	0.227
1595599182.66453	230.775	0.048	4.793	325.872	0.229
1595599182.70354	230.773	0.048	4.786	325.952	0.224
1595599182.71119	230.778	0.048	4.763	326.033	0.227
1595599182.74956	230.772	0.048	4.751	325.791	0.225
1595599182.75119	230.758	0.048	4.795	325.952	0.228
1595599182.76116	230.748	0.048	4.758	326.033	0.234
1595599182.79915	230.751	0.048	4.762	325.872	0.230
1595599182.81026	230.746	0.048	4.761	325.952	0.224
1595599182.82013	230.735	0.048	4.757	325.791	0.227
1595599182.85853	230.763	0.048	4.781	325.872	0.229
1595599182.87157	230.727	0.048	4.758	325.872	0.227
1595599182.88221	230.740	0.048	4.767	325.791	0.225
1595599182.92051	230.757	0.048	4.784	325.791	0.222
1595599182.92220	230.762	0.048	4.781	325.952	0.224
1595599182.96057	230.726	0.048	4.730	325.791	0.221
1595599182.96121	230.741	0.048	4.772	325.872	0.225
1595599182.98155	230.621	0.047	4.720	325.791	0.228
1595599183.02032	230.634	0.048	4.761	325.872	0.229
1595599183.02219	230.611	0.048	4.780	325.791	0.224
1595599183.04102	230.618	0.048	4.748	325.711	0.221
1595599183.07940	230.574	0.047	4.738	325.550	0.218
1595599183.08137	230.547	0.048	4.746	325.550	0.230
1595599183.11951	230.541	0.048	4.766	325.389	0.229
1595599183.12755	230.532	0.048	4.749	325.469	0.228
1595599183.16557	230.516	0.048	4.773	325.469	0.234
1595599183.16717	230.508	0.048	4.750	325.469	0.224
1595599183.21657	230.530	0.048	4.782	325.469	0.221
1595599183.21917	230.540	0.048	4.798	325.389	0.219
1595599183.22125	230.573	0.048	4.775	325.550	0.236
1595599183.26058	230.556	0.048	4.784	325.389	0.223
1595599183.26722	230.545	0.048	4.789	325.469	0.231
1595599183.29158	230.549	0.048	4.777	325.469	0.223
1595599183.30119	230.555	0.048	4.773	325.389	0.227
1595599183.34154	230.531	0.048	4.741	325.469	0.226
1595599183.34221	230.523	0.048	4.751	325.550	0.226
1595599183.38057	230.542	0.048	4.763	325.469	0.226
1595599183.38521	230.560	0.048	4.769	325.630	0.231
1595599183.42243	230.550	0.048	4.764	325.791	0.229
1595599183.42421	230.433	0.048	4.761	325.469	0.228
1595599183.46258	230.478	0.048	4.765	325.389	0.216
1595599183.46422	230.456	0.048	4.755	325.469	0.228
1595599183.50258	230.457	0.048	4.771	325.389	0.233
1595599183.50417	230.312	0.048	4.738	325.389	0.226
1595599183.54152	230.369	0.048	4.761	325.389	0.226
1595599183.55658	230.364	0.048	4.780	325.228	0.230
1595599183.59458	230.374	0.048	4.772	325.228	0.222
1595599183.59621	230.345	0.047	4.759	325.147	0.219
1595599183.63455	230.327	0.047	4.759	325.067	0.217
1595599183.63525	230.337	0.048	4.800	325.147	0.223
1595599183.64952	230.343	0.048	4.782	325.147	0.223
1595599183.66025	230.376	0.048	4.824	325.308	0.223
1595599183.69723	230.401	0.048	4.793	325.228	0.225
1595599183.70823	230.454	0.048	4.755	325.308	0.225
1595599183.71925	230.451	0.048	4.778	325.550	0.227
1595599183.76059	230.445	0.048	4.792	325.469	0.229
1595599183.77059	230.419	0.048	4.759	325.389	0.224
1595599183.78058	230.416	0.048	4.761	325.389	0.224
1595599183.81759	230.410	0.048	4.768	325.389	0.227
1595599183.81924	230.410	0.048	4.764	325.469	0.228
1595599183.85614	230.433	0.048	4.795	325.389	0.230
1595599183.90040	230.420	0.048	4.770	325.389	0.225
1595599183.90139	230.418	0.048	4.785	325.550	0.231
1595599183.90239	230.422	0.048	4.792	325.469	0.230
1595599183.92639	230.419	0.048	4.784	325.469	0.222
1595599183.96440	230.423	0.048	4.781	325.389	0.227
1595599183.96639	230.407	0.048	4.779	325.389	0.228
1595599184.00440	230.434	0.048	4.826	325.550	0.230
1595599184.00540	230.449	0.048	4.761	325.550	0.230
1595599184.04220	230.452	0.048	4.788	325.550	0.226
1595599184.04426	230.437	0.048	4.774	325.550	0.223
1595599184.08162	230.439	0.048	4.762	325.469	0.228
1595599184.08860	230.434	0.048	4.781	325.550	0.235
1595599184.12661	230.429	0.048	4.759	325.630	0.223
1595599184.12922	230.421	0.048	4.803	325.469	0.228
1595599184.13929	230.411	0.048	4.759	325.469	0.229
1595599184.17663	230.433	0.048	4.776	325.469	0.221
1595599184.21566	230.431	0.048	4.743	325.389	0.221
1595599184.21627	230.409	0.048	4.751	325.389	0.230
1595599184.21716	230.390	0.048	4.774	325.550	0.231
1595599184.25753	230.411	0.048	4.788	325.389	0.221
1595599184.25926	230.388	0.048	4.768	325.469	0.225
1595599184.29662	230.406	0.048	4.752	325.389	0.227
1595599184.30025	230.390	0.048	4.763	325.308	0.225
1595599184.33761	230.450	0.048	4.769	325.308	0.223
1595599184.34823	230.483	0.048	4.826	325.550	0.234
1595599184.38764	230.475	0.048	4.782	325.550	0.231
1595599184.38920	230.391	0.048	4.758	325.308	0.230
1595599184.39921	230.438	0.048	4.772	325.389	0.228
1595599184.43663	230.483	0.048	4.763	325.308	0.223
1595599184.44965	230.479	0.048	4.757	325.308	0.231
1595599184.45961	230.419	0.048	4.734	325.389	0.231
1595599184.50763	230.401	0.048	4.767	325.308	0.230
1595599184.51059	230.418	0.049	4.807	325.469	0.237
1595599184.52062	230.415	0.049	4.750	325.469	0.228
1595599184.55756	230.400	0.048	4.779	325.469	0.225
1595599184.60365	230.378	0.048	4.753	325.308	0.231
1595599184.60623	230.423	0.048	4.782	325.469	0.235
1595599184.61936	230.483	0.048	4.832	325.550	0.235
