# timestamp	V	A	W	V	A
1595598862.47947	1542.145	0.024	377421.237	326.516	0.008
1595598862.49546	229.800	0.003	377421.587	325.952	0.008
1595598862.54347	229.797	0.003	377421.565	325.872	0.007
1595598862.54408	229.838	0.004	377421.576	325.872	0.008
1595598862.56045	229.880	0.003	377421.575	326.033	0.007
1595598862.59809	229.791	0.003	377421.592	325.952	0.008
1595598862.59907	229.863	0.003	0.006	325.872	0.007
1595598862.61113	229.858	0.003	0.018	326.033	0.007
1595598862.64944	229.884	0.003	0.014	325.952	0.007
1595598862.65008	229.873	0.004	0.014	326.113	0.008
1595598862.68802	229.831	0.003	377421.584	325.952	0.008
1595598862.69144	229.876	0.003	377421.585	325.952	0.008
1595598862.70442	229.888	0.003	377421.580	326.033	0.008
1595598862.74345	229.873	0.003	377421.591	326.113	0.007
1595598862.74407	229.864	0.003	0.002	326.113	0.008
1595598862.78105	229.834	0.003	377421.592	326.033	0.008
1595598862.79103	229.816	0.004	377421.579	326.194	0.008
1595598862.81441	229.804	0.003	377421.584	326.033	0.007
1595598862.82542	229.801	0.003	377421.587	325.952	0.007
1595598862.86342	229.779	0.003	377421.580	326.033	0.008
1595598862.86508	229.814	0.003	0.011	325.872	0.007
1595598862.90305	229.822	0.004	377421.591	325.952	0.008
1595598862.95043	229.814	0.003	0.019	325.952	0.008
1595598862.95113	229.796	0.003	377421.589	326.033	0.007
1595598862.95301	229.766	0.003	377421.592	325.872	0.007
1595598862.99142	229.754	0.003	377421.593	325.872	0.008
1595598862.99313	229.674	0.003	377421.580	325.711	0.007
1595598863.01543	229.653	0.003	0.011	325.791	0.008
1595598863.06644	229.695	0.003	377421.585	325.791	0.008
1595598863.06809	229.600	0.003	377421.583	325.711	0.007
1595598863.06904	229.643	0.003	0.006	325.630	0.008
1595598863.10644	229.600	0.003	377421.572	325.550	0.008
1595598863.10808	229.586	0.003	377421.588	325.469	0.008
1595598863.14643	229.619	0.004	377421.589	325.630	0.008
1595598863.14809	229.605	0.003	0.002	325.469	0.008
1595598863.18607	229.636	0.003	377421.580	325.469	0.007
1595598863.18813	229.627	0.004	377421.570	325.550	0.008
1595598863.22645	229.631	0.003	0.007	325.630	0.007
1595598863.22746	229.572	0.004	377421.588	325.711	0.009
1595598863.24646	229.609	0.004	0.010	325.550	0.008
1595598863.28411	229.638	0.003	0.026	325.550	0.008
1595598863.28504	229.673	0.003	377421.570	325.550	0.007
1595598863.32347	229.665	0.004	377421.566	325.711	0.008
1595598863.37543	229.878	0.003	377421.591	325.791	0.009
1595598863.38512	229.961	0.004	377421.587	326.113	0.008
1595598863.42304	229.957	0.003	0.001	326.194	0.008
1595598863.42407	229.922	0.003	377421.588	326.113	0.007
1595598863.46346	229.950	0.003	0.008	325.952	0.007
1595598863.46815	229.942	0.003	377421.581	325.952	0.008
1595598863.49531	229.942	0.003	377421.587	326.113	0.008
1595598863.53347	229.884	0.003	377421.572	325.952	0.008
1595598863.53411	229.928	0.003	0.005	325.952	0.008
1595598863.55548	229.928	0.003	377421.583	326.113	0.008
1595598863.56513	229.944	0.003	377421.590	326.113	0.007
1595598863.60311	229.930	0.003	0.005	326.113	0.008
1595598863.60410	229.871	0.003	377421.576	326.033	0.007
1595598863.64145	229.922	0.003	377421.586	326.033	0.008
1595598863.65526	229.946	0.004	377421.592	326.033	0.008
1595598863.66544	229.915	0.003	0.002	326.033	0.008
1595598863.70352	229.933	0.003	0.005	326.113	0.008
1595598863.74946	229.886	0.003	377421.587	326.033	0.007
1595598863.75011	229.953	0.003	377421.582	325.952	0.007
1595598863.75104	229.918	0.004	377421.577	326.113	0.007
1595598863.76408	229.913	0.003	377421.586	326.113	0.008
1595598863.80121	229.915	0.003	0.015	326.033	0.008
1595598863.81416	229.862	0.003	0.001	326.113	0.008
1595598863.82408	229.918	0.003	377421.591	326.113	0.008
1595598863.86149	229.933	0.004	377421.591	326.113	0.008
1595598863.87410	229.938	0.003	377421.576	326.033	0.008
1595598863.88517	229.823	0.003	0.008	326.033	0.008
1595598863.92305	229.831	0.003	377421.579	326.033	0.008
1595598863.92411	229.834	0.003	377421.585	326.113	0.007
1595598863.96154	229.824	0.003	0.003	326.033	0.008
1595598863.97848	229.818	0.004	0.026	325.952	0.008
1595598863.98512	229.830	0.003	377421.567	326.033	0.007
1595598864.02304	229.877	0.003	0.002	326.113	0.007
1595598864.06950	229.905	0.003	377421.564	326.033	0.007
1595598864.07014	229.916	0.003	377421.573	326.113	0.007
1595598864.07106	229.882	0.003	377421.579	325.872	0.007
1595598864.08411	229.829	0.003	377421.570	326.113	0.008
1595598864.12116	229.866	0.003	377421.593	326.113	0.008
1595598864.13407	229.847	0.003	377421.581	325.872	0.007
1595598864.14421	229.851	0.003	0.004	326.033	0.007
1595598864.18151	229.874	0.004	377421.562	326.033	0.008
1595598864.19352	229.853	0.003	377421.584	326.033	0.008
1595598864.20416	229.871	0.003	377421.580	325.872	0.007
1595598864.24150	229.874	0.003	377421.588	325.952	0.008
1595598864.25312	229.847	0.003	377421.574	325.952	0.007
1595598864.26415	229.847	0.003	377421.578	325.952	0.008
1595598864.30352	229.810	0.003	377421.576	326.033	0.007
1595598864.32450	229.863	0.003	377421.575	326.033	0.008
1595598864.36151	229.872	0.003	377421.588	325.952	0.008
1595598864.39951	229.833	0.003	377421.590	325.952	0.008
1595598864.40014	229.737	0.003	377421.593	326.033	0.008
1595598864.45151	229.795	0.003	0.011	325.872	0.007
1595598864.45315	229.776	0.003	377421.592	325.872	0.008
1595598864.49323	229.796	0.003	377421.573	325.952	0.008
1595598864.49406	229.737	0.003	377421.582	325.952	0.008
1595598864.52052	229.803	0.004	0.007	325.872	0.008
1595598864.53316	229.844	0.003	377421.584	325.952	0.008
1595598864.54411	229.865	0.003	0.002	326.033	0.008
1595598864.58353	229.821	0.003	377421.583	326.033	0.007
1595598864.59520	229.883	0.003	377421.556	325.952	0.007
1595598864.61451	229.859	0.003	377421.589	325.952	0.007
1595598864.62450	229.868	0.003	377421.590	325.952	0.007
1595598864.66115	229.856	0.003	377421.591	326.033	0.007
1595598864.69953	229.847	0.003	377421.587	325.952	0.007
1595598864.70115	229.905	0.003	377421.591	325.952	0.008
1595598864.70814	229.901	0.003	377421.582	326.033	0.007
1595598864.74514	229.805	0.003	377421.562	325.872	0.007
1595598864.74616	229.801	0.003	377421.586	325.872	0.008
1595598864.78649	229.777	0.003	377421.583	325.952	0.008
1595598864.79517	229.803	0.004	377421.580	325.952	0.008
1595598864.80515	229.735	0.003	377421.582	325.791	0.008
1595598864.84315	229.736	0.003	377421.583	325.791	0.007
1595598864.84409	229.763	0.003	377421.589	325.630	0.007
1595598864.88356	229.733	0.003	377421.593	325.872	0.008
1595598864.90652	229.763	0.003	0.001	325.791	0.007
1595598864.95214	229.846	0.003	0.005	325.791	0.007
1595598864.99351	229.835	0.003	377421.566	325.872	0.007
1595598865.03352	229.914	0.003	0.012	326.113	0.008
1595598865.03417	229.950	0.003	377421.586	326.033	0.007
1595598865.04512	229.920	0.003	377421.591	326.033	0.007
1595598865.08460	229.893	0.003	377421.591	325.952	0.008
1595598865.09414	229.925	0.003	377421.584	326.113	0.007
1595598865.10418	229.941	0.003	377421.590	326.033	0.008
1595598865.14116	229.945	0.003	377421.593	326.194	0.007
1595598865.15522	229.953	0.003	377421.573	326.194	0.008
1595598865.16515	229.890	0.003	377421.571	326.113	0.008
1595598865.20652	229.953	0.003	0.004	326.194	0.008
1595598865.21553	229.908	0.003	0.002	326.113	0.008
1595598865.22519	229.824	0.003	0.012	326.033	0.007
1595598865.27253	229.838	0.003	377421.575	325.952	0.008
1595598865.31353	229.854	0.003	0.021	325.952	0.008
1595598865.31613	229.844	0.004	377421.575	325.872	0.007
1595598865.35459	229.862	0.003	377421.584	325.872	0.007
1595598865.35523	229.865	0.003	0.002	325.872	0.008
1595598865.37553	229.809	0.003	377421.569	325.952	0.007
1595598865.38515	229.862	0.003	377421.590	325.872	0.008
1595598865.42354	229.806	0.003	377421.588	325.952	0.008
1595598865.43454	229.766	0.003	377421.577	325.952	0.007
1595598865.44518	229.799	0.003	377421.570	326.033	0.007
1595598865.48458	229.770	0.004	0.025	325.872	0.008
1595598865.48518	229.792	0.004	377421.591	325.872	0.007
1595598865.52455	229.786	0.003	377421.589	325.711	0.008
1595598865.53316	229.799	0.003	377421.565	325.791	0.008
1595598865.54424	229.781	0.003	0.002	325.872	0.008
1595598865.58555	229.671	0.003	377421.588	325.791	0.008
1595598865.59555	229.689	0.003	377421.593	325.711	0.009
1595598865.60519	229.725	0.003	377421.584	325.872	0.007
1595598865.64404	229.699	0.003	0.005	325.711	0.007
1595598865.64499	229.679	0.003	377421.586	325.630	0.007
1595598865.68336	229.653	0.003	377421.564	325.791	0.008
1595598865.72056	229.719	0.003	377421.578	325.791	0.008
1595598865.72119	229.700	0.003	0.009	325.872	0.007
1595598865.76015	229.713	0.003	377421.579	325.872	0.007
1595598865.76129	229.695	0.003	377421.582	325.872	0.007
1595598865.76323	229.650	0.004	0.009	325.791	0.008
1595598865.80455	229.677	0.003	377421.569	325.791	0.007
1595598865.80920	229.698	0.003	377421.590	325.791	0.008
1595598865.84615	229.708	0.003	377421.592	325.630	0.007
1595598865.86114	229.727	0.003	377421.577	325.791	0.008
1595598865.89957	229.701	0.003	377421.588	325.791	0.007
1595598865.90115	229.730	0.003	0.007	325.711	0.007
1595598865.94057	229.693	0.003	377421.589	325.630	0.008
1595598865.94119	229.681	0.003	377421.582	325.791	0.007
1595598865.95357	229.694	0.003	377421.587	325.711	0.008
1595598865.96421	229.675	0.004	377421.573	325.791	0.008
1595598866.00137	229.724	0.003	377421.576	325.711	0.007
1595598866.01522	229.707	0.003	377421.576	325.711	0.007
1595598866.02520	229.715	0.003	377421.592	325.711	0.009
1595598866.06355	229.724	0.003	377421.582	325.630	0.007
1595598866.06520	229.656	0.003	377421.577	325.711	0.007
1595598866.10358	229.745	0.003	377421.583	325.711	0.007
1595598866.14157	229.708	0.003	377421.563	325.711	0.007
1595598866.14324	229.707	0.003	377421.586	325.872	0.008
1595598866.18255	229.756	0.003	377421.588	325.791	0.007
1595598866.22064	229.824	0.003	377421.583	325.630	0.007
1595598866.23056	229.882	0.003	377421.580	325.952	0.007
1595598866.26822	229.870	0.003	0.004	326.033	0.007
1595598866.26914	229.834	0.003	377421.592	325.952	0.007
1595598866.30658	229.878	0.003	0.003	326.113	0.008
1595598866.30822	229.852	0.003	0.028	326.033	0.007
1595598866.34655	229.842	0.003	377421.580	326.033	0.007
1595598866.34821	229.834	0.003	0.015	325.952	0.008
1595598866.38655	229.828	0.003	0.010	325.952	0.007
1595598866.38822	229.913	0.003	377421.574	325.952	0.008
1595598866.42556	229.923	0.003	0.003	326.033	0.008
1595598866.42621	229.903	0.003	377421.578	325.952	0.007
1595598866.46459	229.895	0.003	377421.581	326.033	0.008
1595598866.47323	229.849	0.003	377421.588	326.033	0.007
1595598866.51158	229.888	0.003	377421.593	325.952	0.008
1595598866.51322	229.882	0.003	377421.592	325.872	0.007
1595598866.55157	229.905	0.003	0.001	325.952	0.007
1595598866.55322	229.903	0.003	377421.573	326.033	0.007
1595598866.56418	229.836	0.003	0.002	326.113	0.008
1595598866.60267	229.896	0.003	0.000	326.113	0.008
1595598866.60423	229.874	0.003	377421.587	326.113	0.007
1595598866.64157	229.868	0.003	0.005	326.033	0.008
1595598866.65127	229.856	0.003	377421.580	326.194	0.008
1595598866.69057	229.808	0.003	0.007	325.872	0.008
1595598866.69127	229.814	0.003	377421.555	326.033	0.009
1595598866.73362	229.838	0.003	377421.585	325.872	0.008
1595598866.73526	229.850	0.003	377421.574	326.113	0.008
1595598866.75420	229.868	0.003	377421.590	325.872	0.007
1595598866.76429	229.806	0.003	377421.585	325.952	0.007
1595598866.80157	229.834	0.003	377421.575	325.872	0.007
1595598866.80327	229.852	0.003	377421.592	325.952	0.008
1595598866.84061	229.854	0.003	377421.575	325.952	0.008
1595598866.85222	229.803	0.004	0.008	326.033	0.008
1595598866.87458	229.852	0.003	0.003	326.113	0.008
1595598866.88424	229.872	0.003	377421.567	326.033	0.008
1595598866.93058	229.857	0.003	0.007	325.872	0.008
1595598866.96861	229.789	0.003	377421.560	325.952	0.008
1595598866.96925	229.855	0.004	0.018	325.872	0.008
1595598867.00659	229.847	0.003	0.005	325.952	0.008
1595598867.01558	229.830	0.004	377421.593	325.952	0.008
1595598867.05358	229.834	0.003	0.000	325.952	0.008
1595598867.05524	229.788	0.004	377421.586	325.952	0.007
1595598867.07319	229.849	0.004	377421.559	325.952	0.008
1595598867.11020	229.857	0.004	377421.585	325.872	0.007
1595598867.11134	229.874	0.003	377421.559	325.872	0.008
1595598867.13464	229.880	0.003	377421.592	325.952	0.008
1595598867.17562	229.867	0.003	0.004	325.952	0.007
1595598867.17722	229.898	0.004	377421.567	326.113	0.007
1595598867.18421	229.917	0.003	0.004	325.952	0.007
1595598867.20514	229.880	0.004	0.012	326.033	0.008
1595598867.24407	229.850	0.003	377421.583	326.033	0.007
1595598867.24506	229.915	0.003	377421.588	326.033	0.007
1595598867.28307	229.898	0.003	377421.580	326.033	0.007
1595598867.28406	229.900	0.003	0.006	326.033	0.008
1595598867.32159	229.901	0.003	377421.580	326.113	0.007
1595598867.36063	229.847	0.003	377421.593	326.113	0.008
1595598867.36125	229.861	0.003	377421.573	326.113	0.007
1595598867.37323	229.872	0.004	0.007	326.033	0.008
1595598867.41130	229.879	0.003	0.002	326.033	0.008
1595598867.41318	229.882	0.003	377421.576	326.274	0.008
1595598867.42459	229.838	0.003	0.014	326.194	0.007
1595598867.46162	229.852	0.003	377421.591	326.033	0.008
1595598867.47125	229.877	0.003	377421.565	325.952	0.008
1595598867.51061	229.704	1.628	98.767	326.194	15.025
1595598867.51128	229.942	0.046	2.401	325.952	0.205
1595598867.54964	229.877	0.023	0.397	325.952	0.072
1595598867.56367	229.973	0.010	0.235	326.113	0.034
1595598867.60564	229.925	0.007	0.184	326.113	0.025
1595598867.60627	229.886	0.005	0.233	326.113	0.027
1595598867.64463	229.972	0.005	0.229	326.113	0.021
1595598867.68763	229.910	0.004	0.068	325.952	0.020
1595598867.68926	229.961	0.004	0.221	326.113	0.023
1595598867.69020	229.955	0.004	0.135	326.033	0.015
1595598867.72862	229.882	0.004	0.156	326.274	0.017
1595598867.72927	229.970	0.004	0.135	326.194	0.013
1595598867.76663	229.993	0.004	0.123	326.113	0.015
1595598867.76727	230.010	0.004	0.124	326.194	0.014
1595598867.80523	229.956	0.004	0.110	326.033	0.012
1595598867.81261	229.900	0.004	0.081	326.033	0.011
1595598867.85066	229.903	0.004	0.105	326.194	0.014
1595598867.85129	229.967	0.004	0.076	326.194	0.010
1595598867.86221	229.934	0.004	0.057	326.113	0.012
1595598867.90025	229.953	0.004	0.026	326.113	0.011
1595598867.90127	229.922	0.004	377421.592	326.113	0.009
1595598867.93961	229.947	0.031	1.801	326.033	0.226
1595598867.95164	229.945	0.012	0.959	326.033	0.085
1595598867.99063	229.920	0.012	0.888	326.033	0.073
1595598867.99225	229.920	0.012	0.853	326.194	0.069
1595598868.03231	229.943	0.011	0.841	326.113	0.070
1595598868.04358	229.949	0.012	0.862	326.194	0.078
1595598868.08044	229.913	0.012	0.908	325.872	0.070
1595598868.12770	229.878	0.011	0.846	325.872	0.068
1595598868.12931	229.905	0.012	0.878	325.952	0.068
1595598868.14265	229.873	0.010	0.741	325.791	0.064
1595598868.18066	229.898	0.010	0.730	325.952	0.066
1595598868.20266	229.912	0.012	0.870	325.952	0.074
1595598868.24030	229.909	0.011	0.809	325.952	0.060
1595598868.25228	229.888	0.011	0.820	325.952	0.064
1595598868.26229	229.890	0.012	0.895	326.033	0.070
1595598868.30162	229.822	0.011	0.807	326.033	0.070
1595598868.31265	229.853	0.011	0.825	325.872	0.067
1595598868.32268	229.845	0.011	0.854	325.872	0.061
1595598868.35667	229.897	0.011	0.832	326.033	0.069
1595598868.36230	229.887	0.011	0.817	325.952	0.062
1595598868.40165	229.910	0.012	0.882	326.033	0.070
1595598868.44168	229.944	0.013	0.957	325.952	0.082
1595598868.44430	229.984	0.012	0.932	325.952	0.071
1595598868.48242	229.971	0.012	0.922	326.194	0.075
1595598868.48423	229.927	0.012	0.884	326.194	0.071
1595598868.48533	229.960	0.012	0.920	326.033	0.075
1595598868.52765	229.997	0.011	0.829	326.113	0.067
1595598868.52930	229.998	0.011	0.853	326.033	0.075
1595598868.56968	229.995	0.013	0.972	326.113	0.080
1595598868.57828	229.979	0.013	0.967	326.194	0.078
1595598868.59765	230.008	0.013	0.986	326.113	0.075
1595598868.61428	229.972	0.013	0.963	326.113	0.076
1595598868.62636	229.976	0.013	0.954	326.033	0.076
1595598868.66523	229.981	0.013	0.994	325.952	0.079
1595598868.67265	229.925	0.013	0.982	326.113	0.080
1595598868.68225	229.995	0.013	0.962	326.113	0.070
1595598868.72016	229.986	0.013	0.999	326.113	0.074
1595598868.73212	229.993	0.013	0.954	326.033	0.071
1595598868.74412	229.993	0.012	0.955	326.194	0.076
1595598868.79012	229.919	0.013	0.951	326.113	0.082
1595598868.82808	229.979	0.013	0.966	326.194	0.081
1595598868.83113	230.012	0.013	1.007	326.194	0.074
1595598868.84406	229.981	0.012	0.949	326.274	0.076
1595598868.88125	229.993	0.013	0.980	326.113	0.078
1595598868.89314	230.012	0.013	0.939	326.113	0.075
1595598868.90467	229.975	0.013	1.011	326.194	0.083
1595598868.94240	229.952	0.013	0.948	326.033	0.071
1595598868.95768	229.918	0.013	0.942	326.355	0.073
1595598868.96532	229.959	0.013	0.999	326.113	0.078
1595598869.00218	229.956	0.013	0.993	326.113	0.081
1595598869.00405	229.983	0.013	0.948	326.274	0.078
1595598869.04113	229.974	0.014	1.046	326.113	0.084
1595598869.08013	229.957	0.012	0.887	326.194	0.069
1595598869.08112	229.968	0.011	0.830	326.113	0.063
1595598869.09237	229.764	0.011	0.761	325.872	0.063
1595598869.13158	229.753	0.011	0.788	325.791	0.066
1595598869.13214	229.739	0.011	0.836	325.711	0.070
1595598869.14213	229.717	0.012	0.856	325.711	0.067
1595598869.18069	229.759	0.012	0.887	325.872	0.070
1595598869.18133	229.751	0.012	0.888	325.630	0.070
1595598869.21972	229.723	0.013	1.005	325.791	0.082
1595598869.23134	229.713	0.013	0.981	325.872	0.082
1595598869.27130	229.695	0.013	1.010	325.791	0.079
1595598869.30968	229.740	0.013	1.020	325.872	0.080
1595598869.31033	229.722	0.013	1.041	325.791	0.082
1595598869.32269	229.751	0.013	0.986	325.952	0.074
1595598869.36067	229.797	0.013	0.998	325.872	0.084
1595598869.37330	229.823	0.013	1.030	325.791	0.079
1595598869.38440	229.832	0.013	1.014	326.113	0.081
1595598869.42271	229.834	0.013	1.029	326.033	0.079
1595598869.43668	229.780	0.013	0.963	326.194	0.083
1595598869.44532	229.807	0.013	1.012	325.952	0.076
1595598869.48468	229.838	0.013	0.952	325.872	0.085
1595598869.48532	229.845	0.011	0.840	325.872	0.063
1595598869.52272	229.876	0.012	0.853	325.872	0.069
1595598869.53332	229.795	0.012	0.861	326.033	0.072
1595598869.54468	229.861	0.011	0.832	325.872	0.070
1595598869.58270	229.870	0.012	0.889	325.872	0.069
1595598869.59432	229.852	0.012	0.858	325.952	0.076
1595598869.60436	229.789	0.011	0.855	325.872	0.072
1595598869.65769	229.826	0.012	0.874	325.872	0.069
1595598869.65936	229.834	0.011	0.847	325.872	0.063
1595598869.66027	229.858	0.011	0.851	326.033	0.064
1595598869.69969	229.852	0.013	0.972	326.033	0.079
1595598869.70034	229.808	0.018	1.448	325.791	0.109
1595598869.73969	229.778	0.019	1.473	325.791	0.111
1595598869.77769	229.791	0.014	1.039	325.872	0.086
1595598869.78935	229.798	0.016	1.233	325.872	0.097
1595598869.82673	229.777	0.015	1.173	325.791	0.091
1595598869.82738	229.790	0.016	1.215	325.791	0.092
1595598869.85270	229.805	0.016	1.197	326.033	0.092
1595598869.90070	229.804	0.016	1.207	326.033	0.094
1595598869.90232	229.824	0.015	1.188	325.872	0.088
1595598869.90442	229.681	0.015	1.148	325.791	0.092
1595598869.92270	229.773	0.016	1.206	325.872	0.094
1595598869.96170	229.815	0.016	1.232	325.952	0.095
1595598869.96235	229.825	0.016	1.234	325.872	0.096
1595598870.00071	229.938	0.016	1.268	326.033	0.095
1595598870.00635	229.884	0.015	1.170	326.033	0.093
1595598870.02271	229.928	0.016	1.282	326.113	0.099
1595598870.06074	229.910	0.015	1.185	326.194	0.093
1595598870.06634	229.925	0.015	1.180	326.355	0.093
1595598870.10439	229.922	0.016	1.213	326.033	0.093
1595598870.10528	229.851	0.015	1.192	326.033	0.086
1595598870.14272	229.936	0.016	1.219	326.033	0.092
1595598870.14437	229.950	0.016	1.216	326.033	0.096
1595598870.18271	229.902	0.015	1.202	325.952	0.091
1595598870.18436	229.819	0.015	1.163	325.872	0.093
1595598870.22270	229.831	0.015	1.181	325.872	0.085
1595598870.23035	229.766	0.016	1.198	325.791	0.095
1595598870.26937	229.788	0.015	1.192	325.791	0.088
1595598870.27037	229.791	0.015	1.142	325.872	0.092
1595598870.31072	229.793	0.014	1.079	325.791	0.084
1595598870.31148	229.767	0.014	1.055	325.872	0.087
1595598870.33273	229.824	0.014	1.061	325.952	0.080
1595598870.37971	229.832	0.014	1.032	325.791	0.082
1595598870.38233	229.814	0.014	1.072	325.952	0.082
1595598870.39271	229.821	0.014	1.050	325.952	0.081
1595598870.40237	229.748	0.014	1.040	325.872	0.088
1595598870.44072	229.747	0.014	1.047	325.791	0.081
1595598870.44237	229.758	0.014	1.034	326.033	0.086
1595598870.48039	229.795	0.014	1.082	325.952	0.081
1595598870.49436	229.766	0.014	1.049	325.952	0.083
1595598870.50438	229.734	0.013	1.022	325.872	0.083
1595598870.54223	229.802	0.014	1.034	325.872	0.091
1595598870.55520	229.771	0.014	1.021	325.791	0.081
1595598870.56418	229.746	0.014	1.046	325.711	0.084
1595598870.60819	229.689	0.014	1.065	325.791	0.081
1595598870.61719	229.731	0.014	1.058	325.711	0.084
1595598870.63020	229.714	0.014	1.059	325.630	0.085
1595598870.66817	229.749	0.014	1.052	325.791	0.090
1595598870.67019	229.712	0.013	1.012	325.711	0.078
1595598870.71044	229.669	0.014	1.026	325.711	0.081
1595598870.71272	229.697	0.014	1.052	325.630	0.081
1595598870.72539	229.693	0.014	1.046	325.550	0.083
1595598870.76373	229.729	0.014	1.059	325.711	0.085
1595598870.76538	229.713	0.014	1.040	325.791	0.081
1595598870.80236	229.711	0.014	1.062	325.872	0.080
1595598870.80440	229.717	0.014	1.056	325.630	0.081
1595598870.82277	229.706	0.014	1.043	325.630	0.082
1595598870.86074	229.722	0.014	1.051	325.711	0.083
1595598870.86239	229.743	0.014	1.069	325.791	0.087
1595598870.90038	229.706	0.014	1.039	325.791	0.083
1595598870.90639	229.726	0.014	1.052	325.630	0.084
1595598870.94474	229.734	0.013	1.024	325.872	0.078
1595598870.94538	229.730	0.014	1.044	325.711	0.076
1595598870.98374	229.743	0.014	1.093	325.630	0.084
1595598870.98539	229.691	0.014	1.029	325.630	0.085
1595598871.02375	229.736	0.014	1.073	325.872	0.083
1595598871.03040	229.749	0.014	1.046	325.791	0.088
1595598871.06776	229.755	0.014	1.048	325.711	0.078
1595598871.06940	229.690	0.014	1.049	325.711	0.080
1595598871.10635	229.695	0.014	1.049	325.791	0.085
1595598871.10738	229.674	0.014	1.056	325.791	0.087
1595598871.13576	229.726	0.014	1.054	325.711	0.083
1595598871.17276	229.745	0.014	1.066	325.791	0.082
1595598871.17674	229.684	0.013	0.999	325.791	0.073
1595598871.18441	229.757	0.014	1.066	325.791	0.085
1595598871.22134	229.780	0.014	1.070	325.952	0.085
1595598871.22236	229.825	0.014	1.048	325.952	0.080
1595598871.26072	229.786	0.014	1.052	325.872	0.086
1595598871.26641	229.767	0.014	1.057	325.952	0.080
1595598871.30575	229.827	0.014	1.066	325.952	0.078
1595598871.30640	229.826	0.014	1.035	325.711	0.079
1595598871.34576	229.793	0.014	1.037	325.791	0.086
1595598871.34641	229.813	0.014	1.026	325.791	0.082
1595598871.38478	229.760	0.013	1.036	325.711	0.081
1595598871.38540	229.794	0.014	1.067	325.952	0.081
1595598871.42276	229.794	0.013	1.022	325.952	0.082
1595598871.42441	229.801	0.014	1.069	325.872	0.079
1595598871.46275	229.796	0.014	1.037	325.872	0.083
1595598871.46441	229.821	0.014	1.064	325.872	0.087
1595598871.50276	229.853	0.014	1.103	326.113	0.082
1595598871.50942	229.828	0.013	1.013	325.872	0.075
1595598871.54639	229.831	0.014	1.068	325.872	0.083
1595598871.54848	229.808	0.014	1.028	325.952	0.087
1595598871.59080	229.832	0.014	1.047	325.952	0.085
1595598871.59142	229.872	0.014	1.054	325.872	0.086
1595598871.60135	229.867	0.014	1.068	325.952	0.080
1595598871.63938	229.868	0.014	1.024	326.033	0.080
1595598871.65244	229.780	0.014	1.034	325.952	0.083
1595598871.66278	229.836	0.014	1.079	325.952	0.088
1595598871.70081	229.837	0.014	1.062	325.952	0.087
1595598871.72177	229.827	0.014	1.080	326.113	0.080
1595598871.75942	229.762	0.013	1.036	326.033	0.074
1595598871.77177	229.776	0.014	1.047	325.952	0.088
1595598871.78142	229.785	0.014	1.056	325.791	0.082
1595598871.81939	229.773	0.014	1.063	325.872	0.086
1595598871.83049	229.705	0.014	1.008	325.791	0.078
1595598871.86745	229.736	0.014	1.070	325.711	0.082
1595598871.87879	229.752	0.014	1.036	325.872	0.078
1595598871.88944	229.766	0.014	1.065	325.791	0.081
1595598871.92677	229.751	0.014	1.044	325.711	0.087
1595598871.94040	229.719	0.014	1.043	325.791	0.082
1595598871.95641	229.750	0.014	1.044	325.711	0.084
1595598871.96545	229.724	0.014	1.056	325.791	0.080
1595598872.00278	229.725	0.013	1.049	325.711	0.078
1595598872.00545	229.701	0.014	1.058	325.791	0.082
1595598872.04239	229.675	0.014	1.063	325.550	0.088
1595598872.05079	229.731	0.015	1.170	325.872	0.090
1595598872.08779	229.728	0.015	1.196	325.711	0.090
1595598872.08944	229.725	0.016	1.199	325.630	0.094
1595598872.12638	229.729	0.016	1.190	325.791	0.092
1595598872.12977	229.675	0.015	1.200	325.952	0.098
1595598872.14139	229.704	0.015	1.160	325.791	0.092
1595598872.17936	229.709	0.016	1.207	325.791	0.097
1595598872.21926	229.713	0.015	1.182	325.872	0.092
1595598872.22025	229.695	0.015	1.180	325.791	0.090
1595598872.23026	229.746	0.015	1.176	325.711	0.095
1595598872.24149	229.754	0.015	1.145	325.872	0.088
1595598872.27978	229.732	0.016	1.228	325.630	0.098
1595598872.30281	229.674	0.015	1.206	325.630	0.088
1595598872.34181	229.708	0.015	1.202	325.872	0.094
1595598872.35142	229.718	0.015	1.203	325.791	0.092
1595598872.36249	229.729	0.015	1.216	325.791	0.094
1595598872.40388	229.744	0.015	1.113	325.711	0.093
1595598872.41380	229.681	0.014	1.074	325.791	0.087
1595598872.42244	229.713	0.014	1.080	325.711	0.078
1595598872.46042	229.697	0.014	1.030	325.630	0.082
1595598872.49780	229.694	0.014	1.089	325.630	0.085
1595598872.49947	229.755	0.014	1.091	325.791	0.086
1595598872.52688	229.794	0.015	1.115	325.791	0.081
1595598872.56783	229.863	0.014	1.081	325.872	0.080
1595598872.56947	229.840	0.014	1.044	325.952	0.085
1595598872.61983	229.751	0.013	0.989	325.952	0.078
1595598872.62145	229.836	0.014	1.139	325.872	0.091
1595598872.62240	229.845	0.014	1.054	326.033	0.085
1595598872.66080	229.855	0.014	1.077	326.033	0.079
1595598872.67243	229.845	0.014	1.111	326.033	0.085
1595598872.68251	229.840	0.014	1.083	325.872	0.083
1595598872.72183	229.851	0.014	1.047	326.033	0.090
1595598872.73245	229.889	0.014	1.077	325.952	0.087
1595598872.74248	229.848	0.014	1.034	325.872	0.083
1595598872.78041	229.895	0.014	1.082	326.113	0.083
1595598872.78135	229.788	0.014	1.034	326.033	0.080
1595598872.81984	229.791	0.014	1.056	325.952	0.085
1595598872.85981	229.774	0.014	1.074	325.872	0.086
1595598872.86046	229.782	0.014	1.044	325.952	0.078
1595598872.89784	229.754	0.014	1.063	325.872	0.082
1595598872.91047	229.811	0.014	1.091	325.952	0.083
1595598872.94981	229.801	0.014	1.076	325.872	0.086
1595598872.98781	229.751	0.014	1.075	325.872	0.090
1595598872.99085	229.736	0.014	1.065	325.872	0.082
1595598873.00585	229.795	0.014	1.078	325.952	0.084
1595598873.04248	229.798	0.014	1.046	325.872	0.076
1595598873.05384	229.775	0.014	1.063	325.791	0.086
1595598873.06249	229.685	0.014	1.078	325.630	0.082
1595598873.10181	229.727	0.014	1.053	325.711	0.084
1595598873.11145	229.702	0.014	1.080	325.791	0.085
1595598873.12252	229.720	0.014	1.097	325.872	0.090
1595598873.16049	229.716	0.014	1.048	325.872	0.085
1595598873.16147	229.693	0.014	1.051	325.872	0.090
1595598873.19948	229.728	0.014	1.055	325.872	0.086
1595598873.21785	229.721	0.014	1.075	325.711	0.087
1595598873.22548	229.732	0.014	1.010	325.711	0.078
1595598873.26444	229.704	0.014	1.097	325.791	0.085
1595598873.27454	229.674	0.013	0.999	325.872	0.079
1595598873.28442	229.710	0.014	1.130	325.711	0.086
1595598873.32184	229.727	0.017	1.323	325.711	0.103
1595598873.33184	229.712	0.017	1.306	325.791	0.106
1595598873.36949	229.677	0.018	1.413	325.711	0.109
1595598873.37042	229.628	0.018	1.383	325.711	0.112
1595598873.40783	229.726	0.016	1.265	325.630	0.093
1595598873.40951	229.738	0.016	1.218	325.630	0.096
1595598873.42146	229.725	0.015	1.202	325.791	0.094
1595598873.44557	229.692	0.016	1.203	325.630	0.094
1595598873.48783	229.730	0.015	1.147	325.711	0.094
1595598873.48948	229.733	0.013	1.023	325.630	0.078
1595598873.52686	229.680	0.013	0.979	325.791	0.078
1595598873.52846	229.689	0.013	0.985	325.791	0.083
1595598873.54158	229.651	0.013	1.018	325.630	0.080
1595598873.58085	229.684	0.013	0.990	325.711	0.073
1595598873.59185	229.744	0.014	1.038	325.872	0.080
1595598873.60148	229.751	0.015	1.149	325.711	0.095
1595598873.64086	229.785	0.016	1.226	325.872	0.099
1595598873.64148	229.728	0.015	1.152	325.872	0.099
1595598873.67946	229.776	0.015	1.150	325.872	0.088
1595598873.72788	229.779	0.016	1.260	325.791	0.095
1595598873.72951	229.737	0.015	1.158	325.630	0.087
1595598873.73042	229.783	0.016	1.249	325.711	0.093
1595598873.76747	229.748	0.016	1.221	325.872	0.099
1595598873.76956	229.770	0.017	1.299	325.952	0.105
1595598873.79153	229.791	0.016	1.264	325.952	0.094
1595598873.82988	229.767	0.015	1.198	325.872	0.092
1595598873.85140	229.764	0.016	1.260	325.711	0.094
1595598873.86442	229.762	0.016	1.270	325.711	0.095
1595598873.90485	229.782	0.017	1.279	325.791	0.105
1595598873.91489	229.725	0.016	1.227	325.791	0.096
1595598873.92451	229.676	0.016	1.220	325.630	0.095
1595598873.96249	229.704	0.017	1.312	325.791	0.096
1595598873.96454	229.720	0.016	1.284	325.711	0.098
1595598874.00186	229.710	0.016	1.235	325.711	0.093
1595598874.01686	229.702	0.013	1.031	325.791	0.086
1595598874.02451	229.670	0.014	1.020	325.630	0.079
1595598874.06286	229.726	0.013	0.995	325.630	0.080
1595598874.07288	229.718	0.013	1.040	325.791	0.078
1595598874.08452	229.705	0.013	1.002	325.630	0.078
1595598874.12285	229.696	0.013	0.993	325.711	0.076
1595598874.12451	229.670	0.013	0.984	325.550	0.076
1595598874.16188	229.731	0.014	1.034	325.630	0.084
1595598874.19950	229.709	0.013	1.001	325.711	0.074
1595598874.20152	229.698	0.013	1.015	325.791	0.079
1595598874.21151	229.685	0.013	0.969	325.711	0.075
1595598874.24988	229.660	0.013	1.035	325.791	0.086
1595598874.25052	229.675	0.014	1.102	325.791	0.088
1595598874.27149	229.673	0.013	0.994	325.791	0.079
1595598874.28257	229.683	0.013	0.985	325.791	0.082
1595598874.32486	229.578	0.013	0.980	325.791	0.084
1595598874.34186	229.427	0.013	0.972	325.550	0.081
1595598874.38087	229.435	0.013	0.996	325.711	0.084
1595598874.39188	229.413	0.013	1.028	325.791	0.076
1595598874.40153	229.361	0.012	0.913	325.550	0.071
1595598874.45191	229.398	0.013	1.005	325.550	0.081
1595598874.46254	229.265	0.016	1.255	325.389	0.098
1595598874.50661	229.268	0.017	1.302	325.469	0.100
1595598874.54587	229.241	0.016	1.256	325.228	0.094
1595598874.55751	229.262	0.022	1.799	325.308	0.126
1595598874.57057	229.246	0.024	1.976	325.308	0.144
1595598874.59254	229.244	0.020	1.565	325.389	0.116
1595598874.63088	229.161	0.020	1.592	325.308	0.124
1595598874.63154	229.217	0.020	1.581	325.228	0.118
1595598874.65189	229.226	0.020	1.575	325.389	0.112
1595598874.66154	229.204	0.020	1.574	325.308	0.114
1595598874.70149	229.175	0.020	1.585	325.389	0.114
1595598874.72164	229.133	0.020	1.593	325.228	0.122
1595598874.72247	229.112	0.020	1.565	325.228	0.114
1595598874.76390	229.084	0.020	1.562	325.308	0.119
1595598874.76654	229.058	0.020	1.594	325.308	0.116
1595598874.80451	229.027	0.020	1.619	325.228	0.112
1595598874.81149	229.037	0.020	1.614	325.308	0.121
1595598874.82167	229.047	0.020	1.564	325.308	0.118
1595598874.85988	229.017	0.020	1.549	325.228	0.120
1595598874.89789	229.048	0.020	1.611	325.228	0.116
1595598874.89955	229.005	0.020	1.570	325.228	0.117
1595598874.91149	229.014	0.020	1.579	325.147	0.117
1595598874.94992	229.064	0.020	1.558	325.308	0.115
1595598874.95055	229.070	0.020	1.590	325.228	0.121
1595598874.98352	229.089	0.020	1.551	325.228	0.115
1595598874.98553	229.088	0.020	1.574	325.228	0.115
1595598875.02388	229.105	0.021	1.607	325.067	0.117
1595598875.06291	229.112	0.020	1.569	325.308	0.118
1595598875.06456	229.108	0.020	1.565	325.147	0.120
1595598875.07252	229.067	0.020	1.576	325.147	0.120
1595598875.11056	229.108	0.020	1.590	325.147	0.121
1595598875.11150	229.083	0.020	1.576	325.067	0.117
1595598875.13178	229.089	0.020	1.568	325.067	0.116
1595598875.14194	229.064	0.020	1.611	325.147	0.118
1595598875.18390	229.038	0.020	1.578	324.986	0.121
1595598875.18555	228.970	0.020	1.534	324.906	0.118
1595598875.22251	228.930	0.020	1.544	324.745	0.115
1595598875.23251	228.906	0.020	1.526	324.665	0.114
1595598875.24169	228.893	0.020	1.567	324.504	0.116
1595598875.27991	228.830	0.020	1.516	324.423	0.115
1595598875.28657	228.849	0.020	1.557	324.343	0.119
1595598875.32495	228.857	0.020	1.579	324.343	0.121
1595598875.36593	228.849	0.020	1.578	324.262	0.117
1595598875.36756	228.752	0.020	1.526	324.182	0.111
1595598875.38190	228.800	0.020	1.585	324.182	0.119
1595598875.42953	228.764	0.019	1.507	324.262	0.119
1595598875.43160	228.774	0.021	1.618	324.101	0.126
1595598875.44149	228.713	0.020	1.554	324.101	0.117
1595598875.47994	228.742	0.020	1.575	324.021	0.121
1595598875.50168	228.791	0.020	1.560	323.940	0.119
1595598875.54051	228.816	0.020	1.569	323.940	0.121
1595598875.55055	228.749	0.020	1.566	324.021	0.123
1595598875.56043	228.713	0.020	1.601	323.860	0.121
1595598875.59749	228.733	0.021	1.627	324.101	0.127
1595598875.63739	228.689	0.017	1.284	323.940	0.102
1595598875.65338	228.673	0.019	1.566	323.940	0.119
1595598875.66137	228.723	0.020	1.607	324.101	0.123
1595598875.69938	228.718	0.020	1.631	324.182	0.112
1595598875.70138	228.679	0.021	1.671	324.021	0.120
1595598875.73938	228.646	0.024	1.913	324.021	0.136
1595598875.74038	228.643	0.022	1.759	324.182	0.130
1595598875.77894	228.685	0.024	1.890	324.101	0.143
1595598875.78058	228.657	0.024	1.940	324.021	0.141
1595598875.81893	228.675	0.022	1.820	324.101	0.127
1595598875.82058	228.632	0.024	1.898	324.101	0.136
1595598875.85754	228.699	0.023	1.848	324.182	0.138
1595598875.87093	228.698	0.024	1.915	324.182	0.135
1595598875.88158	228.750	0.025	2.032	324.262	0.144
1595598875.91957	228.700	0.027	2.159	324.262	0.164
1595598875.92558	228.660	0.029	2.369	324.182	0.176
1595598875.96257	228.786	0.024	1.924	324.343	0.136
1595598876.00695	228.733	0.024	1.916	324.423	0.136
1595598876.00759	228.776	0.023	1.822	324.101	0.130
1595598876.00951	228.749	0.024	1.907	324.262	0.133
1595598876.02094	228.730	0.024	1.892	324.343	0.139
1595598876.05994	228.793	0.023	1.888	324.182	0.133
1595598876.06059	228.825	0.023	1.844	324.182	0.129
1595598876.09757	228.856	0.023	1.883	324.262	0.133
1595598876.10665	228.893	0.023	1.885	324.343	0.135
1595598876.12295	228.869	0.023	1.858	324.343	0.134
1595598876.16093	228.912	0.026	2.075	324.423	0.151
1595598876.16259	228.908	0.029	2.332	324.343	0.162
1595598876.20095	229.002	0.025	2.105	324.423	0.143
1595598876.20159	229.020	0.025	1.994	324.504	0.141
1595598876.23955	229.051	0.025	2.049	324.584	0.144
1595598876.25195	229.098	0.025	2.008	324.423	0.147
1595598876.28997	229.106	0.025	2.031	324.423	0.141
1595598876.30194	229.076	0.025	2.041	324.665	0.140
1595598876.33992	229.129	0.025	2.004	324.745	0.143
1595598876.34959	229.149	0.027	2.159	324.745	0.165
1595598876.36160	229.131	0.026	2.128	324.745	0.153
1595598876.39978	229.202	0.028	2.277	324.745	0.162
1595598876.43858	229.153	0.028	2.299	324.745	0.159
1595598876.44064	229.196	0.027	2.226	324.825	0.153
1595598876.45061	229.179	0.027	2.211	324.745	0.152
1595598876.48796	229.177	0.028	2.338	324.745	0.163
1595598876.48860	229.207	0.027	2.204	324.825	0.157
1595598876.50094	229.137	0.027	2.225	324.825	0.157
1595598876.53760	229.262	0.027	2.168	324.745	0.153
1595598876.53859	229.265	0.027	2.246	324.906	0.156
1595598876.57695	229.297	0.030	2.426	324.986	0.164
1595598876.58661	229.297	0.031	2.498	325.067	0.176
1595598876.62363	229.259	0.030	2.498	325.067	0.177
1595598876.63095	229.330	0.028	2.317	324.986	0.166
1595598876.66762	229.325	0.029	2.364	325.067	0.162
1595598876.67058	229.324	0.029	2.356	325.067	0.165
1595598876.68096	229.325	0.028	2.268	325.067	0.156
1595598876.71761	229.395	0.034	2.728	325.147	0.190
1595598876.72960	229.393	0.033	2.737	325.147	0.189
1595598876.74061	229.398	0.030	2.413	325.147	0.171
1595598876.77896	229.401	0.031	2.539	325.228	0.180
1595598876.79096	229.376	0.031	2.624	325.308	0.176
1595598876.80063	229.417	0.031	2.536	325.228	0.181
1595598876.83760	229.430	0.032	2.703	325.067	0.180
1595598876.83861	229.431	0.032	2.625	325.228	0.185
1595598876.87661	229.485	0.050	4.493	325.308	0.270
1595598876.91496	229.457	0.057	5.302	325.389	0.281
1595598876.91661	229.501	0.057	5.381	325.389	0.285
1595598876.95658	229.464	0.056	5.141	325.308	0.283
1595598876.95771	229.480	0.048	4.290	325.228	0.270
1595598876.96554	229.514	0.034	2.883	325.308	0.198
1595598877.00397	229.492	0.032	2.612	325.389	0.187
1595598877.01262	229.542	0.030	2.441	325.308	0.173
1595598877.05059	229.581	0.031	2.584	325.389	0.183
1595598877.05261	229.590	0.031	2.544	325.630	0.173
1595598877.06796	229.550	0.032	2.592	325.469	0.187
1595598877.10698	229.620	0.032	2.638	325.469	0.179
1595598877.10858	229.529	0.035	2.792	325.389	0.199
1595598877.12072	229.550	0.035	2.925	325.550	0.198
1595598877.15856	229.560	0.033	2.772	325.711	0.186
1595598877.16096	229.529	0.033	2.769	325.469	0.190
1595598877.19797	229.673	0.034	2.836	325.550	0.192
1595598877.21159	229.670	0.035	2.871	325.469	0.194
1595598877.22163	229.725	0.032	2.674	325.711	0.174
1595598877.27148	229.666	0.031	2.534	325.711	0.176
1595598877.27343	229.674	0.031	2.529	325.791	0.177
1595598877.28145	229.717	0.033	2.717	325.711	0.197
1595598877.31965	229.717	0.033	2.810	325.711	0.188
1595598877.33262	229.738	0.035	2.839	325.630	0.195
1595598877.34065	229.700	0.034	2.830	325.711	0.189
1595598877.38698	229.728	0.034	2.851	325.550	0.191
1595598877.42498	229.707	0.034	2.857	325.550	0.191
1595598877.42769	229.709	0.034	2.952	325.872	0.194
1595598877.46567	229.677	0.036	3.049	325.630	0.204
1595598877.46656	229.735	0.036	3.000	325.550	0.195
1595598877.48199	229.796	0.036	3.077	325.711	0.194
1595598877.51902	229.820	0.040	3.418	325.711	0.218
1595598877.53162	229.818	0.037	3.161	325.872	0.209
1595598877.54166	229.768	0.039	3.370	325.791	0.217
1595598877.58001	229.825	0.040	3.411	325.872	0.233
1595598877.59062	229.845	0.039	3.436	325.872	0.235
1595598877.60069	229.807	0.036	2.992	325.952	0.194
1595598877.63898	229.854	0.047	4.128	325.791	0.266
1595598877.64062	229.808	0.044	3.841	325.791	0.234
1595598877.67861	229.837	0.050	4.491	325.952	0.257
1595598877.69703	229.831	0.055	5.063	325.952	0.272
1595598877.70365	229.849	0.050	4.528	325.952	0.263
1595598877.74300	229.811	0.054	4.863	325.872	0.273
1595598877.75363	229.850	0.056	5.095	325.952	0.284
1595598877.79161	229.832	0.057	5.281	325.791	0.288
1595598877.79260	229.825	0.057	5.220	325.791	0.281
1595598877.80160	229.795	0.057	5.340	325.791	0.280
1595598877.83878	229.766	0.057	5.261	325.791	0.278
1595598877.85059	229.792	0.057	5.374	325.711	0.278
1595598877.86200	229.799	0.053	4.867	325.711	0.266
1595598877.89966	229.831	0.052	4.677	325.791	0.277
1595598877.90202	229.820	0.047	4.145	325.872	0.254
1595598877.92202	229.723	0.049	4.424	325.791	0.255
1595598877.96066	229.764	0.048	4.331	325.791	0.252
1595598877.96264	229.717	0.045	3.991	325.791	0.249
1595598878.00071	229.781	0.042	3.675	325.711	0.233
1595598878.00159	229.770	0.041	3.570	325.791	0.229
1595598878.03901	229.750	0.034	2.859	325.711	0.188
1595598878.07804	229.753	0.032	2.570	325.791	0.177
1595598878.08064	229.705	0.031	2.538	325.550	0.175
1595598878.08170	229.685	0.034	2.793	325.469	0.198
1595598878.12302	229.681	0.041	3.578	325.550	0.234
1595598878.12364	229.613	0.049	4.428	325.711	0.248
1595598878.16163	229.689	0.043	3.767	325.469	0.234
1595598878.16261	229.686	0.040	3.527	325.469	0.224
1595598878.20101	229.709	0.037	3.107	325.550	0.204
1595598878.21101	229.723	0.041	3.549	325.711	0.228
1595598878.22066	229.643	0.034	2.811	325.630	0.189
1595598878.25766	229.824	0.036	3.067	325.791	0.200
1595598878.27065	229.794	0.037	3.170	325.711	0.207
1595598878.28065	229.792	0.033	2.832	325.791	0.195
1595598878.31803	229.772	0.034	2.864	325.872	0.189
1595598878.31867	229.803	0.034	2.823	325.711	0.187
1595598878.35705	229.826	0.037	3.118	325.872	0.202
1595598878.40204	229.809	0.033	2.758	325.872	0.190
1595598878.40265	229.810	0.052	4.637	325.872	0.271
1595598878.40363	229.787	0.059	5.540	325.791	0.289
1595598878.44204	229.878	0.057	5.368	325.872	0.284
1595598878.44267	229.889	0.054	4.985	325.791	0.273
1595598878.48104	229.886	0.053	4.809	325.791	0.268
1595598878.48668	229.912	0.051	4.600	325.791	0.264
1595598878.52604	229.874	0.053	4.916	325.791	0.262
1595598878.54667	229.924	0.057	5.334	325.872	0.286
1595598878.54769	229.907	0.059	5.613	326.033	0.290
1595598878.56063	229.894	0.058	5.415	326.033	0.286
1595598878.59805	229.882	0.058	5.463	325.952	0.292
1595598878.59868	229.854	0.056	5.174	325.872	0.284
1595598878.63703	229.919	0.057	5.290	325.872	0.287
1595598878.66266	229.924	0.057	5.274	325.872	0.285
1595598878.70072	229.930	0.057	5.321	326.033	0.282
1595598878.70161	229.943	0.053	4.797	326.113	0.272
1595598878.73904	229.967	0.046	3.952	326.113	0.252
1595598878.77765	229.967	0.044	3.787	326.033	0.228
1595598878.77873	229.950	0.051	4.594	325.872	0.280
1595598878.78062	229.939	0.052	4.755	326.033	0.264
1595598878.81769	229.920	0.057	5.386	325.872	0.287
1595598878.81869	229.948	0.058	5.495	325.952	0.278
1595598878.85753	229.923	0.057	5.297	325.952	0.278
1595598878.90105	229.957	0.058	5.392	326.113	0.289
1595598878.90168	229.909	0.057	5.331	325.952	0.285
1595598878.90965	229.914	0.056	5.220	325.952	0.277
1595598878.92080	229.906	0.053	4.811	326.033	0.272
1595598878.95805	229.888	0.047	4.016	325.952	0.259
1595598878.99607	230.003	0.045	4.017	325.952	0.238
1595598878.99670	229.960	0.048	4.259	325.952	0.258
1595598879.01166	230.006	0.043	3.723	325.952	0.249
1595598879.02381	230.017	0.036	3.028	326.033	0.198
1595598879.06206	230.043	0.036	2.994	326.113	0.190
1595598879.06908	229.998	0.036	3.004	326.113	0.200
1595598879.10711	229.973	0.035	2.988	326.033	0.195
1595598879.10767	230.031	0.036	3.032	326.113	0.205
1595598879.12866	230.091	0.037	3.240	326.113	0.209
1595598879.14207	230.147	0.036	3.128	326.274	0.197
1595598879.18069	230.093	0.033	2.745	326.113	0.185
1595598879.19072	230.134	0.032	2.636	326.194	0.178
1595598879.20070	230.098	0.032	2.649	326.274	0.174
1595598879.23905	230.110	0.034	2.811	326.274	0.197
1595598879.24067	230.087	0.031	2.633	326.033	0.188
1595598879.27807	230.075	0.031	2.547	326.274	0.181
1595598879.28872	230.087	0.031	2.527	326.194	0.177
1595598879.30107	230.087	0.031	2.560	326.274	0.179
1595598879.33905	230.059	0.031	2.490	326.194	0.177
1595598879.35106	230.100	0.031	2.564	326.274	0.179
1595598879.36068	230.073	0.031	2.562	326.274	0.179
1595598879.40105	230.110	0.031	2.579	326.355	0.180
1595598879.40171	230.139	0.032	2.695	326.355	0.192
1595598879.43880	230.120	0.038	3.197	326.194	0.214
1595598879.47807	230.127	0.035	2.961	326.274	0.199
1595598879.47871	230.079	0.034	2.888	326.355	0.194
1595598879.48968	230.144	0.033	2.783	326.355	0.182
1595598879.50279	230.128	0.037	3.039	326.355	0.201
1595598879.54107	230.105	0.036	3.039	326.355	0.199
1595598879.54969	230.063	0.037	3.062	326.274	0.205
1595598879.56066	230.086	0.042	3.551	326.113	0.227
1595598879.59806	230.159	0.033	2.808	326.194	0.193
1595598879.61007	230.127	0.035	2.953	326.274	0.205
1595598879.61872	230.134	0.047	4.173	326.113	0.245
1595598879.66608	230.066	0.048	4.305	326.274	0.255
1595598879.70373	230.106	0.048	4.319	326.194	0.255
1595598879.71169	230.124	0.042	3.585	326.355	0.248
1595598879.72085	230.021	0.032	2.717	326.113	0.185
1595598879.76211	229.989	0.039	3.352	326.194	0.227
1595598879.76870	230.005	0.042	3.666	326.033	0.224
1595598879.77877	230.011	0.042	3.632	326.033	0.236
1595598879.82173	230.004	0.042	3.701	326.194	0.221
1595598879.83073	230.017	0.042	3.595	326.194	0.229
1595598879.84072	229.961	0.039	3.295	325.952	0.225
1595598879.87913	229.995	0.035	2.952	326.033	0.203
1595598879.88069	230.034	0.042	3.675	326.033	0.231
1595598879.91770	230.025	0.039	3.354	326.113	0.222
1595598879.91873	229.944	0.035	2.895	326.113	0.198
1595598879.95808	229.997	0.036	2.989	326.113	0.200
1595598879.97072	230.019	0.035	2.879	326.113	0.197
1595598880.00908	230.053	0.036	2.975	326.113	0.199
1595598880.01175	230.060	0.035	2.900	326.194	0.191
1595598880.02066	230.021	0.035	2.928	326.113	0.201
1595598880.05810	230.056	0.036	2.983	326.113	0.200
1595598880.05871	230.057	0.036	3.002	326.194	0.198
1595598880.09912	230.072	0.035	2.978	326.274	0.192
1595598880.10670	230.050	0.035	2.878	326.194	0.188
1595598880.14608	229.996	0.039	3.312	326.194	0.216
1595598880.18416	230.029	0.043	3.715	326.113	0.241
1595598880.18574	229.952	0.045	3.936	326.113	0.237
1595598880.20075	229.967	0.050	4.483	326.113	0.254
1595598880.23774	229.859	0.048	4.280	325.952	0.261
1595598880.23866	229.928	0.047	4.262	325.872	0.257
1595598880.27710	229.913	0.036	3.090	325.952	0.207
1595598880.29073	229.933	0.033	2.749	325.952	0.182
1595598880.32788	229.885	0.033	2.740	325.872	0.182
1595598880.32868	229.932	0.033	2.752	325.791	0.181
1595598880.36717	229.929	0.032	2.629	326.033	0.176
1595598880.36770	229.917	0.032	2.732	326.033	0.180
1595598880.37914	229.942	0.033	2.780	326.033	0.182
1595598880.41772	229.907	0.033	2.748	326.033	0.189
1595598880.41870	229.861	0.033	2.694	325.952	0.186
1595598880.45671	229.896	0.033	2.758	326.033	0.189
1595598880.46306	229.902	0.032	2.687	325.952	0.183
1595598880.50068	229.864	0.033	2.734	325.952	0.185
1595598880.52056	229.851	0.033	2.707	325.872	0.185
1595598880.52857	229.880	0.035	2.795	325.872	0.203
1595598880.54256	229.920	0.038	3.188	325.952	0.206
1595598880.58157	229.866	0.037	3.106	326.033	0.204
1595598880.58257	229.859	0.044	3.774	325.952	0.247
1595598880.62356	229.823	0.053	4.891	325.791	0.269
1595598880.62655	229.812	0.051	4.654	325.711	0.261
1595598880.63757	229.789	0.051	4.726	325.872	0.261
1595598880.67558	229.784	0.052	4.714	325.791	0.261
1595598880.67682	229.778	0.052	4.678	325.952	0.268
1595598880.71712	229.725	0.052	4.699	325.791	0.261
1595598880.76011	229.808	0.051	4.728	325.952	0.259
1595598880.76176	229.844	0.051	4.711	325.952	0.255
1595598880.76911	229.811	0.051	4.704	325.872	0.254
1595598880.80717	229.748	0.051	4.678	325.711	0.254
1595598880.80776	229.785	0.051	4.669	325.711	0.259
1595598880.82867	229.736	0.052	4.705	325.711	0.262
1595598880.83869	229.742	0.052	4.722	325.791	0.262
1595598880.87692	229.781	0.051	4.654	325.791	0.259
1595598880.88813	229.748	0.051	4.708	325.791	0.251
1595598880.90077	229.788	0.051	4.685	325.791	0.258
1595598880.94374	229.783	0.051	4.691	325.872	0.257
1595598880.95086	229.773	0.051	4.711	326.033	0.260
1595598880.96270	229.779	0.051	4.692	325.711	0.262
1595598881.00320	229.755	0.051	4.679	325.791	0.259
1595598881.04079	229.777	0.051	4.717	325.791	0.255
1595598881.05378	229.781	0.050	4.653	325.711	0.249
1595598881.09617	229.738	0.051	4.725	325.630	0.254
1595598881.10919	229.771	0.051	4.718	325.630	0.260
1595598881.12615	229.800	0.051	4.730	325.630	0.262
1595598881.16414	229.790	0.052	4.715	325.630	0.265
1595598881.16577	229.752	0.052	4.694	325.791	0.261
1595598881.20320	229.833	0.052	4.754	325.791	0.253
1595598881.20475	229.844	0.051	4.727	325.872	0.255
1595598881.21783	229.859	0.051	4.695	325.872	0.262
1595598881.25671	229.892	0.052	4.749	325.872	0.260
1595598881.29414	229.869	0.051	4.677	325.952	0.263
1595598881.29579	229.914	0.052	4.717	325.952	0.269
1595598881.30775	229.895	0.052	4.736	326.194	0.263
1595598881.34617	229.873	0.052	4.688	326.033	0.262
1595598881.34679	229.870	0.052	4.700	326.113	0.266
1595598881.36775	229.814	0.052	4.686	326.033	0.266
1595598881.40615	229.868	0.051	4.663	325.952	0.265
1595598881.41814	229.866	0.052	4.655	325.952	0.265
1595598881.45679	229.866	0.051	4.651	326.033	0.264
1595598881.46770	229.852	0.051	4.694	325.952	0.258
1595598881.47917	229.909	0.051	4.718	326.113	0.254
1595598881.51693	229.876	0.051	4.672	326.033	0.252
1595598881.52815	229.878	0.051	4.711	325.872	0.259
1595598881.53886	229.855	0.051	4.682	325.872	0.258
1595598881.58589	229.897	0.052	4.705	325.872	0.263
1595598881.59383	229.912	0.051	4.717	325.872	0.254
1595598881.63275	229.882	0.051	4.672	326.033	0.261
1595598881.63393	229.875	0.052	4.749	326.033	0.269
1595598881.64573	229.816	0.051	4.628	325.791	0.258
1595598881.68321	229.912	0.052	4.712	325.872	0.263
1595598881.69072	229.925	0.051	4.673	325.872	0.254
1595598881.72818	229.964	0.051	4.695	325.952	0.261
1595598881.73077	229.976	0.051	4.707	325.952	0.262
1595598881.74785	229.927	0.051	4.679	326.033	0.259
1595598881.78574	229.956	0.051	4.715	326.194	0.254
1595598881.78721	229.976	0.051	4.701	326.113	0.260
1595598881.79816	229.949	0.051	4.721	326.194	0.260
1595598881.83617	229.953	0.052	4.740	326.033	0.263
1595598881.83680	229.917	0.051	4.671	326.033	0.260
1595598881.87378	229.898	0.051	4.683	326.194	0.266
1595598881.92518	229.976	0.052	4.715	326.113	0.266
1595598881.92779	229.898	0.051	4.651	326.033	0.255
1595598881.96586	229.938	0.052	4.699	326.355	0.269
1595598881.96672	229.900	0.051	4.634	326.033	0.263
1595598881.97782	229.817	0.051	4.597	325.872	0.258
1595598882.01622	229.852	0.051	4.649	325.872	0.262
1595598882.01782	229.829	0.052	4.655	325.872	0.265
1595598882.05922	229.841	0.052	4.660	325.952	0.261
1595598882.06082	229.870	0.052	4.711	325.952	0.258
1595598882.09779	229.863	0.051	4.687	325.952	0.261
1595598882.13720	229.797	0.051	4.596	325.952	0.261
1595598882.13781	229.679	0.051	4.648	325.791	0.259
1595598882.13876	229.742	0.051	4.650	325.791	0.258
1595598882.17719	229.743	0.051	4.691	325.711	0.265
1595598882.18278	229.774	0.051	4.700	325.791	0.260
1595598882.22191	229.781	0.051	4.729	325.872	0.255
1595598882.22275	229.720	0.051	4.644	325.791	0.257
1595598882.26076	229.740	0.051	4.709	325.791	0.253
1595598882.26392	229.710	0.051	4.654	325.711	0.255
1595598882.30177	229.728	0.051	4.698	325.711	0.258
1595598882.30322	229.741	0.051	4.709	325.711	0.264
1595598882.34122	229.730	0.051	4.668	325.711	0.265
1595598882.37884	229.749	0.051	4.720	325.872	0.260
1595598882.38081	229.761	0.052	4.714	325.872	0.259
1595598882.41819	229.704	0.052	4.716	325.791	0.260
1595598882.43083	229.729	0.052	4.708	325.791	0.262
1595598882.44083	229.710	0.051	4.688	325.872	0.264
1595598882.47778	229.722	0.052	4.718	325.791	0.265
1595598882.48922	229.799	0.052	4.710	325.872	0.261
1595598882.50120	229.789	0.052	4.726	325.872	0.261
1595598882.53925	229.820	0.052	4.771	325.791	0.263
1595598882.54919	229.853	0.052	4.710	326.033	0.266
1595598882.55883	229.843	0.052	4.735	325.952	0.266
1595598882.59681	229.801	0.051	4.667	325.952	0.260
1595598882.59788	229.806	0.052	4.691	326.194	0.274
1595598882.63623	229.839	0.051	4.673	325.952	0.265
1595598882.67618	229.808	0.051	4.680	325.872	0.250
1595598882.68582	229.728	0.051	4.676	325.952	0.262
1595598882.72401	229.765	0.051	4.721	325.791	0.255
1595598882.72583	229.766	0.051	4.685	325.872	0.257
1595598882.74725	229.768	0.051	4.724	326.113	0.258
1595598882.75785	229.778	0.051	4.665	325.791	0.257
1595598882.79577	229.749	0.051	4.689	325.872	0.255
1595598882.83319	229.786	0.051	4.703	325.791	0.258
1595598882.83384	229.755	0.051	4.693	325.791	0.257
1595598882.84881	229.757	0.051	4.672	325.791	0.252
1595598882.85692	229.713	0.052	4.721	325.952	0.264
1595598882.89377	229.783	0.051	4.691	325.791	0.262
1595598882.90821	229.780	0.051	4.678	325.872	0.266
1595598882.91785	229.748	0.051	4.656	325.872	0.265
1595598882.95624	229.758	0.052	4.651	325.791	0.266
1595598882.97821	229.652	0.051	4.647	325.791	0.258
1595598883.01720	229.641	0.052	4.681	325.711	0.260
1595598883.03220	229.663	0.052	4.687	325.630	0.265
1595598883.04086	229.590	0.051	4.662	325.469	0.259
1595598883.08522	229.585	0.052	4.717	325.630	0.261
1595598883.12286	229.569	0.051	4.703	325.630	0.259
1595598883.13529	229.592	0.051	4.719	325.389	0.259
1595598883.14386	229.512	0.051	4.660	325.469	0.258
1595598883.16583	229.551	0.051	4.681	325.550	0.268
1595598883.20328	229.516	0.052	4.700	325.469	0.268
1595598883.20386	229.536	0.052	4.667	325.389	0.263
1595598883.22677	229.693	0.052	4.757	325.630	0.261
1595598883.26383	229.744	0.051	4.686	325.550	0.261
1595598883.26591	229.734	0.051	4.683	325.630	0.252
1595598883.27679	229.780	0.051	4.709	325.630	0.258
1595598883.31422	229.765	0.051	4.695	325.711	0.255
1595598883.32620	229.706	0.051	4.700	325.711	0.254
1595598883.33723	229.748	0.051	4.711	325.711	0.261
1595598883.37388	229.715	0.052	4.688	325.630	0.263
1595598883.38686	229.741	0.051	4.713	325.630	0.262
1595598883.42382	229.734	0.051	4.671	325.791	0.253
1595598883.42587	229.784	0.051	4.688	325.711	0.255
1595598883.46996	229.791	0.051	4.710	325.872	0.261
1595598883.47179	229.782	0.051	4.649	325.872	0.265
1595598883.48622	229.781	0.051	4.662	325.791	0.263
1595598883.49723	229.753	0.051	4.619	325.711	0.261
1595598883.53386	229.784	0.051	4.674	325.630	0.262
1595598883.54724	229.790	0.051	4.690	325.711	0.261
1595598883.55689	229.797	0.051	4.666	325.711	0.257
1595598883.59425	229.759	0.051	4.673	325.791	0.255
1595598883.60685	229.725	0.052	4.675	325.872	0.263
1595598883.61788	229.779	0.052	4.670	325.791	0.261
1595598883.65592	229.783	0.052	4.665	325.711	0.263
1595598883.66687	229.779	0.051	4.669	325.711	0.255
1595598883.67689	229.754	0.052	4.713	325.872	0.261
1595598883.71526	229.768	0.052	4.652	325.791	0.265
1595598883.71687	229.737	0.052	4.677	325.952	0.262
1595598883.75422	229.729	0.051	4.610	325.711	0.252
1595598883.76389	229.741	0.052	4.667	325.711	0.269
1595598883.80181	229.695	0.052	4.679	325.952	0.265
1595598883.80422	229.736	0.051	4.652	325.791	0.258
1595598883.82922	229.735	0.051	4.665	325.872	0.258
1595598883.86733	229.735	0.051	4.682	325.711	0.259
1595598883.86880	229.701	0.051	4.661	325.872	0.253
1595598883.87882	229.767	0.051	4.694	325.872	0.259
1595598883.91679	229.753	0.051	4.663	325.952	0.262
1595598883.91770	229.761	0.051	4.671	325.791	0.262
1595598883.95624	229.749	0.051	4.678	325.711	0.259
1595598884.00027	229.719	0.051	4.626	325.711	0.254
1595598884.00286	229.740	0.051	4.700	325.630	0.252
1595598884.00595	229.770	0.051	4.713	325.550	0.250
1595598884.04729	229.753	0.051	4.720	325.630	0.254
1595598884.05689	229.724	0.051	4.670	325.791	0.265
1595598884.09530	229.759	0.052	4.729	325.711	0.265
1595598884.09690	229.771	0.052	4.726	325.872	0.261
1595598884.13485	229.718	0.051	4.683	325.791	0.263
1595598884.14601	229.747	0.051	4.681	325.872	0.263
1595598884.18331	229.742	0.051	4.700	325.711	0.254
1595598884.18686	229.772	0.052	4.698	325.791	0.264
1595598884.22398	229.742	0.051	4.679	325.952	0.269
1595598884.22583	229.711	0.051	4.675	325.791	0.253
1595598884.23584	229.763	0.052	4.715	325.711	0.264
1595598884.27326	229.750	0.052	4.716	325.952	0.261
1595598884.28489	229.768	0.051	4.701	325.791	0.254
1595598884.29591	229.747	0.051	4.707	325.952	0.255
1595598884.33328	229.714	0.052	4.703	326.033	0.261
1595598884.34527	229.765	0.052	4.701	325.952	0.265
1595598884.35726	229.772	0.052	4.693	325.791	0.261
1595598884.39391	229.748	0.052	4.727	325.791	0.266
1595598884.40490	229.692	0.051	4.696	325.872	0.259
1595598884.41690	229.748	0.052	4.721	325.872	0.264
1595598884.45530	229.750	0.051	4.698	325.952	0.259
1595598884.46526	229.746	0.052	4.714	325.872	0.263
1595598884.47691	229.759	0.051	4.696	325.791	0.262
1595598884.51429	229.712	0.052	4.684	325.872	0.266
1595598884.51591	229.741	0.052	4.757	325.711	0.265
1595598884.55325	229.764	0.051	4.696	325.791	0.258
1595598884.56628	229.745	0.052	4.743	325.791	0.261
1595598884.57595	229.739	0.051	4.718	325.872	0.253
1595598884.61427	229.731	0.051	4.648	325.791	0.254
1595598884.62689	229.813	0.052	4.749	325.872	0.264
1595598884.63695	229.800	0.052	4.708	325.872	0.265
1595598884.67532	229.800	0.051	4.687	325.952	0.258
1595598884.67691	229.725	0.051	4.681	325.791	0.252
1595598884.71387	229.752	0.051	4.709	325.711	0.252
1595598884.75427	229.726	0.051	4.672	325.872	0.253
1595598884.75596	229.666	0.051	4.666	325.872	0.260
1595598884.80627	229.686	0.051	4.675	325.791	0.272
1595598884.80692	229.681	0.051	4.650	325.872	0.263
1595598884.82688	229.678	0.051	4.688	325.791	0.258
1595598884.83700	229.699	0.051	4.649	325.711	0.259
1595598884.87628	229.633	0.051	4.668	325.791	0.257
1595598884.89227	229.716	0.052	4.710	325.791	0.258
1595598884.89894	229.718	0.051	4.699	325.791	0.258
1595598884.95133	229.719	0.052	4.674	326.033	0.271
1595598884.95389	229.666	0.052	4.707	325.872	0.255
1595598884.97630	229.752	0.051	4.718	325.952	0.255
1595598885.01328	229.730	0.051	4.692	325.791	0.257
1595598885.01391	229.757	0.052	4.729	325.872	0.263
1595598885.05288	229.687	0.051	4.675	325.791	0.261
1595598885.05402	229.748	0.051	4.652	325.952	0.268
1595598885.09328	229.772	0.052	4.714	325.872	0.264
1595598885.13229	229.771	0.052	4.693	325.952	0.262
1595598885.13293	229.742	0.051	4.696	325.791	0.251
1595598885.14489	229.773	0.051	4.722	326.033	0.251
1595598885.18332	229.730	0.051	4.658	326.033	0.255
1595598885.18393	229.706	0.051	4.692	325.791	0.253
1595598885.19493	229.707	0.052	4.719	325.872	0.260
1595598885.23729	229.649	0.052	4.689	325.872	0.263
1595598885.24591	229.682	0.051	4.673	325.791	0.258
1595598885.25700	229.680	0.051	4.689	325.711	0.252
1595598885.29430	229.681	0.051	4.711	325.711	0.253
1595598885.30530	229.663	0.051	4.694	325.711	0.255
1595598885.31694	229.626	0.051	4.661	325.952	0.255
1595598885.35394	229.653	0.051	4.719	325.872	0.260
1595598885.39230	229.668	0.051	4.662	325.711	0.269
1595598885.39293	229.670	0.052	4.739	325.791	0.260
1595598885.40590	229.615	0.051	4.672	325.872	0.257
1595598885.45733	229.611	0.052	4.728	325.711	0.266
1595598885.45895	229.614	0.051	4.672	325.872	0.258
1595598885.46690	229.570	0.051	4.656	325.711	0.259
1595598885.47704	229.598	0.051	4.658	325.791	0.263
1595598885.51408	229.562	0.052	4.639	325.711	0.265
1595598885.52487	229.610	0.052	4.685	325.711	0.262
1595598885.53677	229.629	0.052	4.701	325.791	0.262
1595598885.57479	229.575	0.051	4.692	325.711	0.254
1595598885.58476	229.522	0.052	4.691	325.711	0.262
1595598885.59476	229.554	0.051	4.700	325.630	0.258
1595598885.64279	229.556	0.051	4.678	325.711	0.262
1595598885.65936	229.522	0.051	4.641	325.630	0.266
1595598885.69935	229.480	0.052	4.679	325.630	0.262
1595598885.73697	229.536	0.052	4.707	325.550	0.263
1595598885.74930	229.568	0.051	4.709	325.711	0.257
1595598885.75696	229.535	0.051	4.672	325.630	0.258
1595598885.79535	229.603	0.051	4.719	325.550	0.262
1595598885.79688	229.592	0.052	4.686	325.711	0.263
1595598885.83433	229.578	0.051	4.661	325.469	0.253
1595598885.83496	229.552	0.051	4.667	325.630	0.252
1595598885.87392	229.531	0.051	4.702	325.630	0.255
1595598885.88532	229.548	0.051	4.679	325.550	0.258
1595598885.92409	229.592	0.051	4.702	325.550	0.258
1595598885.92488	229.587	0.051	4.660	325.550	0.264
1595598885.93500	229.520	0.051	4.664	325.630	0.263
1595598885.95489	229.569	0.051	4.679	325.469	0.254
1595598885.99334	229.561	0.051	4.729	325.550	0.255
1595598886.03033	229.560	0.052	4.735	325.469	0.262
1595598886.03197	229.565	0.052	4.708	325.469	0.263
1595598886.04432	229.510	0.052	4.709	325.469	0.265
1595598886.05396	229.575	0.052	4.733	325.389	0.270
1595598886.09198	229.584	0.052	4.708	325.469	0.273
1595598886.10833	229.587	0.051	4.702	325.469	0.258
1595598886.11698	229.579	0.051	4.706	325.469	0.254
1595598886.15394	229.616	0.051	4.699	325.389	0.254
1595598886.16497	229.627	0.051	4.745	325.550	0.261
1595598886.17498	229.660	0.052	4.761	325.711	0.263
1595598886.23832	229.658	0.052	4.769	325.711	0.266
1595598886.23897	229.634	0.052	4.725	325.791	0.263
1595598886.23992	229.679	0.052	4.770	325.791	0.262
1595598886.27794	229.664	0.051	4.717	325.872	0.259
1595598886.27904	229.667	0.051	4.703	325.791	0.251
1595598886.31631	229.667	0.051	4.689	325.872	0.257
1595598886.36234	229.658	0.052	4.717	325.952	0.263
1595598886.36496	229.761	0.052	4.690	325.952	0.265
1595598886.37403	229.750	0.051	4.705	325.952	0.264
1595598886.41236	229.697	0.051	4.693	325.952	0.254
1595598886.43542	229.729	0.051	4.681	325.872	0.255
1595598886.47300	229.711	0.051	4.638	325.872	0.260
1595598886.48391	229.718	0.051	4.634	325.872	0.260
1595598886.49492	229.659	0.051	4.623	325.952	0.268
1595598886.53433	229.720	0.052	4.692	325.872	0.268
1595598886.54738	229.731	0.051	4.700	325.872	0.262
1595598886.55699	229.726	0.051	4.663	326.033	0.263
1595598886.59392	229.698	0.052	4.665	326.113	0.260
1595598886.59495	229.726	0.052	4.670	325.952	0.264
1595598886.63335	229.735	0.052	4.676	325.872	0.266
1595598886.64534	229.690	0.052	4.748	325.952	0.266
1595598886.65500	229.799	0.052	4.712	326.033	0.266
1595598886.69398	229.767	0.052	4.731	326.113	0.272
1595598886.69499	229.775	0.052	4.703	326.113	0.258
1595598886.73334	229.773	0.052	4.669	326.033	0.264
1595598886.77334	229.769	0.052	4.697	326.113	0.268
1595598886.78499	229.822	0.052	4.672	326.274	0.269
1595598886.79796	229.827	0.051	4.701	326.194	0.261
1595598886.83538	229.832	0.052	4.716	326.194	0.264
1595598886.84497	229.829	0.052	4.702	326.274	0.262
1595598886.85505	229.763	0.051	4.682	326.113	0.257
1595598886.89392	229.844	0.052	4.712	326.113	0.264
1595598886.90535	229.825	0.051	4.700	326.113	0.264
1595598886.91499	229.813	0.052	4.707	326.033	0.260
1595598886.95335	229.774	0.051	4.683	326.113	0.260
1595598886.96397	229.802	0.052	4.732	326.033	0.260
1595598886.97407	229.833	0.051	4.719	326.033	0.252
1595598887.01340	229.839	0.051	4.770	326.274	0.255
1595598887.02936	229.849	0.051	4.696	326.194	0.263
1595598887.03700	229.782	0.051	4.700	326.113	0.264
1595598887.07401	229.830	0.051	4.728	326.033	0.260
1595598887.07499	229.831	0.052	4.708	326.113	0.268
1595598887.11297	229.825	0.052	4.758	326.113	0.269
1595598887.12437	229.811	0.051	4.698	326.194	0.254
1595598887.13501	229.846	0.051	4.726	326.274	0.261
1595598887.17436	229.847	0.051	4.672	326.113	0.258
1595598887.19238	229.871	0.052	4.711	326.274	0.264
1595598887.19903	229.889	0.052	4.677	326.194	0.268
1595598887.24037	229.841	0.051	4.666	326.355	0.255
1595598887.24193	229.899	0.052	4.691	326.113	0.259
1595598887.27913	229.885	0.051	4.709	326.435	0.255
1595598887.29139	229.929	0.052	4.732	326.355	0.263
1595598887.29903	229.923	0.052	4.694	326.274	0.265
1595598887.33800	229.904	0.051	4.649	326.355	0.264
1595598887.37835	229.912	0.052	4.626	326.274	0.261
1595598887.37902	229.901	0.052	4.664	326.274	0.262
1595598887.38097	229.908	0.051	4.648	326.355	0.260
1595598887.41917	229.821	0.051	4.627	326.194	0.261
1595598887.42199	229.839	0.051	4.676	326.274	0.257
1595598887.43816	229.730	0.051	4.653	326.113	0.257
1595598887.47503	229.697	0.051	4.668	326.113	0.262
1595598887.48537	229.737	0.052	4.673	326.033	0.261
1595598887.49702	229.691	0.052	4.684	325.952	0.265
1595598887.53440	229.739	0.051	4.679	325.872	0.259
1595598887.54539	229.751	0.051	4.677	326.194	0.255
1595598887.55503	229.760	0.051	4.670	326.194	0.251
1595598887.59402	229.692	0.051	4.694	326.274	0.255
1595598887.60702	229.728	0.051	4.693	326.274	0.264
1595598887.64437	229.743	0.051	4.729	326.113	0.258
1595598887.64502	229.745	0.051	4.709	326.033	0.258
1595598887.66499	229.716	0.051	4.697	326.194	0.262
1595598887.67515	229.616	0.051	4.657	326.113	0.254
1595598887.71337	229.670	0.051	4.708	326.113	0.254
1595598887.71501	229.661	0.051	4.707	326.113	0.253
1595598887.75338	229.648	0.051	4.669	326.033	0.262
1595598887.79737	229.538	0.051	4.629	326.033	0.258
1595598887.79802	229.614	0.051	4.678	325.952	0.255
1595598887.80398	229.564	0.051	4.628	325.952	0.259
1595598887.85439	229.578	0.051	4.669	325.872	0.255
1595598887.85504	229.547	0.052	4.673	325.952	0.263
1595598887.86504	229.524	0.051	4.612	326.033	0.261
1595598887.87440	229.518	0.052	4.703	326.033	0.265
1595598887.91205	229.548	0.051	4.626	325.872	0.257
1595598887.91296	229.555	0.052	4.659	325.952	0.260
1595598887.95020	229.518	0.052	4.653	326.113	0.261
1595598887.99840	229.540	0.051	4.652	325.872	0.255
1595598887.99904	229.528	0.051	4.629	325.952	0.252
1595598887.99997	229.532	0.051	4.632	326.033	0.261
1595598888.02737	229.551	0.051	4.673	325.791	0.259
1595598888.06422	229.463	0.052	4.650	325.952	0.263
1595598888.06601	229.432	0.051	4.622	325.872	0.253
1595598888.07402	229.419	0.052	4.667	325.791	0.258
1595598888.11207	229.428	0.052	4.694	325.711	0.269
1595598888.12305	229.397	0.051	4.641	325.872	0.253
1595598888.13297	229.424	0.052	4.703	325.630	0.255
1595598888.17040	229.371	0.052	4.701	325.550	0.258
1595598888.18340	229.392	0.052	4.702	325.711	0.259
1595598888.19305	229.341	0.052	4.677	325.711	0.255
1595598888.22999	229.382	0.052	4.726	325.469	0.261
1595598888.24439	229.377	0.051	4.676	325.630	0.258
1595598888.25504	229.405	0.052	4.728	325.711	0.259
1595598888.29303	229.373	0.051	4.692	325.630	0.254
1595598888.30304	229.321	0.052	4.686	325.630	0.269
1595598888.34040	229.367	0.052	4.708	325.550	0.265
1595598888.34844	229.348	0.052	4.741	325.630	0.265
1595598888.36041	229.343	0.052	4.719	325.630	0.259
1595598888.39806	229.398	0.052	4.728	325.711	0.263
1595598888.40602	229.351	0.052	4.671	325.630	0.263
1595598888.42411	229.430	0.052	4.702	325.711	0.265
1595598888.43398	229.443	0.052	4.678	325.630	0.263
1595598888.47241	229.365	0.052	4.680	325.550	0.260
1595598888.47404	229.326	0.052	4.662	325.550	0.264
1595598888.51236	229.361	0.052	4.718	325.389	0.255
1595598888.52006	229.332	0.052	4.703	325.389	0.257
1595598888.55841	229.357	0.052	4.718	325.469	0.257
1595598888.55906	229.315	0.052	4.681	325.389	0.259
1595598888.59746	229.271	0.051	4.680	325.469	0.260
1595598888.59902	229.267	0.051	4.626	325.228	0.255
1595598888.63695	229.290	0.052	4.711	325.147	0.251
1595598888.63796	229.300	0.051	4.711	325.389	0.255
1595598888.67545	229.265	0.051	4.696	325.147	0.246
1595598888.67706	229.210	0.050	4.677	325.067	0.248
1595598888.71404	229.231	0.051	4.696	325.147	0.258
1595598888.72512	229.250	0.051	4.701	325.067	0.252
1595598888.74500	229.304	0.051	4.738	325.147	0.263
1595598888.78540	229.278	0.051	4.689	325.067	0.246
1595598888.78706	229.336	0.051	4.723	325.308	0.248
1595598888.79504	229.351	0.051	4.707	325.389	0.251
1595598888.83744	229.326	0.051	4.767	325.067	0.252
1595598888.83798	229.310	0.051	4.678	325.147	0.252
1595598888.87499	229.248	0.051	4.730	325.067	0.258
1595598888.88488	229.303	0.052	4.744	325.228	0.253
1595598888.90388	229.283	0.051	4.704	325.147	0.248
1595598888.94989	229.306	0.051	4.756	325.147	0.247
1595598888.95188	229.320	0.051	4.673	325.228	0.251
1595598888.95289	229.233	0.051	4.691	325.228	0.251
1595598888.99045	229.267	0.051	4.711	325.067	0.248
1595598889.00009	229.275	0.051	4.719	325.308	0.254
1595598889.03805	229.276	0.051	4.705	325.147	0.248
1595598889.04911	229.284	0.051	4.729	325.147	0.251
1595598889.08745	229.208	0.051	4.670	325.389	0.252
1595598889.08905	229.199	0.050	4.637	325.228	0.254
1595598889.12811	229.077	0.051	4.644	324.906	0.251
1595598889.12906	229.085	0.052	4.707	324.825	0.261
1595598889.14305	229.071	0.051	4.688	324.986	0.255
1595598889.15311	228.987	0.051	4.644	324.745	0.251
1595598889.19044	229.061	0.052	4.740	324.986	0.252
1595598889.23045	229.040	0.051	4.687	324.825	0.250
1595598889.23209	228.984	0.051	4.712	324.906	0.250
1595598889.25944	229.088	0.051	4.722	324.825	0.251
1595598889.29745	229.087	0.051	4.713	324.745	0.254
1595598889.30206	229.051	0.051	4.691	324.825	0.251
1595598889.31414	229.044	0.051	4.708	324.825	0.248
1595598889.35245	228.989	0.051	4.692	324.665	0.248
1595598889.37544	229.063	0.051	4.738	324.825	0.261
1595598889.41444	229.067	0.051	4.673	324.906	0.252
1595598889.42407	229.045	0.051	4.749	324.825	0.252
1595598889.43413	228.999	0.051	4.660	324.825	0.254
1595598889.47346	229.008	0.051	4.698	324.825	0.250
1595598889.47407	229.024	0.051	4.700	324.745	0.252
1595598889.51247	229.000	0.051	4.708	324.986	0.258
1595598889.56046	228.988	0.051	4.699	324.745	0.258
1595598889.56809	228.997	0.051	4.712	324.584	0.250
1595598889.60547	228.995	0.051	4.710	324.825	0.248
1595598889.60715	229.010	0.051	4.715	324.986	0.251
1595598889.62207	229.000	0.051	4.706	324.665	0.250
1595598889.66018	228.933	0.051	4.669	324.745	0.261
1595598889.66203	228.975	0.051	4.731	324.665	0.259
1595598889.67314	228.996	0.051	4.703	324.745	0.246
1595598889.71026	228.986	0.051	4.701	324.665	0.245
1595598889.72747	228.763	0.050	4.683	324.584	0.245
1595598889.74312	228.703	0.050	4.680	324.504	0.237
1595598889.78047	228.717	0.050	4.673	324.423	0.237
1595598889.78310	228.726	0.050	4.637	324.343	0.245
1595598889.79412	228.697	0.050	4.634	324.423	0.247
1595598889.83210	228.677	0.050	4.657	324.343	0.238
1595598889.83307	228.732	0.050	4.673	324.423	0.236
1595598889.85547	228.726	0.050	4.719	324.584	0.241
1595598889.89348	228.762	0.050	4.711	324.423	0.241
1595598889.89514	228.699	0.050	4.662	324.423	0.247
1595598889.91408	228.728	0.051	4.719	324.423	0.249
1595598889.95222	228.731	0.051	4.699	324.343	0.250
1595598889.97347	228.725	0.050	4.704	324.343	0.243
1595598889.97411	228.771	0.050	4.717	324.423	0.243
1595598890.03048	228.743	0.051	4.726	324.584	0.248
1595598890.03211	229.398	0.052	4.973	325.147	0.262
1595598890.04311	229.429	0.052	4.786	325.389	0.263
1595598890.06315	229.480	0.051	4.769	325.550	0.259
1595598890.10047	229.483	0.051	4.739	325.711	0.262
1595598890.10216	229.541	0.051	4.741	325.711	0.258
1595598890.11450	229.553	0.051	4.735	325.952	0.254
1595598890.15213	229.569	0.051	4.696	325.872	0.258
1595598890.15404	229.571	0.051	4.733	325.872	0.258
1595598890.19249	229.520	0.052	4.655	326.033	0.266
1595598890.24425	229.491	0.052	4.679	325.791	0.261
1595598890.24705	229.514	0.052	4.715	325.872	0.257
1595598890.29749	229.447	0.052	4.726	325.872	0.258
1595598890.29813	229.497	0.051	4.665	325.630	0.258
1595598890.29907	229.467	0.052	4.702	325.791	0.265
1595598890.32249	229.487	0.052	4.702	325.550	0.260
1595598890.36350	229.501	0.052	4.772	325.630	0.264
1595598890.36509	229.507	0.051	4.704	325.791	0.263
1595598890.38321	229.560	0.051	4.704	325.711	0.260
1595598890.39406	229.534	0.051	4.738	325.711	0.252
1595598890.44051	229.558	0.051	4.738	325.791	0.261
1595598890.45414	229.562	0.052	4.762	325.711	0.266
1595598890.49252	229.557	0.051	4.714	325.711	0.257
1595598890.49517	229.585	0.051	4.701	325.711	0.258
1595598890.53354	229.582	0.051	4.734	325.872	0.258
1595598890.53506	229.547	0.051	4.710	325.711	0.257
1595598890.57409	229.536	0.052	4.739	325.630	0.261
1595598890.57492	229.530	0.052	4.734	325.711	0.265
1595598890.61320	229.538	0.052	4.708	325.711	0.265
1595598890.61449	229.516	0.052	4.716	325.711	0.260
1595598890.65312	229.503	0.051	4.693	325.630	0.259
1595598890.65416	229.522	0.052	4.736	325.791	0.261
1595598890.69350	229.480	0.052	4.712	325.711	0.262
1595598890.69415	229.470	0.051	4.715	325.791	0.262
1595598890.73252	229.478	0.052	4.752	325.711	0.266
1595598890.73415	229.558	0.052	4.750	325.791	0.264
1595598890.77250	229.560	0.052	4.771	325.872	0.259
1595598890.77315	229.566	0.051	4.675	325.791	0.254
1595598890.81750	229.570	0.051	4.725	325.791	0.257
1595598890.85515	229.550	0.052	4.731	325.872	0.263
1595598890.89314	229.596	0.051	4.724	325.872	0.257
1595598890.90416	229.560	0.052	4.717	325.952	0.258
1595598890.91315	229.592	0.052	4.770	325.952	0.257
1595598890.95029	229.614	0.051	4.724	325.872	0.254
1595598890.95209	229.577	0.051	4.721	325.952	0.259
1595598890.98925	229.598	0.051	4.696	325.872	0.261
1595598891.02851	229.551	0.051	4.677	325.791	0.257
1595598891.02916	229.607	0.051	4.717	325.791	0.253
1595598891.03011	229.606	0.051	4.718	325.791	0.253
1595598891.07253	229.599	0.052	4.718	325.872	0.262
1595598891.07316	229.576	0.051	4.707	325.711	0.255
1595598891.11009	229.628	0.052	4.736	325.791	0.263
1595598891.12008	229.614	0.052	4.693	325.872	0.266
1595598891.15853	229.628	0.052	4.706	325.791	0.261
1595598891.20753	229.596	0.051	4.706	325.952	0.259
1595598891.20816	229.639	0.051	4.721	325.952	0.254
1595598891.22350	229.576	0.052	4.701	325.952	0.257
1595598891.26016	229.643	0.052	4.755	326.113	0.261
1595598891.26216	229.617	0.052	4.693	326.194	0.266
1595598891.27213	229.669	0.052	4.747	326.033	0.262
1595598891.29517	229.715	0.051	4.723	326.033	0.260
1595598891.33352	229.698	0.052	4.696	326.113	0.263
1595598891.33417	229.702	0.052	4.766	326.194	0.261
1595598891.37251	229.656	0.051	4.672	326.113	0.263
1595598891.39253	229.689	0.052	4.703	326.113	0.270
1595598891.43050	229.680	0.052	4.724	325.952	0.264
1595598891.44014	229.642	0.051	4.713	326.033	0.258
1595598891.45323	229.689	0.051	4.730	325.952	0.254
1595598891.49019	229.746	0.051	4.713	326.113	0.259
1595598891.50252	229.718	0.051	4.716	326.033	0.264
1595598891.51318	229.724	0.051	4.700	326.033	0.261
1595598891.55453	229.686	0.052	4.706	325.952	0.264
1595598891.55523	229.709	0.052	4.725	325.952	0.265
1595598891.59307	229.741	0.052	4.783	326.194	0.259
1595598891.60253	229.799	0.051	4.725	326.033	0.255
1595598891.61318	229.783	0.051	4.710	326.194	0.258
1595598891.65454	229.737	0.051	4.692	326.274	0.260
1595598891.66418	229.823	0.052	4.762	326.274	0.265
1595598891.70216	229.868	0.052	4.727	326.194	0.264
1595598891.70324	229.862	0.052	4.707	326.355	0.263
1595598891.71411	229.831	0.052	4.728	326.355	0.269
1595598891.75256	229.872	0.052	4.717	326.355	0.259
1595598891.77353	229.834	0.052	4.716	326.435	0.265
1595598891.81117	229.803	0.051	4.705	326.194	0.265
1595598891.82419	229.764	0.051	4.661	326.194	0.266
1595598891.83319	229.822	0.052	4.718	326.435	0.266
1595598891.87153	229.829	0.052	4.716	326.274	0.258
1595598891.87318	229.846	0.051	4.693	326.435	0.260
1595598891.91015	229.794	0.051	4.707	326.435	0.263
1595598891.92225	229.830	0.052	4.715	326.194	0.261
1595598891.93413	229.805	0.052	4.737	326.274	0.269
1595598891.97258	229.836	0.052	4.723	326.274	0.262
1595598891.98454	229.844	0.052	4.728	326.194	0.261
1595598891.99420	229.833	0.051	4.697	326.435	0.254
1595598892.03454	229.814	0.051	4.687	326.355	0.258
1595598892.03523	229.829	0.051	4.696	326.194	0.262
1595598892.07356	229.818	0.051	4.704	326.113	0.257
1595598892.07924	229.769	0.051	4.688	326.194	0.265
1595598892.11713	229.824	0.052	4.698	326.113	0.262
1595598892.11816	229.833	0.052	4.721	326.274	0.268
1595598892.15558	229.810	0.051	4.707	326.274	0.265
1595598892.15719	229.843	0.051	4.754	326.113	0.257
1595598892.19555	229.844	0.051	4.720	326.274	0.257
1595598892.19721	229.835	0.052	4.717	326.194	0.266
1595598892.23414	229.858	0.052	4.719	326.274	0.264
1595598892.24155	229.821	0.052	4.704	326.274	0.264
1595598892.27914	229.768	0.051	4.692	326.194	0.255
1595598892.28101	229.833	0.052	4.746	326.194	0.263
1595598892.29201	229.820	0.051	4.691	326.274	0.261
1595598892.32901	229.817	0.051	4.700	326.435	0.261
1595598892.34102	229.761	0.052	4.702	326.194	0.262
1595598892.35201	229.745	0.052	4.711	326.113	0.265
1595598892.38902	229.765	0.052	4.714	326.194	0.269
1595598892.40101	229.765	0.052	4.728	326.194	0.264
1595598892.41306	229.764	0.052	4.732	326.194	0.262
1595598892.45557	229.741	0.052	4.692	326.355	0.263
1595598892.46220	229.758	0.052	4.740	326.274	0.263
1595598892.47222	229.863	0.052	4.748	326.274	0.265
1595598892.51156	229.903	0.052	4.722	326.435	0.268
1595598892.51322	229.894	0.052	4.720	326.435	0.265
1595598892.55057	229.833	0.052	4.718	326.355	0.263
1595598892.57059	229.865	0.051	4.696	326.355	0.258
1595598892.57924	229.848	0.052	4.720	326.274	0.262
1595598892.61921	229.858	0.051	4.721	326.355	0.259
1595598892.62120	229.881	0.052	4.750	326.435	0.262
1595598892.63425	229.827	0.051	4.637	326.435	0.258
1595598892.67456	229.862	0.052	4.728	326.274	0.262
1595598892.67525	229.832	0.051	4.694	326.355	0.264
1595598892.71315	229.830	0.052	4.721	326.274	0.261
1595598892.71418	229.826	0.051	4.712	326.355	0.255
1595598892.75260	229.798	0.051	4.702	326.355	0.254
1595598892.79356	229.854	0.051	4.716	326.274	0.261
1595598892.79422	229.846	0.052	4.710	326.274	0.263
1595598892.83418	229.820	0.051	4.685	326.194	0.259
1595598892.83540	229.838	0.051	4.750	326.194	0.258
1595598892.85257	229.812	0.051	4.731	326.113	0.255
1595598892.89057	229.828	0.052	4.727	326.194	0.266
1595598892.89223	229.753	0.052	4.695	326.274	0.263
1595598892.93157	229.802	0.052	4.738	326.274	0.271
1595598892.94023	229.811	0.052	4.741	326.355	0.264
1595598892.95317	229.819	0.052	4.728	326.274	0.262
1595598892.99155	229.819	0.052	4.711	326.194	0.259
1595598892.99823	229.735	0.051	4.690	326.194	0.257
1595598893.03523	229.759	0.052	4.703	326.113	0.261
1595598893.03722	229.787	0.052	4.719	326.113	0.261
1595598893.07437	229.725	0.052	4.726	326.033	0.262
1595598893.07625	229.651	0.052	4.705	326.194	0.264
1595598893.11420	229.689	0.052	4.745	325.952	0.263
1595598893.11520	229.703	0.051	4.720	326.113	0.259
1595598893.15418	229.688	0.051	4.716	326.113	0.257
1595598893.15537	229.695	0.051	4.745	326.274	0.261
1595598893.19359	229.657	0.051	4.684	326.033	0.262
1595598893.19423	229.689	0.052	4.702	326.033	0.270
1595598893.23219	229.666	0.052	4.685	326.033	0.260
1595598893.24360	229.701	0.052	4.697	326.033	0.262
1595598893.25225	229.665	0.051	4.691	326.033	0.259
1595598893.28960	229.707	0.051	4.713	326.033	0.261
1595598893.30063	229.693	0.051	4.680	325.952	0.253
1595598893.31461	229.678	0.052	4.708	325.872	0.263
1595598893.35259	229.667	0.051	4.747	325.872	0.264
1595598893.36423	229.639	0.052	4.738	325.952	0.262
1595598893.40224	229.694	0.052	4.744	325.952	0.261
1595598893.40522	229.721	0.052	4.779	326.274	0.259
1595598893.41530	229.659	0.051	4.705	326.033	0.261
1595598893.45362	229.615	0.051	4.684	325.952	0.262
1595598893.49538	229.646	0.052	4.656	326.033	0.268
1595598893.49718	229.631	0.051	4.700	325.872	0.269
1595598893.53462	229.634	0.052	4.685	325.872	0.261
1595598893.53528	229.582	0.051	4.686	325.872	0.254
1595598893.57460	229.631	0.052	4.763	325.872	0.262
1595598893.61361	229.644	0.052	4.742	325.952	0.259
1595598893.61425	229.635	0.051	4.671	326.033	0.260
1595598893.62022	229.634	0.052	4.728	325.952	0.269
1595598893.65835	229.579	0.052	4.690	325.872	0.262
1595598893.65921	229.622	0.052	4.745	326.033	0.265
1595598893.67031	229.609	0.052	4.722	326.033	0.264
1595598893.70864	229.605	0.052	4.716	325.872	0.258
1595598893.73176	229.594	0.052	4.687	325.872	0.265
1595598893.76963	229.600	0.052	4.702	326.033	0.269
1595598893.80669	229.689	0.052	4.740	325.952	0.272
1595598893.80960	229.655	0.052	4.699	326.113	0.262
1595598893.81025	229.674	0.051	4.710	325.952	0.254
1595598893.84823	229.702	0.051	4.743	326.033	0.258
1595598893.84931	229.719	0.051	4.716	326.033	0.257
1595598893.88861	229.725	0.052	4.735	326.113	0.263
1595598893.90624	229.668	0.052	4.746	325.952	0.263
1595598893.91409	229.742	0.052	4.742	325.952	0.261
1595598893.95133	229.713	0.051	4.746	326.113	0.257
1595598893.95325	229.750	0.052	4.735	326.033	0.259
1595598893.99063	229.719	0.051	4.693	326.033	0.258
1595598894.02926	229.701	0.051	4.707	325.952	0.258
1595598894.03026	229.728	0.052	4.704	326.113	0.264
1595598894.04126	229.727	0.052	4.737	326.033	0.271
1595598894.07962	229.736	0.052	4.753	326.194	0.266
1595598894.08024	229.718	0.052	4.670	326.113	0.263
1595598894.10121	229.752	0.052	4.749	326.194	0.255
1595598894.11124	229.764	0.051	4.713	326.113	0.258
1595598894.14931	229.769	0.051	4.682	326.194	0.263
1595598894.16129	229.739	0.052	4.763	326.274	0.268
1595598894.17129	229.719	0.051	4.672	326.033	0.262
1595598894.21064	229.755	0.052	4.737	326.113	0.268
1595598894.21131	229.768	0.052	4.739	326.194	0.263
1595598894.23362	229.778	0.052	4.725	326.274	0.259
1595598894.27926	229.705	0.051	4.720	326.194	0.255
1595598894.29130	229.692	0.051	4.696	326.113	0.261
1595598894.32963	229.731	0.052	4.731	326.113	0.260
1595598894.33028	229.740	0.051	4.677	326.033	0.261
1595598894.36924	229.683	0.052	4.731	325.952	0.261
1595598894.38436	229.708	0.052	4.752	326.033	0.263
1595598894.39322	229.723	0.052	4.746	325.952	0.265
1595598894.43162	229.718	0.051	4.713	326.113	0.259
1595598894.43328	229.679	0.051	4.660	326.194	0.265
1595598894.47067	229.688	0.052	4.738	325.952	0.259
1595598894.50966	229.723	0.051	4.696	325.952	0.259
1595598894.51028	229.719	0.051	4.724	325.952	0.259
1595598894.52065	229.682	0.051	4.712	325.952	0.254
1595598894.55830	229.676	0.051	4.721	325.872	0.258
1595598894.55923	229.694	0.051	4.695	325.952	0.260
1595598894.58065	229.689	0.052	4.752	325.952	0.262
1595598894.59131	229.654	0.052	4.688	326.033	0.265
1595598894.62968	229.653	0.052	4.733	326.033	0.262
1595598894.64027	229.671	0.052	4.731	326.033	0.258
1595598894.65036	229.693	0.051	4.708	325.952	0.254
1595598894.70066	229.682	0.052	4.718	326.033	0.263
1595598894.71164	229.628	0.051	4.712	325.952	0.262
1595598894.75064	229.614	0.052	4.746	325.872	0.263
1595598894.75829	229.622	0.052	4.775	325.952	0.263
1595598894.79627	229.605	0.052	4.717	325.872	0.262
1595598894.79965	229.559	0.052	4.730	325.791	0.261
1595598894.81030	229.612	0.052	4.722	325.952	0.258
1595598894.84868	229.630	0.051	4.688	325.872	0.257
1595598894.85029	229.650	0.052	4.737	325.952	0.266
1595598894.87129	229.577	0.052	4.704	325.952	0.264
1595598894.91042	229.615	0.052	4.723	326.033	0.269
1595598894.91122	229.644	0.052	4.745	325.952	0.257
1595598894.94935	229.653	0.052	4.724	325.952	0.258
1595598894.95022	229.592	0.052	4.721	325.952	0.259
1595598894.98866	229.673	0.052	4.733	325.872	0.260
1595598894.99966	229.667	0.051	4.716	326.033	0.259
1595598895.03965	229.722	0.052	4.715	326.033	0.269
1595598895.04030	229.722	0.052	4.741	325.952	0.262
1595598895.05327	229.703	0.052	4.701	326.113	0.258
1595598895.07026	229.705	0.052	4.733	326.113	0.262
1595598895.12070	229.700	0.051	4.690	326.113	0.255
1595598895.12133	229.720	0.051	4.702	325.952	0.258
1595598895.13366	229.667	0.051	4.675	325.952	0.259
1595598895.17130	229.722	0.052	4.712	325.872	0.263
1595598895.17828	229.705	0.051	4.705	325.952	0.263
1595598895.21530	229.667	0.051	4.710	325.952	0.257
1595598895.22668	229.648	0.052	4.748	326.113	0.260
1595598895.23632	229.571	0.051	4.706	325.791	0.261
1595598895.27426	229.612	0.051	4.724	326.033	0.257
1595598895.27666	229.621	0.051	4.716	325.791	0.259
1595598895.31468	229.576	0.051	4.663	325.872	0.257
1595598895.32669	229.547	0.052	4.676	325.872	0.263
1595598895.33933	229.611	0.052	4.735	325.791	0.259
1595598895.37667	229.589	0.051	4.709	325.791	0.259
1595598895.38530	229.587	0.052	4.680	325.872	0.259
1595598895.42369	229.523	0.052	4.708	325.952	0.265
1595598895.42432	229.532	0.052	4.740	325.711	0.262
1595598895.46229	229.573	0.052	4.742	325.872	0.266
1595598895.46438	229.601	0.052	4.718	325.872	0.263
1595598895.50348	229.602	0.052	4.702	325.872	0.257
1595598895.50526	229.621	0.051	4.694	325.791	0.257
1595598895.54369	229.574	0.052	4.712	325.791	0.263
1595598895.55135	229.622	0.052	4.773	325.872	0.261
1595598895.56129	229.575	0.051	4.713	325.791	0.262
1595598895.59928	229.561	0.052	4.715	325.952	0.266
1595598895.60019	229.534	0.051	4.703	325.791	0.260
1595598895.61049	229.532	0.052	4.740	325.791	0.257
1595598895.64969	229.518	0.051	4.734	325.791	0.258
1595598895.65931	229.508	0.051	4.684	325.791	0.261
1595598895.67033	229.483	0.051	4.713	325.711	0.261
1595598895.70834	229.425	0.051	4.688	325.550	0.264
1595598895.71432	229.481	0.052	4.737	325.550	0.263
1595598895.75168	229.525	0.052	4.726	325.711	0.270
1595598895.76632	229.508	0.051	4.716	325.630	0.260
1595598895.77536	229.537	0.052	4.770	325.711	0.254
1595598895.81427	229.472	0.051	4.705	325.872	0.259
1595598895.81631	229.527	0.052	4.703	325.711	0.259
1595598895.85472	229.549	0.051	4.729	325.791	0.259
1595598895.88169	229.525	0.051	4.692	325.630	0.262
1595598895.89634	229.491	0.051	4.694	325.630	0.260
1595598895.93571	229.514	0.051	4.696	325.550	0.252
1595598895.93634	229.529	0.052	4.720	325.711	0.260
1595598895.94931	229.535	0.051	4.679	325.711	0.262
1595598895.98630	229.510	0.052	4.752	325.791	0.271
1595598895.98968	229.535	0.052	4.708	325.711	0.270
1595598896.02633	229.562	0.052	4.744	325.791	0.262
1595598896.03631	229.585	0.052	4.733	325.711	0.257
1595598896.07473	229.548	0.051	4.732	325.791	0.261
1595598896.07970	229.513	0.051	4.706	325.872	0.262
1595598896.11636	229.538	0.052	4.746	325.711	0.263
1595598896.12469	229.571	0.051	4.696	325.630	0.259
1595598896.13137	229.611	0.052	4.754	325.791	0.264
1595598896.16932	229.618	0.052	4.699	325.711	0.268
1595598896.18040	229.578	0.051	4.696	325.791	0.253
1595598896.19029	229.622	0.052	4.742	325.791	0.259
1595598896.22870	229.651	0.052	4.740	325.952	0.263
1595598896.27069	229.683	0.051	4.747	325.711	0.258
1595598896.27135	229.686	0.051	4.696	325.711	0.258
1595598896.28131	229.651	0.052	4.743	325.791	0.258
1595598896.32049	229.719	0.051	4.714	325.711	0.255
1595598896.32129	229.723	0.051	4.733	325.791	0.255
1595598896.34071	229.738	0.051	4.684	325.791	0.252
1595598896.35036	229.677	0.052	4.718	325.872	0.262
1595598896.39633	229.703	0.052	4.697	325.952	0.273
1595598896.39837	229.681	0.052	4.739	325.872	0.264
1595598896.40935	229.715	0.052	4.748	325.952	0.260
1595598896.44871	229.690	0.051	4.680	325.952	0.255
1595598896.45936	229.677	0.052	4.715	326.113	0.258
1595598896.47071	229.744	0.051	4.773	325.872	0.253
1595598896.50970	229.750	0.052	4.727	325.791	0.265
1595598896.51035	229.741	0.052	4.681	325.872	0.270
1595598896.55071	229.756	0.052	4.725	325.872	0.269
1595598896.56035	229.693	0.052	4.717	325.872	0.259
1595598896.57036	229.715	0.052	4.702	325.952	0.259
1595598896.61030	229.686	0.052	4.725	325.791	0.261
1595598896.62074	229.734	0.052	4.755	326.033	0.260
1595598896.65873	229.703	0.052	4.689	325.872	0.264
1595598896.65937	229.686	0.052	4.716	326.113	0.269
1595598896.66932	229.738	0.052	4.710	325.952	0.271
1595598896.70674	229.746	0.052	4.707	325.872	0.265
1595598896.72071	229.751	0.052	4.756	326.033	0.260
1595598896.73037	229.706	0.051	4.704	325.952	0.260
1595598896.76971	229.729	0.051	4.715	325.872	0.259
1595598896.77935	229.732	0.052	4.752	325.952	0.265
1595598896.79441	229.745	0.052	4.746	325.952	0.270
1595598896.83338	229.753	0.051	4.718	325.952	0.261
1595598896.83838	229.689	0.051	4.682	325.872	0.261
1595598896.84939	229.700	0.051	4.738	325.872	0.259
1595598896.88772	229.739	0.051	4.714	325.791	0.261
1595598896.88939	229.733	0.051	4.714	325.952	0.260
1595598896.93573	229.732	0.051	4.731	325.791	0.259
1595598896.93835	229.760	0.052	4.708	325.791	0.262
1595598896.95045	229.768	0.052	4.754	325.872	0.264
1595598896.99472	229.747	0.051	4.740	325.711	0.257
1595598896.99638	229.751	0.051	4.716	325.872	0.255
1595598897.00834	229.712	0.051	4.713	325.872	0.260
1595598897.05270	229.739	0.052	4.744	325.872	0.261
1595598897.09174	229.746	0.052	4.759	325.791	0.271
1595598897.09338	229.710	0.052	4.733	325.791	0.269
1595598897.13035	229.734	0.052	4.738	326.033	0.264
1595598897.13135	229.772	0.051	4.705	325.791	0.259
1595598897.16975	229.755	0.051	4.722	325.952	0.262
1595598897.17339	229.762	0.052	4.717	325.872	0.262
