# timestamp	V	A	W	V	A
1595599282.49582	1629.284	0.025	377421.151	325.550	0.008
1595599282.51678	230.516	0.003	0.003	325.389	0.007
1595599282.52949	230.463	0.003	377421.576	325.469	0.007
1595599282.56781	230.539	0.003	377421.568	325.389	0.008
1595599282.57046	230.564	0.003	377421.586	325.550	0.007
1595599282.60882	230.552	0.003	377421.588	325.550	0.007
1595599282.60945	230.585	0.003	377421.576	325.550	0.007
1595599282.62581	230.535	0.003	377421.576	325.630	0.007
1595599282.66489	230.624	0.003	0.003	325.630	0.008
1595599282.66546	230.580	0.004	377421.590	325.550	0.008
1595599282.68835	230.597	0.003	0.017	325.550	0.008
1595599282.73038	230.551	0.003	377421.577	325.550	0.007
1595599282.77088	230.528	0.004	377421.575	325.469	0.008
1595599282.77142	230.531	0.003	0.008	325.389	0.007
1595599282.81382	230.592	0.003	377421.581	325.550	0.007
1595599282.81445	230.564	0.004	0.011	325.389	0.008
1595599282.83584	230.602	0.003	377421.590	325.550	0.008
1595599282.85882	230.591	0.004	377421.593	325.469	0.007
1595599282.89784	230.609	0.003	377421.574	325.630	0.008
1595599282.90682	230.615	0.003	377421.571	325.550	0.007
1595599282.94786	230.584	0.003	0.021	325.389	0.007
1595599282.94948	230.616	0.003	377421.569	325.630	0.008
1595599282.98983	230.572	0.004	377421.586	325.630	0.008
1595599282.99847	230.484	0.003	377421.576	325.389	0.008
1595599283.00853	230.540	0.003	377421.592	325.469	0.008
1595599283.04681	230.478	0.004	377421.585	325.550	0.007
1595599283.05845	230.505	0.003	377421.579	325.308	0.007
1595599283.06654	230.469	0.003	377421.586	325.308	0.008
1595599283.10582	230.442	0.003	377421.591	325.308	0.007
1595599283.11848	230.537	0.003	377421.591	325.469	0.007
1595599283.15584	230.478	0.003	377421.572	325.389	0.008
1595599283.15648	230.513	0.003	0.004	325.308	0.008
1595599283.16655	230.479	0.003	0.001	325.550	0.007
1595599283.20783	230.522	0.003	377421.582	325.469	0.008
1595599283.21646	230.448	0.003	377421.578	325.308	0.007
1595599283.22852	230.439	0.003	377421.583	325.389	0.007
1595599283.26957	230.515	0.003	377421.589	325.550	0.007
1595599283.27048	230.443	0.003	377421.573	325.469	0.007
1595599283.30885	230.469	0.004	377421.593	325.308	0.007
1595599283.32584	230.477	0.003	377421.559	325.147	0.007
1595599283.36489	230.446	0.003	0.000	325.308	0.007
1595599283.37684	230.439	0.003	0.002	325.308	0.007
1595599283.38648	230.482	0.003	0.013	325.147	0.008
1595599283.42684	230.444	0.003	0.006	325.308	0.007
1595599283.42849	230.442	0.003	377421.570	325.147	0.008
1595599283.46543	230.414	0.003	377421.576	325.228	0.008
1595599283.47582	230.454	0.003	0.002	325.147	0.008
1595599283.51584	230.419	0.003	377421.579	325.308	0.007
1595599283.51745	230.321	0.003	0.018	325.147	0.008
1595599283.52645	230.377	0.003	377421.555	325.308	0.007
1595599283.56459	230.339	0.003	377421.553	325.308	0.008
1595599283.57586	230.365	0.003	0.001	325.308	0.007
1595599283.58586	230.311	0.003	0.003	325.147	0.008
1595599283.62386	230.316	0.003	377421.567	325.228	0.008
1595599283.63548	230.341	0.003	377421.580	325.147	0.007
1595599283.64553	230.379	0.003	377421.591	325.308	0.008
1595599283.68387	230.409	0.003	377421.579	325.228	0.008
1595599283.69887	230.342	0.003	377421.577	324.986	0.008
1595599283.70651	230.379	0.003	377421.580	325.147	0.008
1595599283.74547	230.339	0.003	0.012	325.067	0.007
1595599283.74659	230.335	0.003	377421.579	324.986	0.008
1595599283.78587	230.401	0.003	377421.580	324.986	0.008
1595599283.79885	230.378	0.003	377421.587	325.147	0.008
1595599283.80951	230.401	0.003	377421.593	325.067	0.007
1595599283.84889	230.359	0.003	377421.585	325.147	0.008
1595599283.86686	230.362	0.003	377421.581	325.228	0.007
1595599283.90686	230.368	0.003	0.015	325.147	0.007
1595599283.90851	230.427	0.003	0.004	325.147	0.007
1595599283.94688	230.373	0.003	0.007	325.308	0.008
1595599283.95850	230.407	0.003	377421.574	325.389	0.007
1595599283.99889	230.389	0.003	377421.589	325.228	0.007
1595599284.03988	230.432	0.003	377421.593	325.308	0.008
1595599284.04352	230.364	0.003	377421.576	325.308	0.008
1595599284.09588	230.354	0.003	0.001	325.389	0.008
1595599284.09951	230.388	0.003	377421.566	325.228	0.008
1595599284.10550	230.335	0.003	377421.593	325.228	0.008
1595599284.14443	230.360	0.003	377421.582	325.308	0.008
1595599284.18988	230.390	0.003	377421.567	325.228	0.008
1595599284.19052	230.394	0.003	0.005	325.228	0.007
1595599284.23089	230.358	0.003	0.004	325.228	0.007
1595599284.23153	230.344	0.003	377421.581	325.389	0.008
1595599284.24887	230.350	0.003	377421.576	325.228	0.007
1595599284.28686	230.339	0.003	377421.586	325.147	0.007
1595599284.28852	230.398	0.003	377421.579	325.147	0.007
1595599284.31486	230.349	0.003	0.004	325.067	0.007
1595599284.35152	230.391	0.003	377421.575	324.986	0.008
1595599284.35352	230.362	0.003	377421.591	325.147	0.008
1595599284.37587	230.348	0.003	0.007	324.986	0.008
1595599284.38552	230.349	0.003	377421.570	324.986	0.007
1595599284.42389	230.297	0.003	377421.559	325.067	0.008
1595599284.44688	230.282	0.003	377421.588	325.067	0.007
1595599284.48791	230.325	0.003	377421.590	325.067	0.008
1595599284.49654	230.293	0.003	377421.583	325.147	0.007
1595599284.50845	230.343	0.003	377421.592	325.228	0.008
1595599284.55287	230.307	0.003	0.010	325.147	0.007
1595599284.56554	230.291	0.003	0.010	325.147	0.007
1595599284.60488	230.295	0.003	377421.574	325.228	0.007
1595599284.60653	230.326	0.003	0.007	325.389	0.008
1595599284.64588	230.255	0.003	377421.584	325.469	0.007
1595599284.65951	230.355	0.004	0.001	325.147	0.008
1595599284.66863	230.372	0.003	377421.584	325.147	0.007
1595599284.72086	230.406	0.003	377421.574	325.147	0.007
1595599284.72154	230.366	0.003	377421.559	325.308	0.008
1595599284.72349	230.375	0.003	377421.589	325.228	0.007
1595599284.76188	230.346	0.003	377421.592	325.067	0.007
1595599284.79955	230.350	0.003	0.016	325.147	0.007
1595599284.80046	230.320	0.003	377421.581	325.228	0.007
1595599284.85068	230.327	0.003	377421.573	324.986	0.007
1595599284.85257	230.336	0.003	377421.591	325.147	0.007
1595599284.86551	230.355	0.003	0.000	325.228	0.008
1595599284.90550	230.345	0.003	377421.573	325.228	0.008
1595599284.91563	230.394	0.003	377421.580	325.228	0.007
1595599284.92891	230.392	0.003	377421.575	325.228	0.008
1595599284.96691	230.426	0.003	377421.592	325.228	0.008
1595599284.97653	230.411	0.003	377421.574	325.389	0.008
1595599284.98659	230.477	0.003	377421.566	325.308	0.008
1595599285.02492	230.426	0.003	0.008	325.469	0.007
1595599285.02555	230.494	0.003	377421.585	325.308	0.007
1595599285.06352	230.432	0.003	377421.591	325.308	0.008
1595599285.10893	230.489	0.003	377421.579	325.389	0.007
1595599285.11055	230.449	0.003	0.010	325.469	0.009
1595599285.11493	230.465	0.003	377421.588	325.308	0.007
1595599285.12692	230.503	0.003	377421.591	325.308	0.007
1595599285.16591	230.456	0.003	377421.583	325.389	0.008
1595599285.17653	230.500	0.003	377421.584	325.308	0.007
1595599285.18663	230.438	0.003	0.002	325.308	0.007
1595599285.22487	230.518	0.003	377421.564	325.147	0.008
1595599285.23553	230.458	0.003	377421.575	325.389	0.007
1595599285.24561	230.550	0.003	0.000	325.228	0.008
1595599285.28486	230.479	0.003	377421.583	325.308	0.008
1595599285.29554	230.537	0.003	0.005	325.389	0.007
1595599285.30555	230.486	0.003	377421.591	325.469	0.007
1595599285.34394	230.515	0.003	377421.577	325.469	0.007
1595599285.35457	230.479	0.003	0.003	325.469	0.008
1595599285.39154	230.513	0.004	377421.586	325.308	0.008
1595599285.40259	230.506	0.003	0.010	325.389	0.008
1595599285.41952	230.462	0.004	377421.591	325.308	0.008
1595599285.43692	230.552	0.003	377421.571	325.228	0.008
1595599285.47458	230.491	0.003	377421.571	325.389	0.008
1595599285.47555	230.525	0.003	0.002	325.389	0.008
1595599285.48554	230.513	0.003	377421.586	325.630	0.008
1595599285.52397	230.578	0.004	377421.569	325.550	0.007
1595599285.56197	230.532	0.003	0.009	325.550	0.008
1595599285.57295	230.481	0.003	0.005	325.711	0.007
1595599285.59591	230.480	0.003	377421.572	325.469	0.008
1595599285.60591	230.501	0.003	0.011	325.389	0.007
1595599285.64393	230.411	0.003	377421.592	325.469	0.008
1595599285.66593	230.371	0.003	377421.576	325.550	0.008
1595599285.70396	230.449	0.003	377421.590	325.308	0.008
1595599285.72693	230.459	0.004	377421.588	325.389	0.007
1595599285.76461	230.409	0.003	0.006	325.228	0.007
1595599285.81196	230.430	0.003	377421.587	325.228	0.007
1595599285.81358	230.443	0.003	377421.570	325.228	0.007
1595599285.82293	230.394	0.003	0.004	325.228	0.007
1595599285.86096	230.441	0.003	377421.584	325.228	0.007
1595599285.86158	230.401	0.003	377421.589	325.308	0.008
1595599285.90094	230.473	0.003	377421.585	325.389	0.008
1595599285.90158	230.452	0.003	377421.589	325.389	0.007
1595599285.91555	230.470	0.003	377421.591	325.308	0.008
1595599285.92669	230.504	0.004	0.014	325.228	0.008
1595599285.96497	230.453	0.003	0.007	325.389	0.007
1595599285.98700	230.421	0.003	377421.579	325.389	0.008
1595599286.02872	230.463	0.003	377421.583	325.389	0.008
1595599286.03594	230.415	0.004	377421.570	325.469	0.008
1595599286.05694	230.429	0.003	377421.566	325.389	0.007
1595599286.10696	230.439	0.003	377421.580	325.550	0.008
1595599286.10859	230.432	0.003	0.000	325.389	0.008
1595599286.10954	230.451	0.003	377421.569	325.389	0.008
1595599286.14694	230.451	0.003	377421.582	325.389	0.008
1595599286.14860	230.512	0.003	377421.566	325.550	0.009
1595599286.18557	230.474	0.003	377421.568	325.550	0.008
1595599286.19896	230.553	0.003	0.007	325.469	0.007
1595599286.23661	230.528	0.003	377421.579	325.711	0.008
1595599286.24096	230.549	0.003	377421.581	325.630	0.008
1595599286.25159	230.571	0.003	0.002	325.469	0.008
1595599286.28995	230.516	0.003	377421.570	325.469	0.007
1595599286.29958	230.507	0.003	0.010	325.389	0.007
1595599286.33695	230.512	0.004	377421.573	325.469	0.007
1595599286.33758	230.544	0.003	0.002	325.469	0.008
1595599286.35661	230.461	0.003	377421.592	325.389	0.007
1595599286.36757	230.470	0.003	377421.578	325.550	0.007
1595599286.40696	230.525	0.003	0.007	325.389	0.008
1595599286.41661	230.434	0.003	377421.594	325.389	0.007
1595599286.42997	230.467	0.004	377421.579	325.228	0.008
1595599286.46698	230.448	0.003	377421.566	325.469	0.007
1595599286.46760	230.479	0.003	0.009	325.308	0.007
1595599286.50597	230.448	0.003	377421.560	325.389	0.007
1595599286.54695	230.439	0.003	0.003	325.469	0.008
1595599286.54759	230.512	0.003	0.001	325.469	0.007
1595599286.55698	230.439	0.003	377421.580	325.550	0.007
1595599286.59498	230.468	0.003	377421.574	325.389	0.007
1595599286.59561	230.439	0.003	377421.589	325.630	0.007
1595599286.60558	230.456	0.003	377421.578	325.550	0.007
1595599286.64570	230.407	0.004	377421.572	325.389	0.008
1595599286.64654	230.462	0.003	377421.577	325.389	0.007
1595599286.68491	230.396	0.004	377421.591	325.228	0.007
1595599286.69162	230.441	0.003	0.003	325.389	0.007
1595599286.72997	230.461	0.003	0.001	325.308	0.007
1595599286.73060	230.398	0.003	0.005	325.389	0.008
1595599286.76799	230.438	0.003	0.008	325.308	0.008
1595599286.81291	230.385	0.003	0.004	325.308	0.007
1595599286.81462	230.383	0.003	377421.579	325.228	0.007
1595599286.86298	230.408	0.003	377421.592	325.389	0.007
1595599286.86462	230.414	0.003	377421.566	325.308	0.007
1595599286.87598	230.399	0.003	377421.565	325.389	0.008
1595599286.91297	230.451	0.004	377421.587	325.228	0.008
1595599286.91462	230.407	0.003	0.009	325.308	0.008
1595599286.92558	230.489	0.003	377421.589	325.389	0.008
1595599286.96302	230.430	0.003	377421.584	325.228	0.008
1595599286.96463	230.447	0.003	377421.573	325.308	0.008
1595599287.00498	230.417	0.003	377421.583	325.469	0.008
1595599287.01564	230.451	0.003	0.000	325.308	0.007
1595599287.05255	230.384	0.003	0.000	325.389	0.007
1595599287.05458	230.424	0.004	0.014	325.228	0.007
1595599287.09163	230.466	0.003	0.006	325.469	0.008
1595599287.09761	230.392	0.003	377421.579	325.308	0.007
1595599287.10654	230.445	0.003	377421.584	325.308	0.008
1595599287.14456	230.403	0.003	377421.593	325.389	0.008
1595599287.16798	230.434	0.004	377421.585	325.389	0.008
1595599287.20600	230.365	0.003	377421.556	325.389	0.007
1595599287.20662	230.394	0.003	377421.592	325.389	0.007
1595599287.20758	230.385	0.003	377421.585	325.228	0.008
1595599287.24599	230.376	0.004	377421.582	325.228	0.008
1595599287.28599	230.312	0.003	377421.569	325.389	0.008
1595599287.28663	230.364	0.003	0.001	325.147	0.008
1595599287.32461	230.291	0.003	377421.577	325.308	0.007
1595599287.32553	230.360	0.003	377421.586	325.067	0.007
1595599287.36280	230.289	0.003	0.001	325.228	0.007
1595599287.37502	230.311	0.003	0.019	325.147	0.007
1595599287.41202	230.381	0.003	377421.585	325.147	0.007
1595599287.41598	230.306	0.003	0.003	325.228	0.007
1595599287.45299	230.372	0.004	0.012	325.147	0.008
1595599287.45966	230.327	0.003	0.007	325.067	0.008
1595599287.49683	230.431	0.003	377421.573	325.308	0.007
1595599287.49761	230.385	0.003	377421.589	325.389	0.008
1595599287.53801	230.419	0.003	377421.568	325.308	0.008
1595599287.53965	230.381	0.003	377421.568	325.389	0.008
1595599287.54960	230.413	0.003	0.002	325.228	0.007
1595599287.58701	230.449	0.003	0.010	325.389	0.007
1595599287.58764	230.437	0.003	377421.582	325.550	0.008
1595599287.62602	230.523	0.003	377421.590	325.469	0.008
1595599287.62665	230.489	0.003	0.001	325.630	0.007
1595599287.66502	230.515	0.003	377421.579	325.550	0.008
1595599287.70303	230.406	0.003	377421.561	325.389	0.007
1595599287.70467	230.488	0.003	377421.589	325.389	0.007
1595599287.70559	230.425	0.003	377421.577	325.469	0.008
1595599287.74301	230.416	0.003	377421.580	325.389	0.008
1595599287.75166	230.476	0.003	377421.593	325.469	0.007
1595599287.79000	230.321	0.003	0.009	325.308	0.007
1595599287.79071	230.372	0.003	0.002	325.228	0.008
1595599287.82805	230.347	0.003	377421.578	325.147	0.007
1595599287.83599	230.401	0.003	0.001	325.308	0.008
1595599287.84700	230.337	0.003	377421.579	325.308	0.008
1595599287.88491	230.411	0.003	377421.586	325.228	0.008
1595599287.92302	230.334	0.004	377421.586	325.308	0.008
1595599287.92467	230.344	0.003	377421.583	325.228	0.007
1595599287.93660	230.405	0.003	377421.561	325.389	0.008
1595599287.94763	230.354	0.003	0.019	325.308	0.008
1595599287.98602	230.399	0.003	377421.573	325.469	0.008
1595599287.99692	230.326	0.003	0.007	325.389	0.008
1595599288.00801	230.367	0.003	377421.583	325.308	0.007
1595599288.04606	230.333	0.003	0.009	325.469	0.007
1595599288.06602	230.285	0.003	377421.585	325.308	0.007
1595599288.10304	230.338	0.003	377421.573	325.067	0.009
1595599288.11564	230.317	0.003	0.028	325.308	0.008
1595599288.13773	230.328	0.003	377421.593	325.228	0.007
1595599288.17761	230.339	0.003	0.017	325.389	0.007
1595599288.19001	230.357	0.003	377421.592	325.147	0.007
1595599288.22705	230.285	0.003	377421.587	325.147	0.008
1595599288.22768	230.342	0.004	0.018	325.147	0.008
1595599288.26566	230.287	0.003	377421.578	325.228	0.008
1595599288.30403	230.363	0.003	377421.574	325.147	0.008
1595599288.30567	230.271	0.003	0.010	325.067	0.007
1595599288.31664	230.316	0.003	377421.584	325.147	0.007
1595599288.35801	230.276	0.003	0.014	325.147	0.008
1595599288.35967	230.341	0.003	377421.581	325.228	0.008
1595599288.36664	230.314	0.003	0.002	325.228	0.008
1595599288.40487	230.306	0.003	0.004	325.228	0.008
1595599288.40568	230.271	0.003	377421.588	325.308	0.008
1595599288.44266	230.247	0.004	377421.584	325.067	0.007
1595599288.48204	230.198	0.003	377421.571	325.147	0.008
1595599288.48267	230.214	0.003	0.001	325.147	0.008
1595599288.48467	230.269	0.003	377421.567	325.228	0.008
1595599288.52607	230.156	0.003	377421.584	325.228	0.007
1595599288.54703	230.165	0.003	377421.570	325.228	0.007
1595599288.58501	230.243	0.003	0.009	325.228	0.008
1595599288.58569	230.177	0.004	377421.571	325.228	0.008
1595599288.62281	230.192	0.003	377421.592	325.147	0.007
1595599288.63975	230.187	0.003	377421.582	325.308	0.007
1595599288.65664	230.232	0.003	377421.585	325.147	0.007
1595599288.66703	230.202	0.003	377421.548	325.147	0.007
1595599288.70494	230.223	0.003	0.014	325.228	0.009
1595599288.70669	230.234	0.003	377421.577	325.147	0.008
1595599288.74487	230.248	0.003	377421.570	325.067	0.007
1595599288.75506	230.326	0.004	377421.559	325.067	0.008
1595599288.79205	230.331	0.003	0.000	325.147	0.007
1595599288.83206	230.367	0.003	377421.589	325.228	0.008
1595599288.83271	230.385	0.003	377421.586	325.389	0.008
1595599288.88307	230.194	0.756	67.797	325.228	2.418
1595599288.88470	230.357	0.137	4.750	325.228	0.367
1595599288.88564	230.323	0.078	1.727	325.147	0.150
1595599288.92563	230.378	0.047	1.047	325.308	0.091
1595599288.93286	230.386	0.029	0.727	325.469	0.066
1595599288.95589	230.403	0.018	0.498	325.550	0.046
1595599288.98006	230.421	0.011	0.378	325.308	0.034
1595599289.01687	230.400	0.008	0.295	325.308	0.034
1595599289.01769	230.417	0.006	0.213	325.389	0.023
1595599289.02768	230.357	0.005	0.241	325.469	0.020
1595599289.06577	230.430	0.004	0.138	325.469	0.016
1595599289.07466	230.259	0.004	0.103	325.550	0.017
1595599289.11206	230.166	0.004	0.038	325.067	0.010
1595599289.11467	230.136	0.004	0.070	325.228	0.011
1595599289.12606	230.167	0.004	0.120	324.986	0.014
1595599289.16494	230.150	0.004	0.068	324.986	0.011
1595599289.18707	230.170	0.004	0.103	325.147	0.015
1595599289.22491	230.128	0.004	0.077	325.067	0.012
1595599289.22571	230.176	0.004	0.091	324.986	0.011
1595599289.26309	230.158	0.004	0.055	324.986	0.010
1595599289.28270	230.203	0.003	0.068	325.067	0.011
1595599289.29807	230.159	0.028	1.863	324.986	0.194
1595599289.30671	230.179	0.011	0.866	324.986	0.057
1595599289.34608	230.122	0.010	0.859	324.986	0.055
1595599289.34672	230.157	0.011	0.910	324.986	0.054
1595599289.38470	230.126	0.010	0.845	324.986	0.051
1595599289.38577	230.065	0.011	0.835	324.906	0.057
1595599289.42311	230.092	0.011	0.909	324.906	0.059
1595599289.46507	230.107	0.011	0.959	325.147	0.060
1595599289.46669	230.168	0.010	0.854	325.308	0.058
1595599289.46781	230.120	0.010	0.846	324.986	0.057
1595599289.50708	230.185	0.010	0.838	324.986	0.055
1595599289.52007	230.086	0.009	0.753	325.228	0.048
1595599289.55710	230.139	0.009	0.712	325.067	0.049
1595599289.55774	230.127	0.011	0.894	325.067	0.058
1595599289.56971	230.064	0.010	0.799	324.986	0.055
1595599289.60809	230.125	0.010	0.827	324.986	0.049
1595599289.60969	230.099	0.010	0.794	324.986	0.051
1595599289.64712	230.122	0.011	0.887	325.067	0.058
1595599289.64774	230.085	0.010	0.820	325.067	0.050
1595599289.68568	230.114	0.010	0.830	324.906	0.051
1595599289.68670	230.079	0.010	0.859	324.986	0.058
1595599289.72608	230.121	0.010	0.814	325.067	0.052
1595599289.72672	230.087	0.010	0.836	324.906	0.050
1595599289.76610	230.158	0.011	0.929	324.986	0.056
1595599289.76773	230.107	0.011	0.936	325.147	0.059
1595599289.80609	230.096	0.011	0.918	324.906	0.058
1595599289.85210	230.143	0.011	0.899	325.147	0.056
1595599289.85273	230.070	0.011	0.884	325.147	0.055
1595599289.85568	230.095	0.011	0.907	325.067	0.066
1595599289.89511	230.090	0.010	0.825	325.228	0.055
1595599289.89576	230.122	0.010	0.813	324.986	0.049
1595599289.91691	230.093	0.011	0.948	325.147	0.058
1595599289.92608	230.148	0.012	0.969	325.228	0.059
1595599289.96310	230.119	0.011	0.934	325.228	0.062
1595599289.97572	230.133	0.012	0.992	325.147	0.062
1595599289.98679	230.203	0.012	1.029	325.067	0.062
1595599290.02710	230.109	0.012	0.954	325.067	0.063
1595599290.02772	230.169	0.012	0.999	325.067	0.061
1595599290.06612	230.148	0.011	0.913	325.147	0.058
1595599290.08811	230.138	0.012	0.978	324.906	0.057
1595599290.12611	230.176	0.011	0.951	324.906	0.059
1595599290.14711	230.152	0.012	0.965	325.067	0.061
1595599290.18476	230.127	0.012	0.935	324.906	0.060
1595599290.18574	230.111	0.012	0.970	325.067	0.064
1595599290.22274	230.146	0.011	0.958	325.067	0.055
1595599290.26713	230.126	0.011	0.955	325.067	0.057
1595599290.26973	230.182	0.012	0.952	325.067	0.063
1595599290.27080	230.126	0.012	0.992	325.147	0.060
1595599290.31512	230.128	0.012	0.981	325.067	0.062
1595599290.32777	230.135	0.012	0.987	324.906	0.064
1595599290.36817	230.093	0.012	0.952	324.906	0.061
1595599290.36974	230.111	0.012	1.004	325.067	0.059
1595599290.40113	230.167	0.012	1.021	325.067	0.062
1595599290.44211	230.126	0.011	0.885	325.147	0.063
1595599290.44275	230.204	0.011	0.860	325.228	0.054
1595599290.44472	230.114	0.010	0.822	325.389	0.050
1595599290.49511	230.161	0.010	0.849	325.147	0.052
1595599290.49576	230.130	0.010	0.808	325.067	0.052
1595599290.51811	230.136	0.011	0.886	325.389	0.052
1595599290.56516	230.089	0.011	0.899	325.228	0.062
1595599290.57715	230.069	0.012	0.970	324.906	0.060
1595599290.58678	230.087	0.012	1.012	325.067	0.066
1595599290.63363	230.037	0.012	1.003	324.986	0.062
1595599290.67214	230.103	0.012	1.006	324.906	0.063
1595599290.68775	230.063	0.012	1.014	324.906	0.060
1595599290.68977	230.087	0.012	0.991	324.906	0.062
1595599290.72778	230.061	0.012	0.991	324.986	0.061
1595599290.74675	230.082	0.012	1.001	324.906	0.064
1595599290.75515	230.099	0.012	0.987	324.986	0.062
1595599290.80515	230.063	0.012	0.974	324.986	0.061
1595599290.80678	230.092	0.012	1.013	324.986	0.066
1595599290.80771	230.018	0.012	0.988	324.906	0.064
1595599290.84613	230.063	0.011	0.948	324.825	0.063
1595599290.85212	230.035	0.010	0.834	324.986	0.057
1595599290.88991	230.052	0.011	0.899	324.825	0.055
1595599290.90215	230.054	0.011	0.932	325.067	0.060
1595599290.93979	230.021	0.011	0.904	324.906	0.060
1595599290.94175	230.114	0.010	0.842	324.825	0.056
1595599290.94486	230.049	0.010	0.860	324.986	0.054
1595599290.98616	230.107	0.011	0.844	324.986	0.057
1595599290.99715	230.037	0.010	0.849	324.986	0.056
1595599291.03514	230.069	0.011	0.868	324.906	0.058
1595599291.03676	230.033	0.010	0.847	325.067	0.056
1595599291.05698	230.016	0.011	0.933	324.906	0.057
1595599291.06814	230.034	0.016	1.424	324.906	0.088
1595599291.10713	230.048	0.017	1.515	324.906	0.093
1595599291.10778	230.119	0.012	1.056	324.825	0.064
1595599291.14575	230.042	0.012	1.040	324.825	0.064
1595599291.15692	230.148	0.014	1.249	324.906	0.081
1595599291.17015	230.095	0.014	1.181	324.986	0.075
1595599291.20815	230.132	0.014	1.236	324.906	0.072
1595599291.21815	230.103	0.014	1.210	325.067	0.071
1595599291.22780	230.148	0.014	1.202	324.986	0.073
1595599291.28716	230.104	0.014	1.204	324.986	0.078
1595599291.28778	230.085	0.014	1.204	325.147	0.074
1595599291.28976	230.164	0.015	1.245	324.986	0.075
1595599291.32815	230.125	0.014	1.191	325.067	0.076
1595599291.34077	230.162	0.014	1.192	325.067	0.080
1595599291.36013	230.070	0.014	1.206	325.147	0.081
1595599291.37298	230.123	0.014	1.173	324.986	0.076
1595599291.41116	230.098	0.014	1.186	324.986	0.076
1595599291.41180	230.144	0.014	1.206	325.147	0.076
1595599291.44977	230.075	0.014	1.225	324.986	0.072
1595599291.45087	230.106	0.014	1.217	325.147	0.079
1595599291.48917	230.147	0.014	1.173	325.067	0.075
1595599291.49079	230.111	0.015	1.245	325.067	0.074
1595599291.52916	230.150	0.014	1.199	325.067	0.071
1595599291.53080	230.099	0.014	1.197	324.986	0.076
1595599291.56815	230.160	0.014	1.204	324.986	0.075
1595599291.56977	230.098	0.015	1.209	325.067	0.071
1595599291.60720	230.167	0.014	1.225	325.067	0.071
1595599291.61819	230.093	0.014	1.165	325.067	0.067
1595599291.65682	230.139	0.013	1.136	324.986	0.073
1595599291.65779	230.141	0.013	1.045	325.067	0.063
1595599291.69617	230.114	0.013	1.089	324.986	0.064
1595599291.69677	230.195	0.013	1.047	324.986	0.062
1595599291.70678	230.144	0.013	1.062	325.147	0.067
1595599291.74574	230.221	0.013	1.090	325.147	0.066
1595599291.74674	230.155	0.012	1.058	325.308	0.062
1595599291.78497	230.214	0.013	1.036	325.147	0.067
1595599291.79683	230.140	0.012	1.036	325.147	0.061
1595599291.83519	230.198	0.013	1.057	325.147	0.066
1595599291.83583	230.177	0.013	1.037	325.308	0.063
1595599291.88318	230.173	0.013	1.034	324.986	0.066
1595599291.88481	230.147	0.012	1.033	325.147	0.062
1595599291.88580	230.125	0.012	1.019	325.228	0.068
1595599291.90718	230.138	0.012	1.056	325.067	0.064
1595599291.94519	230.150	0.013	1.072	325.067	0.063
1595599291.94581	230.236	0.013	1.061	325.067	0.063
1595599291.96577	230.176	0.012	1.018	325.147	0.067
1595599292.00417	230.223	0.012	1.046	325.067	0.064
1595599292.00579	230.169	0.012	1.047	325.147	0.067
1595599292.02717	230.231	0.013	1.048	325.228	0.064
1595599292.06526	230.182	0.013	1.073	325.228	0.063
1595599292.06717	230.214	0.013	1.064	325.147	0.064
1595599292.10719	230.183	0.012	1.041	325.228	0.066
1595599292.11821	230.155	0.013	1.066	325.228	0.062
1595599292.12783	230.233	0.012	1.037	325.308	0.067
1595599292.16717	230.153	0.012	1.050	325.067	0.064
1595599292.18019	230.145	0.012	1.002	325.067	0.062
1595599292.21720	230.113	0.013	1.058	324.986	0.071
1595599292.21783	230.129	0.013	1.057	325.067	0.068
1595599292.22782	230.092	0.012	1.031	324.986	0.064
1595599292.26577	230.113	0.013	1.063	325.147	0.069
1595599292.27691	230.027	0.012	1.007	325.147	0.063
1595599292.28900	229.994	0.013	1.035	324.906	0.069
1595599292.32667	230.051	0.013	1.054	324.986	0.068
1595599292.33765	230.001	0.012	1.015	325.067	0.072
1595599292.34765	230.038	0.013	1.093	324.906	0.064
1595599292.38718	230.027	0.012	1.019	324.906	0.066
1595599292.38783	230.033	0.013	1.040	324.906	0.069
1595599292.42618	229.990	0.013	1.059	324.906	0.064
1595599292.43720	230.078	0.013	1.078	325.147	0.064
1595599292.44784	230.016	0.012	1.015	324.825	0.060
1595599292.48681	230.054	0.013	1.056	324.986	0.066
1595599292.50018	230.137	0.013	1.082	325.067	0.062
1595599292.51020	230.088	0.012	1.045	325.067	0.062
1595599292.54823	230.125	0.012	1.030	325.067	0.063
1595599292.54980	230.076	0.012	1.070	325.228	0.069
1595599292.58720	230.138	0.013	1.057	324.906	0.064
1595599292.59280	230.066	0.012	1.025	325.067	0.066
1595599292.63120	230.123	0.013	1.063	324.986	0.064
1595599292.63282	230.173	0.013	1.073	325.067	0.066
1595599292.67089	230.172	0.012	1.052	325.067	0.069
1595599292.67179	230.248	0.013	1.073	325.067	0.070
1595599292.71122	230.171	0.012	1.048	325.147	0.062
1595599292.71185	230.206	0.013	1.058	324.986	0.066
1595599292.74984	230.127	0.012	1.051	325.228	0.060
1595599292.75686	230.162	0.013	1.053	325.147	0.068
1595599292.79523	230.114	0.012	1.037	324.986	0.066
1595599292.80825	230.056	0.012	1.043	324.825	0.066
1595599292.84623	229.995	0.012	1.024	324.825	0.066
1595599292.86829	229.994	0.013	1.035	324.825	0.064
1595599292.90620	230.023	0.012	1.055	324.906	0.066
1595599292.91187	229.997	0.013	1.071	324.906	0.066
1595599292.95021	229.909	0.012	1.010	324.825	0.062
1595599292.95588	229.849	0.012	1.012	324.665	0.068
1595599292.99731	229.833	0.013	1.052	324.745	0.067
1595599292.99788	229.849	0.013	1.045	324.745	0.071
1595599293.04428	229.788	0.012	1.047	324.906	0.068
1595599293.04583	229.783	0.012	1.022	324.745	0.069
1595599293.04682	229.799	0.012	1.059	324.423	0.059
1595599293.08621	229.739	0.012	1.070	324.423	0.063
1595599293.09186	229.757	0.013	1.066	324.584	0.064
1595599293.13025	229.660	0.013	1.046	324.504	0.066
1595599293.14321	229.677	0.012	1.065	324.423	0.066
1595599293.18087	229.690	0.013	1.039	324.423	0.068
1595599293.18283	229.664	0.012	1.049	324.423	0.070
1595599293.18495	229.701	0.013	1.066	324.584	0.070
1595599293.22225	229.681	0.012	1.035	324.584	0.067
1595599293.23823	229.701	0.013	1.070	324.504	0.067
1595599293.24788	229.677	0.012	1.021	324.504	0.068
1595599293.28722	229.648	0.013	1.036	324.584	0.069
1595599293.29686	229.675	0.013	1.072	324.423	0.066
1595599293.30787	229.619	0.013	1.051	324.584	0.070
1595599293.34722	229.629	0.013	1.044	324.665	0.064
1595599293.34787	229.550	0.013	1.039	324.584	0.071
1595599293.38584	229.554	0.013	0.998	324.504	0.068
1595599293.39588	229.579	0.013	1.022	324.504	0.069
1595599293.44031	229.481	0.013	1.087	324.262	0.075
1595599293.44188	229.499	0.014	1.155	324.182	0.075
1595599293.49230	229.432	0.014	1.191	324.262	0.076
1595599293.49286	229.510	0.014	1.187	324.182	0.074
1595599293.49480	229.463	0.014	1.181	324.262	0.081
1595599293.53324	229.384	0.014	1.166	324.021	0.076
1595599293.53487	229.426	0.014	1.202	324.262	0.076
1595599293.55685	229.401	0.015	1.205	324.101	0.081
1595599293.59527	229.439	0.014	1.207	324.343	0.075
1595599293.60725	229.395	0.014	1.192	324.262	0.081
1595599293.64528	229.443	0.014	1.189	324.101	0.076
1595599293.66723	229.498	0.015	1.206	324.262	0.081
1595599293.70489	229.437	0.014	1.194	324.101	0.081
1595599293.71726	229.457	0.014	1.168	324.182	0.081
1595599293.72689	229.445	0.014	1.185	324.262	0.080
1595599293.76624	229.425	0.014	1.153	324.262	0.075
1595599293.77687	229.517	0.013	1.068	324.182	0.066
1595599293.78694	229.496	0.013	1.084	324.182	0.073
1595599293.82626	229.549	0.013	1.034	324.343	0.064
1595599293.82690	229.495	0.013	1.054	324.182	0.066
1595599293.86725	229.549	0.013	1.067	324.262	0.068
1595599293.88288	229.513	0.013	1.079	324.101	0.071
1595599293.89092	229.535	0.013	1.060	324.182	0.067
1595599293.92918	229.505	0.013	1.060	324.262	0.064
1595599293.93886	229.507	0.012	1.020	324.262	0.063
1595599293.95074	229.611	0.013	1.122	324.182	0.068
1595599293.98782	229.616	0.013	1.083	324.262	0.070
1595599293.98971	229.644	0.013	1.071	324.423	0.067
1595599294.02727	229.494	0.012	1.031	324.101	0.068
1595599294.06527	229.612	0.013	1.110	324.101	0.067
1595599294.06690	229.543	0.013	1.039	324.101	0.070
1595599294.07729	229.601	0.013	1.089	324.262	0.064
1595599294.08691	229.587	0.013	1.054	324.182	0.067
1595599294.12503	229.622	0.013	1.101	324.182	0.066
1595599294.16326	229.623	0.013	1.046	324.262	0.068
1595599294.16491	229.647	0.013	1.079	324.182	0.071
1595599294.17585	229.582	0.013	1.040	324.182	0.070
1595599294.18725	229.615	0.013	1.069	324.262	0.063
1595599294.22493	229.634	0.013	1.068	324.182	0.067
1595599294.24832	229.628	0.013	1.079	324.262	0.068
1595599294.28596	229.641	0.013	1.053	324.343	0.070
1595599294.30833	229.629	0.013	1.063	324.343	0.067
1595599294.34627	229.665	0.013	1.052	324.262	0.068
1595599294.35826	229.629	0.012	1.016	324.343	0.071
1595599294.36792	229.659	0.013	1.073	324.182	0.067
1595599294.41427	229.589	0.013	1.039	324.262	0.064
1595599294.45330	229.617	0.013	1.042	324.343	0.070
1595599294.46127	229.674	0.013	1.074	324.182	0.071
1595599294.49794	229.729	0.013	1.082	324.101	0.067
1595599294.49885	229.676	0.012	1.021	324.021	0.066
1595599294.51526	229.738	0.013	1.090	324.101	0.071
1595599294.55235	229.737	0.012	1.059	324.182	0.062
1595599294.59233	229.767	0.013	1.068	324.182	0.066
1595599294.59293	229.821	0.013	1.083	324.101	0.064
1595599294.63128	229.752	0.013	1.056	324.262	0.068
1595599294.63192	229.742	0.013	1.058	324.101	0.066
1595599294.67033	229.836	0.013	1.148	324.182	0.070
1595599294.71635	229.850	0.016	1.381	324.262	0.081
1595599294.72832	229.886	0.017	1.473	324.262	0.097
1595599294.76628	229.846	0.015	1.258	324.423	0.084
1595599294.81529	229.926	0.015	1.291	324.584	0.079
1595599294.81694	229.746	0.014	1.216	324.665	0.078
1595599294.84294	229.800	0.014	1.206	324.745	0.084
1595599294.84496	229.829	0.012	0.960	324.504	0.061
1595599294.90230	229.960	0.012	1.035	324.665	0.067
1595599294.90390	229.907	0.012	1.018	324.665	0.063
1595599294.90602	229.941	0.012	1.020	324.825	0.064
1595599294.94312	229.934	0.012	1.004	324.745	0.062
1595599294.95636	229.984	0.012	1.034	324.745	0.066
1595599294.99330	229.993	0.013	1.090	324.825	0.069
1595599295.00329	229.972	0.015	1.259	324.825	0.076
1595599295.04229	230.011	0.015	1.230	324.665	0.078
1595599295.05830	230.007	0.015	1.229	324.745	0.073
1595599295.09634	230.007	0.014	1.188	324.745	0.073
1595599295.10788	229.972	0.015	1.206	324.906	0.081
1595599295.14587	229.955	0.015	1.263	324.665	0.080
1595599295.15729	230.014	0.015	1.248	324.825	0.078
1595599295.16794	229.958	0.014	1.153	324.745	0.072
1595599295.20729	230.007	0.014	1.271	324.825	0.075
1595599295.21796	229.981	0.014	1.241	324.745	0.074
1595599295.23031	230.023	0.015	1.310	324.986	0.079
1595599295.26835	230.008	0.014	1.180	324.906	0.073
1595599295.26895	229.988	0.015	1.253	324.825	0.076
1595599295.30692	230.044	0.015	1.260	324.825	0.083
1595599295.32130	229.962	0.015	1.231	324.825	0.076
1595599295.35829	230.019	0.015	1.318	324.745	0.078
1595599295.36093	229.965	0.014	1.191	324.906	0.074
1595599295.39828	229.973	0.013	1.116	324.825	0.073
1595599295.39894	229.953	0.013	1.061	324.745	0.070
1595599295.41831	229.929	0.012	0.970	324.665	0.067
1595599295.45639	229.983	0.012	1.005	324.665	0.064
1595599295.45696	229.907	0.012	0.986	324.745	0.062
1595599295.49436	229.963	0.012	0.991	324.665	0.067
1595599295.49600	229.909	0.012	0.982	324.665	0.060
1595599295.54333	229.943	0.012	1.021	324.665	0.067
1595599295.54396	229.888	0.012	0.961	324.584	0.059
1595599295.54592	229.850	0.012	0.980	324.745	0.061
1595599295.58333	229.895	0.012	1.040	324.504	0.071
1595599295.59300	229.813	0.012	1.005	324.745	0.059
1595599295.63133	229.868	0.013	1.068	324.343	0.072
1595599295.64436	229.802	0.012	1.013	324.584	0.064
1595599295.68232	229.812	0.012	0.976	324.423	0.061
1595599295.72632	229.843	0.012	1.050	324.343	0.066
1595599295.72697	229.870	0.012	1.020	324.584	0.066
1595599295.73831	229.802	0.012	0.961	324.504	0.058
1595599295.74795	229.883	0.012	1.031	324.504	0.063
1595599295.78813	229.826	0.012	0.995	324.665	0.067
1595599295.79805	229.905	0.012	1.017	324.584	0.064
1595599295.80790	229.834	0.012	1.005	324.504	0.064
1595599295.84636	229.822	0.013	1.099	324.504	0.067
1595599295.84698	229.873	0.015	1.218	324.504	0.082
1595599295.88436	229.838	0.015	1.262	324.584	0.079
1595599295.92839	229.866	0.015	1.283	324.504	0.081
1595599295.93097	229.835	0.017	1.398	324.584	0.090
1595599295.93193	229.859	0.022	1.926	324.584	0.109
1595599295.96932	229.864	0.020	1.775	324.665	0.112
1595599295.97097	229.868	0.018	1.588	324.343	0.098
1595599296.00838	229.877	0.018	1.596	324.423	0.096
1595599296.00898	229.857	0.018	1.576	324.423	0.097
1595599296.04736	229.886	0.018	1.608	324.423	0.096
1595599296.09640	229.909	0.019	1.632	324.423	0.097
1595599296.09698	229.859	0.018	1.582	324.423	0.097
1595599296.10695	229.869	0.019	1.609	324.665	0.100
1595599296.14392	229.911	0.018	1.598	324.504	0.102
1595599296.15807	229.863	0.018	1.571	324.423	0.097
1595599296.16935	229.896	0.018	1.602	324.504	0.096
1595599296.20737	229.914	0.019	1.594	324.504	0.098
1595599296.22734	229.902	0.018	1.615	324.584	0.100
1595599296.26439	229.920	0.018	1.604	324.584	0.099
1595599296.27834	229.894	0.018	1.595	324.504	0.100
1595599296.28799	229.888	0.018	1.579	324.745	0.103
1595599296.32636	229.912	0.019	1.618	324.504	0.097
1595599296.32699	229.905	0.018	1.589	324.665	0.105
1595599296.36396	229.898	0.018	1.613	324.665	0.104
1595599296.41243	229.883	0.018	1.608	324.745	0.095
1595599296.41301	229.896	0.018	1.616	324.665	0.098
1595599296.41391	229.820	0.018	1.586	324.584	0.100
1595599296.45240	229.795	0.018	1.604	324.745	0.100
1595599296.45299	229.877	0.018	1.582	324.504	0.093
1595599296.49134	229.755	0.018	1.559	324.584	0.096
1595599296.49599	229.854	0.019	1.643	324.665	0.093
1595599296.50796	229.774	0.018	1.580	324.504	0.096
1595599296.54633	229.806	0.018	1.593	324.504	0.098
1595599296.55200	229.781	0.018	1.589	324.504	0.094
1595599296.58935	229.782	0.019	1.576	324.584	0.095
1595599296.62840	229.753	0.018	1.600	324.504	0.097
1595599296.62899	229.688	0.018	1.592	324.504	0.103
1595599296.65192	229.736	0.018	1.602	324.584	0.090
1595599296.68938	229.731	0.019	1.609	324.584	0.098
1595599296.70902	229.699	0.019	1.584	324.504	0.104
1595599296.71794	229.732	0.018	1.583	324.504	0.093
1595599296.72798	229.673	0.019	1.565	324.262	0.095
1595599296.76637	229.663	0.019	1.576	324.343	0.099
1595599296.76700	229.682	0.018	1.565	324.423	0.095
1595599296.80440	229.622	0.019	1.553	324.423	0.102
1595599296.81399	229.625	0.019	1.534	324.182	0.099
1595599296.85202	229.577	0.019	1.583	324.182	0.100
1595599296.89137	229.648	0.019	1.547	324.182	0.098
1595599296.89201	229.593	0.020	1.624	324.182	0.106
1595599296.89298	229.603	0.019	1.582	324.021	0.100
1595599296.93136	229.666	0.019	1.618	324.101	0.102
1595599296.93202	229.632	0.019	1.546	324.343	0.104
1595599296.96937	229.664	0.020	1.650	324.182	0.103
1595599296.97602	229.636	0.018	1.442	324.101	0.100
1595599297.01338	229.706	0.016	1.299	324.101	0.081
1595599297.01598	229.618	0.016	1.290	324.101	0.079
1595599297.02711	229.678	0.019	1.559	324.182	0.109
1595599297.06405	229.699	0.018	1.537	324.262	0.100
1595599297.07699	229.684	0.020	1.687	324.343	0.102
1595599297.08712	229.709	0.021	1.824	324.343	0.120
1595599297.12443	229.642	0.021	1.744	324.182	0.109
1595599297.12602	229.719	0.023	1.937	324.262	0.115
1595599297.16299	229.651	0.023	1.965	324.423	0.120
1595599297.18447	229.739	0.024	2.061	324.262	0.126
1595599297.19241	229.645	0.022	1.913	324.262	0.116
1595599297.22939	229.635	0.022	1.966	324.262	0.117
1595599297.23800	229.686	0.021	1.807	324.343	0.109
1595599297.24808	229.614	0.024	2.077	324.343	0.121
1595599297.28605	229.619	0.023	1.947	324.262	0.118
1595599297.29203	229.547	0.024	2.074	324.182	0.128
1595599297.32917	229.585	0.022	1.886	324.101	0.117
1595599297.33737	229.522	0.022	1.884	324.182	0.109
1595599297.34804	229.601	0.021	1.839	323.940	0.110
1595599297.38600	229.536	0.022	1.926	324.101	0.111
1595599297.39807	229.563	0.021	1.834	324.021	0.108
1595599297.40799	229.603	0.022	1.935	324.262	0.114
1595599297.44611	229.563	0.021	1.803	324.101	0.110
1595599297.44702	229.601	0.022	1.868	324.021	0.119
1595599297.48443	229.637	0.022	1.948	324.182	0.116
1595599297.49726	229.684	0.023	2.019	324.262	0.122
1595599297.50742	229.606	0.026	2.324	324.182	0.136
1595599297.54444	229.675	0.024	2.044	324.182	0.124
1595599297.54604	229.613	0.023	2.013	324.262	0.122
1595599297.58297	229.645	0.023	2.017	324.182	0.122
1595599297.62241	229.605	0.023	2.008	324.343	0.122
1595599297.62305	229.598	0.023	2.024	324.262	0.121
1595599297.62397	229.614	0.023	2.002	324.262	0.119
1595599297.66342	229.561	0.023	2.047	324.423	0.121
1595599297.70445	229.716	0.023	2.096	324.423	0.126
1595599297.70603	229.667	0.023	1.965	324.423	0.119
1595599297.70699	229.713	0.025	2.226	324.423	0.136
1595599297.74444	229.666	0.027	2.359	324.504	0.147
1595599297.78206	229.721	0.024	2.182	324.343	0.138
1595599297.78303	229.610	0.026	2.241	324.343	0.142
1595599297.79100	229.653	0.025	2.293	324.343	0.129
1595599297.82940	229.671	0.026	2.330	324.182	0.139
1595599297.83106	229.669	0.025	2.211	324.343	0.136
1595599297.86799	229.679	0.025	2.190	324.262	0.135
1595599297.86902	229.647	0.024	2.174	324.343	0.130
1595599297.90713	229.691	0.025	2.212	324.423	0.135
1595599297.91841	229.631	0.028	2.438	324.504	0.144
1595599297.92805	229.675	0.031	2.769	324.262	0.161
1595599297.96606	229.684	0.028	2.443	324.262	0.155
1595599297.96704	229.747	0.026	2.320	324.182	0.140
1595599298.00448	229.699	0.026	2.336	324.262	0.136
1595599298.01605	229.692	0.027	2.353	324.343	0.135
1595599298.05440	229.727	0.026	2.369	324.423	0.136
1595599298.10445	229.695	0.030	2.739	324.262	0.157
1595599298.10703	229.691	0.028	2.471	324.343	0.139
1595599298.10812	229.751	0.028	2.510	324.423	0.146
1595599298.14846	229.740	0.028	2.559	324.343	0.153
1595599298.14908	229.794	0.028	2.529	324.504	0.147
1595599298.19142	229.752	0.029	2.600	324.423	0.151
1595599298.19206	229.779	0.030	2.602	324.504	0.157
1595599298.22945	229.754	0.042	4.004	324.423	0.226
1595599298.23805	229.806	0.053	5.327	324.504	0.242
1595599298.24809	229.864	0.052	5.214	324.423	0.236
1595599298.28607	229.813	0.053	5.278	324.665	0.242
1595599298.29108	229.861	0.049	4.802	324.584	0.243
1595599298.33846	229.806	0.030	2.758	324.504	0.168
1595599298.33907	229.866	0.030	2.676	324.584	0.163
1595599298.35103	229.968	0.029	2.696	324.665	0.150
1595599298.38847	229.910	0.027	2.445	324.825	0.145
1595599298.42743	229.952	0.029	2.634	324.584	0.163
1595599298.42904	229.911	0.028	2.517	324.504	0.148
1595599298.43114	229.898	0.029	2.630	324.504	0.155
1595599298.46909	229.886	0.032	2.835	324.584	0.166
1595599298.47100	229.889	0.031	2.877	324.504	0.162
1595599298.50847	229.921	0.030	2.817	324.504	0.156
1595599298.51408	229.818	0.030	2.763	324.504	0.158
1595599298.55248	229.832	0.031	2.785	324.423	0.167
1595599298.55405	229.800	0.031	2.835	324.423	0.166
1595599298.59305	229.834	0.029	2.660	324.423	0.147
1595599298.59405	229.775	0.028	2.543	324.423	0.154
1595599298.61747	229.854	0.028	2.520	324.423	0.154
1595599298.65845	229.810	0.030	2.637	324.584	0.163
1595599298.65908	229.781	0.031	2.814	324.504	0.159
1595599298.66906	229.889	0.032	2.939	324.665	0.165
1595599298.70713	229.839	0.032	2.915	324.423	0.168
1595599298.74745	229.853	0.032	2.870	324.584	0.165
1595599298.74905	229.854	0.031	2.749	324.584	0.162
1595599298.75115	229.959	0.032	2.817	324.665	0.164
1595599298.78943	229.965	0.032	2.941	324.584	0.166
1595599298.79108	229.947	0.033	3.028	324.584	0.175
1595599298.82806	230.022	0.035	3.273	324.584	0.182
1595599298.82902	229.992	0.031	2.846	324.745	0.155
1595599298.86703	230.027	0.030	2.699	324.584	0.156
1595599298.90645	230.001	0.034	3.093	324.584	0.175
1595599298.90708	230.055	0.041	3.950	324.584	0.206
1595599298.90903	229.988	0.042	4.002	324.745	0.204
1595599298.94848	230.020	0.036	3.440	324.745	0.181
1595599298.94909	230.092	0.033	3.035	324.665	0.173
1595599298.98745	230.029	0.039	3.758	324.584	0.195
1595599298.99410	230.091	0.042	4.152	324.745	0.211
1595599299.03209	230.017	0.042	3.991	324.825	0.215
1595599299.03398	230.051	0.045	4.433	324.665	0.218
1595599299.07307	230.039	0.046	4.558	324.584	0.221
1595599299.07400	230.048	0.050	5.061	324.745	0.235
1595599299.12850	230.081	0.052	5.223	324.745	0.240
1595599299.12911	230.023	0.052	5.286	324.825	0.247
1595599299.14207	230.074	0.051	5.163	324.825	0.237
1595599299.18145	229.934	0.051	5.150	324.745	0.226
1595599299.18210	230.031	0.051	5.257	324.745	0.228
1595599299.22850	229.945	0.050	5.178	324.825	0.227
1595599299.23107	229.957	0.043	4.208	324.745	0.205
1595599299.23223	230.141	0.043	4.199	324.986	0.205
1595599299.27147	230.111	0.042	4.207	324.906	0.201
1595599299.27210	230.178	0.043	4.239	324.986	0.202
1595599299.30945	230.150	0.046	4.638	324.986	0.212
1595599299.31110	230.197	0.044	4.405	325.067	0.212
1595599299.34851	230.071	0.041	4.026	325.067	0.203
1595599299.35804	230.154	0.037	3.462	324.906	0.186
1595599299.38101	230.183	0.034	3.205	324.986	0.176
1595599299.41808	230.076	0.030	2.721	324.906	0.148
1595599299.42115	230.149	0.029	2.695	324.986	0.155
1595599299.42906	230.198	0.028	2.536	324.986	0.151
1595599299.46746	230.320	0.031	2.816	325.067	0.166
1595599299.47807	230.296	0.034	3.176	324.986	0.170
1595599299.48909	230.368	0.044	4.318	324.986	0.211
1595599299.52756	230.294	0.042	4.110	324.986	0.217
1595599299.54250	230.318	0.038	3.644	325.147	0.192
1595599299.55112	230.361	0.035	3.266	325.147	0.185
1595599299.58947	230.335	0.034	3.130	325.147	0.174
1595599299.59112	230.380	0.033	2.964	325.067	0.176
1595599299.61345	230.360	0.031	2.761	325.147	0.166
1595599299.65345	230.353	0.035	3.189	325.147	0.185
1595599299.69148	230.363	0.030	2.681	325.067	0.159
1595599299.69824	230.374	0.032	2.905	325.147	0.166
1595599299.73654	230.371	0.033	3.022	325.308	0.176
1595599299.74850	230.384	0.038	3.585	325.389	0.217
1595599299.78614	230.426	0.053	5.402	325.228	0.241
1595599299.79812	230.393	0.052	5.337	325.308	0.236
1595599299.80813	230.427	0.050	5.052	325.067	0.231
1595599299.84614	230.390	0.049	4.956	325.228	0.228
1595599299.85834	230.430	0.046	4.541	325.147	0.226
1595599299.86813	230.399	0.049	4.987	325.147	0.225
1595599299.90649	230.423	0.051	5.098	325.147	0.234
1595599299.90812	230.450	0.053	5.471	325.147	0.234
1595599299.94610	230.385	0.052	5.329	325.228	0.242
1595599299.96248	230.458	0.053	5.534	325.228	0.240
1595599299.99951	230.474	0.053	5.444	325.228	0.239
1595599300.00114	230.479	0.053	5.428	325.228	0.240
1595599300.03948	230.428	0.053	5.357	325.147	0.241
1595599300.04114	230.471	0.052	5.251	325.228	0.240
1595599300.05909	230.448	0.052	5.318	325.228	0.239
1595599300.06949	230.431	0.051	5.113	325.308	0.242
1595599300.10715	230.476	0.047	4.663	325.228	0.227
1595599300.11812	230.437	0.041	3.894	325.389	0.212
1595599300.12913	230.476	0.038	3.589	325.389	0.187
1595599300.16851	230.422	0.040	3.872	325.389	0.198
1595599300.17936	230.420	0.048	4.760	325.147	0.228
1595599300.18915	230.427	0.052	5.352	325.228	0.229
1595599300.22850	230.508	0.051	5.157	325.389	0.236
1595599300.22907	230.404	0.051	5.144	325.147	0.233
1595599300.26768	230.432	0.052	5.320	325.228	0.236
1595599300.28149	230.489	0.053	5.400	325.389	0.245
1595599300.28915	230.446	0.052	5.257	325.308	0.240
1595599300.32855	230.465	0.051	5.223	325.389	0.239
1595599300.33906	230.409	0.046	4.618	325.389	0.221
1595599300.34906	230.419	0.047	4.721	325.308	0.222
1595599300.39950	230.409	0.048	4.788	325.308	0.221
1595599300.40115	230.456	0.047	4.762	325.308	0.228
1595599300.41110	230.411	0.041	3.912	325.469	0.215
1595599300.44950	230.415	0.033	3.069	325.308	0.173
1595599300.48751	230.469	0.033	3.026	325.147	0.177
1595599300.48815	230.380	0.033	2.979	325.228	0.173
1595599300.49950	230.428	0.035	3.220	325.228	0.176
1595599300.50916	230.393	0.034	3.053	325.308	0.171
1595599300.54854	230.414	0.031	2.753	325.147	0.169
1595599300.55115	230.358	0.029	2.550	325.228	0.156
1595599300.58854	230.336	0.029	2.557	325.308	0.156
1595599300.59915	230.383	0.030	2.688	325.147	0.158
1595599300.60916	230.287	0.029	2.525	325.067	0.154
1595599300.64752	230.355	0.029	2.598	325.228	0.164
1595599300.64915	230.277	0.028	2.522	325.228	0.154
1595599300.66914	230.332	0.029	2.556	325.067	0.153
1595599300.70802	230.313	0.029	2.551	325.067	0.151
1595599300.70897	230.336	0.029	2.549	325.228	0.153
1595599300.74698	230.301	0.029	2.509	325.228	0.150
1595599300.78498	230.328	0.028	2.568	325.228	0.150
1595599300.78751	230.355	0.029	2.652	325.228	0.156
1595599300.82715	230.282	0.035	3.186	325.147	0.179
1595599300.82816	230.352	0.033	2.929	325.147	0.167
1595599300.86616	230.248	0.031	2.753	325.067	0.167
1595599300.86717	230.319	0.030	2.712	324.986	0.158
1595599300.86813	230.284	0.033	3.050	325.147	0.171
1595599300.91852	230.279	0.034	3.063	324.986	0.169
1595599300.92115	230.323	0.034	3.081	324.986	0.171
1595599300.92921	230.297	0.038	3.596	325.067	0.188
1595599300.96756	230.338	0.031	2.874	324.906	0.164
1595599300.97833	230.298	0.032	2.965	324.986	0.181
1595599300.98824	230.393	0.044	4.385	325.147	0.214
1595599301.02652	230.295	0.048	4.728	325.147	0.226
1595599301.02816	230.350	0.048	4.809	325.067	0.230
1595599301.06611	230.332	0.042	4.084	325.147	0.219
1595599301.08652	230.293	0.038	3.598	324.986	0.187
1595599301.09319	230.379	0.041	3.987	325.147	0.205
1595599301.13151	230.319	0.043	4.005	325.228	0.223
1595599301.13953	230.371	0.036	3.383	325.147	0.185
1595599301.14918	230.339	0.033	3.048	325.228	0.182
1595599301.18856	230.439	0.037	3.471	325.228	0.201
1595599301.18916	230.359	0.037	3.497	325.308	0.191
1595599301.22955	230.378	0.039	3.756	325.067	0.199
1595599301.26856	230.483	0.038	3.534	325.308	0.200
1595599301.26918	230.437	0.040	3.796	325.228	0.201
1595599301.27914	230.470	0.035	3.242	325.389	0.181
1595599301.31754	230.440	0.033	2.989	325.389	0.170
1595599301.31818	230.500	0.032	2.990	325.308	0.165
1595599301.33855	230.436	0.033	3.009	325.228	0.165
1595599301.34818	230.468	0.033	3.060	325.228	0.167
1595599301.38612	230.427	0.032	2.975	325.308	0.173
1595599301.39854	230.434	0.033	3.039	325.228	0.169
1595599301.40817	230.487	0.035	3.294	325.147	0.179
1595599301.44753	230.412	0.042	4.115	325.389	0.204
1595599301.45816	230.447	0.046	4.589	325.147	0.216
1595599301.46919	230.412	0.041	3.931	325.147	0.203
1595599301.50924	230.461	0.044	4.335	325.228	0.214
1595599301.51111	230.422	0.044	4.278	325.308	0.212
1595599301.54854	230.456	0.043	4.201	325.389	0.214
1595599301.55918	230.406	0.041	3.941	325.469	0.205
1595599301.56920	230.456	0.042	4.055	325.308	0.212
1595599301.60862	230.394	0.036	3.324	325.308	0.193
1595599301.62119	230.487	0.030	2.711	325.308	0.154
1595599301.63223	230.618	0.032	2.964	325.550	0.163
1595599301.67054	230.619	0.032	2.897	325.550	0.171
1595599301.67222	230.630	0.034	3.056	325.469	0.182
1595599301.70955	230.616	0.039	3.638	325.550	0.195
1595599301.72355	230.632	0.039	3.697	325.389	0.204
1595599301.76220	230.605	0.038	3.553	325.630	0.213
1595599301.76417	230.629	0.037	3.468	325.630	0.186
1595599301.81446	230.620	0.032	2.942	325.630	0.168
1595599301.81626	230.571	0.031	2.732	325.630	0.161
1595599301.85657	230.580	0.031	2.877	325.711	0.168
1595599301.85722	230.604	0.029	2.565	325.550	0.155
1595599301.86815	230.578	0.029	2.555	325.550	0.156
1595599301.90618	230.632	0.028	2.478	325.469	0.144
1595599301.91857	230.502	0.035	3.263	325.469	0.188
1595599301.92825	230.601	0.048	4.836	325.469	0.225
1595599301.96658	230.568	0.047	4.656	325.630	0.219
1595599301.98855	230.491	0.050	5.003	325.469	0.235
1595599302.02659	230.498	0.050	5.032	325.550	0.238
1595599302.05158	230.462	0.043	4.274	325.308	0.211
1595599302.09654	230.475	0.045	4.342	325.389	0.228
1595599302.13657	230.378	0.040	3.850	325.228	0.206
1595599302.13919	230.287	0.033	3.062	325.228	0.174
1595599302.16328	230.355	0.035	3.247	325.469	0.181
1595599302.16816	230.284	0.031	2.759	325.308	0.164
1595599302.20660	230.316	0.030	2.755	325.147	0.154
1595599302.21724	230.375	0.030	2.738	325.147	0.155
1595599302.25659	230.297	0.030	2.729	325.067	0.164
1595599302.29958	230.216	0.030	2.623	325.067	0.157
1595599302.30220	230.297	0.030	2.688	325.067	0.161
1595599302.31113	230.270	0.030	2.739	325.147	0.155
1595599302.34857	230.177	0.030	2.657	324.986	0.155
1595599302.35959	230.202	0.030	2.678	325.067	0.152
1595599302.36923	230.194	0.030	2.724	325.067	0.153
1595599302.41636	230.193	0.029	2.610	325.147	0.153
1595599302.45662	230.229	0.030	2.729	325.067	0.157
1595599302.49667	230.202	0.036	3.348	325.067	0.211
1595599302.50960	230.234	0.046	4.606	325.067	0.223
1595599302.54760	230.271	0.046	4.513	325.067	0.224
1595599302.55822	230.217	0.047	4.639	325.067	0.224
1595599302.56927	230.236	0.046	4.603	325.067	0.214
1595599302.60722	230.201	0.047	4.608	324.986	0.217
1595599302.61857	230.225	0.047	4.641	325.067	0.222
1595599302.62827	230.252	0.047	4.588	324.986	0.235
1595599302.66659	230.208	0.047	4.559	325.147	0.230
1595599302.70362	230.311	0.047	4.625	325.147	0.218
1595599302.70428	230.241	0.046	4.551	325.147	0.214
1595599302.74360	230.246	0.046	4.561	325.067	0.227
1595599302.74521	230.315	0.046	4.568	325.228	0.219
1595599302.74732	230.253	0.046	4.542	325.067	0.217
1595599302.78560	230.270	0.046	4.542	325.067	0.212
1595599302.79630	230.231	0.046	4.588	325.147	0.221
1595599302.83360	230.269	0.046	4.577	325.067	0.218
1595599302.84561	230.203	0.046	4.576	325.147	0.219
1595599302.88324	230.227	0.044	4.239	325.147	0.211
1595599302.88623	230.252	0.042	4.120	325.067	0.201
1595599302.92559	230.193	0.042	4.064	325.067	0.204
1595599302.92731	230.156	0.041	4.066	324.986	0.195
1595599302.95258	230.192	0.042	4.076	324.906	0.202
1595599302.98960	230.074	0.041	4.014	324.825	0.200
1595599303.02725	230.051	0.042	4.084	324.986	0.205
1595599303.02960	230.072	0.042	4.085	324.825	0.207
1595599303.07864	230.060	0.042	4.056	324.906	0.206
1595599303.07925	229.965	0.042	4.065	324.825	0.209
1595599303.11723	230.021	0.043	4.062	324.906	0.217
1595599303.11829	229.982	0.042	4.046	324.825	0.209
1595599303.12920	230.004	0.042	4.056	324.825	0.207
1595599303.16762	229.947	0.042	4.022	324.825	0.209
1595599303.16828	229.993	0.042	4.076	324.665	0.212
1595599303.20663	229.941	0.042	4.083	324.745	0.217
1595599303.24459	229.993	0.042	4.123	324.665	0.203
1595599303.28363	230.010	0.042	4.089	324.745	0.213
1595599303.28429	230.113	0.042	4.133	324.745	0.210
1595599303.28718	230.072	0.042	4.064	324.986	0.205
1595599303.32461	230.182	0.042	4.109	324.825	0.202
1595599303.33126	230.135	0.042	4.072	324.906	0.213
1595599303.36863	230.141	0.042	4.068	324.906	0.212
1595599303.36926	230.094	0.044	4.343	324.825	0.206
1595599303.40723	230.165	0.046	4.515	324.906	0.211
1595599303.41863	230.101	0.045	4.503	324.745	0.211
1595599303.43862	230.114	0.046	4.558	324.745	0.217
1595599303.47663	230.080	0.046	4.522	324.745	0.225
1595599303.48262	230.104	0.046	4.658	324.825	0.215
1595599303.51964	230.094	0.047	4.661	324.825	0.218
1595599303.52224	229.996	0.047	4.677	324.745	0.223
1595599303.53116	230.047	0.047	4.655	324.825	0.225
1595599303.56863	229.985	0.048	4.719	324.825	0.228
1595599303.57926	230.078	0.047	4.681	324.825	0.221
1595599303.58928	229.998	0.047	4.658	324.825	0.221
1595599303.62728	230.066	0.047	4.717	324.906	0.227
1595599303.63927	230.019	0.047	4.685	324.906	0.225
1595599303.64963	230.092	0.047	4.727	324.825	0.226
1595599303.68763	230.036	0.047	4.684	324.825	0.223
1595599303.68831	230.056	0.047	4.677	324.745	0.214
1595599303.72565	230.029	0.047	4.671	324.745	0.221
1595599303.76966	230.026	0.046	4.659	324.745	0.216
1595599303.77128	230.091	0.047	4.676	324.825	0.215
1595599303.77922	230.105	0.047	4.674	324.825	0.218
1595599303.81765	230.140	0.047	4.707	324.825	0.222
1595599303.81827	230.098	0.047	4.658	324.906	0.221
1595599303.82828	230.141	0.047	4.691	324.825	0.223
1595599303.86666	230.049	0.047	4.667	324.665	0.214
1595599303.90460	230.080	0.047	4.736	324.665	0.224
1595599303.90529	230.112	0.047	4.691	324.906	0.229
1595599303.94325	230.131	0.047	4.710	324.825	0.219
1595599303.98167	230.173	0.047	4.677	324.906	0.214
1595599303.98328	230.179	0.047	4.695	324.986	0.228
1595599304.02367	230.155	0.047	4.672	324.986	0.236
1595599304.02432	230.179	0.047	4.691	324.986	0.221
1595599304.03522	230.151	0.047	4.670	325.067	0.227
1595599304.07364	230.213	0.047	4.733	324.906	0.226
1595599304.07428	230.159	0.047	4.696	324.906	0.223
1595599304.11264	230.216	0.047	4.668	324.906	0.229
1595599304.11329	230.171	0.047	4.688	325.067	0.221
1595599304.15022	230.205	0.047	4.672	324.906	0.219
1595599304.18965	230.170	0.047	4.696	324.906	0.225
1595599304.19029	230.142	0.047	4.699	324.906	0.221
1595599304.19229	230.231	0.047	4.712	324.986	0.234
1595599304.22969	230.217	0.047	4.684	324.906	0.219
1595599304.23031	230.297	0.047	4.693	324.986	0.221
1595599304.26866	230.246	0.046	4.716	324.906	0.216
1595599304.31366	230.292	0.046	4.706	324.986	0.222
1595599304.31527	230.308	0.047	4.696	324.986	0.223
1595599304.35366	230.255	0.047	4.657	324.906	0.230
1595599304.35430	230.278	0.047	4.683	324.906	0.226
1595599304.39266	230.246	0.047	4.719	325.067	0.225
1595599304.39330	230.220	0.047	4.684	324.825	0.214
1595599304.43066	230.209	0.047	4.673	325.228	0.224
1595599304.43828	230.241	0.048	4.718	325.067	0.230
1595599304.47566	230.243	0.047	4.711	324.986	0.229
1595599304.49069	230.190	0.047	4.717	324.986	0.217
1595599304.50966	230.198	0.047	4.675	325.147	0.226
1595599304.54766	230.178	0.047	4.671	325.228	0.224
1595599304.55532	230.054	0.047	4.665	324.986	0.216
1595599304.59368	230.029	0.047	4.675	324.986	0.224
1595599304.59527	230.012	0.047	4.703	324.906	0.219
1595599304.60848	230.045	0.046	4.666	324.825	0.219
1595599304.64527	229.976	0.046	4.694	324.745	0.211
1595599304.64764	229.926	0.047	4.662	324.825	0.226
1595599304.68467	229.947	0.047	4.723	324.745	0.222
1595599304.71369	229.926	0.046	4.664	324.745	0.214
1595599304.71432	229.954	0.047	4.731	324.745	0.223
1595599304.75232	229.917	0.046	4.665	324.665	0.218
1595599304.76567	229.914	0.047	4.707	324.745	0.223
1595599304.80369	229.870	0.047	4.651	324.745	0.214
1595599304.80528	229.865	0.046	4.736	324.665	0.211
1595599304.81540	229.822	0.046	4.668	324.745	0.216
1595599304.85368	229.861	0.047	4.731	324.665	0.222
1595599304.85432	229.845	0.047	4.694	324.665	0.216
1595599304.89270	229.870	0.047	4.701	324.665	0.226
1595599304.89332	229.895	0.047	4.667	324.665	0.222
1595599304.93267	229.851	0.048	4.688	324.665	0.223
1595599304.93832	229.845	0.048	4.681	324.665	0.223
1595599304.97670	229.811	0.047	4.680	324.825	0.222
1595599304.99270	229.822	0.048	4.656	324.665	0.236
1595599305.03069	229.814	0.047	4.660	324.584	0.216
1595599305.03236	229.763	0.047	4.602	324.665	0.215
1595599305.06931	229.748	0.047	4.650	324.584	0.221
1595599305.07538	229.809	0.047	4.688	324.584	0.226
1595599305.11372	229.789	0.047	4.637	324.825	0.215
1595599305.11531	229.823	0.048	4.701	324.665	0.226
1595599305.15339	229.810	0.047	4.681	324.504	0.219
1595599305.15533	229.815	0.047	4.638	324.504	0.219
1595599305.17969	229.794	0.048	4.661	324.665	0.226
1595599305.21771	229.841	0.048	4.693	324.504	0.227
1595599305.21835	229.809	0.047	4.653	324.504	0.219
1595599305.23932	229.817	0.048	4.651	324.504	0.228
1595599305.24938	229.864	0.048	4.714	324.584	0.228
1595599305.28869	229.820	0.047	4.621	324.584	0.223
1595599305.28932	229.857	0.048	4.683	324.745	0.224
1595599305.32770	229.819	0.048	4.615	324.584	0.225
1595599305.33736	229.855	0.047	4.664	324.665	0.226
1595599305.37434	229.815	0.047	4.637	324.665	0.223
1595599305.37535	229.850	0.048	4.661	324.584	0.225
1595599305.41445	229.773	0.047	4.619	324.504	0.224
1595599305.41532	229.772	0.047	4.626	324.504	0.219
1595599305.43969	229.853	0.048	4.664	324.504	0.228
1595599305.47832	229.810	0.047	4.631	324.745	0.223
1595599305.47938	229.843	0.047	4.617	324.504	0.228
1595599305.50050	229.817	0.047	4.649	324.584	0.224
1595599305.50929	229.878	0.047	4.677	324.423	0.222
1595599305.54729	229.865	0.047	4.628	324.584	0.231
1595599305.54870	229.778	0.047	4.620	324.343	0.227
1595599305.58538	229.846	0.047	4.679	324.423	0.218
1595599305.59871	229.759	0.047	4.631	324.504	0.222
1595599305.61970	229.793	0.047	4.651	324.423	0.222
1595599305.65736	229.762	0.047	4.649	324.343	0.217
1595599305.65833	229.814	0.047	4.675	324.343	0.223
1595599305.67571	229.790	0.047	4.704	324.343	0.218
1595599305.71370	229.756	0.047	4.685	324.343	0.217
1595599305.71435	229.884	0.047	4.749	324.343	0.218
1595599305.75372	229.791	0.047	4.678	324.423	0.228
1595599305.75433	229.899	0.047	4.732	324.423	0.218
1595599305.79371	229.889	0.048	4.719	324.504	0.229
1595599305.79429	229.917	0.047	4.670	324.423	0.225
1595599305.83231	229.879	0.047	4.703	324.504	0.227
1595599305.83417	229.908	0.047	4.733	324.584	0.217
1595599305.87217	229.947	0.047	4.639	324.584	0.221
1595599305.87917	229.881	0.047	4.723	324.504	0.217
1595599305.91772	229.964	0.048	4.716	324.665	0.229
1595599305.91835	229.883	0.047	4.703	324.423	0.216
1595599305.93971	229.947	0.047	4.676	324.504	0.216
1595599305.94935	229.900	0.047	4.702	324.504	0.214
1595599305.99573	229.916	0.046	4.663	324.504	0.214
1595599306.00040	229.946	0.046	4.701	324.423	0.211
1595599306.01037	229.912	0.046	4.660	324.423	0.211
1595599306.05574	229.970	0.047	4.716	324.504	0.213
1595599306.10573	229.992	0.046	4.746	324.504	0.212
1595599306.10838	229.922	0.046	4.653	324.343	0.203
1595599306.10930	229.976	0.046	4.733	324.665	0.213
1595599306.14873	230.027	0.047	4.703	324.584	0.216
1595599306.15537	229.985	0.046	4.701	324.504	0.215
1595599306.19375	230.034	0.045	4.695	324.504	0.204
1595599306.19437	229.906	0.046	4.645	324.262	0.206
1595599306.23275	229.850	0.046	4.672	324.182	0.209
1595599306.23535	229.805	0.046	4.691	324.504	0.214
1595599306.28575	229.781	0.046	4.717	324.182	0.221
1595599306.28741	229.787	0.046	4.705	324.262	0.216
1595599306.28834	229.739	0.046	4.662	324.101	0.215
1595599306.32875	229.805	0.047	4.743	324.101	0.212
1595599306.33738	229.723	0.047	4.678	324.262	0.221
1595599306.37675	229.693	0.047	4.712	324.423	0.222
1595599306.42525	229.711	0.047	4.728	324.423	0.217
1595599306.42812	229.727	0.047	4.709	324.504	0.217
1595599306.42920	229.713	0.047	4.716	324.584	0.227
1595599306.46747	229.642	0.047	4.673	324.504	0.219
1595599306.47033	229.748	0.047	4.695	324.504	0.214
1595599306.50875	229.703	0.047	4.660	324.665	0.215
1595599306.50939	229.703	0.047	4.674	324.423	0.221
1595599306.54775	229.642	0.047	4.691	324.423	0.214
1595599306.55874	229.631	0.047	4.653	324.343	0.215
1595599306.60575	229.546	0.047	4.660	324.262	0.224
1595599306.60741	229.559	0.047	4.676	324.182	0.226
1595599306.60936	229.573	0.047	4.622	324.262	0.225
1595599306.65073	229.511	0.047	4.719	324.021	0.219
1595599306.65740	229.582	0.048	4.729	324.021	0.228
1595599306.67974	229.470	0.046	4.594	324.021	0.216
1595599306.68941	229.421	0.047	4.667	323.779	0.216
1595599306.72879	229.441	0.046	4.661	323.699	0.210
1595599306.74038	229.391	0.046	4.624	323.457	0.204
1595599306.75040	229.392	0.046	4.705	323.377	0.204
1595599306.78975	229.321	0.046	4.687	323.377	0.209
1595599306.79039	229.381	0.046	4.699	323.296	0.213
1595599306.82875	229.288	0.045	4.636	323.135	0.203
1595599306.86677	229.291	0.047	4.707	323.055	0.209
1595599306.86841	229.331	0.046	4.684	323.055	0.213
1595599306.90677	229.269	0.047	4.666	323.135	0.219
1595599306.90841	229.351	0.046	4.719	323.055	0.217
1595599306.90933	229.259	0.047	4.686	322.974	0.216
1595599306.94872	229.262	0.047	4.687	322.974	0.223
1595599306.96046	229.307	0.047	4.740	322.974	0.226
1595599306.99839	229.308	0.047	4.665	323.055	0.216
1595599307.00040	229.340	0.048	4.762	323.055	0.230
1595599307.01043	229.285	0.047	4.655	323.135	0.231
1595599307.04976	229.278	0.047	4.705	323.135	0.226
1595599307.06040	229.242	0.047	4.710	323.055	0.229
1595599307.07135	229.238	0.047	4.661	323.135	0.228
1595599307.10976	229.247	0.048	4.765	323.135	0.226
1595599307.11041	229.212	0.047	4.678	323.296	0.222
1595599307.14880	229.272	0.047	4.695	323.135	0.228
1595599307.19278	229.234	0.048	4.695	323.216	0.226
1595599307.19442	229.227	0.047	4.703	323.055	0.221
1595599307.23279	229.167	0.047	4.700	323.135	0.224
1595599307.23442	229.182	0.048	4.730	323.216	0.230
1595599307.23536	229.121	0.047	4.721	323.135	0.230
1595599307.26577	229.120	0.047	4.656	323.216	0.223
1595599307.30378	229.088	0.047	4.700	323.055	0.222
1595599307.30461	229.063	0.048	4.715	323.135	0.225
1595599307.34279	229.097	0.048	4.707	323.216	0.230
1595599307.34442	229.053	0.047	4.680	323.135	0.234
1595599307.38578	229.129	0.048	4.697	323.296	0.222
1595599307.38842	229.037	0.047	4.665	323.135	0.221
1595599307.39542	229.147	0.048	4.761	323.135	0.235
1595599307.43477	229.115	0.047	4.686	323.216	0.227
1595599307.43576	229.103	0.047	4.657	323.135	0.217
1595599307.47336	229.152	0.048	4.703	323.296	0.221
1595599307.47635	229.138	0.047	4.670	323.296	0.219
1595599307.48973	229.240	0.047	4.708	323.216	0.223
1595599307.52878	229.209	0.047	4.699	323.216	0.221
1595599307.53978	229.256	0.047	4.696	323.296	0.221
1595599307.54947	229.215	0.047	4.704	323.216	0.216
1595599307.59978	229.220	0.047	4.707	323.296	0.218
1595599307.63783	229.182	0.046	4.648	323.216	0.217
1595599307.65381	229.208	0.047	4.677	323.216	0.222
1595599307.69280	229.260	0.047	4.724	323.135	0.221
1595599307.70281	229.251	0.047	4.728	323.296	0.218
1595599307.71244	229.245	0.047	4.695	323.216	0.218
1595599307.75283	229.290	0.047	4.738	323.216	0.221
1595599307.75342	229.287	0.047	4.747	323.377	0.223
1595599307.79034	229.286	0.047	4.676	323.296	0.219
1595599307.80041	229.193	0.048	4.704	323.457	0.228
1595599307.83851	229.319	0.048	4.675	323.296	0.222
1595599307.84554	229.224	0.047	4.678	323.296	0.221
1595599307.88381	229.280	0.047	4.687	323.377	0.227
1595599307.88447	229.343	0.048	4.736	323.618	0.228
1595599307.93279	229.231	0.047	4.714	323.296	0.219
1595599307.93345	229.276	0.047	4.705	323.618	0.228
1595599307.97179	229.338	0.047	4.726	323.618	0.227
1595599307.97345	229.277	0.047	4.701	323.457	0.223
1595599308.01281	229.370	0.047	4.714	323.699	0.222
1595599308.02981	229.356	0.047	4.684	323.538	0.221
1595599308.06781	229.301	0.046	4.683	323.538	0.215
1595599308.07079	229.272	0.047	4.692	323.457	0.212
1595599308.10844	229.278	0.047	4.694	323.457	0.211
1595599308.12039	229.345	0.047	4.728	323.699	0.217
1595599308.15880	229.283	0.047	4.712	323.699	0.216
1595599308.15944	229.334	0.047	4.711	323.699	0.219
1595599308.19681	229.358	0.047	4.707	323.699	0.212
1595599308.19847	229.392	0.047	4.723	323.779	0.215
1595599308.24781	229.320	0.046	4.704	323.779	0.218
1595599308.24847	229.346	0.046	4.679	323.699	0.216
1595599308.24938	229.359	0.047	4.753	323.779	0.213
1595599308.28781	229.385	0.047	4.723	323.779	0.217
1595599308.29779	229.473	0.047	4.698	324.021	0.225
1595599308.31980	229.379	0.047	4.693	323.940	0.216
1595599308.33046	229.447	0.047	4.695	324.021	0.216
1595599308.36884	229.455	0.047	4.683	323.860	0.223
1595599308.38980	229.530	0.047	4.731	323.940	0.219
1595599308.42746	229.493	0.047	4.654	323.860	0.224
1595599308.43947	229.457	0.048	4.669	323.860	0.221
1595599308.45049	229.421	0.047	4.636	323.699	0.215
1595599308.49283	229.452	0.048	4.681	323.699	0.221
1595599308.50082	229.468	0.048	4.710	323.779	0.233
1595599308.51047	229.394	0.047	4.615	323.779	0.214
1595599308.54883	229.499	0.048	4.739	323.618	0.218
1595599308.55346	229.480	0.047	4.717	323.699	0.219
1595599308.59083	229.528	0.047	4.703	323.779	0.218
1595599308.62982	229.514	0.047	4.659	323.860	0.219
1595599308.63047	229.533	0.048	4.714	323.779	0.217
1595599308.64082	229.530	0.048	4.700	323.940	0.224
1595599308.67884	229.500	0.048	4.685	323.860	0.228
1595599308.67947	229.612	0.049	4.773	323.779	0.229
1595599308.68945	229.589	0.048	4.639	324.021	0.226
1595599308.72757	229.621	0.049	4.732	323.860	0.229
1595599308.72839	229.613	0.048	4.711	324.021	0.225
1595599308.76583	229.620	0.048	4.724	324.101	0.235
1595599308.77248	229.587	0.048	4.719	324.021	0.224
1595599308.80983	229.606	0.048	4.771	324.101	0.218
1595599308.81046	229.662	0.048	4.699	324.101	0.218
1595599308.84844	229.609	0.048	4.689	324.182	0.231
1595599308.85982	229.697	0.047	4.679	324.182	0.227
1595599308.87048	229.647	0.047	4.662	324.182	0.222
1595599308.90883	229.655	0.048	4.695	324.101	0.219
1595599308.91946	229.751	0.048	4.694	324.182	0.223
1595599308.93256	229.737	0.046	4.627	324.182	0.219
1595599308.97385	229.778	0.047	4.654	324.182	0.216
1595599308.97449	229.749	0.048	4.715	324.262	0.218
1595599309.01285	229.806	0.047	4.704	324.343	0.218
1595599309.05286	229.758	0.047	4.701	324.262	0.217
1595599309.05348	229.825	0.047	4.701	324.101	0.218
1595599309.09085	229.675	0.047	4.638	324.101	0.221
1595599309.09250	229.585	0.047	4.682	324.101	0.221
1595599309.12942	229.538	0.047	4.697	324.021	0.226
1595599309.13045	229.559	0.047	4.718	323.940	0.214
1595599309.16860	229.604	0.047	4.690	324.021	0.219
1595599309.17942	229.551	0.047	4.688	324.021	0.223
1595599309.21743	229.583	0.047	4.709	324.021	0.222
1595599309.21831	229.554	0.047	4.688	324.021	0.224
1595599309.22931	229.635	0.048	4.742	324.262	0.222
1595599309.26732	229.691	0.047	4.687	324.101	0.222
1595599309.27985	229.630	0.047	4.672	324.262	0.221
1595599309.29050	229.728	0.047	4.717	324.504	0.222
1595599309.32885	229.662	0.047	4.683	324.584	0.223
1595599309.36587	229.677	0.047	4.667	324.182	0.215
1595599309.36750	229.701	0.047	4.678	324.182	0.219
1595599309.36845	229.661	0.047	4.690	324.262	0.222
1595599309.40587	229.665	0.047	4.704	324.182	0.217
1595599309.40750	229.650	0.047	4.670	324.182	0.212
1595599309.44584	229.715	0.046	4.747	324.262	0.214
1595599309.45754	229.660	0.046	4.725	324.182	0.214
1595599309.47387	229.686	0.046	4.683	324.182	0.210
1595599309.51087	229.721	0.046	4.677	324.101	0.213
1595599309.51252	229.671	0.046	4.720	324.182	0.215
1595599309.54988	229.736	0.046	4.683	324.343	0.212
1595599309.55051	229.691	0.046	4.697	324.182	0.207
1595599309.58887	229.727	0.046	4.673	324.021	0.211
1595599309.59986	229.737	0.046	4.728	324.101	0.213
1595599309.60951	229.718	0.046	4.691	324.262	0.213
1595599309.64790	229.791	0.047	4.709	324.343	0.228
1595599309.66986	229.766	0.047	4.709	324.262	0.210
1595599309.70789	229.758	0.047	4.686	324.343	0.215
1595599309.70847	229.766	0.047	4.705	324.343	0.222
1595599309.74549	229.836	0.047	4.715	324.343	0.216
1595599309.76287	229.808	0.047	4.687	324.504	0.217
1595599309.77052	229.839	0.047	4.710	324.504	0.216
1595599309.81387	229.799	0.047	4.677	324.745	0.218
1595599309.84489	229.839	0.047	4.705	324.584	0.225
1595599309.86252	229.840	0.047	4.719	324.504	0.216
1595599309.90687	229.913	0.047	4.735	324.504	0.226
1595599309.90849	229.879	0.046	4.681	324.504	0.216
1595599309.91986	229.927	0.047	4.711	324.504	0.225
1595599309.92953	229.887	0.047	4.672	324.423	0.216
1595599309.96750	229.927	0.047	4.743	324.423	0.226
1595599309.98387	229.951	0.047	4.726	324.665	0.224
1595599309.99052	229.950	0.047	4.707	324.745	0.224
1595599310.02852	230.027	0.047	4.707	324.423	0.218
1595599310.03950	229.984	0.047	4.708	324.504	0.223
1595599310.05060	230.017	0.047	4.691	324.504	0.221
1595599310.08856	229.903	0.047	4.681	324.825	0.230
1595599310.08948	230.011	0.047	4.710	324.423	0.219
1595599310.12788	229.934	0.047	4.706	324.584	0.217
1595599310.14488	229.983	0.047	4.716	324.584	0.225
1595599310.15353	229.999	0.047	4.731	324.504	0.224
1595599310.19048	229.944	0.047	4.680	324.504	0.223
1595599310.19647	230.027	0.047	4.693	324.665	0.219
1595599310.23489	229.972	0.047	4.709	324.584	0.222
1595599310.24951	230.037	0.047	4.733	324.584	0.217
1595599310.28753	229.981	0.047	4.658	324.665	0.227
1595599310.28852	229.977	0.047	4.699	324.584	0.221
1595599310.28948	229.972	0.047	4.682	324.665	0.219
1595599310.32791	229.950	0.047	4.677	324.584	0.222
1595599310.36588	229.975	0.047	4.687	324.584	0.214
1595599310.37889	230.029	0.046	4.716	324.504	0.210
1595599310.40051	229.974	0.046	4.694	324.423	0.216
1595599310.44890	230.027	0.047	4.724	324.423	0.219
1595599310.44955	229.952	0.046	4.678	324.423	0.217
1595599310.45288	229.927	0.047	4.720	324.423	0.218
1595599310.49089	229.971	0.047	4.732	324.423	0.217
1595599310.49753	229.921	0.047	4.701	324.584	0.228
1595599310.53588	229.999	0.047	4.739	324.504	0.216
1595599310.53753	229.934	0.048	4.715	324.504	0.229
1595599310.57650	229.945	0.047	4.703	324.343	0.215
1595599310.61491	229.883	0.047	4.708	324.504	0.224
1595599310.61554	229.921	0.047	4.712	324.584	0.225
1595599310.64092	229.838	0.047	4.659	324.504	0.218
1595599310.67856	229.887	0.047	4.714	324.584	0.219
1595599310.68053	229.871	0.047	4.702	324.504	0.226
1595599310.71892	229.901	0.047	4.753	324.423	0.223
1595599310.71955	229.854	0.047	4.687	324.262	0.222
1595599310.74091	229.832	0.047	4.688	324.343	0.213
1595599310.75256	229.873	0.047	4.726	324.343	0.218
1595599310.79991	229.753	0.046	4.661	324.262	0.211
1595599310.81256	229.721	0.046	4.674	324.182	0.207
1595599310.85091	229.771	0.047	4.728	324.343	0.215
1595599310.85355	229.743	0.046	4.708	324.423	0.217
1595599310.89151	229.739	0.046	4.689	324.101	0.203
1595599310.93393	229.711	0.046	4.722	324.182	0.210
1595599310.93456	229.734	0.046	4.704	324.101	0.209
1595599310.94854	229.740	0.046	4.748	324.182	0.210
1595599310.98560	229.708	0.046	4.699	324.182	0.207
1595599310.98750	229.765	0.046	4.690	324.182	0.214
1595599311.00092	229.728	0.047	4.704	324.343	0.212
1595599311.03891	229.792	0.047	4.730	324.262	0.212
1595599311.04052	229.736	0.046	4.662	324.182	0.217
1595599311.05293	229.701	0.047	4.708	324.182	0.216
1595599311.08959	229.862	0.047	4.714	324.182	0.226
1595599311.10292	229.866	0.046	4.699	324.262	0.213
1595599311.11256	229.905	0.047	4.726	324.423	0.217
1595599311.14994	229.881	0.047	4.681	324.343	0.218
1595599311.18757	229.930	0.047	4.703	324.504	0.219
1595599311.18856	229.899	0.047	4.707	324.343	0.217
1595599311.20056	229.931	0.047	4.727	324.262	0.215
1595599311.23893	229.886	0.047	4.717	324.343	0.216
1595599311.23956	229.881	0.047	4.699	324.343	0.211
1595599311.26094	229.934	0.046	4.713	324.182	0.211
1595599311.29854	229.880	0.046	4.717	324.504	0.216
1595599311.29964	229.947	0.047	4.709	324.423	0.218
1595599311.32195	229.929	0.046	4.690	324.423	0.221
1595599311.33893	229.966	0.047	4.709	324.343	0.222
1595599311.37690	229.909	0.046	4.698	324.182	0.218
1595599311.37954	229.926	0.046	4.676	324.101	0.219
1595599311.39067	229.891	0.046	4.682	324.182	0.212
1595599311.42961	229.891	0.046	4.725	324.182	0.211
1595599311.43055	229.945	0.047	4.743	324.262	0.216
1595599311.46893	229.894	0.047	4.725	324.343	0.227
1595599311.48994	229.958	0.047	4.731	324.423	0.224
1595599311.49794	229.894	0.047	4.685	324.423	0.216
1595599311.54694	229.943	0.047	4.717	324.343	0.226
1595599311.54859	229.914	0.046	4.681	324.343	0.223
1595599311.54951	229.913	0.047	4.709	324.665	0.229
1595599311.58795	229.983	0.047	4.735	324.423	0.224
1595599311.59859	229.894	0.047	4.716	324.343	0.219
1595599311.63595	229.999	0.047	4.716	324.423	0.218
1595599311.64996	229.946	0.047	4.688	324.423	0.223
1595599311.68759	230.002	0.047	4.745	324.504	0.222
1595599311.68861	229.934	0.047	4.721	324.584	0.222
1595599311.72894	229.956	0.047	4.704	324.504	0.222
1595599311.72958	229.993	0.047	4.720	324.423	0.222
1595599311.74197	229.957	0.047	4.712	324.423	0.228
1595599311.77995	230.020	0.047	4.736	324.423	0.218
1595599311.78060	229.943	0.047	4.694	324.504	0.219
1595599311.80056	229.976	0.047	4.749	324.343	0.229
1595599311.81068	230.021	0.047	4.714	324.423	0.229
1595599311.84994	229.976	0.047	4.698	324.423	0.217
1595599311.86052	229.977	0.047	4.707	324.423	0.215
1595599311.89895	229.908	0.048	4.683	324.504	0.228
1595599311.89959	229.997	0.047	4.727	324.423	0.223
1595599311.93756	229.928	0.047	4.711	324.423	0.218
1595599311.93868	229.924	0.047	4.656	324.262	0.218
1595599311.98797	229.986	0.047	4.689	324.343	0.215
1595599311.98961	229.946	0.047	4.689	324.504	0.228
1595599312.00093	229.986	0.047	4.706	324.423	0.223
1595599312.01060	229.954	0.048	4.729	324.423	0.221
1595599312.04890	230.019	0.048	4.755	324.504	0.226
1595599312.06097	229.949	0.048	4.685	324.423	0.227
1595599312.07061	229.907	0.047	4.711	324.504	0.223
1595599312.10859	229.933	0.047	4.687	324.423	0.222
1595599312.12057	229.899	0.047	4.675	324.423	0.213
1595599312.13073	229.960	0.048	4.761	324.584	0.224
1595599312.17001	229.894	0.047	4.686	324.665	0.225
1595599312.18597	229.959	0.047	4.711	324.343	0.224
1595599312.19461	229.901	0.047	4.692	324.343	0.219
1595599312.23258	229.866	0.046	4.649	324.182	0.217
1595599312.24471	229.920	0.047	4.726	324.262	0.225
1595599312.28298	229.849	0.046	4.683	324.262	0.209
1595599312.29159	229.811	0.047	4.686	324.182	0.224
1595599312.29967	229.832	0.047	4.715	324.182	0.217
1595599312.32096	229.821	0.047	4.719	324.343	0.225
1595599312.36398	229.820	0.047	4.726	324.101	0.219
1595599312.36462	229.850	0.047	4.693	324.182	0.219
1595599312.38058	229.804	0.047	4.668	324.182	0.218
1595599312.39072	229.760	0.047	4.728	324.182	0.224
1595599312.42857	229.851	0.047	4.730	324.182	0.221
1595599312.44067	229.788	0.047	4.696	324.182	0.215
1595599312.45255	229.868	0.048	4.745	324.343	0.225
1595599312.49050	229.836	0.047	4.745	324.343	0.225
1595599312.50170	229.906	0.047	4.726	324.423	0.223
1595599312.51291	229.887	0.047	4.678	324.423	0.218
1595599312.54997	229.909	0.047	4.678	324.423	0.223
1595599312.55061	229.853	0.047	4.735	324.343	0.222
1595599312.58898	229.855	0.047	4.721	324.343	0.224
1595599312.60802	229.910	0.047	4.718	324.182	0.218
1595599312.61699	229.852	0.047	4.667	324.504	0.225
1595599312.65597	229.859	0.047	4.706	324.182	0.214
1595599312.66663	229.814	0.047	4.695	324.343	0.221
1595599312.67862	229.851	0.047	4.728	324.262	0.221
1595599312.71559	229.819	0.047	4.708	324.182	0.225
1595599312.72197	229.860	0.047	4.710	324.423	0.219
1595599312.75963	229.827	0.047	4.698	324.262	0.225
1595599312.76157	229.867	0.047	4.744	324.423	0.224
1595599312.77498	229.764	0.047	4.680	324.101	0.217
1595599312.81197	229.748	0.047	4.713	324.182	0.216
1595599312.82197	229.802	0.047	4.674	324.101	0.215
1595599312.83200	229.761	0.047	4.663	324.182	0.221
1595599312.87001	229.802	0.048	4.710	324.343	0.225
1595599312.87064	229.717	0.048	4.681	324.101	0.224
1595599312.90890	229.772	0.047	4.680	324.182	0.218
1595599312.92162	229.713	0.047	4.678	324.101	0.224
1595599312.93167	229.726	0.047	4.683	324.262	0.224
1595599312.96999	229.782	0.047	4.723	324.182	0.223
1595599312.97064	229.727	0.047	4.665	324.262	0.226
1595599313.00901	229.784	0.047	4.674	324.262	0.219
1595599313.04901	229.756	0.047	4.698	324.262	0.221
1595599313.08601	229.684	0.047	4.664	324.182	0.221
1595599313.08664	229.686	0.047	4.709	324.101	0.219
1595599313.09864	229.722	0.047	4.717	324.101	0.223
1595599313.11501	229.696	0.047	4.749	324.182	0.225
1595599313.15165	229.752	0.047	4.716	324.101	0.210
1595599313.15364	229.681	0.046	4.711	324.101	0.210
1595599313.19101	229.799	0.047	4.727	324.101	0.226
1595599313.19165	229.737	0.047	4.696	324.021	0.225
1595599313.22961	229.747	0.047	4.696	324.021	0.218
1595599313.24072	229.802	0.047	4.715	324.182	0.219
1595599313.27859	229.762	0.047	4.683	324.182	0.218
1595599313.28100	229.863	0.047	4.740	324.182	0.226
1595599313.29199	229.785	0.047	4.691	324.262	0.224
1595599313.33004	229.846	0.047	4.696	324.262	0.223
1595599313.35202	229.802	0.047	4.674	324.423	0.227
1595599313.39067	229.817	0.047	4.705	324.182	0.223
1595599313.42902	229.787	0.047	4.658	324.343	0.230
1595599313.42965	229.853	0.048	4.693	324.182	0.225
1595599313.44062	229.788	0.047	4.669	324.343	0.222
1595599313.47900	229.780	0.048	4.719	324.101	0.225
1595599313.47965	229.851	0.047	4.703	324.262	0.218
1595599313.49063	229.828	0.047	4.684	324.343	0.221
1595599313.52873	229.813	0.047	4.716	324.343	0.212
1595599313.52961	229.752	0.048	4.693	324.343	0.230
1595599313.56703	229.787	0.047	4.715	324.101	0.224
1595599313.57976	229.786	0.047	4.694	324.262	0.217
1595599313.61704	229.752	0.047	4.685	324.182	0.216
1595599313.61870	229.830	0.047	4.725	324.262	0.226
1595599313.64204	229.773	0.047	4.677	324.343	0.226
1595599313.65168	229.790	0.047	4.697	324.343	0.224
1595599313.69001	229.775	0.048	4.684	324.262	0.224
1595599313.69966	229.829	0.047	4.690	324.182	0.217
1595599313.71167	229.815	0.047	4.663	324.262	0.222
1595599313.74966	229.829	0.047	4.668	324.262	0.226
1595599313.76068	229.865	0.047	4.686	324.343	0.221
1595599313.77167	229.812	0.047	4.658	324.343	0.222
1595599313.81005	229.856	0.048	4.715	324.343	0.231
1595599313.83205	229.863	0.047	4.676	324.423	0.222
1595599313.86968	229.838	0.048	4.691	324.262	0.225
1595599313.90703	229.862	0.047	4.662	324.423	0.222
1595599313.90868	229.941	0.047	4.736	324.343	0.225
1595599313.92063	229.917	0.048	4.678	324.343	0.225
1595599313.96003	229.975	0.048	4.694	324.423	0.221
1595599313.96069	229.938	0.047	4.676	324.504	0.215
1595599313.98065	230.000	0.047	4.692	324.504	0.221
1595599314.01904	229.971	0.047	4.664	324.504	0.221
1595599314.01968	230.053	0.047	4.693	324.584	0.218
1595599314.04165	229.982	0.046	4.645	324.584	0.214
1595599314.05176	230.008	0.047	4.676	324.423	0.224
1595599314.09108	230.043	0.047	4.702	324.584	0.227
1595599314.09164	229.974	0.047	4.682	324.665	0.216
1595599314.13205	230.006	0.047	4.696	324.504	0.214
1595599314.13369	229.996	0.047	4.714	324.584	0.223
1595599314.17062	230.053	0.047	4.683	324.665	0.219
1595599314.17150	230.012	0.047	4.705	324.906	0.228
1595599314.21103	230.066	0.047	4.695	324.665	0.221
1595599314.21168	230.024	0.047	4.677	324.584	0.215
1595599314.25105	230.055	0.047	4.691	324.825	0.228
1595599314.25168	230.110	0.047	4.729	324.825	0.221
1595599314.28966	230.006	0.047	4.684	324.745	0.223
1595599314.32709	230.053	0.047	4.716	324.665	0.216
1595599314.32870	229.985	0.047	4.701	324.745	0.226
1595599314.32963	230.037	0.047	4.704	324.665	0.231
1595599314.36707	229.980	0.047	4.723	324.745	0.223
1595599314.36871	229.964	0.046	4.651	324.584	0.215
1595599314.40705	229.987	0.047	4.738	324.665	0.219
1595599314.41970	229.933	0.047	4.730	324.665	0.233
1595599314.45706	230.024	0.047	4.746	324.584	0.219
1595599314.45869	229.951	0.047	4.694	324.504	0.216
1595599314.49567	230.026	0.047	4.719	324.584	0.207
1595599314.49676	229.963	0.047	4.713	324.745	0.227
1595599314.53705	230.032	0.047	4.733	324.584	0.216
1595599314.53862	229.969	0.047	4.688	324.584	0.223
1595599314.56107	229.995	0.047	4.709	324.423	0.217
1595599314.61411	230.031	0.048	4.711	324.665	0.236
1595599314.61470	229.993	0.046	4.685	324.584	0.218
1595599314.61558	230.028	0.047	4.672	324.584	0.227
1595599314.65364	229.985	0.047	4.679	324.504	0.217
1595599314.65968	230.055	0.047	4.672	324.584	0.223
1595599314.68175	229.997	0.047	4.640	324.745	0.218
1595599314.70207	230.083	0.048	4.663	324.665	0.223
1595599314.74206	230.009	0.048	4.698	324.665	0.225
1595599314.77973	230.063	0.047	4.692	324.745	0.229
1595599314.78065	230.009	0.047	4.664	324.825	0.226
1595599314.81894	230.029	0.047	4.676	324.745	0.219
1595599314.81971	229.993	0.047	4.666	324.665	0.224
1595599314.84208	230.033	0.047	4.701	324.745	0.223
1595599314.88909	229.999	0.047	4.653	324.745	0.226
1595599314.89168	230.024	0.047	4.698	324.745	0.221
1595599314.91408	230.012	0.047	4.678	324.745	0.213
1595599314.91471	230.045	0.047	4.696	324.665	0.217
1595599314.95306	229.973	0.047	4.678	324.665	0.230
1595599314.95470	229.953	0.047	4.721	324.665	0.222
1595599314.99208	230.040	0.047	4.745	324.745	0.217
1595599315.00573	230.052	0.047	4.699	324.665	0.217
1595599315.01508	230.133	0.047	4.723	324.745	0.225
1595599315.05308	230.069	0.046	4.692	324.745	0.217
1595599315.06468	230.104	0.047	4.699	324.665	0.215
1595599315.07381	230.004	0.047	4.711	324.745	0.216
1595599315.11208	230.033	0.046	4.718	324.825	0.210
1595599315.14974	230.044	0.046	4.712	324.665	0.214
1595599315.15070	230.045	0.047	4.712	324.906	0.224
1595599315.16170	230.069	0.047	4.726	324.584	0.222
1595599315.17180	230.030	0.047	4.670	324.665	0.215
1595599315.21108	230.058	0.047	4.748	324.504	0.225
1595599315.21171	230.021	0.047	4.696	324.665	0.222
1595599315.25008	230.056	0.047	4.687	324.665	0.226
1595599315.25575	229.998	0.047	4.704	324.584	0.219
1595599315.29367	229.977	0.048	4.720	324.665	0.228
1595599315.29469	229.977	0.048	4.695	324.665	0.230
1595599315.33287	229.981	0.047	4.679	324.665	0.225
1595599315.33473	230.037	0.048	4.717	324.665	0.219
1595599315.37308	229.961	0.047	4.665	324.825	0.224
1595599315.37472	230.014	0.047	4.722	324.825	0.228
1595599315.41170	229.990	0.047	4.692	324.665	0.221
1595599315.41969	229.952	0.047	4.632	324.584	0.216
1595599315.45709	230.007	0.047	4.664	324.584	0.214
1595599315.45878	229.963	0.046	4.631	324.584	0.214
1595599315.48209	229.985	0.046	4.672	324.504	0.216
1595599315.52109	229.991	0.047	4.681	324.584	0.216
1595599315.54209	229.945	0.047	4.654	324.665	0.222
1595599315.55175	229.906	0.047	4.665	324.665	0.224
1595599315.59109	229.913	0.047	4.656	324.504	0.222
1595599315.59174	229.865	0.047	4.662	324.504	0.216
1595599315.63011	229.923	0.047	4.693	324.423	0.221
1595599315.64210	229.889	0.047	4.673	324.665	0.222
1595599315.65375	229.835	0.047	4.704	324.584	0.229
1595599315.69169	229.921	0.047	4.659	324.504	0.221
1595599315.70213	229.884	0.048	4.662	324.665	0.221
1595599315.71176	229.938	0.047	4.678	324.745	0.218
1595599315.75111	229.900	0.047	4.698	324.665	0.226
1595599315.75175	229.923	0.047	4.689	324.745	0.223
